2024-02-15 02:31:20.999164: E external/local_xla/xla/stream_executor/cuda/cuda_dnn.cc:9261] Unable to register cuDNN factory: Attempting to register factory for plugin cuDNN when one has already been registered
2024-02-15 02:31:20.999230: E external/local_xla/xla/stream_executor/cuda/cuda_fft.cc:607] Unable to register cuFFT factory: Attempting to register factory for plugin cuFFT when one has already been registered
2024-02-15 02:31:21.000183: E external/local_xla/xla/stream_executor/cuda/cuda_blas.cc:1515] Unable to register cuBLAS factory: Attempting to register factory for plugin cuBLAS when one has already been registered
2024-02-15 02:31:21.004730: I tensorflow/core/platform/cpu_feature_guard.cc:182] This TensorFlow binary is optimized to use available CPU instructions in performance-critical operations.
To enable the following instructions: AVX2 FMA, in other operations, rebuild TensorFlow with the appropriate compiler flags.
2024-02-15 02:31:21.787275: W tensorflow/compiler/tf2tensorrt/utils/py_utils.cc:38] TF-TRT Warning: Could not find TensorRT

Arguments:
	data_path: data/moses_train.txt
	max_len: 30
	batch: 128
	d_model: 512
	d_latent: 256
	d_ff: 1024
	e_heads: 1
	d_heads: 8
	n_layers: 6
	dropout: 0.5
	lr: 0.0005
	n_epochs: 80
	kl_type: cyclic
	kl_w_start: 0.0001
	kl_w_end: 0.0005
	kl_cycle: 4
	kl_ratio: 1.0
	save_name: klcompare

Number of data: 88192

SMILES Vocab:
	 {'<START>': 0, '<END>': 1, '<PAD>': 2, 'C': 3, 'O': 4, 'c': 5, '1': 6, '(': 7, '=': 8, ')': 9, 'N': 10, 'n': 11, '2': 12, 'F': 13, 'Cl': 14, 'Br': 15, '#': 16, '3': 17, 'S': 18, 'o': 19, '-': 20, 's': 21, '[nH]': 22, '4': 23}

Graph Vocab:
	 {'C': 0, 'O': 1, 'N': 2, 'F': 3, 'Cl': 4, 'Br': 5, 'S': 6}


KL Annealer: [0.0001  0.00012 0.00014 0.00016 0.00018 0.0002  0.00022 0.00024 0.00026
 0.00028 0.0003  0.00032 0.00034 0.00036 0.00038 0.0004  0.00042 0.00044
 0.00046 0.00048 0.0001  0.00012 0.00014 0.00016 0.00018 0.0002  0.00022
 0.00024 0.00026 0.00028 0.0003  0.00032 0.00034 0.00036 0.00038 0.0004
 0.00042 0.00044 0.00046 0.00048 0.0001  0.00012 0.00014 0.00016 0.00018
 0.0002  0.00022 0.00024 0.00026 0.00028 0.0003  0.00032 0.00034 0.00036
 0.00038 0.0004  0.00042 0.00044 0.00046 0.00048 0.0001  0.00012 0.00014
 0.00016 0.00018 0.0002  0.00022 0.00024 0.00026 0.00028 0.0003  0.00032
 0.00034 0.00036 0.00038 0.0004  0.00042 0.00044 0.00046 0.00048]




#########################################################################
######################### START TRAINING ################################
#########################################################################




{'valid': 0.6502666666666667, 'unique@1000': 0.739, 'unique@10000': 0.4228, 'FCD/Test': 22.295152986860494, 'SNN/Test': 0.5973469653648628, 'Frag/Test': 0.8664681722572213, 'Scaf/Test': 0.18886192864618412, 'FCD/TestSF': 23.402592889909855, 'SNN/TestSF': 0.5173179899430773, 'Frag/TestSF': 0.8532110894755969, 'Scaf/TestSF': 0.05060326494552747, 'IntDiv': 0.7737457306771371, 'IntDiv2': 0.7561893469481082, 'Filters': 0.9821099036292803, 'logP': 0.2914589452931684, 'SA': 0.18275783651530259, 'QED': 0.06162004148373846, 'weight': 13.46498494280333, 'Novelty': 0.9308224442736357}
Epoch: 31:
	Train Loss: 0.449 --- Reconstruction Loss: 0.438 --- KL Loss: 37.299 --- Beta: 0.000300
	Validity: 0.65% --- Uniquene@1000: 0.74% --- Unique@10000: 0.42%

{'valid': 0.6468, 'unique@1000': 0.806, 'unique@10000': 0.4951, 'FCD/Test': 22.33591260157644, 'SNN/Test': 0.6180959056822498, 'Frag/Test': 0.8991717793002282, 'Scaf/Test': 0.15097449846699484, 'FCD/TestSF': 23.055245518407432, 'SNN/TestSF': 0.5362535106224379, 'Frag/TestSF': 0.8903889269388776, 'Scaf/TestSF': 0.03154517402996315, 'IntDiv': 0.781531220744701, 'IntDiv2': 0.7664522773214005, 'Filters': 0.9911358482787054, 'logP': 0.5969559770659741, 'SA': 0.2736516837481165, 'QED': 0.04138635722185126, 'weight': 6.387317630283585, 'Novelty': 0.9280861428022048}
Epoch: 32:
	Train Loss: 0.444 --- Reconstruction Loss: 0.432 --- KL Loss: 34.985 --- Beta: 0.000320
	Validity: 0.65% --- Uniquene@1000: 0.81% --- Unique@10000: 0.50%

{'valid': 0.6463, 'unique@1000': 0.847, 'unique@10000': 0.5339, 'FCD/Test': 20.910359886156684, 'SNN/Test': 0.6087148172729091, 'Frag/Test': 0.8954033209000355, 'Scaf/Test': 0.17996454774766601, 'FCD/TestSF': 21.811416847207695, 'SNN/TestSF': 0.5154054891322886, 'Frag/TestSF': 0.8846508564424698, 'Scaf/TestSF': 0.01729029022189521, 'IntDiv': 0.7902260826949612, 'IntDiv2': 0.7757281401253106, 'Filters': 0.9886533601526639, 'logP': 0.38539194310649094, 'SA': 0.19491913216362963, 'QED': 0.035699769852178626, 'weight': 9.841334927569834, 'Novelty': 0.9302737140160453}
Epoch: 33:
	Train Loss: 0.438 --- Reconstruction Loss: 0.427 --- KL Loss: 32.945 --- Beta: 0.000340
	Validity: 0.65% --- Uniquene@1000: 0.85% --- Unique@10000: 0.53%

{'valid': 0.654, 'unique@1000': 0.876, 'unique@10000': 0.6032, 'FCD/Test': 19.706219678428013, 'SNN/Test': 0.5857475672991876, 'Frag/Test': 0.8812096926334201, 'Scaf/Test': 0.16798387353589184, 'FCD/TestSF': 20.631582548414677, 'SNN/TestSF': 0.5012718874501647, 'Frag/TestSF': 0.8689331636615515, 'Scaf/TestSF': 0.01021259765264182, 'IntDiv': 0.7958410804739965, 'IntDiv2': 0.7819141529973589, 'Filters': 0.9826197757390418, 'logP': 0.47049373370263203, 'SA': 0.13521122320723644, 'QED': 0.05236354134760113, 'weight': 8.471922911136543, 'Novelty': 0.9394734187430647}
Epoch: 34:
	Train Loss: 0.432 --- Reconstruction Loss: 0.421 --- KL Loss: 31.009 --- Beta: 0.000360
	Validity: 0.65% --- Uniquene@1000: 0.88% --- Unique@10000: 0.60%

{'valid': 0.6314333333333333, 'unique@1000': 0.899, 'unique@10000': 0.624, 'FCD/Test': 20.77607926160701, 'SNN/Test': 0.5972700230468511, 'Frag/Test': 0.8930560659483155, 'Scaf/Test': 0.17160966241876197, 'FCD/TestSF': 21.840278364856815, 'SNN/TestSF': 0.5109040882372148, 'Frag/TestSF': 0.8814728446958761, 'Scaf/TestSF': 0.027292650503282556, 'IntDiv': 0.7873068733811878, 'IntDiv2': 0.7730840104072039, 'Filters': 0.9824209470516814, 'logP': 0.406441368004578, 'SA': 0.22101187871265304, 'QED': 0.04739833949790774, 'weight': 9.45337093632338, 'Novelty': 0.9295382165605095}
Epoch: 35:
	Train Loss: 0.426 --- Reconstruction Loss: 0.415 --- KL Loss: 29.490 --- Beta: 0.000380
	Validity: 0.63% --- Uniquene@1000: 0.90% --- Unique@10000: 0.62%

{'valid': 0.6234666666666666, 'unique@1000': 0.907, 'unique@10000': 0.6482, 'FCD/Test': 16.198483551702445, 'SNN/Test': 0.5940258851230233, 'Frag/Test': 0.932000801284574, 'Scaf/Test': 0.21420725478993274, 'FCD/TestSF': 16.943130660370933, 'SNN/TestSF': 0.5217517566770774, 'Frag/TestSF': 0.9232205020394215, 'Scaf/TestSF': 0.03513765773389699, 'IntDiv': 0.8094729272683739, 'IntDiv2': 0.7975561266530785, 'Filters': 0.9825171086398631, 'logP': 0.45599169350339785, 'SA': 0.22734325187737764, 'QED': 0.028181618607531416, 'weight': 15.12447753164686, 'Novelty': 0.9180923253369014}
Epoch: 36:
	Train Loss: 0.422 --- Reconstruction Loss: 0.411 --- KL Loss: 27.882 --- Beta: 0.000400
	Validity: 0.62% --- Uniquene@1000: 0.91% --- Unique@10000: 0.65%

{'valid': 0.6598666666666666, 'unique@1000': 0.941, 'unique@10000': 0.7237, 'FCD/Test': 16.87457888738109, 'SNN/Test': 0.5873977695323586, 'Frag/Test': 0.9204918060323869, 'Scaf/Test': 0.30834457219692435, 'FCD/TestSF': 17.67860311963225, 'SNN/TestSF': 0.5260656541764772, 'Frag/TestSF': 0.9128244627992278, 'Scaf/TestSF': 0.05076195878138279, 'IntDiv': 0.8146822377653179, 'IntDiv2': 0.8031974116449345, 'Filters': 0.9867650030309153, 'logP': 0.4391837211612932, 'SA': 0.2350186853052307, 'QED': 0.018233944185814355, 'weight': 15.12477164669336, 'Novelty': 0.9265944645006017}
Epoch: 37:
	Train Loss: 0.417 --- Reconstruction Loss: 0.406 --- KL Loss: 26.677 --- Beta: 0.000420
	Validity: 0.66% --- Uniquene@1000: 0.94% --- Unique@10000: 0.72%

{'valid': 0.6214333333333333, 'unique@1000': 0.944, 'unique@10000': 0.7278, 'FCD/Test': 16.581970144284476, 'SNN/Test': 0.593809512278837, 'Frag/Test': 0.9216879476248188, 'Scaf/Test': 0.27945487850406114, 'FCD/TestSF': 17.369707994366472, 'SNN/TestSF': 0.5271506574018276, 'Frag/TestSF': 0.9124440013806769, 'Scaf/TestSF': 0.058891266194532776, 'IntDiv': 0.810794313007823, 'IntDiv2': 0.799630156059504, 'Filters': 0.9853027946146007, 'logP': 0.3825359698779928, 'SA': 0.2594532147771483, 'QED': 0.02077006431460806, 'weight': 14.928184354125248, 'Novelty': 0.9133818729600803}
Epoch: 38:
	Train Loss: 0.412 --- Reconstruction Loss: 0.401 --- KL Loss: 25.382 --- Beta: 0.000440
	Validity: 0.62% --- Uniquene@1000: 0.94% --- Unique@10000: 0.73%

{'valid': 0.4968666666666667, 'unique@1000': 0.941, 'unique@10000': 0.7519, 'FCD/Test': 16.226673749972477, 'SNN/Test': 0.5731948996286383, 'Frag/Test': 0.9218907424833005, 'Scaf/Test': 0.18987201058409142, 'FCD/TestSF': 16.934452494301034, 'SNN/TestSF': 0.5100201531408953, 'Frag/TestSF': 0.9131122674390656, 'Scaf/TestSF': 0.03842774286990902, 'IntDiv': 0.8142680212714102, 'IntDiv2': 0.8037318793380704, 'Filters': 0.977525828525426, 'logP': 0.38644160629615487, 'SA': 0.1834150715002983, 'QED': 0.025641637960752833, 'weight': 12.683719422375491, 'Novelty': 0.930303608936414}
Epoch: 39:
	Train Loss: 0.408 --- Reconstruction Loss: 0.396 --- KL Loss: 24.386 --- Beta: 0.000460
	Validity: 0.50% --- Uniquene@1000: 0.94% --- Unique@10000: 0.75%

{'valid': 0.5283666666666667, 'unique@1000': 0.95, 'unique@10000': 0.7599, 'FCD/Test': 15.414376702903645, 'SNN/Test': 0.5778385041173825, 'Frag/Test': 0.9114435609951024, 'Scaf/Test': 0.21512940835302197, 'FCD/TestSF': 15.874829701624563, 'SNN/TestSF': 0.5173370522534416, 'Frag/TestSF': 0.902952027343149, 'Scaf/TestSF': 0.03369251314021171, 'IntDiv': 0.8251496858170263, 'IntDiv2': 0.8134195049664307, 'Filters': 0.973440161504006, 'logP': 0.40717965918805465, 'SA': 0.1666184154287875, 'QED': 0.02032360758972032, 'weight': 13.032793212673065, 'Novelty': 0.9286869049757499}
Epoch: 40:
	Train Loss: 0.404 --- Reconstruction Loss: 0.392 --- KL Loss: 23.519 --- Beta: 0.000480
	Validity: 0.53% --- Uniquene@1000: 0.95% --- Unique@10000: 0.76%

{'valid': 0.5895, 'unique@1000': 0.931, 'unique@10000': 0.7168, 'FCD/Test': 16.666094946684126, 'SNN/Test': 0.5749287208359491, 'Frag/Test': 0.9306112773508819, 'Scaf/Test': 0.19875013877517345, 'FCD/TestSF': 17.49788800481543, 'SNN/TestSF': 0.5052196395685351, 'Frag/TestSF': 0.9214050295437383, 'Scaf/TestSF': 0.044637176813821844, 'IntDiv': 0.8129102399487831, 'IntDiv2': 0.8021927850235532, 'Filters': 0.974780887757987, 'logP': 0.35266595591960886, 'SA': 0.12759456994627844, 'QED': 0.018846079437784546, 'weight': 16.435718682343047, 'Novelty': 0.9374282940605418}
Epoch: 41:
	Train Loss: 0.388 --- Reconstruction Loss: 0.385 --- KL Loss: 37.512 --- Beta: 0.000100
	Validity: 0.59% --- Uniquene@1000: 0.93% --- Unique@10000: 0.72%

{'valid': 0.6862666666666667, 'unique@1000': 0.923, 'unique@10000': 0.7265, 'FCD/Test': 16.860827698081238, 'SNN/Test': 0.5600864717439005, 'Frag/Test': 0.9353479843438837, 'Scaf/Test': 0.18128722635993655, 'FCD/TestSF': 17.619748905344167, 'SNN/TestSF': 0.5031874045427097, 'Frag/TestSF': 0.926935323948813, 'Scaf/TestSF': 0.042973036078611915, 'IntDiv': 0.8203325288312102, 'IntDiv2': 0.8093458782560881, 'Filters': 0.9765397318826501, 'logP': 0.3721914913240696, 'SA': 0.13430794086345252, 'QED': 0.01458160186224582, 'weight': 22.266688692125207, 'Novelty': 0.9382077981302729}
Epoch: 42:
	Train Loss: 0.384 --- Reconstruction Loss: 0.379 --- KL Loss: 39.577 --- Beta: 0.000120
	Validity: 0.69% --- Uniquene@1000: 0.92% --- Unique@10000: 0.73%

{'valid': 0.7165333333333334, 'unique@1000': 0.943, 'unique@10000': 0.7247, 'FCD/Test': 17.06255937299276, 'SNN/Test': 0.573209532520276, 'Frag/Test': 0.9301768295502726, 'Scaf/Test': 0.20105454251212596, 'FCD/TestSF': 17.865439547459566, 'SNN/TestSF': 0.5103709077962356, 'Frag/TestSF': 0.922126413353737, 'Scaf/TestSF': 0.06328780968295622, 'IntDiv': 0.8194700020269848, 'IntDiv2': 0.8087279351688381, 'Filters': 0.9797171566803126, 'logP': 0.39373967559739675, 'SA': 0.14711356459364466, 'QED': 0.01731370372577269, 'weight': 21.67533210397891, 'Novelty': 0.9282143123647489}
Epoch: 43:
	Train Loss: 0.381 --- Reconstruction Loss: 0.375 --- KL Loss: 38.832 --- Beta: 0.000140
	Validity: 0.72% --- Uniquene@1000: 0.94% --- Unique@10000: 0.72%

{'valid': 0.6148333333333333, 'unique@1000': 0.934, 'unique@10000': 0.7214, 'FCD/Test': 16.280448061132972, 'SNN/Test': 0.5620557109654903, 'Frag/Test': 0.941946255045972, 'Scaf/Test': 0.1975047430734217, 'FCD/TestSF': 16.950448695021862, 'SNN/TestSF': 0.5000488054917155, 'Frag/TestSF': 0.9328917456701238, 'Scaf/TestSF': 0.08685261551268753, 'IntDiv': 0.8233019945939525, 'IntDiv2': 0.8130999587394615, 'Filters': 0.9721875847113038, 'logP': 0.30194616870053664, 'SA': 0.089478178357447, 'QED': 0.012752491030594861, 'weight': 22.769208336701592, 'Novelty': 0.9250191277735271}
Epoch: 44:
	Train Loss: 0.376 --- Reconstruction Loss: 0.370 --- KL Loss: 37.574 --- Beta: 0.000160
	Validity: 0.61% --- Uniquene@1000: 0.93% --- Unique@10000: 0.72%

{'valid': 0.5957666666666667, 'unique@1000': 0.931, 'unique@10000': 0.7294, 'FCD/Test': 15.497852619304524, 'SNN/Test': 0.5627752068406526, 'Frag/Test': 0.9358398877509528, 'Scaf/Test': 0.20761486156553732, 'FCD/TestSF': 16.28509517590426, 'SNN/TestSF': 0.5015121580532533, 'Frag/TestSF': 0.9265938584067025, 'Scaf/TestSF': 0.03969799929267481, 'IntDiv': 0.8211853159559181, 'IntDiv2': 0.8103991175824403, 'Filters': 0.9658143568511162, 'logP': 0.3509389158341144, 'SA': 0.11991547535717177, 'QED': 0.01565763885614082, 'weight': 20.469650714109875, 'Novelty': 0.9319017880058175}
Epoch: 45:
	Train Loss: 0.373 --- Reconstruction Loss: 0.367 --- KL Loss: 36.157 --- Beta: 0.000180
	Validity: 0.60% --- Uniquene@1000: 0.93% --- Unique@10000: 0.73%

{'valid': 0.6673, 'unique@1000': 0.952, 'unique@10000': 0.766, 'FCD/Test': 16.77264701446699, 'SNN/Test': 0.5556319611664091, 'Frag/Test': 0.9253763068052456, 'Scaf/Test': 0.18354938352426764, 'FCD/TestSF': 17.720011181027814, 'SNN/TestSF': 0.485727938502168, 'Frag/TestSF': 0.915290929505626, 'Scaf/TestSF': 0.043541074507086996, 'IntDiv': 0.8258536158376355, 'IntDiv2': 0.8144157227280329, 'Filters': 0.9802687446925421, 'logP': 0.3441118230797927, 'SA': 0.10220225807568675, 'QED': 0.008101292632943171, 'weight': 26.7392243320094, 'Novelty': 0.9385557276683633}
Epoch: 46:
	Train Loss: 0.370 --- Reconstruction Loss: 0.363 --- KL Loss: 34.697 --- Beta: 0.000200
	Validity: 0.67% --- Uniquene@1000: 0.95% --- Unique@10000: 0.77%

{'valid': 0.6779999999999999, 'unique@1000': 0.945, 'unique@10000': 0.7946, 'FCD/Test': 16.171452370856628, 'SNN/Test': 0.5505842611296221, 'Frag/Test': 0.9254468992987868, 'Scaf/Test': 0.1969135640870323, 'FCD/TestSF': 17.03911242019234, 'SNN/TestSF': 0.4855192100850823, 'Frag/TestSF': 0.9150635669577268, 'Scaf/TestSF': 0.0611671320278907, 'IntDiv': 0.8257886994014808, 'IntDiv2': 0.8146079422910526, 'Filters': 0.9757128810226156, 'logP': 0.383966326307007, 'SA': 0.09497717478315686, 'QED': 0.019806096184025596, 'weight': 24.404806502273612, 'Novelty': 0.9414674935544561}
Epoch: 47:
	Train Loss: 0.366 --- Reconstruction Loss: 0.359 --- KL Loss: 33.186 --- Beta: 0.000220
	Validity: 0.68% --- Uniquene@1000: 0.94% --- Unique@10000: 0.79%

{'valid': 0.5661666666666667, 'unique@1000': 0.953, 'unique@10000': 0.7968, 'FCD/Test': 15.479596473750846, 'SNN/Test': 0.5529571051953083, 'Frag/Test': 0.9336270382918668, 'Scaf/Test': 0.23578367428365565, 'FCD/TestSF': 16.07676249012762, 'SNN/TestSF': 0.4954703136361765, 'Frag/TestSF': 0.9249109272496935, 'Scaf/TestSF': 0.034466643366892535, 'IntDiv': 0.8315905057242869, 'IntDiv2': 0.8204826687602678, 'Filters': 0.9617898145422431, 'logP': 0.3773435998092723, 'SA': 0.08565916366118068, 'QED': 0.01271892808432581, 'weight': 23.265618522864056, 'Novelty': 0.9284916201117318}
Epoch: 48:
	Train Loss: 0.364 --- Reconstruction Loss: 0.356 --- KL Loss: 31.994 --- Beta: 0.000240
	Validity: 0.57% --- Uniquene@1000: 0.95% --- Unique@10000: 0.80%

{'valid': 0.6485666666666667, 'unique@1000': 0.957, 'unique@10000': 0.8327, 'FCD/Test': 14.439054897125558, 'SNN/Test': 0.5452594989791536, 'Frag/Test': 0.9474960306097373, 'Scaf/Test': 0.24153798325400166, 'FCD/TestSF': 15.152346574023333, 'SNN/TestSF': 0.48842086803464635, 'Frag/TestSF': 0.9383466938969295, 'Scaf/TestSF': 0.05508423506997706, 'IntDiv': 0.8344988502981865, 'IntDiv2': 0.8244230935315069, 'Filters': 0.9698309091843552, 'logP': 0.3164613117856678, 'SA': 0.05405481241073867, 'QED': 0.007829927013001588, 'weight': 28.895732742541895, 'Novelty': 0.9406169316483218}
Epoch: 49:
	Train Loss: 0.360 --- Reconstruction Loss: 0.352 --- KL Loss: 30.660 --- Beta: 0.000260
	Validity: 0.65% --- Uniquene@1000: 0.96% --- Unique@10000: 0.83%

{'valid': 0.5976666666666667, 'unique@1000': 0.961, 'unique@10000': 0.8088, 'FCD/Test': 16.147592825028752, 'SNN/Test': 0.5630402896584443, 'Frag/Test': 0.928379308425645, 'Scaf/Test': 0.24037425019937486, 'FCD/TestSF': 17.084543499505898, 'SNN/TestSF': 0.49296364917046387, 'Frag/TestSF': 0.9174618100763473, 'Scaf/TestSF': 0.05575870185394172, 'IntDiv': 0.8188982779597931, 'IntDiv2': 0.8082232961196996, 'Filters': 0.9749023982152817, 'logP': 0.30004829578791986, 'SA': 0.15040569740763463, 'QED': 0.011917484558577952, 'weight': 23.864270115901146, 'Novelty': 0.9282697239402625}
Epoch: 50:
	Train Loss: 0.358 --- Reconstruction Loss: 0.349 --- KL Loss: 29.487 --- Beta: 0.000280
	Validity: 0.60% --- Uniquene@1000: 0.96% --- Unique@10000: 0.81%

{'valid': 0.5319333333333334, 'unique@1000': 0.965, 'unique@10000': 0.8473, 'FCD/Test': 14.593103379360542, 'SNN/Test': 0.5395346217306578, 'Frag/Test': 0.9386632253664868, 'Scaf/Test': 0.2733484793885472, 'FCD/TestSF': 15.327407010144647, 'SNN/TestSF': 0.4836900359964383, 'Frag/TestSF': 0.9296633442349719, 'Scaf/TestSF': 0.06615671327869166, 'IntDiv': 0.8414017683768219, 'IntDiv2': 0.8313203205266377, 'Filters': 0.967665120942474, 'logP': 0.27174284995374676, 'SA': 0.047210992366272825, 'QED': 0.008631944978113473, 'weight': 28.987403912862394, 'Novelty': 0.9294237713926833}
Epoch: 51:
	Train Loss: 0.355 --- Reconstruction Loss: 0.346 --- KL Loss: 28.530 --- Beta: 0.000300
	Validity: 0.53% --- Uniquene@1000: 0.96% --- Unique@10000: 0.85%

{'valid': 0.6220666666666667, 'unique@1000': 0.972, 'unique@10000': 0.8449, 'FCD/Test': 15.341508096599853, 'SNN/Test': 0.5510002034929401, 'Frag/Test': 0.9054697556694629, 'Scaf/Test': 0.2264337762159344, 'FCD/TestSF': 16.241437556729252, 'SNN/TestSF': 0.4859512139763713, 'Frag/TestSF': 0.8933511631108646, 'Scaf/TestSF': 0.0519509136836398, 'IntDiv': 0.8278345624602425, 'IntDiv2': 0.817259711374362, 'Filters': 0.9695638195263101, 'logP': 0.24844324824662245, 'SA': 0.10258923986904339, 'QED': 0.021403802051937645, 'weight': 25.91699847166359, 'Novelty': 0.9337104228461061}
Epoch: 52:
	Train Loss: 0.352 --- Reconstruction Loss: 0.344 --- KL Loss: 27.568 --- Beta: 0.000320
	Validity: 0.62% --- Uniquene@1000: 0.97% --- Unique@10000: 0.84%

{'valid': 0.6571, 'unique@1000': 0.965, 'unique@10000': 0.8535, 'FCD/Test': 14.626798281415176, 'SNN/Test': 0.5517238250935524, 'Frag/Test': 0.9330299240005775, 'Scaf/Test': 0.26079659062795923, 'FCD/TestSF': 15.362495575672156, 'SNN/TestSF': 0.4908706844994414, 'Frag/TestSF': 0.9241474622494251, 'Scaf/TestSF': 0.046295494473626686, 'IntDiv': 0.835448279838769, 'IntDiv2': 0.8253977255709923, 'Filters': 0.962714959671283, 'logP': 0.2838649115497238, 'SA': 0.10559348485138056, 'QED': 0.012204086212214497, 'weight': 29.49215666762223, 'Novelty': 0.9313484887625937}
Epoch: 53:
	Train Loss: 0.350 --- Reconstruction Loss: 0.341 --- KL Loss: 26.624 --- Beta: 0.000340
	Validity: 0.66% --- Uniquene@1000: 0.96% --- Unique@10000: 0.85%

{'valid': 0.754, 'unique@1000': 0.988, 'unique@10000': 0.8975, 'FCD/Test': 14.22857283033376, 'SNN/Test': 0.5308653334190264, 'Frag/Test': 0.9464553165347259, 'Scaf/Test': 0.27653540613860794, 'FCD/TestSF': 14.781081092070565, 'SNN/TestSF': 0.4796855502561802, 'Frag/TestSF': 0.9390249742162929, 'Scaf/TestSF': 0.05608490974741431, 'IntDiv': 0.8462291481957401, 'IntDiv2': 0.8367946207791457, 'Filters': 0.9571175950486295, 'logP': 0.33421876299743647, 'SA': 0.036052143374896414, 'QED': 0.010628523264374693, 'weight': 30.072505309678775, 'Novelty': 0.9372553225719955}
Epoch: 54:
	Train Loss: 0.347 --- Reconstruction Loss: 0.338 --- KL Loss: 25.855 --- Beta: 0.000360
	Validity: 0.75% --- Uniquene@1000: 0.99% --- Unique@10000: 0.90%

{'valid': 0.6583, 'unique@1000': 0.968, 'unique@10000': 0.8603, 'FCD/Test': 14.102347530404401, 'SNN/Test': 0.5429684874976615, 'Frag/Test': 0.9507006130963273, 'Scaf/Test': 0.31871441883197504, 'FCD/TestSF': 14.71436083764663, 'SNN/TestSF': 0.4920949060102977, 'Frag/TestSF': 0.9438966763498892, 'Scaf/TestSF': 0.06553540525510382, 'IntDiv': 0.8408418844847275, 'IntDiv2': 0.8312819422137951, 'Filters': 0.95650412679123, 'logP': 0.2637221068734868, 'SA': 0.06292390996445667, 'QED': 0.01235507016493674, 'weight': 29.898824155962206, 'Novelty': 0.9249410114150883}
Epoch: 55:
	Train Loss: 0.346 --- Reconstruction Loss: 0.337 --- KL Loss: 25.085 --- Beta: 0.000380
	Validity: 0.66% --- Uniquene@1000: 0.97% --- Unique@10000: 0.86%

{'valid': 0.5638666666666667, 'unique@1000': 0.983, 'unique@10000': 0.8943, 'FCD/Test': 14.261976116990539, 'SNN/Test': 0.5275350524393146, 'Frag/Test': 0.9304846519730118, 'Scaf/Test': 0.2986121927273835, 'FCD/TestSF': 15.098548183907766, 'SNN/TestSF': 0.4733181820667489, 'Frag/TestSF': 0.921384226571367, 'Scaf/TestSF': 0.04809304057753028, 'IntDiv': 0.845191453063329, 'IntDiv2': 0.8352147658589989, 'Filters': 0.9660085126507448, 'logP': 0.21435434404702636, 'SA': 0.038618853859760036, 'QED': 0.01526215060705324, 'weight': 31.21994889352817, 'Novelty': 0.9383342602892102}
Epoch: 56:
	Train Loss: 0.343 --- Reconstruction Loss: 0.334 --- KL Loss: 24.466 --- Beta: 0.000400
	Validity: 0.56% --- Uniquene@1000: 0.98% --- Unique@10000: 0.89%

{'valid': 0.7437666666666667, 'unique@1000': 0.978, 'unique@10000': 0.8756, 'FCD/Test': 13.828446345806356, 'SNN/Test': 0.5599397440577314, 'Frag/Test': 0.9236326110188648, 'Scaf/Test': 0.3318923621660581, 'FCD/TestSF': 14.416427965221551, 'SNN/TestSF': 0.5038302242114778, 'Frag/TestSF': 0.9141445287101526, 'Scaf/TestSF': 0.048660544214933155, 'IntDiv': 0.8373449483910925, 'IntDiv2': 0.8272100546977559, 'Filters': 0.9675525478420651, 'logP': 0.35505316804125125, 'SA': 0.14847793967083314, 'QED': 0.010566542148916436, 'weight': 27.15832431133949, 'Novelty': 0.9195202600459564}
Epoch: 57:
	Train Loss: 0.341 --- Reconstruction Loss: 0.331 --- KL Loss: 23.807 --- Beta: 0.000420
	Validity: 0.74% --- Uniquene@1000: 0.98% --- Unique@10000: 0.88%

{'valid': 0.5898333333333333, 'unique@1000': 0.988, 'unique@10000': 0.912, 'FCD/Test': 13.858534786809507, 'SNN/Test': 0.5298548453884564, 'Frag/Test': 0.9240211457756294, 'Scaf/Test': 0.3247118400570974, 'FCD/TestSF': 14.635312988407478, 'SNN/TestSF': 0.4761325967037331, 'Frag/TestSF': 0.9156198579513223, 'Scaf/TestSF': 0.0534927947383389, 'IntDiv': 0.8481609930056431, 'IntDiv2': 0.8384549355152465, 'Filters': 0.9532636337948573, 'logP': 0.3373053833968086, 'SA': 0.030079343468198703, 'QED': 0.011223092299552737, 'weight': 27.455605035089203, 'Novelty': 0.9383150756390193}
Epoch: 58:
	Train Loss: 0.338 --- Reconstruction Loss: 0.328 --- KL Loss: 23.228 --- Beta: 0.000440
	Validity: 0.59% --- Uniquene@1000: 0.99% --- Unique@10000: 0.91%

{'valid': 0.6387666666666667, 'unique@1000': 0.978, 'unique@10000': 0.8863, 'FCD/Test': 14.294306283507083, 'SNN/Test': 0.5395652086113437, 'Frag/Test': 0.9288837969119632, 'Scaf/Test': 0.2739863167310399, 'FCD/TestSF': 14.906186921558593, 'SNN/TestSF': 0.48563220184167094, 'Frag/TestSF': 0.9195476999213115, 'Scaf/TestSF': 0.05609930581179834, 'IntDiv': 0.8421387464876453, 'IntDiv2': 0.8324204907075604, 'Filters': 0.9659239158795596, 'logP': 0.22944813415422807, 'SA': 0.05359934178774591, 'QED': 0.010071976253579928, 'weight': 31.02616316860347, 'Novelty': 0.9353578629032258}
Epoch: 59:
	Train Loss: 0.338 --- Reconstruction Loss: 0.327 --- KL Loss: 22.854 --- Beta: 0.000460
	Validity: 0.64% --- Uniquene@1000: 0.98% --- Unique@10000: 0.89%

{'valid': 0.5545666666666667, 'unique@1000': 0.974, 'unique@10000': 0.8996, 'FCD/Test': 14.043879871050699, 'SNN/Test': 0.5234516737647317, 'Frag/Test': 0.9273546733599423, 'Scaf/Test': 0.2932277484290171, 'FCD/TestSF': 14.590178648650479, 'SNN/TestSF': 0.4754682810445413, 'Frag/TestSF': 0.9210772080933092, 'Scaf/TestSF': 0.060306517366029655, 'IntDiv': 0.8556052060257688, 'IntDiv2': 0.8455262675206718, 'Filters': 0.9667007272945843, 'logP': 0.24985257062148597, 'SA': 0.04200454548312121, 'QED': 0.010900401363978431, 'weight': 32.05507173852506, 'Novelty': 0.9400111997760044}
Epoch: 60:
	Train Loss: 0.336 --- Reconstruction Loss: 0.326 --- KL Loss: 22.253 --- Beta: 0.000480
	Validity: 0.55% --- Uniquene@1000: 0.97% --- Unique@10000: 0.90%

{'valid': 0.6821999999999999, 'unique@1000': 0.98, 'unique@10000': 0.8633, 'FCD/Test': 14.443054109688227, 'SNN/Test': 0.5258766468892836, 'Frag/Test': 0.9359005076800841, 'Scaf/Test': 0.22822875191712289, 'FCD/TestSF': 15.132919135865208, 'SNN/TestSF': 0.47767423527262654, 'Frag/TestSF': 0.9252694244979189, 'Scaf/TestSF': 0.06728124132562951, 'IntDiv': 0.84603203997956, 'IntDiv2': 0.8362620633204726, 'Filters': 0.9557314570507183, 'logP': 0.2111873026282412, 'SA': 0.039268966562850026, 'QED': 0.007488078360320255, 'weight': 38.29523815074909, 'Novelty': 0.9377881600786869}
Epoch: 61:
	Train Loss: 0.324 --- Reconstruction Loss: 0.320 --- KL Loss: 33.456 --- Beta: 0.000100
	Validity: 0.68% --- Uniquene@1000: 0.98% --- Unique@10000: 0.86%

{'valid': 0.5634666666666667, 'unique@1000': 0.984, 'unique@10000': 0.8902, 'FCD/Test': 13.655037833525427, 'SNN/Test': 0.5115579329907076, 'Frag/Test': 0.9176561382770845, 'Scaf/Test': 0.26594278029168494, 'FCD/TestSF': 14.516273656270378, 'SNN/TestSF': 0.4626679510703258, 'Frag/TestSF': 0.9066163598745549, 'Scaf/TestSF': 0.042957385929015435, 'IntDiv': 0.8508762200628227, 'IntDiv2': 0.8411450302239553, 'Filters': 0.954448651206815, 'logP': 0.19381327251585945, 'SA': 0.06522154909746553, 'QED': 0.016857312626447185, 'weight': 39.83703124834147, 'Novelty': 0.9486965007667643}
Epoch: 62:
	Train Loss: 0.322 --- Reconstruction Loss: 0.318 --- KL Loss: 35.381 --- Beta: 0.000120
	Validity: 0.56% --- Uniquene@1000: 0.98% --- Unique@10000: 0.89%

{'valid': 0.7382333333333333, 'unique@1000': 0.979, 'unique@10000': 0.885, 'FCD/Test': 13.775944754368162, 'SNN/Test': 0.5310474619792159, 'Frag/Test': 0.9277074576286374, 'Scaf/Test': 0.2740447009295406, 'FCD/TestSF': 14.588546054436257, 'SNN/TestSF': 0.48025467735548055, 'Frag/TestSF': 0.9175505582768124, 'Scaf/TestSF': 0.07561507194445971, 'IntDiv': 0.8451353622729673, 'IntDiv2': 0.8352520070067229, 'Filters': 0.9693863728721723, 'logP': 0.24071426025511658, 'SA': 0.03288670007733821, 'QED': 0.008360590160563581, 'weight': 35.55011880788608, 'Novelty': 0.9363646495040677}
Epoch: 63:
	Train Loss: 0.321 --- Reconstruction Loss: 0.316 --- KL Loss: 34.939 --- Beta: 0.000140
	Validity: 0.74% --- Uniquene@1000: 0.98% --- Unique@10000: 0.89%

{'valid': 0.7687333333333333, 'unique@1000': 0.981, 'unique@10000': 0.9101, 'FCD/Test': 14.244914744915697, 'SNN/Test': 0.521646930608944, 'Frag/Test': 0.9142434576694493, 'Scaf/Test': 0.27626836363103946, 'FCD/TestSF': 15.136834325603623, 'SNN/TestSF': 0.4702977578440561, 'Frag/TestSF': 0.9037371196389725, 'Scaf/TestSF': 0.06729356829225952, 'IntDiv': 0.8502491373469322, 'IntDiv2': 0.8406075497788582, 'Filters': 0.9646604804440204, 'logP': 0.1904116756179812, 'SA': 0.03710929160894661, 'QED': 0.016760178943159742, 'weight': 37.143215233140275, 'Novelty': 0.9433602801091602}
Epoch: 64:
	Train Loss: 0.319 --- Reconstruction Loss: 0.314 --- KL Loss: 33.875 --- Beta: 0.000160
	Validity: 0.77% --- Uniquene@1000: 0.98% --- Unique@10000: 0.91%

{'valid': 0.7869666666666667, 'unique@1000': 0.977, 'unique@10000': 0.8894, 'FCD/Test': 13.739958043075958, 'SNN/Test': 0.5404924402695316, 'Frag/Test': 0.931098143838183, 'Scaf/Test': 0.2506515883807693, 'FCD/TestSF': 14.50427429611446, 'SNN/TestSF': 0.4871139070874748, 'Frag/TestSF': 0.9200133620757854, 'Scaf/TestSF': 0.0593536254565199, 'IntDiv': 0.8419749148648759, 'IntDiv2': 0.8320508808672505, 'Filters': 0.9702232199584904, 'logP': 0.2068885547263801, 'SA': 0.0638161316838058, 'QED': 0.015263026080271325, 'weight': 37.82463888018396, 'Novelty': 0.9346610213789138}
Epoch: 65:
	Train Loss: 0.318 --- Reconstruction Loss: 0.312 --- KL Loss: 32.979 --- Beta: 0.000180
	Validity: 0.79% --- Uniquene@1000: 0.98% --- Unique@10000: 0.89%

{'valid': 0.5556333333333333, 'unique@1000': 0.988, 'unique@10000': 0.8941, 'FCD/Test': 13.75011074134256, 'SNN/Test': 0.5195713125947455, 'Frag/Test': 0.9135384377141306, 'Scaf/Test': 0.25378571621756774, 'FCD/TestSF': 14.465440082557897, 'SNN/TestSF': 0.4708280533988415, 'Frag/TestSF': 0.9028686724623909, 'Scaf/TestSF': 0.0577352128323565, 'IntDiv': 0.8549554738151819, 'IntDiv2': 0.844977036214368, 'Filters': 0.9667046613474114, 'logP': 0.2828386520369844, 'SA': 0.03117356795673208, 'QED': 0.004596715532101447, 'weight': 39.385388181370985, 'Novelty': 0.9325399619745088}
Epoch: 66:
	Train Loss: 0.316 --- Reconstruction Loss: 0.309 --- KL Loss: 31.980 --- Beta: 0.000200
	Validity: 0.56% --- Uniquene@1000: 0.99% --- Unique@10000: 0.89%

{'valid': 0.6743666666666667, 'unique@1000': 0.986, 'unique@10000': 0.9032, 'FCD/Test': 14.400115607742002, 'SNN/Test': 0.51647130997322, 'Frag/Test': 0.9171596930092053, 'Scaf/Test': 0.27276095144659807, 'FCD/TestSF': 15.057471574510927, 'SNN/TestSF': 0.4704181971207521, 'Frag/TestSF': 0.9088064756879157, 'Scaf/TestSF': 0.07837980713673909, 'IntDiv': 0.8529585323113261, 'IntDiv2': 0.8432049901684704, 'Filters': 0.9633730413721516, 'logP': 0.2942134836488896, 'SA': 0.013136878027219549, 'QED': 0.014313908395222974, 'weight': 33.66050293944444, 'Novelty': 0.9439934590901127}
Epoch: 67:
	Train Loss: 0.314 --- Reconstruction Loss: 0.308 --- KL Loss: 30.856 --- Beta: 0.000220
	Validity: 0.67% --- Uniquene@1000: 0.99% --- Unique@10000: 0.90%

{'valid': 0.5312666666666667, 'unique@1000': 0.987, 'unique@10000': 0.8873, 'FCD/Test': 14.083229920502319, 'SNN/Test': 0.5195292809131768, 'Frag/Test': 0.938044828062353, 'Scaf/Test': 0.2318432645077615, 'FCD/TestSF': 14.861532805017994, 'SNN/TestSF': 0.4694071802688013, 'Frag/TestSF': 0.9286087715588481, 'Scaf/TestSF': 0.0480785114050577, 'IntDiv': 0.8495188393338154, 'IntDiv2': 0.8395311217278077, 'Filters': 0.9531308821684026, 'logP': 0.19847226626440984, 'SA': 0.04685038081723768, 'QED': 0.005643257951939932, 'weight': 33.87862155308173, 'Novelty': 0.9382287822878229}
Epoch: 68:
	Train Loss: 0.313 --- Reconstruction Loss: 0.306 --- KL Loss: 30.042 --- Beta: 0.000240
	Validity: 0.53% --- Uniquene@1000: 0.99% --- Unique@10000: 0.89%

{'valid': 0.8113, 'unique@1000': 0.995, 'unique@10000': 0.9179, 'FCD/Test': 14.21557579229001, 'SNN/Test': 0.5241649493693257, 'Frag/Test': 0.905998168435228, 'Scaf/Test': 0.319740476109142, 'FCD/TestSF': 15.033627923683305, 'SNN/TestSF': 0.47102316688593004, 'Frag/TestSF': 0.8965258812052087, 'Scaf/TestSF': 0.05926250059952087, 'IntDiv': 0.8528018807380782, 'IntDiv2': 0.8426980575049894, 'Filters': 0.9677061506224578, 'logP': 0.2828967062865042, 'SA': 0.02440939171690251, 'QED': 0.01822205212749655, 'weight': 36.183147766661364, 'Novelty': 0.9371057067180352}
Epoch: 69:
	Train Loss: 0.312 --- Reconstruction Loss: 0.305 --- KL Loss: 29.079 --- Beta: 0.000260
	Validity: 0.81% --- Uniquene@1000: 0.99% --- Unique@10000: 0.92%

{'valid': 0.5182666666666667, 'unique@1000': 0.976, 'unique@10000': 0.9077, 'FCD/Test': 13.828246279446503, 'SNN/Test': 0.511998602611058, 'Frag/Test': 0.9164422203984118, 'Scaf/Test': 0.22614810304520794, 'FCD/TestSF': 14.656257513806011, 'SNN/TestSF': 0.4617258469344857, 'Frag/TestSF': 0.904464900899792, 'Scaf/TestSF': 0.04249324726837156, 'IntDiv': 0.8530501248029644, 'IntDiv2': 0.843225722079227, 'Filters': 0.9572292256238745, 'logP': 0.18071293252469559, 'SA': 0.06963632346655696, 'QED': 0.014698775062862768, 'weight': 34.658005654099306, 'Novelty': 0.9429389733421458}
Epoch: 70:
	Train Loss: 0.310 --- Reconstruction Loss: 0.302 --- KL Loss: 28.188 --- Beta: 0.000280
	Validity: 0.52% --- Uniquene@1000: 0.98% --- Unique@10000: 0.91%

{'valid': 0.7075333333333333, 'unique@1000': 0.988, 'unique@10000': 0.9238, 'FCD/Test': 13.61450727393111, 'SNN/Test': 0.5206605772480185, 'Frag/Test': 0.9080112586224187, 'Scaf/Test': 0.29026661393619224, 'FCD/TestSF': 14.373778270552947, 'SNN/TestSF': 0.4703897163594835, 'Frag/TestSF': 0.898681664338237, 'Scaf/TestSF': 0.05411692382352051, 'IntDiv': 0.8525318810841108, 'IntDiv2': 0.8428564837819135, 'Filters': 0.9672571374729105, 'logP': 0.24571752966575972, 'SA': 0.024816033592575237, 'QED': 0.026102889930950102, 'weight': 35.59814517407515, 'Novelty': 0.9384623725872913}
Epoch: 71:
	Train Loss: 0.310 --- Reconstruction Loss: 0.302 --- KL Loss: 27.497 --- Beta: 0.000300
	Validity: 0.71% --- Uniquene@1000: 0.99% --- Unique@10000: 0.92%

{'valid': 0.5077333333333334, 'unique@1000': 0.985, 'unique@10000': 0.9072, 'FCD/Test': 13.794679086884699, 'SNN/Test': 0.5200067289670569, 'Frag/Test': 0.9122234582408655, 'Scaf/Test': 0.263442626560068, 'FCD/TestSF': 14.350439460603887, 'SNN/TestSF': 0.47567090958341207, 'Frag/TestSF': 0.9052908917372713, 'Scaf/TestSF': 0.07852613160654942, 'IntDiv': 0.8511438748905675, 'IntDiv2': 0.8413839664423964, 'Filters': 0.9667804621848739, 'logP': 0.3460202227748162, 'SA': 0.021701362051089853, 'QED': 0.008942922075056902, 'weight': 31.778303130841735, 'Novelty': 0.9386030511516602}
Epoch: 72:
	Train Loss: 0.308 --- Reconstruction Loss: 0.299 --- KL Loss: 26.718 --- Beta: 0.000320
	Validity: 0.51% --- Uniquene@1000: 0.98% --- Unique@10000: 0.91%

{'valid': 0.5946333333333333, 'unique@1000': 0.983, 'unique@10000': 0.9051, 'FCD/Test': 13.429181910397382, 'SNN/Test': 0.5175313503151551, 'Frag/Test': 0.9238926949256356, 'Scaf/Test': 0.23657289761063494, 'FCD/TestSF': 14.114206989047076, 'SNN/TestSF': 0.4687934091875482, 'Frag/TestSF': 0.914515064208081, 'Scaf/TestSF': 0.04855421691711914, 'IntDiv': 0.8540512425132764, 'IntDiv2': 0.8441762421860577, 'Filters': 0.9568922024777173, 'logP': 0.15832862935395675, 'SA': 0.045325331298496224, 'QED': 0.012565584334489465, 'weight': 37.09618869768642, 'Novelty': 0.9447174447174447}
Epoch: 73:
	Train Loss: 0.307 --- Reconstruction Loss: 0.298 --- KL Loss: 26.085 --- Beta: 0.000340
	Validity: 0.59% --- Uniquene@1000: 0.98% --- Unique@10000: 0.91%

{'valid': 0.7497, 'unique@1000': 0.986, 'unique@10000': 0.9202, 'FCD/Test': 13.900342161140387, 'SNN/Test': 0.5290255671107251, 'Frag/Test': 0.8989567157289929, 'Scaf/Test': 0.28568286928462605, 'FCD/TestSF': 14.625191522814397, 'SNN/TestSF': 0.47901234907925005, 'Frag/TestSF': 0.8903121897855174, 'Scaf/TestSF': 0.08771355912284973, 'IntDiv': 0.8482573155347826, 'IntDiv2': 0.8385891681921465, 'Filters': 0.9640300564670312, 'logP': 0.22389524158581128, 'SA': 0.033468381086228065, 'QED': 0.007753305051821342, 'weight': 34.26887571336632, 'Novelty': 0.9321691366981034}
Epoch: 74:
	Train Loss: 0.306 --- Reconstruction Loss: 0.297 --- KL Loss: 25.450 --- Beta: 0.000360
	Validity: 0.75% --- Uniquene@1000: 0.99% --- Unique@10000: 0.92%

{'valid': 0.7355666666666667, 'unique@1000': 0.991, 'unique@10000': 0.9464, 'FCD/Test': 13.014944969511404, 'SNN/Test': 0.5207298681475555, 'Frag/Test': 0.9230525338402106, 'Scaf/Test': 0.3232548495644296, 'FCD/TestSF': 13.81821781356684, 'SNN/TestSF': 0.4714901415085811, 'Frag/TestSF': 0.9156778102574459, 'Scaf/TestSF': 0.06805196590589369, 'IntDiv': 0.8527150246167938, 'IntDiv2': 0.8436038775809735, 'Filters': 0.9674627271491367, 'logP': 0.30709848528309425, 'SA': 0.023040866935429227, 'QED': 0.012984452614485461, 'weight': 34.04576328549958, 'Novelty': 0.937158332915392}
Epoch: 75:
	Train Loss: 0.305 --- Reconstruction Loss: 0.296 --- KL Loss: 24.898 --- Beta: 0.000380
	Validity: 0.74% --- Uniquene@1000: 0.99% --- Unique@10000: 0.95%

{'valid': 0.6255, 'unique@1000': 0.994, 'unique@10000': 0.939, 'FCD/Test': 13.651927171297274, 'SNN/Test': 0.5034012916975583, 'Frag/Test': 0.9078478437886577, 'Scaf/Test': 0.26901512993058363, 'FCD/TestSF': 14.266550276952366, 'SNN/TestSF': 0.4590797182935859, 'Frag/TestSF': 0.9008163227954114, 'Scaf/TestSF': 0.05086073032996208, 'IntDiv': 0.8574718372712287, 'IntDiv2': 0.8482235198091703, 'Filters': 0.9544364508393285, 'logP': 0.26734210390314694, 'SA': 0.09642578062916503, 'QED': 0.007986667743669332, 'weight': 30.211810777263857, 'Novelty': 0.9469960497612169}
Epoch: 76:
	Train Loss: 0.303 --- Reconstruction Loss: 0.293 --- KL Loss: 24.296 --- Beta: 0.000400
	Validity: 0.63% --- Uniquene@1000: 0.99% --- Unique@10000: 0.94%

{'valid': 0.5746666666666667, 'unique@1000': 0.993, 'unique@10000': 0.9392, 'FCD/Test': 12.962088400329073, 'SNN/Test': 0.5085989664211489, 'Frag/Test': 0.915721331464787, 'Scaf/Test': 0.2850983360938979, 'FCD/TestSF': 13.813302265197123, 'SNN/TestSF': 0.4597738738221456, 'Frag/TestSF': 0.9063397533001368, 'Scaf/TestSF': 0.07354160497794593, 'IntDiv': 0.8566347554809652, 'IntDiv2': 0.8469340716559725, 'Filters': 0.9562064965197216, 'logP': 0.15415322370331566, 'SA': 0.07697937777735886, 'QED': 0.018501177924286967, 'weight': 35.47442831161915, 'Novelty': 0.9460602178090968}
Epoch: 77:
	Train Loss: 0.302 --- Reconstruction Loss: 0.292 --- KL Loss: 23.743 --- Beta: 0.000420
	Validity: 0.57% --- Uniquene@1000: 0.99% --- Unique@10000: 0.94%

{'valid': 0.6515333333333333, 'unique@1000': 0.996, 'unique@10000': 0.9465, 'FCD/Test': 14.06881750097238, 'SNN/Test': 0.5043409500378956, 'Frag/Test': 0.9084874906462596, 'Scaf/Test': 0.3299219812324593, 'FCD/TestSF': 14.87532144941136, 'SNN/TestSF': 0.4547311323887858, 'Frag/TestSF': 0.8997616449391411, 'Scaf/TestSF': 0.07559034080883009, 'IntDiv': 0.856257999051862, 'IntDiv2': 0.8466571451847553, 'Filters': 0.9620382686994782, 'logP': 0.24056897454150336, 'SA': 0.08835402764420047, 'QED': 0.011493976446623913, 'weight': 29.66419769318178, 'Novelty': 0.9459550942118922}
Epoch: 78:
	Train Loss: 0.301 --- Reconstruction Loss: 0.291 --- KL Loss: 23.270 --- Beta: 0.000440
	Validity: 0.65% --- Uniquene@1000: 1.00% --- Unique@10000: 0.95%

{'valid': 0.6759, 'unique@1000': 0.989, 'unique@10000': 0.9359, 'FCD/Test': 12.825181887678106, 'SNN/Test': 0.5279795164302555, 'Frag/Test': 0.9288323137988922, 'Scaf/Test': 0.34238825162924647, 'FCD/TestSF': 13.611469659156008, 'SNN/TestSF': 0.47897510471802324, 'Frag/TestSF': 0.9199055581052801, 'Scaf/TestSF': 0.10158192874575134, 'IntDiv': 0.8505451735347727, 'IntDiv2': 0.8410649302910815, 'Filters': 0.9638013512847068, 'logP': 0.2151098933976714, 'SA': 0.022045364429550674, 'QED': 0.010547022331221964, 'weight': 30.447706272508043, 'Novelty': 0.9348942514771661}
Epoch: 79:
	Train Loss: 0.300 --- Reconstruction Loss: 0.289 --- KL Loss: 22.880 --- Beta: 0.000460
	Validity: 0.68% --- Uniquene@1000: 0.99% --- Unique@10000: 0.94%

{'valid': 0.6047333333333333, 'unique@1000': 0.993, 'unique@10000': 0.9451, 'FCD/Test': 13.68552526548283, 'SNN/Test': 0.5146549290255338, 'Frag/Test': 0.9186826028645346, 'Scaf/Test': 0.31822379655489375, 'FCD/TestSF': 14.37549083819684, 'SNN/TestSF': 0.468950196726098, 'Frag/TestSF': 0.911513461507392, 'Scaf/TestSF': 0.0698677605003849, 'IntDiv': 0.8560666763331694, 'IntDiv2': 0.8464316509381778, 'Filters': 0.9534229963620329, 'logP': 0.3613270493106356, 'SA': 0.0433273573955524, 'QED': 0.009164869579758515, 'weight': 29.36379781683656, 'Novelty': 0.9422545367143372}
Epoch: 80:
	Train Loss: 0.298 --- Reconstruction Loss: 0.288 --- KL Loss: 22.390 --- Beta: 0.000480
	Validity: 0.60% --- Uniquene@1000: 0.99% --- Unique@10000: 0.95%

