2024-02-15 02:31:21.109024: E external/local_xla/xla/stream_executor/cuda/cuda_dnn.cc:9261] Unable to register cuDNN factory: Attempting to register factory for plugin cuDNN when one has already been registered
2024-02-15 02:31:21.109078: E external/local_xla/xla/stream_executor/cuda/cuda_fft.cc:607] Unable to register cuFFT factory: Attempting to register factory for plugin cuFFT when one has already been registered
2024-02-15 02:31:21.109995: E external/local_xla/xla/stream_executor/cuda/cuda_blas.cc:1515] Unable to register cuBLAS factory: Attempting to register factory for plugin cuBLAS when one has already been registered
2024-02-15 02:31:21.114455: I tensorflow/core/platform/cpu_feature_guard.cc:182] This TensorFlow binary is optimized to use available CPU instructions in performance-critical operations.
To enable the following instructions: AVX2 FMA, in other operations, rebuild TensorFlow with the appropriate compiler flags.
2024-02-15 02:31:21.910892: W tensorflow/compiler/tf2tensorrt/utils/py_utils.cc:38] TF-TRT Warning: Could not find TensorRT

Arguments:
	data_path: data/moses_train.txt
	max_len: 30
	batch: 128
	d_model: 512
	d_latent: 256
	d_ff: 1024
	e_heads: 1
	d_heads: 8
	n_layers: 8
	dropout: 0.5
	lr: 0.0005
	n_epochs: 60
	kl_type: monotonic
	kl_w_start: 0.0001
	kl_w_end: 0.0005
	kl_cycle: 4
	kl_ratio: 0.9
	save_name: klcompare

Number of data: 88192

SMILES Vocab:
	 {'<START>': 0, '<END>': 1, '<PAD>': 2, 'C': 3, 'O': 4, 'c': 5, '1': 6, '(': 7, '=': 8, ')': 9, 'N': 10, 'n': 11, '2': 12, 'F': 13, 'Cl': 14, 'Br': 15, '#': 16, '3': 17, 'S': 18, 'o': 19, '-': 20, 's': 21, '[nH]': 22, '4': 23}

Graph Vocab:
	 {'C': 0, 'O': 1, 'N': 2, 'F': 3, 'Cl': 4, 'Br': 5, 'S': 6}


KL Annealer: [0.0001, 0.00010666666666666667, 0.00011333333333333334, 0.00012, 0.00012666666666666666, 0.00013333333333333334, 0.00014, 0.00014666666666666666, 0.00015333333333333334, 0.00016, 0.0001666666666666667, 0.00017333333333333334, 0.00017999999999999998, 0.0001866666666666667, 0.00019333333333333333, 0.0002, 0.00020666666666666668, 0.00021333333333333333, 0.00022, 0.00022666666666666668, 0.00023333333333333333, 0.00023999999999999998, 0.0002466666666666667, 0.00025333333333333333, 0.00026, 0.0002666666666666667, 0.00027333333333333333, 0.00028000000000000003, 0.0002866666666666667, 0.0002933333333333333, 0.00030000000000000003, 0.0003066666666666667, 0.0003133333333333333, 0.00032, 0.0003266666666666667, 0.0003333333333333333, 0.00034, 0.00034666666666666667, 0.0003533333333333333, 0.00035999999999999997, 0.00036666666666666667, 0.0003733333333333333, 0.00037999999999999997, 0.00038666666666666667, 0.0003933333333333333, 0.00039999999999999996, 0.00040666666666666667, 0.0004133333333333333, 0.00041999999999999996, 0.00042666666666666667, 0.0004333333333333333, 0.00044, 0.00044666666666666666, 0.0004533333333333333, 0.00046, 0.00046666666666666666, 0.0004733333333333333, 0.00048, 0.00048666666666666666, 0.0004933333333333334]




#########################################################################
######################### START TRAINING ################################
#########################################################################




{'valid': 0.5220666666666667, 'unique@1000': 0.392, 'unique@10000': 0.1356, 'FCD/Test': 30.811310692474123, 'SNN/Test': 0.636895455658824, 'Frag/Test': 0.8534047074337514, 'Scaf/Test': 0.11046249168790134, 'FCD/TestSF': 32.055843613193524, 'SNN/TestSF': 0.5441483572370902, 'Frag/TestSF': 0.8424881236354392, 'Scaf/TestSF': 0.004619526089066905, 'IntDiv': 0.7504672194097748, 'IntDiv2': 0.7136710901355532, 'Filters': 0.9955305835780871, 'logP': 0.39767784594861183, 'SA': 0.47902286438888575, 'QED': 0.055968416585815695, 'weight': 6.947737845760756, 'Novelty': 0.9085475194261805}
Epoch: 31:
	Train Loss: 0.505 --- Reconstruction Loss: 0.483 --- KL Loss: 75.386 --- Beta: 0.000300
	Validity: 0.52% --- Uniquene@1000: 0.39% --- Unique@10000: 0.14%

{'valid': 0.7103999999999999, 'unique@1000': 0.38, 'unique@10000': 0.1499, 'FCD/Test': 33.0322983802411, 'SNN/Test': 0.6779401310965665, 'Frag/Test': 0.82675029202277, 'Scaf/Test': 0.1906070053022182, 'FCD/TestSF': 34.67288952623387, 'SNN/TestSF': 0.5337538886689455, 'Frag/TestSF': 0.8147076795535235, 'Scaf/TestSF': 0.033296342742895724, 'IntDiv': 0.6686113374476985, 'IntDiv2': 0.6389461228062895, 'Filters': 0.997043918918919, 'logP': 0.26461847736083843, 'SA': 0.5224890385610388, 'QED': 0.06748094629801354, 'weight': 11.40313263789406, 'Novelty': 0.8748299319727891}
Epoch: 32:
	Train Loss: 0.494 --- Reconstruction Loss: 0.475 --- KL Loss: 63.733 --- Beta: 0.000307
	Validity: 0.71% --- Uniquene@1000: 0.38% --- Unique@10000: 0.15%

{'valid': 0.8053, 'unique@1000': 0.398, 'unique@10000': 0.1742, 'FCD/Test': 33.35702083361282, 'SNN/Test': 0.6357027192503427, 'Frag/Test': 0.8132643713222876, 'Scaf/Test': 0.13466438078197673, 'FCD/TestSF': 34.74553021280562, 'SNN/TestSF': 0.524283486556087, 'Frag/TestSF': 0.8017382859415395, 'Scaf/TestSF': 0.01043935069748314, 'IntDiv': 0.6724253507239256, 'IntDiv2': 0.6416311274244287, 'Filters': 0.9978475930295128, 'logP': 0.24130084652407538, 'SA': 0.4821772638736843, 'QED': 0.08532986164922375, 'weight': 8.918309240771833, 'Novelty': 0.9033333333333333}
Epoch: 33:
	Train Loss: 0.486 --- Reconstruction Loss: 0.468 --- KL Loss: 57.921 --- Beta: 0.000313
	Validity: 0.81% --- Uniquene@1000: 0.40% --- Unique@10000: 0.17%

{'valid': 0.6097, 'unique@1000': 0.478, 'unique@10000': 0.2066, 'FCD/Test': 29.036087566323808, 'SNN/Test': 0.6494716960985869, 'Frag/Test': 0.8392497508859643, 'Scaf/Test': 0.2197917705255552, 'FCD/TestSF': 30.59665899464445, 'SNN/TestSF': 0.5159913161148831, 'Frag/TestSF': 0.8253505170852259, 'Scaf/TestSF': 0.006297179597901659, 'IntDiv': 0.7027441026792272, 'IntDiv2': 0.6763484955753677, 'Filters': 0.9958449510688316, 'logP': 0.297885446394355, 'SA': 0.43699948529087884, 'QED': 0.0736236191714456, 'weight': 7.621561371631624, 'Novelty': 0.9083916083916084}
Epoch: 34:
	Train Loss: 0.477 --- Reconstruction Loss: 0.459 --- KL Loss: 54.317 --- Beta: 0.000320
	Validity: 0.61% --- Uniquene@1000: 0.48% --- Unique@10000: 0.21%

{'valid': 0.7059666666666666, 'unique@1000': 0.536, 'unique@10000': 0.244, 'FCD/Test': 26.144863756700374, 'SNN/Test': 0.6358807693783974, 'Frag/Test': 0.8567052022179337, 'Scaf/Test': 0.21191314238372083, 'FCD/TestSF': 27.661838112345592, 'SNN/TestSF': 0.536588172985151, 'Frag/TestSF': 0.844522911382644, 'Scaf/TestSF': 0.02081305584932025, 'IntDiv': 0.7470259074406724, 'IntDiv2': 0.7242687479407406, 'Filters': 0.9941451437744936, 'logP': 0.2785375219719173, 'SA': 0.4648072035050235, 'QED': 0.059356499585417465, 'weight': 8.287056401541347, 'Novelty': 0.8964285714285715}
Epoch: 35:
	Train Loss: 0.466 --- Reconstruction Loss: 0.450 --- KL Loss: 51.039 --- Beta: 0.000327
	Validity: 0.71% --- Uniquene@1000: 0.54% --- Unique@10000: 0.24%

{'valid': 0.6675666666666666, 'unique@1000': 0.608, 'unique@10000': 0.2684, 'FCD/Test': 27.313918601352093, 'SNN/Test': 0.6240878978794093, 'Frag/Test': 0.837789423519467, 'Scaf/Test': 0.18327418524224626, 'FCD/TestSF': 28.953685871129366, 'SNN/TestSF': 0.5113965974977527, 'Frag/TestSF': 0.821687134765257, 'Scaf/TestSF': 0.010418446619652855, 'IntDiv': 0.7531169640411229, 'IntDiv2': 0.7324351243666065, 'Filters': 0.9890148299795276, 'logP': 0.42725147491141924, 'SA': 0.35183521695859515, 'QED': 0.07715709496588366, 'weight': 6.577377924191871, 'Novelty': 0.920606372045221}
Epoch: 36:
	Train Loss: 0.458 --- Reconstruction Loss: 0.442 --- KL Loss: 48.800 --- Beta: 0.000333
	Validity: 0.67% --- Uniquene@1000: 0.61% --- Unique@10000: 0.27%

{'valid': 0.4178666666666667, 'unique@1000': 0.572, 'unique@10000': 0.2369, 'FCD/Test': 27.683218530480403, 'SNN/Test': 0.6295948467147848, 'Frag/Test': 0.8385163221647302, 'Scaf/Test': 0.08744678359903757, 'FCD/TestSF': 29.28971710583322, 'SNN/TestSF': 0.5049927944903474, 'Frag/TestSF': 0.8250338689874724, 'Scaf/TestSF': 0.008825551337828919, 'IntDiv': 0.738585861609873, 'IntDiv2': 0.7197508723037956, 'Filters': 0.9814932992980216, 'logP': 0.48305779468767657, 'SA': 0.2613067499092492, 'QED': 0.08832289949591843, 'weight': 4.985233236767506, 'Novelty': 0.9215539783339559}
Epoch: 37:
	Train Loss: 0.449 --- Reconstruction Loss: 0.433 --- KL Loss: 47.091 --- Beta: 0.000340
	Validity: 0.42% --- Uniquene@1000: 0.57% --- Unique@10000: 0.24%

{'valid': 0.7006666666666667, 'unique@1000': 0.678, 'unique@10000': 0.3339, 'FCD/Test': 21.87514970237595, 'SNN/Test': 0.6262126467753375, 'Frag/Test': 0.9265123247261593, 'Scaf/Test': 0.20483111445424373, 'FCD/TestSF': 23.06173948571916, 'SNN/TestSF': 0.5370917882398125, 'Frag/TestSF': 0.9157562486429385, 'Scaf/TestSF': 0.014561608161227868, 'IntDiv': 0.7852764952659897, 'IntDiv2': 0.7668484912715913, 'Filters': 0.989105613701237, 'logP': 0.5738608452789516, 'SA': 0.35342352243023634, 'QED': 0.021802447022192202, 'weight': 8.197277025350495, 'Novelty': 0.9053220208252989}
Epoch: 38:
	Train Loss: 0.440 --- Reconstruction Loss: 0.424 --- KL Loss: 44.800 --- Beta: 0.000347
	Validity: 0.70% --- Uniquene@1000: 0.68% --- Unique@10000: 0.33%

{'valid': 0.6296666666666666, 'unique@1000': 0.703, 'unique@10000': 0.3792, 'FCD/Test': 22.190236315100037, 'SNN/Test': 0.6303590384203016, 'Frag/Test': 0.8978320118051569, 'Scaf/Test': 0.2969311011633098, 'FCD/TestSF': 23.419690769125694, 'SNN/TestSF': 0.5401177975410756, 'Frag/TestSF': 0.885140569292272, 'Scaf/TestSF': 0.038259294068734184, 'IntDiv': 0.7754578418978634, 'IntDiv2': 0.7598085071519292, 'Filters': 0.9879830598200106, 'logP': 0.5378774438094402, 'SA': 0.35297322283585686, 'QED': 0.03536360048064175, 'weight': 6.61035146188146, 'Novelty': 0.9033919374889007}
Epoch: 39:
	Train Loss: 0.431 --- Reconstruction Loss: 0.416 --- KL Loss: 43.176 --- Beta: 0.000353
	Validity: 0.63% --- Uniquene@1000: 0.70% --- Unique@10000: 0.38%

{'valid': 0.5811666666666666, 'unique@1000': 0.694, 'unique@10000': 0.3647, 'FCD/Test': 23.490925249759584, 'SNN/Test': 0.6144965315295866, 'Frag/Test': 0.8446378909991216, 'Scaf/Test': 0.157205762047413, 'FCD/TestSF': 25.042047855883673, 'SNN/TestSF': 0.5116184203782668, 'Frag/TestSF': 0.8285301692474916, 'Scaf/TestSF': 0.03738716601527814, 'IntDiv': 0.7652566703694683, 'IntDiv2': 0.7490405050547607, 'Filters': 0.9886435331230284, 'logP': 0.22042328746316775, 'SA': 0.19093706373214164, 'QED': 0.07316732705979331, 'weight': 10.888175117062, 'Novelty': 0.9146435452793834}
Epoch: 40:
	Train Loss: 0.423 --- Reconstruction Loss: 0.408 --- KL Loss: 40.734 --- Beta: 0.000360
	Validity: 0.58% --- Uniquene@1000: 0.69% --- Unique@10000: 0.36%

{'valid': 0.6143000000000001, 'unique@1000': 0.749, 'unique@10000': 0.4079, 'FCD/Test': 21.225669195923984, 'SNN/Test': 0.6214345079203412, 'Frag/Test': 0.8717841268925409, 'Scaf/Test': 0.21245971567735367, 'FCD/TestSF': 22.524859682371975, 'SNN/TestSF': 0.5261580988136503, 'Frag/TestSF': 0.8579297367099785, 'Scaf/TestSF': 0.06605118085196648, 'IntDiv': 0.7692353901306708, 'IntDiv2': 0.7530057098827673, 'Filters': 0.985511964838027, 'logP': 0.4582906087328439, 'SA': 0.3112185292663449, 'QED': 0.06429471561725045, 'weight': 9.392440650660042, 'Novelty': 0.8996475918778318}
Epoch: 41:
	Train Loss: 0.415 --- Reconstruction Loss: 0.401 --- KL Loss: 38.910 --- Beta: 0.000367
	Validity: 0.61% --- Uniquene@1000: 0.75% --- Unique@10000: 0.41%

{'valid': 0.6923666666666667, 'unique@1000': 0.846, 'unique@10000': 0.517, 'FCD/Test': 17.958532482523893, 'SNN/Test': 0.6011316033219127, 'Frag/Test': 0.9233297652689252, 'Scaf/Test': 0.2390258003232103, 'FCD/TestSF': 18.940582030458394, 'SNN/TestSF': 0.5217633878036593, 'Frag/TestSF': 0.9127645942138451, 'Scaf/TestSF': 0.0523688080552176, 'IntDiv': 0.7971909274487551, 'IntDiv2': 0.784343988788432, 'Filters': 0.986615954937172, 'logP': 0.5982073683347201, 'SA': 0.23281273905065542, 'QED': 0.03104762117082551, 'weight': 9.28045695286392, 'Novelty': 0.922033091298655}
Epoch: 42:
	Train Loss: 0.408 --- Reconstruction Loss: 0.394 --- KL Loss: 36.783 --- Beta: 0.000373
	Validity: 0.69% --- Uniquene@1000: 0.85% --- Unique@10000: 0.52%

{'valid': 0.7259333333333333, 'unique@1000': 0.85, 'unique@10000': 0.5288, 'FCD/Test': 18.877038288918655, 'SNN/Test': 0.6129039071889628, 'Frag/Test': 0.9049250461086998, 'Scaf/Test': 0.2415987358824303, 'FCD/TestSF': 19.924935773974305, 'SNN/TestSF': 0.5330312105147337, 'Frag/TestSF': 0.8927216079622079, 'Scaf/TestSF': 0.046008586293870835, 'IntDiv': 0.7957440306973917, 'IntDiv2': 0.7821555728742523, 'Filters': 0.9915051887225641, 'logP': 0.39796542663192536, 'SA': 0.2734352192411582, 'QED': 0.029127032126361342, 'weight': 15.17931549270971, 'Novelty': 0.8979705001663525}
Epoch: 43:
	Train Loss: 0.401 --- Reconstruction Loss: 0.388 --- KL Loss: 34.952 --- Beta: 0.000380
	Validity: 0.73% --- Uniquene@1000: 0.85% --- Unique@10000: 0.53%

{'valid': 0.7116666666666667, 'unique@1000': 0.859, 'unique@10000': 0.5435, 'FCD/Test': 18.379355343328, 'SNN/Test': 0.6194796263306146, 'Frag/Test': 0.9017157834435645, 'Scaf/Test': 0.26162488659415717, 'FCD/TestSF': 19.355322233165694, 'SNN/TestSF': 0.5414587344141978, 'Frag/TestSF': 0.8908299744086344, 'Scaf/TestSF': 0.08937021787565991, 'IntDiv': 0.7926644278350733, 'IntDiv2': 0.7793435692081423, 'Filters': 0.9918501170960188, 'logP': 0.43333846802975856, 'SA': 0.3414307228175327, 'QED': 0.02578141729105365, 'weight': 15.439169061866943, 'Novelty': 0.8887541345093716}
Epoch: 44:
	Train Loss: 0.396 --- Reconstruction Loss: 0.383 --- KL Loss: 33.490 --- Beta: 0.000387
	Validity: 0.71% --- Uniquene@1000: 0.86% --- Unique@10000: 0.54%

{'valid': 0.7736000000000001, 'unique@1000': 0.852, 'unique@10000': 0.5391, 'FCD/Test': 17.496758642298772, 'SNN/Test': 0.6243691407709091, 'Frag/Test': 0.924739486081319, 'Scaf/Test': 0.2729578436778386, 'FCD/TestSF': 18.292520073288685, 'SNN/TestSF': 0.5476188155013769, 'Frag/TestSF': 0.9153382305562446, 'Scaf/TestSF': 0.04173722844383332, 'IntDiv': 0.7927633217481924, 'IntDiv2': 0.780485176667174, 'Filters': 0.9912530162013099, 'logP': 0.41404649060729537, 'SA': 0.32710526132771556, 'QED': 0.023162645701058544, 'weight': 13.542006553110065, 'Novelty': 0.8808686659772492}
Epoch: 45:
	Train Loss: 0.390 --- Reconstruction Loss: 0.378 --- KL Loss: 32.026 --- Beta: 0.000393
	Validity: 0.77% --- Uniquene@1000: 0.85% --- Unique@10000: 0.54%

{'valid': 0.7458666666666667, 'unique@1000': 0.885, 'unique@10000': 0.6051, 'FCD/Test': 18.872704027643834, 'SNN/Test': 0.6137649092302498, 'Frag/Test': 0.9132821586850303, 'Scaf/Test': 0.2413717486715603, 'FCD/TestSF': 19.637531685861617, 'SNN/TestSF': 0.5428416765959914, 'Frag/TestSF': 0.9045946198269765, 'Scaf/TestSF': 0.044055553406661785, 'IntDiv': 0.7947494814120659, 'IntDiv2': 0.7825779505242002, 'Filters': 0.9944583482302467, 'logP': 0.5229404616219074, 'SA': 0.30709162925147004, 'QED': 0.013323847214352681, 'weight': 12.364322959307126, 'Novelty': 0.8980700768221848}
Epoch: 46:
	Train Loss: 0.385 --- Reconstruction Loss: 0.372 --- KL Loss: 30.910 --- Beta: 0.000400
	Validity: 0.75% --- Uniquene@1000: 0.89% --- Unique@10000: 0.61%

{'valid': 0.7849666666666667, 'unique@1000': 0.908, 'unique@10000': 0.624, 'FCD/Test': 17.059787330233853, 'SNN/Test': 0.6167723973496785, 'Frag/Test': 0.9366456296958893, 'Scaf/Test': 0.27518365191573446, 'FCD/TestSF': 17.92625664803309, 'SNN/TestSF': 0.5426140530206144, 'Frag/TestSF': 0.9286528353579765, 'Scaf/TestSF': 0.06279442712645422, 'IntDiv': 0.8006561296797796, 'IntDiv2': 0.7895599017379851, 'Filters': 0.9904879188075927, 'logP': 0.434703283309205, 'SA': 0.2884116097559936, 'QED': 0.019331632400508492, 'weight': 15.851505075345955, 'Novelty': 0.8846383741781231}
Epoch: 47:
	Train Loss: 0.380 --- Reconstruction Loss: 0.368 --- KL Loss: 29.894 --- Beta: 0.000407
	Validity: 0.78% --- Uniquene@1000: 0.91% --- Unique@10000: 0.62%

{'valid': 0.8458333333333333, 'unique@1000': 0.906, 'unique@10000': 0.6586, 'FCD/Test': 16.80906308965639, 'SNN/Test': 0.6005891629933137, 'Frag/Test': 0.9016106287440044, 'Scaf/Test': 0.20065530479375127, 'FCD/TestSF': 17.703710894304805, 'SNN/TestSF': 0.5272685722647042, 'Frag/TestSF': 0.8903753304805867, 'Scaf/TestSF': 0.036153244550071184, 'IntDiv': 0.8089802178017357, 'IntDiv2': 0.7965740900562432, 'Filters': 0.9874285714285714, 'logP': 0.37609973381350714, 'SA': 0.22089624411169514, 'QED': 0.028074875347084378, 'weight': 20.21527828548355, 'Novelty': 0.8996753982033668}
Epoch: 48:
	Train Loss: 0.376 --- Reconstruction Loss: 0.364 --- KL Loss: 28.973 --- Beta: 0.000413
	Validity: 0.85% --- Uniquene@1000: 0.91% --- Unique@10000: 0.66%

{'valid': 0.817, 'unique@1000': 0.936, 'unique@10000': 0.7121, 'FCD/Test': 16.42984143313604, 'SNN/Test': 0.6032054887565483, 'Frag/Test': 0.9035656018464566, 'Scaf/Test': 0.2500357604641028, 'FCD/TestSF': 17.31259287215677, 'SNN/TestSF': 0.5323818986803014, 'Frag/TestSF': 0.8944184221097152, 'Scaf/TestSF': 0.07416964739610155, 'IntDiv': 0.8061632459817745, 'IntDiv2': 0.7950130084136833, 'Filters': 0.9859649122807017, 'logP': 0.4163468593063135, 'SA': 0.2688628659492967, 'QED': 0.011522925227106849, 'weight': 20.47447066381401, 'Novelty': 0.8943240159726183}
Epoch: 49:
	Train Loss: 0.370 --- Reconstruction Loss: 0.359 --- KL Loss: 27.995 --- Beta: 0.000420
	Validity: 0.82% --- Uniquene@1000: 0.94% --- Unique@10000: 0.71%

{'valid': 0.6732333333333334, 'unique@1000': 0.938, 'unique@10000': 0.6938, 'FCD/Test': 16.14310133026477, 'SNN/Test': 0.5910963180832811, 'Frag/Test': 0.9094491156219882, 'Scaf/Test': 0.22906554938821144, 'FCD/TestSF': 16.946644682475906, 'SNN/TestSF': 0.5181846499004806, 'Frag/TestSF': 0.8996589239657075, 'Scaf/TestSF': 0.0480253842229057, 'IntDiv': 0.8048873794256208, 'IntDiv2': 0.7928505322570292, 'Filters': 0.9819775214140714, 'logP': 0.5915121017373982, 'SA': 0.1961693892255438, 'QED': 0.020638664267109863, 'weight': 15.024541342210455, 'Novelty': 0.9079899074852817}
Epoch: 50:
	Train Loss: 0.366 --- Reconstruction Loss: 0.355 --- KL Loss: 27.521 --- Beta: 0.000427
	Validity: 0.67% --- Uniquene@1000: 0.94% --- Unique@10000: 0.69%

{'valid': 0.8497333333333333, 'unique@1000': 0.93, 'unique@10000': 0.7218, 'FCD/Test': 14.739939248441473, 'SNN/Test': 0.5979722174766878, 'Frag/Test': 0.9177781058446494, 'Scaf/Test': 0.2723725150599794, 'FCD/TestSF': 15.546272765765941, 'SNN/TestSF': 0.533466556049134, 'Frag/TestSF': 0.9090512242903533, 'Scaf/TestSF': 0.05406059864995172, 'IntDiv': 0.8172875478222845, 'IntDiv2': 0.8061013834203745, 'Filters': 0.9796406715832418, 'logP': 0.4793039409076202, 'SA': 0.2381830807244011, 'QED': 0.015198712391969096, 'weight': 20.081405243240308, 'Novelty': 0.8915948714469846}
Epoch: 51:
	Train Loss: 0.361 --- Reconstruction Loss: 0.350 --- KL Loss: 26.852 --- Beta: 0.000433
	Validity: 0.85% --- Uniquene@1000: 0.93% --- Unique@10000: 0.72%

{'valid': 0.8756333333333334, 'unique@1000': 0.948, 'unique@10000': 0.7332, 'FCD/Test': 14.94049466174495, 'SNN/Test': 0.595847642576242, 'Frag/Test': 0.9046445031676921, 'Scaf/Test': 0.25500553555123306, 'FCD/TestSF': 15.79458368547904, 'SNN/TestSF': 0.5249171259305071, 'Frag/TestSF': 0.8944764410162708, 'Scaf/TestSF': 0.04695272988800103, 'IntDiv': 0.8211425849096826, 'IntDiv2': 0.8103385333224478, 'Filters': 0.9878564086946591, 'logP': 0.40855428774051994, 'SA': 0.20800320008634632, 'QED': 0.01436265800096081, 'weight': 21.84442699266257, 'Novelty': 0.8885476647472809}
Epoch: 52:
	Train Loss: 0.357 --- Reconstruction Loss: 0.345 --- KL Loss: 26.052 --- Beta: 0.000440
	Validity: 0.88% --- Uniquene@1000: 0.95% --- Unique@10000: 0.73%

{'valid': 0.8412, 'unique@1000': 0.952, 'unique@10000': 0.7425, 'FCD/Test': 14.886930364776163, 'SNN/Test': 0.5943261913484015, 'Frag/Test': 0.921860978676021, 'Scaf/Test': 0.29007815330065867, 'FCD/TestSF': 15.812370155375604, 'SNN/TestSF': 0.5228066632332524, 'Frag/TestSF': 0.911221775650023, 'Scaf/TestSF': 0.07211850215656668, 'IntDiv': 0.8208722204293042, 'IntDiv2': 0.8104948916605617, 'Filters': 0.985734664764622, 'logP': 0.3012995227425876, 'SA': 0.21340754683681376, 'QED': 0.013972827303586219, 'weight': 24.336122507709813, 'Novelty': 0.8823183865282945}
Epoch: 53:
	Train Loss: 0.352 --- Reconstruction Loss: 0.341 --- KL Loss: 25.597 --- Beta: 0.000447
	Validity: 0.84% --- Uniquene@1000: 0.95% --- Unique@10000: 0.74%

{'valid': 0.7473333333333334, 'unique@1000': 0.971, 'unique@10000': 0.7849, 'FCD/Test': 13.977330840775984, 'SNN/Test': 0.5804126087080996, 'Frag/Test': 0.9290394642089937, 'Scaf/Test': 0.26388934790030816, 'FCD/TestSF': 14.746757697216644, 'SNN/TestSF': 0.5149975178984262, 'Frag/TestSF': 0.920069525344873, 'Scaf/TestSF': 0.05850700888781479, 'IntDiv': 0.8231310128078401, 'IntDiv2': 0.8131634620589303, 'Filters': 0.9776092774308653, 'logP': 0.392517719934619, 'SA': 0.15937692675031456, 'QED': 0.017547791189405876, 'weight': 18.19163001953949, 'Novelty': 0.9051427815970386}
Epoch: 54:
	Train Loss: 0.348 --- Reconstruction Loss: 0.336 --- KL Loss: 25.154 --- Beta: 0.000453
	Validity: 0.75% --- Uniquene@1000: 0.97% --- Unique@10000: 0.78%

{'valid': 0.7978666666666667, 'unique@1000': 0.939, 'unique@10000': 0.7368, 'FCD/Test': 14.797969027435016, 'SNN/Test': 0.5929470339623145, 'Frag/Test': 0.9246365842671194, 'Scaf/Test': 0.2838060437721579, 'FCD/TestSF': 15.573641900617474, 'SNN/TestSF': 0.5290433321948745, 'Frag/TestSF': 0.9161643135500933, 'Scaf/TestSF': 0.05590137335006906, 'IntDiv': 0.8205483358381288, 'IntDiv2': 0.8107039823583261, 'Filters': 0.9852105614973262, 'logP': 0.33531869706688455, 'SA': 0.2358454518784817, 'QED': 0.017031708450662875, 'weight': 22.93809931948764, 'Novelty': 0.8823488868977876}
Epoch: 55:
	Train Loss: 0.344 --- Reconstruction Loss: 0.333 --- KL Loss: 24.675 --- Beta: 0.000460
	Validity: 0.80% --- Uniquene@1000: 0.94% --- Unique@10000: 0.74%

{'valid': 0.8924, 'unique@1000': 0.961, 'unique@10000': 0.7925, 'FCD/Test': 13.80929365966491, 'SNN/Test': 0.5824081521215779, 'Frag/Test': 0.9276457427026872, 'Scaf/Test': 0.23000675555371553, 'FCD/TestSF': 14.522576893838753, 'SNN/TestSF': 0.5209486977370191, 'Frag/TestSF': 0.9189796940509318, 'Scaf/TestSF': 0.08062575008159978, 'IntDiv': 0.8268803839460646, 'IntDiv2': 0.8169998472731675, 'Filters': 0.9825190497534738, 'logP': 0.3691418264033449, 'SA': 0.167799708045894, 'QED': 0.012085909757519614, 'weight': 25.852895734628866, 'Novelty': 0.8982285907706195}
Epoch: 56:
	Train Loss: 0.340 --- Reconstruction Loss: 0.329 --- KL Loss: 24.253 --- Beta: 0.000467
	Validity: 0.89% --- Uniquene@1000: 0.96% --- Unique@10000: 0.79%

{'valid': 0.8335666666666667, 'unique@1000': 0.966, 'unique@10000': 0.7822, 'FCD/Test': 14.401561429555443, 'SNN/Test': 0.5909710082732706, 'Frag/Test': 0.9419805055248691, 'Scaf/Test': 0.2974814564203737, 'FCD/TestSF': 15.040617224379531, 'SNN/TestSF': 0.5277420653024839, 'Frag/TestSF': 0.9355989565726389, 'Scaf/TestSF': 0.07823325309124429, 'IntDiv': 0.8281223254382959, 'IntDiv2': 0.8175987187079002, 'Filters': 0.9807253968888712, 'logP': 0.3881035591398586, 'SA': 0.20983066900767966, 'QED': 0.01742443129629197, 'weight': 27.67682176660585, 'Novelty': 0.887936276298188}
Epoch: 57:
	Train Loss: 0.337 --- Reconstruction Loss: 0.325 --- KL Loss: 23.881 --- Beta: 0.000473
	Validity: 0.83% --- Uniquene@1000: 0.97% --- Unique@10000: 0.78%

{'valid': 0.8811666666666667, 'unique@1000': 0.955, 'unique@10000': 0.8017, 'FCD/Test': 13.945171697383273, 'SNN/Test': 0.5994542116498325, 'Frag/Test': 0.9339312869064804, 'Scaf/Test': 0.2706112113650727, 'FCD/TestSF': 14.736700551133914, 'SNN/TestSF': 0.5327098518440894, 'Frag/TestSF': 0.9244261380967652, 'Scaf/TestSF': 0.05224229449386997, 'IntDiv': 0.820566334762054, 'IntDiv2': 0.8106142468220454, 'Filters': 0.9833554000378286, 'logP': 0.28719736539932206, 'SA': 0.23682800695077955, 'QED': 0.014014939204943651, 'weight': 26.65356100771328, 'Novelty': 0.8825253664036077}
Epoch: 58:
	Train Loss: 0.333 --- Reconstruction Loss: 0.322 --- KL Loss: 23.560 --- Beta: 0.000480
	Validity: 0.88% --- Uniquene@1000: 0.95% --- Unique@10000: 0.80%

{'valid': 0.8773, 'unique@1000': 0.957, 'unique@10000': 0.8174, 'FCD/Test': 13.269843940960172, 'SNN/Test': 0.586070451460972, 'Frag/Test': 0.9384867853154364, 'Scaf/Test': 0.3010770282365247, 'FCD/TestSF': 13.945303492092151, 'SNN/TestSF': 0.5294823504469442, 'Frag/TestSF': 0.9301247249321569, 'Scaf/TestSF': 0.07069616049448701, 'IntDiv': 0.8275427908930797, 'IntDiv2': 0.8178858995681176, 'Filters': 0.9861316919335841, 'logP': 0.31411697649976295, 'SA': 0.21195297346376737, 'QED': 0.012792935808420114, 'weight': 30.397124650762493, 'Novelty': 0.8922842694796368}
Epoch: 59:
	Train Loss: 0.330 --- Reconstruction Loss: 0.319 --- KL Loss: 23.388 --- Beta: 0.000487
	Validity: 0.88% --- Uniquene@1000: 0.96% --- Unique@10000: 0.82%

{'valid': 0.8924333333333333, 'unique@1000': 0.976, 'unique@10000': 0.845, 'FCD/Test': 12.50685537346547, 'SNN/Test': 0.5760275935881148, 'Frag/Test': 0.9308936344233709, 'Scaf/Test': 0.3525438405831781, 'FCD/TestSF': 13.312005569704212, 'SNN/TestSF': 0.5155999186374207, 'Frag/TestSF': 0.9216747608703141, 'Scaf/TestSF': 0.05526542284617475, 'IntDiv': 0.834558143266389, 'IntDiv2': 0.825042461266858, 'Filters': 0.9806895006162926, 'logP': 0.31956829097554457, 'SA': 0.17048099745151454, 'QED': 0.00782506311043526, 'weight': 30.48914697425885, 'Novelty': 0.8940257872296707}
Epoch: 60:
	Train Loss: 0.326 --- Reconstruction Loss: 0.315 --- KL Loss: 22.976 --- Beta: 0.000493
	Validity: 0.89% --- Uniquene@1000: 0.98% --- Unique@10000: 0.84%

