2024-02-15 02:31:21.128707: E external/local_xla/xla/stream_executor/cuda/cuda_dnn.cc:9261] Unable to register cuDNN factory: Attempting to register factory for plugin cuDNN when one has already been registered
2024-02-15 02:31:21.128764: E external/local_xla/xla/stream_executor/cuda/cuda_fft.cc:607] Unable to register cuFFT factory: Attempting to register factory for plugin cuFFT when one has already been registered
2024-02-15 02:31:21.130004: E external/local_xla/xla/stream_executor/cuda/cuda_blas.cc:1515] Unable to register cuBLAS factory: Attempting to register factory for plugin cuBLAS when one has already been registered
2024-02-15 02:31:21.135408: I tensorflow/core/platform/cpu_feature_guard.cc:182] This TensorFlow binary is optimized to use available CPU instructions in performance-critical operations.
To enable the following instructions: AVX2 FMA, in other operations, rebuild TensorFlow with the appropriate compiler flags.
2024-02-15 02:31:21.954039: W tensorflow/compiler/tf2tensorrt/utils/py_utils.cc:38] TF-TRT Warning: Could not find TensorRT

Arguments:
	data_path: data/moses_train.txt
	max_len: 30
	batch: 128
	d_model: 512
	d_latent: 256
	d_ff: 1024
	e_heads: 1
	d_heads: 8
	n_layers: 6
	dropout: 0.5
	lr: 0.0005
	n_epochs: 80
	kl_type: cyclic
	kl_w_start: 0.0001
	kl_w_end: 0.0005
	kl_cycle: 4
	kl_ratio: 0.5
	save_name: klcompare

Number of data: 88192

SMILES Vocab:
	 {'<START>': 0, '<END>': 1, '<PAD>': 2, 'C': 3, 'O': 4, 'c': 5, '1': 6, '(': 7, '=': 8, ')': 9, 'N': 10, 'n': 11, '2': 12, 'F': 13, 'Cl': 14, 'Br': 15, '#': 16, '3': 17, 'S': 18, 'o': 19, '-': 20, 's': 21, '[nH]': 22, '4': 23}

Graph Vocab:
	 {'C': 0, 'O': 1, 'N': 2, 'F': 3, 'Cl': 4, 'Br': 5, 'S': 6}


KL Annealer: [0.0001  0.00014 0.00018 0.00022 0.00026 0.0003  0.00034 0.00038 0.00042
 0.00046 0.0005  0.0005  0.0005  0.0005  0.0005  0.0005  0.0005  0.0005
 0.0005  0.0005  0.0001  0.00014 0.00018 0.00022 0.00026 0.0003  0.00034
 0.00038 0.00042 0.00046 0.0005  0.0005  0.0005  0.0005  0.0005  0.0005
 0.0005  0.0005  0.0005  0.0005  0.0001  0.00014 0.00018 0.00022 0.00026
 0.0003  0.00034 0.00038 0.00042 0.00046 0.0005  0.0005  0.0005  0.0005
 0.0005  0.0005  0.0005  0.0005  0.0005  0.0005  0.0001  0.00014 0.00018
 0.00022 0.00026 0.0003  0.00034 0.00038 0.00042 0.00046 0.0005  0.0005
 0.0005  0.0005  0.0005  0.0005  0.0005  0.0005  0.0005  0.0005 ]




#########################################################################
######################### START TRAINING ################################
#########################################################################




{'valid': 0.6521666666666667, 'unique@1000': 0.855, 'unique@10000': 0.5371, 'FCD/Test': 20.40968174374504, 'SNN/Test': 0.608380303838629, 'Frag/Test': 0.8866446210606469, 'Scaf/Test': 0.40563400589824994, 'FCD/TestSF': 21.620265015826277, 'SNN/TestSF': 0.5255032760642113, 'Frag/TestSF': 0.874841488144527, 'Scaf/TestSF': 0.033266608237981554, 'IntDiv': 0.7862861975617812, 'IntDiv2': 0.7728824357935287, 'Filters': 0.982622029133657, 'logP': 0.2522522024588864, 'SA': 0.2842517750662777, 'QED': 0.05563138772253416, 'weight': 13.600973741333554, 'Novelty': 0.9194915254237288}
Epoch: 31:
	Train Loss: 0.454 --- Reconstruction Loss: 0.442 --- KL Loss: 25.180 --- Beta: 0.000500
	Validity: 0.65% --- Uniquene@1000: 0.85% --- Unique@10000: 0.54%

{'valid': 0.5751, 'unique@1000': 0.843, 'unique@10000': 0.5132, 'FCD/Test': 21.710803129384715, 'SNN/Test': 0.6193134348269705, 'Frag/Test': 0.8929412654587425, 'Scaf/Test': 0.2516147786152314, 'FCD/TestSF': 22.663896761794234, 'SNN/TestSF': 0.5446121491842019, 'Frag/TestSF': 0.8844733733382126, 'Scaf/TestSF': 0.04101989514374804, 'IntDiv': 0.7811263567990263, 'IntDiv2': 0.7673578255309386, 'Filters': 0.990262563032516, 'logP': 0.3869427772125672, 'SA': 0.28966387267275795, 'QED': 0.0267761100078024, 'weight': 9.508453118697226, 'Novelty': 0.9219641672196417}
Epoch: 32:
	Train Loss: 0.448 --- Reconstruction Loss: 0.436 --- KL Loss: 23.806 --- Beta: 0.000500
	Validity: 0.58% --- Uniquene@1000: 0.84% --- Unique@10000: 0.51%

{'valid': 0.6466333333333334, 'unique@1000': 0.886, 'unique@10000': 0.5948, 'FCD/Test': 22.520284570320527, 'SNN/Test': 0.6164227177136103, 'Frag/Test': 0.8816460075538199, 'Scaf/Test': 0.31758899335774515, 'FCD/TestSF': 23.77154158757468, 'SNN/TestSF': 0.5261726691497773, 'Frag/TestSF': 0.869837156980935, 'Scaf/TestSF': 0.02385501866493711, 'IntDiv': 0.7776643440026998, 'IntDiv2': 0.7645879312773417, 'Filters': 0.9871127377699881, 'logP': 0.16994793376486253, 'SA': 0.2869819373321643, 'QED': 0.06014521585285064, 'weight': 11.62430137039369, 'Novelty': 0.9316050163347034}
Epoch: 33:
	Train Loss: 0.444 --- Reconstruction Loss: 0.432 --- KL Loss: 23.160 --- Beta: 0.000500
	Validity: 0.65% --- Uniquene@1000: 0.89% --- Unique@10000: 0.59%

{'valid': 0.4621666666666666, 'unique@1000': 0.91, 'unique@10000': 0.6215, 'FCD/Test': 19.63551982898771, 'SNN/Test': 0.5907391440565303, 'Frag/Test': 0.8724625709314834, 'Scaf/Test': 0.2785530387860904, 'FCD/TestSF': 20.807285061513966, 'SNN/TestSF': 0.5077297032631738, 'Frag/TestSF': 0.8593415982142598, 'Scaf/TestSF': 0.02107349652958046, 'IntDiv': 0.7911759228875724, 'IntDiv2': 0.7771556481818309, 'Filters': 0.9831229715109989, 'logP': 0.4858473442022611, 'SA': 0.22994855076622925, 'QED': 0.0778498551168119, 'weight': 7.995280326088688, 'Novelty': 0.9406844106463879}
Epoch: 34:
	Train Loss: 0.438 --- Reconstruction Loss: 0.427 --- KL Loss: 22.614 --- Beta: 0.000500
	Validity: 0.46% --- Uniquene@1000: 0.91% --- Unique@10000: 0.62%

{'valid': 0.5097, 'unique@1000': 0.866, 'unique@10000': 0.5991, 'FCD/Test': 22.33069671075281, 'SNN/Test': 0.6099868234543949, 'Frag/Test': 0.888674531780495, 'Scaf/Test': 0.2924447130669958, 'FCD/TestSF': 23.511385518867264, 'SNN/TestSF': 0.5205242069805123, 'Frag/TestSF': 0.8777547578721134, 'Scaf/TestSF': 0.03663508569168228, 'IntDiv': 0.7817557742382438, 'IntDiv2': 0.7670484721578006, 'Filters': 0.9747563926492708, 'logP': 0.3453716363573034, 'SA': 0.27387096909012826, 'QED': 0.06555509793294824, 'weight': 12.84160623041544, 'Novelty': 0.9276668290306868}
Epoch: 35:
	Train Loss: 0.432 --- Reconstruction Loss: 0.421 --- KL Loss: 22.362 --- Beta: 0.000500
	Validity: 0.51% --- Uniquene@1000: 0.87% --- Unique@10000: 0.60%

{'valid': 0.49126666666666663, 'unique@1000': 0.903, 'unique@10000': 0.6692, 'FCD/Test': 16.7578221069328, 'SNN/Test': 0.5886286829111291, 'Frag/Test': 0.9189496422833398, 'Scaf/Test': 0.49019147931914, 'FCD/TestSF': 17.938979168746613, 'SNN/TestSF': 0.513157796762274, 'Frag/TestSF': 0.9072580552140579, 'Scaf/TestSF': 0.022031763014411676, 'IntDiv': 0.805165333399668, 'IntDiv2': 0.7934701793997642, 'Filters': 0.9725200162844347, 'logP': 0.35211614789151896, 'SA': 0.20797343589229086, 'QED': 0.04529060916668015, 'weight': 14.137126309042596, 'Novelty': 0.930056087099967}
Epoch: 36:
	Train Loss: 0.427 --- Reconstruction Loss: 0.416 --- KL Loss: 22.119 --- Beta: 0.000500
	Validity: 0.49% --- Uniquene@1000: 0.90% --- Unique@10000: 0.67%

{'valid': 0.6459666666666667, 'unique@1000': 0.904, 'unique@10000': 0.6547, 'FCD/Test': 19.272143314257782, 'SNN/Test': 0.5998151858953187, 'Frag/Test': 0.9069809285499207, 'Scaf/Test': 0.30208373904781527, 'FCD/TestSF': 20.20029435778084, 'SNN/TestSF': 0.5357062589899847, 'Frag/TestSF': 0.899123060908415, 'Scaf/TestSF': 0.037588666758099465, 'IntDiv': 0.8016313273976658, 'IntDiv2': 0.7891028548407366, 'Filters': 0.968109809587698, 'logP': 0.5230453454583507, 'SA': 0.2750893485591965, 'QED': 0.020041667199487686, 'weight': 12.735345895831337, 'Novelty': 0.9232609495767391}
Epoch: 37:
	Train Loss: 0.421 --- Reconstruction Loss: 0.410 --- KL Loss: 21.795 --- Beta: 0.000500
	Validity: 0.65% --- Uniquene@1000: 0.90% --- Unique@10000: 0.65%

{'valid': 0.5528666666666666, 'unique@1000': 0.952, 'unique@10000': 0.7264, 'FCD/Test': 17.074144594460172, 'SNN/Test': 0.5920496085000803, 'Frag/Test': 0.9113485551749699, 'Scaf/Test': 0.26136380085877486, 'FCD/TestSF': 17.7915546291633, 'SNN/TestSF': 0.5271286098143886, 'Frag/TestSF': 0.9024296869718638, 'Scaf/TestSF': 0.054113714411440195, 'IntDiv': 0.80661124336122, 'IntDiv2': 0.7951396184108318, 'Filters': 0.9772699867358012, 'logP': 0.4251211468868026, 'SA': 0.25502279370285824, 'QED': 0.02164666406329952, 'weight': 10.778102422172436, 'Novelty': 0.9260241404535479}
Epoch: 38:
	Train Loss: 0.416 --- Reconstruction Loss: 0.405 --- KL Loss: 21.429 --- Beta: 0.000500
	Validity: 0.55% --- Uniquene@1000: 0.95% --- Unique@10000: 0.73%

{'valid': 0.5460333333333334, 'unique@1000': 0.937, 'unique@10000': 0.7274, 'FCD/Test': 16.441534365576317, 'SNN/Test': 0.5858449085106904, 'Frag/Test': 0.9129721451241449, 'Scaf/Test': 0.2194132285919348, 'FCD/TestSF': 17.449775713269247, 'SNN/TestSF': 0.5180714014347026, 'Frag/TestSF': 0.9032103181524466, 'Scaf/TestSF': 0.02343639640659645, 'IntDiv': 0.8099209657277637, 'IntDiv2': 0.7986673267203532, 'Filters': 0.9650204505219462, 'logP': 0.35899043952860316, 'SA': 0.19380750121476628, 'QED': 0.02513540107981132, 'weight': 13.033175014717807, 'Novelty': 0.9320604319214014}
Epoch: 39:
	Train Loss: 0.412 --- Reconstruction Loss: 0.401 --- KL Loss: 21.298 --- Beta: 0.000500
	Validity: 0.55% --- Uniquene@1000: 0.94% --- Unique@10000: 0.73%

{'valid': 0.5072, 'unique@1000': 0.942, 'unique@10000': 0.7505, 'FCD/Test': 15.891903711688471, 'SNN/Test': 0.5821251427719505, 'Frag/Test': 0.9134337656405672, 'Scaf/Test': 0.31503886058205777, 'FCD/TestSF': 16.45643625568873, 'SNN/TestSF': 0.5283682942703821, 'Frag/TestSF': 0.9056033233804964, 'Scaf/TestSF': 0.04062446772462158, 'IntDiv': 0.8200005059003221, 'IntDiv2': 0.8085047274241508, 'Filters': 0.9718717139852786, 'logP': 0.4026828425838071, 'SA': 0.1869159400883956, 'QED': 0.02820868512194151, 'weight': 11.316738840589961, 'Novelty': 0.9318375461516615}
Epoch: 40:
	Train Loss: 0.407 --- Reconstruction Loss: 0.397 --- KL Loss: 20.959 --- Beta: 0.000500
	Validity: 0.51% --- Uniquene@1000: 0.94% --- Unique@10000: 0.75%

{'valid': 0.41636666666666666, 'unique@1000': 0.93, 'unique@10000': 0.7184, 'FCD/Test': 16.337845907671976, 'SNN/Test': 0.5514486374336632, 'Frag/Test': 0.9174959890789419, 'Scaf/Test': 0.2874414694895364, 'FCD/TestSF': 17.4136078634033, 'SNN/TestSF': 0.4879444835053062, 'Frag/TestSF': 0.9072307555882649, 'Scaf/TestSF': 0.028067847778778243, 'IntDiv': 0.8203325447806554, 'IntDiv2': 0.8094094127672966, 'Filters': 0.9532463373629013, 'logP': 0.37281354382052195, 'SA': 0.06849464382897341, 'QED': 0.03854181927118274, 'weight': 18.19759388715055, 'Novelty': 0.9568378534333526}
Epoch: 41:
	Train Loss: 0.393 --- Reconstruction Loss: 0.389 --- KL Loss: 33.948 --- Beta: 0.000100
	Validity: 0.42% --- Uniquene@1000: 0.93% --- Unique@10000: 0.72%

{'valid': 0.5648, 'unique@1000': 0.922, 'unique@10000': 0.7239, 'FCD/Test': 17.188455405455088, 'SNN/Test': 0.5707608212077527, 'Frag/Test': 0.9387146451304045, 'Scaf/Test': 0.2514571910372214, 'FCD/TestSF': 18.08887718237765, 'SNN/TestSF': 0.5045594580742382, 'Frag/TestSF': 0.9310833430855918, 'Scaf/TestSF': 0.024206560310386704, 'IntDiv': 0.8170013293689948, 'IntDiv2': 0.806102365283648, 'Filters': 0.960871104815864, 'logP': 0.4794760878124467, 'SA': 0.18625239559668585, 'QED': 0.026307722823853973, 'weight': 15.791266737175691, 'Novelty': 0.9344379119900231}
Epoch: 42:
	Train Loss: 0.389 --- Reconstruction Loss: 0.384 --- KL Loss: 34.580 --- Beta: 0.000140
	Validity: 0.56% --- Uniquene@1000: 0.92% --- Unique@10000: 0.72%

{'valid': 0.5789666666666666, 'unique@1000': 0.937, 'unique@10000': 0.7195, 'FCD/Test': 17.170714526803124, 'SNN/Test': 0.5812973453560822, 'Frag/Test': 0.9081629885890863, 'Scaf/Test': 0.23344788720186893, 'FCD/TestSF': 18.252640188611167, 'SNN/TestSF': 0.5088325203858315, 'Frag/TestSF': 0.8977999865553488, 'Scaf/TestSF': 0.04271545947794442, 'IntDiv': 0.8114400075491465, 'IntDiv2': 0.8002634839552742, 'Filters': 0.9796188611894755, 'logP': 0.3520108936495327, 'SA': 0.18060463142050517, 'QED': 0.01703682292154181, 'weight': 19.133152928536514, 'Novelty': 0.9322381930184805}
Epoch: 43:
	Train Loss: 0.386 --- Reconstruction Loss: 0.380 --- KL Loss: 32.844 --- Beta: 0.000180
	Validity: 0.58% --- Uniquene@1000: 0.94% --- Unique@10000: 0.72%

{'valid': 0.5367666666666666, 'unique@1000': 0.963, 'unique@10000': 0.7784, 'FCD/Test': 17.02747688087227, 'SNN/Test': 0.5540388812903979, 'Frag/Test': 0.920083366318838, 'Scaf/Test': 0.19804140732832942, 'FCD/TestSF': 18.076825098823342, 'SNN/TestSF': 0.4880987434444802, 'Frag/TestSF': 0.9115539012012857, 'Scaf/TestSF': 0.030647722558597712, 'IntDiv': 0.823433053718482, 'IntDiv2': 0.8128431097953653, 'Filters': 0.9670868782214495, 'logP': 0.34753110545882243, 'SA': 0.05451134044621083, 'QED': 0.013739004123819894, 'weight': 18.312706853722784, 'Novelty': 0.9380981119061989}
Epoch: 44:
	Train Loss: 0.384 --- Reconstruction Loss: 0.377 --- KL Loss: 31.064 --- Beta: 0.000220
	Validity: 0.54% --- Uniquene@1000: 0.96% --- Unique@10000: 0.78%

{'valid': 0.5863333333333334, 'unique@1000': 0.959, 'unique@10000': 0.7748, 'FCD/Test': 15.417951766029283, 'SNN/Test': 0.5601683089277703, 'Frag/Test': 0.9177786449357165, 'Scaf/Test': 0.25212243182693483, 'FCD/TestSF': 16.15850240081928, 'SNN/TestSF': 0.5051937427759307, 'Frag/TestSF': 0.9100888773983179, 'Scaf/TestSF': 0.053570159913591375, 'IntDiv': 0.824993624249504, 'IntDiv2': 0.8147390742702635, 'Filters': 0.9717453098351336, 'logP': 0.4178337157793682, 'SA': 0.11550890615711092, 'QED': 0.02066229296275942, 'weight': 18.190118541111893, 'Novelty': 0.9383589166599695}
Epoch: 45:
	Train Loss: 0.381 --- Reconstruction Loss: 0.373 --- KL Loss: 29.114 --- Beta: 0.000260
	Validity: 0.59% --- Uniquene@1000: 0.96% --- Unique@10000: 0.77%

{'valid': 0.4933666666666666, 'unique@1000': 0.967, 'unique@10000': 0.7738, 'FCD/Test': 15.97719758448217, 'SNN/Test': 0.5507329699145597, 'Frag/Test': 0.9096800145137913, 'Scaf/Test': 0.16492590669586948, 'FCD/TestSF': 17.059695317085655, 'SNN/TestSF': 0.484182339430693, 'Frag/TestSF': 0.8992201298683005, 'Scaf/TestSF': 0.026423512034388752, 'IntDiv': 0.8263245958792205, 'IntDiv2': 0.8155978324494825, 'Filters': 0.9713532869400716, 'logP': 0.31787023894342276, 'SA': 0.0643865502289999, 'QED': 0.013489409873659363, 'weight': 20.074305351497483, 'Novelty': 0.9432763293150173}
Epoch: 46:
	Train Loss: 0.377 --- Reconstruction Loss: 0.369 --- KL Loss: 27.386 --- Beta: 0.000300
	Validity: 0.49% --- Uniquene@1000: 0.97% --- Unique@10000: 0.77%

{'valid': 0.4535666666666667, 'unique@1000': 0.954, 'unique@10000': 0.8039, 'FCD/Test': 16.876824230302944, 'SNN/Test': 0.5488904376841488, 'Frag/Test': 0.9193668553016769, 'Scaf/Test': 0.23112145921303218, 'FCD/TestSF': 17.87756068063309, 'SNN/TestSF': 0.48567264668406385, 'Frag/TestSF': 0.910254907435759, 'Scaf/TestSF': 0.033685893883053875, 'IntDiv': 0.8215593468511153, 'IntDiv2': 0.8108761844456699, 'Filters': 0.9755273021239068, 'logP': 0.3297581315579039, 'SA': 0.09362750028490341, 'QED': 0.027206574905910247, 'weight': 22.059644579413277, 'Novelty': 0.9437727883323739}
Epoch: 47:
	Train Loss: 0.373 --- Reconstruction Loss: 0.365 --- KL Loss: 25.783 --- Beta: 0.000340
	Validity: 0.45% --- Uniquene@1000: 0.95% --- Unique@10000: 0.80%

{'valid': 0.38306666666666667, 'unique@1000': 0.941, 'unique@10000': 0.776, 'FCD/Test': 16.885449385646382, 'SNN/Test': 0.5553734890942867, 'Frag/Test': 0.8915411910976884, 'Scaf/Test': 0.14861469639727265, 'FCD/TestSF': 17.864936955576148, 'SNN/TestSF': 0.49878371125453447, 'Frag/TestSF': 0.8809560585888145, 'Scaf/TestSF': 0.023139919735644998, 'IntDiv': 0.8237764710132677, 'IntDiv2': 0.8123485348618393, 'Filters': 0.9693699965193178, 'logP': 0.21499860975982865, 'SA': 0.10243402426339046, 'QED': 0.015284308163380911, 'weight': 23.07487541870184, 'Novelty': 0.9401170127337387}
Epoch: 48:
	Train Loss: 0.370 --- Reconstruction Loss: 0.361 --- KL Loss: 24.428 --- Beta: 0.000380
	Validity: 0.38% --- Uniquene@1000: 0.94% --- Unique@10000: 0.78%

{'valid': 0.39490000000000003, 'unique@1000': 0.97, 'unique@10000': 0.812, 'FCD/Test': 14.964135069747392, 'SNN/Test': 0.5363330291204436, 'Frag/Test': 0.9165552739991458, 'Scaf/Test': 0.1612492448017312, 'FCD/TestSF': 15.847548905986123, 'SNN/TestSF': 0.4821050833667634, 'Frag/TestSF': 0.9073439950413297, 'Scaf/TestSF': 0.030207627829376693, 'IntDiv': 0.8374909061537753, 'IntDiv2': 0.8270164617020257, 'Filters': 0.9605807377395121, 'logP': 0.318259885890026, 'SA': 0.01985026960077673, 'QED': 0.012398862593851104, 'weight': 24.922131068600564, 'Novelty': 0.94736284685448}
Epoch: 49:
	Train Loss: 0.369 --- Reconstruction Loss: 0.359 --- KL Loss: 23.234 --- Beta: 0.000420
	Validity: 0.39% --- Uniquene@1000: 0.97% --- Unique@10000: 0.81%

{'valid': 0.4682666666666667, 'unique@1000': 0.961, 'unique@10000': 0.8263, 'FCD/Test': 15.988817615209086, 'SNN/Test': 0.5678154791902607, 'Frag/Test': 0.9252220455447662, 'Scaf/Test': 0.34816311011157997, 'FCD/TestSF': 17.071766118963886, 'SNN/TestSF': 0.5014685954864653, 'Frag/TestSF': 0.9138725089495832, 'Scaf/TestSF': 0.03645287785955731, 'IntDiv': 0.8255823425445151, 'IntDiv2': 0.8145984751334929, 'Filters': 0.9725227790432802, 'logP': 0.21368293669878158, 'SA': 0.15732145416180449, 'QED': 0.011729673020215022, 'weight': 25.11168141944791, 'Novelty': 0.9237547203740335}
Epoch: 50:
	Train Loss: 0.365 --- Reconstruction Loss: 0.355 --- KL Loss: 22.113 --- Beta: 0.000460
	Validity: 0.47% --- Uniquene@1000: 0.96% --- Unique@10000: 0.83%

{'valid': 0.3389, 'unique@1000': 0.966, 'unique@10000': 0.8328, 'FCD/Test': 14.511228412435429, 'SNN/Test': 0.542119995999491, 'Frag/Test': 0.9241928125654033, 'Scaf/Test': 0.21732388231565114, 'FCD/TestSF': 15.287724474174063, 'SNN/TestSF': 0.4908452475227484, 'Frag/TestSF': 0.9169345042247797, 'Scaf/TestSF': 0.025742677737735642, 'IntDiv': 0.8420823845928849, 'IntDiv2': 0.8314526338778434, 'Filters': 0.9614438870856693, 'logP': 0.18274682636145834, 'SA': 0.04207944311476452, 'QED': 0.015642497373650498, 'weight': 24.362068749490227, 'Novelty': 0.9399502546488215}
Epoch: 51:
	Train Loss: 0.362 --- Reconstruction Loss: 0.352 --- KL Loss: 21.245 --- Beta: 0.000500
	Validity: 0.34% --- Uniquene@1000: 0.97% --- Unique@10000: 0.83%

{'valid': 0.34563333333333335, 'unique@1000': 0.971, 'unique@10000': 0.8388, 'FCD/Test': 14.937896138504343, 'SNN/Test': 0.5522601555888109, 'Frag/Test': 0.9164185679020918, 'Scaf/Test': 0.26849887911860515, 'FCD/TestSF': 15.963134910250226, 'SNN/TestSF': 0.4959242919154378, 'Frag/TestSF': 0.9063092024037217, 'Scaf/TestSF': 0.02729213990794843, 'IntDiv': 0.8330374449800794, 'IntDiv2': 0.8224417676331205, 'Filters': 0.9595910888224516, 'logP': 0.23121350147490963, 'SA': 0.08948722204743582, 'QED': 0.016509744532031818, 'weight': 25.963138183159202, 'Novelty': 0.9324558365084863}
Epoch: 52:
	Train Loss: 0.360 --- Reconstruction Loss: 0.350 --- KL Loss: 21.066 --- Beta: 0.000500
	Validity: 0.35% --- Uniquene@1000: 0.97% --- Unique@10000: 0.84%

{'valid': 0.3692333333333333, 'unique@1000': 0.974, 'unique@10000': 0.8533, 'FCD/Test': 13.918855936857732, 'SNN/Test': 0.5431402983503608, 'Frag/Test': 0.9117941362570104, 'Scaf/Test': 0.22222859913654913, 'FCD/TestSF': 14.69648439496158, 'SNN/TestSF': 0.4885496090920359, 'Frag/TestSF': 0.9042551080336381, 'Scaf/TestSF': 0.03644777865040871, 'IntDiv': 0.8424330893901077, 'IntDiv2': 0.832242474770262, 'Filters': 0.9667780084860522, 'logP': 0.1905055871873455, 'SA': 0.04986515754183729, 'QED': 0.013829037546721634, 'weight': 24.69469240488335, 'Novelty': 0.9333119589612056}
Epoch: 53:
	Train Loss: 0.357 --- Reconstruction Loss: 0.347 --- KL Loss: 20.830 --- Beta: 0.000500
	Validity: 0.37% --- Uniquene@1000: 0.97% --- Unique@10000: 0.85%

{'valid': 0.38680000000000003, 'unique@1000': 0.977, 'unique@10000': 0.8789, 'FCD/Test': 13.457535439168218, 'SNN/Test': 0.5274837309111299, 'Frag/Test': 0.9192668197456599, 'Scaf/Test': 0.2209959074824681, 'FCD/TestSF': 14.202605789986649, 'SNN/TestSF': 0.47805134880156486, 'Frag/TestSF': 0.9103080859632787, 'Scaf/TestSF': 0.047205794755209696, 'IntDiv': 0.8448267927840879, 'IntDiv2': 0.8351436383388855, 'Filters': 0.9501034126163392, 'logP': 0.2389887919702603, 'SA': 0.021305364579427305, 'QED': 0.014304784133957157, 'weight': 22.1782851348271, 'Novelty': 0.9479912490055689}
Epoch: 54:
	Train Loss: 0.353 --- Reconstruction Loss: 0.343 --- KL Loss: 20.710 --- Beta: 0.000500
	Validity: 0.39% --- Uniquene@1000: 0.98% --- Unique@10000: 0.88%

/home/80027464/graphvae/metrics.py:527: UserWarning: Can't compute unique@10000.gen contains only 9625 molecules
  warnings.warn(
{'valid': 0.3208333333333333, 'unique@1000': 0.971, 'unique@10000': 0.8482077922077922, 'FCD/Test': 14.662192552671847, 'SNN/Test': 0.5468900261838715, 'Frag/Test': 0.9311351176708736, 'Scaf/Test': 0.46338667662801325, 'FCD/TestSF': 15.72724796535546, 'SNN/TestSF': 0.4946109576674251, 'Frag/TestSF': 0.9232287779772977, 'Scaf/TestSF': 0.06035599339532649, 'IntDiv': 0.8376261468582655, 'IntDiv2': 0.827353490725023, 'Filters': 0.9590649350649351, 'logP': 0.2843662639490865, 'SA': 0.1154991990208733, 'QED': 0.012179120592263313, 'weight': 23.95548561674352, 'Novelty': 0.9223419892209701}
Epoch: 55:
	Train Loss: 0.351 --- Reconstruction Loss: 0.340 --- KL Loss: 20.694 --- Beta: 0.000500
	Validity: 0.32% --- Uniquene@1000: 0.97% --- Unique@10000: 0.85%

/home/80027464/graphvae/metrics.py:527: UserWarning: Can't compute unique@10000.gen contains only 8095 molecules
  warnings.warn(
{'valid': 0.26983333333333337, 'unique@1000': 0.978, 'unique@10000': 0.8557134033353923, 'FCD/Test': 14.039283339397741, 'SNN/Test': 0.5360109346637467, 'Frag/Test': 0.929942614057822, 'Scaf/Test': 0.25301485283327574, 'FCD/TestSF': 14.947157746031479, 'SNN/TestSF': 0.4856441668554027, 'Frag/TestSF': 0.9222702758263361, 'Scaf/TestSF': 0.03461504619309341, 'IntDiv': 0.8461817264345532, 'IntDiv2': 0.8353472061381771, 'Filters': 0.9618282890673255, 'logP': 0.16031451212295264, 'SA': 0.08512287146915734, 'QED': 0.010413314953875, 'weight': 30.037753095988652, 'Novelty': 0.9305615706655118}
Epoch: 56:
	Train Loss: 0.348 --- Reconstruction Loss: 0.338 --- KL Loss: 20.578 --- Beta: 0.000500
	Validity: 0.27% --- Uniquene@1000: 0.98% --- Unique@10000: 0.86%

{'valid': 0.5098666666666667, 'unique@1000': 0.975, 'unique@10000': 0.875, 'FCD/Test': 13.765212739014864, 'SNN/Test': 0.5424904601646502, 'Frag/Test': 0.9285296865137539, 'Scaf/Test': 0.29620281745997634, 'FCD/TestSF': 14.36455842088462, 'SNN/TestSF': 0.49222206267251567, 'Frag/TestSF': 0.9206408011450117, 'Scaf/TestSF': 0.05146796759379235, 'IntDiv': 0.8429357810158713, 'IntDiv2': 0.8331112764201415, 'Filters': 0.9721495815899581, 'logP': 0.3417742649564796, 'SA': 0.05974487487324151, 'QED': 0.014384895909733205, 'weight': 25.608299177132718, 'Novelty': 0.926631914728079}
Epoch: 57:
	Train Loss: 0.345 --- Reconstruction Loss: 0.335 --- KL Loss: 20.388 --- Beta: 0.000500
	Validity: 0.51% --- Uniquene@1000: 0.97% --- Unique@10000: 0.88%

{'valid': 0.4711666666666666, 'unique@1000': 0.97, 'unique@10000': 0.8451, 'FCD/Test': 14.38746018126534, 'SNN/Test': 0.5475269089476312, 'Frag/Test': 0.9295896108736998, 'Scaf/Test': 0.29042673906594807, 'FCD/TestSF': 14.863248188078032, 'SNN/TestSF': 0.49953381584691714, 'Frag/TestSF': 0.9233906008124827, 'Scaf/TestSF': 0.036357944319102, 'IntDiv': 0.8410015883489971, 'IntDiv2': 0.8304024038554335, 'Filters': 0.9675274142200212, 'logP': 0.3460359911707744, 'SA': 0.07625932328233262, 'QED': 0.017873386709887067, 'weight': 21.28722079022964, 'Novelty': 0.9261165387299372}
Epoch: 58:
	Train Loss: 0.342 --- Reconstruction Loss: 0.332 --- KL Loss: 20.494 --- Beta: 0.000500
	Validity: 0.47% --- Uniquene@1000: 0.97% --- Unique@10000: 0.85%

{'valid': 0.45156666666666667, 'unique@1000': 0.983, 'unique@10000': 0.8845, 'FCD/Test': 13.793271223326187, 'SNN/Test': 0.5338822674855118, 'Frag/Test': 0.9231515989663475, 'Scaf/Test': 0.2253647781804211, 'FCD/TestSF': 14.434470843952063, 'SNN/TestSF': 0.483798898482064, 'Frag/TestSF': 0.9169403515952103, 'Scaf/TestSF': 0.029819823779882126, 'IntDiv': 0.8458826681332687, 'IntDiv2': 0.8361857029932644, 'Filters': 0.9642725326640584, 'logP': 0.2555256005506089, 'SA': 0.05600234478117946, 'QED': 0.012695806286795718, 'weight': 25.86980780063588, 'Novelty': 0.9356282271944922}
Epoch: 59:
	Train Loss: 0.340 --- Reconstruction Loss: 0.330 --- KL Loss: 20.422 --- Beta: 0.000500
	Validity: 0.45% --- Uniquene@1000: 0.98% --- Unique@10000: 0.88%

{'valid': 0.5327, 'unique@1000': 0.988, 'unique@10000': 0.9075, 'FCD/Test': 13.426102506339717, 'SNN/Test': 0.5303215619931195, 'Frag/Test': 0.9050650419299165, 'Scaf/Test': 0.29420941098733033, 'FCD/TestSF': 13.898790377255402, 'SNN/TestSF': 0.4840491969761014, 'Frag/TestSF': 0.9005593866229124, 'Scaf/TestSF': 0.04471574094377362, 'IntDiv': 0.853199288358101, 'IntDiv2': 0.8435887409230242, 'Filters': 0.9598898692196984, 'logP': 0.25869335794786186, 'SA': 0.03179247414924598, 'QED': 0.013905277025815605, 'weight': 26.439482985785677, 'Novelty': 0.9327470626396598}
Epoch: 60:
	Train Loss: 0.338 --- Reconstruction Loss: 0.328 --- KL Loss: 20.338 --- Beta: 0.000500
	Validity: 0.53% --- Uniquene@1000: 0.99% --- Unique@10000: 0.91%

{'valid': 0.4852666666666666, 'unique@1000': 0.982, 'unique@10000': 0.871, 'FCD/Test': 13.690843430613967, 'SNN/Test': 0.53433777804103, 'Frag/Test': 0.923773288276557, 'Scaf/Test': 0.27299011729757383, 'FCD/TestSF': 14.634927569232971, 'SNN/TestSF': 0.479118414598845, 'Frag/TestSF': 0.9134133759455167, 'Scaf/TestSF': 0.03211778445380664, 'IntDiv': 0.8389745600643922, 'IntDiv2': 0.8294997144344621, 'Filters': 0.9645555708201676, 'logP': 0.1795945240723678, 'SA': 0.0334854708455042, 'QED': 0.016825344737392414, 'weight': 32.63956851829276, 'Novelty': 0.9370623676925582}
Epoch: 61:
	Train Loss: 0.327 --- Reconstruction Loss: 0.323 --- KL Loss: 31.097 --- Beta: 0.000100
	Validity: 0.49% --- Uniquene@1000: 0.98% --- Unique@10000: 0.87%

{'valid': 0.6109, 'unique@1000': 0.974, 'unique@10000': 0.8725, 'FCD/Test': 13.151640385180293, 'SNN/Test': 0.5478010512329445, 'Frag/Test': 0.9404913396470229, 'Scaf/Test': 0.31920437404274526, 'FCD/TestSF': 13.81091271563271, 'SNN/TestSF': 0.49583755463317836, 'Frag/TestSF': 0.9317772616441047, 'Scaf/TestSF': 0.06489400982017868, 'IntDiv': 0.8412001652825829, 'IntDiv2': 0.8315945354910167, 'Filters': 0.9626234517378731, 'logP': 0.19994743218273917, 'SA': 0.06900729812497947, 'QED': 0.012653088242043814, 'weight': 30.019945226398445, 'Novelty': 0.9265046679467656}
Epoch: 62:
	Train Loss: 0.325 --- Reconstruction Loss: 0.321 --- KL Loss: 31.794 --- Beta: 0.000140
	Validity: 0.61% --- Uniquene@1000: 0.97% --- Unique@10000: 0.87%

{'valid': 0.5976333333333333, 'unique@1000': 0.98, 'unique@10000': 0.8876, 'FCD/Test': 13.770308526144241, 'SNN/Test': 0.5417074927851043, 'Frag/Test': 0.926086415599365, 'Scaf/Test': 0.3255587293728647, 'FCD/TestSF': 14.696696780009525, 'SNN/TestSF': 0.4835836774493442, 'Frag/TestSF': 0.9169155995852488, 'Scaf/TestSF': 0.04248112638668655, 'IntDiv': 0.8390074324059738, 'IntDiv2': 0.8294414260774166, 'Filters': 0.9645825199397624, 'logP': 0.24481278475838503, 'SA': 0.05967983625454358, 'QED': 0.01140786186238339, 'weight': 24.869487993841943, 'Novelty': 0.9322754133191687}
Epoch: 63:
	Train Loss: 0.324 --- Reconstruction Loss: 0.319 --- KL Loss: 30.526 --- Beta: 0.000180
	Validity: 0.60% --- Uniquene@1000: 0.98% --- Unique@10000: 0.89%

{'valid': 0.4612666666666667, 'unique@1000': 0.982, 'unique@10000': 0.895, 'FCD/Test': 13.7591827173664, 'SNN/Test': 0.5166398735695672, 'Frag/Test': 0.9058240189230377, 'Scaf/Test': 0.2517549314069232, 'FCD/TestSF': 14.503136075345218, 'SNN/TestSF': 0.46973947189238946, 'Frag/TestSF': 0.8969883873838758, 'Scaf/TestSF': 0.042801880479397036, 'IntDiv': 0.8491248504479245, 'IntDiv2': 0.8395026706450104, 'Filters': 0.9614828732475791, 'logP': 0.16676825658221317, 'SA': 0.052031747108081824, 'QED': 0.015945050746678742, 'weight': 30.915060650528037, 'Novelty': 0.9493691899070386}
Epoch: 64:
	Train Loss: 0.323 --- Reconstruction Loss: 0.317 --- KL Loss: 28.746 --- Beta: 0.000220
	Validity: 0.46% --- Uniquene@1000: 0.98% --- Unique@10000: 0.90%

{'valid': 0.44899999999999995, 'unique@1000': 0.991, 'unique@10000': 0.8824, 'FCD/Test': 13.929964572597271, 'SNN/Test': 0.5275225941614478, 'Frag/Test': 0.9198085819621082, 'Scaf/Test': 0.2596263877324614, 'FCD/TestSF': 14.71079872655966, 'SNN/TestSF': 0.4757122240977192, 'Frag/TestSF': 0.9100754911619303, 'Scaf/TestSF': 0.04437813401334045, 'IntDiv': 0.845583988252348, 'IntDiv2': 0.8359564945305601, 'Filters': 0.9641425389755011, 'logP': 0.19042544129176342, 'SA': 0.02009271241067636, 'QED': 0.019175842750982684, 'weight': 26.844465304275527, 'Novelty': 0.9434174153420871}
Epoch: 65:
	Train Loss: 0.323 --- Reconstruction Loss: 0.316 --- KL Loss: 27.401 --- Beta: 0.000260
	Validity: 0.45% --- Uniquene@1000: 0.99% --- Unique@10000: 0.88%

{'valid': 0.3404666666666667, 'unique@1000': 0.977, 'unique@10000': 0.8791, 'FCD/Test': 13.652782627468014, 'SNN/Test': 0.5075608023767114, 'Frag/Test': 0.864112536000623, 'Scaf/Test': 0.2303710845269732, 'FCD/TestSF': 14.499853743330434, 'SNN/TestSF': 0.4539389718219635, 'Frag/TestSF': 0.8548564485230289, 'Scaf/TestSF': 0.022641978201550006, 'IntDiv': 0.8522435409125666, 'IntDiv2': 0.8419998469874669, 'Filters': 0.954180536518504, 'logP': 0.169666070891191, 'SA': 0.12496810119790228, 'QED': 0.010082704169015856, 'weight': 28.334413736582057, 'Novelty': 0.9527954469367258}
Epoch: 66:
	Train Loss: 0.321 --- Reconstruction Loss: 0.313 --- KL Loss: 26.058 --- Beta: 0.000300
	Validity: 0.34% --- Uniquene@1000: 0.98% --- Unique@10000: 0.88%

{'valid': 0.6057666666666667, 'unique@1000': 0.993, 'unique@10000': 0.9108, 'FCD/Test': 13.653906509216043, 'SNN/Test': 0.5358377274180957, 'Frag/Test': 0.9170599244266326, 'Scaf/Test': 0.34377076533976014, 'FCD/TestSF': 14.50705852568953, 'SNN/TestSF': 0.479640068963858, 'Frag/TestSF': 0.9071167885789894, 'Scaf/TestSF': 0.05279544105312861, 'IntDiv': 0.8415775996891741, 'IntDiv2': 0.8320311256070028, 'Filters': 0.9580696637869367, 'logP': 0.22782408560266218, 'SA': 0.02426035225290362, 'QED': 0.023660782543045496, 'weight': 24.7059039595671, 'Novelty': 0.9400252525252525}
Epoch: 67:
	Train Loss: 0.320 --- Reconstruction Loss: 0.311 --- KL Loss: 24.878 --- Beta: 0.000340
	Validity: 0.61% --- Uniquene@1000: 0.99% --- Unique@10000: 0.91%

{'valid': 0.6473666666666666, 'unique@1000': 0.986, 'unique@10000': 0.9212, 'FCD/Test': 13.467974690398663, 'SNN/Test': 0.5235585521912944, 'Frag/Test': 0.9259456106292063, 'Scaf/Test': 0.3238374974586615, 'FCD/TestSF': 14.319758049561102, 'SNN/TestSF': 0.4702327680867976, 'Frag/TestSF': 0.9171894492924328, 'Scaf/TestSF': 0.05483430523808841, 'IntDiv': 0.8466046752095397, 'IntDiv2': 0.837533834834634, 'Filters': 0.9646259203954483, 'logP': 0.27140812577700496, 'SA': 0.019858096742187012, 'QED': 0.013286824942208812, 'weight': 23.35520088038605, 'Novelty': 0.9381551976573939}
Epoch: 68:
	Train Loss: 0.319 --- Reconstruction Loss: 0.310 --- KL Loss: 23.861 --- Beta: 0.000380
	Validity: 0.65% --- Uniquene@1000: 0.99% --- Unique@10000: 0.92%

{'valid': 0.6857666666666666, 'unique@1000': 0.989, 'unique@10000': 0.9319, 'FCD/Test': 14.06686596207311, 'SNN/Test': 0.5240931405328623, 'Frag/Test': 0.8972689771200709, 'Scaf/Test': 0.2957999276754344, 'FCD/TestSF': 14.927778283652636, 'SNN/TestSF': 0.4721426488262606, 'Frag/TestSF': 0.8878294213814422, 'Scaf/TestSF': 0.05691778737840858, 'IntDiv': 0.8454698977417832, 'IntDiv2': 0.8360100359289854, 'Filters': 0.9700578428036747, 'logP': 0.23398084247969467, 'SA': 0.020627694104422428, 'QED': 0.03066176667955719, 'weight': 22.53730702638512, 'Novelty': 0.946468686647307}
Epoch: 69:
	Train Loss: 0.318 --- Reconstruction Loss: 0.308 --- KL Loss: 22.871 --- Beta: 0.000420
	Validity: 0.69% --- Uniquene@1000: 0.99% --- Unique@10000: 0.93%

{'valid': 0.5866333333333333, 'unique@1000': 0.986, 'unique@10000': 0.9273, 'FCD/Test': 14.025192124584102, 'SNN/Test': 0.5305721954419752, 'Frag/Test': 0.9124809235899124, 'Scaf/Test': 0.3269125390167261, 'FCD/TestSF': 14.9396526873969, 'SNN/TestSF': 0.47790581653694436, 'Frag/TestSF': 0.9035718870675871, 'Scaf/TestSF': 0.04971698393255097, 'IntDiv': 0.84731484378185, 'IntDiv2': 0.8376984346031892, 'Filters': 0.9723279731802943, 'logP': 0.2119763572731302, 'SA': 0.033694912431007085, 'QED': 0.019988295943188863, 'weight': 27.309574770615654, 'Novelty': 0.9391591515305474}
Epoch: 70:
	Train Loss: 0.317 --- Reconstruction Loss: 0.307 --- KL Loss: 22.077 --- Beta: 0.000460
	Validity: 0.59% --- Uniquene@1000: 0.99% --- Unique@10000: 0.93%

{'valid': 0.6485000000000001, 'unique@1000': 0.987, 'unique@10000': 0.9269, 'FCD/Test': 13.144047647922307, 'SNN/Test': 0.5334049895670016, 'Frag/Test': 0.9157575415688364, 'Scaf/Test': 0.34140824727285934, 'FCD/TestSF': 13.780825879647011, 'SNN/TestSF': 0.4857423512795014, 'Frag/TestSF': 0.9082951843845678, 'Scaf/TestSF': 0.07411673205824842, 'IntDiv': 0.8488829275386041, 'IntDiv2': 0.839355971639121, 'Filters': 0.9622205088666153, 'logP': 0.33653183623811767, 'SA': 0.032879636071623954, 'QED': 0.012934586637025203, 'weight': 26.77991651804823, 'Novelty': 0.9382996045591998}
Epoch: 71:
	Train Loss: 0.316 --- Reconstruction Loss: 0.305 --- KL Loss: 21.333 --- Beta: 0.000500
	Validity: 0.65% --- Uniquene@1000: 0.99% --- Unique@10000: 0.93%

{'valid': 0.5924333333333334, 'unique@1000': 0.989, 'unique@10000': 0.9317, 'FCD/Test': 13.621697237405748, 'SNN/Test': 0.5247234719440342, 'Frag/Test': 0.891598505157, 'Scaf/Test': 0.3216600003427367, 'FCD/TestSF': 14.58649557928377, 'SNN/TestSF': 0.4711555646160126, 'Frag/TestSF': 0.8832613288613165, 'Scaf/TestSF': 0.04584572942583898, 'IntDiv': 0.8495753874834368, 'IntDiv2': 0.8401436807262276, 'Filters': 0.9668035784617116, 'logP': 0.35992564232656, 'SA': 0.02878745199052184, 'QED': 0.019282117786233444, 'weight': 29.03492398831438, 'Novelty': 0.941692789968652}
Epoch: 72:
	Train Loss: 0.313 --- Reconstruction Loss: 0.303 --- KL Loss: 20.899 --- Beta: 0.000500
	Validity: 0.59% --- Uniquene@1000: 0.99% --- Unique@10000: 0.93%

{'valid': 0.7136, 'unique@1000': 0.992, 'unique@10000': 0.9306, 'FCD/Test': 13.129075284247492, 'SNN/Test': 0.5353207687655205, 'Frag/Test': 0.9143523758212132, 'Scaf/Test': 0.3341773342010883, 'FCD/TestSF': 13.748552784982394, 'SNN/TestSF': 0.4900674268551817, 'Frag/TestSF': 0.9070951754042431, 'Scaf/TestSF': 0.05193143297612035, 'IntDiv': 0.8499583384272642, 'IntDiv2': 0.8403543429925878, 'Filters': 0.9699177877428998, 'logP': 0.28155152542337, 'SA': 0.047086828977979285, 'QED': 0.012663244339808429, 'weight': 26.243950023215334, 'Novelty': 0.9329842378081032}
Epoch: 73:
	Train Loss: 0.312 --- Reconstruction Loss: 0.302 --- KL Loss: 20.895 --- Beta: 0.000500
	Validity: 0.71% --- Uniquene@1000: 0.99% --- Unique@10000: 0.93%

{'valid': 0.5655333333333333, 'unique@1000': 0.987, 'unique@10000': 0.9237, 'FCD/Test': 13.496830762049896, 'SNN/Test': 0.5239473091251555, 'Frag/Test': 0.8899059568301996, 'Scaf/Test': 0.2535485384973729, 'FCD/TestSF': 14.108014479460415, 'SNN/TestSF': 0.4804044073059159, 'Frag/TestSF': 0.8841803560985924, 'Scaf/TestSF': 0.06155333189771872, 'IntDiv': 0.852228782033464, 'IntDiv2': 0.8425277149979948, 'Filters': 0.962984793115643, 'logP': 0.23551255542365707, 'SA': 0.02187033767471511, 'QED': 0.013932939468125143, 'weight': 27.49461198778882, 'Novelty': 0.9369238872794311}
Epoch: 74:
	Train Loss: 0.310 --- Reconstruction Loss: 0.300 --- KL Loss: 20.822 --- Beta: 0.000500
	Validity: 0.57% --- Uniquene@1000: 0.99% --- Unique@10000: 0.92%

{'valid': 0.5973999999999999, 'unique@1000': 0.991, 'unique@10000': 0.9477, 'FCD/Test': 12.39740595456584, 'SNN/Test': 0.5213769852230424, 'Frag/Test': 0.908169490129077, 'Scaf/Test': 0.34702943675771103, 'FCD/TestSF': 13.2034992800549, 'SNN/TestSF': 0.47351529251506796, 'Frag/TestSF': 0.9009789413741519, 'Scaf/TestSF': 0.048353546987367046, 'IntDiv': 0.8535045980909253, 'IntDiv2': 0.8443738750192988, 'Filters': 0.9649592679388461, 'logP': 0.28639985431426107, 'SA': 0.0315617875296116, 'QED': 0.02186806419648029, 'weight': 28.355585817374244, 'Novelty': 0.944078947368421}
Epoch: 75:
	Train Loss: 0.309 --- Reconstruction Loss: 0.298 --- KL Loss: 20.798 --- Beta: 0.000500
	Validity: 0.60% --- Uniquene@1000: 0.99% --- Unique@10000: 0.95%

{'valid': 0.7375666666666667, 'unique@1000': 0.994, 'unique@10000': 0.9342, 'FCD/Test': 12.29368368583259, 'SNN/Test': 0.5388608008135554, 'Frag/Test': 0.9265274826145599, 'Scaf/Test': 0.4266906366259129, 'FCD/TestSF': 13.107480670157372, 'SNN/TestSF': 0.49112961882952727, 'Frag/TestSF': 0.9185313601682332, 'Scaf/TestSF': 0.06033566698348236, 'IntDiv': 0.8463662075329481, 'IntDiv2': 0.8368246082915677, 'Filters': 0.9634835269128215, 'logP': 0.15358411846842765, 'SA': 0.06482551922972143, 'QED': 0.017562616831290512, 'weight': 23.74992847726073, 'Novelty': 0.9322379834677008}
Epoch: 76:
	Train Loss: 0.307 --- Reconstruction Loss: 0.296 --- KL Loss: 20.635 --- Beta: 0.000500
	Validity: 0.74% --- Uniquene@1000: 0.99% --- Unique@10000: 0.93%

{'valid': 0.5627333333333333, 'unique@1000': 0.991, 'unique@10000': 0.9502, 'FCD/Test': 13.514867413192022, 'SNN/Test': 0.5181544499736362, 'Frag/Test': 0.900243363643716, 'Scaf/Test': 0.32084310526721904, 'FCD/TestSF': 14.298947717315485, 'SNN/TestSF': 0.469900940200112, 'Frag/TestSF': 0.8934379094075938, 'Scaf/TestSF': 0.050085481246395336, 'IntDiv': 0.8516199604572893, 'IntDiv2': 0.8424655151621545, 'Filters': 0.9577656675749319, 'logP': 0.30343055504067196, 'SA': 0.015173011510299265, 'QED': 0.02215089280853791, 'weight': 22.93234345910976, 'Novelty': 0.9473785166240409}
Epoch: 77:
	Train Loss: 0.306 --- Reconstruction Loss: 0.295 --- KL Loss: 20.664 --- Beta: 0.000500
	Validity: 0.56% --- Uniquene@1000: 0.99% --- Unique@10000: 0.95%

{'valid': 0.47240000000000004, 'unique@1000': 0.995, 'unique@10000': 0.9357, 'FCD/Test': 13.785142971950592, 'SNN/Test': 0.514679526226217, 'Frag/Test': 0.9053241834192196, 'Scaf/Test': 0.286410366343232, 'FCD/TestSF': 14.493786938442796, 'SNN/TestSF': 0.4662607173389915, 'Frag/TestSF': 0.8985318138895562, 'Scaf/TestSF': 0.04732585226455699, 'IntDiv': 0.8520190266322347, 'IntDiv2': 0.8425770765343868, 'Filters': 0.9561106406999718, 'logP': 0.24822155944639765, 'SA': 0.0668581944095784, 'QED': 0.015506948129670552, 'weight': 19.84440312702442, 'Novelty': 0.949708230958231}
Epoch: 78:
	Train Loss: 0.303 --- Reconstruction Loss: 0.293 --- KL Loss: 20.631 --- Beta: 0.000500
	Validity: 0.47% --- Uniquene@1000: 0.99% --- Unique@10000: 0.94%

{'valid': 0.6060666666666666, 'unique@1000': 0.99, 'unique@10000': 0.9428, 'FCD/Test': 12.332379477937359, 'SNN/Test': 0.5255547247981949, 'Frag/Test': 0.9271050304196827, 'Scaf/Test': 0.360455038489225, 'FCD/TestSF': 13.127483600803622, 'SNN/TestSF': 0.4776545315931738, 'Frag/TestSF': 0.9180550133936977, 'Scaf/TestSF': 0.05513553887731615, 'IntDiv': 0.8522780804950191, 'IntDiv2': 0.8429694528027218, 'Filters': 0.9622153778462216, 'logP': 0.22886532772962598, 'SA': 0.03866038767982023, 'QED': 0.013692175559497446, 'weight': 27.294896640658834, 'Novelty': 0.9373413897280967}
Epoch: 79:
	Train Loss: 0.302 --- Reconstruction Loss: 0.292 --- KL Loss: 20.686 --- Beta: 0.000500
	Validity: 0.61% --- Uniquene@1000: 0.99% --- Unique@10000: 0.94%

{'valid': 0.6399666666666667, 'unique@1000': 0.993, 'unique@10000': 0.9477, 'FCD/Test': 12.69905545798003, 'SNN/Test': 0.5299423958960098, 'Frag/Test': 0.9252660429070304, 'Scaf/Test': 0.31741211731857344, 'FCD/TestSF': 13.485780844428007, 'SNN/TestSF': 0.4825479750718864, 'Frag/TestSF': 0.9164224783979973, 'Scaf/TestSF': 0.04355955994813088, 'IntDiv': 0.8482533491397506, 'IntDiv2': 0.838976060886345, 'Filters': 0.9629668211886036, 'logP': 0.20848992332306224, 'SA': 0.029900134223445507, 'QED': 0.014343446631108675, 'weight': 23.547328881546726, 'Novelty': 0.9374570446735395}
Epoch: 80:
	Train Loss: 0.300 --- Reconstruction Loss: 0.290 --- KL Loss: 20.662 --- Beta: 0.000500
	Validity: 0.64% --- Uniquene@1000: 0.99% --- Unique@10000: 0.95%

