2024-02-15 02:31:21.226121: E external/local_xla/xla/stream_executor/cuda/cuda_dnn.cc:9261] Unable to register cuDNN factory: Attempting to register factory for plugin cuDNN when one has already been registered
2024-02-15 02:31:21.226185: E external/local_xla/xla/stream_executor/cuda/cuda_fft.cc:607] Unable to register cuFFT factory: Attempting to register factory for plugin cuFFT when one has already been registered
2024-02-15 02:31:21.227140: E external/local_xla/xla/stream_executor/cuda/cuda_blas.cc:1515] Unable to register cuBLAS factory: Attempting to register factory for plugin cuBLAS when one has already been registered
2024-02-15 02:31:21.231746: I tensorflow/core/platform/cpu_feature_guard.cc:182] This TensorFlow binary is optimized to use available CPU instructions in performance-critical operations.
To enable the following instructions: AVX2 FMA, in other operations, rebuild TensorFlow with the appropriate compiler flags.
2024-02-15 02:31:22.141107: W tensorflow/compiler/tf2tensorrt/utils/py_utils.cc:38] TF-TRT Warning: Could not find TensorRT

Arguments:
	data_path: data/moses_train.txt
	max_len: 30
	batch: 128
	d_model: 512
	d_latent: 256
	d_ff: 1024
	e_heads: 1
	d_heads: 8
	n_layers: 6
	dropout: 0.5
	lr: 0.0005
	n_epochs: 100
	kl_type: monotonic
	kl_w_start: 0.0001
	kl_w_end: 0.01
	kl_cycle: 4
	kl_ratio: 0.9
	save_name: klcompare

Number of data: 88192

SMILES Vocab:
	 {'<START>': 0, '<END>': 1, '<PAD>': 2, 'C': 3, 'O': 4, 'c': 5, '1': 6, '(': 7, '=': 8, ')': 9, 'N': 10, 'n': 11, '2': 12, 'F': 13, 'Cl': 14, 'Br': 15, '#': 16, '3': 17, 'S': 18, 'o': 19, '-': 20, 's': 21, '[nH]': 22, '4': 23}

Graph Vocab:
	 {'C': 0, 'O': 1, 'N': 2, 'F': 3, 'Cl': 4, 'Br': 5, 'S': 6}


KL Annealer: [0.0001, 0.000199, 0.00029800000000000003, 0.000397, 0.000496, 0.000595, 0.0006940000000000001, 0.0007930000000000001, 0.0008920000000000001, 0.0009910000000000001, 0.00109, 0.0011890000000000002, 0.001288, 0.0013870000000000002, 0.0014860000000000001, 0.0015850000000000003, 0.0016840000000000002, 0.001783, 0.0018820000000000002, 0.001981, 0.00208, 0.002179, 0.002278, 0.002377, 0.002476, 0.002575, 0.002674, 0.002773, 0.002872, 0.002971, 0.0030700000000000002, 0.003169, 0.003268, 0.003367, 0.003466, 0.003565, 0.003664, 0.0037630000000000003, 0.003862, 0.003961, 0.00406, 0.004159, 0.0042580000000000005, 0.004357000000000001, 0.004456000000000001, 0.004555000000000001, 0.004654000000000001, 0.004753, 0.004852, 0.0049510000000000005, 0.005050000000000001, 0.005149000000000001, 0.005248000000000001, 0.005347000000000001, 0.005446, 0.0055450000000000004, 0.005644000000000001, 0.005743000000000001, 0.005842000000000001, 0.005941000000000001, 0.006040000000000001, 0.006139, 0.0062380000000000005, 0.006337000000000001, 0.006436000000000001, 0.006535000000000001, 0.006634000000000001, 0.006733000000000001, 0.006832, 0.0069310000000000005, 0.007030000000000001, 0.007129000000000001, 0.007228000000000001, 0.007327000000000001, 0.007426000000000001, 0.0075250000000000004, 0.007624000000000001, 0.007723000000000001, 0.007822, 0.007921, 0.00802, 0.008119, 0.008218, 0.008317, 0.008416, 0.008515, 0.008614, 0.008713, 0.008812, 0.008911, 0.00901, 0.009109, 0.009208000000000001, 0.009307, 0.009406, 0.009505, 0.009604, 0.009703, 0.009802, 0.009901]




#########################################################################
######################### START TRAINING ################################
#########################################################################




{'valid': 0.46309999999999996, 'unique@1000': 0.808, 'unique@10000': 0.5398, 'FCD/Test': 20.642401961959607, 'SNN/Test': 0.600030949143125, 'Frag/Test': 0.8478555035519465, 'Scaf/Test': 0.22376546838933264, 'FCD/TestSF': 21.76991690533073, 'SNN/TestSF': 0.5286107166527947, 'Frag/TestSF': 0.8394157925601798, 'Scaf/TestSF': 0.034056130666496154, 'IntDiv': 0.7877826095376402, 'IntDiv2': 0.7710845795729768, 'Filters': 0.9740876700496653, 'logP': 0.4225881403320679, 'SA': 0.2711277211097792, 'QED': 0.03228266267265073, 'weight': 17.059603764075547, 'Novelty': 0.9493360277136259}
Epoch: 31:
	Train Loss: 0.486 --- Reconstruction Loss: 0.464 --- KL Loss: 7.260 --- Beta: 0.003070
	Validity: 0.46% --- Uniquene@1000: 0.81% --- Unique@10000: 0.54%

{'valid': 0.5477333333333334, 'unique@1000': 0.858, 'unique@10000': 0.5968, 'FCD/Test': 19.79849376307159, 'SNN/Test': 0.6092546665143247, 'Frag/Test': 0.8613136249872421, 'Scaf/Test': 0.2868204247909032, 'FCD/TestSF': 20.79273453476629, 'SNN/TestSF': 0.5523402742187274, 'Frag/TestSF': 0.8535550190447415, 'Scaf/TestSF': 0.05170432542113501, 'IntDiv': 0.7905113443605859, 'IntDiv2': 0.7757700196154592, 'Filters': 0.9856377799415774, 'logP': 0.48538840863466604, 'SA': 0.348927198634926, 'QED': 0.058905286398683906, 'weight': 12.25974599848818, 'Novelty': 0.9435585637260525}
Epoch: 32:
	Train Loss: 0.481 --- Reconstruction Loss: 0.459 --- KL Loss: 6.934 --- Beta: 0.003169
	Validity: 0.55% --- Uniquene@1000: 0.86% --- Unique@10000: 0.60%

{'valid': 0.6321666666666667, 'unique@1000': 0.887, 'unique@10000': 0.6229, 'FCD/Test': 19.108668071945075, 'SNN/Test': 0.5980428239537392, 'Frag/Test': 0.8309039763651639, 'Scaf/Test': 0.28663235328779135, 'FCD/TestSF': 20.41770202897918, 'SNN/TestSF': 0.5266858612535624, 'Frag/TestSF': 0.8180253273449891, 'Scaf/TestSF': 0.04977906939389509, 'IntDiv': 0.795677837790326, 'IntDiv2': 0.7823060197487519, 'Filters': 0.9853941471131031, 'logP': 0.1512744283542152, 'SA': 0.2885167032964348, 'QED': 0.0705316091824432, 'weight': 15.455249625298826, 'Novelty': 0.9356361080429763}
Epoch: 33:
	Train Loss: 0.476 --- Reconstruction Loss: 0.454 --- KL Loss: 6.613 --- Beta: 0.003268
	Validity: 0.63% --- Uniquene@1000: 0.89% --- Unique@10000: 0.62%

{'valid': 0.48760000000000003, 'unique@1000': 0.925, 'unique@10000': 0.7044, 'FCD/Test': 17.95340946500503, 'SNN/Test': 0.5700651714046013, 'Frag/Test': 0.8531799823586532, 'Scaf/Test': 0.2533708690736304, 'FCD/TestSF': 19.063261975466865, 'SNN/TestSF': 0.5115970134559895, 'Frag/TestSF': 0.8423262683818429, 'Scaf/TestSF': 0.03577588295869483, 'IntDiv': 0.8106045016554666, 'IntDiv2': 0.7975449319410891, 'Filters': 0.9806535411539513, 'logP': 0.4422244851282003, 'SA': 0.2117903978627126, 'QED': 0.08143155063876001, 'weight': 9.70434823343817, 'Novelty': 0.9578980359381529}
Epoch: 34:
	Train Loss: 0.471 --- Reconstruction Loss: 0.449 --- KL Loss: 6.342 --- Beta: 0.003367
	Validity: 0.49% --- Uniquene@1000: 0.93% --- Unique@10000: 0.70%

{'valid': 0.5836666666666667, 'unique@1000': 0.911, 'unique@10000': 0.6985, 'FCD/Test': 17.72848082614987, 'SNN/Test': 0.5849093787384877, 'Frag/Test': 0.8716446294669965, 'Scaf/Test': 0.31575703124328647, 'FCD/TestSF': 18.860660876620898, 'SNN/TestSF': 0.5234947336147269, 'Frag/TestSF': 0.8611455739754749, 'Scaf/TestSF': 0.0251782951702747, 'IntDiv': 0.8066948767958269, 'IntDiv2': 0.793317270142185, 'Filters': 0.9798972015990862, 'logP': 0.4696864288458182, 'SA': 0.27620783966965495, 'QED': 0.06503103847433493, 'weight': 10.037399069745671, 'Novelty': 0.9474455227980223}
Epoch: 35:
	Train Loss: 0.467 --- Reconstruction Loss: 0.445 --- KL Loss: 6.172 --- Beta: 0.003466
	Validity: 0.58% --- Uniquene@1000: 0.91% --- Unique@10000: 0.70%

{'valid': 0.4807, 'unique@1000': 0.894, 'unique@10000': 0.6779, 'FCD/Test': 16.442101341459768, 'SNN/Test': 0.5901879558107094, 'Frag/Test': 0.878297045627361, 'Scaf/Test': 0.46186415168837147, 'FCD/TestSF': 17.551475906706145, 'SNN/TestSF': 0.5227642372704174, 'Frag/TestSF': 0.8675865588558972, 'Scaf/TestSF': 0.02951571124118968, 'IntDiv': 0.8101482229708379, 'IntDiv2': 0.7972671667148712, 'Filters': 0.9774634213993482, 'logP': 0.43982881461101686, 'SA': 0.27919518401659316, 'QED': 0.05506490868748997, 'weight': 11.556997523613264, 'Novelty': 0.9434419014084507}
Epoch: 36:
	Train Loss: 0.463 --- Reconstruction Loss: 0.442 --- KL Loss: 5.927 --- Beta: 0.003565
	Validity: 0.48% --- Uniquene@1000: 0.89% --- Unique@10000: 0.68%

{'valid': 0.5525666666666667, 'unique@1000': 0.907, 'unique@10000': 0.7066, 'FCD/Test': 16.110658487753483, 'SNN/Test': 0.5837439852193921, 'Frag/Test': 0.8846090656627134, 'Scaf/Test': 0.26023545935822034, 'FCD/TestSF': 17.05308806720285, 'SNN/TestSF': 0.5333479074292155, 'Frag/TestSF': 0.8775849590396688, 'Scaf/TestSF': 0.043350052331319056, 'IntDiv': 0.8172904608035025, 'IntDiv2': 0.803797108031377, 'Filters': 0.9722507088134161, 'logP': 0.45933759017411874, 'SA': 0.2461582560438548, 'QED': 0.03039711923041755, 'weight': 8.87996373624214, 'Novelty': 0.9448146410136087}
Epoch: 37:
	Train Loss: 0.459 --- Reconstruction Loss: 0.438 --- KL Loss: 5.754 --- Beta: 0.003664
	Validity: 0.55% --- Uniquene@1000: 0.91% --- Unique@10000: 0.71%

{'valid': 0.6398666666666666, 'unique@1000': 0.936, 'unique@10000': 0.7397, 'FCD/Test': 16.215286021602182, 'SNN/Test': 0.5819953323966216, 'Frag/Test': 0.8828347594116948, 'Scaf/Test': 0.3127068527938742, 'FCD/TestSF': 17.062892309252987, 'SNN/TestSF': 0.5351165209410339, 'Frag/TestSF': 0.8751129437566401, 'Scaf/TestSF': 0.05081270804495008, 'IntDiv': 0.8182850972111515, 'IntDiv2': 0.8055147916453314, 'Filters': 0.9785371952490102, 'logP': 0.496650011600423, 'SA': 0.27449354128853776, 'QED': 0.05428922932298375, 'weight': 9.187937348110914, 'Novelty': 0.9412327565584881}
Epoch: 38:
	Train Loss: 0.455 --- Reconstruction Loss: 0.434 --- KL Loss: 5.622 --- Beta: 0.003763
	Validity: 0.64% --- Uniquene@1000: 0.94% --- Unique@10000: 0.74%

{'valid': 0.5388333333333333, 'unique@1000': 0.949, 'unique@10000': 0.7704, 'FCD/Test': 14.871291290908232, 'SNN/Test': 0.5796763478363773, 'Frag/Test': 0.8782869804611578, 'Scaf/Test': 0.3416341853039213, 'FCD/TestSF': 15.96676912299418, 'SNN/TestSF': 0.5257264843591404, 'Frag/TestSF': 0.8680707381036735, 'Scaf/TestSF': 0.049967768737017026, 'IntDiv': 0.8133710754654893, 'IntDiv2': 0.8023614598719895, 'Filters': 0.9699969068976183, 'logP': 0.2860097381843198, 'SA': 0.23463232787563948, 'QED': 0.06696870644242241, 'weight': 9.773523123020087, 'Novelty': 0.9452409742615305}
Epoch: 39:
	Train Loss: 0.452 --- Reconstruction Loss: 0.430 --- KL Loss: 5.510 --- Beta: 0.003862
	Validity: 0.54% --- Uniquene@1000: 0.95% --- Unique@10000: 0.77%

{'valid': 0.5561333333333334, 'unique@1000': 0.942, 'unique@10000': 0.7241, 'FCD/Test': 15.654798279775612, 'SNN/Test': 0.5845736249123823, 'Frag/Test': 0.8881917643139065, 'Scaf/Test': 0.37721775816186776, 'FCD/TestSF': 16.355623359532444, 'SNN/TestSF': 0.5446402477433187, 'Frag/TestSF': 0.8811839702802554, 'Scaf/TestSF': 0.06399998763887205, 'IntDiv': 0.8142884137438547, 'IntDiv2': 0.802078418631614, 'Filters': 0.9709901702229681, 'logP': 0.35118037392854023, 'SA': 0.2603651962426653, 'QED': 0.05896586157555267, 'weight': 8.631130312392477, 'Novelty': 0.9462180301106475}
Epoch: 40:
	Train Loss: 0.449 --- Reconstruction Loss: 0.428 --- KL Loss: 5.421 --- Beta: 0.003961
	Validity: 0.56% --- Uniquene@1000: 0.94% --- Unique@10000: 0.72%

{'valid': 0.47563333333333335, 'unique@1000': 0.949, 'unique@10000': 0.7737, 'FCD/Test': 15.088285778153605, 'SNN/Test': 0.576584416677175, 'Frag/Test': 0.8940662939841684, 'Scaf/Test': 0.4106534465072539, 'FCD/TestSF': 15.798768491668064, 'SNN/TestSF': 0.5349542640947963, 'Frag/TestSF': 0.888312028198982, 'Scaf/TestSF': 0.050971241796241906, 'IntDiv': 0.8215113241011374, 'IntDiv2': 0.8093255459689144, 'Filters': 0.9751208914429883, 'logP': 0.3921492763479553, 'SA': 0.23354925406043966, 'QED': 0.04771764791554252, 'weight': 11.34290589384063, 'Novelty': 0.9385469512778788}
Epoch: 41:
	Train Loss: 0.446 --- Reconstruction Loss: 0.424 --- KL Loss: 5.324 --- Beta: 0.004060
	Validity: 0.48% --- Uniquene@1000: 0.95% --- Unique@10000: 0.77%

{'valid': 0.5257333333333334, 'unique@1000': 0.955, 'unique@10000': 0.8045, 'FCD/Test': 15.024751083542888, 'SNN/Test': 0.5634388522451189, 'Frag/Test': 0.9065496202294024, 'Scaf/Test': 0.4037548869019376, 'FCD/TestSF': 16.012363943043894, 'SNN/TestSF': 0.5148296799740301, 'Frag/TestSF': 0.8994133649759616, 'Scaf/TestSF': 0.05846450224724509, 'IntDiv': 0.8187579108760792, 'IntDiv2': 0.80740292842469, 'Filters': 0.9712782145574436, 'logP': 0.4203020917350219, 'SA': 0.2356543152204068, 'QED': 0.0707717247036587, 'weight': 10.122104322368068, 'Novelty': 0.9549145660632719}
Epoch: 42:
	Train Loss: 0.443 --- Reconstruction Loss: 0.421 --- KL Loss: 5.222 --- Beta: 0.004159
	Validity: 0.53% --- Uniquene@1000: 0.95% --- Unique@10000: 0.80%

{'valid': 0.6786, 'unique@1000': 0.924, 'unique@10000': 0.7491, 'FCD/Test': 16.361994170004806, 'SNN/Test': 0.5850913993709037, 'Frag/Test': 0.8786500093835927, 'Scaf/Test': 0.32350644768058956, 'FCD/TestSF': 17.116636837651257, 'SNN/TestSF': 0.5490972044068805, 'Frag/TestSF': 0.873969420256466, 'Scaf/TestSF': 0.07908318788902335, 'IntDiv': 0.8057124614457926, 'IntDiv2': 0.7932526373354842, 'Filters': 0.9783377541998232, 'logP': 0.36241592529063804, 'SA': 0.2844064405861775, 'QED': 0.04551320389496325, 'weight': 10.816631589235625, 'Novelty': 0.9371177084887364}
Epoch: 43:
	Train Loss: 0.440 --- Reconstruction Loss: 0.418 --- KL Loss: 5.161 --- Beta: 0.004258
	Validity: 0.68% --- Uniquene@1000: 0.92% --- Unique@10000: 0.75%

{'valid': 0.4742333333333333, 'unique@1000': 0.972, 'unique@10000': 0.8146, 'FCD/Test': 15.20739743920771, 'SNN/Test': 0.559680607493247, 'Frag/Test': 0.8698346073245297, 'Scaf/Test': 0.2796943605062958, 'FCD/TestSF': 16.17554580000155, 'SNN/TestSF': 0.5087332015166742, 'Frag/TestSF': 0.8596742897441964, 'Scaf/TestSF': 0.06195972883702783, 'IntDiv': 0.8202953832363056, 'IntDiv2': 0.8086589572534848, 'Filters': 0.9696352006747733, 'logP': 0.18495998286491522, 'SA': 0.1638023384663477, 'QED': 0.08959598068464074, 'weight': 11.487248736378687, 'Novelty': 0.9512901765504753}
Epoch: 44:
	Train Loss: 0.437 --- Reconstruction Loss: 0.415 --- KL Loss: 5.085 --- Beta: 0.004357
	Validity: 0.47% --- Uniquene@1000: 0.97% --- Unique@10000: 0.81%

{'valid': 0.7691666666666667, 'unique@1000': 0.971, 'unique@10000': 0.812, 'FCD/Test': 13.743159436410963, 'SNN/Test': 0.5705954108381581, 'Frag/Test': 0.893181026375977, 'Scaf/Test': 0.3996083791009246, 'FCD/TestSF': 14.633530310094386, 'SNN/TestSF': 0.5234208143700241, 'Frag/TestSF': 0.8867962258664732, 'Scaf/TestSF': 0.059530906935077565, 'IntDiv': 0.8258214315939605, 'IntDiv2': 0.8149799328512416, 'Filters': 0.9629902491874323, 'logP': 0.2311727849508883, 'SA': 0.20864097559398198, 'QED': 0.056433132567217, 'weight': 15.665446271432902, 'Novelty': 0.9452280637479392}
Epoch: 45:
	Train Loss: 0.434 --- Reconstruction Loss: 0.412 --- KL Loss: 5.018 --- Beta: 0.004456
	Validity: 0.77% --- Uniquene@1000: 0.97% --- Unique@10000: 0.81%

{'valid': 0.372, 'unique@1000': 0.969, 'unique@10000': 0.8107, 'FCD/Test': 14.424538332357947, 'SNN/Test': 0.546412543782891, 'Frag/Test': 0.8708839074789296, 'Scaf/Test': 0.26425872838060604, 'FCD/TestSF': 15.186775553390795, 'SNN/TestSF': 0.5038009705629507, 'Frag/TestSF': 0.8649549426271206, 'Scaf/TestSF': 0.04292628090679518, 'IntDiv': 0.8356759821795401, 'IntDiv2': 0.8239421442459143, 'Filters': 0.9705197132616488, 'logP': 0.36672906337774963, 'SA': 0.0721793805917402, 'QED': 0.06649808192343, 'weight': 13.191517507938906, 'Novelty': 0.9556451612903226}
Epoch: 46:
	Train Loss: 0.432 --- Reconstruction Loss: 0.409 --- KL Loss: 4.952 --- Beta: 0.004555
	Validity: 0.37% --- Uniquene@1000: 0.97% --- Unique@10000: 0.81%

{'valid': 0.47683333333333333, 'unique@1000': 0.964, 'unique@10000': 0.8238, 'FCD/Test': 14.343004400228104, 'SNN/Test': 0.5529159612023968, 'Frag/Test': 0.8826576517726689, 'Scaf/Test': 0.2847982542516241, 'FCD/TestSF': 15.152417601204839, 'SNN/TestSF': 0.5059539553919942, 'Frag/TestSF': 0.8755190417014926, 'Scaf/TestSF': 0.04062609359265945, 'IntDiv': 0.8307137020841758, 'IntDiv2': 0.8187158651175096, 'Filters': 0.9797273680531283, 'logP': 0.3373049142397938, 'SA': 0.11973381671742926, 'QED': 0.07144830144661896, 'weight': 14.718729905647985, 'Novelty': 0.9562283583414721}
Epoch: 47:
	Train Loss: 0.429 --- Reconstruction Loss: 0.406 --- KL Loss: 4.919 --- Beta: 0.004654
	Validity: 0.48% --- Uniquene@1000: 0.96% --- Unique@10000: 0.82%

{'valid': 0.3713666666666666, 'unique@1000': 0.957, 'unique@10000': 0.805, 'FCD/Test': 13.663305382817875, 'SNN/Test': 0.5494910516857984, 'Frag/Test': 0.8838401819458824, 'Scaf/Test': 0.24841460537836313, 'FCD/TestSF': 14.264735312167502, 'SNN/TestSF': 0.5108191879256689, 'Frag/TestSF': 0.8780643661849578, 'Scaf/TestSF': 0.030892569359664668, 'IntDiv': 0.8326882845019887, 'IntDiv2': 0.8200568476882839, 'Filters': 0.9740597791939682, 'logP': 0.31379652272090686, 'SA': 0.11261593487317881, 'QED': 0.08973013903558358, 'weight': 13.885962082962472, 'Novelty': 0.9613172437126424}
Epoch: 48:
	Train Loss: 0.427 --- Reconstruction Loss: 0.404 --- KL Loss: 4.842 --- Beta: 0.004753
	Validity: 0.37% --- Uniquene@1000: 0.96% --- Unique@10000: 0.81%

{'valid': 0.44189999999999996, 'unique@1000': 0.979, 'unique@10000': 0.848, 'FCD/Test': 14.624914596446189, 'SNN/Test': 0.5228552986103602, 'Frag/Test': 0.8775846392344553, 'Scaf/Test': 0.1856097821940259, 'FCD/TestSF': 15.392666089933236, 'SNN/TestSF': 0.47820960794776923, 'Frag/TestSF': 0.8707121316983644, 'Scaf/TestSF': 0.034086185628587784, 'IntDiv': 0.8401260928947759, 'IntDiv2': 0.8288332658888989, 'Filters': 0.9658293731613488, 'logP': 0.2839324439758268, 'SA': 0.023246120745361705, 'QED': 0.07393522784765866, 'weight': 15.239672227475362, 'Novelty': 0.9665536516081737}
Epoch: 49:
	Train Loss: 0.425 --- Reconstruction Loss: 0.402 --- KL Loss: 4.821 --- Beta: 0.004852
	Validity: 0.44% --- Uniquene@1000: 0.98% --- Unique@10000: 0.85%

{'valid': 0.39480000000000004, 'unique@1000': 0.962, 'unique@10000': 0.7908, 'FCD/Test': 13.047430829371812, 'SNN/Test': 0.5667305368413015, 'Frag/Test': 0.9099084015000387, 'Scaf/Test': 0.39796744776601456, 'FCD/TestSF': 13.88910284928383, 'SNN/TestSF': 0.5205804349974739, 'Frag/TestSF': 0.904186435714621, 'Scaf/TestSF': 0.04539108055989183, 'IntDiv': 0.8307007401308326, 'IntDiv2': 0.8191669006927452, 'Filters': 0.972306653157717, 'logP': 0.2576628683831423, 'SA': 0.18171161693204685, 'QED': 0.03902337821025245, 'weight': 20.310214697424094, 'Novelty': 0.9353528701569531}
Epoch: 50:
	Train Loss: 0.422 --- Reconstruction Loss: 0.399 --- KL Loss: 4.756 --- Beta: 0.004951
	Validity: 0.39% --- Uniquene@1000: 0.96% --- Unique@10000: 0.79%

{'valid': 0.5081666666666667, 'unique@1000': 0.965, 'unique@10000': 0.8171, 'FCD/Test': 16.575457819791396, 'SNN/Test': 0.5474992930419955, 'Frag/Test': 0.8684706594676596, 'Scaf/Test': 0.273721931826834, 'FCD/TestSF': 17.69827667225642, 'SNN/TestSF': 0.4990619088126308, 'Frag/TestSF': 0.8613217637023672, 'Scaf/TestSF': 0.05177606202082119, 'IntDiv': 0.8298437804483052, 'IntDiv2': 0.8177484559562815, 'Filters': 0.9664808133814365, 'logP': 0.2810028497631442, 'SA': 0.13608708185961854, 'QED': 0.07058502235622059, 'weight': 15.453729812168318, 'Novelty': 0.9528590878148401}
Epoch: 51:
	Train Loss: 0.420 --- Reconstruction Loss: 0.396 --- KL Loss: 4.699 --- Beta: 0.005050
	Validity: 0.51% --- Uniquene@1000: 0.96% --- Unique@10000: 0.82%

{'valid': 0.5537666666666667, 'unique@1000': 0.978, 'unique@10000': 0.8594, 'FCD/Test': 15.15324294993517, 'SNN/Test': 0.5436946507849413, 'Frag/Test': 0.8799075304384733, 'Scaf/Test': 0.26229875331909636, 'FCD/TestSF': 16.266366729983453, 'SNN/TestSF': 0.4894504800482832, 'Frag/TestSF': 0.8695171088220033, 'Scaf/TestSF': 0.07326581710111446, 'IntDiv': 0.8313882997527133, 'IntDiv2': 0.8200478617250566, 'Filters': 0.9638235117076988, 'logP': 0.23371307207052527, 'SA': 0.09983388755120655, 'QED': 0.07799917094968936, 'weight': 14.26039618600851, 'Novelty': 0.9530488705152813}
Epoch: 52:
	Train Loss: 0.419 --- Reconstruction Loss: 0.395 --- KL Loss: 4.677 --- Beta: 0.005149
	Validity: 0.55% --- Uniquene@1000: 0.98% --- Unique@10000: 0.86%

{'valid': 0.5840666666666667, 'unique@1000': 0.977, 'unique@10000': 0.8339, 'FCD/Test': 15.180145554432983, 'SNN/Test': 0.5545498616955158, 'Frag/Test': 0.88397164849754, 'Scaf/Test': 0.3494131263948772, 'FCD/TestSF': 16.091549925911963, 'SNN/TestSF': 0.5043665004402804, 'Frag/TestSF': 0.877314544501139, 'Scaf/TestSF': 0.06802077321737199, 'IntDiv': 0.8363053219151878, 'IntDiv2': 0.8248624159050808, 'Filters': 0.9722634402465472, 'logP': 0.12975571036909955, 'SA': 0.13129970092614082, 'QED': 0.0564892027215897, 'weight': 17.09713897181963, 'Novelty': 0.9418090748379493}
Epoch: 53:
	Train Loss: 0.416 --- Reconstruction Loss: 0.392 --- KL Loss: 4.601 --- Beta: 0.005248
	Validity: 0.58% --- Uniquene@1000: 0.98% --- Unique@10000: 0.83%

{'valid': 0.405, 'unique@1000': 0.959, 'unique@10000': 0.8395, 'FCD/Test': 12.693817248036012, 'SNN/Test': 0.5350822848241025, 'Frag/Test': 0.8966636612172925, 'Scaf/Test': 0.22896512025294102, 'FCD/TestSF': 13.303194751730246, 'SNN/TestSF': 0.4940308625928659, 'Frag/TestSF': 0.89380289074988, 'Scaf/TestSF': 0.050778618071548376, 'IntDiv': 0.8495900878422509, 'IntDiv2': 0.8380461609325154, 'Filters': 0.9702057613168724, 'logP': 0.19323701536702392, 'SA': 0.025880762447212526, 'QED': 0.040596594674492954, 'weight': 16.147893516798117, 'Novelty': 0.9511632571199358}
Epoch: 54:
	Train Loss: 0.414 --- Reconstruction Loss: 0.390 --- KL Loss: 4.571 --- Beta: 0.005347
	Validity: 0.41% --- Uniquene@1000: 0.96% --- Unique@10000: 0.84%

{'valid': 0.7059, 'unique@1000': 0.967, 'unique@10000': 0.8175, 'FCD/Test': 14.044740786703422, 'SNN/Test': 0.580717125826181, 'Frag/Test': 0.9129638183399126, 'Scaf/Test': 0.42612591594827576, 'FCD/TestSF': 14.92213095008232, 'SNN/TestSF': 0.5297585098678815, 'Frag/TestSF': 0.9085580984629517, 'Scaf/TestSF': 0.07194433040063863, 'IntDiv': 0.8279883621018341, 'IntDiv2': 0.8172905129482947, 'Filters': 0.9736506587335316, 'logP': 0.34385483155632746, 'SA': 0.2198485610478198, 'QED': 0.017506559519687753, 'weight': 19.142090432872852, 'Novelty': 0.9220604272243248}
Epoch: 55:
	Train Loss: 0.413 --- Reconstruction Loss: 0.388 --- KL Loss: 4.575 --- Beta: 0.005446
	Validity: 0.71% --- Uniquene@1000: 0.97% --- Unique@10000: 0.82%

{'valid': 0.5435333333333333, 'unique@1000': 0.972, 'unique@10000': 0.8512, 'FCD/Test': 14.244488816247156, 'SNN/Test': 0.5407810896081265, 'Frag/Test': 0.8898362134403588, 'Scaf/Test': 0.31390486976098364, 'FCD/TestSF': 15.142021959901982, 'SNN/TestSF': 0.49150917676604045, 'Frag/TestSF': 0.8840297783910647, 'Scaf/TestSF': 0.03703790984597666, 'IntDiv': 0.8446813734397653, 'IntDiv2': 0.8333867605284613, 'Filters': 0.9797007236600025, 'logP': 0.3229583071700824, 'SA': 0.07535590889339254, 'QED': 0.04955367355505018, 'weight': 22.673563187524127, 'Novelty': 0.9471069326607048}
Epoch: 56:
	Train Loss: 0.411 --- Reconstruction Loss: 0.386 --- KL Loss: 4.502 --- Beta: 0.005545
	Validity: 0.54% --- Uniquene@1000: 0.97% --- Unique@10000: 0.85%

{'valid': 0.7326666666666667, 'unique@1000': 0.988, 'unique@10000': 0.8658, 'FCD/Test': 13.874262981991393, 'SNN/Test': 0.5621092239145641, 'Frag/Test': 0.9043019875540952, 'Scaf/Test': 0.4954561911929434, 'FCD/TestSF': 14.674688566860489, 'SNN/TestSF': 0.5111088662939629, 'Frag/TestSF': 0.8977623475515861, 'Scaf/TestSF': 0.0876850150632057, 'IntDiv': 0.8336597968946249, 'IntDiv2': 0.8229851370561829, 'Filters': 0.9722020018198362, 'logP': 0.3313617464971381, 'SA': 0.1547469366376814, 'QED': 0.041027558579229774, 'weight': 19.250779291968456, 'Novelty': 0.9303033852641444}
Epoch: 57:
	Train Loss: 0.410 --- Reconstruction Loss: 0.385 --- KL Loss: 4.481 --- Beta: 0.005644
	Validity: 0.73% --- Uniquene@1000: 0.99% --- Unique@10000: 0.87%

{'valid': 0.6152666666666666, 'unique@1000': 0.976, 'unique@10000': 0.8384, 'FCD/Test': 13.921198116502225, 'SNN/Test': 0.559808159836976, 'Frag/Test': 0.8968381879407652, 'Scaf/Test': 0.5027894654848992, 'FCD/TestSF': 14.937447578229566, 'SNN/TestSF': 0.5096798271597923, 'Frag/TestSF': 0.8904644681905646, 'Scaf/TestSF': 0.08694778575231976, 'IntDiv': 0.8395607535134502, 'IntDiv2': 0.8282199761233757, 'Filters': 0.9715028713836819, 'logP': 0.28590157443171266, 'SA': 0.1672046692681278, 'QED': 0.04120044613561918, 'weight': 23.18264117319564, 'Novelty': 0.929652466367713}
Epoch: 58:
	Train Loss: 0.408 --- Reconstruction Loss: 0.382 --- KL Loss: 4.451 --- Beta: 0.005743
	Validity: 0.62% --- Uniquene@1000: 0.98% --- Unique@10000: 0.84%

{'valid': 0.3798, 'unique@1000': 0.961, 'unique@10000': 0.8028, 'FCD/Test': 13.857558371053344, 'SNN/Test': 0.5616053260257312, 'Frag/Test': 0.9114878778222804, 'Scaf/Test': 0.6012735713440513, 'FCD/TestSF': 14.666152838601718, 'SNN/TestSF': 0.5153473534614595, 'Frag/TestSF': 0.9064793307144704, 'Scaf/TestSF': 0.06567468413270039, 'IntDiv': 0.8383201236071693, 'IntDiv2': 0.82603329231165, 'Filters': 0.972441635948745, 'logP': 0.27639888741784985, 'SA': 0.14003835733000652, 'QED': 0.034516867786974485, 'weight': 25.473295154441743, 'Novelty': 0.9308812090232248}
Epoch: 59:
	Train Loss: 0.406 --- Reconstruction Loss: 0.381 --- KL Loss: 4.398 --- Beta: 0.005842
	Validity: 0.38% --- Uniquene@1000: 0.96% --- Unique@10000: 0.80%

{'valid': 0.5354666666666666, 'unique@1000': 0.961, 'unique@10000': 0.8134, 'FCD/Test': 14.50928221370313, 'SNN/Test': 0.5671339734472275, 'Frag/Test': 0.8910679906897931, 'Scaf/Test': 0.5497730840500534, 'FCD/TestSF': 15.319210962075132, 'SNN/TestSF': 0.5212455308027714, 'Frag/TestSF': 0.8853950042275187, 'Scaf/TestSF': 0.08256713144415395, 'IntDiv': 0.8322200244683027, 'IntDiv2': 0.8199782256554258, 'Filters': 0.9702440239043825, 'logP': 0.2382600837550218, 'SA': 0.1786326921451307, 'QED': 0.05016927209529009, 'weight': 24.458200867849357, 'Novelty': 0.9319096509240247}
Epoch: 60:
	Train Loss: 0.405 --- Reconstruction Loss: 0.379 --- KL Loss: 4.359 --- Beta: 0.005941
	Validity: 0.54% --- Uniquene@1000: 0.96% --- Unique@10000: 0.81%

{'valid': 0.7564, 'unique@1000': 0.971, 'unique@10000': 0.8431, 'FCD/Test': 14.523145766715544, 'SNN/Test': 0.5718792168610356, 'Frag/Test': 0.9157467355425952, 'Scaf/Test': 0.5125093877188067, 'FCD/TestSF': 15.486790195180035, 'SNN/TestSF': 0.5198973223892718, 'Frag/TestSF': 0.9090732678765225, 'Scaf/TestSF': 0.08771470649782453, 'IntDiv': 0.828505551025024, 'IntDiv2': 0.8175403676467492, 'Filters': 0.9732504847523357, 'logP': 0.17264051262564886, 'SA': 0.2060972914396191, 'QED': 0.03652180991468565, 'weight': 22.94895829384441, 'Novelty': 0.9212174422007608}
Epoch: 61:
	Train Loss: 0.404 --- Reconstruction Loss: 0.378 --- KL Loss: 4.324 --- Beta: 0.006040
	Validity: 0.76% --- Uniquene@1000: 0.97% --- Unique@10000: 0.84%

/home/80027464/graphvae/metrics.py:527: UserWarning: Can't compute unique@10000.gen contains only 9836 molecules
  warnings.warn(
{'valid': 0.32786666666666664, 'unique@1000': 0.962, 'unique@10000': 0.799206994713298, 'FCD/Test': 11.540908550882506, 'SNN/Test': 0.5675483165780744, 'Frag/Test': 0.9368922879733191, 'Scaf/Test': 0.43709405196229745, 'FCD/TestSF': 12.185157631543788, 'SNN/TestSF': 0.5231954924180504, 'Frag/TestSF': 0.9313167148682507, 'Scaf/TestSF': 0.09546994450233348, 'IntDiv': 0.8408519857050116, 'IntDiv2': 0.8292034203518166, 'Filters': 0.9810898739324929, 'logP': 0.08623945194459007, 'SA': 0.09457717380641957, 'QED': 0.02949112254654501, 'weight': 28.01622306155126, 'Novelty': 0.918458211423483}
Epoch: 62:
	Train Loss: 0.403 --- Reconstruction Loss: 0.376 --- KL Loss: 4.296 --- Beta: 0.006139
	Validity: 0.33% --- Uniquene@1000: 0.96% --- Unique@10000: 0.80%

{'valid': 0.4015666666666666, 'unique@1000': 0.97, 'unique@10000': 0.8378, 'FCD/Test': 13.282437380225502, 'SNN/Test': 0.5432953514283037, 'Frag/Test': 0.891003264444123, 'Scaf/Test': 0.3044394382433615, 'FCD/TestSF': 14.085746968621507, 'SNN/TestSF': 0.49992782610886877, 'Frag/TestSF': 0.8845309511505788, 'Scaf/TestSF': 0.10321491633314628, 'IntDiv': 0.8413384851556045, 'IntDiv2': 0.8298147264773758, 'Filters': 0.968622893666473, 'logP': 0.25007916024023236, 'SA': 0.059516868439861925, 'QED': 0.05185864611684644, 'weight': 19.31299296680802, 'Novelty': 0.9463959390862944}
Epoch: 63:
	Train Loss: 0.401 --- Reconstruction Loss: 0.375 --- KL Loss: 4.255 --- Beta: 0.006238
	Validity: 0.40% --- Uniquene@1000: 0.97% --- Unique@10000: 0.84%

{'valid': 0.4591666666666666, 'unique@1000': 0.973, 'unique@10000': 0.844, 'FCD/Test': 14.98393661713456, 'SNN/Test': 0.545565993259044, 'Frag/Test': 0.9016697249298535, 'Scaf/Test': 0.5134398648158139, 'FCD/TestSF': 15.941377262219874, 'SNN/TestSF': 0.499322462104626, 'Frag/TestSF': 0.8967521159622305, 'Scaf/TestSF': 0.08741692349967467, 'IntDiv': 0.8391344351266682, 'IntDiv2': 0.8280366452533675, 'Filters': 0.9700181488203267, 'logP': 0.21233471268246057, 'SA': 0.09731758992696503, 'QED': 0.04203102665688125, 'weight': 23.231921237898142, 'Novelty': 0.9402120645103804}
Epoch: 64:
	Train Loss: 0.400 --- Reconstruction Loss: 0.373 --- KL Loss: 4.247 --- Beta: 0.006337
	Validity: 0.46% --- Uniquene@1000: 0.97% --- Unique@10000: 0.84%

{'valid': 0.6751666666666667, 'unique@1000': 0.972, 'unique@10000': 0.8342, 'FCD/Test': 15.393331842778409, 'SNN/Test': 0.5669512003674916, 'Frag/Test': 0.9170061348589809, 'Scaf/Test': 0.5671965002902793, 'FCD/TestSF': 16.51743393980815, 'SNN/TestSF': 0.5104760721403121, 'Frag/TestSF': 0.9089029057578005, 'Scaf/TestSF': 0.0530962212570516, 'IntDiv': 0.8291769787218799, 'IntDiv2': 0.8179640842320579, 'Filters': 0.9730930634411257, 'logP': 0.08700716291931436, 'SA': 0.18577582719915173, 'QED': 0.05179899690498214, 'weight': 24.181185376660814, 'Novelty': 0.9332500328817572}
Epoch: 65:
	Train Loss: 0.399 --- Reconstruction Loss: 0.372 --- KL Loss: 4.217 --- Beta: 0.006436
	Validity: 0.68% --- Uniquene@1000: 0.97% --- Unique@10000: 0.83%

{'valid': 0.4918, 'unique@1000': 0.969, 'unique@10000': 0.8518, 'FCD/Test': 13.510776654304891, 'SNN/Test': 0.5409097392129691, 'Frag/Test': 0.9121681406353455, 'Scaf/Test': 0.47691891943679776, 'FCD/TestSF': 14.498827399684181, 'SNN/TestSF': 0.4936003065247013, 'Frag/TestSF': 0.9060203861332186, 'Scaf/TestSF': 0.07369658148092861, 'IntDiv': 0.843542815658829, 'IntDiv2': 0.8326828560889993, 'Filters': 0.9704486918801681, 'logP': 0.0905629408110799, 'SA': 0.04995873381543897, 'QED': 0.03312289807982036, 'weight': 29.846885507110155, 'Novelty': 0.9454560641496826}
Epoch: 66:
	Train Loss: 0.397 --- Reconstruction Loss: 0.370 --- KL Loss: 4.182 --- Beta: 0.006535
	Validity: 0.49% --- Uniquene@1000: 0.97% --- Unique@10000: 0.85%

/home/80027464/graphvae/metrics.py:527: UserWarning: Can't compute unique@10000.gen contains only 7874 molecules
  warnings.warn(
{'valid': 0.2624666666666666, 'unique@1000': 0.962, 'unique@10000': 0.8356616713233427, 'FCD/Test': 11.663151852631614, 'SNN/Test': 0.5502958358344706, 'Frag/Test': 0.9058714333946472, 'Scaf/Test': 0.5033904004501141, 'FCD/TestSF': 12.40458265487959, 'SNN/TestSF': 0.5073481788917911, 'Frag/TestSF': 0.9019807008523377, 'Scaf/TestSF': 0.056535552028806335, 'IntDiv': 0.8526481288699055, 'IntDiv2': 0.8403688488436114, 'Filters': 0.9782829565659131, 'logP': 0.19469845690512252, 'SA': 0.07587715612887024, 'QED': 0.03735366020706687, 'weight': 30.496783473154636, 'Novelty': 0.9296352583586626}
Epoch: 67:
	Train Loss: 0.397 --- Reconstruction Loss: 0.369 --- KL Loss: 4.151 --- Beta: 0.006634
	Validity: 0.26% --- Uniquene@1000: 0.96% --- Unique@10000: 0.84%

{'valid': 0.6214333333333333, 'unique@1000': 0.967, 'unique@10000': 0.8251, 'FCD/Test': 14.100789180811937, 'SNN/Test': 0.5686903958090614, 'Frag/Test': 0.9156832422623138, 'Scaf/Test': 0.4595340550485403, 'FCD/TestSF': 15.031807071243946, 'SNN/TestSF': 0.5198176640715266, 'Frag/TestSF': 0.9095899897740151, 'Scaf/TestSF': 0.08018668673403362, 'IntDiv': 0.8277937400610649, 'IntDiv2': 0.8168719402414205, 'Filters': 0.962613313307944, 'logP': 0.09172784829206788, 'SA': 0.17252742843556043, 'QED': 0.03359800353353068, 'weight': 23.85518469921759, 'Novelty': 0.9244381020335355}
Epoch: 68:
	Train Loss: 0.395 --- Reconstruction Loss: 0.367 --- KL Loss: 4.121 --- Beta: 0.006733
	Validity: 0.62% --- Uniquene@1000: 0.97% --- Unique@10000: 0.83%

{'valid': 0.5837, 'unique@1000': 0.972, 'unique@10000': 0.838, 'FCD/Test': 14.948288390925882, 'SNN/Test': 0.548289450374045, 'Frag/Test': 0.8872076896569743, 'Scaf/Test': 0.4926723606477974, 'FCD/TestSF': 15.909445140345525, 'SNN/TestSF': 0.49755768404223577, 'Frag/TestSF': 0.879039892752383, 'Scaf/TestSF': 0.1015427029794822, 'IntDiv': 0.8358361327309812, 'IntDiv2': 0.8245468044282482, 'Filters': 0.9740734395522814, 'logP': 0.08155470855130133, 'SA': 0.12645254270100442, 'QED': 0.05930864896226796, 'weight': 26.24892572816392, 'Novelty': 0.9420374707259953}
Epoch: 69:
	Train Loss: 0.394 --- Reconstruction Loss: 0.366 --- KL Loss: 4.098 --- Beta: 0.006832
	Validity: 0.58% --- Uniquene@1000: 0.97% --- Unique@10000: 0.84%

{'valid': 0.6380666666666667, 'unique@1000': 0.982, 'unique@10000': 0.8596, 'FCD/Test': 14.357160911613214, 'SNN/Test': 0.5528762196134703, 'Frag/Test': 0.8826200670250662, 'Scaf/Test': 0.4470060613942377, 'FCD/TestSF': 15.331761988455142, 'SNN/TestSF': 0.506031330328864, 'Frag/TestSF': 0.8753682429854627, 'Scaf/TestSF': 0.10229093993031346, 'IntDiv': 0.8349083600740776, 'IntDiv2': 0.8241552470289564, 'Filters': 0.9776930310312402, 'logP': 0.10423405392390504, 'SA': 0.11795101308161346, 'QED': 0.05488184442082563, 'weight': 25.768030077337468, 'Novelty': 0.9343022098347601}
Epoch: 70:
	Train Loss: 0.393 --- Reconstruction Loss: 0.365 --- KL Loss: 4.063 --- Beta: 0.006931
	Validity: 0.64% --- Uniquene@1000: 0.98% --- Unique@10000: 0.86%

{'valid': 0.5653666666666667, 'unique@1000': 0.977, 'unique@10000': 0.8393, 'FCD/Test': 14.10763253361317, 'SNN/Test': 0.5624534069892617, 'Frag/Test': 0.9026046783477707, 'Scaf/Test': 0.5411463128643776, 'FCD/TestSF': 15.166403443251298, 'SNN/TestSF': 0.5145855350501695, 'Frag/TestSF': 0.8974090643574232, 'Scaf/TestSF': 0.09195689001871887, 'IntDiv': 0.8359434296919097, 'IntDiv2': 0.8244135145219872, 'Filters': 0.9781852485112906, 'logP': 0.18031235921519365, 'SA': 0.1580439481842847, 'QED': 0.0419626698554718, 'weight': 23.709375373145487, 'Novelty': 0.9204596665164488}
Epoch: 71:
	Train Loss: 0.392 --- Reconstruction Loss: 0.364 --- KL Loss: 4.042 --- Beta: 0.007030
	Validity: 0.57% --- Uniquene@1000: 0.98% --- Unique@10000: 0.84%

/home/80027464/graphvae/metrics.py:527: UserWarning: Can't compute unique@10000.gen contains only 9369 molecules
  warnings.warn(
{'valid': 0.3123, 'unique@1000': 0.974, 'unique@10000': 0.8418187640089657, 'FCD/Test': 13.38650087985107, 'SNN/Test': 0.5280286542111419, 'Frag/Test': 0.8950567980749418, 'Scaf/Test': 0.3259100086974597, 'FCD/TestSF': 14.42160597350545, 'SNN/TestSF': 0.47812580673286686, 'Frag/TestSF': 0.8874339932230744, 'Scaf/TestSF': 0.09672342706425352, 'IntDiv': 0.8457958909046179, 'IntDiv2': 0.8343021229169104, 'Filters': 0.9687266517237699, 'logP': 0.12622673858400854, 'SA': 0.04892625417103941, 'QED': 0.06213784969209708, 'weight': 27.726507486075285, 'Novelty': 0.9468746037783695}
Epoch: 72:
	Train Loss: 0.391 --- Reconstruction Loss: 0.362 --- KL Loss: 4.028 --- Beta: 0.007129
	Validity: 0.31% --- Uniquene@1000: 0.97% --- Unique@10000: 0.84%

{'valid': 0.5476, 'unique@1000': 0.97, 'unique@10000': 0.8504, 'FCD/Test': 13.11444477061572, 'SNN/Test': 0.5624413501334316, 'Frag/Test': 0.9310092110583453, 'Scaf/Test': 0.5556811564572927, 'FCD/TestSF': 13.950477246448806, 'SNN/TestSF': 0.5127735855359432, 'Frag/TestSF': 0.9265405291702454, 'Scaf/TestSF': 0.07809668069328746, 'IntDiv': 0.8406930948335036, 'IntDiv2': 0.8293996672665412, 'Filters': 0.9721207694180667, 'logP': 0.15128246213897786, 'SA': 0.12893789062293626, 'QED': 0.03207306101366111, 'weight': 25.12235362656958, 'Novelty': 0.9208314228946967}
Epoch: 73:
	Train Loss: 0.391 --- Reconstruction Loss: 0.362 --- KL Loss: 4.001 --- Beta: 0.007228
	Validity: 0.55% --- Uniquene@1000: 0.97% --- Unique@10000: 0.85%

{'valid': 0.5845, 'unique@1000': 0.98, 'unique@10000': 0.8917, 'FCD/Test': 14.371493433679177, 'SNN/Test': 0.5305708942044179, 'Frag/Test': 0.9034891911984494, 'Scaf/Test': 0.30227071749240797, 'FCD/TestSF': 15.335432828839288, 'SNN/TestSF': 0.47852012502406105, 'Frag/TestSF': 0.8980428402368248, 'Scaf/TestSF': 0.07174107340385194, 'IntDiv': 0.8452547764593799, 'IntDiv2': 0.8343576416498708, 'Filters': 0.9712004562303963, 'logP': 0.08321998666888578, 'SA': 0.041847443803949405, 'QED': 0.0499541393151398, 'weight': 21.923035744941224, 'Novelty': 0.946920721333787}
Epoch: 74:
	Train Loss: 0.389 --- Reconstruction Loss: 0.360 --- KL Loss: 3.973 --- Beta: 0.007327
	Validity: 0.58% --- Uniquene@1000: 0.98% --- Unique@10000: 0.89%

{'valid': 0.6484333333333333, 'unique@1000': 0.981, 'unique@10000': 0.8823, 'FCD/Test': 13.58714705062502, 'SNN/Test': 0.5398020433860531, 'Frag/Test': 0.9027943086296376, 'Scaf/Test': 0.40550209683149663, 'FCD/TestSF': 14.625390974901222, 'SNN/TestSF': 0.4876921540212859, 'Frag/TestSF': 0.8953268269801509, 'Scaf/TestSF': 0.07738215459593878, 'IntDiv': 0.8430146556477638, 'IntDiv2': 0.8324301359613906, 'Filters': 0.973628746208811, 'logP': 0.08795067774363594, 'SA': 0.07551847711790749, 'QED': 0.05429593045048558, 'weight': 26.7515092182531, 'Novelty': 0.9404971127290986}
Epoch: 75:
	Train Loss: 0.388 --- Reconstruction Loss: 0.359 --- KL Loss: 3.972 --- Beta: 0.007426
	Validity: 0.65% --- Uniquene@1000: 0.98% --- Unique@10000: 0.88%

{'valid': 0.43879999999999997, 'unique@1000': 0.976, 'unique@10000': 0.8647, 'FCD/Test': 13.849904848458024, 'SNN/Test': 0.5368424550930405, 'Frag/Test': 0.9030523979122942, 'Scaf/Test': 0.4209387670421979, 'FCD/TestSF': 14.746929660678106, 'SNN/TestSF': 0.48932812541419884, 'Frag/TestSF': 0.8966288350042234, 'Scaf/TestSF': 0.10930722169775509, 'IntDiv': 0.8449397306934334, 'IntDiv2': 0.8341296392991565, 'Filters': 0.9614858705560619, 'logP': 0.08986223382021369, 'SA': 0.04576328684318239, 'QED': 0.04562675456582451, 'weight': 23.75918740953276, 'Novelty': 0.9340041700661771}
Epoch: 76:
	Train Loss: 0.388 --- Reconstruction Loss: 0.358 --- KL Loss: 3.938 --- Beta: 0.007525
	Validity: 0.44% --- Uniquene@1000: 0.98% --- Unique@10000: 0.86%

{'valid': 0.565, 'unique@1000': 0.979, 'unique@10000': 0.8626, 'FCD/Test': 13.097322994745518, 'SNN/Test': 0.547696986754032, 'Frag/Test': 0.9280549965284165, 'Scaf/Test': 0.5433947035333199, 'FCD/TestSF': 14.409554946676778, 'SNN/TestSF': 0.49220761797333185, 'Frag/TestSF': 0.9206767571166051, 'Scaf/TestSF': 0.06645538393700001, 'IntDiv': 0.840136102779051, 'IntDiv2': 0.8296130136294438, 'Filters': 0.9629498525073746, 'logP': 0.10114305596477728, 'SA': 0.09384755166821027, 'QED': 0.05089995946193522, 'weight': 26.083836567587625, 'Novelty': 0.9351831779752873}
Epoch: 77:
	Train Loss: 0.387 --- Reconstruction Loss: 0.357 --- KL Loss: 3.925 --- Beta: 0.007624
	Validity: 0.56% --- Uniquene@1000: 0.98% --- Unique@10000: 0.86%

{'valid': 0.6133666666666666, 'unique@1000': 0.967, 'unique@10000': 0.8508, 'FCD/Test': 14.071210640184738, 'SNN/Test': 0.5464458630054997, 'Frag/Test': 0.911015434994157, 'Scaf/Test': 0.42865603290599097, 'FCD/TestSF': 15.297491424561073, 'SNN/TestSF': 0.4875039844809392, 'Frag/TestSF': 0.9007419771379077, 'Scaf/TestSF': 0.04494124321319659, 'IntDiv': 0.8400794767075362, 'IntDiv2': 0.828632443089854, 'Filters': 0.9661431443943264, 'logP': 0.10913539674432961, 'SA': 0.09627447514082896, 'QED': 0.05335581127585846, 'weight': 30.565255923429255, 'Novelty': 0.9328563566318107}
Epoch: 78:
	Train Loss: 0.386 --- Reconstruction Loss: 0.356 --- KL Loss: 3.915 --- Beta: 0.007723
	Validity: 0.61% --- Uniquene@1000: 0.97% --- Unique@10000: 0.85%

{'valid': 0.40636666666666665, 'unique@1000': 0.968, 'unique@10000': 0.8397, 'FCD/Test': 12.223571217694968, 'SNN/Test': 0.5566123408579315, 'Frag/Test': 0.9338966746749524, 'Scaf/Test': 0.5445498080673312, 'FCD/TestSF': 13.177140620512247, 'SNN/TestSF': 0.5046179563494021, 'Frag/TestSF': 0.9272743894822093, 'Scaf/TestSF': 0.07839479705682761, 'IntDiv': 0.8461725880831106, 'IntDiv2': 0.8350602402565283, 'Filters': 0.966368632597818, 'logP': 0.11016483837087875, 'SA': 0.09769706199263221, 'QED': 0.026734014528795425, 'weight': 26.905730028976343, 'Novelty': 0.9187812187812188}
Epoch: 79:
	Train Loss: 0.385 --- Reconstruction Loss: 0.354 --- KL Loss: 3.896 --- Beta: 0.007822
	Validity: 0.41% --- Uniquene@1000: 0.97% --- Unique@10000: 0.84%

{'valid': 0.6259333333333333, 'unique@1000': 0.968, 'unique@10000': 0.8584, 'FCD/Test': 13.442700767707151, 'SNN/Test': 0.5592620435763705, 'Frag/Test': 0.9334575593319929, 'Scaf/Test': 0.5577919668304593, 'FCD/TestSF': 14.50922215009409, 'SNN/TestSF': 0.5050077050272008, 'Frag/TestSF': 0.9268803359179996, 'Scaf/TestSF': 0.09341096727275766, 'IntDiv': 0.8366554653800207, 'IntDiv2': 0.8257989286997682, 'Filters': 0.9646927255298754, 'logP': 0.09665099637793055, 'SA': 0.1265820000650852, 'QED': 0.03584392856372212, 'weight': 25.64741864638044, 'Novelty': 0.919638675142188}
Epoch: 80:
	Train Loss: 0.385 --- Reconstruction Loss: 0.354 --- KL Loss: 3.875 --- Beta: 0.007921
	Validity: 0.63% --- Uniquene@1000: 0.97% --- Unique@10000: 0.86%

{'valid': 0.6950000000000001, 'unique@1000': 0.981, 'unique@10000': 0.8671, 'FCD/Test': 13.258323575591795, 'SNN/Test': 0.5470756448158544, 'Frag/Test': 0.9009402204383687, 'Scaf/Test': 0.5495972871491606, 'FCD/TestSF': 14.398867828832401, 'SNN/TestSF': 0.4919392468381843, 'Frag/TestSF': 0.8918363570127457, 'Scaf/TestSF': 0.12101061593256057, 'IntDiv': 0.8415377221019508, 'IntDiv2': 0.8307877787285878, 'Filters': 0.9531414868105516, 'logP': 0.1264935300500017, 'SA': 0.07381778487006116, 'QED': 0.04827761382412636, 'weight': 21.908056146212157, 'Novelty': 0.9271774485001807}
Epoch: 81:
	Train Loss: 0.384 --- Reconstruction Loss: 0.353 --- KL Loss: 3.864 --- Beta: 0.008020
	Validity: 0.70% --- Uniquene@1000: 0.98% --- Unique@10000: 0.87%

{'valid': 0.6966, 'unique@1000': 0.973, 'unique@10000': 0.8873, 'FCD/Test': 13.424345593401625, 'SNN/Test': 0.5452527607640406, 'Frag/Test': 0.9190077954006985, 'Scaf/Test': 0.5457336543840952, 'FCD/TestSF': 14.541684556848729, 'SNN/TestSF': 0.4882420617343707, 'Frag/TestSF': 0.9113405372586585, 'Scaf/TestSF': 0.08455278022177515, 'IntDiv': 0.8415909080682178, 'IntDiv2': 0.831084549984271, 'Filters': 0.9608574983251986, 'logP': 0.08984075537579383, 'SA': 0.06862794876696096, 'QED': 0.050310238151878246, 'weight': 22.20047648251376, 'Novelty': 0.9260611055513039}
Epoch: 82:
	Train Loss: 0.383 --- Reconstruction Loss: 0.351 --- KL Loss: 3.850 --- Beta: 0.008119
	Validity: 0.70% --- Uniquene@1000: 0.97% --- Unique@10000: 0.89%

{'valid': 0.5618666666666667, 'unique@1000': 0.981, 'unique@10000': 0.877, 'FCD/Test': 13.706262327828512, 'SNN/Test': 0.5399802317131199, 'Frag/Test': 0.8968575140210675, 'Scaf/Test': 0.3670119941894342, 'FCD/TestSF': 14.727248143890094, 'SNN/TestSF': 0.4848295867312249, 'Frag/TestSF': 0.8888188913444078, 'Scaf/TestSF': 0.09084658633030207, 'IntDiv': 0.8439702750704168, 'IntDiv2': 0.8326512492465719, 'Filters': 0.9718201233981965, 'logP': 0.09993039171159752, 'SA': 0.06071786794534386, 'QED': 0.05841160191955316, 'weight': 24.756672056093784, 'Novelty': 0.936598384304674}
Epoch: 83:
	Train Loss: 0.382 --- Reconstruction Loss: 0.351 --- KL Loss: 3.834 --- Beta: 0.008218
	Validity: 0.56% --- Uniquene@1000: 0.98% --- Unique@10000: 0.88%

{'valid': 0.45666666666666667, 'unique@1000': 0.974, 'unique@10000': 0.8471, 'FCD/Test': 12.004119211540178, 'SNN/Test': 0.5386155286790245, 'Frag/Test': 0.8966733804334375, 'Scaf/Test': 0.27907115227699897, 'FCD/TestSF': 12.908627751412936, 'SNN/TestSF': 0.49226701197071665, 'Frag/TestSF': 0.8877732940884914, 'Scaf/TestSF': 0.06416899721431202, 'IntDiv': 0.8459002061426713, 'IntDiv2': 0.8349155109598978, 'Filters': 0.9525547445255474, 'logP': 0.2930450958805313, 'SA': 0.04511374556653016, 'QED': 0.06080199815788034, 'weight': 31.75029848831148, 'Novelty': 0.9430051813471503}
Epoch: 84:
	Train Loss: 0.382 --- Reconstruction Loss: 0.350 --- KL Loss: 3.814 --- Beta: 0.008317
	Validity: 0.46% --- Uniquene@1000: 0.97% --- Unique@10000: 0.85%

{'valid': 0.6502333333333333, 'unique@1000': 0.982, 'unique@10000': 0.8931, 'FCD/Test': 12.304191729077424, 'SNN/Test': 0.541199741909033, 'Frag/Test': 0.9152558081151632, 'Scaf/Test': 0.35438277766205495, 'FCD/TestSF': 13.356746837658413, 'SNN/TestSF': 0.4878232962720525, 'Frag/TestSF': 0.9078295671311885, 'Scaf/TestSF': 0.06268791051747458, 'IntDiv': 0.847870967730586, 'IntDiv2': 0.8373265054050151, 'Filters': 0.9619111088327267, 'logP': 0.13731983022936922, 'SA': 0.05001036882053317, 'QED': 0.04332636650326885, 'weight': 26.99017955785545, 'Novelty': 0.9294269393771881}
Epoch: 85:
	Train Loss: 0.380 --- Reconstruction Loss: 0.348 --- KL Loss: 3.804 --- Beta: 0.008416
	Validity: 0.65% --- Uniquene@1000: 0.98% --- Unique@10000: 0.89%

{'valid': 0.7636333333333334, 'unique@1000': 0.976, 'unique@10000': 0.8754, 'FCD/Test': 12.869201329330892, 'SNN/Test': 0.5517368317821201, 'Frag/Test': 0.9141735866101631, 'Scaf/Test': 0.4369028507063287, 'FCD/TestSF': 13.929473009885179, 'SNN/TestSF': 0.5012099423375309, 'Frag/TestSF': 0.9070085359830548, 'Scaf/TestSF': 0.11837187922906489, 'IntDiv': 0.8403993760427504, 'IntDiv2': 0.8296575084673151, 'Filters': 0.9722379850713694, 'logP': 0.18118786096204476, 'SA': 0.0930973298151813, 'QED': 0.04508080717053758, 'weight': 28.477731992012608, 'Novelty': 0.923025952512424}
Epoch: 86:
	Train Loss: 0.380 --- Reconstruction Loss: 0.348 --- KL Loss: 3.788 --- Beta: 0.008515
	Validity: 0.76% --- Uniquene@1000: 0.98% --- Unique@10000: 0.88%

{'valid': 0.5052333333333333, 'unique@1000': 0.976, 'unique@10000': 0.8894, 'FCD/Test': 12.295619311536996, 'SNN/Test': 0.5318842807618406, 'Frag/Test': 0.9146790763625281, 'Scaf/Test': 0.31976961551084315, 'FCD/TestSF': 13.287332253798937, 'SNN/TestSF': 0.48275385608264587, 'Frag/TestSF': 0.9087405436980746, 'Scaf/TestSF': 0.07491571690422894, 'IntDiv': 0.8553499616193231, 'IntDiv2': 0.8445541238029622, 'Filters': 0.9712344131424424, 'logP': 0.09034308080090075, 'SA': 0.05011244110061396, 'QED': 0.040419805716235005, 'weight': 26.777308936444534, 'Novelty': 0.9366393315797618}
Epoch: 87:
	Train Loss: 0.379 --- Reconstruction Loss: 0.347 --- KL Loss: 3.774 --- Beta: 0.008614
	Validity: 0.51% --- Uniquene@1000: 0.98% --- Unique@10000: 0.89%

/home/80027464/graphvae/metrics.py:527: UserWarning: Can't compute unique@10000.gen contains only 9900 molecules
  warnings.warn(
{'valid': 0.32999999999999996, 'unique@1000': 0.989, 'unique@10000': 0.8672727272727273, 'FCD/Test': 13.229495817453753, 'SNN/Test': 0.5074030664412662, 'Frag/Test': 0.9237739177356473, 'Scaf/Test': 0.33352566089169633, 'FCD/TestSF': 14.501537126465657, 'SNN/TestSF': 0.4592775267558266, 'Frag/TestSF': 0.9173710654238306, 'Scaf/TestSF': 0.047301986048157496, 'IntDiv': 0.8601215081884257, 'IntDiv2': 0.8489436258958022, 'Filters': 0.9412121212121212, 'logP': 0.14421600665345832, 'SA': 0.15837534403851733, 'QED': 0.04657101669244219, 'weight': 27.964643046015013, 'Novelty': 0.9544607500582344}
Epoch: 88:
	Train Loss: 0.379 --- Reconstruction Loss: 0.346 --- KL Loss: 3.762 --- Beta: 0.008713
	Validity: 0.33% --- Uniquene@1000: 0.99% --- Unique@10000: 0.87%

{'valid': 0.7623333333333333, 'unique@1000': 0.99, 'unique@10000': 0.8926, 'FCD/Test': 13.012676898105738, 'SNN/Test': 0.5534264765657032, 'Frag/Test': 0.9280592495198309, 'Scaf/Test': 0.6009319779986182, 'FCD/TestSF': 14.176887507519893, 'SNN/TestSF': 0.4986587234554877, 'Frag/TestSF': 0.922418499031276, 'Scaf/TestSF': 0.1021835913264254, 'IntDiv': 0.8483271639361211, 'IntDiv2': 0.8374281855770729, 'Filters': 0.9632706602536073, 'logP': 0.10468483564165959, 'SA': 0.10609923291652017, 'QED': 0.042047491295742985, 'weight': 25.618842037440082, 'Novelty': 0.9136205512443136}
Epoch: 89:
	Train Loss: 0.378 --- Reconstruction Loss: 0.345 --- KL Loss: 3.737 --- Beta: 0.008812
	Validity: 0.76% --- Uniquene@1000: 0.99% --- Unique@10000: 0.89%

{'valid': 0.8239, 'unique@1000': 0.982, 'unique@10000': 0.8827, 'FCD/Test': 12.293890274570316, 'SNN/Test': 0.5645312404071416, 'Frag/Test': 0.928793325687841, 'Scaf/Test': 0.5774441310026865, 'FCD/TestSF': 13.4120622426329, 'SNN/TestSF': 0.5120331089707473, 'Frag/TestSF': 0.9233455545044202, 'Scaf/TestSF': 0.12776607330752332, 'IntDiv': 0.8400315684408975, 'IntDiv2': 0.82932647745504, 'Filters': 0.9714366630254481, 'logP': 0.09245539994914939, 'SA': 0.1349125301490475, 'QED': 0.035889458172881195, 'weight': 28.543280044782847, 'Novelty': 0.9100909885364725}
Epoch: 90:
	Train Loss: 0.378 --- Reconstruction Loss: 0.344 --- KL Loss: 3.739 --- Beta: 0.008911
	Validity: 0.82% --- Uniquene@1000: 0.98% --- Unique@10000: 0.88%

{'valid': 0.8435666666666667, 'unique@1000': 0.97, 'unique@10000': 0.845, 'FCD/Test': 13.269150915486456, 'SNN/Test': 0.5706663390080348, 'Frag/Test': 0.9398342116304363, 'Scaf/Test': 0.5288718426570449, 'FCD/TestSF': 14.59743312209796, 'SNN/TestSF': 0.5136641340443074, 'Frag/TestSF': 0.9334824636380313, 'Scaf/TestSF': 0.07952064906075418, 'IntDiv': 0.8372556219728116, 'IntDiv2': 0.8265975479727884, 'Filters': 0.9700478128581025, 'logP': 0.13352935299008575, 'SA': 0.17086815248742615, 'QED': 0.026504809520848126, 'weight': 28.144263484246284, 'Novelty': 0.9023191193758683}
Epoch: 91:
	Train Loss: 0.376 --- Reconstruction Loss: 0.343 --- KL Loss: 3.724 --- Beta: 0.009010
	Validity: 0.84% --- Uniquene@1000: 0.97% --- Unique@10000: 0.84%

{'valid': 0.7977, 'unique@1000': 0.983, 'unique@10000': 0.8804, 'FCD/Test': 12.463923498129098, 'SNN/Test': 0.5542520696718292, 'Frag/Test': 0.928863558800721, 'Scaf/Test': 0.571676675047302, 'FCD/TestSF': 13.582817740747501, 'SNN/TestSF': 0.5047809351289334, 'Frag/TestSF': 0.9230420593590911, 'Scaf/TestSF': 0.14933909889574037, 'IntDiv': 0.841106008485248, 'IntDiv2': 0.8305563719885362, 'Filters': 0.957001378964523, 'logP': 0.13471346423932587, 'SA': 0.11449980065266087, 'QED': 0.04206355627705957, 'weight': 26.77527983906591, 'Novelty': 0.9124049027895181}
Epoch: 92:
	Train Loss: 0.376 --- Reconstruction Loss: 0.343 --- KL Loss: 3.718 --- Beta: 0.009109
	Validity: 0.80% --- Uniquene@1000: 0.98% --- Unique@10000: 0.88%

{'valid': 0.7321666666666666, 'unique@1000': 0.983, 'unique@10000': 0.8764, 'FCD/Test': 12.041327592536206, 'SNN/Test': 0.5573349065086496, 'Frag/Test': 0.9343988573905925, 'Scaf/Test': 0.5463675128121592, 'FCD/TestSF': 13.117100451322123, 'SNN/TestSF': 0.5063746900655348, 'Frag/TestSF': 0.928346341960434, 'Scaf/TestSF': 0.1247564614113803, 'IntDiv': 0.841845345360375, 'IntDiv2': 0.8314567818667766, 'Filters': 0.9721830184384248, 'logP': 0.13495328666335263, 'SA': 0.1290876138102955, 'QED': 0.027555714461606488, 'weight': 31.165861396946323, 'Novelty': 0.9107060981201284}
Epoch: 93:
	Train Loss: 0.375 --- Reconstruction Loss: 0.341 --- KL Loss: 3.702 --- Beta: 0.009208
	Validity: 0.73% --- Uniquene@1000: 0.98% --- Unique@10000: 0.88%

{'valid': 0.874, 'unique@1000': 0.978, 'unique@10000': 0.8834, 'FCD/Test': 13.319507195501501, 'SNN/Test': 0.5466359186693059, 'Frag/Test': 0.9191553871101547, 'Scaf/Test': 0.6161679930791567, 'FCD/TestSF': 14.549815591413655, 'SNN/TestSF': 0.49183456353007793, 'Frag/TestSF': 0.9124160120919728, 'Scaf/TestSF': 0.12030694666248132, 'IntDiv': 0.8412112360293013, 'IntDiv2': 0.8303327002311485, 'Filters': 0.9510678871090771, 'logP': 0.08223697258288626, 'SA': 0.10517348210118369, 'QED': 0.05244853615582306, 'weight': 22.740479233375204, 'Novelty': 0.9280405405405405}
Epoch: 94:
	Train Loss: 0.375 --- Reconstruction Loss: 0.340 --- KL Loss: 3.705 --- Beta: 0.009307
	Validity: 0.87% --- Uniquene@1000: 0.98% --- Unique@10000: 0.88%

{'valid': 0.7563333333333333, 'unique@1000': 0.987, 'unique@10000': 0.8787, 'FCD/Test': 14.045397981477677, 'SNN/Test': 0.5487748785677488, 'Frag/Test': 0.9290394151604687, 'Scaf/Test': 0.49663114674793296, 'FCD/TestSF': 15.312941021751222, 'SNN/TestSF': 0.49180683088544286, 'Frag/TestSF': 0.9218984483592472, 'Scaf/TestSF': 0.10286834575192538, 'IntDiv': 0.8394334067254254, 'IntDiv2': 0.8291575684638531, 'Filters': 0.9624944909651829, 'logP': 0.0912091180653125, 'SA': 0.09723292066040463, 'QED': 0.038604193279619704, 'weight': 24.324520242386498, 'Novelty': 0.9210540884681393}
Epoch: 95:
	Train Loss: 0.374 --- Reconstruction Loss: 0.339 --- KL Loss: 3.672 --- Beta: 0.009406
	Validity: 0.76% --- Uniquene@1000: 0.99% --- Unique@10000: 0.88%

{'valid': 0.6550666666666667, 'unique@1000': 0.99, 'unique@10000': 0.8875, 'FCD/Test': 13.03052164366509, 'SNN/Test': 0.5364928428085933, 'Frag/Test': 0.9205050088657541, 'Scaf/Test': 0.38331773455000695, 'FCD/TestSF': 14.127952841055631, 'SNN/TestSF': 0.4829992300080302, 'Frag/TestSF': 0.9124228112775926, 'Scaf/TestSF': 0.09452529868928472, 'IntDiv': 0.8453352675731833, 'IntDiv2': 0.8344419155078086, 'Filters': 0.9591899043354366, 'logP': 0.14653041910976305, 'SA': 0.052822581910069506, 'QED': 0.04826640306121136, 'weight': 27.10797128456318, 'Novelty': 0.9302225501045125}
Epoch: 96:
	Train Loss: 0.373 --- Reconstruction Loss: 0.338 --- KL Loss: 3.688 --- Beta: 0.009505
	Validity: 0.66% --- Uniquene@1000: 0.99% --- Unique@10000: 0.89%

{'valid': 0.4702666666666667, 'unique@1000': 0.972, 'unique@10000': 0.8324, 'FCD/Test': 14.734499354920487, 'SNN/Test': 0.5370746740243795, 'Frag/Test': 0.9195496182914635, 'Scaf/Test': 0.268418605542013, 'FCD/TestSF': 15.854585855784535, 'SNN/TestSF': 0.48046940454417325, 'Frag/TestSF': 0.913430009267486, 'Scaf/TestSF': 0.09419756700946524, 'IntDiv': 0.8422127878144998, 'IntDiv2': 0.8306758748263349, 'Filters': 0.9497448256308477, 'logP': 0.14433498464450842, 'SA': 0.04488607324741451, 'QED': 0.04627364577723797, 'weight': 23.17194171280376, 'Novelty': 0.9369841128960682}
Epoch: 97:
	Train Loss: 0.373 --- Reconstruction Loss: 0.337 --- KL Loss: 3.686 --- Beta: 0.009604
	Validity: 0.47% --- Uniquene@1000: 0.97% --- Unique@10000: 0.83%

{'valid': 0.8190333333333333, 'unique@1000': 0.977, 'unique@10000': 0.893, 'FCD/Test': 12.485254778592264, 'SNN/Test': 0.5514823067730917, 'Frag/Test': 0.9319222768233837, 'Scaf/Test': 0.6137989017685089, 'FCD/TestSF': 13.518617572491081, 'SNN/TestSF': 0.4985005942428657, 'Frag/TestSF': 0.9272527244669717, 'Scaf/TestSF': 0.10964257310255843, 'IntDiv': 0.8478414912138124, 'IntDiv2': 0.8371610736002096, 'Filters': 0.9661389442839119, 'logP': 0.07183114588844894, 'SA': 0.10651636354856987, 'QED': 0.030730166038752074, 'weight': 29.904188198918604, 'Novelty': 0.9133532056787753}
Epoch: 98:
	Train Loss: 0.372 --- Reconstruction Loss: 0.337 --- KL Loss: 3.680 --- Beta: 0.009703
	Validity: 0.82% --- Uniquene@1000: 0.98% --- Unique@10000: 0.89%

{'valid': 0.7543, 'unique@1000': 0.987, 'unique@10000': 0.8738, 'FCD/Test': 13.600018713848456, 'SNN/Test': 0.5553819539197541, 'Frag/Test': 0.9308208761430129, 'Scaf/Test': 0.6002665514068937, 'FCD/TestSF': 14.982847420139933, 'SNN/TestSF': 0.49846528688874286, 'Frag/TestSF': 0.9225357329260525, 'Scaf/TestSF': 0.10442407580242297, 'IntDiv': 0.8415366458289553, 'IntDiv2': 0.8302174871575488, 'Filters': 0.959034866763887, 'logP': 0.1526107478679137, 'SA': 0.1285734978324748, 'QED': 0.04531193697167183, 'weight': 30.583058285861014, 'Novelty': 0.9128618996557368}
Epoch: 99:
	Train Loss: 0.371 --- Reconstruction Loss: 0.335 --- KL Loss: 3.672 --- Beta: 0.009802
	Validity: 0.75% --- Uniquene@1000: 0.99% --- Unique@10000: 0.87%

{'valid': 0.8560666666666666, 'unique@1000': 0.986, 'unique@10000': 0.9011, 'FCD/Test': 12.41628402222591, 'SNN/Test': 0.5448390317280227, 'Frag/Test': 0.9294351389725943, 'Scaf/Test': 0.533342133474101, 'FCD/TestSF': 13.6738027871625, 'SNN/TestSF': 0.48991041489339454, 'Frag/TestSF': 0.9227694529946363, 'Scaf/TestSF': 0.10680911134056836, 'IntDiv': 0.8482492520380823, 'IntDiv2': 0.8376622804247416, 'Filters': 0.9577525114866443, 'logP': 0.15300607183134535, 'SA': 0.06766157380094688, 'QED': 0.029188458014599496, 'weight': 28.869365014610874, 'Novelty': 0.9171379277293205}
Epoch: 100:
	Train Loss: 0.371 --- Reconstruction Loss: 0.334 --- KL Loss: 3.650 --- Beta: 0.009901
	Validity: 0.86% --- Uniquene@1000: 0.99% --- Unique@10000: 0.90%

