2024-02-15 05:54:20.150953: E external/local_xla/xla/stream_executor/cuda/cuda_dnn.cc:9261] Unable to register cuDNN factory: Attempting to register factory for plugin cuDNN when one has already been registered
2024-02-15 05:54:20.151039: E external/local_xla/xla/stream_executor/cuda/cuda_fft.cc:607] Unable to register cuFFT factory: Attempting to register factory for plugin cuFFT when one has already been registered
2024-02-15 05:54:20.223673: E external/local_xla/xla/stream_executor/cuda/cuda_blas.cc:1515] Unable to register cuBLAS factory: Attempting to register factory for plugin cuBLAS when one has already been registered
2024-02-15 05:54:20.379251: I tensorflow/core/platform/cpu_feature_guard.cc:182] This TensorFlow binary is optimized to use available CPU instructions in performance-critical operations.
To enable the following instructions: AVX2 FMA, in other operations, rebuild TensorFlow with the appropriate compiler flags.
2024-02-15 05:54:23.015658: W tensorflow/compiler/tf2tensorrt/utils/py_utils.cc:38] TF-TRT Warning: Could not find TensorRT

Arguments:
	data_path: data/moses_train.txt
	max_len: 30
	batch: 128
	d_model: 512
	d_latent: 256
	d_ff: 1024
	e_heads: 1
	d_heads: 8
	n_layers: 8
	dropout: 0.5
	lr: 0.0005
	n_epochs: 60
	kl_type: cyclic
	kl_w_start: 0.0001
	kl_w_end: 0.001
	kl_cycle: 2
	kl_ratio: 1.0
	save_name: klcompare

Number of data: 88192

SMILES Vocab:
	 {'<START>': 0, '<END>': 1, '<PAD>': 2, 'C': 3, 'O': 4, 'c': 5, '1': 6, '(': 7, '=': 8, ')': 9, 'N': 10, 'n': 11, '2': 12, 'F': 13, 'Cl': 14, 'Br': 15, '#': 16, '3': 17, 'S': 18, 'o': 19, '-': 20, 's': 21, '[nH]': 22, '4': 23}

Graph Vocab:
	 {'C': 0, 'O': 1, 'N': 2, 'F': 3, 'Cl': 4, 'Br': 5, 'S': 6}


KL Annealer: [0.0001  0.00013 0.00016 0.00019 0.00022 0.00025 0.00028 0.00031 0.00034
 0.00037 0.0004  0.00043 0.00046 0.00049 0.00052 0.00055 0.00058 0.00061
 0.00064 0.00067 0.0007  0.00073 0.00076 0.00079 0.00082 0.00085 0.00088
 0.00091 0.00094 0.00097 0.0001  0.00013 0.00016 0.00019 0.00022 0.00025
 0.00028 0.00031 0.00034 0.00037 0.0004  0.00043 0.00046 0.00049 0.00052
 0.00055 0.00058 0.00061 0.00064 0.00067 0.0007  0.00073 0.00076 0.00079
 0.00082 0.00085 0.00088 0.00091 0.00094 0.00097]




#########################################################################
######################### START TRAINING ################################
#########################################################################




{'valid': 0.6658999999999999, 'unique@1000': 0.396, 'unique@10000': 0.1562, 'FCD/Test': 30.95623762017847, 'SNN/Test': 0.6601385785818829, 'Frag/Test': 0.874374305266739, 'Scaf/Test': 0.17927718648385205, 'FCD/TestSF': 32.273843193643465, 'SNN/TestSF': 0.5324952404509915, 'Frag/TestSF': 0.8618061164775406, 'Scaf/TestSF': 0.0027735287944173903, 'IntDiv': 0.7331519368418906, 'IntDiv2': 0.6974306396326064, 'Filters': 0.9944436101516744, 'logP': 0.44262355941954484, 'SA': 0.4911464097813796, 'QED': 0.06727267503777334, 'weight': 5.420484522181166, 'Novelty': 0.9120181405895692}
Epoch: 31:
	Train Loss: 0.489 --- Reconstruction Loss: 0.482 --- KL Loss: 68.864 --- Beta: 0.000100
	Validity: 0.67% --- Uniquene@1000: 0.40% --- Unique@10000: 0.16%

{'valid': 0.6289, 'unique@1000': 0.325, 'unique@10000': 0.1085, 'FCD/Test': 34.53630896138681, 'SNN/Test': 0.6894892178380686, 'Frag/Test': 0.8326646268175866, 'Scaf/Test': 0.16759265690577196, 'FCD/TestSF': 36.286537421524514, 'SNN/TestSF': 0.5392610820531276, 'Frag/TestSF': 0.8210847970910448, 'Scaf/TestSF': 0.011126863766785178, 'IntDiv': 0.6535949834459422, 'IntDiv2': 0.6201215822899452, 'Filters': 0.9859013091641491, 'logP': 0.31545861344074394, 'SA': 0.5544641621256586, 'QED': 0.07071793213667067, 'weight': 7.446180724553956, 'Novelty': 0.8831430490261921}
Epoch: 32:
	Train Loss: 0.481 --- Reconstruction Loss: 0.472 --- KL Loss: 68.985 --- Beta: 0.000130
	Validity: 0.63% --- Uniquene@1000: 0.33% --- Unique@10000: 0.11%

{'valid': 0.7444999999999999, 'unique@1000': 0.333, 'unique@10000': 0.1253, 'FCD/Test': 37.010555425143245, 'SNN/Test': 0.6343055743778315, 'Frag/Test': 0.7960589656730278, 'Scaf/Test': 0.17208026892260464, 'FCD/TestSF': 38.4841680072806, 'SNN/TestSF': 0.528942758534775, 'Frag/TestSF': 0.7845700742353111, 'Scaf/TestSF': 0.0018671793099769296, 'IntDiv': 0.6421937027048974, 'IntDiv2': 0.6134621191630276, 'Filters': 0.9894336243563913, 'logP': 0.3015991698832143, 'SA': 0.46798036111982955, 'QED': 0.08906879465478638, 'weight': 8.798457576410952, 'Novelty': 0.9296956977964324}
Epoch: 33:
	Train Loss: 0.475 --- Reconstruction Loss: 0.464 --- KL Loss: 68.520 --- Beta: 0.000160
	Validity: 0.74% --- Uniquene@1000: 0.33% --- Unique@10000: 0.13%

{'valid': 0.7809333333333334, 'unique@1000': 0.436, 'unique@10000': 0.1689, 'FCD/Test': 28.7230748769842, 'SNN/Test': 0.6461193182766285, 'Frag/Test': 0.8345051631920574, 'Scaf/Test': 0.2915565757811234, 'FCD/TestSF': 30.279725458197937, 'SNN/TestSF': 0.5253488573720986, 'Frag/TestSF': 0.8207697376423687, 'Scaf/TestSF': 0.002353006463743035, 'IntDiv': 0.7303890645078586, 'IntDiv2': 0.6992992396732346, 'Filters': 0.9923595697456036, 'logP': 0.27814980908744097, 'SA': 0.4010733025382715, 'QED': 0.061874759232751785, 'weight': 7.738117608871007, 'Novelty': 0.900804289544236}
Epoch: 34:
	Train Loss: 0.470 --- Reconstruction Loss: 0.457 --- KL Loss: 67.398 --- Beta: 0.000190
	Validity: 0.78% --- Uniquene@1000: 0.44% --- Unique@10000: 0.17%

{'valid': 0.6991666666666667, 'unique@1000': 0.528, 'unique@10000': 0.2292, 'FCD/Test': 27.4054556763189, 'SNN/Test': 0.64313321308527, 'Frag/Test': 0.8686282144654571, 'Scaf/Test': 0.13872718256643146, 'FCD/TestSF': 29.088667734492276, 'SNN/TestSF': 0.5236620495046563, 'Frag/TestSF': 0.8569364572358035, 'Scaf/TestSF': 0.004445362045921941, 'IntDiv': 0.750279217593417, 'IntDiv2': 0.7244990013554349, 'Filters': 0.9905601907032181, 'logP': 0.2189965582715215, 'SA': 0.43626672160776486, 'QED': 0.058013651299735944, 'weight': 9.290704787680106, 'Novelty': 0.9121363502791654}
Epoch: 35:
	Train Loss: 0.462 --- Reconstruction Loss: 0.448 --- KL Loss: 63.108 --- Beta: 0.000220
	Validity: 0.70% --- Uniquene@1000: 0.53% --- Unique@10000: 0.23%

{'valid': 0.7881, 'unique@1000': 0.531, 'unique@10000': 0.2256, 'FCD/Test': 28.965782791543155, 'SNN/Test': 0.646020730071169, 'Frag/Test': 0.8349898421154952, 'Scaf/Test': 0.17865015690540742, 'FCD/TestSF': 30.702221490259475, 'SNN/TestSF': 0.5202964162770319, 'Frag/TestSF': 0.820057898290325, 'Scaf/TestSF': 0.008324023105660716, 'IntDiv': 0.7439011237974743, 'IntDiv2': 0.7206221587137593, 'Filters': 0.9784714291756546, 'logP': 0.3195193912225452, 'SA': 0.3720601812662366, 'QED': 0.031159914069208535, 'weight': 6.736268643237359, 'Novelty': 0.8998018681007642}
Epoch: 36:
	Train Loss: 0.455 --- Reconstruction Loss: 0.441 --- KL Loss: 57.918 --- Beta: 0.000250
	Validity: 0.79% --- Uniquene@1000: 0.53% --- Unique@10000: 0.23%

{'valid': 0.6973333333333334, 'unique@1000': 0.644, 'unique@10000': 0.2894, 'FCD/Test': 25.416748568240692, 'SNN/Test': 0.6324760784432435, 'Frag/Test': 0.8860255622170319, 'Scaf/Test': 0.2931614793675349, 'FCD/TestSF': 26.87561236681755, 'SNN/TestSF': 0.5174311166796584, 'Frag/TestSF': 0.873280959719529, 'Scaf/TestSF': 0.035149195998457894, 'IntDiv': 0.7683533635895229, 'IntDiv2': 0.7498179405512169, 'Filters': 0.9926386233269598, 'logP': 0.5093019579725532, 'SA': 0.33957168878218374, 'QED': 0.04888334870135584, 'weight': 4.9582063062357395, 'Novelty': 0.9208265614116554}
Epoch: 37:
	Train Loss: 0.448 --- Reconstruction Loss: 0.433 --- KL Loss: 53.617 --- Beta: 0.000280
	Validity: 0.70% --- Uniquene@1000: 0.64% --- Unique@10000: 0.29%

{'valid': 0.8106, 'unique@1000': 0.626, 'unique@10000': 0.2989, 'FCD/Test': 24.23831441687311, 'SNN/Test': 0.6418823946112031, 'Frag/Test': 0.8946512020645374, 'Scaf/Test': 0.2805419560373338, 'FCD/TestSF': 25.71576734933909, 'SNN/TestSF': 0.5304386759586942, 'Frag/TestSF': 0.8816754536274638, 'Scaf/TestSF': 0.06104038365429476, 'IntDiv': 0.7690747971832445, 'IntDiv2': 0.7500814665240501, 'Filters': 0.9859363434492968, 'logP': 0.5391002102423298, 'SA': 0.33907904003310885, 'QED': 0.014004753882738578, 'weight': 5.234306971337948, 'Novelty': 0.8875460876689881}
Epoch: 38:
	Train Loss: 0.440 --- Reconstruction Loss: 0.425 --- KL Loss: 48.564 --- Beta: 0.000310
	Validity: 0.81% --- Uniquene@1000: 0.63% --- Unique@10000: 0.30%

{'valid': 0.7917666666666667, 'unique@1000': 0.74, 'unique@10000': 0.3891, 'FCD/Test': 20.465529379354614, 'SNN/Test': 0.6171152664620826, 'Frag/Test': 0.9037624670150596, 'Scaf/Test': 0.3172987688835631, 'FCD/TestSF': 21.668319966934178, 'SNN/TestSF': 0.5295896826179656, 'Frag/TestSF': 0.8912218211912535, 'Scaf/TestSF': 0.031267239331630226, 'IntDiv': 0.7865074563065777, 'IntDiv2': 0.7715130934953874, 'Filters': 0.9710352376541911, 'logP': 0.5599287078748015, 'SA': 0.3335267791127515, 'QED': 0.019306702065898025, 'weight': 6.978497168680069, 'Novelty': 0.9007973014412757}
Epoch: 39:
	Train Loss: 0.433 --- Reconstruction Loss: 0.417 --- KL Loss: 44.841 --- Beta: 0.000340
	Validity: 0.79% --- Uniquene@1000: 0.74% --- Unique@10000: 0.39%

{'valid': 0.7753666666666666, 'unique@1000': 0.751, 'unique@10000': 0.4038, 'FCD/Test': 22.194994415784635, 'SNN/Test': 0.6019027638551185, 'Frag/Test': 0.8735954772984658, 'Scaf/Test': 0.2133909622825756, 'FCD/TestSF': 23.63028211555728, 'SNN/TestSF': 0.5052326083404939, 'Frag/TestSF': 0.8592411642551916, 'Scaf/TestSF': 0.013757827653973154, 'IntDiv': 0.7881465222700981, 'IntDiv2': 0.7732990216314377, 'Filters': 0.985727182838227, 'logP': 0.325881492879409, 'SA': 0.20545267967140043, 'QED': 0.028617909474982915, 'weight': 12.04083279070845, 'Novelty': 0.9096783668673815}
Epoch: 40:
	Train Loss: 0.425 --- Reconstruction Loss: 0.409 --- KL Loss: 41.409 --- Beta: 0.000370
	Validity: 0.78% --- Uniquene@1000: 0.75% --- Unique@10000: 0.40%

{'valid': 0.8811, 'unique@1000': 0.809, 'unique@10000': 0.4554, 'FCD/Test': 21.421890490879264, 'SNN/Test': 0.6200916598406272, 'Frag/Test': 0.867976888828781, 'Scaf/Test': 0.21802745198443163, 'FCD/TestSF': 22.68021967186678, 'SNN/TestSF': 0.5316629033407893, 'Frag/TestSF': 0.8554960061238042, 'Scaf/TestSF': 0.06234391214546531, 'IntDiv': 0.7801888760574143, 'IntDiv2': 0.7653566163681591, 'Filters': 0.9923958688003632, 'logP': 0.477575667729262, 'SA': 0.31993323900700754, 'QED': 0.044409925891991234, 'weight': 7.796253899936367, 'Novelty': 0.8989008334339896}
Epoch: 41:
	Train Loss: 0.418 --- Reconstruction Loss: 0.403 --- KL Loss: 37.758 --- Beta: 0.000400
	Validity: 0.88% --- Uniquene@1000: 0.81% --- Unique@10000: 0.46%

{'valid': 0.8098333333333333, 'unique@1000': 0.837, 'unique@10000': 0.5268, 'FCD/Test': 18.310046023867486, 'SNN/Test': 0.61632234106819, 'Frag/Test': 0.9230867965860428, 'Scaf/Test': 0.34237428774326273, 'FCD/TestSF': 19.263072387758413, 'SNN/TestSF': 0.5398268469348074, 'Frag/TestSF': 0.9143121058825557, 'Scaf/TestSF': 0.03322111137727379, 'IntDiv': 0.7957490759106474, 'IntDiv2': 0.7836286706983188, 'Filters': 0.9861288330932291, 'logP': 0.5441971493795165, 'SA': 0.3018482946439871, 'QED': 0.026653792961419707, 'weight': 12.1682505748258, 'Novelty': 0.9049531459170014}
Epoch: 42:
	Train Loss: 0.410 --- Reconstruction Loss: 0.395 --- KL Loss: 34.737 --- Beta: 0.000430
	Validity: 0.81% --- Uniquene@1000: 0.84% --- Unique@10000: 0.53%

{'valid': 0.8135, 'unique@1000': 0.847, 'unique@10000': 0.5287, 'FCD/Test': 19.81042883276296, 'SNN/Test': 0.6122155706893712, 'Frag/Test': 0.9013624628284388, 'Scaf/Test': 0.17258759982195837, 'FCD/TestSF': 20.68574124953225, 'SNN/TestSF': 0.5327005864349796, 'Frag/TestSF': 0.8923063661404439, 'Scaf/TestSF': 0.023770308862672063, 'IntDiv': 0.7975410944867566, 'IntDiv2': 0.7826164403100524, 'Filters': 0.9897561975005121, 'logP': 0.5268675161520568, 'SA': 0.2746996663080606, 'QED': 0.024935245586992828, 'weight': 11.120058540655183, 'Novelty': 0.8939315620800166}
Epoch: 43:
	Train Loss: 0.404 --- Reconstruction Loss: 0.389 --- KL Loss: 31.990 --- Beta: 0.000460
	Validity: 0.81% --- Uniquene@1000: 0.85% --- Unique@10000: 0.53%

{'valid': 0.7861, 'unique@1000': 0.856, 'unique@10000': 0.565, 'FCD/Test': 18.65307042219004, 'SNN/Test': 0.6161496827103773, 'Frag/Test': 0.9080309142215157, 'Scaf/Test': 0.16570467267555045, 'FCD/TestSF': 19.47265360374091, 'SNN/TestSF': 0.5384560977563914, 'Frag/TestSF': 0.9001640862683039, 'Scaf/TestSF': 0.03453236666356474, 'IntDiv': 0.7969337002926778, 'IntDiv2': 0.7835073624359963, 'Filters': 0.9866429207479964, 'logP': 0.4820741375500212, 'SA': 0.3061432268571588, 'QED': 0.030355889175981605, 'weight': 12.449971720130273, 'Novelty': 0.9050778995960762}
Epoch: 44:
	Train Loss: 0.398 --- Reconstruction Loss: 0.384 --- KL Loss: 29.301 --- Beta: 0.000490
	Validity: 0.79% --- Uniquene@1000: 0.86% --- Unique@10000: 0.56%

{'valid': 0.8980333333333334, 'unique@1000': 0.85, 'unique@10000': 0.5464, 'FCD/Test': 18.17973631344092, 'SNN/Test': 0.6294857352061622, 'Frag/Test': 0.9241479873742046, 'Scaf/Test': 0.22611121616781404, 'FCD/TestSF': 18.80904961723777, 'SNN/TestSF': 0.5550684170976327, 'Frag/TestSF': 0.9165573088180006, 'Scaf/TestSF': 0.032241205336679846, 'IntDiv': 0.7943623162556084, 'IntDiv2': 0.7818435503703072, 'Filters': 0.990609108793289, 'logP': 0.41419373800559894, 'SA': 0.31988421284225926, 'QED': 0.028094094156757243, 'weight': 11.108461009007659, 'Novelty': 0.8717739003998546}
Epoch: 45:
	Train Loss: 0.393 --- Reconstruction Loss: 0.379 --- KL Loss: 27.107 --- Beta: 0.000520
	Validity: 0.90% --- Uniquene@1000: 0.85% --- Unique@10000: 0.55%

{'valid': 0.8007, 'unique@1000': 0.873, 'unique@10000': 0.6138, 'FCD/Test': 18.98094891294126, 'SNN/Test': 0.6126952557598322, 'Frag/Test': 0.9145984328888317, 'Scaf/Test': 0.22208798695539156, 'FCD/TestSF': 19.858851554590927, 'SNN/TestSF': 0.5361248104790457, 'Frag/TestSF': 0.9059032584219472, 'Scaf/TestSF': 0.023970018506573543, 'IntDiv': 0.7942209466521031, 'IntDiv2': 0.7817604588041253, 'Filters': 0.9883435327421839, 'logP': 0.49371713882473217, 'SA': 0.272505361213561, 'QED': 0.02144809770369643, 'weight': 9.593115755337351, 'Novelty': 0.913754129716571}
Epoch: 46:
	Train Loss: 0.388 --- Reconstruction Loss: 0.374 --- KL Loss: 25.421 --- Beta: 0.000550
	Validity: 0.80% --- Uniquene@1000: 0.87% --- Unique@10000: 0.61%

{'valid': 0.8181333333333334, 'unique@1000': 0.882, 'unique@10000': 0.6349, 'FCD/Test': 17.22331871963665, 'SNN/Test': 0.6136407084663482, 'Frag/Test': 0.9275735397856076, 'Scaf/Test': 0.19164972210631903, 'FCD/TestSF': 18.019405279597002, 'SNN/TestSF': 0.5408823038870286, 'Frag/TestSF': 0.919800417558094, 'Scaf/TestSF': 0.03555717094961652, 'IntDiv': 0.8043117448795079, 'IntDiv2': 0.7924194988613913, 'Filters': 0.9752281616688396, 'logP': 0.5422755788765846, 'SA': 0.2869530762245783, 'QED': 0.01677041951985739, 'weight': 12.51730998642822, 'Novelty': 0.8972053462940461}
Epoch: 47:
	Train Loss: 0.384 --- Reconstruction Loss: 0.370 --- KL Loss: 23.626 --- Beta: 0.000580
	Validity: 0.82% --- Uniquene@1000: 0.88% --- Unique@10000: 0.63%

{'valid': 0.8412, 'unique@1000': 0.929, 'unique@10000': 0.6901, 'FCD/Test': 17.066911737030708, 'SNN/Test': 0.6049775617694039, 'Frag/Test': 0.9015240382272365, 'Scaf/Test': 0.2474704677196815, 'FCD/TestSF': 18.06641355878078, 'SNN/TestSF': 0.528444295353747, 'Frag/TestSF': 0.8919643955799763, 'Scaf/TestSF': 0.03712389986440934, 'IntDiv': 0.8074875047685043, 'IntDiv2': 0.7955979726486888, 'Filters': 0.9842685053098748, 'logP': 0.40385384863235113, 'SA': 0.23398795816422566, 'QED': 0.01884661515482623, 'weight': 14.654103115747603, 'Novelty': 0.8998778121181629}
Epoch: 48:
	Train Loss: 0.379 --- Reconstruction Loss: 0.365 --- KL Loss: 22.548 --- Beta: 0.000610
	Validity: 0.84% --- Uniquene@1000: 0.93% --- Unique@10000: 0.69%

{'valid': 0.8878666666666667, 'unique@1000': 0.918, 'unique@10000': 0.7006, 'FCD/Test': 16.704975062208028, 'SNN/Test': 0.6112964826325948, 'Frag/Test': 0.9070474843090343, 'Scaf/Test': 0.23885425088643963, 'FCD/TestSF': 17.35191679141159, 'SNN/TestSF': 0.5465124898729588, 'Frag/TestSF': 0.9006479215359463, 'Scaf/TestSF': 0.024740120620532324, 'IntDiv': 0.8080684616867371, 'IntDiv2': 0.7962007830729592, 'Filters': 0.9835560895029284, 'logP': 0.5305223460088424, 'SA': 0.2899148202870189, 'QED': 0.020394999316478025, 'weight': 14.223952180029407, 'Novelty': 0.8950324851109908}
Epoch: 49:
	Train Loss: 0.374 --- Reconstruction Loss: 0.361 --- KL Loss: 21.471 --- Beta: 0.000640
	Validity: 0.89% --- Uniquene@1000: 0.92% --- Unique@10000: 0.70%

{'valid': 0.8650333333333333, 'unique@1000': 0.939, 'unique@10000': 0.7127, 'FCD/Test': 15.910927979993815, 'SNN/Test': 0.6086073060469068, 'Frag/Test': 0.9129340168039777, 'Scaf/Test': 0.24266503447260512, 'FCD/TestSF': 16.658237521990948, 'SNN/TestSF': 0.5399293150429937, 'Frag/TestSF': 0.9049369367292748, 'Scaf/TestSF': 0.02815108174470049, 'IntDiv': 0.8115052909383398, 'IntDiv2': 0.8000601151744682, 'Filters': 0.9826596277600093, 'logP': 0.4388718192125418, 'SA': 0.24421151534635258, 'QED': 0.019717748574631388, 'weight': 17.853906390432382, 'Novelty': 0.8939474382797983}
Epoch: 50:
	Train Loss: 0.370 --- Reconstruction Loss: 0.357 --- KL Loss: 20.592 --- Beta: 0.000670
	Validity: 0.87% --- Uniquene@1000: 0.94% --- Unique@10000: 0.71%

{'valid': 0.8801666666666667, 'unique@1000': 0.95, 'unique@10000': 0.7577, 'FCD/Test': 15.007503668493698, 'SNN/Test': 0.5946614839056183, 'Frag/Test': 0.9088837615057832, 'Scaf/Test': 0.2673314851451025, 'FCD/TestSF': 15.681635765073914, 'SNN/TestSF': 0.5348918185030234, 'Frag/TestSF': 0.901809913036645, 'Scaf/TestSF': 0.035232678003471074, 'IntDiv': 0.8179623507251985, 'IntDiv2': 0.8066828386351129, 'Filters': 0.9798901723158493, 'logP': 0.5226021111772166, 'SA': 0.22609546423617155, 'QED': 0.01860737444824919, 'weight': 16.60984648227504, 'Novelty': 0.9038921238124425}
Epoch: 51:
	Train Loss: 0.366 --- Reconstruction Loss: 0.352 --- KL Loss: 19.693 --- Beta: 0.000700
	Validity: 0.88% --- Uniquene@1000: 0.95% --- Unique@10000: 0.76%

{'valid': 0.8841333333333333, 'unique@1000': 0.948, 'unique@10000': 0.7823, 'FCD/Test': 15.16860973292151, 'SNN/Test': 0.5995928063548235, 'Frag/Test': 0.9100548873882818, 'Scaf/Test': 0.2942441763226942, 'FCD/TestSF': 15.943799915100243, 'SNN/TestSF': 0.5335546980758469, 'Frag/TestSF': 0.9019790969649818, 'Scaf/TestSF': 0.04433203334230473, 'IntDiv': 0.8227200097209829, 'IntDiv2': 0.8114931436261508, 'Filters': 0.9824687075855829, 'logP': 0.41302342603744313, 'SA': 0.239521237609248, 'QED': 0.014007098807343372, 'weight': 18.62546650662995, 'Novelty': 0.8873929008567931}
Epoch: 52:
	Train Loss: 0.361 --- Reconstruction Loss: 0.347 --- KL Loss: 18.947 --- Beta: 0.000730
	Validity: 0.88% --- Uniquene@1000: 0.95% --- Unique@10000: 0.78%

{'valid': 0.8815, 'unique@1000': 0.949, 'unique@10000': 0.7855, 'FCD/Test': 15.11554623813418, 'SNN/Test': 0.6072541174286367, 'Frag/Test': 0.9151598938021294, 'Scaf/Test': 0.3104708337012212, 'FCD/TestSF': 15.888118058948308, 'SNN/TestSF': 0.5401264756574232, 'Frag/TestSF': 0.9060988378014618, 'Scaf/TestSF': 0.053193186013287375, 'IntDiv': 0.8177702783381646, 'IntDiv2': 0.8073049074492006, 'Filters': 0.984949896010588, 'logP': 0.3211571635460416, 'SA': 0.28090788688539403, 'QED': 0.012495927877041004, 'weight': 19.963081409054876, 'Novelty': 0.8797985061664061}
Epoch: 53:
	Train Loss: 0.358 --- Reconstruction Loss: 0.344 --- KL Loss: 18.372 --- Beta: 0.000760
	Validity: 0.88% --- Uniquene@1000: 0.95% --- Unique@10000: 0.79%

{'valid': 0.9199666666666667, 'unique@1000': 0.972, 'unique@10000': 0.7996, 'FCD/Test': 14.661582090947569, 'SNN/Test': 0.5964093451783028, 'Frag/Test': 0.9355233993441612, 'Scaf/Test': 0.35651360313432945, 'FCD/TestSF': 15.407868308810933, 'SNN/TestSF': 0.5316342871609562, 'Frag/TestSF': 0.9276371402967559, 'Scaf/TestSF': 0.043305171362535866, 'IntDiv': 0.8229177593481014, 'IntDiv2': 0.8118965934095095, 'Filters': 0.9802166745171926, 'logP': 0.494893203835851, 'SA': 0.2508301281841275, 'QED': 0.014721057714053349, 'weight': 16.62869861805276, 'Novelty': 0.8953970331588132}
Epoch: 54:
	Train Loss: 0.353 --- Reconstruction Loss: 0.339 --- KL Loss: 17.767 --- Beta: 0.000790
	Validity: 0.92% --- Uniquene@1000: 0.97% --- Unique@10000: 0.80%

{'valid': 0.8839666666666667, 'unique@1000': 0.968, 'unique@10000': 0.8116, 'FCD/Test': 14.591739649345016, 'SNN/Test': 0.5986209372241481, 'Frag/Test': 0.9309589250240207, 'Scaf/Test': 0.3445286128089373, 'FCD/TestSF': 15.415811918015969, 'SNN/TestSF': 0.5343708766972642, 'Frag/TestSF': 0.9230891655655397, 'Scaf/TestSF': 0.038377969665039924, 'IntDiv': 0.8222620999069359, 'IntDiv2': 0.811754593119251, 'Filters': 0.9796749500358234, 'logP': 0.37253911962298203, 'SA': 0.2525757918926466, 'QED': 0.016666079977059153, 'weight': 22.07526660726581, 'Novelty': 0.887939642738267}
Epoch: 55:
	Train Loss: 0.350 --- Reconstruction Loss: 0.336 --- KL Loss: 17.318 --- Beta: 0.000820
	Validity: 0.88% --- Uniquene@1000: 0.97% --- Unique@10000: 0.81%

slurmstepd: error: *** JOB 8257217 ON hpctpa3pc0011 CANCELLED AT 2024-02-15T10:04:48 ***
