2024-02-15 05:46:39.419480: E external/local_xla/xla/stream_executor/cuda/cuda_dnn.cc:9261] Unable to register cuDNN factory: Attempting to register factory for plugin cuDNN when one has already been registered
2024-02-15 05:46:39.419558: E external/local_xla/xla/stream_executor/cuda/cuda_fft.cc:607] Unable to register cuFFT factory: Attempting to register factory for plugin cuFFT when one has already been registered
2024-02-15 05:46:39.420247: E external/local_xla/xla/stream_executor/cuda/cuda_blas.cc:1515] Unable to register cuBLAS factory: Attempting to register factory for plugin cuBLAS when one has already been registered
2024-02-15 05:46:39.424352: I tensorflow/core/platform/cpu_feature_guard.cc:182] This TensorFlow binary is optimized to use available CPU instructions in performance-critical operations.
To enable the following instructions: AVX2 FMA, in other operations, rebuild TensorFlow with the appropriate compiler flags.
2024-02-15 05:46:40.283744: W tensorflow/compiler/tf2tensorrt/utils/py_utils.cc:38] TF-TRT Warning: Could not find TensorRT

Arguments:
	data_path: data/moses_train.txt
	max_len: 30
	batch: 128
	d_model: 512
	d_latent: 256
	d_ff: 1024
	e_heads: 1
	d_heads: 8
	n_layers: 8
	dropout: 0.5
	lr: 0.0005
	n_epochs: 100
	kl_type: monotonic
	kl_w_start: 0.0001
	kl_w_end: 0.01
	kl_cycle: 4
	kl_ratio: 0.9
	save_name: klcompare

Number of data: 88192

SMILES Vocab:
	 {'<START>': 0, '<END>': 1, '<PAD>': 2, 'C': 3, 'O': 4, 'c': 5, '1': 6, '(': 7, '=': 8, ')': 9, 'N': 10, 'n': 11, '2': 12, 'F': 13, 'Cl': 14, 'Br': 15, '#': 16, '3': 17, 'S': 18, 'o': 19, '-': 20, 's': 21, '[nH]': 22, '4': 23}

Graph Vocab:
	 {'C': 0, 'O': 1, 'N': 2, 'F': 3, 'Cl': 4, 'Br': 5, 'S': 6}


KL Annealer: [0.0001, 0.000199, 0.00029800000000000003, 0.000397, 0.000496, 0.000595, 0.0006940000000000001, 0.0007930000000000001, 0.0008920000000000001, 0.0009910000000000001, 0.00109, 0.0011890000000000002, 0.001288, 0.0013870000000000002, 0.0014860000000000001, 0.0015850000000000003, 0.0016840000000000002, 0.001783, 0.0018820000000000002, 0.001981, 0.00208, 0.002179, 0.002278, 0.002377, 0.002476, 0.002575, 0.002674, 0.002773, 0.002872, 0.002971, 0.0030700000000000002, 0.003169, 0.003268, 0.003367, 0.003466, 0.003565, 0.003664, 0.0037630000000000003, 0.003862, 0.003961, 0.00406, 0.004159, 0.0042580000000000005, 0.004357000000000001, 0.004456000000000001, 0.004555000000000001, 0.004654000000000001, 0.004753, 0.004852, 0.0049510000000000005, 0.005050000000000001, 0.005149000000000001, 0.005248000000000001, 0.005347000000000001, 0.005446, 0.0055450000000000004, 0.005644000000000001, 0.005743000000000001, 0.005842000000000001, 0.005941000000000001, 0.006040000000000001, 0.006139, 0.0062380000000000005, 0.006337000000000001, 0.006436000000000001, 0.006535000000000001, 0.006634000000000001, 0.006733000000000001, 0.006832, 0.0069310000000000005, 0.007030000000000001, 0.007129000000000001, 0.007228000000000001, 0.007327000000000001, 0.007426000000000001, 0.0075250000000000004, 0.007624000000000001, 0.007723000000000001, 0.007822, 0.007921, 0.00802, 0.008119, 0.008218, 0.008317, 0.008416, 0.008515, 0.008614, 0.008713, 0.008812, 0.008911, 0.00901, 0.009109, 0.009208000000000001, 0.009307, 0.009406, 0.009505, 0.009604, 0.009703, 0.009802, 0.009901]




#########################################################################
######################### START TRAINING ################################
#########################################################################




{'valid': 0.5799000000000001, 'unique@1000': 0.656, 'unique@10000': 0.3261, 'FCD/Test': 22.54019888754432, 'SNN/Test': 0.6240481092044935, 'Frag/Test': 0.8814806765321969, 'Scaf/Test': 0.2468731321883494, 'FCD/TestSF': 23.29261395553823, 'SNN/TestSF': 0.5518183005505707, 'Frag/TestSF': 0.8730359868240278, 'Scaf/TestSF': 0.0142619958739173, 'IntDiv': 0.795268921860679, 'IntDiv2': 0.7696853153974382, 'Filters': 0.9928148531355981, 'logP': 0.9406538620902647, 'SA': 0.4069232911079974, 'QED': 0.06285094906850577, 'weight': 9.337958350265783, 'Novelty': 0.9186903729401561}
Epoch: 31:
	Train Loss: 0.537 --- Reconstruction Loss: 0.500 --- KL Loss: 12.064 --- Beta: 0.003070
	Validity: 0.58% --- Uniquene@1000: 0.66% --- Unique@10000: 0.33%

{'valid': 0.5396666666666667, 'unique@1000': 0.597, 'unique@10000': 0.3269, 'FCD/Test': 22.276899086047813, 'SNN/Test': 0.6223237829730421, 'Frag/Test': 0.8844680364876761, 'Scaf/Test': 0.1731375989774947, 'FCD/TestSF': 23.172290861471282, 'SNN/TestSF': 0.5508226738788229, 'Frag/TestSF': 0.876190695676023, 'Scaf/TestSF': 0.018810978287281066, 'IntDiv': 0.7840752467236775, 'IntDiv2': 0.7521589632107348, 'Filters': 0.9930821494749845, 'logP': 0.7378139937869146, 'SA': 0.4003885980116079, 'QED': 0.051180735399300556, 'weight': 13.464390160363623, 'Novelty': 0.9095174262734584}
Epoch: 32:
	Train Loss: 0.530 --- Reconstruction Loss: 0.495 --- KL Loss: 11.049 --- Beta: 0.003169
	Validity: 0.54% --- Uniquene@1000: 0.60% --- Unique@10000: 0.33%

{'valid': 0.6167333333333334, 'unique@1000': 0.689, 'unique@10000': 0.3791, 'FCD/Test': 23.82808411074999, 'SNN/Test': 0.5957953952419579, 'Frag/Test': 0.8416175512038558, 'Scaf/Test': 0.2016251670416469, 'FCD/TestSF': 25.08436158002185, 'SNN/TestSF': 0.5275975530760737, 'Frag/TestSF': 0.8310248876001741, 'Scaf/TestSF': 0.030015879631668074, 'IntDiv': 0.7566695528191025, 'IntDiv2': 0.7332835191624287, 'Filters': 0.9872446222030051, 'logP': 0.74455217382895, 'SA': 0.36189952414245935, 'QED': 0.10886325163480402, 'weight': 11.215430774862028, 'Novelty': 0.9450686641697877}
Epoch: 33:
	Train Loss: 0.522 --- Reconstruction Loss: 0.488 --- KL Loss: 10.212 --- Beta: 0.003268
	Validity: 0.62% --- Uniquene@1000: 0.69% --- Unique@10000: 0.38%

{'valid': 0.6113999999999999, 'unique@1000': 0.718, 'unique@10000': 0.4057, 'FCD/Test': 19.88040080206106, 'SNN/Test': 0.6097882681757475, 'Frag/Test': 0.890998053354544, 'Scaf/Test': 0.31891724417767775, 'FCD/TestSF': 20.950768790390896, 'SNN/TestSF': 0.5338609516051951, 'Frag/TestSF': 0.8801884614684189, 'Scaf/TestSF': 0.01446739622338622, 'IntDiv': 0.8034503401735131, 'IntDiv2': 0.7804295253493784, 'Filters': 0.9815178279358848, 'logP': 0.8005578602963329, 'SA': 0.34697363927188574, 'QED': 0.04278128398290523, 'weight': 16.082287675078916, 'Novelty': 0.9188654353562006}
Epoch: 34:
	Train Loss: 0.513 --- Reconstruction Loss: 0.481 --- KL Loss: 9.377 --- Beta: 0.003367
	Validity: 0.61% --- Uniquene@1000: 0.72% --- Unique@10000: 0.41%

{'valid': 0.5792333333333333, 'unique@1000': 0.785, 'unique@10000': 0.4755, 'FCD/Test': 18.26275704155575, 'SNN/Test': 0.5949120958384309, 'Frag/Test': 0.8771656936170077, 'Scaf/Test': 0.2401020138424348, 'FCD/TestSF': 19.28959188759118, 'SNN/TestSF': 0.5250615258439334, 'Frag/TestSF': 0.8684986570221227, 'Scaf/TestSF': 0.01822504396318081, 'IntDiv': 0.8197564048513573, 'IntDiv2': 0.8016706416885773, 'Filters': 0.9868216608160212, 'logP': 0.7165843789180154, 'SA': 0.3010655892058711, 'QED': 0.02513762828721794, 'weight': 17.199782269735127, 'Novelty': 0.9136304253157207}
Epoch: 35:
	Train Loss: 0.505 --- Reconstruction Loss: 0.474 --- KL Loss: 8.763 --- Beta: 0.003466
	Validity: 0.58% --- Uniquene@1000: 0.79% --- Unique@10000: 0.48%

{'valid': 0.7059666666666666, 'unique@1000': 0.778, 'unique@10000': 0.4624, 'FCD/Test': 21.152016656327106, 'SNN/Test': 0.6055390003427826, 'Frag/Test': 0.8318633323673688, 'Scaf/Test': 0.19896583828393477, 'FCD/TestSF': 22.267993330680696, 'SNN/TestSF': 0.5229528666941323, 'Frag/TestSF': 0.8226163005788708, 'Scaf/TestSF': 0.014095174726339477, 'IntDiv': 0.8096821754091889, 'IntDiv2': 0.789151340877789, 'Filters': 0.9872987393172482, 'logP': 0.7886257523585252, 'SA': 0.30824530091969515, 'QED': 0.03292661950656481, 'weight': 11.920417814988047, 'Novelty': 0.9273255813953488}
Epoch: 36:
	Train Loss: 0.497 --- Reconstruction Loss: 0.468 --- KL Loss: 8.063 --- Beta: 0.003565
	Validity: 0.71% --- Uniquene@1000: 0.78% --- Unique@10000: 0.46%

{'valid': 0.5966666666666667, 'unique@1000': 0.833, 'unique@10000': 0.5327, 'FCD/Test': 16.598538964472965, 'SNN/Test': 0.6039354591737579, 'Frag/Test': 0.9011667615944235, 'Scaf/Test': 0.38053735751403095, 'FCD/TestSF': 17.637161480608285, 'SNN/TestSF': 0.5336299664289925, 'Frag/TestSF': 0.892802122886497, 'Scaf/TestSF': 0.03890563325873231, 'IntDiv': 0.8183723953086106, 'IntDiv2': 0.802440851983752, 'Filters': 0.9892737430167597, 'logP': 0.7074736943573059, 'SA': 0.2996524340101037, 'QED': 0.040634199746830246, 'weight': 14.995115869854251, 'Novelty': 0.9280431239814466}
Epoch: 37:
	Train Loss: 0.490 --- Reconstruction Loss: 0.461 --- KL Loss: 7.728 --- Beta: 0.003664
	Validity: 0.60% --- Uniquene@1000: 0.83% --- Unique@10000: 0.53%

{'valid': 0.7493000000000001, 'unique@1000': 0.78, 'unique@10000': 0.4958, 'FCD/Test': 20.72907949521793, 'SNN/Test': 0.6025401173582323, 'Frag/Test': 0.8432585040900091, 'Scaf/Test': 0.1678086099399707, 'FCD/TestSF': 21.633573446484995, 'SNN/TestSF': 0.5346362782166868, 'Frag/TestSF': 0.8374727801136825, 'Scaf/TestSF': 0.012725609502248325, 'IntDiv': 0.7991051660518113, 'IntDiv2': 0.7799832695058229, 'Filters': 0.9914586947817964, 'logP': 0.6506016173118397, 'SA': 0.3129336052476649, 'QED': 0.03097408694439159, 'weight': 13.476215526397757, 'Novelty': 0.9225319926873857}
Epoch: 38:
	Train Loss: 0.482 --- Reconstruction Loss: 0.455 --- KL Loss: 7.365 --- Beta: 0.003763
	Validity: 0.75% --- Uniquene@1000: 0.78% --- Unique@10000: 0.50%

{'valid': 0.6763, 'unique@1000': 0.872, 'unique@10000': 0.5915, 'FCD/Test': 16.17774586495002, 'SNN/Test': 0.5994328124233557, 'Frag/Test': 0.8689088897246867, 'Scaf/Test': 0.3760707307048463, 'FCD/TestSF': 17.0655126248716, 'SNN/TestSF': 0.5263447961642618, 'Frag/TestSF': 0.8606365363458086, 'Scaf/TestSF': 0.024211428112610567, 'IntDiv': 0.8233126439250956, 'IntDiv2': 0.8080482015663744, 'Filters': 0.9859036916555769, 'logP': 0.6084651153868368, 'SA': 0.263592197334298, 'QED': 0.03468665614751844, 'weight': 14.19616532250659, 'Novelty': 0.9215587044534413}
Epoch: 39:
	Train Loss: 0.475 --- Reconstruction Loss: 0.448 --- KL Loss: 7.099 --- Beta: 0.003862
	Validity: 0.68% --- Uniquene@1000: 0.87% --- Unique@10000: 0.59%

{'valid': 0.7876666666666666, 'unique@1000': 0.862, 'unique@10000': 0.5677, 'FCD/Test': 18.43024317602407, 'SNN/Test': 0.5947765820198174, 'Frag/Test': 0.8320353056790077, 'Scaf/Test': 0.28613259036396455, 'FCD/TestSF': 19.447506275240407, 'SNN/TestSF': 0.5148999655758785, 'Frag/TestSF': 0.8244764448057839, 'Scaf/TestSF': 0.02784886201022818, 'IntDiv': 0.818518488629464, 'IntDiv2': 0.8029521681521263, 'Filters': 0.9835378755818874, 'logP': 0.629603990165352, 'SA': 0.24715123092227642, 'QED': 0.036851488584546836, 'weight': 10.363954653656657, 'Novelty': 0.9245963912630579}
Epoch: 40:
	Train Loss: 0.468 --- Reconstruction Loss: 0.441 --- KL Loss: 6.863 --- Beta: 0.003961
	Validity: 0.79% --- Uniquene@1000: 0.86% --- Unique@10000: 0.57%

{'valid': 0.6484, 'unique@1000': 0.873, 'unique@10000': 0.583, 'FCD/Test': 18.195394683859604, 'SNN/Test': 0.5986356867771077, 'Frag/Test': 0.8485467634581939, 'Scaf/Test': 0.19773307715664756, 'FCD/TestSF': 19.091469370412796, 'SNN/TestSF': 0.5242451436544933, 'Frag/TestSF': 0.840576762669196, 'Scaf/TestSF': 0.017594195220502873, 'IntDiv': 0.8136307869231093, 'IntDiv2': 0.7961144894576688, 'Filters': 0.987045033929673, 'logP': 0.6599146685835059, 'SA': 0.27586896198826266, 'QED': 0.04348456261113301, 'weight': 11.336874028953213, 'Novelty': 0.9209771640998407}
Epoch: 41:
	Train Loss: 0.462 --- Reconstruction Loss: 0.435 --- KL Loss: 6.592 --- Beta: 0.004060
	Validity: 0.65% --- Uniquene@1000: 0.87% --- Unique@10000: 0.58%

{'valid': 0.7657666666666667, 'unique@1000': 0.886, 'unique@10000': 0.6415, 'FCD/Test': 17.10039271657837, 'SNN/Test': 0.597968436967967, 'Frag/Test': 0.8681225854575501, 'Scaf/Test': 0.3791617569914376, 'FCD/TestSF': 17.916950198226687, 'SNN/TestSF': 0.5362011568577586, 'Frag/TestSF': 0.8619138449103555, 'Scaf/TestSF': 0.03194124780350016, 'IntDiv': 0.8183476842197975, 'IntDiv2': 0.8044734445828691, 'Filters': 0.9811953162408045, 'logP': 0.6001139935910186, 'SA': 0.3103060615952023, 'QED': 0.02630578480534237, 'weight': 14.09029978321834, 'Novelty': 0.9254419033257938}
Epoch: 42:
	Train Loss: 0.456 --- Reconstruction Loss: 0.429 --- KL Loss: 6.336 --- Beta: 0.004159
	Validity: 0.77% --- Uniquene@1000: 0.89% --- Unique@10000: 0.64%

{'valid': 0.6944333333333333, 'unique@1000': 0.861, 'unique@10000': 0.6127, 'FCD/Test': 19.44254642306835, 'SNN/Test': 0.5913611527047566, 'Frag/Test': 0.8443714051301844, 'Scaf/Test': 0.2226193188091805, 'FCD/TestSF': 20.199110042228966, 'SNN/TestSF': 0.5226212174690262, 'Frag/TestSF': 0.8396900058214084, 'Scaf/TestSF': 0.013936584560533372, 'IntDiv': 0.8191858389981999, 'IntDiv2': 0.8036293356840555, 'Filters': 0.9923198771180339, 'logP': 0.6841492319213928, 'SA': 0.2561243421762239, 'QED': 0.022225304071294534, 'weight': 14.450249037744703, 'Novelty': 0.9272829763246899}
Epoch: 43:
	Train Loss: 0.450 --- Reconstruction Loss: 0.424 --- KL Loss: 6.116 --- Beta: 0.004258
	Validity: 0.69% --- Uniquene@1000: 0.86% --- Unique@10000: 0.61%

{'valid': 0.7883, 'unique@1000': 0.896, 'unique@10000': 0.6211, 'FCD/Test': 17.923903314640228, 'SNN/Test': 0.6074353024452361, 'Frag/Test': 0.8619343832617755, 'Scaf/Test': 0.2551900638100074, 'FCD/TestSF': 18.86250731876035, 'SNN/TestSF': 0.537349390693233, 'Frag/TestSF': 0.8534416084644726, 'Scaf/TestSF': 0.022663972388572984, 'IntDiv': 0.8122236986955093, 'IntDiv2': 0.7970384955055445, 'Filters': 0.9909509915852679, 'logP': 0.451582303914302, 'SA': 0.30239212179456454, 'QED': 0.037974223406912797, 'weight': 13.88045933589118, 'Novelty': 0.9130360498889458}
Epoch: 44:
	Train Loss: 0.445 --- Reconstruction Loss: 0.419 --- KL Loss: 5.895 --- Beta: 0.004357
	Validity: 0.79% --- Uniquene@1000: 0.90% --- Unique@10000: 0.62%

{'valid': 0.8567666666666667, 'unique@1000': 0.875, 'unique@10000': 0.6407, 'FCD/Test': 18.811333459875073, 'SNN/Test': 0.5982489630632705, 'Frag/Test': 0.8325665981056365, 'Scaf/Test': 0.23447913240154916, 'FCD/TestSF': 19.789987370654472, 'SNN/TestSF': 0.5262613152738064, 'Frag/TestSF': 0.826259944757683, 'Scaf/TestSF': 0.016604167649758805, 'IntDiv': 0.8156393398885092, 'IntDiv2': 0.8011047639035875, 'Filters': 0.9839318367505738, 'logP': 0.5555169584914187, 'SA': 0.26762465075817876, 'QED': 0.022366580807034787, 'weight': 14.065217642122152, 'Novelty': 0.9186749292326525}
Epoch: 45:
	Train Loss: 0.441 --- Reconstruction Loss: 0.415 --- KL Loss: 5.780 --- Beta: 0.004456
	Validity: 0.86% --- Uniquene@1000: 0.88% --- Unique@10000: 0.64%

{'valid': 0.7299666666666667, 'unique@1000': 0.897, 'unique@10000': 0.6661, 'FCD/Test': 16.789788293489536, 'SNN/Test': 0.5964234359387182, 'Frag/Test': 0.8812202155318998, 'Scaf/Test': 0.2836029489441366, 'FCD/TestSF': 17.641665294184207, 'SNN/TestSF': 0.5314768064578127, 'Frag/TestSF': 0.8757595584348237, 'Scaf/TestSF': 0.019975319723858576, 'IntDiv': 0.8243958843411324, 'IntDiv2': 0.8105691741268689, 'Filters': 0.9886752819763459, 'logP': 0.5846915534511496, 'SA': 0.26567411437544003, 'QED': 0.01787378217556376, 'weight': 16.428949420742825, 'Novelty': 0.9074520229293013}
Epoch: 46:
	Train Loss: 0.436 --- Reconstruction Loss: 0.411 --- KL Loss: 5.578 --- Beta: 0.004555
	Validity: 0.73% --- Uniquene@1000: 0.90% --- Unique@10000: 0.67%

{'valid': 0.7603666666666666, 'unique@1000': 0.931, 'unique@10000': 0.6978, 'FCD/Test': 16.39497950369939, 'SNN/Test': 0.5915468631940264, 'Frag/Test': 0.8785286015888182, 'Scaf/Test': 0.2410551224795956, 'FCD/TestSF': 17.18638425178085, 'SNN/TestSF': 0.5318039400737146, 'Frag/TestSF': 0.87388216627192, 'Scaf/TestSF': 0.03705033443639316, 'IntDiv': 0.8228213788932596, 'IntDiv2': 0.8095855517278125, 'Filters': 0.9777300425233441, 'logP': 0.5447316433652942, 'SA': 0.24174913111938942, 'QED': 0.020366250048926768, 'weight': 15.25657336546641, 'Novelty': 0.9190204326923077}
Epoch: 47:
	Train Loss: 0.433 --- Reconstruction Loss: 0.407 --- KL Loss: 5.398 --- Beta: 0.004654
	Validity: 0.76% --- Uniquene@1000: 0.93% --- Unique@10000: 0.70%

{'valid': 0.7854666666666666, 'unique@1000': 0.933, 'unique@10000': 0.7219, 'FCD/Test': 16.500248820476614, 'SNN/Test': 0.5827676648651272, 'Frag/Test': 0.8578373700187244, 'Scaf/Test': 0.2725414934009458, 'FCD/TestSF': 17.306894912323635, 'SNN/TestSF': 0.5154208426248833, 'Frag/TestSF': 0.8521808375212797, 'Scaf/TestSF': 0.02241526371773339, 'IntDiv': 0.8330624640428302, 'IntDiv2': 0.8191458919680095, 'Filters': 0.9861653369546767, 'logP': 0.6375300850289961, 'SA': 0.21604410551746536, 'QED': 0.03420265069435378, 'weight': 15.470562558831555, 'Novelty': 0.9258419000354484}
Epoch: 48:
	Train Loss: 0.428 --- Reconstruction Loss: 0.403 --- KL Loss: 5.273 --- Beta: 0.004753
	Validity: 0.79% --- Uniquene@1000: 0.93% --- Unique@10000: 0.72%

{'valid': 0.8313, 'unique@1000': 0.922, 'unique@10000': 0.7032, 'FCD/Test': 16.103304005899716, 'SNN/Test': 0.5902878358906973, 'Frag/Test': 0.8464849496081756, 'Scaf/Test': 0.2649351793606789, 'FCD/TestSF': 16.908118314917083, 'SNN/TestSF': 0.5251586887940805, 'Frag/TestSF': 0.8409898732594624, 'Scaf/TestSF': 0.02371404323021975, 'IntDiv': 0.8306451341568204, 'IntDiv2': 0.8167217069707872, 'Filters': 0.9852439953486507, 'logP': 0.5022265092809146, 'SA': 0.22915300577989625, 'QED': 0.018966873784842162, 'weight': 18.674497842519084, 'Novelty': 0.9089153968144522}
Epoch: 49:
	Train Loss: 0.425 --- Reconstruction Loss: 0.400 --- KL Loss: 5.158 --- Beta: 0.004852
	Validity: 0.83% --- Uniquene@1000: 0.92% --- Unique@10000: 0.70%

{'valid': 0.7267333333333333, 'unique@1000': 0.917, 'unique@10000': 0.6728, 'FCD/Test': 15.178726345382344, 'SNN/Test': 0.5963848371620178, 'Frag/Test': 0.8705856860451145, 'Scaf/Test': 0.24794554631255983, 'FCD/TestSF': 15.766417696169214, 'SNN/TestSF': 0.5328161592970594, 'Frag/TestSF': 0.864518416421735, 'Scaf/TestSF': 0.02209962295361223, 'IntDiv': 0.824672282011661, 'IntDiv2': 0.8110513226758786, 'Filters': 0.982432804329878, 'logP': 0.5238582239878711, 'SA': 0.2311180794945363, 'QED': 0.02331119014912719, 'weight': 18.280770017882347, 'Novelty': 0.9153864910997318}
Epoch: 50:
	Train Loss: 0.422 --- Reconstruction Loss: 0.397 --- KL Loss: 5.074 --- Beta: 0.004951
	Validity: 0.73% --- Uniquene@1000: 0.92% --- Unique@10000: 0.67%

{'valid': 0.7666999999999999, 'unique@1000': 0.928, 'unique@10000': 0.7316, 'FCD/Test': 15.466632150437093, 'SNN/Test': 0.5810950249375211, 'Frag/Test': 0.840046031414567, 'Scaf/Test': 0.2163751058158504, 'FCD/TestSF': 16.136251681872196, 'SNN/TestSF': 0.5213022045280968, 'Frag/TestSF': 0.8353766657699153, 'Scaf/TestSF': 0.023672129472356085, 'IntDiv': 0.8342197766002728, 'IntDiv2': 0.8211628075664077, 'Filters': 0.987391852528151, 'logP': 0.504293522169747, 'SA': 0.18563333127377793, 'QED': 0.02639098249343413, 'weight': 18.622926103156086, 'Novelty': 0.9199134199134199}
Epoch: 51:
	Train Loss: 0.418 --- Reconstruction Loss: 0.393 --- KL Loss: 4.936 --- Beta: 0.005050
	Validity: 0.77% --- Uniquene@1000: 0.93% --- Unique@10000: 0.73%

{'valid': 0.8788666666666667, 'unique@1000': 0.954, 'unique@10000': 0.7587, 'FCD/Test': 15.58908021947827, 'SNN/Test': 0.5796327685568091, 'Frag/Test': 0.8517471086629469, 'Scaf/Test': 0.2592806681251427, 'FCD/TestSF': 16.26864744142123, 'SNN/TestSF': 0.5180962624773355, 'Frag/TestSF': 0.8464536252938386, 'Scaf/TestSF': 0.04034227767197607, 'IntDiv': 0.8428154396164621, 'IntDiv2': 0.8303384107629014, 'Filters': 0.9820223014488356, 'logP': 0.44006921493378853, 'SA': 0.19956323657923228, 'QED': 0.026658766691031895, 'weight': 21.044872617206444, 'Novelty': 0.9037661946369389}
Epoch: 52:
	Train Loss: 0.416 --- Reconstruction Loss: 0.391 --- KL Loss: 4.878 --- Beta: 0.005149
	Validity: 0.88% --- Uniquene@1000: 0.95% --- Unique@10000: 0.76%

{'valid': 0.8477666666666667, 'unique@1000': 0.945, 'unique@10000': 0.7642, 'FCD/Test': 15.586104373631713, 'SNN/Test': 0.5814997834265783, 'Frag/Test': 0.8695923157901541, 'Scaf/Test': 0.2570966280264795, 'FCD/TestSF': 16.5246950791079, 'SNN/TestSF': 0.5099485565306645, 'Frag/TestSF': 0.8615024396191209, 'Scaf/TestSF': 0.05556512614830711, 'IntDiv': 0.838897006614768, 'IntDiv2': 0.8266159497612322, 'Filters': 0.9855306098376125, 'logP': 0.4090491571647212, 'SA': 0.17515753343108517, 'QED': 0.030824307659441656, 'weight': 18.146444432569112, 'Novelty': 0.907091672844082}
Epoch: 53:
	Train Loss: 0.414 --- Reconstruction Loss: 0.388 --- KL Loss: 4.834 --- Beta: 0.005248
	Validity: 0.85% --- Uniquene@1000: 0.94% --- Unique@10000: 0.76%

{'valid': 0.8463666666666667, 'unique@1000': 0.963, 'unique@10000': 0.795, 'FCD/Test': 15.313328828647997, 'SNN/Test': 0.5673008073640834, 'Frag/Test': 0.8395943085291974, 'Scaf/Test': 0.2784996184767955, 'FCD/TestSF': 16.072580641090966, 'SNN/TestSF': 0.5029455328892856, 'Frag/TestSF': 0.8351351100915989, 'Scaf/TestSF': 0.030074732392234127, 'IntDiv': 0.8440530261467769, 'IntDiv2': 0.8321506645329716, 'Filters': 0.9862549722342562, 'logP': 0.58079396700329, 'SA': 0.14017581818727293, 'QED': 0.04128043431703993, 'weight': 16.688089523798425, 'Novelty': 0.9232712531578638}
Epoch: 54:
	Train Loss: 0.411 --- Reconstruction Loss: 0.385 --- KL Loss: 4.780 --- Beta: 0.005347
	Validity: 0.85% --- Uniquene@1000: 0.96% --- Unique@10000: 0.80%

{'valid': 0.8955, 'unique@1000': 0.948, 'unique@10000': 0.7577, 'FCD/Test': 15.227374420379775, 'SNN/Test': 0.5853172444928941, 'Frag/Test': 0.8728035041092312, 'Scaf/Test': 0.2964749139527769, 'FCD/TestSF': 15.93792035137902, 'SNN/TestSF': 0.5242358042173005, 'Frag/TestSF': 0.8700718381039071, 'Scaf/TestSF': 0.031469797266359234, 'IntDiv': 0.8392545228071266, 'IntDiv2': 0.8267468709068808, 'Filters': 0.986748557602829, 'logP': 0.5503605757859676, 'SA': 0.1971882755393406, 'QED': 0.015142048520936563, 'weight': 20.571333871945022, 'Novelty': 0.8994307400379506}
Epoch: 55:
	Train Loss: 0.408 --- Reconstruction Loss: 0.383 --- KL Loss: 4.644 --- Beta: 0.005446
	Validity: 0.90% --- Uniquene@1000: 0.95% --- Unique@10000: 0.76%

{'valid': 0.8114, 'unique@1000': 0.933, 'unique@10000': 0.7708, 'FCD/Test': 15.600642766595755, 'SNN/Test': 0.5660651181887634, 'Frag/Test': 0.8402910746990918, 'Scaf/Test': 0.20771078950335242, 'FCD/TestSF': 16.194632720509397, 'SNN/TestSF': 0.5070003524836465, 'Frag/TestSF': 0.8380408958555682, 'Scaf/TestSF': 0.033241833408249266, 'IntDiv': 0.8466454660048004, 'IntDiv2': 0.8339042366025261, 'Filters': 0.9859912907731493, 'logP': 0.5714144861597814, 'SA': 0.12207350013459087, 'QED': 0.02326710530109702, 'weight': 18.455494970349143, 'Novelty': 0.9236718650944592}
Epoch: 56:
	Train Loss: 0.406 --- Reconstruction Loss: 0.380 --- KL Loss: 4.624 --- Beta: 0.005545
	Validity: 0.81% --- Uniquene@1000: 0.93% --- Unique@10000: 0.77%

{'valid': 0.8480333333333333, 'unique@1000': 0.939, 'unique@10000': 0.7487, 'FCD/Test': 15.942401812235644, 'SNN/Test': 0.5790837154616482, 'Frag/Test': 0.8715814184088803, 'Scaf/Test': 0.2657103945107526, 'FCD/TestSF': 16.6971626332111, 'SNN/TestSF': 0.5188328912564032, 'Frag/TestSF': 0.8685071630559525, 'Scaf/TestSF': 0.02375251163490033, 'IntDiv': 0.8382547540149206, 'IntDiv2': 0.8254011715067375, 'Filters': 0.9851420934711685, 'logP': 0.6332952242247458, 'SA': 0.19782499587533123, 'QED': 0.021467741805475896, 'weight': 17.309639624936665, 'Novelty': 0.9180215961275909}
Epoch: 57:
	Train Loss: 0.404 --- Reconstruction Loss: 0.378 --- KL Loss: 4.530 --- Beta: 0.005644
	Validity: 0.85% --- Uniquene@1000: 0.94% --- Unique@10000: 0.75%

slurmstepd: error: *** JOB 8257212 ON hpctpa3pc0042 CANCELLED AT 2024-02-15T10:04:48 ***
