2024-02-15 05:59:09.620527: E external/local_xla/xla/stream_executor/cuda/cuda_dnn.cc:9261] Unable to register cuDNN factory: Attempting to register factory for plugin cuDNN when one has already been registered
2024-02-15 05:59:09.620611: E external/local_xla/xla/stream_executor/cuda/cuda_fft.cc:607] Unable to register cuFFT factory: Attempting to register factory for plugin cuFFT when one has already been registered
2024-02-15 05:59:09.622600: E external/local_xla/xla/stream_executor/cuda/cuda_blas.cc:1515] Unable to register cuBLAS factory: Attempting to register factory for plugin cuBLAS when one has already been registered
2024-02-15 05:59:09.629527: I tensorflow/core/platform/cpu_feature_guard.cc:182] This TensorFlow binary is optimized to use available CPU instructions in performance-critical operations.
To enable the following instructions: AVX2 FMA, in other operations, rebuild TensorFlow with the appropriate compiler flags.
2024-02-15 05:59:10.418236: W tensorflow/compiler/tf2tensorrt/utils/py_utils.cc:38] TF-TRT Warning: Could not find TensorRT

Arguments:
	data_path: data/moses_train.txt
	max_len: 30
	batch: 128
	d_model: 512
	d_latent: 256
	d_ff: 1024
	e_heads: 1
	d_heads: 8
	n_layers: 8
	dropout: 0.5
	lr: 0.0005
	n_epochs: 80
	kl_type: cyclic
	kl_w_start: 0.0001
	kl_w_end: 0.0005
	kl_cycle: 2
	kl_ratio: 1.0
	save_name: klcompare

Number of data: 88192

SMILES Vocab:
	 {'<START>': 0, '<END>': 1, '<PAD>': 2, 'C': 3, 'O': 4, 'c': 5, '1': 6, '(': 7, '=': 8, ')': 9, 'N': 10, 'n': 11, '2': 12, 'F': 13, 'Cl': 14, 'Br': 15, '#': 16, '3': 17, 'S': 18, 'o': 19, '-': 20, 's': 21, '[nH]': 22, '4': 23}

Graph Vocab:
	 {'C': 0, 'O': 1, 'N': 2, 'F': 3, 'Cl': 4, 'Br': 5, 'S': 6}


KL Annealer: [0.0001  0.00011 0.00012 0.00013 0.00014 0.00015 0.00016 0.00017 0.00018
 0.00019 0.0002  0.00021 0.00022 0.00023 0.00024 0.00025 0.00026 0.00027
 0.00028 0.00029 0.0003  0.00031 0.00032 0.00033 0.00034 0.00035 0.00036
 0.00037 0.00038 0.00039 0.0004  0.00041 0.00042 0.00043 0.00044 0.00045
 0.00046 0.00047 0.00048 0.00049 0.0001  0.00011 0.00012 0.00013 0.00014
 0.00015 0.00016 0.00017 0.00018 0.00019 0.0002  0.00021 0.00022 0.00023
 0.00024 0.00025 0.00026 0.00027 0.00028 0.00029 0.0003  0.00031 0.00032
 0.00033 0.00034 0.00035 0.00036 0.00037 0.00038 0.00039 0.0004  0.00041
 0.00042 0.00043 0.00044 0.00045 0.00046 0.00047 0.00048 0.00049]




#########################################################################
######################### START TRAINING ################################
#########################################################################




{'valid': 0.8431666666666666, 'unique@1000': 0.278, 'unique@10000': 0.0958, 'FCD/Test': 35.34172917714784, 'SNN/Test': 0.6208453178229033, 'Frag/Test': 0.7901187645119049, 'Scaf/Test': 0.14340366044123787, 'FCD/TestSF': 36.41571324362664, 'SNN/TestSF': 0.5559552864503851, 'Frag/TestSF': 0.7790545511147586, 'Scaf/TestSF': 0.003532004719711268, 'IntDiv': 0.6033076806374011, 'IntDiv2': 0.5763085460441957, 'Filters': 0.9778217038940502, 'logP': 0.24431519359897674, 'SA': 0.5236796853261585, 'QED': 0.1643934440877929, 'weight': 15.337678143593, 'Novelty': 0.8962199312714777}
Epoch: 31:
	Train Loss: 0.555 --- Reconstruction Loss: 0.494 --- KL Loss: 152.607 --- Beta: 0.000400
	Validity: 0.84% --- Uniquene@1000: 0.28% --- Unique@10000: 0.10%

{'valid': 0.7757333333333334, 'unique@1000': 0.395, 'unique@10000': 0.1364, 'FCD/Test': 31.315425814602733, 'SNN/Test': 0.62733753766748, 'Frag/Test': 0.8617374378854648, 'Scaf/Test': 0.13922311506719465, 'FCD/TestSF': 32.41621650699587, 'SNN/TestSF': 0.5509381090736176, 'Frag/TestSF': 0.8532455844812711, 'Scaf/TestSF': 0.008226105309080856, 'IntDiv': 0.7040255143709562, 'IntDiv2': 0.6690258405628681, 'Filters': 0.9980233757304916, 'logP': 0.48829237061822567, 'SA': 0.4648307123758719, 'QED': 0.090357120465746, 'weight': 9.403363186212102, 'Novelty': 0.8888888888888888}
Epoch: 32:
	Train Loss: 0.532 --- Reconstruction Loss: 0.487 --- KL Loss: 108.517 --- Beta: 0.000410
	Validity: 0.78% --- Uniquene@1000: 0.40% --- Unique@10000: 0.14%

{'valid': 0.7984, 'unique@1000': 0.43, 'unique@10000': 0.155, 'FCD/Test': 34.14377748758595, 'SNN/Test': 0.6207058440928728, 'Frag/Test': 0.8187265392515432, 'Scaf/Test': 0.17810612013756888, 'FCD/TestSF': 35.458669074593196, 'SNN/TestSF': 0.5497935756919041, 'Frag/TestSF': 0.8072624332452741, 'Scaf/TestSF': 0.007375879166388599, 'IntDiv': 0.6639243416465221, 'IntDiv2': 0.6386822599139585, 'Filters': 0.9931112224448898, 'logP': 0.19725667605538724, 'SA': 0.46434152195173284, 'QED': 0.14893246132623317, 'weight': 12.410925570444064, 'Novelty': 0.9318561872909699}
Epoch: 33:
	Train Loss: 0.512 --- Reconstruction Loss: 0.480 --- KL Loss: 74.865 --- Beta: 0.000420
	Validity: 0.80% --- Uniquene@1000: 0.43% --- Unique@10000: 0.15%

{'valid': 0.6941666666666666, 'unique@1000': 0.505, 'unique@10000': 0.1983, 'FCD/Test': 25.063055435231263, 'SNN/Test': 0.6453425287241552, 'Frag/Test': 0.8866074253576524, 'Scaf/Test': 0.216866795924066, 'FCD/TestSF': 26.174058822087787, 'SNN/TestSF': 0.551791364601394, 'Frag/TestSF': 0.875177546938648, 'Scaf/TestSF': 0.014704482357660198, 'IntDiv': 0.7401671136658703, 'IntDiv2': 0.7097458563430057, 'Filters': 0.9946218487394958, 'logP': 0.3964965837026944, 'SA': 0.478917977658762, 'QED': 0.08235458782017949, 'weight': 11.78218392836715, 'Novelty': 0.8933143669985776}
Epoch: 34:
	Train Loss: 0.499 --- Reconstruction Loss: 0.473 --- KL Loss: 58.820 --- Beta: 0.000430
	Validity: 0.69% --- Uniquene@1000: 0.51% --- Unique@10000: 0.20%

{'valid': 0.8121666666666667, 'unique@1000': 0.529, 'unique@10000': 0.2153, 'FCD/Test': 24.91744121396949, 'SNN/Test': 0.6337014971769201, 'Frag/Test': 0.8605300537617538, 'Scaf/Test': 0.25420930323065505, 'FCD/TestSF': 26.133388885198016, 'SNN/TestSF': 0.5742678414373557, 'Frag/TestSF': 0.8506847392925851, 'Scaf/TestSF': 0.02798964645082347, 'IntDiv': 0.7422142101959972, 'IntDiv2': 0.7184792740287012, 'Filters': 0.9922019289965114, 'logP': 0.240912303260258, 'SA': 0.4847284865517816, 'QED': 0.0820644228037345, 'weight': 14.293469726772301, 'Novelty': 0.8900874635568513}
Epoch: 35:
	Train Loss: 0.488 --- Reconstruction Loss: 0.466 --- KL Loss: 49.768 --- Beta: 0.000440
	Validity: 0.81% --- Uniquene@1000: 0.53% --- Unique@10000: 0.22%

{'valid': 0.8035, 'unique@1000': 0.524, 'unique@10000': 0.2204, 'FCD/Test': 26.585273246098794, 'SNN/Test': 0.6324838683049329, 'Frag/Test': 0.8560681215967634, 'Scaf/Test': 0.18304764560958509, 'FCD/TestSF': 27.799012083991094, 'SNN/TestSF': 0.5477167028036634, 'Frag/TestSF': 0.8445152278794964, 'Scaf/TestSF': 0.0036612933459820862, 'IntDiv': 0.7690297443209506, 'IntDiv2': 0.7410962047659089, 'Filters': 0.9975938601949803, 'logP': 0.5895349101417303, 'SA': 0.4438942552004696, 'QED': 0.06242732590196627, 'weight': 10.366436162495644, 'Novelty': 0.9002906976744186}
Epoch: 36:
	Train Loss: 0.478 --- Reconstruction Loss: 0.459 --- KL Loss: 43.735 --- Beta: 0.000450
	Validity: 0.80% --- Uniquene@1000: 0.52% --- Unique@10000: 0.22%

{'valid': 0.7745666666666666, 'unique@1000': 0.668, 'unique@10000': 0.2863, 'FCD/Test': 25.076667670490593, 'SNN/Test': 0.6287351297820225, 'Frag/Test': 0.8746876524483391, 'Scaf/Test': 0.2798480476027796, 'FCD/TestSF': 26.479174405823493, 'SNN/TestSF': 0.538505171506721, 'Frag/TestSF': 0.8624436775648785, 'Scaf/TestSF': 0.027663940741758375, 'IntDiv': 0.7611947070936329, 'IntDiv2': 0.7413607062148826, 'Filters': 0.9904462710332659, 'logP': 0.4257245655937725, 'SA': 0.4269987898756974, 'QED': 0.08281678759183961, 'weight': 5.935328801011955, 'Novelty': 0.9151027703306523}
Epoch: 37:
	Train Loss: 0.470 --- Reconstruction Loss: 0.451 --- KL Loss: 40.612 --- Beta: 0.000460
	Validity: 0.77% --- Uniquene@1000: 0.67% --- Unique@10000: 0.29%

{'valid': 0.8424, 'unique@1000': 0.682, 'unique@10000': 0.3321, 'FCD/Test': 22.687852074184505, 'SNN/Test': 0.6287645572863092, 'Frag/Test': 0.8762784223496759, 'Scaf/Test': 0.19533884495055331, 'FCD/TestSF': 23.860435453875752, 'SNN/TestSF': 0.5458099196507852, 'Frag/TestSF': 0.8658092550026907, 'Scaf/TestSF': 0.00858249544847356, 'IntDiv': 0.7860303565007825, 'IntDiv2': 0.7661664247400657, 'Filters': 0.9963596074707186, 'logP': 0.40865815460008187, 'SA': 0.39491525105391795, 'QED': 0.036405463476697306, 'weight': 6.948999785081946, 'Novelty': 0.9120213713268032}
Epoch: 38:
	Train Loss: 0.461 --- Reconstruction Loss: 0.444 --- KL Loss: 37.280 --- Beta: 0.000470
	Validity: 0.84% --- Uniquene@1000: 0.68% --- Unique@10000: 0.33%

{'valid': 0.7304999999999999, 'unique@1000': 0.677, 'unique@10000': 0.3412, 'FCD/Test': 22.891417266230768, 'SNN/Test': 0.633408854293573, 'Frag/Test': 0.8852339089069183, 'Scaf/Test': 0.26532555308817285, 'FCD/TestSF': 23.927692974900125, 'SNN/TestSF': 0.5629634286357528, 'Frag/TestSF': 0.8738011352285732, 'Scaf/TestSF': 0.0545060042251273, 'IntDiv': 0.7681227339720607, 'IntDiv2': 0.7495013304688911, 'Filters': 0.9909194615560118, 'logP': 0.45991446892796695, 'SA': 0.4560714976627716, 'QED': 0.051066002975739176, 'weight': 8.008253592007181, 'Novelty': 0.8830809013668267}
Epoch: 39:
	Train Loss: 0.452 --- Reconstruction Loss: 0.436 --- KL Loss: 34.402 --- Beta: 0.000480
	Validity: 0.73% --- Uniquene@1000: 0.68% --- Unique@10000: 0.34%

{'valid': 0.7368333333333333, 'unique@1000': 0.713, 'unique@10000': 0.3723, 'FCD/Test': 23.4796052776708, 'SNN/Test': 0.6106663285283799, 'Frag/Test': 0.8141875492490963, 'Scaf/Test': 0.18150429647740474, 'FCD/TestSF': 24.639416047112178, 'SNN/TestSF': 0.5337110687302562, 'Frag/TestSF': 0.799802705180016, 'Scaf/TestSF': 0.018213504102897127, 'IntDiv': 0.7621040201442368, 'IntDiv2': 0.7456685253454078, 'Filters': 0.9902736937344492, 'logP': 0.22981143812068824, 'SA': 0.30963299460791366, 'QED': 0.07436466698488468, 'weight': 5.971239952031036, 'Novelty': 0.9034897311738187}
Epoch: 40:
	Train Loss: 0.444 --- Reconstruction Loss: 0.428 --- KL Loss: 32.779 --- Beta: 0.000490
	Validity: 0.74% --- Uniquene@1000: 0.71% --- Unique@10000: 0.37%

{'valid': 0.7329, 'unique@1000': 0.67, 'unique@10000': 0.3061, 'FCD/Test': 21.668868850739976, 'SNN/Test': 0.6124498954385637, 'Frag/Test': 0.8818470169598583, 'Scaf/Test': 0.18681853733814857, 'FCD/TestSF': 22.824833114315872, 'SNN/TestSF': 0.5177430915618088, 'Frag/TestSF': 0.8673618064840087, 'Scaf/TestSF': 0.043504627013846275, 'IntDiv': 0.7819418509204179, 'IntDiv2': 0.7637449649269314, 'Filters': 0.9896757174694137, 'logP': 0.3658280396313278, 'SA': 0.2630467295049474, 'QED': 0.06453730469371936, 'weight': 12.267432075089172, 'Novelty': 0.9028799663653563}
Epoch: 41:
	Train Loss: 0.424 --- Reconstruction Loss: 0.419 --- KL Loss: 56.545 --- Beta: 0.000100
	Validity: 0.73% --- Uniquene@1000: 0.67% --- Unique@10000: 0.31%

{'valid': 0.6232333333333333, 'unique@1000': 0.687, 'unique@10000': 0.3364, 'FCD/Test': 20.178037251158017, 'SNN/Test': 0.5870504827510739, 'Frag/Test': 0.9097078927471922, 'Scaf/Test': 0.20295054534827317, 'FCD/TestSF': 21.09743235401016, 'SNN/TestSF': 0.5209492304284999, 'Frag/TestSF': 0.8999949279578779, 'Scaf/TestSF': 0.13502051144833205, 'IntDiv': 0.7944253191097317, 'IntDiv2': 0.7789731874002879, 'Filters': 0.9889821896560945, 'logP': 0.5515358113203127, 'SA': 0.18767988339796085, 'QED': 0.03671043594732893, 'weight': 13.094573919416387, 'Novelty': 0.9188857025809095}
Epoch: 42:
	Train Loss: 0.417 --- Reconstruction Loss: 0.411 --- KL Loss: 60.895 --- Beta: 0.000110
	Validity: 0.62% --- Uniquene@1000: 0.69% --- Unique@10000: 0.34%

{'valid': 0.7734, 'unique@1000': 0.741, 'unique@10000': 0.3572, 'FCD/Test': 22.66476407405142, 'SNN/Test': 0.6124175588000891, 'Frag/Test': 0.8624797057149792, 'Scaf/Test': 0.19310511275304065, 'FCD/TestSF': 23.816841820304234, 'SNN/TestSF': 0.5166704257444907, 'Frag/TestSF': 0.8487982484078398, 'Scaf/TestSF': 0.04224168054891919, 'IntDiv': 0.7742001774269007, 'IntDiv2': 0.7571577025979469, 'Filters': 0.9833635031462805, 'logP': 0.4460607758383748, 'SA': 0.245867999133339, 'QED': 0.03488376325983683, 'weight': 13.171038143179322, 'Novelty': 0.8984348417829193}
Epoch: 43:
	Train Loss: 0.411 --- Reconstruction Loss: 0.403 --- KL Loss: 61.441 --- Beta: 0.000120
	Validity: 0.77% --- Uniquene@1000: 0.74% --- Unique@10000: 0.36%

{'valid': 0.7492333333333333, 'unique@1000': 0.75, 'unique@10000': 0.3912, 'FCD/Test': 21.127871401588678, 'SNN/Test': 0.6056430611344914, 'Frag/Test': 0.882894286686922, 'Scaf/Test': 0.18333741751653254, 'FCD/TestSF': 22.16593066135914, 'SNN/TestSF': 0.523951966849681, 'Frag/TestSF': 0.8701518571691974, 'Scaf/TestSF': 0.07527364792972879, 'IntDiv': 0.7948042100943093, 'IntDiv2': 0.7797749050512996, 'Filters': 0.9792232059438537, 'logP': 0.433203257040748, 'SA': 0.2565177725631635, 'QED': 0.02303417964489845, 'weight': 22.11472041369902, 'Novelty': 0.8909406565656566}
Epoch: 44:
	Train Loss: 0.405 --- Reconstruction Loss: 0.397 --- KL Loss: 61.185 --- Beta: 0.000130
	Validity: 0.75% --- Uniquene@1000: 0.75% --- Unique@10000: 0.39%

{'valid': 0.7421333333333333, 'unique@1000': 0.723, 'unique@10000': 0.3794, 'FCD/Test': 20.84249496052216, 'SNN/Test': 0.5966565780745878, 'Frag/Test': 0.877401017748288, 'Scaf/Test': 0.16289143450153132, 'FCD/TestSF': 21.746276897979328, 'SNN/TestSF': 0.5123656543719332, 'Frag/TestSF': 0.8648667806988006, 'Scaf/TestSF': 0.020285046826797992, 'IntDiv': 0.7939969834860123, 'IntDiv2': 0.7787416788917063, 'Filters': 0.9745328781890047, 'logP': 0.3992698956528824, 'SA': 0.18319688027232792, 'QED': 0.02369589705635484, 'weight': 19.90374156523135, 'Novelty': 0.8998355263157894}
Epoch: 45:
	Train Loss: 0.398 --- Reconstruction Loss: 0.390 --- KL Loss: 59.118 --- Beta: 0.000140
	Validity: 0.74% --- Uniquene@1000: 0.72% --- Unique@10000: 0.38%

{'valid': 0.8448666666666667, 'unique@1000': 0.744, 'unique@10000': 0.4089, 'FCD/Test': 20.47950657849256, 'SNN/Test': 0.6066372089683516, 'Frag/Test': 0.9234746649901991, 'Scaf/Test': 0.17594783180255336, 'FCD/TestSF': 21.343697624010318, 'SNN/TestSF': 0.5292308658977565, 'Frag/TestSF': 0.9144183772618236, 'Scaf/TestSF': 0.04072999612801331, 'IntDiv': 0.7949331910426668, 'IntDiv2': 0.7811943665749477, 'Filters': 0.9746311054998816, 'logP': 0.4605703193094758, 'SA': 0.23002046383399127, 'QED': 0.01449837399834048, 'weight': 18.071124507244242, 'Novelty': 0.894765916309902}
Epoch: 46:
	Train Loss: 0.391 --- Reconstruction Loss: 0.382 --- KL Loss: 55.865 --- Beta: 0.000150
	Validity: 0.84% --- Uniquene@1000: 0.74% --- Unique@10000: 0.41%

{'valid': 0.8146, 'unique@1000': 0.736, 'unique@10000': 0.4147, 'FCD/Test': 19.760762326265812, 'SNN/Test': 0.595319880147458, 'Frag/Test': 0.9109328815524079, 'Scaf/Test': 0.1693081101523609, 'FCD/TestSF': 20.5195238160076, 'SNN/TestSF': 0.5295625062835754, 'Frag/TestSF': 0.901882331582714, 'Scaf/TestSF': 0.0516199788946935, 'IntDiv': 0.7938671407874041, 'IntDiv2': 0.7810452097334937, 'Filters': 0.9794173009247893, 'logP': 0.40073412155505567, 'SA': 0.17729293983015865, 'QED': 0.020863845915054722, 'weight': 22.43040054275797, 'Novelty': 0.8939953494733962}
Epoch: 47:
	Train Loss: 0.385 --- Reconstruction Loss: 0.376 --- KL Loss: 52.594 --- Beta: 0.000160
	Validity: 0.81% --- Uniquene@1000: 0.74% --- Unique@10000: 0.41%

{'valid': 0.7313666666666667, 'unique@1000': 0.819, 'unique@10000': 0.4774, 'FCD/Test': 18.37417139399723, 'SNN/Test': 0.5704129094416787, 'Frag/Test': 0.8832981347677151, 'Scaf/Test': 0.1845289828367468, 'FCD/TestSF': 19.188825902153226, 'SNN/TestSF': 0.5046755970033744, 'Frag/TestSF': 0.8717879928551082, 'Scaf/TestSF': 0.10184354466185608, 'IntDiv': 0.8086359921331131, 'IntDiv2': 0.7958884608358827, 'Filters': 0.9774850736064902, 'logP': 0.48840426113093427, 'SA': 0.0869878139427777, 'QED': 0.04069727092131756, 'weight': 24.60076644214095, 'Novelty': 0.920787083753784}
Epoch: 48:
	Train Loss: 0.379 --- Reconstruction Loss: 0.371 --- KL Loss: 49.573 --- Beta: 0.000170
	Validity: 0.73% --- Uniquene@1000: 0.82% --- Unique@10000: 0.48%

{'valid': 0.8036333333333333, 'unique@1000': 0.833, 'unique@10000': 0.5188, 'FCD/Test': 17.807046102609306, 'SNN/Test': 0.6039417131161017, 'Frag/Test': 0.9005262114382667, 'Scaf/Test': 0.18202320915908987, 'FCD/TestSF': 18.63596468549062, 'SNN/TestSF': 0.5320749528317614, 'Frag/TestSF': 0.8890962871292878, 'Scaf/TestSF': 0.05692671244481973, 'IntDiv': 0.800815872170489, 'IntDiv2': 0.7869249787142413, 'Filters': 0.9871832095897798, 'logP': 0.36016585636075077, 'SA': 0.2744152529217397, 'QED': 0.011270511499938615, 'weight': 30.141821683789818, 'Novelty': 0.8888888888888888}
Epoch: 49:
	Train Loss: 0.375 --- Reconstruction Loss: 0.366 --- KL Loss: 47.323 --- Beta: 0.000180
	Validity: 0.80% --- Uniquene@1000: 0.83% --- Unique@10000: 0.52%

{'valid': 0.8945, 'unique@1000': 0.839, 'unique@10000': 0.5157, 'FCD/Test': 18.252700572545294, 'SNN/Test': 0.5875694494230111, 'Frag/Test': 0.9192121575820507, 'Scaf/Test': 0.14060291697331317, 'FCD/TestSF': 18.964990082426084, 'SNN/TestSF': 0.5208732634777238, 'Frag/TestSF': 0.9088537818868725, 'Scaf/TestSF': 0.037750241432418674, 'IntDiv': 0.8034733334852593, 'IntDiv2': 0.7911227072756131, 'Filters': 0.9671697410098752, 'logP': 0.3498174173966662, 'SA': 0.12956725518419898, 'QED': 0.017757256487823364, 'weight': 26.933163237556254, 'Novelty': 0.9074279939363314}
Epoch: 50:
	Train Loss: 0.370 --- Reconstruction Loss: 0.361 --- KL Loss: 44.544 --- Beta: 0.000190
	Validity: 0.89% --- Uniquene@1000: 0.84% --- Unique@10000: 0.52%

{'valid': 0.8560333333333333, 'unique@1000': 0.84, 'unique@10000': 0.5436, 'FCD/Test': 17.83449656788813, 'SNN/Test': 0.5881557574978796, 'Frag/Test': 0.8825786205505495, 'Scaf/Test': 0.17685212937822936, 'FCD/TestSF': 18.968695315303194, 'SNN/TestSF': 0.5098986102828105, 'Frag/TestSF': 0.86885417057077, 'Scaf/TestSF': 0.021199529479364543, 'IntDiv': 0.7993022698305502, 'IntDiv2': 0.7870120573870144, 'Filters': 0.9800630816556988, 'logP': 0.2763591069064988, 'SA': 0.16922227028765352, 'QED': 0.02760154206731949, 'weight': 27.811566403247543, 'Novelty': 0.9081623001986191}
Epoch: 51:
	Train Loss: 0.366 --- Reconstruction Loss: 0.358 --- KL Loss: 42.675 --- Beta: 0.000200
	Validity: 0.86% --- Uniquene@1000: 0.84% --- Unique@10000: 0.54%

{'valid': 0.8515, 'unique@1000': 0.858, 'unique@10000': 0.5733, 'FCD/Test': 17.791496388131527, 'SNN/Test': 0.5901021707201451, 'Frag/Test': 0.8942561946875903, 'Scaf/Test': 0.1672316244876022, 'FCD/TestSF': 18.75440791833597, 'SNN/TestSF': 0.5122861006414384, 'Frag/TestSF': 0.8811231105989011, 'Scaf/TestSF': 0.0222226507657739, 'IntDiv': 0.8079484346305706, 'IntDiv2': 0.7959574450243333, 'Filters': 0.9825797612057154, 'logP': 0.34215793901353553, 'SA': 0.1482124048317354, 'QED': 0.014053820308219347, 'weight': 30.801857459205966, 'Novelty': 0.8954452268473126}
Epoch: 52:
	Train Loss: 0.361 --- Reconstruction Loss: 0.353 --- KL Loss: 40.897 --- Beta: 0.000210
	Validity: 0.85% --- Uniquene@1000: 0.86% --- Unique@10000: 0.57%

{'valid': 0.8913666666666666, 'unique@1000': 0.861, 'unique@10000': 0.549, 'FCD/Test': 19.19628638260025, 'SNN/Test': 0.609670231419081, 'Frag/Test': 0.8966946720452884, 'Scaf/Test': 0.15339242542245035, 'FCD/TestSF': 20.24911277967243, 'SNN/TestSF': 0.5233459393450123, 'Frag/TestSF': 0.8825039248279858, 'Scaf/TestSF': 0.03465919848443477, 'IntDiv': 0.7922166245540453, 'IntDiv2': 0.7796882254945723, 'Filters': 0.9817882652107252, 'logP': 0.2621956808519323, 'SA': 0.2832485589441915, 'QED': 0.015396908168915348, 'weight': 31.138335063250594, 'Novelty': 0.8832116788321168}
Epoch: 53:
	Train Loss: 0.357 --- Reconstruction Loss: 0.348 --- KL Loss: 39.134 --- Beta: 0.000220
	Validity: 0.89% --- Uniquene@1000: 0.86% --- Unique@10000: 0.55%

{'valid': 0.8765666666666667, 'unique@1000': 0.889, 'unique@10000': 0.6168, 'FCD/Test': 16.7819410149619, 'SNN/Test': 0.5897931603798192, 'Frag/Test': 0.9265443303444059, 'Scaf/Test': 0.21021939515707055, 'FCD/TestSF': 17.679535115685553, 'SNN/TestSF': 0.5142548872116071, 'Frag/TestSF': 0.9136852396725578, 'Scaf/TestSF': 0.03690983008507309, 'IntDiv': 0.7992705388599682, 'IntDiv2': 0.7868534328453828, 'Filters': 0.9711373920979579, 'logP': 0.34130895557763113, 'SA': 0.20815725370523414, 'QED': 0.028911655226127677, 'weight': 25.75517886693587, 'Novelty': 0.9076660711385415}
Epoch: 54:
	Train Loss: 0.352 --- Reconstruction Loss: 0.343 --- KL Loss: 37.763 --- Beta: 0.000230
	Validity: 0.88% --- Uniquene@1000: 0.89% --- Unique@10000: 0.62%

{'valid': 0.8611333333333333, 'unique@1000': 0.849, 'unique@10000': 0.5904, 'FCD/Test': 17.738818921441407, 'SNN/Test': 0.5842542600763687, 'Frag/Test': 0.9063794338156459, 'Scaf/Test': 0.2138047048092262, 'FCD/TestSF': 18.885812266319334, 'SNN/TestSF': 0.5107853421084124, 'Frag/TestSF': 0.894713444933041, 'Scaf/TestSF': 0.030979908875302664, 'IntDiv': 0.8053433968696092, 'IntDiv2': 0.7936463089050972, 'Filters': 0.9739877680575986, 'logP': 0.2513198222762324, 'SA': 0.15022935531268702, 'QED': 0.014244077895970302, 'weight': 28.448964683731806, 'Novelty': 0.8995398773006135}
Epoch: 55:
	Train Loss: 0.348 --- Reconstruction Loss: 0.339 --- KL Loss: 36.388 --- Beta: 0.000240
	Validity: 0.86% --- Uniquene@1000: 0.85% --- Unique@10000: 0.59%

slurmstepd: error: *** JOB 8257220 ON hpctpa3pc0005 CANCELLED AT 2024-02-15T10:04:48 ***
