2024-02-15 02:31:21.283755: E external/local_xla/xla/stream_executor/cuda/cuda_dnn.cc:9261] Unable to register cuDNN factory: Attempting to register factory for plugin cuDNN when one has already been registered
2024-02-15 02:31:21.283841: E external/local_xla/xla/stream_executor/cuda/cuda_fft.cc:607] Unable to register cuFFT factory: Attempting to register factory for plugin cuFFT when one has already been registered
2024-02-15 02:31:21.284446: E external/local_xla/xla/stream_executor/cuda/cuda_blas.cc:1515] Unable to register cuBLAS factory: Attempting to register factory for plugin cuBLAS when one has already been registered
2024-02-15 02:31:21.288231: I tensorflow/core/platform/cpu_feature_guard.cc:182] This TensorFlow binary is optimized to use available CPU instructions in performance-critical operations.
To enable the following instructions: AVX2 FMA, in other operations, rebuild TensorFlow with the appropriate compiler flags.
2024-02-15 02:31:22.257884: W tensorflow/compiler/tf2tensorrt/utils/py_utils.cc:38] TF-TRT Warning: Could not find TensorRT

Arguments:
	data_path: data/moses_train.txt
	max_len: 30
	batch: 128
	d_model: 512
	d_latent: 256
	d_ff: 1024
	e_heads: 1
	d_heads: 8
	n_layers: 6
	dropout: 0.5
	lr: 0.0005
	n_epochs: 60
	kl_type: cyclic
	kl_w_start: 0.0001
	kl_w_end: 0.0005
	kl_cycle: 6
	kl_ratio: 0.5
	save_name: klcompare

Number of data: 88192

SMILES Vocab:
	 {'<START>': 0, '<END>': 1, '<PAD>': 2, 'C': 3, 'O': 4, 'c': 5, '1': 6, '(': 7, '=': 8, ')': 9, 'N': 10, 'n': 11, '2': 12, 'F': 13, 'Cl': 14, 'Br': 15, '#': 16, '3': 17, 'S': 18, 'o': 19, '-': 20, 's': 21, '[nH]': 22, '4': 23}

Graph Vocab:
	 {'C': 0, 'O': 1, 'N': 2, 'F': 3, 'Cl': 4, 'Br': 5, 'S': 6}


KL Annealer: [0.0001  0.00018 0.00026 0.00034 0.00042 0.0005  0.0005  0.0005  0.0005
 0.0005  0.0001  0.00018 0.00026 0.00034 0.00042 0.0005  0.0005  0.0005
 0.0005  0.0005  0.0001  0.00018 0.00026 0.00034 0.00042 0.0005  0.0005
 0.0005  0.0005  0.0005  0.0001  0.00018 0.00026 0.00034 0.00042 0.0005
 0.0005  0.0005  0.0005  0.0005  0.0001  0.00018 0.00026 0.00034 0.00042
 0.0005  0.0005  0.0005  0.0005  0.0005  0.0001  0.00018 0.00026 0.00034
 0.00042 0.0005  0.0005  0.0005  0.0005  0.0005 ]




#########################################################################
######################### START TRAINING ################################
#########################################################################




{'valid': 0.5961666666666667, 'unique@1000': 0.754, 'unique@10000': 0.3937, 'FCD/Test': 25.710523896385332, 'SNN/Test': 0.5956031106889398, 'Frag/Test': 0.828904752771611, 'Scaf/Test': 0.15528738067426484, 'FCD/TestSF': 26.857392893687113, 'SNN/TestSF': 0.5064189689866584, 'Frag/TestSF': 0.8133362167982707, 'Scaf/TestSF': 0.020685109450461647, 'IntDiv': 0.7647731327953918, 'IntDiv2': 0.749006542030922, 'Filters': 0.9927872518870562, 'logP': 0.19184559990419642, 'SA': 0.18961062677951993, 'QED': 0.08075250366595839, 'weight': 9.339418786643872, 'Novelty': 0.9262769878883623}
Epoch: 31:
	Train Loss: 0.443 --- Reconstruction Loss: 0.438 --- KL Loss: 43.670 --- Beta: 0.000100
	Validity: 0.60% --- Uniquene@1000: 0.75% --- Unique@10000: 0.39%

{'valid': 0.5964333333333334, 'unique@1000': 0.815, 'unique@10000': 0.4758, 'FCD/Test': 23.40145764865848, 'SNN/Test': 0.608982398044215, 'Frag/Test': 0.8839061193367309, 'Scaf/Test': 0.12969340549890573, 'FCD/TestSF': 24.429923724456827, 'SNN/TestSF': 0.5263958876461285, 'Frag/TestSF': 0.8728361290756603, 'Scaf/TestSF': 0.015653089584223623, 'IntDiv': 0.7772134424040187, 'IntDiv2': 0.7631141259333378, 'Filters': 0.9866987089923434, 'logP': 0.35916383721381795, 'SA': 0.26339584727836607, 'QED': 0.032622800059349255, 'weight': 10.938537951380912, 'Novelty': 0.930416068866571}
Epoch: 32:
	Train Loss: 0.440 --- Reconstruction Loss: 0.433 --- KL Loss: 41.343 --- Beta: 0.000180
	Validity: 0.60% --- Uniquene@1000: 0.81% --- Unique@10000: 0.48%

{'valid': 0.6567333333333334, 'unique@1000': 0.845, 'unique@10000': 0.537, 'FCD/Test': 22.118869356571338, 'SNN/Test': 0.5961054331344973, 'Frag/Test': 0.8838796440628001, 'Scaf/Test': 0.2081254790067646, 'FCD/TestSF': 23.197371751577506, 'SNN/TestSF': 0.51068215223723, 'Frag/TestSF': 0.8732597480366024, 'Scaf/TestSF': 0.013110964191211494, 'IntDiv': 0.7877505365345482, 'IntDiv2': 0.7733599029578374, 'Filters': 0.9920312658613338, 'logP': 0.404995466936972, 'SA': 0.22407117754727537, 'QED': 0.03904275237343997, 'weight': 7.6743544073982175, 'Novelty': 0.9363087486681662}
Epoch: 33:
	Train Loss: 0.437 --- Reconstruction Loss: 0.428 --- KL Loss: 36.143 --- Beta: 0.000260
	Validity: 0.66% --- Uniquene@1000: 0.84% --- Unique@10000: 0.54%

{'valid': 0.6676333333333333, 'unique@1000': 0.897, 'unique@10000': 0.602, 'FCD/Test': 20.343431693101806, 'SNN/Test': 0.5979844485440015, 'Frag/Test': 0.8727193635760175, 'Scaf/Test': 0.20942986327998547, 'FCD/TestSF': 21.370399166830857, 'SNN/TestSF': 0.5224768748480213, 'Frag/TestSF': 0.8613720022696818, 'Scaf/TestSF': 0.029455898437495076, 'IntDiv': 0.7903298692245462, 'IntDiv2': 0.7772937036352918, 'Filters': 0.9806780168755305, 'logP': 0.5119283960731725, 'SA': 0.2685676607816826, 'QED': 0.03269598595092526, 'weight': 11.357875649338542, 'Novelty': 0.9286653850045533}
Epoch: 34:
	Train Loss: 0.433 --- Reconstruction Loss: 0.422 --- KL Loss: 31.508 --- Beta: 0.000340
	Validity: 0.67% --- Uniquene@1000: 0.90% --- Unique@10000: 0.60%

{'valid': 0.5435333333333333, 'unique@1000': 0.901, 'unique@10000': 0.6389, 'FCD/Test': 19.92703359836674, 'SNN/Test': 0.591062091372283, 'Frag/Test': 0.8821414199349105, 'Scaf/Test': 0.20892293751839108, 'FCD/TestSF': 21.020572995403427, 'SNN/TestSF': 0.5153556422110088, 'Frag/TestSF': 0.8707869153801627, 'Scaf/TestSF': 0.01735385446698534, 'IntDiv': 0.7957661056349953, 'IntDiv2': 0.782832668327651, 'Filters': 0.9875505948730529, 'logP': 0.33485824813090365, 'SA': 0.23371385496895072, 'QED': 0.06245083327179075, 'weight': 11.040307229171018, 'Novelty': 0.9355672880077578}
Epoch: 35:
	Train Loss: 0.428 --- Reconstruction Loss: 0.417 --- KL Loss: 27.809 --- Beta: 0.000420
	Validity: 0.54% --- Uniquene@1000: 0.90% --- Unique@10000: 0.64%

{'valid': 0.5512, 'unique@1000': 0.919, 'unique@10000': 0.6779, 'FCD/Test': 17.469076484766987, 'SNN/Test': 0.5855894663795129, 'Frag/Test': 0.8930493932205105, 'Scaf/Test': 0.24430432269504931, 'FCD/TestSF': 18.596828875131678, 'SNN/TestSF': 0.5106413226906277, 'Frag/TestSF': 0.8808161254176566, 'Scaf/TestSF': 0.019561873495482218, 'IntDiv': 0.8039883258060078, 'IntDiv2': 0.7927388914457938, 'Filters': 0.982885824866957, 'logP': 0.3442203481656079, 'SA': 0.19823506567893948, 'QED': 0.03503256240984293, 'weight': 12.268664523325407, 'Novelty': 0.9357625099285147}
Epoch: 36:
	Train Loss: 0.425 --- Reconstruction Loss: 0.413 --- KL Loss: 24.572 --- Beta: 0.000500
	Validity: 0.55% --- Uniquene@1000: 0.92% --- Unique@10000: 0.68%

{'valid': 0.5937, 'unique@1000': 0.879, 'unique@10000': 0.6628, 'FCD/Test': 19.544214816682704, 'SNN/Test': 0.5922828963702295, 'Frag/Test': 0.890962561964227, 'Scaf/Test': 0.1655664665976847, 'FCD/TestSF': 20.399744809597678, 'SNN/TestSF': 0.5167677769256825, 'Frag/TestSF': 0.8823734585682602, 'Scaf/TestSF': 0.015931665894946767, 'IntDiv': 0.799024859115526, 'IntDiv2': 0.7860299480092128, 'Filters': 0.9868620515411825, 'logP': 0.4608303647002907, 'SA': 0.24013442518136865, 'QED': 0.029641078347241785, 'weight': 8.88683537687245, 'Novelty': 0.9442522106881969}
Epoch: 37:
	Train Loss: 0.419 --- Reconstruction Loss: 0.407 --- KL Loss: 23.656 --- Beta: 0.000500
	Validity: 0.59% --- Uniquene@1000: 0.88% --- Unique@10000: 0.66%

{'valid': 0.5500333333333334, 'unique@1000': 0.911, 'unique@10000': 0.7026, 'FCD/Test': 17.975120092807103, 'SNN/Test': 0.5981861509797675, 'Frag/Test': 0.8995573532552847, 'Scaf/Test': 0.23518946157525766, 'FCD/TestSF': 18.715342417372945, 'SNN/TestSF': 0.5335908240133701, 'Frag/TestSF': 0.8913755637872254, 'Scaf/TestSF': 0.03497512341260067, 'IntDiv': 0.8118306930157817, 'IntDiv2': 0.7995002713494486, 'Filters': 0.9805466335373614, 'logP': 0.361679074922931, 'SA': 0.28329275711831153, 'QED': 0.026915474145305845, 'weight': 11.191603682726107, 'Novelty': 0.9232968080038113}
Epoch: 38:
	Train Loss: 0.415 --- Reconstruction Loss: 0.403 --- KL Loss: 22.908 --- Beta: 0.000500
	Validity: 0.55% --- Uniquene@1000: 0.91% --- Unique@10000: 0.70%

{'valid': 0.6061000000000001, 'unique@1000': 0.916, 'unique@10000': 0.7051, 'FCD/Test': 17.94590565951222, 'SNN/Test': 0.5947850133533467, 'Frag/Test': 0.9063820122672729, 'Scaf/Test': 0.24414494314423452, 'FCD/TestSF': 18.640013650526264, 'SNN/TestSF': 0.530046954698566, 'Frag/TestSF': 0.8966192310582372, 'Scaf/TestSF': 0.03626350966458436, 'IntDiv': 0.8003420055466173, 'IntDiv2': 0.7893337768972649, 'Filters': 0.9720618159819612, 'logP': 0.49350015549440746, 'SA': 0.2744039430502477, 'QED': 0.024717560187527503, 'weight': 9.016880505326265, 'Novelty': 0.9285776805251641}
Epoch: 39:
	Train Loss: 0.410 --- Reconstruction Loss: 0.399 --- KL Loss: 22.496 --- Beta: 0.000500
	Validity: 0.61% --- Uniquene@1000: 0.92% --- Unique@10000: 0.71%

{'valid': 0.5672333333333333, 'unique@1000': 0.965, 'unique@10000': 0.7564, 'FCD/Test': 16.28298442466638, 'SNN/Test': 0.5838158103001064, 'Frag/Test': 0.9141784507229208, 'Scaf/Test': 0.25828615617524087, 'FCD/TestSF': 16.814614983918865, 'SNN/TestSF': 0.5264552315630195, 'Frag/TestSF': 0.9070222795342445, 'Scaf/TestSF': 0.028942038066804177, 'IntDiv': 0.8162021060234046, 'IntDiv2': 0.8049769343627649, 'Filters': 0.9746136216724453, 'logP': 0.42946307149816165, 'SA': 0.2080392395030943, 'QED': 0.02170210235553243, 'weight': 10.062641643360488, 'Novelty': 0.9290876626137233}
Epoch: 40:
	Train Loss: 0.405 --- Reconstruction Loss: 0.394 --- KL Loss: 22.119 --- Beta: 0.000500
	Validity: 0.57% --- Uniquene@1000: 0.96% --- Unique@10000: 0.76%

{'valid': 0.5923666666666667, 'unique@1000': 0.951, 'unique@10000': 0.7276, 'FCD/Test': 16.55994730066243, 'SNN/Test': 0.572689103365622, 'Frag/Test': 0.919298979333281, 'Scaf/Test': 0.19993667072072618, 'FCD/TestSF': 17.426298794307876, 'SNN/TestSF': 0.5058360680821214, 'Frag/TestSF': 0.9101227213670371, 'Scaf/TestSF': 0.03082614507339765, 'IntDiv': 0.8132410701483481, 'IntDiv2': 0.8028966499214365, 'Filters': 0.97946091947555, 'logP': 0.3149656171790278, 'SA': 0.15510028419004399, 'QED': 0.016184232944153835, 'weight': 16.17162718220045, 'Novelty': 0.9361261960175847}
Epoch: 41:
	Train Loss: 0.390 --- Reconstruction Loss: 0.387 --- KL Loss: 36.288 --- Beta: 0.000100
	Validity: 0.59% --- Uniquene@1000: 0.95% --- Unique@10000: 0.73%

{'valid': 0.5518333333333334, 'unique@1000': 0.938, 'unique@10000': 0.732, 'FCD/Test': 16.465376773159115, 'SNN/Test': 0.5708709688551726, 'Frag/Test': 0.924898706238661, 'Scaf/Test': 0.20619264827538397, 'FCD/TestSF': 17.43340408035685, 'SNN/TestSF': 0.5014623923789191, 'Frag/TestSF': 0.9140946058462349, 'Scaf/TestSF': 0.040447167143049745, 'IntDiv': 0.8136971828106841, 'IntDiv2': 0.8033948377433056, 'Filters': 0.9628511023859861, 'logP': 0.27669767350529545, 'SA': 0.18644810760318348, 'QED': 0.0135841288383562, 'weight': 21.24461358839383, 'Novelty': 0.9365468409586056}
Epoch: 42:
	Train Loss: 0.389 --- Reconstruction Loss: 0.382 --- KL Loss: 34.430 --- Beta: 0.000180
	Validity: 0.55% --- Uniquene@1000: 0.94% --- Unique@10000: 0.73%

{'valid': 0.6096333333333334, 'unique@1000': 0.953, 'unique@10000': 0.7583, 'FCD/Test': 16.887424748899562, 'SNN/Test': 0.5622597012420957, 'Frag/Test': 0.9149621709803551, 'Scaf/Test': 0.19463728717438877, 'FCD/TestSF': 17.914422550478626, 'SNN/TestSF': 0.49760084946466854, 'Frag/TestSF': 0.9052345835627704, 'Scaf/TestSF': 0.026283588502944655, 'IntDiv': 0.8143750298754295, 'IntDiv2': 0.8037571478474574, 'Filters': 0.9677401716878998, 'logP': 0.33390238527451693, 'SA': 0.15642977778001707, 'QED': 0.012779283606909584, 'weight': 15.284253246071405, 'Novelty': 0.93996430309914}
Epoch: 43:
	Train Loss: 0.386 --- Reconstruction Loss: 0.378 --- KL Loss: 30.462 --- Beta: 0.000260
	Validity: 0.61% --- Uniquene@1000: 0.95% --- Unique@10000: 0.76%

{'valid': 0.6307, 'unique@1000': 0.966, 'unique@10000': 0.7994, 'FCD/Test': 15.136260900568459, 'SNN/Test': 0.5659472055787939, 'Frag/Test': 0.923901116859991, 'Scaf/Test': 0.2170816829518093, 'FCD/TestSF': 16.07527993205653, 'SNN/TestSF': 0.5039841639317341, 'Frag/TestSF': 0.914355735159968, 'Scaf/TestSF': 0.05536313433544682, 'IntDiv': 0.82078644987297, 'IntDiv2': 0.8108608629739663, 'Filters': 0.9727287141271603, 'logP': 0.2243937050925289, 'SA': 0.10916978631121833, 'QED': 0.018289800991261748, 'weight': 19.03355402085512, 'Novelty': 0.9332363636363636}
Epoch: 44:
	Train Loss: 0.385 --- Reconstruction Loss: 0.375 --- KL Loss: 27.324 --- Beta: 0.000340
	Validity: 0.63% --- Uniquene@1000: 0.97% --- Unique@10000: 0.80%

{'valid': 0.6489, 'unique@1000': 0.953, 'unique@10000': 0.8016, 'FCD/Test': 14.690961698465081, 'SNN/Test': 0.5704042443176713, 'Frag/Test': 0.9205201322393785, 'Scaf/Test': 0.2794459450834561, 'FCD/TestSF': 15.255405918660188, 'SNN/TestSF': 0.5143527208169669, 'Frag/TestSF': 0.9126857271582527, 'Scaf/TestSF': 0.0528531522749095, 'IntDiv': 0.8228724594221911, 'IntDiv2': 0.8128103418826584, 'Filters': 0.976832588483074, 'logP': 0.3855421589501575, 'SA': 0.1586886817670282, 'QED': 0.022081558535637483, 'weight': 14.67040652874265, 'Novelty': 0.9322909296731287}
Epoch: 45:
	Train Loss: 0.382 --- Reconstruction Loss: 0.372 --- KL Loss: 24.672 --- Beta: 0.000420
	Validity: 0.65% --- Uniquene@1000: 0.95% --- Unique@10000: 0.80%

{'valid': 0.41790000000000005, 'unique@1000': 0.959, 'unique@10000': 0.7966, 'FCD/Test': 14.433964116097776, 'SNN/Test': 0.5456775898764443, 'Frag/Test': 0.9078208715452961, 'Scaf/Test': 0.18450130276620524, 'FCD/TestSF': 15.161392256105557, 'SNN/TestSF': 0.4921353638310024, 'Frag/TestSF': 0.9009957458349721, 'Scaf/TestSF': 0.028256714836074837, 'IntDiv': 0.8311321471521808, 'IntDiv2': 0.820715051535457, 'Filters': 0.9668182180744995, 'logP': 0.27153177173898924, 'SA': 0.07695936529799603, 'QED': 0.0149222015122084, 'weight': 17.055385098612398, 'Novelty': 0.9427532467532468}
Epoch: 46:
	Train Loss: 0.379 --- Reconstruction Loss: 0.368 --- KL Loss: 22.408 --- Beta: 0.000500
	Validity: 0.42% --- Uniquene@1000: 0.96% --- Unique@10000: 0.80%

{'valid': 0.4924666666666667, 'unique@1000': 0.965, 'unique@10000': 0.85, 'FCD/Test': 15.065239695820338, 'SNN/Test': 0.5496811551227611, 'Frag/Test': 0.9101073828799247, 'Scaf/Test': 0.24206561455390818, 'FCD/TestSF': 15.811763552047367, 'SNN/TestSF': 0.49575840273708877, 'Frag/TestSF': 0.9002911910917291, 'Scaf/TestSF': 0.08039334979709345, 'IntDiv': 0.8245654321631545, 'IntDiv2': 0.8145184885154237, 'Filters': 0.9727223500744552, 'logP': 0.2579934960213828, 'SA': 0.10828617829440071, 'QED': 0.032798465071418405, 'weight': 21.07745985830068, 'Novelty': 0.9477412902150358}
Epoch: 47:
	Train Loss: 0.375 --- Reconstruction Loss: 0.364 --- KL Loss: 21.773 --- Beta: 0.000500
	Validity: 0.49% --- Uniquene@1000: 0.96% --- Unique@10000: 0.85%

{'valid': 0.44866666666666666, 'unique@1000': 0.973, 'unique@10000': 0.8546, 'FCD/Test': 14.862061729494954, 'SNN/Test': 0.5552967252195944, 'Frag/Test': 0.8981349930610381, 'Scaf/Test': 0.25412608004928017, 'FCD/TestSF': 15.353631280569616, 'SNN/TestSF': 0.5045976588134425, 'Frag/TestSF': 0.8894986236017017, 'Scaf/TestSF': 0.07816632621490294, 'IntDiv': 0.8295790127475979, 'IntDiv2': 0.8198801698377348, 'Filters': 0.9728826151560178, 'logP': 0.29567882838571136, 'SA': 0.1049594542684792, 'QED': 0.030558461583447417, 'weight': 13.193791496476045, 'Novelty': 0.9421450422890049}
Epoch: 48:
	Train Loss: 0.372 --- Reconstruction Loss: 0.361 --- KL Loss: 21.578 --- Beta: 0.000500
	Validity: 0.45% --- Uniquene@1000: 0.97% --- Unique@10000: 0.85%

{'valid': 0.6359, 'unique@1000': 0.974, 'unique@10000': 0.8586, 'FCD/Test': 14.372929446789698, 'SNN/Test': 0.5455793212844796, 'Frag/Test': 0.9348101818079626, 'Scaf/Test': 0.22709939203812568, 'FCD/TestSF': 14.854330283419564, 'SNN/TestSF': 0.5012501449411431, 'Frag/TestSF': 0.927948522934783, 'Scaf/TestSF': 0.09913051085757996, 'IntDiv': 0.8334494070486512, 'IntDiv2': 0.8240596093062256, 'Filters': 0.9607904806835457, 'logP': 0.2610980200438862, 'SA': 0.06386820825170335, 'QED': 0.018690264861360644, 'weight': 19.628345350190237, 'Novelty': 0.943633387888707}
Epoch: 49:
	Train Loss: 0.369 --- Reconstruction Loss: 0.358 --- KL Loss: 21.236 --- Beta: 0.000500
	Validity: 0.64% --- Uniquene@1000: 0.97% --- Unique@10000: 0.86%

{'valid': 0.6003000000000001, 'unique@1000': 0.98, 'unique@10000': 0.8649, 'FCD/Test': 14.457592839603215, 'SNN/Test': 0.5716483876091747, 'Frag/Test': 0.9248797033068447, 'Scaf/Test': 0.30463626714716163, 'FCD/TestSF': 15.38352154993698, 'SNN/TestSF': 0.5121205779140745, 'Frag/TestSF': 0.9152626557059218, 'Scaf/TestSF': 0.05909588362556062, 'IntDiv': 0.8234229219158186, 'IntDiv2': 0.8136303179079033, 'Filters': 0.9719584652118385, 'logP': 0.1489477335290307, 'SA': 0.16523482390219948, 'QED': 0.01722292637589605, 'weight': 21.884308294668415, 'Novelty': 0.9245686680469289}
Epoch: 50:
	Train Loss: 0.365 --- Reconstruction Loss: 0.354 --- KL Loss: 21.119 --- Beta: 0.000500
	Validity: 0.60% --- Uniquene@1000: 0.98% --- Unique@10000: 0.86%

{'valid': 0.5795333333333333, 'unique@1000': 0.967, 'unique@10000': 0.8389, 'FCD/Test': 14.719954855781019, 'SNN/Test': 0.552314040381245, 'Frag/Test': 0.9212407514533731, 'Scaf/Test': 0.26491277765485144, 'FCD/TestSF': 15.515898496124976, 'SNN/TestSF': 0.4952986431129711, 'Frag/TestSF': 0.9113294208854418, 'Scaf/TestSF': 0.04435993185895348, 'IntDiv': 0.8324658774585606, 'IntDiv2': 0.8226357413023404, 'Filters': 0.9723915794317267, 'logP': 0.1707782239662076, 'SA': 0.08855280119415719, 'QED': 0.018321262821244612, 'weight': 25.16684941576829, 'Novelty': 0.9324513046674017}
Epoch: 51:
	Train Loss: 0.352 --- Reconstruction Loss: 0.349 --- KL Loss: 32.990 --- Beta: 0.000100
	Validity: 0.58% --- Uniquene@1000: 0.97% --- Unique@10000: 0.84%

{'valid': 0.5807, 'unique@1000': 0.978, 'unique@10000': 0.8522, 'FCD/Test': 14.103299780669204, 'SNN/Test': 0.5377276049614993, 'Frag/Test': 0.9066581711888413, 'Scaf/Test': 0.24191181122139904, 'FCD/TestSF': 14.961860118326953, 'SNN/TestSF': 0.4810699576271517, 'Frag/TestSF': 0.8965398741648909, 'Scaf/TestSF': 0.020133452406027263, 'IntDiv': 0.8334689881462877, 'IntDiv2': 0.8236837619299352, 'Filters': 0.9722748407094886, 'logP': 0.21923238819691776, 'SA': 0.026614898551924917, 'QED': 0.03245862548613047, 'weight': 24.477807884746674, 'Novelty': 0.944597135831043}
Epoch: 52:
	Train Loss: 0.351 --- Reconstruction Loss: 0.345 --- KL Loss: 31.650 --- Beta: 0.000180
	Validity: 0.58% --- Uniquene@1000: 0.98% --- Unique@10000: 0.85%

{'valid': 0.7257, 'unique@1000': 0.972, 'unique@10000': 0.8601, 'FCD/Test': 14.063681983308868, 'SNN/Test': 0.561454955125856, 'Frag/Test': 0.9255758236628486, 'Scaf/Test': 0.28203117696072644, 'FCD/TestSF': 14.887639235101979, 'SNN/TestSF': 0.5015900926175517, 'Frag/TestSF': 0.9156084913100812, 'Scaf/TestSF': 0.060109676308700455, 'IntDiv': 0.8319078441802569, 'IntDiv2': 0.8223049473306074, 'Filters': 0.9702815672224518, 'logP': 0.17023338817594508, 'SA': 0.12140691104202832, 'QED': 0.012132353048048723, 'weight': 25.88326859811479, 'Novelty': 0.9297156706271797}
Epoch: 53:
	Train Loss: 0.351 --- Reconstruction Loss: 0.344 --- KL Loss: 28.510 --- Beta: 0.000260
	Validity: 0.73% --- Uniquene@1000: 0.97% --- Unique@10000: 0.86%

{'valid': 0.6469333333333334, 'unique@1000': 0.972, 'unique@10000': 0.8528, 'FCD/Test': 14.570558351189561, 'SNN/Test': 0.5508623470023262, 'Frag/Test': 0.9285224524969767, 'Scaf/Test': 0.22648322645827024, 'FCD/TestSF': 15.093979098254579, 'SNN/TestSF': 0.500672472847406, 'Frag/TestSF': 0.9202034460621555, 'Scaf/TestSF': 0.07728525343328518, 'IntDiv': 0.8355690639588379, 'IntDiv2': 0.8257770847861452, 'Filters': 0.9569765045342127, 'logP': 0.2678212169342507, 'SA': 0.08873548783423243, 'QED': 0.012871170045892253, 'weight': 25.232559980492635, 'Novelty': 0.9363207547169812}
Epoch: 54:
	Train Loss: 0.349 --- Reconstruction Loss: 0.341 --- KL Loss: 25.680 --- Beta: 0.000340
	Validity: 0.65% --- Uniquene@1000: 0.97% --- Unique@10000: 0.85%

{'valid': 0.7111000000000001, 'unique@1000': 0.976, 'unique@10000': 0.8697, 'FCD/Test': 13.94666940175884, 'SNN/Test': 0.5556816739989183, 'Frag/Test': 0.9351781295730388, 'Scaf/Test': 0.29339091095001923, 'FCD/TestSF': 14.328439031766266, 'SNN/TestSF': 0.5085748493565245, 'Frag/TestSF': 0.9285960291485487, 'Scaf/TestSF': 0.07211639253695246, 'IntDiv': 0.8363864685370853, 'IntDiv2': 0.8270459821984655, 'Filters': 0.9684526320723761, 'logP': 0.2596050452713074, 'SA': 0.11427750015757403, 'QED': 0.01710995825300031, 'weight': 26.739643124698095, 'Novelty': 0.9282248520710059}
Epoch: 55:
	Train Loss: 0.349 --- Reconstruction Loss: 0.339 --- KL Loss: 23.553 --- Beta: 0.000420
	Validity: 0.71% --- Uniquene@1000: 0.98% --- Unique@10000: 0.87%

{'valid': 0.5518666666666667, 'unique@1000': 0.979, 'unique@10000': 0.8894, 'FCD/Test': 13.707740877995839, 'SNN/Test': 0.5469720268725096, 'Frag/Test': 0.931271587496361, 'Scaf/Test': 0.3246672662508151, 'FCD/TestSF': 14.219417780507214, 'SNN/TestSF': 0.49916621136489653, 'Frag/TestSF': 0.9249118392417299, 'Scaf/TestSF': 0.07438479248957652, 'IntDiv': 0.8415584939059263, 'IntDiv2': 0.8321014814880913, 'Filters': 0.963578158975598, 'logP': 0.28418858042313916, 'SA': 0.08312429279137798, 'QED': 0.0144505215075579, 'weight': 23.66010268552239, 'Novelty': 0.9282549664141775}
Epoch: 56:
	Train Loss: 0.348 --- Reconstruction Loss: 0.337 --- KL Loss: 21.805 --- Beta: 0.000500
	Validity: 0.55% --- Uniquene@1000: 0.98% --- Unique@10000: 0.89%

{'valid': 0.5371333333333334, 'unique@1000': 0.965, 'unique@10000': 0.8692, 'FCD/Test': 13.677239637059571, 'SNN/Test': 0.5428981955743567, 'Frag/Test': 0.9303130832300037, 'Scaf/Test': 0.2407362764735449, 'FCD/TestSF': 14.293787474557945, 'SNN/TestSF': 0.49164601865093804, 'Frag/TestSF': 0.9217385098711205, 'Scaf/TestSF': 0.08202372183099493, 'IntDiv': 0.8429745991040036, 'IntDiv2': 0.8332878393981002, 'Filters': 0.9631376442844731, 'logP': 0.20906393550854213, 'SA': 0.05827715002739315, 'QED': 0.010586555625017808, 'weight': 30.157825187555982, 'Novelty': 0.9293041926851026}
Epoch: 57:
	Train Loss: 0.345 --- Reconstruction Loss: 0.334 --- KL Loss: 21.207 --- Beta: 0.000500
	Validity: 0.54% --- Uniquene@1000: 0.96% --- Unique@10000: 0.87%

{'valid': 0.5394333333333333, 'unique@1000': 0.98, 'unique@10000': 0.8799, 'FCD/Test': 13.633014401710923, 'SNN/Test': 0.5420962826632042, 'Frag/Test': 0.9142608414519888, 'Scaf/Test': 0.26357076092302023, 'FCD/TestSF': 14.105377251772325, 'SNN/TestSF': 0.4973448183186555, 'Frag/TestSF': 0.909087851874509, 'Scaf/TestSF': 0.07601812564887311, 'IntDiv': 0.8436444890520286, 'IntDiv2': 0.83416633975932, 'Filters': 0.9573008712846814, 'logP': 0.20463840398080127, 'SA': 0.05306833091142571, 'QED': 0.013703733010876457, 'weight': 20.152498344787766, 'Novelty': 0.9322717933665982}
Epoch: 58:
	Train Loss: 0.342 --- Reconstruction Loss: 0.332 --- KL Loss: 21.096 --- Beta: 0.000500
	Validity: 0.54% --- Uniquene@1000: 0.98% --- Unique@10000: 0.88%

{'valid': 0.7325666666666666, 'unique@1000': 0.988, 'unique@10000': 0.888, 'FCD/Test': 13.683230445208281, 'SNN/Test': 0.5576383289009564, 'Frag/Test': 0.9200457371743522, 'Scaf/Test': 0.30842573889876124, 'FCD/TestSF': 14.184032271028627, 'SNN/TestSF': 0.5071861216314563, 'Frag/TestSF': 0.9134258896076942, 'Scaf/TestSF': 0.07533322499412254, 'IntDiv': 0.8378339849172258, 'IntDiv2': 0.8284477873775661, 'Filters': 0.9703781225827001, 'logP': 0.24393635106151562, 'SA': 0.1316356612115374, 'QED': 0.017104323885351047, 'weight': 24.415549376402396, 'Novelty': 0.9207517706764821}
Epoch: 59:
	Train Loss: 0.340 --- Reconstruction Loss: 0.329 --- KL Loss: 20.969 --- Beta: 0.000500
	Validity: 0.73% --- Uniquene@1000: 0.99% --- Unique@10000: 0.89%

{'valid': 0.6773, 'unique@1000': 0.986, 'unique@10000': 0.9115, 'FCD/Test': 13.091605341536606, 'SNN/Test': 0.5401080095582874, 'Frag/Test': 0.9142327820646827, 'Scaf/Test': 0.3046112495722312, 'FCD/TestSF': 13.6484342250603, 'SNN/TestSF': 0.4930632966575827, 'Frag/TestSF': 0.9067550340143066, 'Scaf/TestSF': 0.07207733652725623, 'IntDiv': 0.8455755824696807, 'IntDiv2': 0.8360292741690504, 'Filters': 0.9698804075003691, 'logP': 0.1675134007309356, 'SA': 0.06271358714755856, 'QED': 0.01585730446186766, 'weight': 24.072774438809304, 'Novelty': 0.9345399872780894}
Epoch: 60:
	Train Loss: 0.337 --- Reconstruction Loss: 0.327 --- KL Loss: 20.895 --- Beta: 0.000500
	Validity: 0.68% --- Uniquene@1000: 0.99% --- Unique@10000: 0.91%

