2024-02-15 02:31:21.280622: E external/local_xla/xla/stream_executor/cuda/cuda_dnn.cc:9261] Unable to register cuDNN factory: Attempting to register factory for plugin cuDNN when one has already been registered
2024-02-15 02:31:21.280709: E external/local_xla/xla/stream_executor/cuda/cuda_fft.cc:607] Unable to register cuFFT factory: Attempting to register factory for plugin cuFFT when one has already been registered
2024-02-15 02:31:21.281464: E external/local_xla/xla/stream_executor/cuda/cuda_blas.cc:1515] Unable to register cuBLAS factory: Attempting to register factory for plugin cuBLAS when one has already been registered
2024-02-15 02:31:21.285468: I tensorflow/core/platform/cpu_feature_guard.cc:182] This TensorFlow binary is optimized to use available CPU instructions in performance-critical operations.
To enable the following instructions: AVX2 FMA, in other operations, rebuild TensorFlow with the appropriate compiler flags.
2024-02-15 02:31:22.230066: W tensorflow/compiler/tf2tensorrt/utils/py_utils.cc:38] TF-TRT Warning: Could not find TensorRT

Arguments:
	data_path: data/moses_train.txt
	max_len: 30
	batch: 128
	d_model: 512
	d_latent: 256
	d_ff: 1024
	e_heads: 1
	d_heads: 8
	n_layers: 6
	dropout: 0.5
	lr: 0.0005
	n_epochs: 60
	kl_type: monotonic
	kl_w_start: 0.0001
	kl_w_end: 0.01
	kl_cycle: 4
	kl_ratio: 0.9
	save_name: klcompare

Number of data: 88192

SMILES Vocab:
	 {'<START>': 0, '<END>': 1, '<PAD>': 2, 'C': 3, 'O': 4, 'c': 5, '1': 6, '(': 7, '=': 8, ')': 9, 'N': 10, 'n': 11, '2': 12, 'F': 13, 'Cl': 14, 'Br': 15, '#': 16, '3': 17, 'S': 18, 'o': 19, '-': 20, 's': 21, '[nH]': 22, '4': 23}

Graph Vocab:
	 {'C': 0, 'O': 1, 'N': 2, 'F': 3, 'Cl': 4, 'Br': 5, 'S': 6}


KL Annealer: [0.0001, 0.00026500000000000004, 0.00043000000000000004, 0.0005950000000000002, 0.0007600000000000002, 0.0009250000000000001, 0.0010900000000000003, 0.0012550000000000003, 0.0014200000000000003, 0.0015850000000000003, 0.0017500000000000003, 0.0019150000000000003, 0.0020800000000000003, 0.002245, 0.0024100000000000002, 0.002575, 0.0027400000000000002, 0.0029050000000000005, 0.0030700000000000002, 0.0032350000000000005, 0.0034000000000000002, 0.0035650000000000005, 0.0037300000000000002, 0.0038950000000000005, 0.004060000000000001, 0.004225000000000001, 0.004390000000000001, 0.004555000000000001, 0.004720000000000001, 0.004885000000000001, 0.005050000000000001, 0.005215000000000001, 0.005380000000000001, 0.005545000000000001, 0.0057100000000000015, 0.005875000000000001, 0.006040000000000001, 0.006205000000000001, 0.0063700000000000015, 0.006535000000000001, 0.006700000000000001, 0.006865000000000001, 0.0070300000000000015, 0.007195000000000002, 0.007360000000000001, 0.007525000000000001, 0.0076900000000000015, 0.007855000000000001, 0.008020000000000001, 0.008185000000000001, 0.008350000000000002, 0.008515, 0.00868, 0.008845, 0.00901, 0.009175, 0.009340000000000001, 0.009505000000000001, 0.009670000000000002, 0.009835000000000002]




#########################################################################
######################### START TRAINING ################################
#########################################################################




/home/80027464/graphvae/metrics.py:527: UserWarning: Can't compute unique@10000.gen contains only 4316 molecules
  warnings.warn(
{'valid': 0.1438666666666667, 'unique@1000': 0.881, 'unique@10000': 0.7217330861909175, 'FCD/Test': 16.296662994769036, 'SNN/Test': 0.5515780839948217, 'Frag/Test': 0.8411982286455228, 'Scaf/Test': 0.15316360916263916, 'FCD/TestSF': 17.239184426733665, 'SNN/TestSF': 0.4842178437123429, 'Frag/TestSF': 0.8280004174697216, 'Scaf/TestSF': 0.033876763472231564, 'IntDiv': 0.823885674735844, 'IntDiv2': 0.8089198942121263, 'Filters': 0.9629286376274329, 'logP': 0.2550799697311634, 'SA': 0.053105027186973366, 'QED': 0.040952101059735305, 'weight': 9.636096395253537, 'Novelty': 0.9576243980738363}
Epoch: 31:
	Train Loss: 0.495 --- Reconstruction Loss: 0.469 --- KL Loss: 5.155 --- Beta: 0.005050
	Validity: 0.14% --- Uniquene@1000: 0.88% --- Unique@10000: 0.72%

/home/80027464/graphvae/metrics.py:527: UserWarning: Can't compute unique@10000.gen contains only 3970 molecules
  warnings.warn(
{'valid': 0.1323333333333333, 'unique@1000': 0.805, 'unique@10000': 0.6458438287153653, 'FCD/Test': 18.612262198751218, 'SNN/Test': 0.5465697811742873, 'Frag/Test': 0.8313240448753342, 'Scaf/Test': 0.11793299140415703, 'FCD/TestSF': 18.79888953460687, 'SNN/TestSF': 0.4948306114795226, 'Frag/TestSF': 0.8239349377620068, 'Scaf/TestSF': 0.017033125739307042, 'IntDiv': 0.8240011133985269, 'IntDiv2': 0.8057453684405103, 'Filters': 0.8528967254408061, 'logP': 0.4360681903538157, 'SA': 0.07874385784179957, 'QED': 0.04049322728415703, 'weight': 8.840521317336565, 'Novelty': 0.9629485179407177}
Epoch: 32:
	Train Loss: 0.490 --- Reconstruction Loss: 0.464 --- KL Loss: 4.932 --- Beta: 0.005215
	Validity: 0.13% --- Uniquene@1000: 0.81% --- Unique@10000: 0.65%

/home/80027464/graphvae/metrics.py:527: UserWarning: Can't compute unique@10000.gen contains only 9575 molecules
  warnings.warn(
{'valid': 0.3191666666666667, 'unique@1000': 0.887, 'unique@10000': 0.6207832898172324, 'FCD/Test': 17.9642094744773, 'SNN/Test': 0.5561746859021348, 'Frag/Test': 0.7948949661837273, 'Scaf/Test': 0.1444915409840587, 'FCD/TestSF': 19.212249260891085, 'SNN/TestSF': 0.48052378251098155, 'Frag/TestSF': 0.7799441442286545, 'Scaf/TestSF': 0.021435814792033825, 'IntDiv': 0.8095492691416076, 'IntDiv2': 0.7950664307387443, 'Filters': 0.9744125326370757, 'logP': 0.09175320842918212, 'SA': 0.07939269305751642, 'QED': 0.07352825288519461, 'weight': 12.534765521452531, 'Novelty': 0.951043068640646}
Epoch: 33:
	Train Loss: 0.486 --- Reconstruction Loss: 0.460 --- KL Loss: 4.743 --- Beta: 0.005380
	Validity: 0.32% --- Uniquene@1000: 0.89% --- Unique@10000: 0.62%

/home/80027464/graphvae/metrics.py:527: UserWarning: Can't compute unique@10000.gen contains only 5577 molecules
  warnings.warn(
{'valid': 0.18589999999999995, 'unique@1000': 0.827, 'unique@10000': 0.6284740900125515, 'FCD/Test': 19.02082372621902, 'SNN/Test': 0.5392396963901667, 'Frag/Test': 0.7584361290374065, 'Scaf/Test': 0.1295714648678803, 'FCD/TestSF': 19.741423927724526, 'SNN/TestSF': 0.48677502135147177, 'Frag/TestSF': 0.7472321991106673, 'Scaf/TestSF': 0.010807146148645974, 'IntDiv': 0.8230460119525216, 'IntDiv2': 0.8043975386439406, 'Filters': 0.9090909090909091, 'logP': 0.15586181123878873, 'SA': 0.02846516364315369, 'QED': 0.04117657440909242, 'weight': 8.639494244979481, 'Novelty': 0.957774607703281}
Epoch: 34:
	Train Loss: 0.481 --- Reconstruction Loss: 0.455 --- KL Loss: 4.596 --- Beta: 0.005545
	Validity: 0.19% --- Uniquene@1000: 0.83% --- Unique@10000: 0.63%

/home/80027464/graphvae/metrics.py:527: UserWarning: Can't compute unique@10000.gen contains only 9292 molecules
  warnings.warn(
{'valid': 0.3097333333333333, 'unique@1000': 0.906, 'unique@10000': 0.6806930693069307, 'FCD/Test': 16.803261423403782, 'SNN/Test': 0.5680241446927659, 'Frag/Test': 0.8126295537210573, 'Scaf/Test': 0.19403074431252554, 'FCD/TestSF': 17.839012570482637, 'SNN/TestSF': 0.5002374308704175, 'Frag/TestSF': 0.8006889583696193, 'Scaf/TestSF': 0.025543556801249423, 'IntDiv': 0.8276571378152577, 'IntDiv2': 0.8140355288165816, 'Filters': 0.9630865260439088, 'logP': 0.2327925332920599, 'SA': 0.1305845064842533, 'QED': 0.03956749311422031, 'weight': 13.132024905343131, 'Novelty': 0.9332806324110672}
Epoch: 35:
	Train Loss: 0.476 --- Reconstruction Loss: 0.451 --- KL Loss: 4.448 --- Beta: 0.005710
	Validity: 0.31% --- Uniquene@1000: 0.91% --- Unique@10000: 0.68%

/home/80027464/graphvae/metrics.py:527: UserWarning: Can't compute unique@10000.gen contains only 6103 molecules
  warnings.warn(
{'valid': 0.20343333333333335, 'unique@1000': 0.903, 'unique@10000': 0.735867606095363, 'FCD/Test': 15.204258405332382, 'SNN/Test': 0.5559771605813852, 'Frag/Test': 0.8219272811376173, 'Scaf/Test': 0.2753638405517873, 'FCD/TestSF': 16.073268589714203, 'SNN/TestSF': 0.5000316013537643, 'Frag/TestSF': 0.8106503489252834, 'Scaf/TestSF': 0.01761558672829533, 'IntDiv': 0.8362963144680822, 'IntDiv2': 0.8225925263534657, 'Filters': 0.9447812551204325, 'logP': 0.22208079177253395, 'SA': 0.05714711850388452, 'QED': 0.022640003403848148, 'weight': 15.172042919228211, 'Novelty': 0.9378757515030061}
Epoch: 36:
	Train Loss: 0.473 --- Reconstruction Loss: 0.447 --- KL Loss: 4.375 --- Beta: 0.005875
	Validity: 0.20% --- Uniquene@1000: 0.90% --- Unique@10000: 0.74%

/home/80027464/graphvae/metrics.py:527: UserWarning: Can't compute unique@10000.gen contains only 8935 molecules
  warnings.warn(
{'valid': 0.2978333333333333, 'unique@1000': 0.903, 'unique@10000': 0.7007274762171237, 'FCD/Test': 16.385283935901363, 'SNN/Test': 0.553299014896538, 'Frag/Test': 0.8315994208742057, 'Scaf/Test': 0.15061370080945613, 'FCD/TestSF': 17.196241526015086, 'SNN/TestSF': 0.4952596604640616, 'Frag/TestSF': 0.8233988900586341, 'Scaf/TestSF': 0.01507528125885571, 'IntDiv': 0.831263041607863, 'IntDiv2': 0.8171075221252945, 'Filters': 0.9463905987688864, 'logP': 0.44397463676569876, 'SA': 0.07201876905636435, 'QED': 0.017152573225689877, 'weight': 10.484586606786058, 'Novelty': 0.944737262418144}
Epoch: 37:
	Train Loss: 0.470 --- Reconstruction Loss: 0.444 --- KL Loss: 4.256 --- Beta: 0.006040
	Validity: 0.30% --- Uniquene@1000: 0.90% --- Unique@10000: 0.70%

/home/80027464/graphvae/metrics.py:527: UserWarning: Can't compute unique@10000.gen contains only 8417 molecules
  warnings.warn(
{'valid': 0.28056666666666663, 'unique@1000': 0.937, 'unique@10000': 0.7543067601283118, 'FCD/Test': 14.93914727003515, 'SNN/Test': 0.5581130905532067, 'Frag/Test': 0.8338308627371012, 'Scaf/Test': 0.20746342132032813, 'FCD/TestSF': 16.0111216504718, 'SNN/TestSF': 0.49202917770810006, 'Frag/TestSF': 0.8222695651362163, 'Scaf/TestSF': 0.04655675858759967, 'IntDiv': 0.8230617913488718, 'IntDiv2': 0.8109351578785332, 'Filters': 0.9644766543899251, 'logP': 0.27030994823496596, 'SA': 0.11040686014434689, 'QED': 0.07431084293359756, 'weight': 9.079354505213754, 'Novelty': 0.9518034336115924}
Epoch: 38:
	Train Loss: 0.466 --- Reconstruction Loss: 0.440 --- KL Loss: 4.195 --- Beta: 0.006205
	Validity: 0.28% --- Uniquene@1000: 0.94% --- Unique@10000: 0.75%

/home/80027464/graphvae/metrics.py:527: UserWarning: Can't compute unique@10000.gen contains only 4952 molecules
  warnings.warn(
{'valid': 0.1650666666666667, 'unique@1000': 0.901, 'unique@10000': 0.7637318255250404, 'FCD/Test': 15.449800744858834, 'SNN/Test': 0.4983360064404028, 'Frag/Test': 0.8433232963182131, 'Scaf/Test': 0.09669032957730062, 'FCD/TestSF': 16.081343931516543, 'SNN/TestSF': 0.4593317325682844, 'Frag/TestSF': 0.8352559296279376, 'Scaf/TestSF': 0.025057693040986262, 'IntDiv': 0.8432109475191494, 'IntDiv2': 0.8294312142228939, 'Filters': 0.6912358642972536, 'logP': 0.34984740713516865, 'SA': 0.320097091514901, 'QED': 0.04579188555950354, 'weight': 7.25287396241903, 'Novelty': 0.9685351665785299}
Epoch: 39:
	Train Loss: 0.464 --- Reconstruction Loss: 0.438 --- KL Loss: 4.132 --- Beta: 0.006370
	Validity: 0.17% --- Uniquene@1000: 0.90% --- Unique@10000: 0.76%

/home/80027464/graphvae/metrics.py:527: UserWarning: Can't compute unique@10000.gen contains only 6394 molecules
  warnings.warn(
{'valid': 0.21313333333333329, 'unique@1000': 0.898, 'unique@10000': 0.7433531435720988, 'FCD/Test': 14.374662551311744, 'SNN/Test': 0.5451050152862896, 'Frag/Test': 0.842464366442725, 'Scaf/Test': 0.2201430414875789, 'FCD/TestSF': 15.057094700727781, 'SNN/TestSF': 0.48955071840550624, 'Frag/TestSF': 0.8317313152020079, 'Scaf/TestSF': 0.015521359321346018, 'IntDiv': 0.8385350390132758, 'IntDiv2': 0.824823423033952, 'Filters': 0.8645605254926494, 'logP': 0.15588255882346866, 'SA': 0.046844038215272644, 'QED': 0.04756986323161207, 'weight': 7.154719407292469, 'Novelty': 0.9511887229118452}
Epoch: 40:
	Train Loss: 0.460 --- Reconstruction Loss: 0.434 --- KL Loss: 4.032 --- Beta: 0.006535
	Validity: 0.21% --- Uniquene@1000: 0.90% --- Unique@10000: 0.74%

{'valid': 0.3436, 'unique@1000': 0.95, 'unique@10000': 0.7789, 'FCD/Test': 14.731713784423647, 'SNN/Test': 0.5557604405058993, 'Frag/Test': 0.8479689608427194, 'Scaf/Test': 0.22181010445624505, 'FCD/TestSF': 15.871937147446417, 'SNN/TestSF': 0.49384488867213433, 'Frag/TestSF': 0.8389036638243821, 'Scaf/TestSF': 0.02905510013095758, 'IntDiv': 0.8374783667180684, 'IntDiv2': 0.8255057483253216, 'Filters': 0.9671129220023282, 'logP': 0.27227905893501586, 'SA': 0.05593884283912768, 'QED': 0.04989962205031583, 'weight': 11.824519445454541, 'Novelty': 0.947731260967661}
Epoch: 41:
	Train Loss: 0.457 --- Reconstruction Loss: 0.431 --- KL Loss: 3.980 --- Beta: 0.006700
	Validity: 0.34% --- Uniquene@1000: 0.95% --- Unique@10000: 0.78%

/home/80027464/graphvae/metrics.py:527: UserWarning: Can't compute unique@10000.gen contains only 7497 molecules
  warnings.warn(
{'valid': 0.2499, 'unique@1000': 0.934, 'unique@10000': 0.79124983326664, 'FCD/Test': 13.964617031646256, 'SNN/Test': 0.5434920764297776, 'Frag/Test': 0.8547804125510412, 'Scaf/Test': 0.21100556635148893, 'FCD/TestSF': 14.95238794349946, 'SNN/TestSF': 0.48603585227276463, 'Frag/TestSF': 0.8443157851076454, 'Scaf/TestSF': 0.025322754923383095, 'IntDiv': 0.8381728581277517, 'IntDiv2': 0.825691612418535, 'Filters': 0.918233960250767, 'logP': 0.2727055437085916, 'SA': 0.055698898886896775, 'QED': 0.057828719553664316, 'weight': 9.013982167252687, 'Novelty': 0.9608900876601484}
Epoch: 42:
	Train Loss: 0.455 --- Reconstruction Loss: 0.428 --- KL Loss: 3.926 --- Beta: 0.006865
	Validity: 0.25% --- Uniquene@1000: 0.93% --- Unique@10000: 0.79%

{'valid': 0.36896666666666667, 'unique@1000': 0.95, 'unique@10000': 0.7637, 'FCD/Test': 15.108279418038265, 'SNN/Test': 0.567335021118612, 'Frag/Test': 0.8645731072575698, 'Scaf/Test': 0.21642097071705058, 'FCD/TestSF': 16.135940631067086, 'SNN/TestSF': 0.5067574067381363, 'Frag/TestSF': 0.8551843334398352, 'Scaf/TestSF': 0.018539437499038525, 'IntDiv': 0.8267880537343628, 'IntDiv2': 0.8140014206989054, 'Filters': 0.9688318727979041, 'logP': 0.29088167419379074, 'SA': 0.13044092290778928, 'QED': 0.05472111717719141, 'weight': 11.134538223134546, 'Novelty': 0.9446976967370442}
Epoch: 43:
	Train Loss: 0.453 --- Reconstruction Loss: 0.425 --- KL Loss: 3.886 --- Beta: 0.007030
	Validity: 0.37% --- Uniquene@1000: 0.95% --- Unique@10000: 0.76%

{'valid': 0.47886666666666666, 'unique@1000': 0.963, 'unique@10000': 0.8198, 'FCD/Test': 15.934347330399248, 'SNN/Test': 0.556155503392593, 'Frag/Test': 0.8466657819162272, 'Scaf/Test': 0.2538299098057115, 'FCD/TestSF': 17.2180069658085, 'SNN/TestSF': 0.49114905485498794, 'Frag/TestSF': 0.8345787270572574, 'Scaf/TestSF': 0.03768739570620716, 'IntDiv': 0.8291630014048765, 'IntDiv2': 0.8166852167076143, 'Filters': 0.9631769455659195, 'logP': 0.2721252724385447, 'SA': 0.10051274483009197, 'QED': 0.060264775347195446, 'weight': 9.646924654147497, 'Novelty': 0.9498974770437728}
Epoch: 44:
	Train Loss: 0.451 --- Reconstruction Loss: 0.424 --- KL Loss: 3.845 --- Beta: 0.007195
	Validity: 0.48% --- Uniquene@1000: 0.96% --- Unique@10000: 0.82%

{'valid': 0.3679, 'unique@1000': 0.962, 'unique@10000': 0.8092, 'FCD/Test': 12.974595491256238, 'SNN/Test': 0.5352838218328237, 'Frag/Test': 0.86070808953286, 'Scaf/Test': 0.29320542938427274, 'FCD/TestSF': 13.885503646109882, 'SNN/TestSF': 0.48355645918674395, 'Frag/TestSF': 0.8512540170396384, 'Scaf/TestSF': 0.03538219935816855, 'IntDiv': 0.8421787199442035, 'IntDiv2': 0.8309546438551703, 'Filters': 0.9412883935852133, 'logP': 0.2238953628998361, 'SA': 0.022975710556257543, 'QED': 0.06254366250003722, 'weight': 8.679152832030017, 'Novelty': 0.9608221667045197}
Epoch: 45:
	Train Loss: 0.448 --- Reconstruction Loss: 0.420 --- KL Loss: 3.788 --- Beta: 0.007360
	Validity: 0.37% --- Uniquene@1000: 0.96% --- Unique@10000: 0.81%

{'valid': 0.49429999999999996, 'unique@1000': 0.946, 'unique@10000': 0.7925, 'FCD/Test': 14.499361160192763, 'SNN/Test': 0.5604827987668616, 'Frag/Test': 0.8547284471975992, 'Scaf/Test': 0.2846419994693078, 'FCD/TestSF': 15.56030527354826, 'SNN/TestSF': 0.49724674769290034, 'Frag/TestSF': 0.8450594836492351, 'Scaf/TestSF': 0.02227446533107935, 'IntDiv': 0.8358648394668344, 'IntDiv2': 0.8239276499999286, 'Filters': 0.9608874502663699, 'logP': 0.3706576530721294, 'SA': 0.10357021433494597, 'QED': 0.05506539951009912, 'weight': 13.657692554336222, 'Novelty': 0.9421777897865442}
Epoch: 46:
	Train Loss: 0.446 --- Reconstruction Loss: 0.418 --- KL Loss: 3.735 --- Beta: 0.007525
	Validity: 0.49% --- Uniquene@1000: 0.95% --- Unique@10000: 0.79%

{'valid': 0.5624, 'unique@1000': 0.964, 'unique@10000': 0.8171, 'FCD/Test': 16.080458035809833, 'SNN/Test': 0.5408946629737285, 'Frag/Test': 0.845676003748451, 'Scaf/Test': 0.21993227753499212, 'FCD/TestSF': 17.222728623367246, 'SNN/TestSF': 0.47509961754380386, 'Frag/TestSF': 0.8371426096656578, 'Scaf/TestSF': 0.02248068998645103, 'IntDiv': 0.8366451345472883, 'IntDiv2': 0.8236862332675454, 'Filters': 0.9694760550023708, 'logP': 0.5215476246984084, 'SA': 0.04650087436854852, 'QED': 0.07050975203222452, 'weight': 8.977202233281247, 'Novelty': 0.9672549930329772}
Epoch: 47:
	Train Loss: 0.444 --- Reconstruction Loss: 0.415 --- KL Loss: 3.695 --- Beta: 0.007690
	Validity: 0.56% --- Uniquene@1000: 0.96% --- Unique@10000: 0.82%

{'valid': 0.631, 'unique@1000': 0.964, 'unique@10000': 0.8191, 'FCD/Test': 16.69115485466827, 'SNN/Test': 0.5549514196140075, 'Frag/Test': 0.8429237143447859, 'Scaf/Test': 0.29582012812787695, 'FCD/TestSF': 17.77485044352973, 'SNN/TestSF': 0.4980871992322483, 'Frag/TestSF': 0.8348155319378392, 'Scaf/TestSF': 0.037613455153689745, 'IntDiv': 0.8387993243027889, 'IntDiv2': 0.8261961185586271, 'Filters': 0.967459059693608, 'logP': 0.27823120789291295, 'SA': 0.09444932409647523, 'QED': 0.059371325203724096, 'weight': 10.521026490808602, 'Novelty': 0.9498014747589336}
Epoch: 48:
	Train Loss: 0.441 --- Reconstruction Loss: 0.413 --- KL Loss: 3.663 --- Beta: 0.007855
	Validity: 0.63% --- Uniquene@1000: 0.96% --- Unique@10000: 0.82%

{'valid': 0.7089, 'unique@1000': 0.959, 'unique@10000': 0.8285, 'FCD/Test': 16.12258918742164, 'SNN/Test': 0.5506054681503381, 'Frag/Test': 0.8723333142573961, 'Scaf/Test': 0.3387440704288309, 'FCD/TestSF': 17.112501468379733, 'SNN/TestSF': 0.4943978488543376, 'Frag/TestSF': 0.8641504008151788, 'Scaf/TestSF': 0.03570246151444034, 'IntDiv': 0.8366703690057478, 'IntDiv2': 0.8254542179738968, 'Filters': 0.9706117458973997, 'logP': 0.2209627449967806, 'SA': 0.0688532217295802, 'QED': 0.04109349881041026, 'weight': 15.24327787343028, 'Novelty': 0.94939105193412}
Epoch: 49:
	Train Loss: 0.440 --- Reconstruction Loss: 0.410 --- KL Loss: 3.630 --- Beta: 0.008020
	Validity: 0.71% --- Uniquene@1000: 0.96% --- Unique@10000: 0.83%

{'valid': 0.6073999999999999, 'unique@1000': 0.971, 'unique@10000': 0.8183, 'FCD/Test': 15.701043263285051, 'SNN/Test': 0.5536067356432051, 'Frag/Test': 0.8677949794805596, 'Scaf/Test': 0.26685738340595133, 'FCD/TestSF': 16.711106019240994, 'SNN/TestSF': 0.4929523273366969, 'Frag/TestSF': 0.860467140895653, 'Scaf/TestSF': 0.029557109658333136, 'IntDiv': 0.841673086349033, 'IntDiv2': 0.8298597459964414, 'Filters': 0.961475139940731, 'logP': 0.206845540203293, 'SA': 0.07690283919396873, 'QED': 0.03376036208063549, 'weight': 14.255902096918726, 'Novelty': 0.9410124724871607}
Epoch: 50:
	Train Loss: 0.438 --- Reconstruction Loss: 0.408 --- KL Loss: 3.583 --- Beta: 0.008185
	Validity: 0.61% --- Uniquene@1000: 0.97% --- Unique@10000: 0.82%

{'valid': 0.5798333333333333, 'unique@1000': 0.956, 'unique@10000': 0.7911, 'FCD/Test': 16.33535191698349, 'SNN/Test': 0.557486398433707, 'Frag/Test': 0.8699287888206514, 'Scaf/Test': 0.2736130325446491, 'FCD/TestSF': 17.381675806500546, 'SNN/TestSF': 0.4963966588481948, 'Frag/TestSF': 0.8617905340747946, 'Scaf/TestSF': 0.023577002025957916, 'IntDiv': 0.8364063979487599, 'IntDiv2': 0.8243533093870202, 'Filters': 0.9560218453578615, 'logP': 0.2575784459586935, 'SA': 0.1009166472812117, 'QED': 0.03991553875332981, 'weight': 14.347080493874257, 'Novelty': 0.9440526190664871}
Epoch: 51:
	Train Loss: 0.436 --- Reconstruction Loss: 0.406 --- KL Loss: 3.557 --- Beta: 0.008350
	Validity: 0.58% --- Uniquene@1000: 0.96% --- Unique@10000: 0.79%

{'valid': 0.6206333333333334, 'unique@1000': 0.975, 'unique@10000': 0.8384, 'FCD/Test': 16.086152470595536, 'SNN/Test': 0.5438483053539934, 'Frag/Test': 0.8280866669450654, 'Scaf/Test': 0.25805142121859337, 'FCD/TestSF': 17.20171098557688, 'SNN/TestSF': 0.4812117432816801, 'Frag/TestSF': 0.8165624007105159, 'Scaf/TestSF': 0.04276588877522092, 'IntDiv': 0.8361200795056434, 'IntDiv2': 0.8241195974604789, 'Filters': 0.9656802191309952, 'logP': 0.09313303817214406, 'SA': 0.05088212297774685, 'QED': 0.07422076034025164, 'weight': 14.64564560269471, 'Novelty': 0.9527158774373259}
Epoch: 52:
	Train Loss: 0.434 --- Reconstruction Loss: 0.404 --- KL Loss: 3.522 --- Beta: 0.008515
	Validity: 0.62% --- Uniquene@1000: 0.97% --- Unique@10000: 0.84%

{'valid': 0.5399666666666667, 'unique@1000': 0.95, 'unique@10000': 0.8045, 'FCD/Test': 16.112062843744596, 'SNN/Test': 0.5514907390237981, 'Frag/Test': 0.8434352351354234, 'Scaf/Test': 0.27524169670897325, 'FCD/TestSF': 17.03019810553021, 'SNN/TestSF': 0.490527911340648, 'Frag/TestSF': 0.83530272627115, 'Scaf/TestSF': 0.038660247862981834, 'IntDiv': 0.8379807026924027, 'IntDiv2': 0.8260503815058063, 'Filters': 0.9609852460028396, 'logP': 0.1752408142729771, 'SA': 0.07368079508796348, 'QED': 0.04540780993101692, 'weight': 16.814037881935054, 'Novelty': 0.9389530157697935}
Epoch: 53:
	Train Loss: 0.432 --- Reconstruction Loss: 0.402 --- KL Loss: 3.477 --- Beta: 0.008680
	Validity: 0.54% --- Uniquene@1000: 0.95% --- Unique@10000: 0.80%

{'valid': 0.7746, 'unique@1000': 0.962, 'unique@10000': 0.8234, 'FCD/Test': 13.50965081747077, 'SNN/Test': 0.5572571397348386, 'Frag/Test': 0.9037514144819339, 'Scaf/Test': 0.3536785856804736, 'FCD/TestSF': 14.49036296018049, 'SNN/TestSF': 0.5075847878058238, 'Frag/TestSF': 0.8965300212689963, 'Scaf/TestSF': 0.07812313304251939, 'IntDiv': 0.8379467959951726, 'IntDiv2': 0.8267213383930926, 'Filters': 0.9589035200963938, 'logP': 0.1151224046122144, 'SA': 0.05687890782437952, 'QED': 0.022079408479738646, 'weight': 18.784270601086202, 'Novelty': 0.9357651245551601}
Epoch: 54:
	Train Loss: 0.430 --- Reconstruction Loss: 0.399 --- KL Loss: 3.464 --- Beta: 0.008845
	Validity: 0.77% --- Uniquene@1000: 0.96% --- Unique@10000: 0.82%

{'valid': 0.5829666666666666, 'unique@1000': 0.967, 'unique@10000': 0.8127, 'FCD/Test': 15.38651171450472, 'SNN/Test': 0.5518744374617983, 'Frag/Test': 0.8890371851179316, 'Scaf/Test': 0.2942358368891753, 'FCD/TestSF': 16.243930204797394, 'SNN/TestSF': 0.49857514100555583, 'Frag/TestSF': 0.8828607209937398, 'Scaf/TestSF': 0.04188302283533685, 'IntDiv': 0.8418499943666111, 'IntDiv2': 0.830974172209327, 'Filters': 0.953227743152839, 'logP': 0.24232442278548566, 'SA': 0.06778026918814771, 'QED': 0.018566772162780843, 'weight': 17.45362573854605, 'Novelty': 0.9310926949048496}
Epoch: 55:
	Train Loss: 0.430 --- Reconstruction Loss: 0.399 --- KL Loss: 3.448 --- Beta: 0.009010
	Validity: 0.58% --- Uniquene@1000: 0.97% --- Unique@10000: 0.81%

{'valid': 0.7040666666666666, 'unique@1000': 0.965, 'unique@10000': 0.8315, 'FCD/Test': 16.29184936248896, 'SNN/Test': 0.5430376835829854, 'Frag/Test': 0.8751840409208193, 'Scaf/Test': 0.285829328110639, 'FCD/TestSF': 17.31671879802117, 'SNN/TestSF': 0.4841079495987616, 'Frag/TestSF': 0.8677852625975652, 'Scaf/TestSF': 0.05777434785433566, 'IntDiv': 0.8477399690787196, 'IntDiv2': 0.8362131535564226, 'Filters': 0.9657229429031342, 'logP': 0.20499228085479604, 'SA': 0.047884500908810086, 'QED': 0.023239435410258604, 'weight': 20.4974231545259, 'Novelty': 0.934482975643527}
Epoch: 56:
	Train Loss: 0.427 --- Reconstruction Loss: 0.396 --- KL Loss: 3.400 --- Beta: 0.009175
	Validity: 0.70% --- Uniquene@1000: 0.96% --- Unique@10000: 0.83%

{'valid': 0.7311000000000001, 'unique@1000': 0.963, 'unique@10000': 0.8166, 'FCD/Test': 16.14894456862433, 'SNN/Test': 0.5486527455071551, 'Frag/Test': 0.8767706835778953, 'Scaf/Test': 0.2919061625614059, 'FCD/TestSF': 17.31321151041751, 'SNN/TestSF': 0.4853057371260437, 'Frag/TestSF': 0.8680535592905562, 'Scaf/TestSF': 0.041906038897191245, 'IntDiv': 0.8414043845241811, 'IntDiv2': 0.8294896007772885, 'Filters': 0.9699083572698673, 'logP': 0.1585427274739044, 'SA': 0.055351308744209356, 'QED': 0.021891889143021034, 'weight': 20.940007636321678, 'Novelty': 0.9399450068741407}
Epoch: 57:
	Train Loss: 0.426 --- Reconstruction Loss: 0.394 --- KL Loss: 3.386 --- Beta: 0.009340
	Validity: 0.73% --- Uniquene@1000: 0.96% --- Unique@10000: 0.82%

{'valid': 0.6433666666666666, 'unique@1000': 0.969, 'unique@10000': 0.8222, 'FCD/Test': 16.291379436414857, 'SNN/Test': 0.5449149390116769, 'Frag/Test': 0.8783233308542324, 'Scaf/Test': 0.3265858975412651, 'FCD/TestSF': 17.268257342520897, 'SNN/TestSF': 0.4851168417558788, 'Frag/TestSF': 0.8737619209520354, 'Scaf/TestSF': 0.03774553980963469, 'IntDiv': 0.8474443971476902, 'IntDiv2': 0.8360547435449434, 'Filters': 0.9601575047924978, 'logP': 0.2557158964642388, 'SA': 0.061425170573894634, 'QED': 0.016791090141929664, 'weight': 19.513629513991745, 'Novelty': 0.9347031648624422}
Epoch: 58:
	Train Loss: 0.425 --- Reconstruction Loss: 0.393 --- KL Loss: 3.347 --- Beta: 0.009505
	Validity: 0.64% --- Uniquene@1000: 0.97% --- Unique@10000: 0.82%

{'valid': 0.7829666666666667, 'unique@1000': 0.969, 'unique@10000': 0.8456, 'FCD/Test': 15.123947064533631, 'SNN/Test': 0.5446003063947966, 'Frag/Test': 0.8922067056069093, 'Scaf/Test': 0.4110668363101133, 'FCD/TestSF': 16.11414357865216, 'SNN/TestSF': 0.49018472053218126, 'Frag/TestSF': 0.8866827721139307, 'Scaf/TestSF': 0.05990840064988934, 'IntDiv': 0.8493904663200327, 'IntDiv2': 0.8382663824218297, 'Filters': 0.9657286389373749, 'logP': 0.1147188023228948, 'SA': 0.0702849703999318, 'QED': 0.014235356848309103, 'weight': 25.18927391873335, 'Novelty': 0.9345678315361599}
Epoch: 59:
	Train Loss: 0.424 --- Reconstruction Loss: 0.391 --- KL Loss: 3.322 --- Beta: 0.009670
	Validity: 0.78% --- Uniquene@1000: 0.97% --- Unique@10000: 0.85%

{'valid': 0.6911666666666667, 'unique@1000': 0.972, 'unique@10000': 0.8459, 'FCD/Test': 14.423633311402014, 'SNN/Test': 0.5431603926059451, 'Frag/Test': 0.8954987628883387, 'Scaf/Test': 0.3350874357013345, 'FCD/TestSF': 15.368026766657515, 'SNN/TestSF': 0.491768734705773, 'Frag/TestSF': 0.8894443937436949, 'Scaf/TestSF': 0.05700837423680838, 'IntDiv': 0.8522994180956751, 'IntDiv2': 0.8407359244281638, 'Filters': 0.96349168073306, 'logP': 0.09512714283861556, 'SA': 0.0747463672514116, 'QED': 0.015750067596960036, 'weight': 24.539822936077897, 'Novelty': 0.933}
Epoch: 60:
	Train Loss: 0.422 --- Reconstruction Loss: 0.390 --- KL Loss: 3.289 --- Beta: 0.009835
	Validity: 0.69% --- Uniquene@1000: 0.97% --- Unique@10000: 0.85%

