2024-02-15 07:28:45.153824: E external/local_xla/xla/stream_executor/cuda/cuda_dnn.cc:9261] Unable to register cuDNN factory: Attempting to register factory for plugin cuDNN when one has already been registered
2024-02-15 07:28:45.153912: E external/local_xla/xla/stream_executor/cuda/cuda_fft.cc:607] Unable to register cuFFT factory: Attempting to register factory for plugin cuFFT when one has already been registered
2024-02-15 07:28:45.154742: E external/local_xla/xla/stream_executor/cuda/cuda_blas.cc:1515] Unable to register cuBLAS factory: Attempting to register factory for plugin cuBLAS when one has already been registered
2024-02-15 07:28:45.159058: I tensorflow/core/platform/cpu_feature_guard.cc:182] This TensorFlow binary is optimized to use available CPU instructions in performance-critical operations.
To enable the following instructions: AVX2 FMA, in other operations, rebuild TensorFlow with the appropriate compiler flags.
2024-02-15 07:28:48.299425: W tensorflow/compiler/tf2tensorrt/utils/py_utils.cc:38] TF-TRT Warning: Could not find TensorRT

Arguments:
	data_path: data/moses_train.txt
	max_len: 30
	batch: 128
	d_model: 512
	d_latent: 256
	d_ff: 1024
	e_heads: 1
	d_heads: 8
	n_layers: 6
	dropout: 0.5
	lr: 0.0005
	n_epochs: 100
	kl_type: monotonic
	kl_w_start: 0.0001
	kl_w_end: 0.001
	kl_cycle: 4
	kl_ratio: 0.9
	save_name: klcompare

Number of data: 88192

SMILES Vocab:
	 {'<START>': 0, '<END>': 1, '<PAD>': 2, 'C': 3, 'O': 4, 'c': 5, '1': 6, '(': 7, '=': 8, ')': 9, 'N': 10, 'n': 11, '2': 12, 'F': 13, 'Cl': 14, 'Br': 15, '#': 16, '3': 17, 'S': 18, 'o': 19, '-': 20, 's': 21, '[nH]': 22, '4': 23}

Graph Vocab:
	 {'C': 0, 'O': 1, 'N': 2, 'F': 3, 'Cl': 4, 'Br': 5, 'S': 6}


KL Annealer: [0.0001, 0.000109, 0.00011800000000000001, 0.000127, 0.000136, 0.000145, 0.000154, 0.000163, 0.000172, 0.000181, 0.00019, 0.000199, 0.00020800000000000001, 0.00021700000000000002, 0.00022600000000000002, 0.00023500000000000002, 0.00024400000000000002, 0.000253, 0.000262, 0.00027100000000000003, 0.00028000000000000003, 0.00028900000000000003, 0.00029800000000000003, 0.00030700000000000004, 0.000316, 0.000325, 0.000334, 0.000343, 0.000352, 0.000361, 0.00037, 0.000379, 0.000388, 0.000397, 0.000406, 0.000415, 0.000424, 0.000433, 0.000442, 0.000451, 0.00046, 0.000469, 0.000478, 0.000487, 0.000496, 0.000505, 0.000514, 0.000523, 0.000532, 0.000541, 0.00055, 0.000559, 0.000568, 0.000577, 0.000586, 0.000595, 0.000604, 0.000613, 0.000622, 0.000631, 0.00064, 0.0006490000000000001, 0.0006580000000000001, 0.0006670000000000001, 0.0006760000000000001, 0.0006850000000000001, 0.0006940000000000001, 0.0007030000000000001, 0.0007120000000000001, 0.0007210000000000001, 0.0007300000000000001, 0.0007390000000000001, 0.0007480000000000001, 0.0007570000000000001, 0.0007660000000000001, 0.0007750000000000001, 0.0007840000000000001, 0.0007930000000000001, 0.0008020000000000001, 0.0008110000000000001, 0.0008200000000000001, 0.0008290000000000001, 0.0008380000000000001, 0.0008470000000000001, 0.0008560000000000001, 0.0008650000000000001, 0.0008740000000000001, 0.0008830000000000001, 0.0008920000000000001, 0.0009010000000000001, 0.0009100000000000001, 0.0009190000000000001, 0.0009280000000000001, 0.0009370000000000001, 0.0009460000000000001, 0.0009550000000000001, 0.000964, 0.000973, 0.000982, 0.000991]




#########################################################################
######################### START TRAINING ################################
#########################################################################




{'valid': 0.4756666666666667, 'unique@1000': 0.824, 'unique@10000': 0.488, 'FCD/Test': 20.755220888496126, 'SNN/Test': 0.5945177185050908, 'Frag/Test': 0.830104149596434, 'Scaf/Test': 0.2359304815042058, 'FCD/TestSF': 21.922250708384503, 'SNN/TestSF': 0.5073738188762805, 'Frag/TestSF': 0.8159562200525774, 'Scaf/TestSF': 0.05820112098415586, 'IntDiv': 0.7797284804427485, 'IntDiv2': 0.7643261825106404, 'Filters': 0.988156972669937, 'logP': 0.20307148127019017, 'SA': 0.22512865477486863, 'QED': 0.1034848860724101, 'weight': 11.588390336863776, 'Novelty': 0.9228911783644559}
Epoch: 31:
	Train Loss: 0.456 --- Reconstruction Loss: 0.445 --- KL Loss: 30.108 --- Beta: 0.000370
	Validity: 0.48% --- Uniquene@1000: 0.82% --- Unique@10000: 0.49%

{'valid': 0.5435, 'unique@1000': 0.843, 'unique@10000': 0.5414, 'FCD/Test': 21.62788980263023, 'SNN/Test': 0.6079229233163297, 'Frag/Test': 0.8862733076289634, 'Scaf/Test': 0.19334487947686085, 'FCD/TestSF': 22.793696044034526, 'SNN/TestSF': 0.5252944367816937, 'Frag/TestSF': 0.8752910752808019, 'Scaf/TestSF': 0.05721156948682671, 'IntDiv': 0.7736671390951364, 'IntDiv2': 0.7607205396273241, 'Filters': 0.9835633241337013, 'logP': 0.364559191942345, 'SA': 0.2846363131930592, 'QED': 0.05024885046274341, 'weight': 7.78596954137134, 'Novelty': 0.9299230066553569}
Epoch: 32:
	Train Loss: 0.451 --- Reconstruction Loss: 0.440 --- KL Loss: 28.740 --- Beta: 0.000379
	Validity: 0.54% --- Uniquene@1000: 0.84% --- Unique@10000: 0.54%

{'valid': 0.6051333333333333, 'unique@1000': 0.871, 'unique@10000': 0.569, 'FCD/Test': 21.123003491561043, 'SNN/Test': 0.5944011851798809, 'Frag/Test': 0.8682774437405107, 'Scaf/Test': 0.20265249529330065, 'FCD/TestSF': 22.31098374867748, 'SNN/TestSF': 0.5141755295795295, 'Frag/TestSF': 0.8544867254123287, 'Scaf/TestSF': 0.07933339113293303, 'IntDiv': 0.7801630649523926, 'IntDiv2': 0.7672101343750359, 'Filters': 0.9857331717527817, 'logP': 0.1754054571599652, 'SA': 0.20321811325594935, 'QED': 0.0704513087837286, 'weight': 9.55838834587536, 'Novelty': 0.932289267618609}
Epoch: 33:
	Train Loss: 0.445 --- Reconstruction Loss: 0.435 --- KL Loss: 27.546 --- Beta: 0.000388
	Validity: 0.61% --- Uniquene@1000: 0.87% --- Unique@10000: 0.57%

{'valid': 0.5937, 'unique@1000': 0.871, 'unique@10000': 0.5818, 'FCD/Test': 20.044988046167646, 'SNN/Test': 0.5976748892384974, 'Frag/Test': 0.8728734892011203, 'Scaf/Test': 0.24238022936965187, 'FCD/TestSF': 21.149387410728302, 'SNN/TestSF': 0.5151828228933728, 'Frag/TestSF': 0.8602155014541457, 'Scaf/TestSF': 0.046460391698786796, 'IntDiv': 0.7833420701978835, 'IntDiv2': 0.7694351381321656, 'Filters': 0.9807422379428443, 'logP': 0.4815231056012197, 'SA': 0.26269677524263546, 'QED': 0.07123159358877464, 'weight': 6.039952066584538, 'Novelty': 0.9328197575620256}
Epoch: 34:
	Train Loss: 0.439 --- Reconstruction Loss: 0.428 --- KL Loss: 26.784 --- Beta: 0.000397
	Validity: 0.59% --- Uniquene@1000: 0.87% --- Unique@10000: 0.58%

{'valid': 0.5578000000000001, 'unique@1000': 0.903, 'unique@10000': 0.6534, 'FCD/Test': 20.041105514372227, 'SNN/Test': 0.5969114794987026, 'Frag/Test': 0.887933695856558, 'Scaf/Test': 0.3083413230714894, 'FCD/TestSF': 21.188044060489794, 'SNN/TestSF': 0.5125412119055387, 'Frag/TestSF': 0.8760833915700642, 'Scaf/TestSF': 0.032927056251756515, 'IntDiv': 0.7859400741424336, 'IntDiv2': 0.7733459400244982, 'Filters': 0.9803991872833752, 'logP': 0.3889575888577138, 'SA': 0.24223789884116426, 'QED': 0.06219445784236324, 'weight': 5.857604854805892, 'Novelty': 0.9368694747789912}
Epoch: 35:
	Train Loss: 0.433 --- Reconstruction Loss: 0.422 --- KL Loss: 25.683 --- Beta: 0.000406
	Validity: 0.56% --- Uniquene@1000: 0.90% --- Unique@10000: 0.65%

{'valid': 0.5472, 'unique@1000': 0.921, 'unique@10000': 0.6807, 'FCD/Test': 17.725251135915812, 'SNN/Test': 0.5891716231748128, 'Frag/Test': 0.9143429386093784, 'Scaf/Test': 0.32646122555219903, 'FCD/TestSF': 18.858009904886202, 'SNN/TestSF': 0.5149262478115804, 'Frag/TestSF': 0.9043779478343681, 'Scaf/TestSF': 0.03270041862004136, 'IntDiv': 0.8022345645206781, 'IntDiv2': 0.7913059501335733, 'Filters': 0.978740253411306, 'logP': 0.4268105312636612, 'SA': 0.21625212793986512, 'QED': 0.02885628205301493, 'weight': 11.422152115984403, 'Novelty': 0.9266282764098491}
Epoch: 36:
	Train Loss: 0.429 --- Reconstruction Loss: 0.418 --- KL Loss: 25.022 --- Beta: 0.000415
	Validity: 0.55% --- Uniquene@1000: 0.92% --- Unique@10000: 0.68%

{'valid': 0.44279999999999997, 'unique@1000': 0.899, 'unique@10000': 0.6503, 'FCD/Test': 17.58971488255191, 'SNN/Test': 0.5935053256051758, 'Frag/Test': 0.9155351016147201, 'Scaf/Test': 0.38773104391502144, 'FCD/TestSF': 18.496724260870558, 'SNN/TestSF': 0.5242516195429032, 'Frag/TestSF': 0.9069297988040889, 'Scaf/TestSF': 0.025256616606026405, 'IntDiv': 0.8064929647991432, 'IntDiv2': 0.7942852401923204, 'Filters': 0.9779433905450166, 'logP': 0.5093826557625559, 'SA': 0.24601505054330344, 'QED': 0.033164417259162304, 'weight': 9.29237422659065, 'Novelty': 0.935702826113785}
Epoch: 37:
	Train Loss: 0.423 --- Reconstruction Loss: 0.412 --- KL Loss: 24.305 --- Beta: 0.000424
	Validity: 0.44% --- Uniquene@1000: 0.90% --- Unique@10000: 0.65%

{'valid': 0.5049666666666667, 'unique@1000': 0.914, 'unique@10000': 0.7018, 'FCD/Test': 16.4575536465263, 'SNN/Test': 0.5912299187940862, 'Frag/Test': 0.9094328141859007, 'Scaf/Test': 0.247414447666354, 'FCD/TestSF': 17.03400408850655, 'SNN/TestSF': 0.5367203401292824, 'Frag/TestSF': 0.9017769461955774, 'Scaf/TestSF': 0.06847622477420767, 'IntDiv': 0.8123600248858915, 'IntDiv2': 0.8011831279194218, 'Filters': 0.9843554029968975, 'logP': 0.34786677899409874, 'SA': 0.24842164259354999, 'QED': 0.025972254148054243, 'weight': 11.526766155639459, 'Novelty': 0.9157142857142857}
Epoch: 38:
	Train Loss: 0.418 --- Reconstruction Loss: 0.408 --- KL Loss: 23.737 --- Beta: 0.000433
	Validity: 0.50% --- Uniquene@1000: 0.91% --- Unique@10000: 0.70%

{'valid': 0.4154333333333333, 'unique@1000': 0.946, 'unique@10000': 0.741, 'FCD/Test': 15.357338139805613, 'SNN/Test': 0.580564625922916, 'Frag/Test': 0.9026516222253358, 'Scaf/Test': 0.25818888120278727, 'FCD/TestSF': 16.156429546841196, 'SNN/TestSF': 0.5178579538725816, 'Frag/TestSF': 0.8923483080017236, 'Scaf/TestSF': 0.0324426920782207, 'IntDiv': 0.811801499156515, 'IntDiv2': 0.8012859066037381, 'Filters': 0.9807429992778625, 'logP': 0.43881282741351413, 'SA': 0.21484785180584726, 'QED': 0.035361439677515746, 'weight': 10.923287507271985, 'Novelty': 0.9280745062836625}
Epoch: 39:
	Train Loss: 0.413 --- Reconstruction Loss: 0.403 --- KL Loss: 23.234 --- Beta: 0.000442
	Validity: 0.42% --- Uniquene@1000: 0.95% --- Unique@10000: 0.74%

{'valid': 0.5855, 'unique@1000': 0.949, 'unique@10000': 0.7629, 'FCD/Test': 16.028937086803367, 'SNN/Test': 0.5748887373151991, 'Frag/Test': 0.9121523252700708, 'Scaf/Test': 0.311719077577265, 'FCD/TestSF': 16.4572847319877, 'SNN/TestSF': 0.5205201559924618, 'Frag/TestSF': 0.9053825297146285, 'Scaf/TestSF': 0.05388752250992768, 'IntDiv': 0.8199868661271091, 'IntDiv2': 0.808605363199845, 'Filters': 0.9785937944776544, 'logP': 0.5167425209646235, 'SA': 0.19024859977091405, 'QED': 0.028405593271342372, 'weight': 6.229646586453722, 'Novelty': 0.9357248399277622}
Epoch: 40:
	Train Loss: 0.409 --- Reconstruction Loss: 0.399 --- KL Loss: 22.620 --- Beta: 0.000451
	Validity: 0.59% --- Uniquene@1000: 0.95% --- Unique@10000: 0.76%

{'valid': 0.39570000000000005, 'unique@1000': 0.94, 'unique@10000': 0.7525, 'FCD/Test': 14.846375821339088, 'SNN/Test': 0.5575336004022037, 'Frag/Test': 0.9345218896804931, 'Scaf/Test': 0.26886003463473207, 'FCD/TestSF': 15.562948246671596, 'SNN/TestSF': 0.5008590855033885, 'Frag/TestSF': 0.9274449599454726, 'Scaf/TestSF': 0.03898589137657227, 'IntDiv': 0.8170816489476508, 'IntDiv2': 0.8071512285816163, 'Filters': 0.969168562041951, 'logP': 0.4589250468769773, 'SA': 0.11142618750174121, 'QED': 0.015239034004853784, 'weight': 9.386707458769868, 'Novelty': 0.9465824238943136}
Epoch: 41:
	Train Loss: 0.405 --- Reconstruction Loss: 0.394 --- KL Loss: 22.379 --- Beta: 0.000460
	Validity: 0.40% --- Uniquene@1000: 0.94% --- Unique@10000: 0.75%

{'valid': 0.5992, 'unique@1000': 0.952, 'unique@10000': 0.7921, 'FCD/Test': 15.205184778041456, 'SNN/Test': 0.5694831302277594, 'Frag/Test': 0.9457465827552027, 'Scaf/Test': 0.2944187428270788, 'FCD/TestSF': 15.844690349200164, 'SNN/TestSF': 0.5170376513337341, 'Frag/TestSF': 0.9394665479802368, 'Scaf/TestSF': 0.060375545117964835, 'IntDiv': 0.8225898698665934, 'IntDiv2': 0.8126127208622886, 'Filters': 0.97557854917668, 'logP': 0.4549737354169069, 'SA': 0.2048262466717774, 'QED': 0.019788934843976837, 'weight': 13.231235053658047, 'Novelty': 0.9339109100667025}
Epoch: 42:
	Train Loss: 0.399 --- Reconstruction Loss: 0.389 --- KL Loss: 21.856 --- Beta: 0.000469
	Validity: 0.60% --- Uniquene@1000: 0.95% --- Unique@10000: 0.79%

{'valid': 0.48673333333333335, 'unique@1000': 0.956, 'unique@10000': 0.7993, 'FCD/Test': 15.625242791246258, 'SNN/Test': 0.5687076456109035, 'Frag/Test': 0.9255141256260144, 'Scaf/Test': 0.24240684646917843, 'FCD/TestSF': 16.43588899335395, 'SNN/TestSF': 0.5087042091948303, 'Frag/TestSF': 0.918544945244955, 'Scaf/TestSF': 0.022744742166069365, 'IntDiv': 0.8217930300987994, 'IntDiv2': 0.8111327345976663, 'Filters': 0.9726749760306808, 'logP': 0.40884541125897905, 'SA': 0.1768566611081807, 'QED': 0.01614482941695365, 'weight': 18.112411550187844, 'Novelty': 0.9278715296679368}
Epoch: 43:
	Train Loss: 0.396 --- Reconstruction Loss: 0.386 --- KL Loss: 21.630 --- Beta: 0.000478
	Validity: 0.49% --- Uniquene@1000: 0.96% --- Unique@10000: 0.80%

{'valid': 0.5573, 'unique@1000': 0.967, 'unique@10000': 0.8116, 'FCD/Test': 14.73281744033342, 'SNN/Test': 0.5594379207612553, 'Frag/Test': 0.9207634065367414, 'Scaf/Test': 0.23601518299563418, 'FCD/TestSF': 15.523170510115058, 'SNN/TestSF': 0.5006007737361955, 'Frag/TestSF': 0.9138202543405045, 'Scaf/TestSF': 0.036310802955834776, 'IntDiv': 0.8311509729399997, 'IntDiv2': 0.820446657625196, 'Filters': 0.9686584125844847, 'logP': 0.42172962802472985, 'SA': 0.14440987677515363, 'QED': 0.015240593129573276, 'weight': 19.13959316040965, 'Novelty': 0.9317329930616477}
Epoch: 44:
	Train Loss: 0.392 --- Reconstruction Loss: 0.381 --- KL Loss: 21.369 --- Beta: 0.000487
	Validity: 0.56% --- Uniquene@1000: 0.97% --- Unique@10000: 0.81%

{'valid': 0.6485333333333334, 'unique@1000': 0.979, 'unique@10000': 0.8442, 'FCD/Test': 13.943434483896667, 'SNN/Test': 0.5612070079261781, 'Frag/Test': 0.9247777690685084, 'Scaf/Test': 0.2702474919234732, 'FCD/TestSF': 14.564955346219492, 'SNN/TestSF': 0.5090671335109571, 'Frag/TestSF': 0.9166514777739295, 'Scaf/TestSF': 0.056159425392430684, 'IntDiv': 0.8309590373839828, 'IntDiv2': 0.8211084837484875, 'Filters': 0.970446134868421, 'logP': 0.36251179615296286, 'SA': 0.14189816395026664, 'QED': 0.01843302515025498, 'weight': 18.406639846004982, 'Novelty': 0.9362913907284768}
Epoch: 45:
	Train Loss: 0.388 --- Reconstruction Loss: 0.377 --- KL Loss: 21.145 --- Beta: 0.000496
	Validity: 0.65% --- Uniquene@1000: 0.98% --- Unique@10000: 0.84%

{'valid': 0.35286666666666666, 'unique@1000': 0.955, 'unique@10000': 0.793, 'FCD/Test': 13.987502379428207, 'SNN/Test': 0.5480030474710302, 'Frag/Test': 0.9165499571875315, 'Scaf/Test': 0.20192115789522125, 'FCD/TestSF': 14.614967835826363, 'SNN/TestSF': 0.4938479108841843, 'Frag/TestSF': 0.9091191863282245, 'Scaf/TestSF': 0.031003177359410827, 'IntDiv': 0.8358709448771364, 'IntDiv2': 0.8254015060401967, 'Filters': 0.9665596070281504, 'logP': 0.283933968313492, 'SA': 0.051555806604854044, 'QED': 0.01442998914869291, 'weight': 20.199216063766393, 'Novelty': 0.9340712223291626}
Epoch: 46:
	Train Loss: 0.383 --- Reconstruction Loss: 0.373 --- KL Loss: 20.967 --- Beta: 0.000505
	Validity: 0.35% --- Uniquene@1000: 0.95% --- Unique@10000: 0.79%

/home/80027464/graphvae/metrics.py:527: UserWarning: Can't compute unique@10000.gen contains only 9311 molecules
  warnings.warn(
{'valid': 0.3103666666666667, 'unique@1000': 0.967, 'unique@10000': 0.8256900440339383, 'FCD/Test': 13.438934461203871, 'SNN/Test': 0.5339503165023589, 'Frag/Test': 0.9142593981654957, 'Scaf/Test': 0.2079265346168201, 'FCD/TestSF': 14.03859442764142, 'SNN/TestSF': 0.4832012604427138, 'Frag/TestSF': 0.9077495754954805, 'Scaf/TestSF': 0.03146938307926206, 'IntDiv': 0.8414071871838831, 'IntDiv2': 0.8306417769879108, 'Filters': 0.9549994630007518, 'logP': 0.3135991742899015, 'SA': 0.021769566516016782, 'QED': 0.014451355213461648, 'weight': 24.09815385152349, 'Novelty': 0.9413371488033299}
Epoch: 47:
	Train Loss: 0.380 --- Reconstruction Loss: 0.369 --- KL Loss: 20.773 --- Beta: 0.000514
	Validity: 0.31% --- Uniquene@1000: 0.97% --- Unique@10000: 0.83%

{'valid': 0.33886666666666665, 'unique@1000': 0.97, 'unique@10000': 0.836, 'FCD/Test': 13.636264063018714, 'SNN/Test': 0.532424614290752, 'Frag/Test': 0.8980135734443675, 'Scaf/Test': 0.1978586619781354, 'FCD/TestSF': 14.327656317366149, 'SNN/TestSF': 0.4808127471772958, 'Frag/TestSF': 0.8874587362177592, 'Scaf/TestSF': 0.043873945724673735, 'IntDiv': 0.8372049996964159, 'IntDiv2': 0.8260529386004751, 'Filters': 0.9562266378123155, 'logP': 0.27609301172107253, 'SA': 0.02333370662070872, 'QED': 0.031426974889034176, 'weight': 17.08300639408762, 'Novelty': 0.9541543901001768}
Epoch: 48:
	Train Loss: 0.375 --- Reconstruction Loss: 0.365 --- KL Loss: 20.509 --- Beta: 0.000523
	Validity: 0.34% --- Uniquene@1000: 0.97% --- Unique@10000: 0.84%

{'valid': 0.4597, 'unique@1000': 0.977, 'unique@10000': 0.862, 'FCD/Test': 14.185258195108943, 'SNN/Test': 0.5347609250611715, 'Frag/Test': 0.9174777352620166, 'Scaf/Test': 0.25439482313499606, 'FCD/TestSF': 14.590563414805075, 'SNN/TestSF': 0.48885691014438115, 'Frag/TestSF': 0.9127401286588064, 'Scaf/TestSF': 0.061891510936243566, 'IntDiv': 0.8439409758661387, 'IntDiv2': 0.8339777091231233, 'Filters': 0.9678050902762672, 'logP': 0.3965387093620143, 'SA': 0.042792007746294033, 'QED': 0.016833771285234084, 'weight': 17.785786643698547, 'Novelty': 0.9411509040333796}
Epoch: 49:
	Train Loss: 0.372 --- Reconstruction Loss: 0.362 --- KL Loss: 20.324 --- Beta: 0.000532
	Validity: 0.46% --- Uniquene@1000: 0.98% --- Unique@10000: 0.86%

{'valid': 0.39936666666666665, 'unique@1000': 0.977, 'unique@10000': 0.8485, 'FCD/Test': 13.715845164128723, 'SNN/Test': 0.5528091349440857, 'Frag/Test': 0.9281577359531339, 'Scaf/Test': 0.2379902471801576, 'FCD/TestSF': 14.590539493431507, 'SNN/TestSF': 0.48895353010809983, 'Frag/TestSF': 0.9180231964138342, 'Scaf/TestSF': 0.033939475338384595, 'IntDiv': 0.8326219108866058, 'IntDiv2': 0.8219261325431603, 'Filters': 0.9593523078207161, 'logP': 0.17341699318257522, 'SA': 0.11204221033745293, 'QED': 0.015942509014182083, 'weight': 23.10782272706747, 'Novelty': 0.9350910737647177}
Epoch: 50:
	Train Loss: 0.368 --- Reconstruction Loss: 0.357 --- KL Loss: 20.202 --- Beta: 0.000541
	Validity: 0.40% --- Uniquene@1000: 0.98% --- Unique@10000: 0.85%

{'valid': 0.4413666666666667, 'unique@1000': 0.972, 'unique@10000': 0.8578, 'FCD/Test': 14.172499759931995, 'SNN/Test': 0.5322303087043668, 'Frag/Test': 0.9150256741859824, 'Scaf/Test': 0.2702088094281261, 'FCD/TestSF': 14.742352113456306, 'SNN/TestSF': 0.48357845244698633, 'Frag/TestSF': 0.909709771660081, 'Scaf/TestSF': 0.04739060911405468, 'IntDiv': 0.8479065476134289, 'IntDiv2': 0.8375689774820139, 'Filters': 0.9662412204516275, 'logP': 0.18296969159696544, 'SA': 0.011642235935505769, 'QED': 0.01525801231538501, 'weight': 22.321815840813606, 'Novelty': 0.9439912996193583}
Epoch: 51:
	Train Loss: 0.365 --- Reconstruction Loss: 0.354 --- KL Loss: 19.895 --- Beta: 0.000550
	Validity: 0.44% --- Uniquene@1000: 0.97% --- Unique@10000: 0.86%

{'valid': 0.43033333333333335, 'unique@1000': 0.981, 'unique@10000': 0.8947, 'FCD/Test': 13.370984494219144, 'SNN/Test': 0.5323849785498738, 'Frag/Test': 0.9106059390137634, 'Scaf/Test': 0.24613278501969216, 'FCD/TestSF': 14.25744193843115, 'SNN/TestSF': 0.4785421990187107, 'Frag/TestSF': 0.9013406772486215, 'Scaf/TestSF': 0.026758932602522156, 'IntDiv': 0.839031901877951, 'IntDiv2': 0.8290224534775896, 'Filters': 0.9626646010844306, 'logP': 0.2505442262858339, 'SA': 0.0382556519627308, 'QED': 0.030583239849464025, 'weight': 18.573951033731557, 'Novelty': 0.950509977827051}
Epoch: 52:
	Train Loss: 0.362 --- Reconstruction Loss: 0.351 --- KL Loss: 19.720 --- Beta: 0.000559
	Validity: 0.43% --- Uniquene@1000: 0.98% --- Unique@10000: 0.89%

slurmstepd: error: *** JOB 8257235 ON hpctpa3pc0019 CANCELLED AT 2024-02-15T10:04:48 ***
