2024-02-15 02:31:21.281191: E external/local_xla/xla/stream_executor/cuda/cuda_dnn.cc:9261] Unable to register cuDNN factory: Attempting to register factory for plugin cuDNN when one has already been registered
2024-02-15 02:31:21.281272: E external/local_xla/xla/stream_executor/cuda/cuda_fft.cc:607] Unable to register cuFFT factory: Attempting to register factory for plugin cuFFT when one has already been registered
2024-02-15 02:31:21.282454: E external/local_xla/xla/stream_executor/cuda/cuda_blas.cc:1515] Unable to register cuBLAS factory: Attempting to register factory for plugin cuBLAS when one has already been registered
2024-02-15 02:31:21.287944: I tensorflow/core/platform/cpu_feature_guard.cc:182] This TensorFlow binary is optimized to use available CPU instructions in performance-critical operations.
To enable the following instructions: AVX2 FMA, in other operations, rebuild TensorFlow with the appropriate compiler flags.
2024-02-15 02:31:22.228314: W tensorflow/compiler/tf2tensorrt/utils/py_utils.cc:38] TF-TRT Warning: Could not find TensorRT

Arguments:
	data_path: data/moses_train.txt
	max_len: 30
	batch: 128
	d_model: 512
	d_latent: 256
	d_ff: 1024
	e_heads: 1
	d_heads: 8
	n_layers: 6
	dropout: 0.5
	lr: 0.0005
	n_epochs: 80
	kl_type: cyclic
	kl_w_start: 0.0001
	kl_w_end: 0.001
	kl_cycle: 6
	kl_ratio: 0.5
	save_name: klcompare

Number of data: 88192

SMILES Vocab:
	 {'<START>': 0, '<END>': 1, '<PAD>': 2, 'C': 3, 'O': 4, 'c': 5, '1': 6, '(': 7, '=': 8, ')': 9, 'N': 10, 'n': 11, '2': 12, 'F': 13, 'Cl': 14, 'Br': 15, '#': 16, '3': 17, 'S': 18, 'o': 19, '-': 20, 's': 21, '[nH]': 22, '4': 23}

Graph Vocab:
	 {'C': 0, 'O': 1, 'N': 2, 'F': 3, 'Cl': 4, 'Br': 5, 'S': 6}


KL Annealer: [0.0001   0.000235 0.00037  0.000505 0.00064  0.000775 0.00091  0.001
 0.001    0.001    0.001    0.001    0.001    0.0001   0.000235 0.00037
 0.000505 0.00064  0.000775 0.00091  0.001    0.001    0.001    0.001
 0.001    0.001    0.0001   0.000235 0.00037  0.000505 0.00064  0.000775
 0.00091  0.001    0.001    0.001    0.001    0.001    0.001    0.001
 0.0001   0.000235 0.00037  0.000505 0.00064  0.000775 0.00091  0.001
 0.001    0.001    0.001    0.001    0.001    0.0001   0.000235 0.00037
 0.000505 0.00064  0.000775 0.00091  0.001    0.001    0.001    0.001
 0.001    0.001    0.0001   0.000235 0.00037  0.000505 0.00064  0.000775
 0.00091  0.001    0.001    0.001    0.001    0.001    0.001    0.001   ]




#########################################################################
######################### START TRAINING ################################
#########################################################################




{'valid': 0.6541333333333333, 'unique@1000': 0.808, 'unique@10000': 0.481, 'FCD/Test': 20.668554652782618, 'SNN/Test': 0.6101129461615925, 'Frag/Test': 0.8819895868189084, 'Scaf/Test': 0.3671865087892592, 'FCD/TestSF': 21.8633342318805, 'SNN/TestSF': 0.5291509076693243, 'Frag/TestSF': 0.8689894898196286, 'Scaf/TestSF': 0.016218128834175505, 'IntDiv': 0.7855615253302582, 'IntDiv2': 0.7714367048130237, 'Filters': 0.9820118222584591, 'logP': 0.23146588887092198, 'SA': 0.27665238128019937, 'QED': 0.05475081190540995, 'weight': 15.97755796182241, 'Novelty': 0.9199427232491538}
Epoch: 31:
	Train Loss: 0.460 --- Reconstruction Loss: 0.446 --- KL Loss: 21.307 --- Beta: 0.000640
	Validity: 0.65% --- Uniquene@1000: 0.81% --- Unique@10000: 0.48%

{'valid': 0.6768000000000001, 'unique@1000': 0.848, 'unique@10000': 0.5553, 'FCD/Test': 23.747915215858676, 'SNN/Test': 0.6039935578162788, 'Frag/Test': 0.8622676732624832, 'Scaf/Test': 0.21684047601432588, 'FCD/TestSF': 24.96607933513029, 'SNN/TestSF': 0.5267068001032874, 'Frag/TestSF': 0.8513517522150228, 'Scaf/TestSF': 0.023340480786687157, 'IntDiv': 0.7731257496965351, 'IntDiv2': 0.7591460818491851, 'Filters': 0.9850768321513003, 'logP': 0.2785456325812227, 'SA': 0.30762770366405207, 'QED': 0.063861828011658, 'weight': 9.946089053260863, 'Novelty': 0.9416074357572444}
Epoch: 32:
	Train Loss: 0.457 --- Reconstruction Loss: 0.443 --- KL Loss: 18.266 --- Beta: 0.000775
	Validity: 0.68% --- Uniquene@1000: 0.85% --- Unique@10000: 0.56%

{'valid': 0.6033, 'unique@1000': 0.899, 'unique@10000': 0.6068, 'FCD/Test': 20.167528052327533, 'SNN/Test': 0.6071916121716354, 'Frag/Test': 0.8700680596605667, 'Scaf/Test': 0.3119253765877583, 'FCD/TestSF': 21.465859730976433, 'SNN/TestSF': 0.5250808430482712, 'Frag/TestSF': 0.8574235794286483, 'Scaf/TestSF': 0.035425512875627785, 'IntDiv': 0.7826958211061128, 'IntDiv2': 0.7701033913642858, 'Filters': 0.9867395988728659, 'logP': 0.13607469766823552, 'SA': 0.29536514458611673, 'QED': 0.07569445658993272, 'weight': 13.003450375802418, 'Novelty': 0.9401223307221805}
Epoch: 33:
	Train Loss: 0.453 --- Reconstruction Loss: 0.438 --- KL Loss: 15.978 --- Beta: 0.000910
	Validity: 0.60% --- Uniquene@1000: 0.90% --- Unique@10000: 0.61%

{'valid': 0.40790000000000004, 'unique@1000': 0.903, 'unique@10000': 0.6332, 'FCD/Test': 17.566939410049244, 'SNN/Test': 0.5818809033088009, 'Frag/Test': 0.8637101599018552, 'Scaf/Test': 0.2395229843635851, 'FCD/TestSF': 18.30233628431464, 'SNN/TestSF': 0.5271840792040016, 'Frag/TestSF': 0.8533988436839552, 'Scaf/TestSF': 0.019390475297475285, 'IntDiv': 0.8049090867849885, 'IntDiv2': 0.7920547673221754, 'Filters': 0.9796518754596715, 'logP': 0.2849693856280725, 'SA': 0.21323749892065985, 'QED': 0.06524351858476572, 'weight': 8.776451342046967, 'Novelty': 0.9379929290182214}
Epoch: 34:
	Train Loss: 0.449 --- Reconstruction Loss: 0.435 --- KL Loss: 14.434 --- Beta: 0.001000
	Validity: 0.41% --- Uniquene@1000: 0.90% --- Unique@10000: 0.63%

{'valid': 0.5707333333333333, 'unique@1000': 0.903, 'unique@10000': 0.6682, 'FCD/Test': 19.330922528663507, 'SNN/Test': 0.5937742028442405, 'Frag/Test': 0.8819935188842236, 'Scaf/Test': 0.3070469780526067, 'FCD/TestSF': 20.309142754129574, 'SNN/TestSF': 0.535992274998804, 'Frag/TestSF': 0.8734384120707842, 'Scaf/TestSF': 0.048971089178985294, 'IntDiv': 0.7979857753886379, 'IntDiv2': 0.7851280596867158, 'Filters': 0.9835299614531012, 'logP': 0.1628642673623623, 'SA': 0.27572970700993255, 'QED': 0.06454720518055752, 'weight': 13.473354421594086, 'Novelty': 0.9410488958990536}
Epoch: 35:
	Train Loss: 0.444 --- Reconstruction Loss: 0.430 --- KL Loss: 13.961 --- Beta: 0.001000
	Validity: 0.57% --- Uniquene@1000: 0.90% --- Unique@10000: 0.67%

{'valid': 0.5297333333333334, 'unique@1000': 0.886, 'unique@10000': 0.6354, 'FCD/Test': 17.505622719144114, 'SNN/Test': 0.6009909865457406, 'Frag/Test': 0.8653083130919439, 'Scaf/Test': 0.46556702444241793, 'FCD/TestSF': 18.506368925087628, 'SNN/TestSF': 0.5303180477397436, 'Frag/TestSF': 0.8533386489100018, 'Scaf/TestSF': 0.045748814168405816, 'IntDiv': 0.7994687886955012, 'IntDiv2': 0.7865810886041098, 'Filters': 0.9825069217216209, 'logP': 0.2761272463247962, 'SA': 0.2624291442617353, 'QED': 0.05959309024914247, 'weight': 13.041440643948658, 'Novelty': 0.9309023215067893}
Epoch: 36:
	Train Loss: 0.440 --- Reconstruction Loss: 0.426 --- KL Loss: 13.653 --- Beta: 0.001000
	Validity: 0.53% --- Uniquene@1000: 0.89% --- Unique@10000: 0.64%

{'valid': 0.5189666666666667, 'unique@1000': 0.919, 'unique@10000': 0.6567, 'FCD/Test': 18.227171963896332, 'SNN/Test': 0.5970103578032215, 'Frag/Test': 0.8962950409194941, 'Scaf/Test': 0.31716567433603005, 'FCD/TestSF': 19.04392425313077, 'SNN/TestSF': 0.5364828606028649, 'Frag/TestSF': 0.888975040518822, 'Scaf/TestSF': 0.03031481385215462, 'IntDiv': 0.8046378232802796, 'IntDiv2': 0.7917732414066667, 'Filters': 0.9778405806410174, 'logP': 0.3258710007425409, 'SA': 0.27284675843975775, 'QED': 0.032239792968183606, 'weight': 10.82018998481372, 'Novelty': 0.9333405010213955}
Epoch: 37:
	Train Loss: 0.434 --- Reconstruction Loss: 0.421 --- KL Loss: 13.305 --- Beta: 0.001000
	Validity: 0.52% --- Uniquene@1000: 0.92% --- Unique@10000: 0.66%

{'valid': 0.3652333333333333, 'unique@1000': 0.922, 'unique@10000': 0.7049, 'FCD/Test': 15.558868029018129, 'SNN/Test': 0.5695237363490178, 'Frag/Test': 0.885322022299464, 'Scaf/Test': 0.2364097918580511, 'FCD/TestSF': 16.237983283808894, 'SNN/TestSF': 0.5161242785544751, 'Frag/TestSF': 0.8770781989969164, 'Scaf/TestSF': 0.023210006956227658, 'IntDiv': 0.8200308705055254, 'IntDiv2': 0.8070692546990821, 'Filters': 0.983754677375194, 'logP': 0.3386060307799422, 'SA': 0.18839441374239205, 'QED': 0.041208421278911014, 'weight': 11.043366336503333, 'Novelty': 0.9550606220347918}
Epoch: 38:
	Train Loss: 0.430 --- Reconstruction Loss: 0.417 --- KL Loss: 13.270 --- Beta: 0.001000
	Validity: 0.37% --- Uniquene@1000: 0.92% --- Unique@10000: 0.70%

{'valid': 0.4668333333333333, 'unique@1000': 0.916, 'unique@10000': 0.7222, 'FCD/Test': 16.405650851411664, 'SNN/Test': 0.582422523292547, 'Frag/Test': 0.8821881810504214, 'Scaf/Test': 0.24193132043896348, 'FCD/TestSF': 16.949425645082073, 'SNN/TestSF': 0.5299284605352592, 'Frag/TestSF': 0.8739620652269072, 'Scaf/TestSF': 0.0294101294873097, 'IntDiv': 0.8137242312445802, 'IntDiv2': 0.8018668818979232, 'Filters': 0.9760085683684399, 'logP': 0.49815728720840236, 'SA': 0.23492165040523386, 'QED': 0.035679533309733814, 'weight': 8.561659871833385, 'Novelty': 0.9440067233953147}
Epoch: 39:
	Train Loss: 0.426 --- Reconstruction Loss: 0.413 --- KL Loss: 13.239 --- Beta: 0.001000
	Validity: 0.47% --- Uniquene@1000: 0.92% --- Unique@10000: 0.72%

{'valid': 0.4654666666666667, 'unique@1000': 0.955, 'unique@10000': 0.7437, 'FCD/Test': 16.32627365797167, 'SNN/Test': 0.578373755352634, 'Frag/Test': 0.8983076936108585, 'Scaf/Test': 0.323909185707969, 'FCD/TestSF': 17.05050336940395, 'SNN/TestSF': 0.524416873830714, 'Frag/TestSF': 0.8893327857224038, 'Scaf/TestSF': 0.040899064486191405, 'IntDiv': 0.8140446603160115, 'IntDiv2': 0.8023039791183051, 'Filters': 0.9751503867086795, 'logP': 0.28190892337077816, 'SA': 0.20718433056619973, 'QED': 0.052102763207966765, 'weight': 8.598217523227525, 'Novelty': 0.9458936213572448}
Epoch: 40:
	Train Loss: 0.421 --- Reconstruction Loss: 0.408 --- KL Loss: 13.158 --- Beta: 0.001000
	Validity: 0.47% --- Uniquene@1000: 0.95% --- Unique@10000: 0.74%

{'valid': 0.4356333333333333, 'unique@1000': 0.921, 'unique@10000': 0.7147, 'FCD/Test': 16.055069603320902, 'SNN/Test': 0.5746336326074907, 'Frag/Test': 0.9372529891465187, 'Scaf/Test': 0.378329054972244, 'FCD/TestSF': 17.081295634055166, 'SNN/TestSF': 0.5053133477403208, 'Frag/TestSF': 0.9279323075056316, 'Scaf/TestSF': 0.02349536621837689, 'IntDiv': 0.8150583881002798, 'IntDiv2': 0.8043776480840741, 'Filters': 0.9775040171397965, 'logP': 0.34955372903060966, 'SA': 0.16847772508901238, 'QED': 0.02954959980276377, 'weight': 14.656107174272204, 'Novelty': 0.9449849043944984}
Epoch: 41:
	Train Loss: 0.402 --- Reconstruction Loss: 0.399 --- KL Loss: 27.409 --- Beta: 0.000100
	Validity: 0.44% --- Uniquene@1000: 0.92% --- Unique@10000: 0.71%

{'valid': 0.49960000000000004, 'unique@1000': 0.906, 'unique@10000': 0.6847, 'FCD/Test': 15.604731246560284, 'SNN/Test': 0.5843599776776912, 'Frag/Test': 0.9428487084938195, 'Scaf/Test': 0.29749346879579686, 'FCD/TestSF': 16.26495242719737, 'SNN/TestSF': 0.5292306605816953, 'Frag/TestSF': 0.9361219842932088, 'Scaf/TestSF': 0.050350680212122745, 'IntDiv': 0.8136366650232958, 'IntDiv2': 0.8027395789817569, 'Filters': 0.9671070189484922, 'logP': 0.2709918714086643, 'SA': 0.21292994696382742, 'QED': 0.026269975237590393, 'weight': 19.397203497852892, 'Novelty': 0.9333122296085259}
Epoch: 42:
	Train Loss: 0.400 --- Reconstruction Loss: 0.394 --- KL Loss: 24.861 --- Beta: 0.000235
	Validity: 0.50% --- Uniquene@1000: 0.91% --- Unique@10000: 0.68%

/home/80027464/graphvae/metrics.py:527: UserWarning: Can't compute unique@10000.gen contains only 9708 molecules
  warnings.warn(
{'valid': 0.3236, 'unique@1000': 0.888, 'unique@10000': 0.669241862381541, 'FCD/Test': 16.37989761277906, 'SNN/Test': 0.5712639818809924, 'Frag/Test': 0.9142523982746623, 'Scaf/Test': 0.25152295121219126, 'FCD/TestSF': 17.229585199066733, 'SNN/TestSF': 0.5224459606925426, 'Frag/TestSF': 0.9069006374043165, 'Scaf/TestSF': 0.026137499335772807, 'IntDiv': 0.8135290424362132, 'IntDiv2': 0.8008647593119892, 'Filters': 0.9701277297074578, 'logP': 0.19041059448337366, 'SA': 0.14472564719605976, 'QED': 0.01859910479924355, 'weight': 21.698323720543158, 'Novelty': 0.9395105433276897}
Epoch: 43:
	Train Loss: 0.399 --- Reconstruction Loss: 0.391 --- KL Loss: 21.665 --- Beta: 0.000370
	Validity: 0.32% --- Uniquene@1000: 0.89% --- Unique@10000: 0.67%

/home/80027464/graphvae/metrics.py:527: UserWarning: Can't compute unique@10000.gen contains only 9209 molecules
  warnings.warn(
{'valid': 0.3069666666666667, 'unique@1000': 0.946, 'unique@10000': 0.7619719839287653, 'FCD/Test': 15.113400889326009, 'SNN/Test': 0.5536751221229903, 'Frag/Test': 0.914414078689311, 'Scaf/Test': 0.23116125406374222, 'FCD/TestSF': 15.905124297632966, 'SNN/TestSF': 0.4978129406979346, 'Frag/TestSF': 0.9080472816188089, 'Scaf/TestSF': 0.02572507209054109, 'IntDiv': 0.8291602906070453, 'IntDiv2': 0.8186174398465802, 'Filters': 0.9528721902486698, 'logP': 0.3146312380630067, 'SA': 0.09198965101591108, 'QED': 0.023354551463038446, 'weight': 16.29023656266759, 'Novelty': 0.9421405158899815}
Epoch: 44:
	Train Loss: 0.396 --- Reconstruction Loss: 0.387 --- KL Loss: 19.089 --- Beta: 0.000505
	Validity: 0.31% --- Uniquene@1000: 0.95% --- Unique@10000: 0.76%

{'valid': 0.36973333333333336, 'unique@1000': 0.949, 'unique@10000': 0.7755, 'FCD/Test': 14.209994305907848, 'SNN/Test': 0.5479628796283836, 'Frag/Test': 0.8928203047346515, 'Scaf/Test': 0.20122749343714397, 'FCD/TestSF': 14.925675501219317, 'SNN/TestSF': 0.4994838024777408, 'Frag/TestSF': 0.8867536446531973, 'Scaf/TestSF': 0.029283394277257346, 'IntDiv': 0.8351358990467584, 'IntDiv2': 0.8242616767809001, 'Filters': 0.966552470248828, 'logP': 0.38803352073375674, 'SA': 0.08286507779370164, 'QED': 0.025208506791246033, 'weight': 18.069714401513565, 'Novelty': 0.9497824297306833}
Epoch: 45:
	Train Loss: 0.395 --- Reconstruction Loss: 0.384 --- KL Loss: 17.124 --- Beta: 0.000640
	Validity: 0.37% --- Uniquene@1000: 0.95% --- Unique@10000: 0.78%

{'valid': 0.5533, 'unique@1000': 0.97, 'unique@10000': 0.8269, 'FCD/Test': 13.858973502558328, 'SNN/Test': 0.568068979241466, 'Frag/Test': 0.910371846584885, 'Scaf/Test': 0.3228832063360241, 'FCD/TestSF': 14.695252360812198, 'SNN/TestSF': 0.516897400786693, 'Frag/TestSF': 0.9025197662499627, 'Scaf/TestSF': 0.051073857831197, 'IntDiv': 0.82639675865935, 'IntDiv2': 0.8163209024760916, 'Filters': 0.9663835170793421, 'logP': 0.1834460723030009, 'SA': 0.1426484817060848, 'QED': 0.0203569934692551, 'weight': 17.75119103124005, 'Novelty': 0.935349567949725}
Epoch: 46:
	Train Loss: 0.393 --- Reconstruction Loss: 0.381 --- KL Loss: 15.650 --- Beta: 0.000775
	Validity: 0.55% --- Uniquene@1000: 0.97% --- Unique@10000: 0.83%

/home/80027464/graphvae/metrics.py:527: UserWarning: Can't compute unique@10000.gen contains only 7155 molecules
  warnings.warn(
{'valid': 0.23850000000000005, 'unique@1000': 0.951, 'unique@10000': 0.817330538085255, 'FCD/Test': 14.04019632713424, 'SNN/Test': 0.5342173654036785, 'Frag/Test': 0.8770565660404811, 'Scaf/Test': 0.2211347834509878, 'FCD/TestSF': 14.48213401564226, 'SNN/TestSF': 0.49025065340336016, 'Frag/TestSF': 0.8729654362678271, 'Scaf/TestSF': 0.03045232021195332, 'IntDiv': 0.8437348170267605, 'IntDiv2': 0.8319854164299224, 'Filters': 0.9586303284416492, 'logP': 0.22470299669759597, 'SA': 0.045749820453682415, 'QED': 0.029238550623579645, 'weight': 17.951327789136265, 'Novelty': 0.9589603283173734}
Epoch: 47:
	Train Loss: 0.391 --- Reconstruction Loss: 0.377 --- KL Loss: 14.469 --- Beta: 0.000910
	Validity: 0.24% --- Uniquene@1000: 0.95% --- Unique@10000: 0.82%

{'valid': 0.36816666666666664, 'unique@1000': 0.972, 'unique@10000': 0.8634, 'FCD/Test': 14.36599549670418, 'SNN/Test': 0.5305121346910165, 'Frag/Test': 0.8607984498407294, 'Scaf/Test': 0.1706433056285862, 'FCD/TestSF': 15.038903760979224, 'SNN/TestSF': 0.48279359953713236, 'Frag/TestSF': 0.8536544822068795, 'Scaf/TestSF': 0.02806533199866379, 'IntDiv': 0.8373571679961921, 'IntDiv2': 0.8268510135962084, 'Filters': 0.9459483929379809, 'logP': 0.20796800684987635, 'SA': 0.017390022496512527, 'QED': 0.05877170147336184, 'weight': 14.674831914071422, 'Novelty': 0.9614447622073933}
Epoch: 48:
	Train Loss: 0.388 --- Reconstruction Loss: 0.374 --- KL Loss: 13.752 --- Beta: 0.001000
	Validity: 0.37% --- Uniquene@1000: 0.97% --- Unique@10000: 0.86%

{'valid': 0.3372666666666667, 'unique@1000': 0.961, 'unique@10000': 0.8422, 'FCD/Test': 14.414117213631123, 'SNN/Test': 0.5306180329040874, 'Frag/Test': 0.8651748483645025, 'Scaf/Test': 0.1764681557492983, 'FCD/TestSF': 14.963938918653504, 'SNN/TestSF': 0.4923667690486016, 'Frag/TestSF': 0.861149788178931, 'Scaf/TestSF': 0.025300273785202165, 'IntDiv': 0.843830928313066, 'IntDiv2': 0.8329667222774347, 'Filters': 0.9506819529551295, 'logP': 0.20084391113673816, 'SA': 0.02714491228229346, 'QED': 0.025034848463829598, 'weight': 21.75905862266022, 'Novelty': 0.9532314923619272}
Epoch: 49:
	Train Loss: 0.385 --- Reconstruction Loss: 0.371 --- KL Loss: 13.574 --- Beta: 0.001000
	Validity: 0.34% --- Uniquene@1000: 0.96% --- Unique@10000: 0.84%

/home/80027464/graphvae/metrics.py:527: UserWarning: Can't compute unique@10000.gen contains only 8331 molecules
  warnings.warn(
{'valid': 0.27769999999999995, 'unique@1000': 0.949, 'unique@10000': 0.7923418557196015, 'FCD/Test': 14.125713522205189, 'SNN/Test': 0.5537034720611692, 'Frag/Test': 0.9105561021798761, 'Scaf/Test': 0.18575690636016817, 'FCD/TestSF': 14.567919308836494, 'SNN/TestSF': 0.512217611405346, 'Frag/TestSF': 0.9053598498765248, 'Scaf/TestSF': 0.02688897628195064, 'IntDiv': 0.8365874489958235, 'IntDiv2': 0.824444741480839, 'Filters': 0.9561877325651182, 'logP': 0.11196688267485506, 'SA': 0.07691770616336299, 'QED': 0.013907275062847403, 'weight': 24.304321723481745, 'Novelty': 0.9427359490986215}
Epoch: 50:
	Train Loss: 0.381 --- Reconstruction Loss: 0.367 --- KL Loss: 13.558 --- Beta: 0.001000
	Validity: 0.28% --- Uniquene@1000: 0.95% --- Unique@10000: 0.79%

{'valid': 0.4362666666666667, 'unique@1000': 0.985, 'unique@10000': 0.8652, 'FCD/Test': 14.078457946626997, 'SNN/Test': 0.535694255658669, 'Frag/Test': 0.8797778673111716, 'Scaf/Test': 0.26301558656530133, 'FCD/TestSF': 14.428925832391897, 'SNN/TestSF': 0.49724054052710787, 'Frag/TestSF': 0.8750575694234085, 'Scaf/TestSF': 0.04671197426569307, 'IntDiv': 0.8462432412897783, 'IntDiv2': 0.835428978524032, 'Filters': 0.9441473105134475, 'logP': 0.21841411820058682, 'SA': 0.020846831138855222, 'QED': 0.017223664185425393, 'weight': 17.275283981135097, 'Novelty': 0.9536861148801448}
Epoch: 51:
	Train Loss: 0.378 --- Reconstruction Loss: 0.364 --- KL Loss: 13.547 --- Beta: 0.001000
	Validity: 0.44% --- Uniquene@1000: 0.98% --- Unique@10000: 0.87%

{'valid': 0.3754333333333333, 'unique@1000': 0.975, 'unique@10000': 0.8664, 'FCD/Test': 13.552421478449354, 'SNN/Test': 0.5339482488825257, 'Frag/Test': 0.880348931158447, 'Scaf/Test': 0.18971305022345564, 'FCD/TestSF': 14.09827535007102, 'SNN/TestSF': 0.49494747495758146, 'Frag/TestSF': 0.873243217516338, 'Scaf/TestSF': 0.026494464093621217, 'IntDiv': 0.8387525606943109, 'IntDiv2': 0.8280190162390166, 'Filters': 0.9533871970167807, 'logP': 0.13081811412175118, 'SA': 0.02797481867207688, 'QED': 0.04265340595529132, 'weight': 17.957207997310274, 'Novelty': 0.9582945255096761}
Epoch: 52:
	Train Loss: 0.375 --- Reconstruction Loss: 0.361 --- KL Loss: 13.591 --- Beta: 0.001000
	Validity: 0.38% --- Uniquene@1000: 0.97% --- Unique@10000: 0.87%

{'valid': 0.3957333333333334, 'unique@1000': 0.978, 'unique@10000': 0.8505, 'FCD/Test': 14.005613302781377, 'SNN/Test': 0.5437061011846456, 'Frag/Test': 0.8597520683140646, 'Scaf/Test': 0.2433346106810499, 'FCD/TestSF': 14.420924208029604, 'SNN/TestSF': 0.5021490976277166, 'Frag/TestSF': 0.8542176165899509, 'Scaf/TestSF': 0.06116230492921193, 'IntDiv': 0.8404939574967956, 'IntDiv2': 0.829738456942237, 'Filters': 0.9518194070080862, 'logP': 0.11017627728482104, 'SA': 0.02733424968308983, 'QED': 0.029589926688557876, 'weight': 19.61763594675642, 'Novelty': 0.948906580671168}
Epoch: 53:
	Train Loss: 0.372 --- Reconstruction Loss: 0.358 --- KL Loss: 13.528 --- Beta: 0.001000
	Validity: 0.40% --- Uniquene@1000: 0.98% --- Unique@10000: 0.85%

{'valid': 0.5183333333333333, 'unique@1000': 0.978, 'unique@10000': 0.8659, 'FCD/Test': 12.584222507754603, 'SNN/Test': 0.5463923839098771, 'Frag/Test': 0.9261790248438879, 'Scaf/Test': 0.24955080969736154, 'FCD/TestSF': 13.074833612300665, 'SNN/TestSF': 0.5034319337924577, 'Frag/TestSF': 0.9199674306175681, 'Scaf/TestSF': 0.05672552266832709, 'IntDiv': 0.8401865574444173, 'IntDiv2': 0.8303701525722255, 'Filters': 0.9507395498392283, 'logP': 0.1405582146903377, 'SA': 0.034703793566551656, 'QED': 0.013138620925441597, 'weight': 27.95494054855045, 'Novelty': 0.9461526455439363}
Epoch: 54:
	Train Loss: 0.353 --- Reconstruction Loss: 0.351 --- KL Loss: 26.599 --- Beta: 0.000100
	Validity: 0.52% --- Uniquene@1000: 0.98% --- Unique@10000: 0.87%

/home/80027464/graphvae/metrics.py:527: UserWarning: Can't compute unique@10000.gen contains only 9121 molecules
  warnings.warn(
{'valid': 0.3040333333333334, 'unique@1000': 0.971, 'unique@10000': 0.8130687424624493, 'FCD/Test': 14.41633648522943, 'SNN/Test': 0.5455671200583266, 'Frag/Test': 0.9208002940944147, 'Scaf/Test': 0.23130384548752203, 'FCD/TestSF': 15.080675083485247, 'SNN/TestSF': 0.4942029288575493, 'Frag/TestSF': 0.9150239450601932, 'Scaf/TestSF': 0.03432788485717342, 'IntDiv': 0.8392015408541135, 'IntDiv2': 0.8283145261833542, 'Filters': 0.9496765705514746, 'logP': 0.14895509472451532, 'SA': 0.05107096002078824, 'QED': 0.01355730065877744, 'weight': 30.216729214318068, 'Novelty': 0.9354099244875944}
Epoch: 55:
	Train Loss: 0.353 --- Reconstruction Loss: 0.347 --- KL Loss: 24.620 --- Beta: 0.000235
	Validity: 0.30% --- Uniquene@1000: 0.97% --- Unique@10000: 0.81%

{'valid': 0.40880000000000005, 'unique@1000': 0.966, 'unique@10000': 0.8331, 'FCD/Test': 14.051637708355123, 'SNN/Test': 0.5418821035289563, 'Frag/Test': 0.8978881328020203, 'Scaf/Test': 0.22509820137972358, 'FCD/TestSF': 14.352661728629627, 'SNN/TestSF': 0.5035224404351255, 'Frag/TestSF': 0.8957078777816229, 'Scaf/TestSF': 0.04082643549506837, 'IntDiv': 0.8441246261882422, 'IntDiv2': 0.8334070359330259, 'Filters': 0.9417808219178082, 'logP': 0.2236820217431819, 'SA': 0.028870876155875174, 'QED': 0.016735847702019028, 'weight': 23.520600226114148, 'Novelty': 0.9379759519038077}
Epoch: 56:
	Train Loss: 0.352 --- Reconstruction Loss: 0.344 --- KL Loss: 21.555 --- Beta: 0.000370
	Validity: 0.41% --- Uniquene@1000: 0.97% --- Unique@10000: 0.83%

{'valid': 0.43223333333333336, 'unique@1000': 0.959, 'unique@10000': 0.8346, 'FCD/Test': 13.447180809739685, 'SNN/Test': 0.54933186737286, 'Frag/Test': 0.9152641678418872, 'Scaf/Test': 0.22688099716554355, 'FCD/TestSF': 14.05756950785225, 'SNN/TestSF': 0.5010699036069978, 'Frag/TestSF': 0.9083932891473686, 'Scaf/TestSF': 0.0390675033077168, 'IntDiv': 0.8357890898305348, 'IntDiv2': 0.8251957010413024, 'Filters': 0.9639083828179225, 'logP': 0.17377857178649464, 'SA': 0.07363646650298779, 'QED': 0.014925005374525704, 'weight': 25.063110985406638, 'Novelty': 0.9381355126864962}
Epoch: 57:
	Train Loss: 0.351 --- Reconstruction Loss: 0.341 --- KL Loss: 19.191 --- Beta: 0.000505
	Validity: 0.43% --- Uniquene@1000: 0.96% --- Unique@10000: 0.83%

{'valid': 0.44689999999999996, 'unique@1000': 0.968, 'unique@10000': 0.8464, 'FCD/Test': 12.920011081812433, 'SNN/Test': 0.5541457503605024, 'Frag/Test': 0.9129633575429439, 'Scaf/Test': 0.2770823542859453, 'FCD/TestSF': 13.183639774710727, 'SNN/TestSF': 0.5165229437801496, 'Frag/TestSF': 0.9086395732146885, 'Scaf/TestSF': 0.044212745287599886, 'IntDiv': 0.8407010883264889, 'IntDiv2': 0.83025025410788, 'Filters': 0.9473409412993212, 'logP': 0.21026555459227506, 'SA': 0.0783099691715933, 'QED': 0.01503062619656347, 'weight': 22.605314056452453, 'Novelty': 0.9238883331817769}
Epoch: 58:
	Train Loss: 0.351 --- Reconstruction Loss: 0.339 --- KL Loss: 17.495 --- Beta: 0.000640
	Validity: 0.45% --- Uniquene@1000: 0.97% --- Unique@10000: 0.85%

{'valid': 0.4134333333333333, 'unique@1000': 0.987, 'unique@10000': 0.8688, 'FCD/Test': 13.59561525969184, 'SNN/Test': 0.5518706102150348, 'Frag/Test': 0.9181785285000027, 'Scaf/Test': 0.382769543886603, 'FCD/TestSF': 14.246868955384976, 'SNN/TestSF': 0.5028055850021457, 'Frag/TestSF': 0.9124199535552926, 'Scaf/TestSF': 0.05234757155271319, 'IntDiv': 0.8367198148054298, 'IntDiv2': 0.8262615116123999, 'Filters': 0.9599290494235265, 'logP': 0.2191878532799602, 'SA': 0.07334920082579716, 'QED': 0.015442268210690157, 'weight': 21.929075609373342, 'Novelty': 0.9279893879097972}
Epoch: 59:
	Train Loss: 0.350 --- Reconstruction Loss: 0.337 --- KL Loss: 15.978 --- Beta: 0.000775
	Validity: 0.41% --- Uniquene@1000: 0.99% --- Unique@10000: 0.87%

/home/80027464/graphvae/metrics.py:527: UserWarning: Can't compute unique@10000.gen contains only 9519 molecules
  warnings.warn(
{'valid': 0.3173, 'unique@1000': 0.984, 'unique@10000': 0.8886437651013762, 'FCD/Test': 13.112692844850585, 'SNN/Test': 0.5369020609363361, 'Frag/Test': 0.9256808133692633, 'Scaf/Test': 0.4062723753554054, 'FCD/TestSF': 13.831862532059404, 'SNN/TestSF': 0.48985463234447535, 'Frag/TestSF': 0.9191929167634174, 'Scaf/TestSF': 0.05143516998333808, 'IntDiv': 0.8450743776490112, 'IntDiv2': 0.8342487356367438, 'Filters': 0.9498896942956193, 'logP': 0.1013433743067384, 'SA': 0.04587113036166188, 'QED': 0.018320515928551995, 'weight': 21.472135508693686, 'Novelty': 0.9419553138668874}
Epoch: 60:
	Train Loss: 0.349 --- Reconstruction Loss: 0.336 --- KL Loss: 14.933 --- Beta: 0.000910
	Validity: 0.32% --- Uniquene@1000: 0.98% --- Unique@10000: 0.89%

{'valid': 0.5620666666666667, 'unique@1000': 0.984, 'unique@10000': 0.8974, 'FCD/Test': 13.653739229603367, 'SNN/Test': 0.5464649794744987, 'Frag/Test': 0.912206274535374, 'Scaf/Test': 0.2780776658623245, 'FCD/TestSF': 14.065218502972385, 'SNN/TestSF': 0.5023582287723943, 'Frag/TestSF': 0.9067741308722298, 'Scaf/TestSF': 0.05001105663587857, 'IntDiv': 0.8381083746498204, 'IntDiv2': 0.8284435952101585, 'Filters': 0.9573004388566007, 'logP': 0.159823853631614, 'SA': 0.05092036346114787, 'QED': 0.019083773408868496, 'weight': 19.60252402596167, 'Novelty': 0.9402995375802333}
Epoch: 61:
	Train Loss: 0.348 --- Reconstruction Loss: 0.334 --- KL Loss: 14.114 --- Beta: 0.001000
	Validity: 0.56% --- Uniquene@1000: 0.98% --- Unique@10000: 0.90%

{'valid': 0.47650000000000003, 'unique@1000': 0.984, 'unique@10000': 0.9099, 'FCD/Test': 13.17280752766456, 'SNN/Test': 0.5259002241806034, 'Frag/Test': 0.8829926769990918, 'Scaf/Test': 0.2847988548763891, 'FCD/TestSF': 13.527568638200876, 'SNN/TestSF': 0.48292531605970196, 'Frag/TestSF': 0.8781345258727332, 'Scaf/TestSF': 0.06379414719575027, 'IntDiv': 0.8494955046086199, 'IntDiv2': 0.8398497153338389, 'Filters': 0.9497726477789437, 'logP': 0.13462033309101099, 'SA': 0.04694982145959699, 'QED': 0.017628296886593647, 'weight': 17.220732797595627, 'Novelty': 0.9452454108563775}
Epoch: 62:
	Train Loss: 0.345 --- Reconstruction Loss: 0.331 --- KL Loss: 13.995 --- Beta: 0.001000
	Validity: 0.48% --- Uniquene@1000: 0.98% --- Unique@10000: 0.91%

{'valid': 0.4663666666666667, 'unique@1000': 0.985, 'unique@10000': 0.9202, 'FCD/Test': 13.347898270873102, 'SNN/Test': 0.525029477682842, 'Frag/Test': 0.8808524266647909, 'Scaf/Test': 0.2434268729236797, 'FCD/TestSF': 13.961447386093496, 'SNN/TestSF': 0.4839706937726218, 'Frag/TestSF': 0.875805665378532, 'Scaf/TestSF': 0.06112667860618326, 'IntDiv': 0.8449977797470583, 'IntDiv2': 0.83524024297973, 'Filters': 0.9552569508970052, 'logP': 0.18475328188758533, 'SA': 0.02237372722303732, 'QED': 0.026486441785659908, 'weight': 14.019376330158938, 'Novelty': 0.9550063371356147}
Epoch: 63:
	Train Loss: 0.343 --- Reconstruction Loss: 0.329 --- KL Loss: 13.973 --- Beta: 0.001000
	Validity: 0.47% --- Uniquene@1000: 0.98% --- Unique@10000: 0.92%

{'valid': 0.42223333333333335, 'unique@1000': 0.981, 'unique@10000': 0.8948, 'FCD/Test': 13.85414276608337, 'SNN/Test': 0.5368525620273175, 'Frag/Test': 0.8824960800460534, 'Scaf/Test': 0.29681201650718103, 'FCD/TestSF': 14.243340196755994, 'SNN/TestSF': 0.49646515887002124, 'Frag/TestSF': 0.8796810023610283, 'Scaf/TestSF': 0.05590450332218477, 'IntDiv': 0.8486628509315801, 'IntDiv2': 0.8385136926281093, 'Filters': 0.9557116917975843, 'logP': 0.21384643972201617, 'SA': 0.02611314523496996, 'QED': 0.013590541027600381, 'weight': 22.539358593047787, 'Novelty': 0.9426900584795321}
Epoch: 64:
	Train Loss: 0.341 --- Reconstruction Loss: 0.327 --- KL Loss: 13.844 --- Beta: 0.001000
	Validity: 0.42% --- Uniquene@1000: 0.98% --- Unique@10000: 0.89%

{'valid': 0.4388666666666666, 'unique@1000': 0.988, 'unique@10000': 0.9024, 'FCD/Test': 13.041900891095509, 'SNN/Test': 0.5345757643110879, 'Frag/Test': 0.9070983644903461, 'Scaf/Test': 0.3144272355866593, 'FCD/TestSF': 13.4256293219308, 'SNN/TestSF': 0.4911690982536543, 'Frag/TestSF': 0.9022975505998658, 'Scaf/TestSF': 0.03483176600013471, 'IntDiv': 0.848750462985236, 'IntDiv2': 0.8387525400474414, 'Filters': 0.9586054990126083, 'logP': 0.19841993959119714, 'SA': 0.03011184075695731, 'QED': 0.01741866315447204, 'weight': 17.002386251313467, 'Novelty': 0.9404076016854416}
Epoch: 65:
	Train Loss: 0.339 --- Reconstruction Loss: 0.325 --- KL Loss: 13.820 --- Beta: 0.001000
	Validity: 0.44% --- Uniquene@1000: 0.99% --- Unique@10000: 0.90%

{'valid': 0.5039, 'unique@1000': 0.99, 'unique@10000': 0.928, 'FCD/Test': 12.852272433148194, 'SNN/Test': 0.5328718743010347, 'Frag/Test': 0.9011022110621154, 'Scaf/Test': 0.3626945475301462, 'FCD/TestSF': 13.648134912104986, 'SNN/TestSF': 0.4828944470628178, 'Frag/TestSF': 0.8950473724623128, 'Scaf/TestSF': 0.04302497898081448, 'IntDiv': 0.8460360132994136, 'IntDiv2': 0.8364279605775918, 'Filters': 0.9577297082754515, 'logP': 0.1835472196425755, 'SA': 0.026409542080476106, 'QED': 0.013335121459994529, 'weight': 18.522587430139854, 'Novelty': 0.9474879156291197}
Epoch: 66:
	Train Loss: 0.336 --- Reconstruction Loss: 0.322 --- KL Loss: 13.821 --- Beta: 0.001000
	Validity: 0.50% --- Uniquene@1000: 0.99% --- Unique@10000: 0.93%

{'valid': 0.5514333333333333, 'unique@1000': 0.983, 'unique@10000': 0.9068, 'FCD/Test': 13.574383293970143, 'SNN/Test': 0.5314823100127729, 'Frag/Test': 0.9048800986973704, 'Scaf/Test': 0.30311605478437054, 'FCD/TestSF': 14.01296793444228, 'SNN/TestSF': 0.486080842698052, 'Frag/TestSF': 0.9002369699207954, 'Scaf/TestSF': 0.05697041204966835, 'IntDiv': 0.8526241012708695, 'IntDiv2': 0.8427535823039305, 'Filters': 0.9608293538052348, 'logP': 0.2716055733559128, 'SA': 0.022314669500240452, 'QED': 0.015112168925600241, 'weight': 23.40420312808986, 'Novelty': 0.941291040623261}
Epoch: 67:
	Train Loss: 0.319 --- Reconstruction Loss: 0.317 --- KL Loss: 25.963 --- Beta: 0.000100
	Validity: 0.55% --- Uniquene@1000: 0.98% --- Unique@10000: 0.91%

{'valid': 0.4787, 'unique@1000': 0.981, 'unique@10000': 0.8691, 'FCD/Test': 13.761421025989023, 'SNN/Test': 0.5437021261708467, 'Frag/Test': 0.9307552875149065, 'Scaf/Test': 0.25742504601599625, 'FCD/TestSF': 14.145701916353623, 'SNN/TestSF': 0.4967106023359644, 'Frag/TestSF': 0.9241019406085814, 'Scaf/TestSF': 0.0442864461894551, 'IntDiv': 0.8421599690163593, 'IntDiv2': 0.8318791232131273, 'Filters': 0.9522317387368567, 'logP': 0.18384211962535624, 'SA': 0.027057125251678443, 'QED': 0.01892810575571854, 'weight': 21.002256820448608, 'Novelty': 0.9366920782234007}
Epoch: 68:
	Train Loss: 0.320 --- Reconstruction Loss: 0.314 --- KL Loss: 23.816 --- Beta: 0.000235
	Validity: 0.48% --- Uniquene@1000: 0.98% --- Unique@10000: 0.87%

{'valid': 0.5616333333333333, 'unique@1000': 0.982, 'unique@10000': 0.9002, 'FCD/Test': 13.39848711120979, 'SNN/Test': 0.5317753922713603, 'Frag/Test': 0.9012093847961419, 'Scaf/Test': 0.26409963590254026, 'FCD/TestSF': 13.880180439383864, 'SNN/TestSF': 0.4872991850501147, 'Frag/TestSF': 0.8942327675382609, 'Scaf/TestSF': 0.044842699540863507, 'IntDiv': 0.8474796432638979, 'IntDiv2': 0.8376795288977136, 'Filters': 0.9592260668288919, 'logP': 0.10457730141806786, 'SA': 0.04004399617197947, 'QED': 0.02205065194247279, 'weight': 23.34417072572449, 'Novelty': 0.9446553032916983}
Epoch: 69:
	Train Loss: 0.320 --- Reconstruction Loss: 0.313 --- KL Loss: 20.938 --- Beta: 0.000370
	Validity: 0.56% --- Uniquene@1000: 0.98% --- Unique@10000: 0.90%

{'valid': 0.4150666666666667, 'unique@1000': 0.992, 'unique@10000': 0.9359, 'FCD/Test': 12.748377643333825, 'SNN/Test': 0.526549605308642, 'Frag/Test': 0.9281281149775984, 'Scaf/Test': 0.31079550329546524, 'FCD/TestSF': 13.417968596404194, 'SNN/TestSF': 0.4800419040464662, 'Frag/TestSF': 0.921198681652756, 'Scaf/TestSF': 0.05090163461508268, 'IntDiv': 0.8518173491954402, 'IntDiv2': 0.8422741635850893, 'Filters': 0.957757789913267, 'logP': 0.1381068826973636, 'SA': 0.036730238614781405, 'QED': 0.014400399855158385, 'weight': 25.12831437560655, 'Novelty': 0.9424986931521171}
Epoch: 70:
	Train Loss: 0.322 --- Reconstruction Loss: 0.312 --- KL Loss: 18.873 --- Beta: 0.000505
	Validity: 0.42% --- Uniquene@1000: 0.99% --- Unique@10000: 0.94%

{'valid': 0.4474, 'unique@1000': 0.983, 'unique@10000': 0.9129, 'FCD/Test': 12.297735024039454, 'SNN/Test': 0.5344301945944956, 'Frag/Test': 0.8996818961035201, 'Scaf/Test': 0.29740412569574337, 'FCD/TestSF': 12.720117698392272, 'SNN/TestSF': 0.4924549563693371, 'Frag/TestSF': 0.8947684426796226, 'Scaf/TestSF': 0.04500403999779423, 'IntDiv': 0.853247830402563, 'IntDiv2': 0.8434201803127981, 'Filters': 0.9622261957979437, 'logP': 0.10141188790655714, 'SA': 0.0213618884118595, 'QED': 0.01275099655130378, 'weight': 26.523953542846304, 'Novelty': 0.943665498247371}
Epoch: 71:
	Train Loss: 0.322 --- Reconstruction Loss: 0.311 --- KL Loss: 17.318 --- Beta: 0.000640
	Validity: 0.45% --- Uniquene@1000: 0.98% --- Unique@10000: 0.91%

{'valid': 0.4113, 'unique@1000': 0.99, 'unique@10000': 0.9078, 'FCD/Test': 12.952671754243319, 'SNN/Test': 0.5304862347805324, 'Frag/Test': 0.9131191498530635, 'Scaf/Test': 0.2903671711366741, 'FCD/TestSF': 13.363408609315286, 'SNN/TestSF': 0.4877713192599994, 'Frag/TestSF': 0.909194220708196, 'Scaf/TestSF': 0.04183715047221814, 'IntDiv': 0.8506395590919004, 'IntDiv2': 0.8407611885802331, 'Filters': 0.9551017100251236, 'logP': 0.22118204361680824, 'SA': 0.013952399420737317, 'QED': 0.014555644116770003, 'weight': 19.568301787095283, 'Novelty': 0.9434951631859687}
Epoch: 72:
	Train Loss: 0.322 --- Reconstruction Loss: 0.310 --- KL Loss: 16.040 --- Beta: 0.000775
	Validity: 0.41% --- Uniquene@1000: 0.99% --- Unique@10000: 0.91%

{'valid': 0.3806333333333334, 'unique@1000': 0.989, 'unique@10000': 0.9277, 'FCD/Test': 13.213757979372218, 'SNN/Test': 0.5179598043932996, 'Frag/Test': 0.9046485823878079, 'Scaf/Test': 0.2787922959432596, 'FCD/TestSF': 13.647463299793799, 'SNN/TestSF': 0.4731493953301262, 'Frag/TestSF': 0.9003737430241492, 'Scaf/TestSF': 0.04781826719454563, 'IntDiv': 0.8553681240311979, 'IntDiv2': 0.845480487934404, 'Filters': 0.9584026622296173, 'logP': 0.22122367234487414, 'SA': 0.05151597526440534, 'QED': 0.013923997886905286, 'weight': 21.254227700215555, 'Novelty': 0.9553146986119034}
Epoch: 73:
	Train Loss: 0.323 --- Reconstruction Loss: 0.309 --- KL Loss: 14.897 --- Beta: 0.000910
	Validity: 0.38% --- Uniquene@1000: 0.99% --- Unique@10000: 0.93%

{'valid': 0.48793333333333333, 'unique@1000': 0.993, 'unique@10000': 0.9422, 'FCD/Test': 11.969465469782008, 'SNN/Test': 0.5242470834775284, 'Frag/Test': 0.9028854749282665, 'Scaf/Test': 0.29702274384630634, 'FCD/TestSF': 12.400697579422527, 'SNN/TestSF': 0.4857091638655965, 'Frag/TestSF': 0.8983221750588724, 'Scaf/TestSF': 0.05219280540858884, 'IntDiv': 0.8552863381451217, 'IntDiv2': 0.8458887495859467, 'Filters': 0.9594890012296762, 'logP': 0.11149056166080126, 'SA': 0.03568756298979474, 'QED': 0.013775076079229513, 'weight': 23.874952826447604, 'Novelty': 0.9498476855635634}
Epoch: 74:
	Train Loss: 0.322 --- Reconstruction Loss: 0.308 --- KL Loss: 14.266 --- Beta: 0.001000
	Validity: 0.49% --- Uniquene@1000: 0.99% --- Unique@10000: 0.94%

{'valid': 0.5651999999999999, 'unique@1000': 0.991, 'unique@10000': 0.9145, 'FCD/Test': 11.562682638849708, 'SNN/Test': 0.5500642271498432, 'Frag/Test': 0.9248360675518208, 'Scaf/Test': 0.3842311819077294, 'FCD/TestSF': 12.192905258303952, 'SNN/TestSF': 0.5052380730973842, 'Frag/TestSF': 0.9186691365661125, 'Scaf/TestSF': 0.062164316383710894, 'IntDiv': 0.8424174369367221, 'IntDiv2': 0.8328410706020576, 'Filters': 0.9693323897145553, 'logP': 0.11664596985006198, 'SA': 0.07970068358224444, 'QED': 0.01343083068352544, 'weight': 20.899273620357828, 'Novelty': 0.9286676545870942}
Epoch: 75:
	Train Loss: 0.320 --- Reconstruction Loss: 0.306 --- KL Loss: 14.033 --- Beta: 0.001000
	Validity: 0.57% --- Uniquene@1000: 0.99% --- Unique@10000: 0.91%

{'valid': 0.5363333333333333, 'unique@1000': 0.996, 'unique@10000': 0.9426, 'FCD/Test': 12.101198273349354, 'SNN/Test': 0.5285268814547822, 'Frag/Test': 0.9110223126263868, 'Scaf/Test': 0.3787949960604797, 'FCD/TestSF': 12.586129468353974, 'SNN/TestSF': 0.4876890233866616, 'Frag/TestSF': 0.9052284696554086, 'Scaf/TestSF': 0.04849284101598261, 'IntDiv': 0.8501826170231142, 'IntDiv2': 0.8408324840850814, 'Filters': 0.958980733374767, 'logP': 0.181051778125804, 'SA': 0.012066417060530143, 'QED': 0.013269747310602941, 'weight': 20.083212100409845, 'Novelty': 0.9508196721311475}
Epoch: 76:
	Train Loss: 0.319 --- Reconstruction Loss: 0.305 --- KL Loss: 13.987 --- Beta: 0.001000
	Validity: 0.54% --- Uniquene@1000: 1.00% --- Unique@10000: 0.94%

{'valid': 0.6370333333333333, 'unique@1000': 0.995, 'unique@10000': 0.9418, 'FCD/Test': 12.861004528442066, 'SNN/Test': 0.5297760881078493, 'Frag/Test': 0.9109805674299418, 'Scaf/Test': 0.4114571711307259, 'FCD/TestSF': 13.613977509620433, 'SNN/TestSF': 0.4841655459114436, 'Frag/TestSF': 0.9047175363499922, 'Scaf/TestSF': 0.07278760069069556, 'IntDiv': 0.8462150580487917, 'IntDiv2': 0.8370013841957368, 'Filters': 0.9555229972267281, 'logP': 0.10321934718506665, 'SA': 0.01878773584279957, 'QED': 0.020893095571738858, 'weight': 17.892917793086287, 'Novelty': 0.9489613901835549}
Epoch: 77:
	Train Loss: 0.317 --- Reconstruction Loss: 0.303 --- KL Loss: 13.933 --- Beta: 0.001000
	Validity: 0.64% --- Uniquene@1000: 0.99% --- Unique@10000: 0.94%

{'valid': 0.5089, 'unique@1000': 0.985, 'unique@10000': 0.9263, 'FCD/Test': 13.021527031570528, 'SNN/Test': 0.5307319520920146, 'Frag/Test': 0.9034180419711291, 'Scaf/Test': 0.356449992336059, 'FCD/TestSF': 13.453783591490456, 'SNN/TestSF': 0.49104538893718386, 'Frag/TestSF': 0.9008739729162228, 'Scaf/TestSF': 0.07095202574624404, 'IntDiv': 0.8546672065097789, 'IntDiv2': 0.8449365690013122, 'Filters': 0.9645640924870637, 'logP': 0.23414250145412133, 'SA': 0.019667269137111497, 'QED': 0.015801091587578614, 'weight': 20.47688974756852, 'Novelty': 0.938151848880461}
Epoch: 78:
	Train Loss: 0.316 --- Reconstruction Loss: 0.302 --- KL Loss: 13.915 --- Beta: 0.001000
	Validity: 0.51% --- Uniquene@1000: 0.98% --- Unique@10000: 0.93%

{'valid': 0.6293, 'unique@1000': 0.994, 'unique@10000': 0.9208, 'FCD/Test': 11.548741155907308, 'SNN/Test': 0.5487642582900393, 'Frag/Test': 0.9296175307008713, 'Scaf/Test': 0.3937888066919062, 'FCD/TestSF': 12.04004954956848, 'SNN/TestSF': 0.5042345995700387, 'Frag/TestSF': 0.924450151064034, 'Scaf/TestSF': 0.050977429514688755, 'IntDiv': 0.8470479372965773, 'IntDiv2': 0.8375679925549777, 'Filters': 0.9673711531331108, 'logP': 0.1274977378800747, 'SA': 0.048668871805736286, 'QED': 0.012814495949763732, 'weight': 23.05271999713516, 'Novelty': 0.9292600626657026}
Epoch: 79:
	Train Loss: 0.314 --- Reconstruction Loss: 0.300 --- KL Loss: 13.918 --- Beta: 0.001000
	Validity: 0.63% --- Uniquene@1000: 0.99% --- Unique@10000: 0.92%

{'valid': 0.5277666666666667, 'unique@1000': 0.984, 'unique@10000': 0.9197, 'FCD/Test': 12.625434626410012, 'SNN/Test': 0.544518885707807, 'Frag/Test': 0.9148728913500042, 'Scaf/Test': 0.38035869045920334, 'FCD/TestSF': 13.075987260579666, 'SNN/TestSF': 0.5023423598710205, 'Frag/TestSF': 0.9107095780626631, 'Scaf/TestSF': 0.05659885258690511, 'IntDiv': 0.8452550838060982, 'IntDiv2': 0.8356005627832861, 'Filters': 0.9549674729994315, 'logP': 0.327272417513841, 'SA': 0.035334929468923894, 'QED': 0.015160198851973767, 'weight': 14.945589180304399, 'Novelty': 0.9331677899964527}
Epoch: 80:
	Train Loss: 0.313 --- Reconstruction Loss: 0.299 --- KL Loss: 13.881 --- Beta: 0.001000
	Validity: 0.53% --- Uniquene@1000: 0.98% --- Unique@10000: 0.92%

