2024-02-15 07:57:56.835225: E external/local_xla/xla/stream_executor/cuda/cuda_dnn.cc:9261] Unable to register cuDNN factory: Attempting to register factory for plugin cuDNN when one has already been registered
2024-02-15 07:57:56.835281: E external/local_xla/xla/stream_executor/cuda/cuda_fft.cc:607] Unable to register cuFFT factory: Attempting to register factory for plugin cuFFT when one has already been registered
2024-02-15 07:57:56.836722: E external/local_xla/xla/stream_executor/cuda/cuda_blas.cc:1515] Unable to register cuBLAS factory: Attempting to register factory for plugin cuBLAS when one has already been registered
2024-02-15 07:57:56.842601: I tensorflow/core/platform/cpu_feature_guard.cc:182] This TensorFlow binary is optimized to use available CPU instructions in performance-critical operations.
To enable the following instructions: AVX2 FMA, in other operations, rebuild TensorFlow with the appropriate compiler flags.
2024-02-15 07:57:58.158047: W tensorflow/compiler/tf2tensorrt/utils/py_utils.cc:38] TF-TRT Warning: Could not find TensorRT

Arguments:
	data_path: data/moses_train.txt
	max_len: 30
	batch: 128
	d_model: 512
	d_latent: 256
	d_ff: 1024
	e_heads: 1
	d_heads: 8
	n_layers: 6
	dropout: 0.5
	lr: 0.0005
	n_epochs: 80
	kl_type: monotonic
	kl_w_start: 0.0001
	kl_w_end: 0.001
	kl_cycle: 4
	kl_ratio: 0.9
	save_name: klcompare

Number of data: 88192

SMILES Vocab:
	 {'<START>': 0, '<END>': 1, '<PAD>': 2, 'C': 3, 'O': 4, 'c': 5, '1': 6, '(': 7, '=': 8, ')': 9, 'N': 10, 'n': 11, '2': 12, 'F': 13, 'Cl': 14, 'Br': 15, '#': 16, '3': 17, 'S': 18, 'o': 19, '-': 20, 's': 21, '[nH]': 22, '4': 23}

Graph Vocab:
	 {'C': 0, 'O': 1, 'N': 2, 'F': 3, 'Cl': 4, 'Br': 5, 'S': 6}


KL Annealer: [0.0001, 0.00011125000000000001, 0.0001225, 0.00013375, 0.000145, 0.00015625, 0.0001675, 0.00017874999999999998, 0.00019, 0.00020124999999999999, 0.00021250000000000002, 0.00022375, 0.00023499999999999997, 0.00024625, 0.00025749999999999997, 0.00026875, 0.00028, 0.00029125, 0.0003025, 0.00031375, 0.000325, 0.00033624999999999996, 0.0003475, 0.00035874999999999997, 0.00036999999999999994, 0.00038124999999999997, 0.00039249999999999995, 0.00040375, 0.00041499999999999995, 0.00042625, 0.00043749999999999995, 0.00044875, 0.00045999999999999996, 0.00047124999999999993, 0.00048249999999999996, 0.0004937499999999999, 0.000505, 0.00051625, 0.0005275, 0.00053875, 0.00055, 0.00056125, 0.0005725, 0.00058375, 0.000595, 0.00060625, 0.0006175, 0.00062875, 0.0006399999999999999, 0.00065125, 0.0006625, 0.00067375, 0.000685, 0.00069625, 0.0007075, 0.00071875, 0.00073, 0.0007412499999999999, 0.0007525, 0.00076375, 0.000775, 0.00078625, 0.0007975, 0.00080875, 0.00082, 0.00083125, 0.0008424999999999999, 0.00085375, 0.000865, 0.00087625, 0.0008874999999999999, 0.00089875, 0.00091, 0.00092125, 0.0009325, 0.0009437499999999999, 0.000955, 0.00096625, 0.0009774999999999999, 0.0009887499999999998]




#########################################################################
######################### START TRAINING ################################
#########################################################################




{'valid': 0.6067, 'unique@1000': 0.832, 'unique@10000': 0.5043, 'FCD/Test': 22.386444748795796, 'SNN/Test': 0.5973123014513578, 'Frag/Test': 0.8535843007488794, 'Scaf/Test': 0.21945375995575, 'FCD/TestSF': 23.644976200570923, 'SNN/TestSF': 0.5053872851907968, 'Frag/TestSF': 0.8383947075698991, 'Scaf/TestSF': 0.03485352433115185, 'IntDiv': 0.7698916245863497, 'IntDiv2': 0.7551949737886934, 'Filters': 0.9693972858634141, 'logP': 0.17790764746488666, 'SA': 0.1979202541222529, 'QED': 0.08642939715884039, 'weight': 9.673002760289235, 'Novelty': 0.9391510053883559}
Epoch: 31:
	Train Loss: 0.451 --- Reconstruction Loss: 0.439 --- KL Loss: 27.368 --- Beta: 0.000437
	Validity: 0.61% --- Uniquene@1000: 0.83% --- Unique@10000: 0.50%

{'valid': 0.5362333333333333, 'unique@1000': 0.887, 'unique@10000': 0.5729, 'FCD/Test': 21.259735578091977, 'SNN/Test': 0.5928637922058395, 'Frag/Test': 0.8905233098907501, 'Scaf/Test': 0.19657076539741314, 'FCD/TestSF': 22.165163625373268, 'SNN/TestSF': 0.5163353671829066, 'Frag/TestSF': 0.8798363631970593, 'Scaf/TestSF': 0.04173295810353339, 'IntDiv': 0.7787275307233725, 'IntDiv2': 0.7659712706602385, 'Filters': 0.9862621992913533, 'logP': 0.28613997403427843, 'SA': 0.19046094434854244, 'QED': 0.0668502400642457, 'weight': 6.0597235761475545, 'Novelty': 0.9462056914628058}
Epoch: 32:
	Train Loss: 0.446 --- Reconstruction Loss: 0.434 --- KL Loss: 26.525 --- Beta: 0.000449
	Validity: 0.54% --- Uniquene@1000: 0.89% --- Unique@10000: 0.57%

{'valid': 0.5417666666666667, 'unique@1000': 0.888, 'unique@10000': 0.5961, 'FCD/Test': 20.341585556717952, 'SNN/Test': 0.5974889823999917, 'Frag/Test': 0.8813344683554345, 'Scaf/Test': 0.24406008173460292, 'FCD/TestSF': 21.503393977684247, 'SNN/TestSF': 0.5146659736830455, 'Frag/TestSF': 0.8680560329090794, 'Scaf/TestSF': 0.049649809547259505, 'IntDiv': 0.7805047906011205, 'IntDiv2': 0.7679015833022403, 'Filters': 0.9836953177874854, 'logP': 0.16944356800846824, 'SA': 0.22873381599726755, 'QED': 0.0767025261496008, 'weight': 7.67794790072007, 'Novelty': 0.943002725441403}
Epoch: 33:
	Train Loss: 0.440 --- Reconstruction Loss: 0.428 --- KL Loss: 25.536 --- Beta: 0.000460
	Validity: 0.54% --- Uniquene@1000: 0.89% --- Unique@10000: 0.60%

{'valid': 0.6559666666666666, 'unique@1000': 0.938, 'unique@10000': 0.668, 'FCD/Test': 18.2465485738253, 'SNN/Test': 0.5910356056074452, 'Frag/Test': 0.8750839814871325, 'Scaf/Test': 0.22201541582498519, 'FCD/TestSF': 19.30427986651786, 'SNN/TestSF': 0.5145155119902901, 'Frag/TestSF': 0.8620161352736136, 'Scaf/TestSF': 0.05908699214961277, 'IntDiv': 0.7891502344151652, 'IntDiv2': 0.7775783557621788, 'Filters': 0.9664617104527669, 'logP': 0.2387223330680978, 'SA': 0.19745172607649977, 'QED': 0.07777093830473002, 'weight': 11.402570406275899, 'Novelty': 0.9348237627332552}
Epoch: 34:
	Train Loss: 0.433 --- Reconstruction Loss: 0.422 --- KL Loss: 24.551 --- Beta: 0.000471
	Validity: 0.66% --- Uniquene@1000: 0.94% --- Unique@10000: 0.67%

{'valid': 0.5349666666666666, 'unique@1000': 0.902, 'unique@10000': 0.648, 'FCD/Test': 18.29202466586925, 'SNN/Test': 0.606095763466404, 'Frag/Test': 0.8993638570351694, 'Scaf/Test': 0.2883514100324269, 'FCD/TestSF': 19.348833169538736, 'SNN/TestSF': 0.5266195805234414, 'Frag/TestSF': 0.8882542317234413, 'Scaf/TestSF': 0.030362117867967386, 'IntDiv': 0.7950508436504149, 'IntDiv2': 0.78249898261491, 'Filters': 0.9768209857311982, 'logP': 0.212257097715207, 'SA': 0.2259958219594361, 'QED': 0.062213053985329746, 'weight': 11.655375810658526, 'Novelty': 0.9317380621728448}
Epoch: 35:
	Train Loss: 0.427 --- Reconstruction Loss: 0.416 --- KL Loss: 23.876 --- Beta: 0.000482
	Validity: 0.53% --- Uniquene@1000: 0.90% --- Unique@10000: 0.65%

{'valid': 0.5764666666666667, 'unique@1000': 0.903, 'unique@10000': 0.6674, 'FCD/Test': 16.167418449345888, 'SNN/Test': 0.5961683042958332, 'Frag/Test': 0.9027564128565526, 'Scaf/Test': 0.23808835809331808, 'FCD/TestSF': 17.123092922440833, 'SNN/TestSF': 0.5253429657977703, 'Frag/TestSF': 0.8915748208048203, 'Scaf/TestSF': 0.058812929522463864, 'IntDiv': 0.8018803198539644, 'IntDiv2': 0.7905625305049069, 'Filters': 0.9746732970972591, 'logP': 0.281878379601082, 'SA': 0.20753680300493602, 'QED': 0.04540013493050383, 'weight': 12.00209248058755, 'Novelty': 0.9316164276655936}
Epoch: 36:
	Train Loss: 0.423 --- Reconstruction Loss: 0.411 --- KL Loss: 23.182 --- Beta: 0.000494
	Validity: 0.58% --- Uniquene@1000: 0.90% --- Unique@10000: 0.67%

{'valid': 0.5450999999999999, 'unique@1000': 0.951, 'unique@10000': 0.7351, 'FCD/Test': 15.936227417683774, 'SNN/Test': 0.588615967719947, 'Frag/Test': 0.933164447614316, 'Scaf/Test': 0.28418978565154385, 'FCD/TestSF': 16.64745101697735, 'SNN/TestSF': 0.5231802619623276, 'Frag/TestSF': 0.926043083992874, 'Scaf/TestSF': 0.03335925682108132, 'IntDiv': 0.8132518694590727, 'IntDiv2': 0.8026664176923197, 'Filters': 0.9713813979086406, 'logP': 0.476631937843676, 'SA': 0.22349932197435948, 'QED': 0.023509713133609746, 'weight': 5.811959888082933, 'Novelty': 0.9273429596247585}
Epoch: 37:
	Train Loss: 0.417 --- Reconstruction Loss: 0.406 --- KL Loss: 22.439 --- Beta: 0.000505
	Validity: 0.55% --- Uniquene@1000: 0.95% --- Unique@10000: 0.74%

{'valid': 0.6223666666666667, 'unique@1000': 0.941, 'unique@10000': 0.7342, 'FCD/Test': 16.25208399703149, 'SNN/Test': 0.5935604456269641, 'Frag/Test': 0.9155414841988426, 'Scaf/Test': 0.260337903208266, 'FCD/TestSF': 16.777097482306033, 'SNN/TestSF': 0.5356881890329626, 'Frag/TestSF': 0.9068786172133064, 'Scaf/TestSF': 0.08018114912467778, 'IntDiv': 0.8087085179233935, 'IntDiv2': 0.7977908089152095, 'Filters': 0.979808258797065, 'logP': 0.3250236950447695, 'SA': 0.24707788511988377, 'QED': 0.03374238966253986, 'weight': 7.8254848015438565, 'Novelty': 0.9256102606537029}
Epoch: 38:
	Train Loss: 0.412 --- Reconstruction Loss: 0.401 --- KL Loss: 21.812 --- Beta: 0.000516
	Validity: 0.62% --- Uniquene@1000: 0.94% --- Unique@10000: 0.73%

{'valid': 0.49006666666666665, 'unique@1000': 0.956, 'unique@10000': 0.7556, 'FCD/Test': 15.437905476314938, 'SNN/Test': 0.5846670883040155, 'Frag/Test': 0.9150799272526637, 'Scaf/Test': 0.22373744950536834, 'FCD/TestSF': 15.985781694317723, 'SNN/TestSF': 0.523611025788714, 'Frag/TestSF': 0.9078799955480378, 'Scaf/TestSF': 0.034228486688693605, 'IntDiv': 0.8116365330797665, 'IntDiv2': 0.8015536659020255, 'Filters': 0.972656781390287, 'logP': 0.47835904535779844, 'SA': 0.2017983674471303, 'QED': 0.0351751671402839, 'weight': 8.232807367284758, 'Novelty': 0.9283164495899663}
Epoch: 39:
	Train Loss: 0.409 --- Reconstruction Loss: 0.397 --- KL Loss: 21.330 --- Beta: 0.000527
	Validity: 0.49% --- Uniquene@1000: 0.96% --- Unique@10000: 0.76%

{'valid': 0.4448333333333333, 'unique@1000': 0.963, 'unique@10000': 0.7845, 'FCD/Test': 14.728942577576547, 'SNN/Test': 0.5831745810491309, 'Frag/Test': 0.9298842089637486, 'Scaf/Test': 0.263788398273737, 'FCD/TestSF': 15.222993566196088, 'SNN/TestSF': 0.5301652158275889, 'Frag/TestSF': 0.9224467324821921, 'Scaf/TestSF': 0.058454068901912404, 'IntDiv': 0.8194868022738042, 'IntDiv2': 0.8091168261154205, 'Filters': 0.9690520794304983, 'logP': 0.31898551137486897, 'SA': 0.16039561877845152, 'QED': 0.021558755651100967, 'weight': 8.05683989567418, 'Novelty': 0.9257040143798682}
Epoch: 40:
	Train Loss: 0.403 --- Reconstruction Loss: 0.392 --- KL Loss: 20.812 --- Beta: 0.000539
	Validity: 0.44% --- Uniquene@1000: 0.96% --- Unique@10000: 0.78%

{'valid': 0.6083333333333334, 'unique@1000': 0.96, 'unique@10000': 0.8043, 'FCD/Test': 15.146228779525195, 'SNN/Test': 0.5899447302671328, 'Frag/Test': 0.9345137795530456, 'Scaf/Test': 0.285872350259029, 'FCD/TestSF': 15.758125512365275, 'SNN/TestSF': 0.5272247669264062, 'Frag/TestSF': 0.9269170683871907, 'Scaf/TestSF': 0.05195156689118041, 'IntDiv': 0.8110866800769155, 'IntDiv2': 0.8014488508106344, 'Filters': 0.9778630136986302, 'logP': 0.3349369299859883, 'SA': 0.21310128932798125, 'QED': 0.02222759392790049, 'weight': 7.867947344235883, 'Novelty': 0.9292181069958848}
Epoch: 41:
	Train Loss: 0.399 --- Reconstruction Loss: 0.388 --- KL Loss: 20.353 --- Beta: 0.000550
	Validity: 0.61% --- Uniquene@1000: 0.96% --- Unique@10000: 0.80%

{'valid': 0.5333666666666667, 'unique@1000': 0.973, 'unique@10000': 0.8085, 'FCD/Test': 14.624946250523976, 'SNN/Test': 0.5785923946468869, 'Frag/Test': 0.9187013333027749, 'Scaf/Test': 0.24182095531454795, 'FCD/TestSF': 15.30437354307199, 'SNN/TestSF': 0.5184020888635155, 'Frag/TestSF': 0.9104976853394728, 'Scaf/TestSF': 0.048572615803810004, 'IntDiv': 0.8165253521060929, 'IntDiv2': 0.8069835879095597, 'Filters': 0.9711893006687082, 'logP': 0.27199695841009863, 'SA': 0.19256863018270154, 'QED': 0.029069698923075385, 'weight': 11.850390024756225, 'Novelty': 0.9303234389290762}
Epoch: 42:
	Train Loss: 0.396 --- Reconstruction Loss: 0.384 --- KL Loss: 19.889 --- Beta: 0.000561
	Validity: 0.53% --- Uniquene@1000: 0.97% --- Unique@10000: 0.81%

{'valid': 0.5207999999999999, 'unique@1000': 0.964, 'unique@10000': 0.8093, 'FCD/Test': 15.27512455437325, 'SNN/Test': 0.5889638672733972, 'Frag/Test': 0.9324817331950229, 'Scaf/Test': 0.2867084578553434, 'FCD/TestSF': 15.936681137110057, 'SNN/TestSF': 0.5270648345749881, 'Frag/TestSF': 0.9253736466233695, 'Scaf/TestSF': 0.04849058527491357, 'IntDiv': 0.8168121452052675, 'IntDiv2': 0.8068793371334324, 'Filters': 0.9724782386072709, 'logP': 0.4215122945836309, 'SA': 0.22506380302731022, 'QED': 0.021998934864338585, 'weight': 13.42218796407498, 'Novelty': 0.916595744680851}
Epoch: 43:
	Train Loss: 0.391 --- Reconstruction Loss: 0.380 --- KL Loss: 19.520 --- Beta: 0.000572
	Validity: 0.52% --- Uniquene@1000: 0.96% --- Unique@10000: 0.81%

{'valid': 0.4158666666666667, 'unique@1000': 0.975, 'unique@10000': 0.8556, 'FCD/Test': 13.910789219613648, 'SNN/Test': 0.556784971865296, 'Frag/Test': 0.9257428080209363, 'Scaf/Test': 0.2553075535352525, 'FCD/TestSF': 14.657049696624917, 'SNN/TestSF': 0.5030131890937451, 'Frag/TestSF': 0.9196479762796073, 'Scaf/TestSF': 0.03261772097183946, 'IntDiv': 0.8285721608414047, 'IntDiv2': 0.818949549390875, 'Filters': 0.9598428983648606, 'logP': 0.1751486444378696, 'SA': 0.08746080187859424, 'QED': 0.018277425228652684, 'weight': 14.212931541133935, 'Novelty': 0.9393997691419776}
Epoch: 44:
	Train Loss: 0.387 --- Reconstruction Loss: 0.376 --- KL Loss: 19.336 --- Beta: 0.000584
	Validity: 0.42% --- Uniquene@1000: 0.97% --- Unique@10000: 0.86%

{'valid': 0.5059666666666667, 'unique@1000': 0.958, 'unique@10000': 0.8108, 'FCD/Test': 14.01334437898089, 'SNN/Test': 0.5753664501883609, 'Frag/Test': 0.9161622232072838, 'Scaf/Test': 0.24634002667608046, 'FCD/TestSF': 14.541117596728931, 'SNN/TestSF': 0.5195076140773353, 'Frag/TestSF': 0.9104686682276233, 'Scaf/TestSF': 0.03407051281627249, 'IntDiv': 0.8260597311554432, 'IntDiv2': 0.8160985311975146, 'Filters': 0.9729231174649187, 'logP': 0.30922833320523985, 'SA': 0.16805304889921255, 'QED': 0.021170385405243956, 'weight': 15.716380069985288, 'Novelty': 0.9300281593992662}
Epoch: 45:
	Train Loss: 0.384 --- Reconstruction Loss: 0.372 --- KL Loss: 19.051 --- Beta: 0.000595
	Validity: 0.51% --- Uniquene@1000: 0.96% --- Unique@10000: 0.81%

{'valid': 0.5453666666666667, 'unique@1000': 0.974, 'unique@10000': 0.8517, 'FCD/Test': 13.835326170353149, 'SNN/Test': 0.5642603842360445, 'Frag/Test': 0.9103435544370319, 'Scaf/Test': 0.26103407820197067, 'FCD/TestSF': 14.584848997921696, 'SNN/TestSF': 0.5087765127822987, 'Frag/TestSF': 0.9034480873834575, 'Scaf/TestSF': 0.050451275186930156, 'IntDiv': 0.827710453082376, 'IntDiv2': 0.8176474931768521, 'Filters': 0.9702952142289591, 'logP': 0.231842397115212, 'SA': 0.13770456698972258, 'QED': 0.021386297445253267, 'weight': 15.456800985269844, 'Novelty': 0.9304102054846841}
Epoch: 46:
	Train Loss: 0.380 --- Reconstruction Loss: 0.369 --- KL Loss: 18.812 --- Beta: 0.000606
	Validity: 0.55% --- Uniquene@1000: 0.97% --- Unique@10000: 0.85%

slurmstepd: error: *** JOB 8257241 ON hpctpa3pc0047 CANCELLED AT 2024-02-15T10:04:48 ***
