2024-02-15 02:31:21.173958: E external/local_xla/xla/stream_executor/cuda/cuda_dnn.cc:9261] Unable to register cuDNN factory: Attempting to register factory for plugin cuDNN when one has already been registered
2024-02-15 02:31:21.174039: E external/local_xla/xla/stream_executor/cuda/cuda_fft.cc:607] Unable to register cuFFT factory: Attempting to register factory for plugin cuFFT when one has already been registered
2024-02-15 02:31:21.176032: E external/local_xla/xla/stream_executor/cuda/cuda_blas.cc:1515] Unable to register cuBLAS factory: Attempting to register factory for plugin cuBLAS when one has already been registered
2024-02-15 02:31:21.182643: I tensorflow/core/platform/cpu_feature_guard.cc:182] This TensorFlow binary is optimized to use available CPU instructions in performance-critical operations.
To enable the following instructions: AVX2 FMA, in other operations, rebuild TensorFlow with the appropriate compiler flags.
2024-02-15 02:31:22.005769: W tensorflow/compiler/tf2tensorrt/utils/py_utils.cc:38] TF-TRT Warning: Could not find TensorRT

Arguments:
	data_path: data/moses_train.txt
	max_len: 30
	batch: 128
	d_model: 512
	d_latent: 256
	d_ff: 1024
	e_heads: 1
	d_heads: 8
	n_layers: 8
	dropout: 0.5
	lr: 0.0005
	n_epochs: 60
	kl_type: monotonic
	kl_w_start: 0.0001
	kl_w_end: 0.001
	kl_cycle: 4
	kl_ratio: 0.9
	save_name: klcompare

Number of data: 88192

SMILES Vocab:
	 {'<START>': 0, '<END>': 1, '<PAD>': 2, 'C': 3, 'O': 4, 'c': 5, '1': 6, '(': 7, '=': 8, ')': 9, 'N': 10, 'n': 11, '2': 12, 'F': 13, 'Cl': 14, 'Br': 15, '#': 16, '3': 17, 'S': 18, 'o': 19, '-': 20, 's': 21, '[nH]': 22, '4': 23}

Graph Vocab:
	 {'C': 0, 'O': 1, 'N': 2, 'F': 3, 'Cl': 4, 'Br': 5, 'S': 6}


KL Annealer: [0.0001, 0.000115, 0.00013000000000000002, 0.000145, 0.00016, 0.00017500000000000003, 0.00019, 0.000205, 0.00022, 0.00023500000000000002, 0.00025, 0.000265, 0.00028000000000000003, 0.000295, 0.00031, 0.000325, 0.00034, 0.000355, 0.00037, 0.000385, 0.0004, 0.000415, 0.00043, 0.000445, 0.00046, 0.000475, 0.00049, 0.000505, 0.0005200000000000001, 0.000535, 0.00055, 0.0005650000000000001, 0.00058, 0.000595, 0.0006100000000000001, 0.000625, 0.00064, 0.0006550000000000001, 0.00067, 0.0006850000000000001, 0.0007000000000000001, 0.000715, 0.0007300000000000001, 0.0007450000000000001, 0.00076, 0.0007750000000000001, 0.00079, 0.000805, 0.0008200000000000001, 0.000835, 0.0008500000000000001, 0.0008650000000000001, 0.00088, 0.0008950000000000001, 0.0009100000000000001, 0.000925, 0.0009400000000000001, 0.0009550000000000001, 0.00097, 0.000985]




#########################################################################
######################### START TRAINING ################################
#########################################################################




{'valid': 0.51, 'unique@1000': 0.388, 'unique@10000': 0.1764, 'FCD/Test': 27.547649765073572, 'SNN/Test': 0.6141399055193453, 'Frag/Test': 0.8399153299187918, 'Scaf/Test': 0.1830486841016563, 'FCD/TestSF': 28.38136183545079, 'SNN/TestSF': 0.5577939451071952, 'Frag/TestSF': 0.8297383234782264, 'Scaf/TestSF': 0.017671316758018918, 'IntDiv': 0.7171835381270809, 'IntDiv2': 0.6819935354845464, 'Filters': 0.99359477124183, 'logP': 0.447424025112169, 'SA': 0.4468262167693897, 'QED': 0.12958180576645328, 'weight': 11.363261885866335, 'Novelty': 0.9246482069904676}
Epoch: 31:
	Train Loss: 0.516 --- Reconstruction Loss: 0.488 --- KL Loss: 49.940 --- Beta: 0.000550
	Validity: 0.51% --- Uniquene@1000: 0.39% --- Unique@10000: 0.18%

{'valid': 0.38216666666666665, 'unique@1000': 0.42, 'unique@10000': 0.1703, 'FCD/Test': 30.725263895735452, 'SNN/Test': 0.6073850267717426, 'Frag/Test': 0.79757778838158, 'Scaf/Test': 0.15261975765654445, 'FCD/TestSF': 31.883621497967162, 'SNN/TestSF': 0.5375447694931912, 'Frag/TestSF': 0.7857365340200338, 'Scaf/TestSF': 0.005626879992392642, 'IntDiv': 0.667163547813995, 'IntDiv2': 0.6426796503601895, 'Filters': 0.9887483645878762, 'logP': 0.6155088500266127, 'SA': 0.4331691141654066, 'QED': 0.1837614322299527, 'weight': 9.612282882266125, 'Novelty': 0.9456641053787047}
Epoch: 32:
	Train Loss: 0.506 --- Reconstruction Loss: 0.481 --- KL Loss: 44.037 --- Beta: 0.000565
	Validity: 0.38% --- Uniquene@1000: 0.42% --- Unique@10000: 0.17%

{'valid': 0.5559666666666667, 'unique@1000': 0.48, 'unique@10000': 0.2028, 'FCD/Test': 31.81543259019115, 'SNN/Test': 0.5936299344569747, 'Frag/Test': 0.8022104590858539, 'Scaf/Test': 0.10979425197491788, 'FCD/TestSF': 32.92377061071978, 'SNN/TestSF': 0.5361198329515998, 'Frag/TestSF': 0.7911491933454747, 'Scaf/TestSF': 0.007021779862888322, 'IntDiv': 0.6669265256747656, 'IntDiv2': 0.6447065681875019, 'Filters': 0.9903471431140956, 'logP': 0.342600748974497, 'SA': 0.38274648576225384, 'QED': 0.1709524575527919, 'weight': 11.001692397506929, 'Novelty': 0.9469725460699511}
Epoch: 33:
	Train Loss: 0.497 --- Reconstruction Loss: 0.474 --- KL Loss: 38.675 --- Beta: 0.000580
	Validity: 0.56% --- Uniquene@1000: 0.48% --- Unique@10000: 0.20%

{'valid': 0.5310333333333334, 'unique@1000': 0.567, 'unique@10000': 0.258, 'FCD/Test': 21.840781382642504, 'SNN/Test': 0.6313992353338252, 'Frag/Test': 0.892112585560559, 'Scaf/Test': 0.21542964661350372, 'FCD/TestSF': 22.841027092943037, 'SNN/TestSF': 0.5620707092286055, 'Frag/TestSF': 0.8810229345739764, 'Scaf/TestSF': 0.012886562509824895, 'IntDiv': 0.7488780535358814, 'IntDiv2': 0.723178562724486, 'Filters': 0.9898311468206641, 'logP': 0.3270728536693386, 'SA': 0.4149357071050751, 'QED': 0.08795438187524597, 'weight': 9.978491179915443, 'Novelty': 0.9034981905910736}
Epoch: 34:
	Train Loss: 0.488 --- Reconstruction Loss: 0.467 --- KL Loss: 35.365 --- Beta: 0.000595
	Validity: 0.53% --- Uniquene@1000: 0.57% --- Unique@10000: 0.26%

{'valid': 0.4500666666666666, 'unique@1000': 0.629, 'unique@10000': 0.295, 'FCD/Test': 25.349502069691994, 'SNN/Test': 0.6021805013211422, 'Frag/Test': 0.8155351366210544, 'Scaf/Test': 0.20266348315708105, 'FCD/TestSF': 26.578651870172813, 'SNN/TestSF': 0.524129324938223, 'Frag/TestSF': 0.8013162046556906, 'Scaf/TestSF': 0.011353571275693475, 'IntDiv': 0.7594015305585432, 'IntDiv2': 0.7370966586353078, 'Filters': 0.9939268256554584, 'logP': 0.4369455857713455, 'SA': 0.309540329624561, 'QED': 0.13191164522674298, 'weight': 9.168183006974965, 'Novelty': 0.9227665706051873}
Epoch: 35:
	Train Loss: 0.479 --- Reconstruction Loss: 0.460 --- KL Loss: 32.321 --- Beta: 0.000610
	Validity: 0.45% --- Uniquene@1000: 0.63% --- Unique@10000: 0.29%

{'valid': 0.42079999999999995, 'unique@1000': 0.657, 'unique@10000': 0.3052, 'FCD/Test': 25.6176213221314, 'SNN/Test': 0.5912924942729288, 'Frag/Test': 0.7610969838915339, 'Scaf/Test': 0.15243701555878608, 'FCD/TestSF': 26.955690553040682, 'SNN/TestSF': 0.5086734469576311, 'Frag/TestSF': 0.7440813874943082, 'Scaf/TestSF': 0.005730210913354683, 'IntDiv': 0.7598444901849464, 'IntDiv2': 0.7394108141370259, 'Filters': 0.990415082382763, 'logP': 0.4535168754290259, 'SA': 0.32231992243666274, 'QED': 0.12482202264981772, 'weight': 6.8584621987506855, 'Novelty': 0.9449884792626728}
Epoch: 36:
	Train Loss: 0.472 --- Reconstruction Loss: 0.453 --- KL Loss: 29.715 --- Beta: 0.000625
	Validity: 0.42% --- Uniquene@1000: 0.66% --- Unique@10000: 0.31%

{'valid': 0.6239333333333333, 'unique@1000': 0.753, 'unique@10000': 0.3994, 'FCD/Test': 20.905747833112173, 'SNN/Test': 0.6109855821600377, 'Frag/Test': 0.8785380420704765, 'Scaf/Test': 0.2640529751017837, 'FCD/TestSF': 22.067318611191723, 'SNN/TestSF': 0.530097640433848, 'Frag/TestSF': 0.8666142952949177, 'Scaf/TestSF': 0.019357158708845357, 'IntDiv': 0.7951122181744192, 'IntDiv2': 0.7743169790277356, 'Filters': 0.9907041350571643, 'logP': 0.6183905988426687, 'SA': 0.34587126044260336, 'QED': 0.06079430320393537, 'weight': 9.308379529751758, 'Novelty': 0.9193220338983051}
Epoch: 37:
	Train Loss: 0.463 --- Reconstruction Loss: 0.446 --- KL Loss: 27.573 --- Beta: 0.000640
	Validity: 0.62% --- Uniquene@1000: 0.75% --- Unique@10000: 0.40%

{'valid': 0.6185666666666667, 'unique@1000': 0.656, 'unique@10000': 0.3536, 'FCD/Test': 23.481156851890702, 'SNN/Test': 0.6216921136397486, 'Frag/Test': 0.876086154572821, 'Scaf/Test': 0.23552118265618593, 'FCD/TestSF': 24.36520239327008, 'SNN/TestSF': 0.5458767532871902, 'Frag/TestSF': 0.8669468014717238, 'Scaf/TestSF': 0.007237825786507668, 'IntDiv': 0.7737822146040225, 'IntDiv2': 0.7521072007807905, 'Filters': 0.991970684916743, 'logP': 0.7855291562125651, 'SA': 0.3652014805669483, 'QED': 0.03429851382302839, 'weight': 6.690811323993558, 'Novelty': 0.9224022878932316}
Epoch: 38:
	Train Loss: 0.457 --- Reconstruction Loss: 0.439 --- KL Loss: 26.167 --- Beta: 0.000655
	Validity: 0.62% --- Uniquene@1000: 0.66% --- Unique@10000: 0.35%

{'valid': 0.6386000000000001, 'unique@1000': 0.81, 'unique@10000': 0.4656, 'FCD/Test': 19.522055329286474, 'SNN/Test': 0.6286627752308757, 'Frag/Test': 0.8799002285463052, 'Scaf/Test': 0.3233020395489776, 'FCD/TestSF': 20.51861769255926, 'SNN/TestSF': 0.5461547097422805, 'Frag/TestSF': 0.8665918534793551, 'Scaf/TestSF': 0.03184699901338617, 'IntDiv': 0.7919252550768985, 'IntDiv2': 0.776922546701352, 'Filters': 0.9705606013153774, 'logP': 0.6238464121299183, 'SA': 0.36732646118939705, 'QED': 0.0331937914652249, 'weight': 11.221601483027621, 'Novelty': 0.8809389935338768}
Epoch: 39:
	Train Loss: 0.448 --- Reconstruction Loss: 0.432 --- KL Loss: 24.546 --- Beta: 0.000670
	Validity: 0.64% --- Uniquene@1000: 0.81% --- Unique@10000: 0.47%

{'valid': 0.6025, 'unique@1000': 0.735, 'unique@10000': 0.4066, 'FCD/Test': 25.71836317198106, 'SNN/Test': 0.5990853712510931, 'Frag/Test': 0.7682910206023494, 'Scaf/Test': 0.11916983443379547, 'FCD/TestSF': 26.98773806517154, 'SNN/TestSF': 0.5152325535034903, 'Frag/TestSF': 0.751891286330534, 'Scaf/TestSF': 0.016293487424300257, 'IntDiv': 0.7570090544508681, 'IntDiv2': 0.7385534087815246, 'Filters': 0.9821853388658368, 'logP': 0.12300497024994106, 'SA': 0.25291030108610246, 'QED': 0.09574713086057876, 'weight': 7.3921484779056374, 'Novelty': 0.9120637072178922}
Epoch: 40:
	Train Loss: 0.442 --- Reconstruction Loss: 0.426 --- KL Loss: 23.752 --- Beta: 0.000685
	Validity: 0.60% --- Uniquene@1000: 0.73% --- Unique@10000: 0.41%

{'valid': 0.3384666666666667, 'unique@1000': 0.802, 'unique@10000': 0.4574, 'FCD/Test': 19.993366255214866, 'SNN/Test': 0.6079476231300787, 'Frag/Test': 0.8513829357827967, 'Scaf/Test': 0.1834444704976741, 'FCD/TestSF': 21.39259745192723, 'SNN/TestSF': 0.5222528403816036, 'Frag/TestSF': 0.8376781233939047, 'Scaf/TestSF': 0.025520065173969098, 'IntDiv': 0.7836323982355803, 'IntDiv2': 0.7690788733177963, 'Filters': 0.963659641520583, 'logP': 0.5106417108089545, 'SA': 0.25270253806580595, 'QED': 0.06856424440206668, 'weight': 8.490189621302035, 'Novelty': 0.9004544470893746}
Epoch: 41:
	Train Loss: 0.435 --- Reconstruction Loss: 0.419 --- KL Loss: 22.452 --- Beta: 0.000700
	Validity: 0.34% --- Uniquene@1000: 0.80% --- Unique@10000: 0.46%

{'valid': 0.5428333333333333, 'unique@1000': 0.877, 'unique@10000': 0.5851, 'FCD/Test': 19.03937099631417, 'SNN/Test': 0.5970224528223743, 'Frag/Test': 0.8773877635740019, 'Scaf/Test': 0.21720801287460145, 'FCD/TestSF': 19.87688079408023, 'SNN/TestSF': 0.5294972754243988, 'Frag/TestSF': 0.8657695518472461, 'Scaf/TestSF': 0.0834350396169693, 'IntDiv': 0.7931728214587168, 'IntDiv2': 0.7798112794504723, 'Filters': 0.985446730119742, 'logP': 0.446268808893698, 'SA': 0.24206115062668665, 'QED': 0.05634824753603667, 'weight': 6.405272080742963, 'Novelty': 0.92585389570925}
Epoch: 42:
	Train Loss: 0.427 --- Reconstruction Loss: 0.412 --- KL Loss: 21.279 --- Beta: 0.000715
	Validity: 0.54% --- Uniquene@1000: 0.88% --- Unique@10000: 0.59%

{'valid': 0.7870666666666667, 'unique@1000': 0.875, 'unique@10000': 0.5542, 'FCD/Test': 18.93406132689163, 'SNN/Test': 0.6142987462422332, 'Frag/Test': 0.8928421096567758, 'Scaf/Test': 0.24923569289770575, 'FCD/TestSF': 19.654809917367345, 'SNN/TestSF': 0.5474478519484893, 'Frag/TestSF': 0.8827810146528172, 'Scaf/TestSF': 0.09777652243305623, 'IntDiv': 0.8014197769208693, 'IntDiv2': 0.7872627559136358, 'Filters': 0.9841605963069625, 'logP': 0.5815536108796363, 'SA': 0.3438707657725035, 'QED': 0.031139531867778274, 'weight': 8.494135793839684, 'Novelty': 0.8936801503313223}
Epoch: 43:
	Train Loss: 0.421 --- Reconstruction Loss: 0.406 --- KL Loss: 20.671 --- Beta: 0.000730
	Validity: 0.79% --- Uniquene@1000: 0.88% --- Unique@10000: 0.55%

{'valid': 0.6806, 'unique@1000': 0.905, 'unique@10000': 0.6176, 'FCD/Test': 15.797828981078673, 'SNN/Test': 0.6162757164033202, 'Frag/Test': 0.9212330991492885, 'Scaf/Test': 0.35034271257158944, 'FCD/TestSF': 16.581074694958076, 'SNN/TestSF': 0.5489976077385882, 'Frag/TestSF': 0.91149158766396, 'Scaf/TestSF': 0.0635964437411588, 'IntDiv': 0.8063460865722177, 'IntDiv2': 0.7937372951610824, 'Filters': 0.9875110196885102, 'logP': 0.582527313969178, 'SA': 0.3157046492105214, 'QED': 0.03257549279262174, 'weight': 9.948887120937366, 'Novelty': 0.894579475308642}
Epoch: 44:
	Train Loss: 0.414 --- Reconstruction Loss: 0.400 --- KL Loss: 19.809 --- Beta: 0.000745
	Validity: 0.68% --- Uniquene@1000: 0.91% --- Unique@10000: 0.62%

{'valid': 0.6557999999999999, 'unique@1000': 0.874, 'unique@10000': 0.5882, 'FCD/Test': 16.73872566514825, 'SNN/Test': 0.621892238293126, 'Frag/Test': 0.9058014317214914, 'Scaf/Test': 0.27046944647680227, 'FCD/TestSF': 17.39706364379866, 'SNN/TestSF': 0.5531478383315825, 'Frag/TestSF': 0.8977828571061065, 'Scaf/TestSF': 0.06654039181973403, 'IntDiv': 0.8046536483504192, 'IntDiv2': 0.7921900202750366, 'Filters': 0.9902409271119244, 'logP': 0.3727843878031642, 'SA': 0.30214263849130446, 'QED': 0.02890115831093669, 'weight': 11.583530359776281, 'Novelty': 0.8770822555613037}
Epoch: 45:
	Train Loss: 0.408 --- Reconstruction Loss: 0.393 --- KL Loss: 19.359 --- Beta: 0.000760
	Validity: 0.66% --- Uniquene@1000: 0.87% --- Unique@10000: 0.59%

{'valid': 0.5260666666666667, 'unique@1000': 0.91, 'unique@10000': 0.6606, 'FCD/Test': 17.618990673468197, 'SNN/Test': 0.6057461866975102, 'Frag/Test': 0.9010095049593834, 'Scaf/Test': 0.27953883752106345, 'FCD/TestSF': 18.50637129635433, 'SNN/TestSF': 0.5305539303423938, 'Frag/TestSF': 0.8905238835646843, 'Scaf/TestSF': 0.03608665041213399, 'IntDiv': 0.8061999505025723, 'IntDiv2': 0.7937933470508192, 'Filters': 0.9855531618299328, 'logP': 0.5028094585643551, 'SA': 0.23605137212097, 'QED': 0.025172553264483945, 'weight': 7.843943096830474, 'Novelty': 0.9071436221484417}
Epoch: 46:
	Train Loss: 0.401 --- Reconstruction Loss: 0.386 --- KL Loss: 18.519 --- Beta: 0.000775
	Validity: 0.53% --- Uniquene@1000: 0.91% --- Unique@10000: 0.66%

{'valid': 0.3773333333333333, 'unique@1000': 0.913, 'unique@10000': 0.6519, 'FCD/Test': 16.666436180043647, 'SNN/Test': 0.603138666861944, 'Frag/Test': 0.9324075781211443, 'Scaf/Test': 0.26229002901726495, 'FCD/TestSF': 17.572666181794226, 'SNN/TestSF': 0.5269781552084027, 'Frag/TestSF': 0.9240599346637126, 'Scaf/TestSF': 0.05469163882252637, 'IntDiv': 0.8095910953857691, 'IntDiv2': 0.7981930742903854, 'Filters': 0.9576855123674912, 'logP': 0.5698504595323943, 'SA': 0.23442921571287628, 'QED': 0.017646823962719795, 'weight': 5.758598083842535, 'Novelty': 0.8964215823315628}
Epoch: 47:
	Train Loss: 0.396 --- Reconstruction Loss: 0.382 --- KL Loss: 17.880 --- Beta: 0.000790
	Validity: 0.38% --- Uniquene@1000: 0.91% --- Unique@10000: 0.65%

{'valid': 0.7105, 'unique@1000': 0.95, 'unique@10000': 0.7392, 'FCD/Test': 15.504882846412798, 'SNN/Test': 0.5974801351423977, 'Frag/Test': 0.9000431019093867, 'Scaf/Test': 0.278914860091072, 'FCD/TestSF': 16.477760959730844, 'SNN/TestSF': 0.5251717466131332, 'Frag/TestSF': 0.8893816462039442, 'Scaf/TestSF': 0.06462034544959927, 'IntDiv': 0.8130638082487202, 'IntDiv2': 0.8014973412354568, 'Filters': 0.9868167956837908, 'logP': 0.36704308299223126, 'SA': 0.23330759273969728, 'QED': 0.04260177622712683, 'weight': 11.935811388345568, 'Novelty': 0.89887471867967}
Epoch: 48:
	Train Loss: 0.390 --- Reconstruction Loss: 0.376 --- KL Loss: 17.451 --- Beta: 0.000805
	Validity: 0.71% --- Uniquene@1000: 0.95% --- Unique@10000: 0.74%

{'valid': 0.8609, 'unique@1000': 0.928, 'unique@10000': 0.719, 'FCD/Test': 14.906789513250146, 'SNN/Test': 0.613560559085337, 'Frag/Test': 0.9056413000805368, 'Scaf/Test': 0.3805491922746076, 'FCD/TestSF': 15.75446992521028, 'SNN/TestSF': 0.5407412545346224, 'Frag/TestSF': 0.8968364741976004, 'Scaf/TestSF': 0.06587479901597515, 'IntDiv': 0.8153514598488811, 'IntDiv2': 0.8036489963018758, 'Filters': 0.9866806055678167, 'logP': 0.44949439837565697, 'SA': 0.29265256915344734, 'QED': 0.018621157574446382, 'weight': 16.424500642237874, 'Novelty': 0.8936898959293901}
Epoch: 49:
	Train Loss: 0.386 --- Reconstruction Loss: 0.372 --- KL Loss: 17.126 --- Beta: 0.000820
	Validity: 0.86% --- Uniquene@1000: 0.93% --- Unique@10000: 0.72%

{'valid': 0.5282333333333333, 'unique@1000': 0.949, 'unique@10000': 0.7324, 'FCD/Test': 15.21822075045074, 'SNN/Test': 0.5786204869417149, 'Frag/Test': 0.9158717444895681, 'Scaf/Test': 0.19934502936472875, 'FCD/TestSF': 15.991763136368618, 'SNN/TestSF': 0.5079081689434307, 'Frag/TestSF': 0.9083788936494811, 'Scaf/TestSF': 0.05166955726139244, 'IntDiv': 0.8226731018354931, 'IntDiv2': 0.8115556927956087, 'Filters': 0.9655455291222313, 'logP': 0.5529969644618282, 'SA': 0.10651677675560266, 'QED': 0.02505043633255489, 'weight': 10.302259621898306, 'Novelty': 0.9190233785822021}
Epoch: 50:
	Train Loss: 0.381 --- Reconstruction Loss: 0.368 --- KL Loss: 16.538 --- Beta: 0.000835
	Validity: 0.53% --- Uniquene@1000: 0.95% --- Unique@10000: 0.73%

{'valid': 0.8388333333333333, 'unique@1000': 0.939, 'unique@10000': 0.7596, 'FCD/Test': 14.266728357342757, 'SNN/Test': 0.6053145840772928, 'Frag/Test': 0.9193932799278978, 'Scaf/Test': 0.3575633784844906, 'FCD/TestSF': 15.056896993844944, 'SNN/TestSF': 0.5423280655544273, 'Frag/TestSF': 0.9107833652836719, 'Scaf/TestSF': 0.060982279276306506, 'IntDiv': 0.8168634500424523, 'IntDiv2': 0.8055720007071889, 'Filters': 0.9879992052453805, 'logP': 0.36265153217476015, 'SA': 0.24837957495849308, 'QED': 0.01919411755030971, 'weight': 13.572625444947041, 'Novelty': 0.8880882260793282}
Epoch: 51:
	Train Loss: 0.377 --- Reconstruction Loss: 0.363 --- KL Loss: 16.103 --- Beta: 0.000850
	Validity: 0.84% --- Uniquene@1000: 0.94% --- Unique@10000: 0.76%

{'valid': 0.7685, 'unique@1000': 0.959, 'unique@10000': 0.7658, 'FCD/Test': 14.98173558484558, 'SNN/Test': 0.5914107428936761, 'Frag/Test': 0.9076898341348387, 'Scaf/Test': 0.3108735417085279, 'FCD/TestSF': 15.599491504478408, 'SNN/TestSF': 0.5336482549115702, 'Frag/TestSF': 0.899791094808488, 'Scaf/TestSF': 0.057093040095965275, 'IntDiv': 0.8282211129881355, 'IntDiv2': 0.8167919279204041, 'Filters': 0.9872478854912167, 'logP': 0.4041081727132671, 'SA': 0.2404849600782647, 'QED': 0.021154588851531615, 'weight': 12.955044494565177, 'Novelty': 0.8931635211825261}
Epoch: 52:
	Train Loss: 0.373 --- Reconstruction Loss: 0.359 --- KL Loss: 15.805 --- Beta: 0.000865
	Validity: 0.77% --- Uniquene@1000: 0.96% --- Unique@10000: 0.77%

{'valid': 0.7327666666666667, 'unique@1000': 0.96, 'unique@10000': 0.7658, 'FCD/Test': 14.850930736681775, 'SNN/Test': 0.6042926304185704, 'Frag/Test': 0.9082365080221383, 'Scaf/Test': 0.29751715678640367, 'FCD/TestSF': 15.420717348152152, 'SNN/TestSF': 0.5446136435154478, 'Frag/TestSF': 0.8994264099081443, 'Scaf/TestSF': 0.07825696721573361, 'IntDiv': 0.8200295066215527, 'IntDiv2': 0.8089714481914887, 'Filters': 0.9875358231360597, 'logP': 0.28130127933094706, 'SA': 0.28578982109104023, 'QED': 0.021219581728827694, 'weight': 14.946446238214461, 'Novelty': 0.8824059316748666}
Epoch: 53:
	Train Loss: 0.369 --- Reconstruction Loss: 0.356 --- KL Loss: 15.460 --- Beta: 0.000880
	Validity: 0.73% --- Uniquene@1000: 0.96% --- Unique@10000: 0.77%

{'valid': 0.8285666666666667, 'unique@1000': 0.965, 'unique@10000': 0.8056, 'FCD/Test': 13.109073188021597, 'SNN/Test': 0.5950025633686665, 'Frag/Test': 0.937309029998774, 'Scaf/Test': 0.3048862541562285, 'FCD/TestSF': 13.766182906689735, 'SNN/TestSF': 0.537148602503171, 'Frag/TestSF': 0.9307872804255085, 'Scaf/TestSF': 0.05491702335328952, 'IntDiv': 0.8249124754376804, 'IntDiv2': 0.8142561999867837, 'Filters': 0.9802872430301324, 'logP': 0.4128697064709259, 'SA': 0.23215830921051703, 'QED': 0.018164018759977727, 'weight': 15.17589140270116, 'Novelty': 0.8934021934660245}
Epoch: 54:
	Train Loss: 0.366 --- Reconstruction Loss: 0.352 --- KL Loss: 15.210 --- Beta: 0.000895
	Validity: 0.83% --- Uniquene@1000: 0.96% --- Unique@10000: 0.81%

{'valid': 0.8202333333333334, 'unique@1000': 0.955, 'unique@10000': 0.7943, 'FCD/Test': 13.491435779962586, 'SNN/Test': 0.598444754803186, 'Frag/Test': 0.9153166365375334, 'Scaf/Test': 0.338234676782058, 'FCD/TestSF': 14.239256014606312, 'SNN/TestSF': 0.5410759725034195, 'Frag/TestSF': 0.9086684555884561, 'Scaf/TestSF': 0.06793927628022767, 'IntDiv': 0.8236782305184219, 'IntDiv2': 0.8128821017550862, 'Filters': 0.9884992075425691, 'logP': 0.37531279803873996, 'SA': 0.24502718358346134, 'QED': 0.017691490119640472, 'weight': 15.090353254780632, 'Novelty': 0.8886632421455023}
Epoch: 55:
	Train Loss: 0.362 --- Reconstruction Loss: 0.349 --- KL Loss: 14.907 --- Beta: 0.000910
	Validity: 0.82% --- Uniquene@1000: 0.95% --- Unique@10000: 0.79%

{'valid': 0.7763, 'unique@1000': 0.955, 'unique@10000': 0.8107, 'FCD/Test': 13.599324877533505, 'SNN/Test': 0.5868895314827397, 'Frag/Test': 0.8987020909338793, 'Scaf/Test': 0.2660553705132406, 'FCD/TestSF': 14.058159504061365, 'SNN/TestSF': 0.5330839432176767, 'Frag/TestSF': 0.8943191139865656, 'Scaf/TestSF': 0.0712657529066193, 'IntDiv': 0.8342356156512528, 'IntDiv2': 0.8234797369096162, 'Filters': 0.9789170853192495, 'logP': 0.31907700053057475, 'SA': 0.2145279497890557, 'QED': 0.019786698259162256, 'weight': 18.245045652434758, 'Novelty': 0.893855429023811}
Epoch: 56:
	Train Loss: 0.358 --- Reconstruction Loss: 0.345 --- KL Loss: 14.597 --- Beta: 0.000925
	Validity: 0.78% --- Uniquene@1000: 0.95% --- Unique@10000: 0.81%

{'valid': 0.7899333333333334, 'unique@1000': 0.971, 'unique@10000': 0.8275, 'FCD/Test': 12.911882923860219, 'SNN/Test': 0.5894077706989915, 'Frag/Test': 0.9329942607252412, 'Scaf/Test': 0.32503022283639427, 'FCD/TestSF': 13.509730401434794, 'SNN/TestSF': 0.5333428011658685, 'Frag/TestSF': 0.9272020211790005, 'Scaf/TestSF': 0.0864721335941957, 'IntDiv': 0.8244083577708096, 'IntDiv2': 0.8141331337891701, 'Filters': 0.9857371930120685, 'logP': 0.3935349442019203, 'SA': 0.215211190078489, 'QED': 0.018934465963984355, 'weight': 14.016948001220339, 'Novelty': 0.9012035522318299}
Epoch: 57:
	Train Loss: 0.355 --- Reconstruction Loss: 0.342 --- KL Loss: 14.499 --- Beta: 0.000940
	Validity: 0.79% --- Uniquene@1000: 0.97% --- Unique@10000: 0.83%

{'valid': 0.8437, 'unique@1000': 0.969, 'unique@10000': 0.8145, 'FCD/Test': 13.446951039737684, 'SNN/Test': 0.5933035480356061, 'Frag/Test': 0.9168999639925549, 'Scaf/Test': 0.2926606652705126, 'FCD/TestSF': 13.88781323363645, 'SNN/TestSF': 0.5368809631190519, 'Frag/TestSF': 0.911286763224235, 'Scaf/TestSF': 0.06999863359878256, 'IntDiv': 0.8301227480445172, 'IntDiv2': 0.8196994304514538, 'Filters': 0.9836039666548141, 'logP': 0.3127080211715988, 'SA': 0.2218991700666549, 'QED': 0.020413724505852954, 'weight': 17.8839140975839, 'Novelty': 0.881852498732323}
Epoch: 58:
	Train Loss: 0.352 --- Reconstruction Loss: 0.338 --- KL Loss: 14.277 --- Beta: 0.000955
	Validity: 0.84% --- Uniquene@1000: 0.97% --- Unique@10000: 0.81%

{'valid': 0.8697333333333334, 'unique@1000': 0.964, 'unique@10000': 0.8202, 'FCD/Test': 13.18265005506197, 'SNN/Test': 0.592251832625941, 'Frag/Test': 0.9397226766415699, 'Scaf/Test': 0.29786279085374257, 'FCD/TestSF': 13.592187992213226, 'SNN/TestSF': 0.5411499310396217, 'Frag/TestSF': 0.9338733642233414, 'Scaf/TestSF': 0.08002769031728174, 'IntDiv': 0.824948169023942, 'IntDiv2': 0.8141901463407801, 'Filters': 0.9801471715468343, 'logP': 0.2812834907719559, 'SA': 0.23403330092395302, 'QED': 0.02369796209521879, 'weight': 16.415490693939695, 'Novelty': 0.8882861592996402}
Epoch: 59:
	Train Loss: 0.350 --- Reconstruction Loss: 0.336 --- KL Loss: 14.337 --- Beta: 0.000970
	Validity: 0.87% --- Uniquene@1000: 0.96% --- Unique@10000: 0.82%

{'valid': 0.7782666666666667, 'unique@1000': 0.975, 'unique@10000': 0.8473, 'FCD/Test': 12.361280838326763, 'SNN/Test': 0.5857637743099424, 'Frag/Test': 0.9010670994851568, 'Scaf/Test': 0.33478302719730113, 'FCD/TestSF': 12.863804098315086, 'SNN/TestSF': 0.5348746164878826, 'Frag/TestSF': 0.89522801482561, 'Scaf/TestSF': 0.08094287109131693, 'IntDiv': 0.8332110494752973, 'IntDiv2': 0.8230825144554157, 'Filters': 0.9837245160185026, 'logP': 0.31769834819798287, 'SA': 0.21106244354406528, 'QED': 0.014029230425021685, 'weight': 19.595235637400595, 'Novelty': 0.8918502454057756}
Epoch: 60:
	Train Loss: 0.346 --- Reconstruction Loss: 0.332 --- KL Loss: 14.270 --- Beta: 0.000985
	Validity: 0.78% --- Uniquene@1000: 0.97% --- Unique@10000: 0.85%

