2024-02-15 07:30:58.823950: E external/local_xla/xla/stream_executor/cuda/cuda_dnn.cc:9261] Unable to register cuDNN factory: Attempting to register factory for plugin cuDNN when one has already been registered
2024-02-15 07:30:58.824011: E external/local_xla/xla/stream_executor/cuda/cuda_fft.cc:607] Unable to register cuFFT factory: Attempting to register factory for plugin cuFFT when one has already been registered
2024-02-15 07:30:58.824702: E external/local_xla/xla/stream_executor/cuda/cuda_blas.cc:1515] Unable to register cuBLAS factory: Attempting to register factory for plugin cuBLAS when one has already been registered
2024-02-15 07:30:58.828663: I tensorflow/core/platform/cpu_feature_guard.cc:182] This TensorFlow binary is optimized to use available CPU instructions in performance-critical operations.
To enable the following instructions: AVX2 FMA, in other operations, rebuild TensorFlow with the appropriate compiler flags.
2024-02-15 07:30:59.873508: W tensorflow/compiler/tf2tensorrt/utils/py_utils.cc:38] TF-TRT Warning: Could not find TensorRT

Arguments:
	data_path: data/moses_train.txt
	max_len: 30
	batch: 128
	d_model: 512
	d_latent: 256
	d_ff: 1024
	e_heads: 1
	d_heads: 8
	n_layers: 6
	dropout: 0.5
	lr: 0.0005
	n_epochs: 60
	kl_type: monotonic
	kl_w_start: 0.0001
	kl_w_end: 0.001
	kl_cycle: 4
	kl_ratio: 0.9
	save_name: klcompare

Number of data: 88192

SMILES Vocab:
	 {'<START>': 0, '<END>': 1, '<PAD>': 2, 'C': 3, 'O': 4, 'c': 5, '1': 6, '(': 7, '=': 8, ')': 9, 'N': 10, 'n': 11, '2': 12, 'F': 13, 'Cl': 14, 'Br': 15, '#': 16, '3': 17, 'S': 18, 'o': 19, '-': 20, 's': 21, '[nH]': 22, '4': 23}

Graph Vocab:
	 {'C': 0, 'O': 1, 'N': 2, 'F': 3, 'Cl': 4, 'Br': 5, 'S': 6}


KL Annealer: [0.0001, 0.000115, 0.00013000000000000002, 0.000145, 0.00016, 0.00017500000000000003, 0.00019, 0.000205, 0.00022, 0.00023500000000000002, 0.00025, 0.000265, 0.00028000000000000003, 0.000295, 0.00031, 0.000325, 0.00034, 0.000355, 0.00037, 0.000385, 0.0004, 0.000415, 0.00043, 0.000445, 0.00046, 0.000475, 0.00049, 0.000505, 0.0005200000000000001, 0.000535, 0.00055, 0.0005650000000000001, 0.00058, 0.000595, 0.0006100000000000001, 0.000625, 0.00064, 0.0006550000000000001, 0.00067, 0.0006850000000000001, 0.0007000000000000001, 0.000715, 0.0007300000000000001, 0.0007450000000000001, 0.00076, 0.0007750000000000001, 0.00079, 0.000805, 0.0008200000000000001, 0.000835, 0.0008500000000000001, 0.0008650000000000001, 0.00088, 0.0008950000000000001, 0.0009100000000000001, 0.000925, 0.0009400000000000001, 0.0009550000000000001, 0.00097, 0.000985]




#########################################################################
######################### START TRAINING ################################
#########################################################################




{'valid': 0.46840000000000004, 'unique@1000': 0.843, 'unique@10000': 0.533, 'FCD/Test': 22.59425131404881, 'SNN/Test': 0.6029241300934812, 'Frag/Test': 0.8559522726420602, 'Scaf/Test': 0.23369551544246336, 'FCD/TestSF': 23.971982313043846, 'SNN/TestSF': 0.5135072743652164, 'Frag/TestSF': 0.8403522166570799, 'Scaf/TestSF': 0.045159592861857445, 'IntDiv': 0.7697822787962301, 'IntDiv2': 0.7557893294809136, 'Filters': 0.9765157984628523, 'logP': 0.16168419333631256, 'SA': 0.25916726083215225, 'QED': 0.08693748275610251, 'weight': 12.562361551040903, 'Novelty': 0.9267323819332058}
Epoch: 31:
	Train Loss: 0.455 --- Reconstruction Loss: 0.442 --- KL Loss: 23.113 --- Beta: 0.000550
	Validity: 0.47% --- Uniquene@1000: 0.84% --- Unique@10000: 0.53%

{'valid': 0.41513333333333335, 'unique@1000': 0.843, 'unique@10000': 0.5126, 'FCD/Test': 20.38195556692161, 'SNN/Test': 0.6050088470076336, 'Frag/Test': 0.8970435438077995, 'Scaf/Test': 0.18750490435349887, 'FCD/TestSF': 21.0942629604031, 'SNN/TestSF': 0.5327744249829381, 'Frag/TestSF': 0.8868296146957562, 'Scaf/TestSF': 0.02432848395744258, 'IntDiv': 0.7865268726098538, 'IntDiv2': 0.772430654216786, 'Filters': 0.9878753814035651, 'logP': 0.37816466909504304, 'SA': 0.23413518905726372, 'QED': 0.04658004066766709, 'weight': 9.670346497722129, 'Novelty': 0.9147093120106613}
Epoch: 32:
	Train Loss: 0.449 --- Reconstruction Loss: 0.436 --- KL Loss: 22.212 --- Beta: 0.000565
	Validity: 0.42% --- Uniquene@1000: 0.84% --- Unique@10000: 0.51%

/home/80027464/graphvae/metrics.py:527: UserWarning: Can't compute unique@10000.gen contains only 8121 molecules
  warnings.warn(
{'valid': 0.27070000000000005, 'unique@1000': 0.874, 'unique@10000': 0.6118704593030415, 'FCD/Test': 18.19498157987737, 'SNN/Test': 0.5895366207886295, 'Frag/Test': 0.8838957181869266, 'Scaf/Test': 0.20494658061706872, 'FCD/TestSF': 18.977257455515996, 'SNN/TestSF': 0.5312775845778516, 'Frag/TestSF': 0.8720448968961441, 'Scaf/TestSF': 0.038441330458527934, 'IntDiv': 0.7960760653161567, 'IntDiv2': 0.783683269549276, 'Filters': 0.9746336658047039, 'logP': 0.259007241178311, 'SA': 0.19035407584409647, 'QED': 0.05639436336176889, 'weight': 8.529293075844972, 'Novelty': 0.9337894948681827}
Epoch: 33:
	Train Loss: 0.443 --- Reconstruction Loss: 0.431 --- KL Loss: 21.589 --- Beta: 0.000580
	Validity: 0.27% --- Uniquene@1000: 0.87% --- Unique@10000: 0.61%

{'valid': 0.3967666666666667, 'unique@1000': 0.881, 'unique@10000': 0.5818, 'FCD/Test': 17.42477668848086, 'SNN/Test': 0.5751360916098877, 'Frag/Test': 0.8625427537394934, 'Scaf/Test': 0.15314562138716004, 'FCD/TestSF': 18.280869176328096, 'SNN/TestSF': 0.507665858167185, 'Frag/TestSF': 0.8504849323374831, 'Scaf/TestSF': 0.04239046615145414, 'IntDiv': 0.7916474266720295, 'IntDiv2': 0.7773907090754518, 'Filters': 0.9482483407544317, 'logP': 0.5277928118720415, 'SA': 0.14279172032193693, 'QED': 0.08053537241608368, 'weight': 8.000926867534693, 'Novelty': 0.9407306351371836}
Epoch: 34:
	Train Loss: 0.438 --- Reconstruction Loss: 0.426 --- KL Loss: 20.779 --- Beta: 0.000595
	Validity: 0.40% --- Uniquene@1000: 0.88% --- Unique@10000: 0.58%

{'valid': 0.35406666666666664, 'unique@1000': 0.91, 'unique@10000': 0.6402, 'FCD/Test': 17.708082597201127, 'SNN/Test': 0.581050346346477, 'Frag/Test': 0.9260725046981028, 'Scaf/Test': 0.25518182844578585, 'FCD/TestSF': 18.566636198702845, 'SNN/TestSF': 0.5119885712093248, 'Frag/TestSF': 0.9168692036579474, 'Scaf/TestSF': 0.020094481792047425, 'IntDiv': 0.8068228413427669, 'IntDiv2': 0.7930832230659461, 'Filters': 0.9556580681604218, 'logP': 0.49385826386362164, 'SA': 0.1565072821384189, 'QED': 0.03364477284812225, 'weight': 8.864908384708736, 'Novelty': 0.9339299030574199}
Epoch: 35:
	Train Loss: 0.432 --- Reconstruction Loss: 0.420 --- KL Loss: 20.166 --- Beta: 0.000610
	Validity: 0.35% --- Uniquene@1000: 0.91% --- Unique@10000: 0.64%

/home/80027464/graphvae/metrics.py:527: UserWarning: Can't compute unique@10000.gen contains only 9398 molecules
  warnings.warn(
{'valid': 0.3132666666666667, 'unique@1000': 0.875, 'unique@10000': 0.6106618429453076, 'FCD/Test': 15.809061636254633, 'SNN/Test': 0.5969907433542959, 'Frag/Test': 0.9413331589797733, 'Scaf/Test': 0.30595837539557147, 'FCD/TestSF': 16.2715045507191, 'SNN/TestSF': 0.5410140884790834, 'Frag/TestSF': 0.9351375390330625, 'Scaf/TestSF': 0.03288634726490014, 'IntDiv': 0.8090991316211157, 'IntDiv2': 0.7964882464839131, 'Filters': 0.964034901042775, 'logP': 0.46328967791615155, 'SA': 0.2422347374472178, 'QED': 0.030058588063923003, 'weight': 14.60360951438775, 'Novelty': 0.920195155950514}
Epoch: 36:
	Train Loss: 0.427 --- Reconstruction Loss: 0.415 --- KL Loss: 19.547 --- Beta: 0.000625
	Validity: 0.31% --- Uniquene@1000: 0.88% --- Unique@10000: 0.61%

{'valid': 0.4495, 'unique@1000': 0.921, 'unique@10000': 0.6959, 'FCD/Test': 16.360457273848567, 'SNN/Test': 0.5950380937242932, 'Frag/Test': 0.9232964901603826, 'Scaf/Test': 0.22169801128853428, 'FCD/TestSF': 17.068763743655794, 'SNN/TestSF': 0.5317694240691355, 'Frag/TestSF': 0.9154323140383068, 'Scaf/TestSF': 0.021287009064107854, 'IntDiv': 0.8082249293256962, 'IntDiv2': 0.7967229475532924, 'Filters': 0.9661846496106785, 'logP': 0.399390708694177, 'SA': 0.22541783761045003, 'QED': 0.027891068389471717, 'weight': 10.67299311571098, 'Novelty': 0.9243517474633597}
Epoch: 37:
	Train Loss: 0.421 --- Reconstruction Loss: 0.409 --- KL Loss: 18.816 --- Beta: 0.000640
	Validity: 0.45% --- Uniquene@1000: 0.92% --- Unique@10000: 0.70%

{'valid': 0.482, 'unique@1000': 0.929, 'unique@10000': 0.7539, 'FCD/Test': 15.764606807787104, 'SNN/Test': 0.5775970182684282, 'Frag/Test': 0.9060620269648711, 'Scaf/Test': 0.23509721714315146, 'FCD/TestSF': 16.285825794272924, 'SNN/TestSF': 0.5186773702409505, 'Frag/TestSF': 0.8991967046561039, 'Scaf/TestSF': 0.022285836377508805, 'IntDiv': 0.8239608360444318, 'IntDiv2': 0.8121301602085055, 'Filters': 0.9673582295988935, 'logP': 0.47949754332614264, 'SA': 0.19823400263445404, 'QED': 0.029376490480081854, 'weight': 9.683520289549309, 'Novelty': 0.9372693726937269}
Epoch: 38:
	Train Loss: 0.416 --- Reconstruction Loss: 0.404 --- KL Loss: 18.347 --- Beta: 0.000655
	Validity: 0.48% --- Uniquene@1000: 0.93% --- Unique@10000: 0.75%

{'valid': 0.4259333333333334, 'unique@1000': 0.931, 'unique@10000': 0.7219, 'FCD/Test': 14.623707855207627, 'SNN/Test': 0.5840228340725679, 'Frag/Test': 0.9251483202208599, 'Scaf/Test': 0.20440591030738064, 'FCD/TestSF': 15.187747720721049, 'SNN/TestSF': 0.5298469468267857, 'Frag/TestSF': 0.9179800990516949, 'Scaf/TestSF': 0.038073497911531806, 'IntDiv': 0.8149399910855896, 'IntDiv2': 0.8037733600866359, 'Filters': 0.9621223978713414, 'logP': 0.3947143897764494, 'SA': 0.19165566144649593, 'QED': 0.02827071951981703, 'weight': 10.230954378136959, 'Novelty': 0.9216464451751899}
Epoch: 39:
	Train Loss: 0.413 --- Reconstruction Loss: 0.401 --- KL Loss: 17.935 --- Beta: 0.000670
	Validity: 0.43% --- Uniquene@1000: 0.93% --- Unique@10000: 0.72%

{'valid': 0.36396666666666666, 'unique@1000': 0.94, 'unique@10000': 0.737, 'FCD/Test': 14.947631735511784, 'SNN/Test': 0.5794783849680267, 'Frag/Test': 0.9270863298002711, 'Scaf/Test': 0.2403702701777941, 'FCD/TestSF': 15.28866251914733, 'SNN/TestSF': 0.5228514091846695, 'Frag/TestSF': 0.921161976908927, 'Scaf/TestSF': 0.03098424261559074, 'IntDiv': 0.8243932309172886, 'IntDiv2': 0.8126457898859384, 'Filters': 0.9300302225478524, 'logP': 0.4345478131410769, 'SA': 0.14611399011091833, 'QED': 0.03128213741437765, 'weight': 9.275386605070608, 'Novelty': 0.9327008222643897}
Epoch: 40:
	Train Loss: 0.408 --- Reconstruction Loss: 0.396 --- KL Loss: 17.598 --- Beta: 0.000685
	Validity: 0.36% --- Uniquene@1000: 0.94% --- Unique@10000: 0.74%

{'valid': 0.34463333333333335, 'unique@1000': 0.954, 'unique@10000': 0.7862, 'FCD/Test': 14.524897018253384, 'SNN/Test': 0.5660598758243824, 'Frag/Test': 0.9398209178790033, 'Scaf/Test': 0.26410745979378547, 'FCD/TestSF': 15.078951150142466, 'SNN/TestSF': 0.5089606550352891, 'Frag/TestSF': 0.9341448789090979, 'Scaf/TestSF': 0.03924469509446482, 'IntDiv': 0.8211100782610169, 'IntDiv2': 0.8108966346100509, 'Filters': 0.9591836734693877, 'logP': 0.4864639090370207, 'SA': 0.1315085040685055, 'QED': 0.030958549458679072, 'weight': 5.1638332779077665, 'Novelty': 0.9501172984319052}
Epoch: 41:
	Train Loss: 0.404 --- Reconstruction Loss: 0.392 --- KL Loss: 17.115 --- Beta: 0.000700
	Validity: 0.34% --- Uniquene@1000: 0.95% --- Unique@10000: 0.79%

{'valid': 0.5040666666666667, 'unique@1000': 0.972, 'unique@10000': 0.8225, 'FCD/Test': 14.461124505518171, 'SNN/Test': 0.5706535471430091, 'Frag/Test': 0.9215126167476078, 'Scaf/Test': 0.3146698583427865, 'FCD/TestSF': 15.133566652387472, 'SNN/TestSF': 0.5172281652214019, 'Frag/TestSF': 0.9165103324610413, 'Scaf/TestSF': 0.032510202170839775, 'IntDiv': 0.827467545237637, 'IntDiv2': 0.8173497753650373, 'Filters': 0.9641581801349028, 'logP': 0.39504693345251546, 'SA': 0.19240821312440598, 'QED': 0.027059730024239906, 'weight': 11.828895020341834, 'Novelty': 0.9384863397250975}
Epoch: 42:
	Train Loss: 0.399 --- Reconstruction Loss: 0.387 --- KL Loss: 16.670 --- Beta: 0.000715
	Validity: 0.50% --- Uniquene@1000: 0.97% --- Unique@10000: 0.82%

{'valid': 0.4948, 'unique@1000': 0.977, 'unique@10000': 0.8108, 'FCD/Test': 14.762799511285465, 'SNN/Test': 0.5686441255797116, 'Frag/Test': 0.9144542655195282, 'Scaf/Test': 0.25457768828445027, 'FCD/TestSF': 15.314136534558621, 'SNN/TestSF': 0.5152125221385255, 'Frag/TestSF': 0.9095312830793753, 'Scaf/TestSF': 0.03331504561300913, 'IntDiv': 0.8255285047211869, 'IntDiv2': 0.8149826348310973, 'Filters': 0.9616006467259499, 'logP': 0.3553310784860469, 'SA': 0.15145077229595214, 'QED': 0.02669555104714298, 'weight': 13.450351158026969, 'Novelty': 0.9439186820890291}
Epoch: 43:
	Train Loss: 0.396 --- Reconstruction Loss: 0.384 --- KL Loss: 16.455 --- Beta: 0.000730
	Validity: 0.49% --- Uniquene@1000: 0.98% --- Unique@10000: 0.81%

{'valid': 0.3876333333333334, 'unique@1000': 0.968, 'unique@10000': 0.8156, 'FCD/Test': 13.711748869732233, 'SNN/Test': 0.5652317625913096, 'Frag/Test': 0.918578257248301, 'Scaf/Test': 0.19607859563931607, 'FCD/TestSF': 14.297505739747962, 'SNN/TestSF': 0.5155466090708712, 'Frag/TestSF': 0.9115168180684751, 'Scaf/TestSF': 0.028018202316627883, 'IntDiv': 0.8255771971882742, 'IntDiv2': 0.8145843792493352, 'Filters': 0.9558001547854502, 'logP': 0.16354877220462963, 'SA': 0.12002682998798589, 'QED': 0.021125592653884428, 'weight': 15.401546930922516, 'Novelty': 0.9464631262094173}
Epoch: 44:
	Train Loss: 0.392 --- Reconstruction Loss: 0.380 --- KL Loss: 16.202 --- Beta: 0.000745
	Validity: 0.39% --- Uniquene@1000: 0.97% --- Unique@10000: 0.82%

{'valid': 0.47276666666666667, 'unique@1000': 0.967, 'unique@10000': 0.8373, 'FCD/Test': 13.543769937580933, 'SNN/Test': 0.5626136577165927, 'Frag/Test': 0.8938615068688404, 'Scaf/Test': 0.25080247234133446, 'FCD/TestSF': 14.077644748167806, 'SNN/TestSF': 0.5166689148828727, 'Frag/TestSF': 0.8887326479109506, 'Scaf/TestSF': 0.049162980943372014, 'IntDiv': 0.8319293622557754, 'IntDiv2': 0.8215284993129561, 'Filters': 0.9595995205527744, 'logP': 0.30593160844824485, 'SA': 0.13434099799979907, 'QED': 0.029521420661615953, 'weight': 13.19441026306451, 'Novelty': 0.9402670414617006}
Epoch: 45:
	Train Loss: 0.389 --- Reconstruction Loss: 0.377 --- KL Loss: 16.030 --- Beta: 0.000760
	Validity: 0.47% --- Uniquene@1000: 0.97% --- Unique@10000: 0.84%

{'valid': 0.4689333333333333, 'unique@1000': 0.969, 'unique@10000': 0.8551, 'FCD/Test': 13.664856066436755, 'SNN/Test': 0.5609423284039414, 'Frag/Test': 0.9006697878265942, 'Scaf/Test': 0.20728919312723038, 'FCD/TestSF': 14.3125626757761, 'SNN/TestSF': 0.5055008078635349, 'Frag/TestSF': 0.8949086922473204, 'Scaf/TestSF': 0.03376731899512586, 'IntDiv': 0.8317100554433406, 'IntDiv2': 0.8214363832185687, 'Filters': 0.9621836792721069, 'logP': 0.301284182703489, 'SA': 0.09374862112580835, 'QED': 0.02403714037699907, 'weight': 13.183242675636743, 'Novelty': 0.9451309081482762}
Epoch: 46:
	Train Loss: 0.385 --- Reconstruction Loss: 0.373 --- KL Loss: 15.802 --- Beta: 0.000775
	Validity: 0.47% --- Uniquene@1000: 0.97% --- Unique@10000: 0.86%

{'valid': 0.5911666666666666, 'unique@1000': 0.979, 'unique@10000': 0.8558, 'FCD/Test': 14.527497032783614, 'SNN/Test': 0.5751395591109579, 'Frag/Test': 0.9053037765366362, 'Scaf/Test': 0.2989885415789827, 'FCD/TestSF': 15.398263523221075, 'SNN/TestSF': 0.5195184003686717, 'Frag/TestSF': 0.8987625482497963, 'Scaf/TestSF': 0.0491285575097985, 'IntDiv': 0.81849964111902, 'IntDiv2': 0.8079707261322266, 'Filters': 0.9732168029320553, 'logP': 0.290645166161062, 'SA': 0.20769283042990555, 'QED': 0.03100845722731556, 'weight': 15.149621237341549, 'Novelty': 0.936541737649063}
Epoch: 47:
	Train Loss: 0.382 --- Reconstruction Loss: 0.369 --- KL Loss: 15.645 --- Beta: 0.000790
	Validity: 0.59% --- Uniquene@1000: 0.98% --- Unique@10000: 0.86%

{'valid': 0.7163333333333333, 'unique@1000': 0.97, 'unique@10000': 0.8622, 'FCD/Test': 14.194055315181117, 'SNN/Test': 0.5793696508172114, 'Frag/Test': 0.893730016763168, 'Scaf/Test': 0.28170562714767244, 'FCD/TestSF': 14.717312513551448, 'SNN/TestSF': 0.5296022980670254, 'Frag/TestSF': 0.8853482292847284, 'Scaf/TestSF': 0.048391023405006894, 'IntDiv': 0.8217588301173497, 'IntDiv2': 0.8115688741121392, 'Filters': 0.9683108422522103, 'logP': 0.13616942410187827, 'SA': 0.1930010201546471, 'QED': 0.03179976806144091, 'weight': 17.792505985261638, 'Novelty': 0.9299606252237204}
Epoch: 48:
	Train Loss: 0.378 --- Reconstruction Loss: 0.366 --- KL Loss: 15.488 --- Beta: 0.000805
	Validity: 0.72% --- Uniquene@1000: 0.97% --- Unique@10000: 0.86%

{'valid': 0.5468333333333333, 'unique@1000': 0.974, 'unique@10000': 0.8707, 'FCD/Test': 13.348305944259067, 'SNN/Test': 0.5538443737115776, 'Frag/Test': 0.9099722448422455, 'Scaf/Test': 0.2657169341492531, 'FCD/TestSF': 14.000167931426688, 'SNN/TestSF': 0.5088860599906007, 'Frag/TestSF': 0.9038538295610025, 'Scaf/TestSF': 0.048477630907032276, 'IntDiv': 0.832856848092496, 'IntDiv2': 0.8224585589575704, 'Filters': 0.9545260591283146, 'logP': 0.2207613589597178, 'SA': 0.08171032555684861, 'QED': 0.019506648467675348, 'weight': 19.326425165152095, 'Novelty': 0.9491313309776207}
Epoch: 49:
	Train Loss: 0.375 --- Reconstruction Loss: 0.362 --- KL Loss: 15.268 --- Beta: 0.000820
	Validity: 0.55% --- Uniquene@1000: 0.97% --- Unique@10000: 0.87%

{'valid': 0.5227666666666666, 'unique@1000': 0.981, 'unique@10000': 0.8684, 'FCD/Test': 14.173858222569237, 'SNN/Test': 0.5677223615678515, 'Frag/Test': 0.9088256635511018, 'Scaf/Test': 0.2444206041621123, 'FCD/TestSF': 14.904803594333167, 'SNN/TestSF': 0.5174440613107582, 'Frag/TestSF': 0.9010461910799398, 'Scaf/TestSF': 0.0627973256842258, 'IntDiv': 0.8259644423557164, 'IntDiv2': 0.8156169592513103, 'Filters': 0.9729005929987885, 'logP': 0.13675746779731734, 'SA': 0.1525229040172516, 'QED': 0.022143227830456837, 'weight': 18.175690439469804, 'Novelty': 0.9359073958980734}
Epoch: 50:
	Train Loss: 0.371 --- Reconstruction Loss: 0.359 --- KL Loss: 15.148 --- Beta: 0.000835
	Validity: 0.52% --- Uniquene@1000: 0.98% --- Unique@10000: 0.87%

{'valid': 0.6881666666666666, 'unique@1000': 0.98, 'unique@10000': 0.8806, 'FCD/Test': 13.658199293124987, 'SNN/Test': 0.5685728428164011, 'Frag/Test': 0.9066759851213632, 'Scaf/Test': 0.33991240453547733, 'FCD/TestSF': 14.138003723895437, 'SNN/TestSF': 0.5219130324931952, 'Frag/TestSF': 0.9011901461487004, 'Scaf/TestSF': 0.06264858000736273, 'IntDiv': 0.8318708473646748, 'IntDiv2': 0.821844959571896, 'Filters': 0.9677403729716638, 'logP': 0.20205430768744545, 'SA': 0.15891340817547883, 'QED': 0.02022910873915405, 'weight': 15.55019419409992, 'Novelty': 0.9272716530781047}
Epoch: 51:
	Train Loss: 0.369 --- Reconstruction Loss: 0.356 --- KL Loss: 15.006 --- Beta: 0.000850
	Validity: 0.69% --- Uniquene@1000: 0.98% --- Unique@10000: 0.88%

{'valid': 0.6208333333333333, 'unique@1000': 0.981, 'unique@10000': 0.8884, 'FCD/Test': 12.853961806071709, 'SNN/Test': 0.5664812063858813, 'Frag/Test': 0.9111338036705315, 'Scaf/Test': 0.32122121704476236, 'FCD/TestSF': 13.498779176033693, 'SNN/TestSF': 0.5183667904698609, 'Frag/TestSF': 0.9034255632169785, 'Scaf/TestSF': 0.061118944140934994, 'IntDiv': 0.8276431761125185, 'IntDiv2': 0.8179898493779971, 'Filters': 0.9627919463087248, 'logP': 0.15228815792704306, 'SA': 0.13744943467198945, 'QED': 0.02567802415838287, 'weight': 14.149298123572683, 'Novelty': 0.9408481426830051}
Epoch: 52:
	Train Loss: 0.366 --- Reconstruction Loss: 0.353 --- KL Loss: 14.853 --- Beta: 0.000865
	Validity: 0.62% --- Uniquene@1000: 0.98% --- Unique@10000: 0.89%

{'valid': 0.5860333333333334, 'unique@1000': 0.972, 'unique@10000': 0.8545, 'FCD/Test': 13.169549389621196, 'SNN/Test': 0.5686055774758154, 'Frag/Test': 0.9215385587727802, 'Scaf/Test': 0.27596067119918755, 'FCD/TestSF': 13.62688329642144, 'SNN/TestSF': 0.5200382106696493, 'Frag/TestSF': 0.9168023675944577, 'Scaf/TestSF': 0.046275759219843726, 'IntDiv': 0.8362614570624164, 'IntDiv2': 0.826060859599985, 'Filters': 0.9707638928388601, 'logP': 0.16147919672245906, 'SA': 0.1549084649298399, 'QED': 0.017779480817215636, 'weight': 20.989269384752305, 'Novelty': 0.9278723404255319}
Epoch: 53:
	Train Loss: 0.363 --- Reconstruction Loss: 0.350 --- KL Loss: 14.672 --- Beta: 0.000880
	Validity: 0.59% --- Uniquene@1000: 0.97% --- Unique@10000: 0.85%

slurmstepd: error: *** JOB 8257237 ON hpctpa3pc0059 CANCELLED AT 2024-02-15T10:04:48 ***
