2024-02-15 05:35:41.716473: E external/local_xla/xla/stream_executor/cuda/cuda_dnn.cc:9261] Unable to register cuDNN factory: Attempting to register factory for plugin cuDNN when one has already been registered
2024-02-15 05:35:41.716549: E external/local_xla/xla/stream_executor/cuda/cuda_fft.cc:607] Unable to register cuFFT factory: Attempting to register factory for plugin cuFFT when one has already been registered
2024-02-15 05:35:41.717482: E external/local_xla/xla/stream_executor/cuda/cuda_blas.cc:1515] Unable to register cuBLAS factory: Attempting to register factory for plugin cuBLAS when one has already been registered
2024-02-15 05:35:41.724179: I tensorflow/core/platform/cpu_feature_guard.cc:182] This TensorFlow binary is optimized to use available CPU instructions in performance-critical operations.
To enable the following instructions: AVX2 FMA, in other operations, rebuild TensorFlow with the appropriate compiler flags.
2024-02-15 05:35:43.036518: W tensorflow/compiler/tf2tensorrt/utils/py_utils.cc:38] TF-TRT Warning: Could not find TensorRT

Arguments:
	data_path: data/moses_train.txt
	max_len: 30
	batch: 128
	d_model: 512
	d_latent: 256
	d_ff: 1024
	e_heads: 1
	d_heads: 8
	n_layers: 8
	dropout: 0.5
	lr: 0.0005
	n_epochs: 100
	kl_type: monotonic
	kl_w_start: 0.0001
	kl_w_end: 0.001
	kl_cycle: 4
	kl_ratio: 0.9
	save_name: klcompare

Number of data: 88192

SMILES Vocab:
	 {'<START>': 0, '<END>': 1, '<PAD>': 2, 'C': 3, 'O': 4, 'c': 5, '1': 6, '(': 7, '=': 8, ')': 9, 'N': 10, 'n': 11, '2': 12, 'F': 13, 'Cl': 14, 'Br': 15, '#': 16, '3': 17, 'S': 18, 'o': 19, '-': 20, 's': 21, '[nH]': 22, '4': 23}

Graph Vocab:
	 {'C': 0, 'O': 1, 'N': 2, 'F': 3, 'Cl': 4, 'Br': 5, 'S': 6}


KL Annealer: [0.0001, 0.000109, 0.00011800000000000001, 0.000127, 0.000136, 0.000145, 0.000154, 0.000163, 0.000172, 0.000181, 0.00019, 0.000199, 0.00020800000000000001, 0.00021700000000000002, 0.00022600000000000002, 0.00023500000000000002, 0.00024400000000000002, 0.000253, 0.000262, 0.00027100000000000003, 0.00028000000000000003, 0.00028900000000000003, 0.00029800000000000003, 0.00030700000000000004, 0.000316, 0.000325, 0.000334, 0.000343, 0.000352, 0.000361, 0.00037, 0.000379, 0.000388, 0.000397, 0.000406, 0.000415, 0.000424, 0.000433, 0.000442, 0.000451, 0.00046, 0.000469, 0.000478, 0.000487, 0.000496, 0.000505, 0.000514, 0.000523, 0.000532, 0.000541, 0.00055, 0.000559, 0.000568, 0.000577, 0.000586, 0.000595, 0.000604, 0.000613, 0.000622, 0.000631, 0.00064, 0.0006490000000000001, 0.0006580000000000001, 0.0006670000000000001, 0.0006760000000000001, 0.0006850000000000001, 0.0006940000000000001, 0.0007030000000000001, 0.0007120000000000001, 0.0007210000000000001, 0.0007300000000000001, 0.0007390000000000001, 0.0007480000000000001, 0.0007570000000000001, 0.0007660000000000001, 0.0007750000000000001, 0.0007840000000000001, 0.0007930000000000001, 0.0008020000000000001, 0.0008110000000000001, 0.0008200000000000001, 0.0008290000000000001, 0.0008380000000000001, 0.0008470000000000001, 0.0008560000000000001, 0.0008650000000000001, 0.0008740000000000001, 0.0008830000000000001, 0.0008920000000000001, 0.0009010000000000001, 0.0009100000000000001, 0.0009190000000000001, 0.0009280000000000001, 0.0009370000000000001, 0.0009460000000000001, 0.0009550000000000001, 0.000964, 0.000973, 0.000982, 0.000991]




#########################################################################
######################### START TRAINING ################################
#########################################################################




{'valid': 0.6578999999999999, 'unique@1000': 0.107, 'unique@10000': 0.0248, 'FCD/Test': None, 'SNN/Test': 0.6312824495855107, 'Frag/Test': 0.7784248951909871, 'Scaf/Test': 0.09512374854980266, 'FCD/TestSF': None, 'SNN/TestSF': 0.5961836932045158, 'Frag/TestSF': 0.7695670247152733, 'Scaf/TestSF': 0.0009366413842046839, 'IntDiv': 0.5532756179067416, 'IntDiv2': 0.5188899945284721, 'Filters': 0.9396564827481381, 'logP': 0.29459767076966675, 'SA': 0.45670194088087807, 'QED': 0.17373637443072582, 'weight': 19.13431763949731, 'Novelty': 0.9105960264900662}
Epoch: 31:
	Train Loss: 0.874 --- Reconstruction Loss: 0.576 --- KL Loss: 804.653 --- Beta: 0.000370
	Validity: 0.66% --- Uniquene@1000: 0.11% --- Unique@10000: 0.02%

{'valid': 0.5828333333333333, 'unique@1000': 0.121, 'unique@10000': 0.0257, 'FCD/Test': None, 'SNN/Test': 0.5873029455478648, 'Frag/Test': 0.7908531872868321, 'Scaf/Test': 0.0717878311920328, 'FCD/TestSF': None, 'SNN/TestSF': 0.5414413025694845, 'Frag/TestSF': 0.7811293528252292, 'Scaf/TestSF': 0.006156749944806972, 'IntDiv': 0.5290477143653123, 'IntDiv2': 0.4993074823278111, 'Filters': 0.9913640263082643, 'logP': 0.3401612589817463, 'SA': 0.3734167533337415, 'QED': 0.15036344820791375, 'weight': 18.03697224141688, 'Novelty': 0.9573770491803278}
Epoch: 32:
	Train Loss: 0.769 --- Reconstruction Loss: 0.557 --- KL Loss: 560.031 --- Beta: 0.000379
	Validity: 0.58% --- Uniquene@1000: 0.12% --- Unique@10000: 0.03%

{'valid': 0.7155333333333334, 'unique@1000': 0.098, 'unique@10000': 0.0242, 'FCD/Test': None, 'SNN/Test': 0.585135866662868, 'Frag/Test': 0.7362017304162944, 'Scaf/Test': 0.14343902485651472, 'FCD/TestSF': None, 'SNN/TestSF': 0.5856142684402198, 'Frag/TestSF': 0.7269785993599978, 'Scaf/TestSF': 0.0, 'IntDiv': 0.5177294154512202, 'IntDiv2': 0.4909385125686334, 'Filters': 0.9896580639150284, 'logP': 0.30174670007252014, 'SA': 0.24329291519453264, 'QED': 0.17580808783363344, 'weight': 20.2861562297443, 'Novelty': 0.939297124600639}
Epoch: 33:
	Train Loss: 0.697 --- Reconstruction Loss: 0.541 --- KL Loss: 401.620 --- Beta: 0.000388
	Validity: 0.72% --- Uniquene@1000: 0.10% --- Unique@10000: 0.02%

{'valid': 0.5521333333333334, 'unique@1000': 0.13, 'unique@10000': 0.0405, 'FCD/Test': 40.04776831031214, 'SNN/Test': 0.5998924006297519, 'Frag/Test': 0.8000977918692959, 'Scaf/Test': 0.09946912985526812, 'FCD/TestSF': 40.936387030189564, 'SNN/TestSF': 0.5445260593991037, 'Frag/TestSF': 0.7896600997632975, 'Scaf/TestSF': 0.0020810670647329887, 'IntDiv': 0.5885760541037419, 'IntDiv2': 0.5554912343996123, 'Filters': 0.9885293407389519, 'logP': 0.5627012085639245, 'SA': 0.3828996273909606, 'QED': 0.19136434890483522, 'weight': 16.618231884088488, 'Novelty': 0.9263803680981595}
Epoch: 34:
	Train Loss: 0.610 --- Reconstruction Loss: 0.525 --- KL Loss: 211.974 --- Beta: 0.000397
	Validity: 0.55% --- Uniquene@1000: 0.13% --- Unique@10000: 0.04%

{'valid': 0.6654333333333333, 'unique@1000': 0.201, 'unique@10000': 0.0608, 'FCD/Test': 37.66492280152182, 'SNN/Test': 0.593641096960535, 'Frag/Test': 0.8153412503041377, 'Scaf/Test': 0.09941220521857375, 'FCD/TestSF': 38.74843410232118, 'SNN/TestSF': 0.5572664752764555, 'Frag/TestSF': 0.8072614208496042, 'Scaf/TestSF': 0.01841333592224348, 'IntDiv': 0.5897307310085771, 'IntDiv2': 0.562201029972251, 'Filters': 0.9763562590792967, 'logP': 0.2706849076521458, 'SA': 0.3973003788055697, 'QED': 0.1736470153585126, 'weight': 21.91078459134145, 'Novelty': 0.8863080684596577}
Epoch: 35:
	Train Loss: 0.556 --- Reconstruction Loss: 0.513 --- KL Loss: 106.649 --- Beta: 0.000406
	Validity: 0.67% --- Uniquene@1000: 0.20% --- Unique@10000: 0.06%

{'valid': 0.6792, 'unique@1000': 0.229, 'unique@10000': 0.077, 'FCD/Test': 37.78227834158086, 'SNN/Test': 0.6396653957176451, 'Frag/Test': 0.8414688595728261, 'Scaf/Test': 0.07070493395705824, 'FCD/TestSF': 38.832601874527114, 'SNN/TestSF': 0.5479273916074796, 'Frag/TestSF': 0.8317523547952183, 'Scaf/TestSF': 0.020163766030236063, 'IntDiv': 0.595828535616264, 'IntDiv2': 0.5690561074317814, 'Filters': 0.9901845308205732, 'logP': 0.2589465872415295, 'SA': 0.4253202013619852, 'QED': 0.16833838849433386, 'weight': 19.35282567950059, 'Novelty': 0.912067352666043}
Epoch: 36:
	Train Loss: 0.534 --- Reconstruction Loss: 0.501 --- KL Loss: 78.545 --- Beta: 0.000415
	Validity: 0.68% --- Uniquene@1000: 0.23% --- Unique@10000: 0.08%

{'valid': 0.7165, 'unique@1000': 0.294, 'unique@10000': 0.0978, 'FCD/Test': 34.35471033257181, 'SNN/Test': 0.6235196967697831, 'Frag/Test': 0.8399300853204876, 'Scaf/Test': 0.0293111635935841, 'FCD/TestSF': 35.52725912718246, 'SNN/TestSF': 0.5561529409763396, 'Frag/TestSF': 0.8312599302926519, 'Scaf/TestSF': 0.007218649628450868, 'IntDiv': 0.6431743256095812, 'IntDiv2': 0.6203745480755904, 'Filters': 0.9812049313793906, 'logP': 0.3103326085038978, 'SA': 0.3796215155613622, 'QED': 0.15830250008702285, 'weight': 19.320517096879893, 'Novelty': 0.9074344023323615}
Epoch: 37:
	Train Loss: 0.517 --- Reconstruction Loss: 0.491 --- KL Loss: 61.031 --- Beta: 0.000424
	Validity: 0.72% --- Uniquene@1000: 0.29% --- Unique@10000: 0.10%

{'valid': 0.8422333333333334, 'unique@1000': 0.357, 'unique@10000': 0.1326, 'FCD/Test': 32.29942800164042, 'SNN/Test': 0.617999899470868, 'Frag/Test': 0.8415712533214222, 'Scaf/Test': 0.12329616457942039, 'FCD/TestSF': 33.497769367898776, 'SNN/TestSF': 0.5620874616053502, 'Frag/TestSF': 0.8338861530703195, 'Scaf/TestSF': 0.00840229699126882, 'IntDiv': 0.6439920814105426, 'IntDiv2': 0.6165494159851536, 'Filters': 0.9650928088019947, 'logP': 0.3058362082377771, 'SA': 0.4447698719795258, 'QED': 0.14561190685444342, 'weight': 17.655780821989772, 'Novelty': 0.8898426323319027}
Epoch: 38:
	Train Loss: 0.503 --- Reconstruction Loss: 0.483 --- KL Loss: 47.625 --- Beta: 0.000433
	Validity: 0.84% --- Uniquene@1000: 0.36% --- Unique@10000: 0.13%

{'valid': 0.7558, 'unique@1000': 0.381, 'unique@10000': 0.1532, 'FCD/Test': 27.79882367667875, 'SNN/Test': 0.641513837220293, 'Frag/Test': 0.856971528795871, 'Scaf/Test': 0.20014291189350053, 'FCD/TestSF': 29.00176502002796, 'SNN/TestSF': 0.5495636274511877, 'Frag/TestSF': 0.8463529976454701, 'Scaf/TestSF': 0.022824746281774333, 'IntDiv': 0.6716298922111048, 'IntDiv2': 0.6443004856890715, 'Filters': 0.981432477727794, 'logP': 0.3604961892549982, 'SA': 0.44108587401884874, 'QED': 0.14615218828875434, 'weight': 13.7708533436378, 'Novelty': 0.8873971416197488}
Epoch: 39:
	Train Loss: 0.491 --- Reconstruction Loss: 0.473 --- KL Loss: 40.868 --- Beta: 0.000442
	Validity: 0.76% --- Uniquene@1000: 0.38% --- Unique@10000: 0.15%

{'valid': 0.8133666666666667, 'unique@1000': 0.456, 'unique@10000': 0.1874, 'FCD/Test': 29.736700958292197, 'SNN/Test': 0.6185526841280671, 'Frag/Test': 0.8153264368744058, 'Scaf/Test': 0.16537941211220208, 'FCD/TestSF': 31.209437810210744, 'SNN/TestSF': 0.5480423049039369, 'Frag/TestSF': 0.8030063550525025, 'Scaf/TestSF': 0.020135862426217788, 'IntDiv': 0.708162927368607, 'IntDiv2': 0.6839276682259519, 'Filters': 0.9938117290274989, 'logP': 0.2135212216146165, 'SA': 0.4244624004147899, 'QED': 0.15659700355775727, 'weight': 13.276269007966194, 'Novelty': 0.892678034102307}
Epoch: 40:
	Train Loss: 0.479 --- Reconstruction Loss: 0.463 --- KL Loss: 36.439 --- Beta: 0.000451
	Validity: 0.81% --- Uniquene@1000: 0.46% --- Unique@10000: 0.19%

{'valid': 0.7778333333333334, 'unique@1000': 0.532, 'unique@10000': 0.2259, 'FCD/Test': 25.723117014241083, 'SNN/Test': 0.648575842130202, 'Frag/Test': 0.8555635466101229, 'Scaf/Test': 0.18709180016338967, 'FCD/TestSF': 26.950870063770637, 'SNN/TestSF': 0.5866642527363657, 'Frag/TestSF': 0.8446587480889531, 'Scaf/TestSF': 0.024380969984292067, 'IntDiv': 0.7239050887611295, 'IntDiv2': 0.69948214381161, 'Filters': 0.9776301692736233, 'logP': 0.3048624832231445, 'SA': 0.4801642905800532, 'QED': 0.11157581962003577, 'weight': 13.632975063507354, 'Novelty': 0.8747908533184606}
Epoch: 41:
	Train Loss: 0.469 --- Reconstruction Loss: 0.454 --- KL Loss: 33.149 --- Beta: 0.000460
	Validity: 0.78% --- Uniquene@1000: 0.53% --- Unique@10000: 0.23%

{'valid': 0.7530333333333333, 'unique@1000': 0.675, 'unique@10000': 0.3065, 'FCD/Test': 24.893216707414055, 'SNN/Test': 0.63670500622191, 'Frag/Test': 0.8785989653574069, 'Scaf/Test': 0.21403412808817146, 'FCD/TestSF': 26.028404620092118, 'SNN/TestSF': 0.5629190347327226, 'Frag/TestSF': 0.8687981832567694, 'Scaf/TestSF': 0.028730658912346607, 'IntDiv': 0.7654682887261826, 'IntDiv2': 0.7435159308748052, 'Filters': 0.9956619892877695, 'logP': 0.38508130008376634, 'SA': 0.4133854831872509, 'QED': 0.06800538080618025, 'weight': 12.875081483170572, 'Novelty': 0.8982880161127895}
Epoch: 42:
	Train Loss: 0.459 --- Reconstruction Loss: 0.444 --- KL Loss: 30.555 --- Beta: 0.000469
	Validity: 0.75% --- Uniquene@1000: 0.68% --- Unique@10000: 0.31%

{'valid': 0.7966333333333333, 'unique@1000': 0.673, 'unique@10000': 0.3124, 'FCD/Test': 23.7219766261698, 'SNN/Test': 0.6303620889007888, 'Frag/Test': 0.8489635975855591, 'Scaf/Test': 0.16820926334401598, 'FCD/TestSF': 24.980021168851593, 'SNN/TestSF': 0.5509127623838153, 'Frag/TestSF': 0.8374367725189413, 'Scaf/TestSF': 0.014428620476124365, 'IntDiv': 0.7717821229011923, 'IntDiv2': 0.7516507088750815, 'Filters': 0.9870705887275618, 'logP': 0.2625468552716509, 'SA': 0.3727102329206119, 'QED': 0.06917290207833172, 'weight': 13.378487567778086, 'Novelty': 0.8959493184872336}
Epoch: 43:
	Train Loss: 0.450 --- Reconstruction Loss: 0.436 --- KL Loss: 28.406 --- Beta: 0.000478
	Validity: 0.80% --- Uniquene@1000: 0.67% --- Unique@10000: 0.31%

{'valid': 0.8166333333333333, 'unique@1000': 0.715, 'unique@10000': 0.3717, 'FCD/Test': 21.861788986034057, 'SNN/Test': 0.6314633118872244, 'Frag/Test': 0.8769170112221705, 'Scaf/Test': 0.21794177919434965, 'FCD/TestSF': 23.103870549521105, 'SNN/TestSF': 0.5466478953357035, 'Frag/TestSF': 0.8648217767546473, 'Scaf/TestSF': 0.043194917898826235, 'IntDiv': 0.777074626247553, 'IntDiv2': 0.7582478808970209, 'Filters': 0.9924078533817707, 'logP': 0.3100748912383847, 'SA': 0.3960282247851633, 'QED': 0.06288293910033431, 'weight': 13.752560704985049, 'Novelty': 0.8933922094306892}
Epoch: 44:
	Train Loss: 0.442 --- Reconstruction Loss: 0.429 --- KL Loss: 27.123 --- Beta: 0.000487
	Validity: 0.82% --- Uniquene@1000: 0.71% --- Unique@10000: 0.37%

{'valid': 0.8763333333333333, 'unique@1000': 0.761, 'unique@10000': 0.3884, 'FCD/Test': 21.381573019481934, 'SNN/Test': 0.6339266352834426, 'Frag/Test': 0.8716081340459887, 'Scaf/Test': 0.19976510061799047, 'FCD/TestSF': 22.567543997042073, 'SNN/TestSF': 0.5461193771972634, 'Frag/TestSF': 0.8595837659951079, 'Scaf/TestSF': 0.037347197479757344, 'IntDiv': 0.7862175736759264, 'IntDiv2': 0.7705546835690245, 'Filters': 0.9945606694560669, 'logP': 0.3150347090774705, 'SA': 0.35385102782313615, 'QED': 0.04063514316078734, 'weight': 11.369323542694408, 'Novelty': 0.8881118881118881}
Epoch: 45:
	Train Loss: 0.433 --- Reconstruction Loss: 0.421 --- KL Loss: 25.689 --- Beta: 0.000496
	Validity: 0.88% --- Uniquene@1000: 0.76% --- Unique@10000: 0.39%

{'valid': 0.8430333333333333, 'unique@1000': 0.819, 'unique@10000': 0.4728, 'FCD/Test': 21.931185348269437, 'SNN/Test': 0.6232553675365987, 'Frag/Test': 0.8842434331803685, 'Scaf/Test': 0.2962817980987784, 'FCD/TestSF': 23.289593543654952, 'SNN/TestSF': 0.5354201708768621, 'Frag/TestSF': 0.87328333991758, 'Scaf/TestSF': 0.030870949790927305, 'IntDiv': 0.7822854963650845, 'IntDiv2': 0.7679686008932545, 'Filters': 0.9929619232137915, 'logP': 0.35349354105923814, 'SA': 0.3289759585559473, 'QED': 0.032748362511855506, 'weight': 11.225117323573835, 'Novelty': 0.8915804327375353}
Epoch: 46:
	Train Loss: 0.426 --- Reconstruction Loss: 0.414 --- KL Loss: 24.740 --- Beta: 0.000505
	Validity: 0.84% --- Uniquene@1000: 0.82% --- Unique@10000: 0.47%

{'valid': 0.7697666666666667, 'unique@1000': 0.812, 'unique@10000': 0.4552, 'FCD/Test': 18.92106438109858, 'SNN/Test': 0.6289415176079798, 'Frag/Test': 0.922193694051751, 'Scaf/Test': 0.24830290462996696, 'FCD/TestSF': 20.057655791402148, 'SNN/TestSF': 0.5429247873815303, 'Frag/TestSF': 0.9115242798071204, 'Scaf/TestSF': 0.05170362604014733, 'IntDiv': 0.7967927055465246, 'IntDiv2': 0.7835978422898345, 'Filters': 0.988611267483653, 'logP': 0.33560748005938723, 'SA': 0.32852085958333627, 'QED': 0.01724135184408801, 'weight': 15.51093515857679, 'Novelty': 0.8594031386673527}
Epoch: 47:
	Train Loss: 0.420 --- Reconstruction Loss: 0.407 --- KL Loss: 23.527 --- Beta: 0.000514
	Validity: 0.77% --- Uniquene@1000: 0.81% --- Unique@10000: 0.46%

{'valid': 0.8081333333333334, 'unique@1000': 0.834, 'unique@10000': 0.5083, 'FCD/Test': 20.859036199150808, 'SNN/Test': 0.6146907684127552, 'Frag/Test': 0.8710206187891223, 'Scaf/Test': 0.21903096996106552, 'FCD/TestSF': 22.075927775259814, 'SNN/TestSF': 0.5235159505251472, 'Frag/TestSF': 0.8588419291618358, 'Scaf/TestSF': 0.04887898888903697, 'IntDiv': 0.7946819062347583, 'IntDiv2': 0.7792462994418152, 'Filters': 0.988079524830886, 'logP': 0.27406497587245726, 'SA': 0.28380073045100573, 'QED': 0.03545939981763925, 'weight': 17.31590728683308, 'Novelty': 0.8872196821249728}
Epoch: 48:
	Train Loss: 0.413 --- Reconstruction Loss: 0.401 --- KL Loss: 22.754 --- Beta: 0.000523
	Validity: 0.81% --- Uniquene@1000: 0.83% --- Unique@10000: 0.51%

{'valid': 0.8413666666666667, 'unique@1000': 0.872, 'unique@10000': 0.5637, 'FCD/Test': 18.256235057966414, 'SNN/Test': 0.6208617997374466, 'Frag/Test': 0.8990189297266481, 'Scaf/Test': 0.25418019809478976, 'FCD/TestSF': 19.258269469087864, 'SNN/TestSF': 0.542589929454428, 'Frag/TestSF': 0.8878618158293365, 'Scaf/TestSF': 0.06291099621577168, 'IntDiv': 0.8048359255604431, 'IntDiv2': 0.7918950615440475, 'Filters': 0.9866883245513253, 'logP': 0.37232526586717335, 'SA': 0.33824270495756564, 'QED': 0.016663688623370553, 'weight': 20.149905348057054, 'Novelty': 0.8748692592944756}
Epoch: 49:
	Train Loss: 0.408 --- Reconstruction Loss: 0.396 --- KL Loss: 21.980 --- Beta: 0.000532
	Validity: 0.84% --- Uniquene@1000: 0.87% --- Unique@10000: 0.56%

{'valid': 0.7141, 'unique@1000': 0.848, 'unique@10000': 0.5389, 'FCD/Test': 17.436814340480268, 'SNN/Test': 0.6046560290789273, 'Frag/Test': 0.9258467754758606, 'Scaf/Test': 0.19178812684562274, 'FCD/TestSF': 18.091102413835983, 'SNN/TestSF': 0.5260843026629962, 'Frag/TestSF': 0.9166565236456975, 'Scaf/TestSF': 0.02206434588347339, 'IntDiv': 0.8124897796661761, 'IntDiv2': 0.7987421310258407, 'Filters': 0.9791812537926528, 'logP': 0.512555171162243, 'SA': 0.2120364456613108, 'QED': 0.026727543070750894, 'weight': 15.798307643834287, 'Novelty': 0.8925092011257848}
Epoch: 50:
	Train Loss: 0.402 --- Reconstruction Loss: 0.391 --- KL Loss: 21.060 --- Beta: 0.000541
	Validity: 0.71% --- Uniquene@1000: 0.85% --- Unique@10000: 0.54%

{'valid': 0.8370666666666666, 'unique@1000': 0.882, 'unique@10000': 0.6068, 'FCD/Test': 17.672086810716245, 'SNN/Test': 0.6023081483140792, 'Frag/Test': 0.8775306476659981, 'Scaf/Test': 0.21712631581292785, 'FCD/TestSF': 18.748872949032474, 'SNN/TestSF': 0.5231905362784492, 'Frag/TestSF': 0.86378134555879, 'Scaf/TestSF': 0.032954015742156284, 'IntDiv': 0.8073687877099449, 'IntDiv2': 0.7940956511060551, 'Filters': 0.9877747690347244, 'logP': 0.17994092950032062, 'SA': 0.22803065112455725, 'QED': 0.03483670866858886, 'weight': 19.425732229304806, 'Novelty': 0.882413971986858}
Epoch: 51:
	Train Loss: 0.397 --- Reconstruction Loss: 0.386 --- KL Loss: 20.370 --- Beta: 0.000550
	Validity: 0.84% --- Uniquene@1000: 0.88% --- Unique@10000: 0.61%

{'valid': 0.8484666666666667, 'unique@1000': 0.927, 'unique@10000': 0.6297, 'FCD/Test': 18.029073613008286, 'SNN/Test': 0.595777438754624, 'Frag/Test': 0.8770036576869389, 'Scaf/Test': 0.2000871343245788, 'FCD/TestSF': 18.953125573423165, 'SNN/TestSF': 0.5237030143110977, 'Frag/TestSF': 0.8647985348173493, 'Scaf/TestSF': 0.03866883957948364, 'IntDiv': 0.8105930834945964, 'IntDiv2': 0.796572940830885, 'Filters': 0.9855818338964406, 'logP': 0.2318196197521316, 'SA': 0.2343829224223893, 'QED': 0.0165047057137412, 'weight': 21.30529049512772, 'Novelty': 0.8866253321523472}
Epoch: 52:
	Train Loss: 0.393 --- Reconstruction Loss: 0.381 --- KL Loss: 20.245 --- Beta: 0.000559
	Validity: 0.85% --- Uniquene@1000: 0.93% --- Unique@10000: 0.63%

{'valid': 0.8523666666666667, 'unique@1000': 0.9, 'unique@10000': 0.6248, 'FCD/Test': 18.82214454629021, 'SNN/Test': 0.6030161263929106, 'Frag/Test': 0.8874397279225015, 'Scaf/Test': 0.19617460900058403, 'FCD/TestSF': 19.88461455070039, 'SNN/TestSF': 0.5218902851320265, 'Frag/TestSF': 0.87579100053332, 'Scaf/TestSF': 0.04617778393302696, 'IntDiv': 0.8086196577484649, 'IntDiv2': 0.7951694721253019, 'Filters': 0.9862344061632318, 'logP': 0.1775662677222395, 'SA': 0.2765935728381489, 'QED': 0.01125160005609547, 'weight': 20.899798547893095, 'Novelty': 0.8776890482398957}
Epoch: 53:
	Train Loss: 0.389 --- Reconstruction Loss: 0.377 --- KL Loss: 19.618 --- Beta: 0.000568
	Validity: 0.85% --- Uniquene@1000: 0.90% --- Unique@10000: 0.62%

{'valid': 0.8198666666666666, 'unique@1000': 0.93, 'unique@10000': 0.6829, 'FCD/Test': 15.817723817598392, 'SNN/Test': 0.5892286697676131, 'Frag/Test': 0.9056975013728765, 'Scaf/Test': 0.2088877547986645, 'FCD/TestSF': 16.811814361445784, 'SNN/TestSF': 0.5123084117769758, 'Frag/TestSF': 0.8945104243905909, 'Scaf/TestSF': 0.028662145766502722, 'IntDiv': 0.8217944909308643, 'IntDiv2': 0.809433111191092, 'Filters': 0.9790616360383803, 'logP': 0.25238573017168625, 'SA': 0.17407107314226747, 'QED': 0.020268874095628803, 'weight': 17.61367712126764, 'Novelty': 0.8913467306538693}
Epoch: 54:
	Train Loss: 0.384 --- Reconstruction Loss: 0.373 --- KL Loss: 19.139 --- Beta: 0.000577
	Validity: 0.82% --- Uniquene@1000: 0.93% --- Unique@10000: 0.68%

{'valid': 0.8089333333333333, 'unique@1000': 0.941, 'unique@10000': 0.6838, 'FCD/Test': 17.178230699081027, 'SNN/Test': 0.5871733448464925, 'Frag/Test': 0.8959724390741, 'Scaf/Test': 0.21476357431873416, 'FCD/TestSF': 18.2292857413971, 'SNN/TestSF': 0.5131017612270337, 'Frag/TestSF': 0.8846712161019222, 'Scaf/TestSF': 0.03812485927874221, 'IntDiv': 0.8211937035058605, 'IntDiv2': 0.8089183686800543, 'Filters': 0.9833113565188726, 'logP': 0.2769365133962221, 'SA': 0.1954265691812372, 'QED': 0.015845148168348606, 'weight': 20.04169892126952, 'Novelty': 0.89}
Epoch: 55:
	Train Loss: 0.379 --- Reconstruction Loss: 0.368 --- KL Loss: 19.033 --- Beta: 0.000586
	Validity: 0.81% --- Uniquene@1000: 0.94% --- Unique@10000: 0.68%

{'valid': 0.8849666666666667, 'unique@1000': 0.961, 'unique@10000': 0.7517, 'FCD/Test': 14.912311073778092, 'SNN/Test': 0.5751128339385568, 'Frag/Test': 0.9189411127514813, 'Scaf/Test': 0.18571642576544434, 'FCD/TestSF': 15.839325843081966, 'SNN/TestSF': 0.5079751597942123, 'Frag/TestSF': 0.9077331388466263, 'Scaf/TestSF': 0.04235803140093064, 'IntDiv': 0.8303980627956311, 'IntDiv2': 0.8194370094446914, 'Filters': 0.9788315944103356, 'logP': 0.15635838741905392, 'SA': 0.1643021171607613, 'QED': 0.020716609748155708, 'weight': 25.942185030638484, 'Novelty': 0.9016586211164748}
Epoch: 56:
	Train Loss: 0.374 --- Reconstruction Loss: 0.363 --- KL Loss: 19.050 --- Beta: 0.000595
	Validity: 0.88% --- Uniquene@1000: 0.96% --- Unique@10000: 0.75%

{'valid': 0.8681333333333333, 'unique@1000': 0.937, 'unique@10000': 0.7248, 'FCD/Test': 14.732065964155495, 'SNN/Test': 0.5807130842796762, 'Frag/Test': 0.9318790971762296, 'Scaf/Test': 0.22372484648176494, 'FCD/TestSF': 15.52358767528753, 'SNN/TestSF': 0.522811993733426, 'Frag/TestSF': 0.9236535407745023, 'Scaf/TestSF': 0.06694749291715396, 'IntDiv': 0.8286735641767855, 'IntDiv2': 0.8175401626141546, 'Filters': 0.9805713408078636, 'logP': 0.3168432768399873, 'SA': 0.17845459280529363, 'QED': 0.015542402364205682, 'weight': 26.2462479425368, 'Novelty': 0.8987579246991849}
Epoch: 57:
	Train Loss: 0.369 --- Reconstruction Loss: 0.358 --- KL Loss: 18.882 --- Beta: 0.000604
	Validity: 0.87% --- Uniquene@1000: 0.94% --- Unique@10000: 0.72%

{'valid': 0.9061333333333333, 'unique@1000': 0.958, 'unique@10000': 0.7526, 'FCD/Test': 14.789418851990689, 'SNN/Test': 0.5867535846435047, 'Frag/Test': 0.9180502631456493, 'Scaf/Test': 0.2347492859296284, 'FCD/TestSF': 15.656308785554806, 'SNN/TestSF': 0.5161238055196035, 'Frag/TestSF': 0.9070835979103724, 'Scaf/TestSF': 0.04811219884513018, 'IntDiv': 0.8265916584003603, 'IntDiv2': 0.8155555573960878, 'Filters': 0.9814228958210712, 'logP': 0.28592252951573827, 'SA': 0.19602274453465768, 'QED': 0.013870234861143136, 'weight': 28.358775237957712, 'Novelty': 0.8944417938931297}
Epoch: 58:
	Train Loss: 0.364 --- Reconstruction Loss: 0.353 --- KL Loss: 18.626 --- Beta: 0.000613
	Validity: 0.91% --- Uniquene@1000: 0.96% --- Unique@10000: 0.75%

{'valid': 0.8634666666666666, 'unique@1000': 0.962, 'unique@10000': 0.7629, 'FCD/Test': 15.22963754528952, 'SNN/Test': 0.5813364739396907, 'Frag/Test': 0.9146920469293242, 'Scaf/Test': 0.25227645897617146, 'FCD/TestSF': 15.926505734122316, 'SNN/TestSF': 0.5185749218307338, 'Frag/TestSF': 0.905089386245385, 'Scaf/TestSF': 0.05519395983769981, 'IntDiv': 0.8271957151929705, 'IntDiv2': 0.8156264858851617, 'Filters': 0.9804663372452131, 'logP': 0.2410339385382768, 'SA': 0.1918201571531591, 'QED': 0.01564170595623196, 'weight': 29.10614457149072, 'Novelty': 0.8992112709976519}
Epoch: 59:
	Train Loss: 0.361 --- Reconstruction Loss: 0.349 --- KL Loss: 18.300 --- Beta: 0.000622
	Validity: 0.86% --- Uniquene@1000: 0.96% --- Unique@10000: 0.76%

slurmstepd: error: *** JOB 8257210 ON hpctpa3pc0037 CANCELLED AT 2024-02-15T10:04:48 ***
