2024-02-15 05:51:25.279375: E external/local_xla/xla/stream_executor/cuda/cuda_dnn.cc:9261] Unable to register cuDNN factory: Attempting to register factory for plugin cuDNN when one has already been registered
2024-02-15 05:51:25.279449: E external/local_xla/xla/stream_executor/cuda/cuda_fft.cc:607] Unable to register cuFFT factory: Attempting to register factory for plugin cuFFT when one has already been registered
2024-02-15 05:51:25.281190: E external/local_xla/xla/stream_executor/cuda/cuda_blas.cc:1515] Unable to register cuBLAS factory: Attempting to register factory for plugin cuBLAS when one has already been registered
2024-02-15 05:51:25.287904: I tensorflow/core/platform/cpu_feature_guard.cc:182] This TensorFlow binary is optimized to use available CPU instructions in performance-critical operations.
To enable the following instructions: AVX2 FMA, in other operations, rebuild TensorFlow with the appropriate compiler flags.
2024-02-15 05:51:26.126264: W tensorflow/compiler/tf2tensorrt/utils/py_utils.cc:38] TF-TRT Warning: Could not find TensorRT

Arguments:
	data_path: data/moses_train.txt
	max_len: 30
	batch: 128
	d_model: 512
	d_latent: 256
	d_ff: 1024
	e_heads: 1
	d_heads: 8
	n_layers: 6
	dropout: 0.5
	lr: 0.0005
	n_epochs: 80
	kl_type: monotonic
	kl_w_start: 0.0001
	kl_w_end: 0.001
	kl_cycle: 4
	kl_ratio: 0.9
	save_name: klcompare

Number of data: 88192

SMILES Vocab:
	 {'<START>': 0, '<END>': 1, '<PAD>': 2, 'C': 3, 'O': 4, 'c': 5, '1': 6, '(': 7, '=': 8, ')': 9, 'N': 10, 'n': 11, '2': 12, 'F': 13, 'Cl': 14, 'Br': 15, '#': 16, '3': 17, 'S': 18, 'o': 19, '-': 20, 's': 21, '[nH]': 22, '4': 23}

Graph Vocab:
	 {'C': 0, 'O': 1, 'N': 2, 'F': 3, 'Cl': 4, 'Br': 5, 'S': 6}


KL Annealer: [0.0001, 0.00011125000000000001, 0.0001225, 0.00013375, 0.000145, 0.00015625, 0.0001675, 0.00017874999999999998, 0.00019, 0.00020124999999999999, 0.00021250000000000002, 0.00022375, 0.00023499999999999997, 0.00024625, 0.00025749999999999997, 0.00026875, 0.00028, 0.00029125, 0.0003025, 0.00031375, 0.000325, 0.00033624999999999996, 0.0003475, 0.00035874999999999997, 0.00036999999999999994, 0.00038124999999999997, 0.00039249999999999995, 0.00040375, 0.00041499999999999995, 0.00042625, 0.00043749999999999995, 0.00044875, 0.00045999999999999996, 0.00047124999999999993, 0.00048249999999999996, 0.0004937499999999999, 0.000505, 0.00051625, 0.0005275, 0.00053875, 0.00055, 0.00056125, 0.0005725, 0.00058375, 0.000595, 0.00060625, 0.0006175, 0.00062875, 0.0006399999999999999, 0.00065125, 0.0006625, 0.00067375, 0.000685, 0.00069625, 0.0007075, 0.00071875, 0.00073, 0.0007412499999999999, 0.0007525, 0.00076375, 0.000775, 0.00078625, 0.0007975, 0.00080875, 0.00082, 0.00083125, 0.0008424999999999999, 0.00085375, 0.000865, 0.00087625, 0.0008874999999999999, 0.00089875, 0.00091, 0.00092125, 0.0009325, 0.0009437499999999999, 0.000955, 0.00096625, 0.0009774999999999999, 0.0009887499999999998]




#########################################################################
######################### START TRAINING ################################
#########################################################################




{'valid': 0.6344333333333334, 'unique@1000': 0.818, 'unique@10000': 0.4836, 'FCD/Test': 22.624385548986268, 'SNN/Test': 0.6120985819554609, 'Frag/Test': 0.8651060411467553, 'Scaf/Test': 0.2855095947301609, 'FCD/TestSF': 23.698501640728637, 'SNN/TestSF': 0.5417673703497785, 'Frag/TestSF': 0.8533269303665021, 'Scaf/TestSF': 0.061358548480913266, 'IntDiv': 0.7744968177462465, 'IntDiv2': 0.7604647594094508, 'Filters': 0.9849209268113277, 'logP': 0.21640475108702323, 'SA': 0.3346893250936369, 'QED': 0.06204541859447779, 'weight': 10.948270154187211, 'Novelty': 0.9324472458207728}
Epoch: 31:
	Train Loss: 0.456 --- Reconstruction Loss: 0.444 --- KL Loss: 26.828 --- Beta: 0.000437
	Validity: 0.63% --- Uniquene@1000: 0.82% --- Unique@10000: 0.48%

{'valid': 0.6296999999999999, 'unique@1000': 0.87, 'unique@10000': 0.5452, 'FCD/Test': 21.80166582819895, 'SNN/Test': 0.6063772681762338, 'Frag/Test': 0.8834634093688865, 'Scaf/Test': 0.1789357807030757, 'FCD/TestSF': 22.69647018399239, 'SNN/TestSF': 0.5404045636055298, 'Frag/TestSF': 0.8750656401151252, 'Scaf/TestSF': 0.05390095492048186, 'IntDiv': 0.7802091342082322, 'IntDiv2': 0.7665437142127707, 'Filters': 0.9811550473770578, 'logP': 0.38087291643757837, 'SA': 0.28970784149872375, 'QED': 0.0637009157697927, 'weight': 8.567882569806478, 'Novelty': 0.9393032443433497}
Epoch: 32:
	Train Loss: 0.451 --- Reconstruction Loss: 0.439 --- KL Loss: 25.873 --- Beta: 0.000449
	Validity: 0.63% --- Uniquene@1000: 0.87% --- Unique@10000: 0.55%

{'valid': 0.6108333333333333, 'unique@1000': 0.854, 'unique@10000': 0.5671, 'FCD/Test': 21.95233382627989, 'SNN/Test': 0.5935831214070808, 'Frag/Test': 0.8493421462034715, 'Scaf/Test': 0.20296625927211687, 'FCD/TestSF': 23.009299324214, 'SNN/TestSF': 0.5217699519771508, 'Frag/TestSF': 0.8373084390983407, 'Scaf/TestSF': 0.06998887123986242, 'IntDiv': 0.7805816383468528, 'IntDiv2': 0.7667788584263004, 'Filters': 0.9866302864938609, 'logP': 0.19873446551384413, 'SA': 0.24157588612549113, 'QED': 0.08549067767332731, 'weight': 8.541678489864152, 'Novelty': 0.9434782608695652}
Epoch: 33:
	Train Loss: 0.446 --- Reconstruction Loss: 0.435 --- KL Loss: 25.186 --- Beta: 0.000460
	Validity: 0.61% --- Uniquene@1000: 0.85% --- Unique@10000: 0.57%

{'valid': 0.6565333333333334, 'unique@1000': 0.911, 'unique@10000': 0.6385, 'FCD/Test': 20.260755198818543, 'SNN/Test': 0.584014552464568, 'Frag/Test': 0.8449028654100458, 'Scaf/Test': 0.2185881098297494, 'FCD/TestSF': 21.449718375605983, 'SNN/TestSF': 0.5077331369617163, 'Frag/TestSF': 0.8304383577602598, 'Scaf/TestSF': 0.030388000907682455, 'IntDiv': 0.784239470157523, 'IntDiv2': 0.7716714372908648, 'Filters': 0.9817221770917953, 'logP': 0.1920269344990387, 'SA': 0.1583126946241749, 'QED': 0.09733383177542372, 'weight': 6.665708112568175, 'Novelty': 0.953092293054234}
Epoch: 34:
	Train Loss: 0.439 --- Reconstruction Loss: 0.427 --- KL Loss: 24.383 --- Beta: 0.000471
	Validity: 0.66% --- Uniquene@1000: 0.91% --- Unique@10000: 0.64%

{'valid': 0.5768666666666666, 'unique@1000': 0.911, 'unique@10000': 0.6715, 'FCD/Test': 22.162537599764107, 'SNN/Test': 0.5991607548247717, 'Frag/Test': 0.8650579480476948, 'Scaf/Test': 0.3224859589651007, 'FCD/TestSF': 23.449769114724788, 'SNN/TestSF': 0.5191971856829928, 'Frag/TestSF': 0.8530696000678102, 'Scaf/TestSF': 0.02789377836734097, 'IntDiv': 0.7790001284990224, 'IntDiv2': 0.7663175220781764, 'Filters': 0.9698948341615624, 'logP': 0.20531711123275773, 'SA': 0.24422555693039885, 'QED': 0.09787487377892558, 'weight': 11.157224085822799, 'Novelty': 0.9406437641500147}
Epoch: 35:
	Train Loss: 0.433 --- Reconstruction Loss: 0.422 --- KL Loss: 23.645 --- Beta: 0.000482
	Validity: 0.58% --- Uniquene@1000: 0.91% --- Unique@10000: 0.67%

{'valid': 0.5928666666666667, 'unique@1000': 0.901, 'unique@10000': 0.6267, 'FCD/Test': 17.187198396706954, 'SNN/Test': 0.6019556435271403, 'Frag/Test': 0.9157718339154156, 'Scaf/Test': 0.38195456440169595, 'FCD/TestSF': 17.996310578468638, 'SNN/TestSF': 0.5415798950524402, 'Frag/TestSF': 0.9067163310285712, 'Scaf/TestSF': 0.0385407138156908, 'IntDiv': 0.8030279750576523, 'IntDiv2': 0.7916330262068898, 'Filters': 0.9818958731586641, 'logP': 0.35372875761966666, 'SA': 0.26980197041016607, 'QED': 0.03189162967716387, 'weight': 12.984468546633286, 'Novelty': 0.9245942058763098}
Epoch: 36:
	Train Loss: 0.428 --- Reconstruction Loss: 0.417 --- KL Loss: 22.836 --- Beta: 0.000494
	Validity: 0.59% --- Uniquene@1000: 0.90% --- Unique@10000: 0.63%

{'valid': 0.5969, 'unique@1000': 0.904, 'unique@10000': 0.6557, 'FCD/Test': 20.743898132691285, 'SNN/Test': 0.6058714830336834, 'Frag/Test': 0.881501658160337, 'Scaf/Test': 0.24099016777878557, 'FCD/TestSF': 21.641461390182656, 'SNN/TestSF': 0.5396956318597561, 'Frag/TestSF': 0.8734030301227313, 'Scaf/TestSF': 0.053681388596146906, 'IntDiv': 0.7890576530108291, 'IntDiv2': 0.7760384635254879, 'Filters': 0.982297425587759, 'logP': 0.3845399473802329, 'SA': 0.26885865648009044, 'QED': 0.0346840766415667, 'weight': 6.838400138370055, 'Novelty': 0.9332360097323601}
Epoch: 37:
	Train Loss: 0.423 --- Reconstruction Loss: 0.411 --- KL Loss: 22.085 --- Beta: 0.000505
	Validity: 0.60% --- Uniquene@1000: 0.90% --- Unique@10000: 0.66%

{'valid': 0.6700999999999999, 'unique@1000': 0.953, 'unique@10000': 0.7328, 'FCD/Test': 18.26208386847746, 'SNN/Test': 0.5982728289981473, 'Frag/Test': 0.8970308669517728, 'Scaf/Test': 0.3290667225117039, 'FCD/TestSF': 18.872078061954923, 'SNN/TestSF': 0.5402027692512179, 'Frag/TestSF': 0.8893756828980942, 'Scaf/TestSF': 0.07588135600849588, 'IntDiv': 0.8031146174958825, 'IntDiv2': 0.7919208957859408, 'Filters': 0.9832860767049694, 'logP': 0.37777901471391184, 'SA': 0.2723745685822944, 'QED': 0.027886260191302668, 'weight': 6.903078652879235, 'Novelty': 0.9271299568119357}
Epoch: 38:
	Train Loss: 0.418 --- Reconstruction Loss: 0.407 --- KL Loss: 21.511 --- Beta: 0.000516
	Validity: 0.67% --- Uniquene@1000: 0.95% --- Unique@10000: 0.73%

{'valid': 0.6292666666666666, 'unique@1000': 0.926, 'unique@10000': 0.7409, 'FCD/Test': 17.483724846817104, 'SNN/Test': 0.6040243063438164, 'Frag/Test': 0.900440327067167, 'Scaf/Test': 0.22378208662909493, 'FCD/TestSF': 18.287267324308907, 'SNN/TestSF': 0.5358638722958271, 'Frag/TestSF': 0.89256749591846, 'Scaf/TestSF': 0.03193027673061499, 'IntDiv': 0.8039662061532709, 'IntDiv2': 0.7926216647980104, 'Filters': 0.9806123530034961, 'logP': 0.3257189129086997, 'SA': 0.255535345650501, 'QED': 0.021671011046337806, 'weight': 10.123490448977579, 'Novelty': 0.917645153453721}
Epoch: 39:
	Train Loss: 0.414 --- Reconstruction Loss: 0.403 --- KL Loss: 21.028 --- Beta: 0.000527
	Validity: 0.63% --- Uniquene@1000: 0.93% --- Unique@10000: 0.74%

{'valid': 0.5321666666666667, 'unique@1000': 0.945, 'unique@10000': 0.7477, 'FCD/Test': 16.421763191146603, 'SNN/Test': 0.5877406373820706, 'Frag/Test': 0.9132133457120462, 'Scaf/Test': 0.2945420569192967, 'FCD/TestSF': 16.899333573373745, 'SNN/TestSF': 0.5310269924696807, 'Frag/TestSF': 0.9071694965316743, 'Scaf/TestSF': 0.019520678833385485, 'IntDiv': 0.8190224107252859, 'IntDiv2': 0.8074369035562282, 'Filters': 0.9715627936110242, 'logP': 0.39082998274128783, 'SA': 0.20288472314164033, 'QED': 0.02762946420281095, 'weight': 8.712675016586246, 'Novelty': 0.9351380813953488}
Epoch: 40:
	Train Loss: 0.409 --- Reconstruction Loss: 0.398 --- KL Loss: 20.549 --- Beta: 0.000539
	Validity: 0.53% --- Uniquene@1000: 0.94% --- Unique@10000: 0.75%

{'valid': 0.6027333333333333, 'unique@1000': 0.949, 'unique@10000': 0.7803, 'FCD/Test': 16.357292100701137, 'SNN/Test': 0.5818954007258168, 'Frag/Test': 0.9094815233548711, 'Scaf/Test': 0.295944627972226, 'FCD/TestSF': 17.04461229400981, 'SNN/TestSF': 0.5243484438942434, 'Frag/TestSF': 0.9028859400229032, 'Scaf/TestSF': 0.03857417295976728, 'IntDiv': 0.8120839228893508, 'IntDiv2': 0.8012181065240287, 'Filters': 0.9770489990045349, 'logP': 0.45914671276877544, 'SA': 0.19318355903650788, 'QED': 0.030198233159853486, 'weight': 9.740807601078323, 'Novelty': 0.9388663335415366}
Epoch: 41:
	Train Loss: 0.404 --- Reconstruction Loss: 0.393 --- KL Loss: 20.043 --- Beta: 0.000550
	Validity: 0.60% --- Uniquene@1000: 0.95% --- Unique@10000: 0.78%

{'valid': 0.5956666666666667, 'unique@1000': 0.968, 'unique@10000': 0.8214, 'FCD/Test': 14.606865225584045, 'SNN/Test': 0.5824160590317573, 'Frag/Test': 0.9124139829279583, 'Scaf/Test': 0.32386131190244116, 'FCD/TestSF': 15.421356855953768, 'SNN/TestSF': 0.5273780744595773, 'Frag/TestSF': 0.9043113350820599, 'Scaf/TestSF': 0.057734400927663465, 'IntDiv': 0.8172961847972255, 'IntDiv2': 0.8071219489662331, 'Filters': 0.9745383324006716, 'logP': 0.30054140967573056, 'SA': 0.2075427364410665, 'QED': 0.02416993139193932, 'weight': 14.682342001337421, 'Novelty': 0.9320474777448071}
Epoch: 42:
	Train Loss: 0.400 --- Reconstruction Loss: 0.389 --- KL Loss: 19.749 --- Beta: 0.000561
	Validity: 0.60% --- Uniquene@1000: 0.97% --- Unique@10000: 0.82%

{'valid': 0.6093999999999999, 'unique@1000': 0.965, 'unique@10000': 0.821, 'FCD/Test': 15.4507753934719, 'SNN/Test': 0.5782637172854908, 'Frag/Test': 0.9041099482059691, 'Scaf/Test': 0.21012141369153314, 'FCD/TestSF': 16.19518177413108, 'SNN/TestSF': 0.518708959044969, 'Frag/TestSF': 0.8958739456347171, 'Scaf/TestSF': 0.04117404092078125, 'IntDiv': 0.8158962931765197, 'IntDiv2': 0.8054240522340741, 'Filters': 0.9747839404879116, 'logP': 0.26219501871742257, 'SA': 0.1578521477186189, 'QED': 0.03370762901888254, 'weight': 13.642171911866864, 'Novelty': 0.9392929585627354}
Epoch: 43:
	Train Loss: 0.395 --- Reconstruction Loss: 0.384 --- KL Loss: 19.547 --- Beta: 0.000572
	Validity: 0.61% --- Uniquene@1000: 0.96% --- Unique@10000: 0.82%

{'valid': 0.5438333333333334, 'unique@1000': 0.96, 'unique@10000': 0.8017, 'FCD/Test': 15.284185259194238, 'SNN/Test': 0.5846012048932478, 'Frag/Test': 0.9103035808262772, 'Scaf/Test': 0.26080185152433033, 'FCD/TestSF': 15.821046924607884, 'SNN/TestSF': 0.5360212512270935, 'Frag/TestSF': 0.9036814870624268, 'Scaf/TestSF': 0.05074099131885135, 'IntDiv': 0.8174602881900296, 'IntDiv2': 0.8066261911539683, 'Filters': 0.966288691388293, 'logP': 0.23456475514769334, 'SA': 0.18887904320586157, 'QED': 0.02401062292422749, 'weight': 15.451055440716836, 'Novelty': 0.9181488801054019}
Epoch: 44:
	Train Loss: 0.390 --- Reconstruction Loss: 0.379 --- KL Loss: 19.154 --- Beta: 0.000584
	Validity: 0.54% --- Uniquene@1000: 0.96% --- Unique@10000: 0.80%

{'valid': 0.4605, 'unique@1000': 0.954, 'unique@10000': 0.8154, 'FCD/Test': 14.361781685130083, 'SNN/Test': 0.5679830695100336, 'Frag/Test': 0.8905735125116596, 'Scaf/Test': 0.232828504455993, 'FCD/TestSF': 14.946702714721638, 'SNN/TestSF': 0.5213636332551854, 'Frag/TestSF': 0.8824101836192886, 'Scaf/TestSF': 0.05327662479582573, 'IntDiv': 0.8251246648355697, 'IntDiv2': 0.8140557257306373, 'Filters': 0.9542526239594643, 'logP': 0.279782001567305, 'SA': 0.14484749487313167, 'QED': 0.04092344467054628, 'weight': 17.023111600315016, 'Novelty': 0.9387227759320783}
Epoch: 45:
	Train Loss: 0.386 --- Reconstruction Loss: 0.374 --- KL Loss: 19.050 --- Beta: 0.000595
	Validity: 0.46% --- Uniquene@1000: 0.95% --- Unique@10000: 0.82%

{'valid': 0.47163333333333335, 'unique@1000': 0.974, 'unique@10000': 0.8554, 'FCD/Test': 14.203665858454912, 'SNN/Test': 0.5602636952831245, 'Frag/Test': 0.905293509288807, 'Scaf/Test': 0.27496631784127334, 'FCD/TestSF': 15.177577590933765, 'SNN/TestSF': 0.5028440821361639, 'Frag/TestSF': 0.8959295805835347, 'Scaf/TestSF': 0.035411754306560295, 'IntDiv': 0.8246934155428497, 'IntDiv2': 0.8145253823121005, 'Filters': 0.9713053926072513, 'logP': 0.2512947104612816, 'SA': 0.09290227479161652, 'QED': 0.0333239920726117, 'weight': 16.498008603142672, 'Novelty': 0.9444539835164835}
Epoch: 46:
	Train Loss: 0.382 --- Reconstruction Loss: 0.370 --- KL Loss: 18.658 --- Beta: 0.000606
	Validity: 0.47% --- Uniquene@1000: 0.97% --- Unique@10000: 0.86%

{'valid': 0.5597333333333334, 'unique@1000': 0.979, 'unique@10000': 0.864, 'FCD/Test': 14.679874968999997, 'SNN/Test': 0.555708749020111, 'Frag/Test': 0.8998499301067475, 'Scaf/Test': 0.2225764436743155, 'FCD/TestSF': 15.386641349570553, 'SNN/TestSF': 0.5020632853526524, 'Frag/TestSF': 0.8922486877356807, 'Scaf/TestSF': 0.057548691951587294, 'IntDiv': 0.8273006776681537, 'IntDiv2': 0.817217857446389, 'Filters': 0.9808242020009529, 'logP': 0.3573081146641439, 'SA': 0.10895679465526388, 'QED': 0.0385856366854969, 'weight': 15.041247989339668, 'Novelty': 0.9438440192785161}
Epoch: 47:
	Train Loss: 0.378 --- Reconstruction Loss: 0.366 --- KL Loss: 18.496 --- Beta: 0.000617
	Validity: 0.56% --- Uniquene@1000: 0.98% --- Unique@10000: 0.86%

/home/80027464/graphvae/metrics.py:527: UserWarning: Can't compute unique@10000.gen contains only 9059 molecules
  warnings.warn(
{'valid': 0.3019666666666667, 'unique@1000': 0.96, 'unique@10000': 0.8079258196268904, 'FCD/Test': 14.307568322968741, 'SNN/Test': 0.5541003164401945, 'Frag/Test': 0.8786988790318669, 'Scaf/Test': 0.16187178272966274, 'FCD/TestSF': 14.786004243111947, 'SNN/TestSF': 0.5116509977213686, 'Frag/TestSF': 0.8701535085792591, 'Scaf/TestSF': 0.020180085397328185, 'IntDiv': 0.8325977004905194, 'IntDiv2': 0.8207527562614021, 'Filters': 0.9635721382050999, 'logP': 0.19563731022029002, 'SA': 0.07986951028850234, 'QED': 0.03879749653615438, 'weight': 17.194042560762494, 'Novelty': 0.9393359748599536}
Epoch: 48:
	Train Loss: 0.373 --- Reconstruction Loss: 0.362 --- KL Loss: 18.270 --- Beta: 0.000629
	Validity: 0.30% --- Uniquene@1000: 0.96% --- Unique@10000: 0.81%

/home/80027464/graphvae/metrics.py:527: UserWarning: Can't compute unique@10000.gen contains only 9868 molecules
  warnings.warn(
{'valid': 0.3289333333333333, 'unique@1000': 0.957, 'unique@10000': 0.8375557357113903, 'FCD/Test': 12.916181271525431, 'SNN/Test': 0.5503255478784074, 'Frag/Test': 0.9152862895302062, 'Scaf/Test': 0.22364530179282482, 'FCD/TestSF': 13.325617738014344, 'SNN/TestSF': 0.5087820744337488, 'Frag/TestSF': 0.9101845877885744, 'Scaf/TestSF': 0.035241465167399455, 'IntDiv': 0.8415361935539452, 'IntDiv2': 0.831041624969688, 'Filters': 0.9632144304823672, 'logP': 0.280590775869014, 'SA': 0.03983602510772592, 'QED': 0.018931089510664544, 'weight': 21.246884077326676, 'Novelty': 0.932486388384755}
Epoch: 49:
	Train Loss: 0.370 --- Reconstruction Loss: 0.358 --- KL Loss: 18.001 --- Beta: 0.000640
	Validity: 0.33% --- Uniquene@1000: 0.96% --- Unique@10000: 0.84%

{'valid': 0.5079333333333333, 'unique@1000': 0.97, 'unique@10000': 0.876, 'FCD/Test': 13.573279681294522, 'SNN/Test': 0.5581937820972975, 'Frag/Test': 0.9130858668980484, 'Scaf/Test': 0.22550260155051471, 'FCD/TestSF': 14.277162082258613, 'SNN/TestSF': 0.5049444993527359, 'Frag/TestSF': 0.9051418837491785, 'Scaf/TestSF': 0.054144353018344304, 'IntDiv': 0.8320616819264768, 'IntDiv2': 0.8217843612460647, 'Filters': 0.97289670560441, 'logP': 0.1782911887135824, 'SA': 0.11363797235288778, 'QED': 0.021945242872280928, 'weight': 18.079214170309516, 'Novelty': 0.9337899543378996}
Epoch: 50:
	Train Loss: 0.366 --- Reconstruction Loss: 0.355 --- KL Loss: 17.792 --- Beta: 0.000651
	Validity: 0.51% --- Uniquene@1000: 0.97% --- Unique@10000: 0.88%

{'valid': 0.5914333333333333, 'unique@1000': 0.976, 'unique@10000': 0.8738, 'FCD/Test': 13.291064179782367, 'SNN/Test': 0.5636749835397777, 'Frag/Test': 0.9141039821999625, 'Scaf/Test': 0.3261098319997813, 'FCD/TestSF': 13.754885441469625, 'SNN/TestSF': 0.520301151239018, 'Frag/TestSF': 0.9085252150078198, 'Scaf/TestSF': 0.055358282413950355, 'IntDiv': 0.836250739282989, 'IntDiv2': 0.8262069799672804, 'Filters': 0.9663529279152342, 'logP': 0.14327171657790588, 'SA': 0.12934108420713208, 'QED': 0.01510465033369312, 'weight': 19.101888231233463, 'Novelty': 0.927254028111073}
Epoch: 51:
	Train Loss: 0.363 --- Reconstruction Loss: 0.352 --- KL Loss: 17.626 --- Beta: 0.000663
	Validity: 0.59% --- Uniquene@1000: 0.98% --- Unique@10000: 0.87%

{'valid': 0.47696666666666665, 'unique@1000': 0.982, 'unique@10000': 0.8867, 'FCD/Test': 12.753321133781029, 'SNN/Test': 0.5534748515290312, 'Frag/Test': 0.9074858661181383, 'Scaf/Test': 0.20688840317954982, 'FCD/TestSF': 13.569981368138578, 'SNN/TestSF': 0.5007200313954494, 'Frag/TestSF': 0.8969486962018276, 'Scaf/TestSF': 0.029710128597230767, 'IntDiv': 0.8341285568242732, 'IntDiv2': 0.824384753247143, 'Filters': 0.9683416031868055, 'logP': 0.11741624491994736, 'SA': 0.059842830274848165, 'QED': 0.03395172914181971, 'weight': 20.632559686671648, 'Novelty': 0.934975932120421}
Epoch: 52:
	Train Loss: 0.360 --- Reconstruction Loss: 0.348 --- KL Loss: 17.521 --- Beta: 0.000674
	Validity: 0.48% --- Uniquene@1000: 0.98% --- Unique@10000: 0.89%

{'valid': 0.5364333333333333, 'unique@1000': 0.98, 'unique@10000': 0.8982, 'FCD/Test': 12.9460017778934, 'SNN/Test': 0.5543732929224551, 'Frag/Test': 0.9150109832855554, 'Scaf/Test': 0.2583943550116077, 'FCD/TestSF': 13.466766758444834, 'SNN/TestSF': 0.5078029907137509, 'Frag/TestSF': 0.9098206682835636, 'Scaf/TestSF': 0.06026016684953839, 'IntDiv': 0.8400811226920148, 'IntDiv2': 0.8304172840528958, 'Filters': 0.9665071770334929, 'logP': 0.13907624760295706, 'SA': 0.08838880335949892, 'QED': 0.015542979742594455, 'weight': 19.10597055552349, 'Novelty': 0.9244177636337335}
Epoch: 53:
	Train Loss: 0.357 --- Reconstruction Loss: 0.345 --- KL Loss: 17.241 --- Beta: 0.000685
	Validity: 0.54% --- Uniquene@1000: 0.98% --- Unique@10000: 0.90%

{'valid': 0.6139, 'unique@1000': 0.991, 'unique@10000': 0.9134, 'FCD/Test': 13.080911973901138, 'SNN/Test': 0.5476874930539051, 'Frag/Test': 0.9222013653742414, 'Scaf/Test': 0.2751095823217091, 'FCD/TestSF': 13.434540690485704, 'SNN/TestSF': 0.5022901577688218, 'Frag/TestSF': 0.9155011144967703, 'Scaf/TestSF': 0.05877661091023745, 'IntDiv': 0.8446940961716687, 'IntDiv2': 0.8352765916010629, 'Filters': 0.9559645979258294, 'logP': 0.1502633238983402, 'SA': 0.05203428453526022, 'QED': 0.013223995683009122, 'weight': 19.462971133383796, 'Novelty': 0.930289060553202}
Epoch: 54:
	Train Loss: 0.354 --- Reconstruction Loss: 0.342 --- KL Loss: 17.158 --- Beta: 0.000696
	Validity: 0.61% --- Uniquene@1000: 0.99% --- Unique@10000: 0.91%

{'valid': 0.3913, 'unique@1000': 0.984, 'unique@10000': 0.8755, 'FCD/Test': 12.798799963556604, 'SNN/Test': 0.5517873514352558, 'Frag/Test': 0.9284382328834498, 'Scaf/Test': 0.23673892151784803, 'FCD/TestSF': 13.271964608632771, 'SNN/TestSF': 0.5067140263452046, 'Frag/TestSF': 0.9214477755604542, 'Scaf/TestSF': 0.0519014769557844, 'IntDiv': 0.8398748183754249, 'IntDiv2': 0.8300287127462354, 'Filters': 0.9623477297895903, 'logP': 0.13295931163751992, 'SA': 0.0683243393461969, 'QED': 0.010511315739398022, 'weight': 23.359064230549432, 'Novelty': 0.9300444005920079}
Epoch: 55:
	Train Loss: 0.352 --- Reconstruction Loss: 0.340 --- KL Loss: 17.036 --- Beta: 0.000708
	Validity: 0.39% --- Uniquene@1000: 0.98% --- Unique@10000: 0.88%

{'valid': 0.4545666666666667, 'unique@1000': 0.982, 'unique@10000': 0.8778, 'FCD/Test': 12.709003189803212, 'SNN/Test': 0.5510477889508125, 'Frag/Test': 0.9239671647732972, 'Scaf/Test': 0.3041455712143434, 'FCD/TestSF': 13.252363358112788, 'SNN/TestSF': 0.5080274896298876, 'Frag/TestSF': 0.9184637517380327, 'Scaf/TestSF': 0.0649570064245536, 'IntDiv': 0.843314054996316, 'IntDiv2': 0.833564354843275, 'Filters': 0.970668035491677, 'logP': 0.15049185787839658, 'SA': 0.06595169929670756, 'QED': 0.01192710831472958, 'weight': 26.194278663694845, 'Novelty': 0.9302405204142772}
Epoch: 56:
	Train Loss: 0.349 --- Reconstruction Loss: 0.337 --- KL Loss: 16.906 --- Beta: 0.000719
	Validity: 0.45% --- Uniquene@1000: 0.98% --- Unique@10000: 0.88%

{'valid': 0.4638333333333333, 'unique@1000': 0.976, 'unique@10000': 0.8831, 'FCD/Test': 12.019172876574956, 'SNN/Test': 0.5539426984833677, 'Frag/Test': 0.9222749529875427, 'Scaf/Test': 0.27874999925775246, 'FCD/TestSF': 12.456639625416443, 'SNN/TestSF': 0.5074535548558476, 'Frag/TestSF': 0.9147189896795374, 'Scaf/TestSF': 0.05459684856422509, 'IntDiv': 0.8403331256765811, 'IntDiv2': 0.8306360600014822, 'Filters': 0.9554437657204455, 'logP': 0.17696475445883944, 'SA': 0.06078749870214833, 'QED': 0.012054445755646313, 'weight': 22.28657971396335, 'Novelty': 0.9346716854872439}
Epoch: 57:
	Train Loss: 0.346 --- Reconstruction Loss: 0.334 --- KL Loss: 16.827 --- Beta: 0.000730
	Validity: 0.46% --- Uniquene@1000: 0.98% --- Unique@10000: 0.88%

/home/80027464/graphvae/metrics.py:527: UserWarning: Can't compute unique@10000.gen contains only 9097 molecules
  warnings.warn(
{'valid': 0.30323333333333335, 'unique@1000': 0.975, 'unique@10000': 0.873804550950863, 'FCD/Test': 12.730983146215522, 'SNN/Test': 0.5520747118750627, 'Frag/Test': 0.9191411272336333, 'Scaf/Test': 0.26237811719043647, 'FCD/TestSF': 12.921660086817752, 'SNN/TestSF': 0.515894318357187, 'Frag/TestSF': 0.9146160818333603, 'Scaf/TestSF': 0.05684622681280804, 'IntDiv': 0.8403921501514258, 'IntDiv2': 0.8303871242041628, 'Filters': 0.951962185335825, 'logP': 0.21198527457392483, 'SA': 0.06369452605414251, 'QED': 0.016754945775702218, 'weight': 19.116724975630326, 'Novelty': 0.9246446093848283}
Epoch: 58:
	Train Loss: 0.344 --- Reconstruction Loss: 0.332 --- KL Loss: 16.593 --- Beta: 0.000741
	Validity: 0.30% --- Uniquene@1000: 0.97% --- Unique@10000: 0.87%

{'valid': 0.5541333333333334, 'unique@1000': 0.991, 'unique@10000': 0.9231, 'FCD/Test': 12.557471224462759, 'SNN/Test': 0.5463990586136644, 'Frag/Test': 0.9398510459454974, 'Scaf/Test': 0.35704374634182523, 'FCD/TestSF': 13.164242007680585, 'SNN/TestSF': 0.5005264383775682, 'Frag/TestSF': 0.9320041371273292, 'Scaf/TestSF': 0.0805245054404542, 'IntDiv': 0.8415202604589257, 'IntDiv2': 0.8322407829433464, 'Filters': 0.9624639076034649, 'logP': 0.17322016248951044, 'SA': 0.06384588548678591, 'QED': 0.013599935403761573, 'weight': 20.809271037063336, 'Novelty': 0.9323930290906625}
Epoch: 59:
	Train Loss: 0.342 --- Reconstruction Loss: 0.329 --- KL Loss: 16.512 --- Beta: 0.000753
	Validity: 0.55% --- Uniquene@1000: 0.99% --- Unique@10000: 0.92%

{'valid': 0.4738, 'unique@1000': 0.988, 'unique@10000': 0.9079, 'FCD/Test': 12.015729941964636, 'SNN/Test': 0.5465453548955232, 'Frag/Test': 0.9080134037240487, 'Scaf/Test': 0.3017437585506908, 'FCD/TestSF': 12.647304913268684, 'SNN/TestSF': 0.500833960429549, 'Frag/TestSF': 0.9002960129790022, 'Scaf/TestSF': 0.06287029596768978, 'IntDiv': 0.8440719084596674, 'IntDiv2': 0.8344802855367116, 'Filters': 0.9712959054453356, 'logP': 0.11409622259160876, 'SA': 0.05982641405845984, 'QED': 0.029048725798428706, 'weight': 18.91228821368998, 'Novelty': 0.9277989821882952}
Epoch: 60:
	Train Loss: 0.339 --- Reconstruction Loss: 0.327 --- KL Loss: 16.362 --- Beta: 0.000764
	Validity: 0.47% --- Uniquene@1000: 0.99% --- Unique@10000: 0.91%

{'valid': 0.46730000000000005, 'unique@1000': 0.983, 'unique@10000': 0.9175, 'FCD/Test': 12.358255849774025, 'SNN/Test': 0.5427606744920658, 'Frag/Test': 0.919027911393178, 'Scaf/Test': 0.2939933726091797, 'FCD/TestSF': 13.071538187147098, 'SNN/TestSF': 0.49651153520843394, 'Frag/TestSF': 0.9102651758525738, 'Scaf/TestSF': 0.056267595376246926, 'IntDiv': 0.8407964046164236, 'IntDiv2': 0.8310122399176991, 'Filters': 0.954846993366146, 'logP': 0.10943979620250391, 'SA': 0.03158230036404441, 'QED': 0.021003146452545692, 'weight': 17.757090724055665, 'Novelty': 0.9372855661054815}
Epoch: 61:
	Train Loss: 0.337 --- Reconstruction Loss: 0.325 --- KL Loss: 16.203 --- Beta: 0.000775
	Validity: 0.47% --- Uniquene@1000: 0.98% --- Unique@10000: 0.92%

{'valid': 0.5506333333333333, 'unique@1000': 0.987, 'unique@10000': 0.9281, 'FCD/Test': 11.950129297763624, 'SNN/Test': 0.5458393179489558, 'Frag/Test': 0.9160432568642984, 'Scaf/Test': 0.31384345565156146, 'FCD/TestSF': 12.547261976862373, 'SNN/TestSF': 0.4980523532961333, 'Frag/TestSF': 0.9089645227329929, 'Scaf/TestSF': 0.05752196963537293, 'IntDiv': 0.8474498907863287, 'IntDiv2': 0.838059603753103, 'Filters': 0.9604092257400569, 'logP': 0.18369978783752416, 'SA': 0.037855334749713164, 'QED': 0.015501613008588894, 'weight': 20.593841323329958, 'Novelty': 0.9282967959527825}
Epoch: 62:
	Train Loss: 0.335 --- Reconstruction Loss: 0.323 --- KL Loss: 16.052 --- Beta: 0.000786
	Validity: 0.55% --- Uniquene@1000: 0.99% --- Unique@10000: 0.93%

{'valid': 0.4551666666666667, 'unique@1000': 0.982, 'unique@10000': 0.8846, 'FCD/Test': 12.568646480127768, 'SNN/Test': 0.559250793251656, 'Frag/Test': 0.8980231573170979, 'Scaf/Test': 0.3282127859273112, 'FCD/TestSF': 13.291624563202063, 'SNN/TestSF': 0.5140262133371957, 'Frag/TestSF': 0.8901761891791731, 'Scaf/TestSF': 0.08827551103371012, 'IntDiv': 0.8346989402897845, 'IntDiv2': 0.8244222516245464, 'Filters': 0.9597949469058953, 'logP': 0.16524668644608895, 'SA': 0.0972315234582494, 'QED': 0.0158006135230343, 'weight': 17.126484792431953, 'Novelty': 0.9204690288044863}
Epoch: 63:
	Train Loss: 0.333 --- Reconstruction Loss: 0.320 --- KL Loss: 16.038 --- Beta: 0.000798
	Validity: 0.46% --- Uniquene@1000: 0.98% --- Unique@10000: 0.88%

{'valid': 0.5065999999999999, 'unique@1000': 0.981, 'unique@10000': 0.9088, 'FCD/Test': 13.460686647943405, 'SNN/Test': 0.5373250854997388, 'Frag/Test': 0.8880523143926029, 'Scaf/Test': 0.2318112412585902, 'FCD/TestSF': 13.918382593927376, 'SNN/TestSF': 0.49559422842506234, 'Frag/TestSF': 0.8821561694977695, 'Scaf/TestSF': 0.05441575010405231, 'IntDiv': 0.8436266376394641, 'IntDiv2': 0.8335811516756972, 'Filters': 0.9599289380181603, 'logP': 0.1262662923663692, 'SA': 0.038242130840504054, 'QED': 0.026478115034397485, 'weight': 19.7498911896907, 'Novelty': 0.9450532953010059}
Epoch: 64:
	Train Loss: 0.331 --- Reconstruction Loss: 0.318 --- KL Loss: 15.899 --- Beta: 0.000809
	Validity: 0.51% --- Uniquene@1000: 0.98% --- Unique@10000: 0.91%

{'valid': 0.4663333333333334, 'unique@1000': 0.99, 'unique@10000': 0.9165, 'FCD/Test': 12.601344192264875, 'SNN/Test': 0.548888451353067, 'Frag/Test': 0.9178648894146993, 'Scaf/Test': 0.36002132344595617, 'FCD/TestSF': 13.436559285031137, 'SNN/TestSF': 0.4992673044559613, 'Frag/TestSF': 0.9094534580306008, 'Scaf/TestSF': 0.04211158158026618, 'IntDiv': 0.8403096405211526, 'IntDiv2': 0.8306372508810512, 'Filters': 0.9571122230164403, 'logP': 0.08230113702874606, 'SA': 0.05545939761583772, 'QED': 0.028368871464443425, 'weight': 19.337036971415888, 'Novelty': 0.9311120032115616}
Epoch: 65:
	Train Loss: 0.329 --- Reconstruction Loss: 0.316 --- KL Loss: 15.701 --- Beta: 0.000820
	Validity: 0.47% --- Uniquene@1000: 0.99% --- Unique@10000: 0.92%

{'valid': 0.6274666666666666, 'unique@1000': 0.993, 'unique@10000': 0.9304, 'FCD/Test': 12.659382775991048, 'SNN/Test': 0.5365446300767884, 'Frag/Test': 0.8915658612660652, 'Scaf/Test': 0.29975106453245304, 'FCD/TestSF': 13.327668151757564, 'SNN/TestSF': 0.49362927429374864, 'Frag/TestSF': 0.885379529972239, 'Scaf/TestSF': 0.0706888365146886, 'IntDiv': 0.8486753200428532, 'IntDiv2': 0.8392974919873115, 'Filters': 0.9672226944326392, 'logP': 0.16620256973437014, 'SA': 0.04742701023699481, 'QED': 0.0163359510004759, 'weight': 20.121706339609958, 'Novelty': 0.937080387380429}
Epoch: 66:
	Train Loss: 0.327 --- Reconstruction Loss: 0.314 --- KL Loss: 15.652 --- Beta: 0.000831
	Validity: 0.63% --- Uniquene@1000: 0.99% --- Unique@10000: 0.93%

{'valid': 0.6159333333333333, 'unique@1000': 0.993, 'unique@10000': 0.9291, 'FCD/Test': 11.98256453725439, 'SNN/Test': 0.5390974705100756, 'Frag/Test': 0.8854630563351854, 'Scaf/Test': 0.2867952920528427, 'FCD/TestSF': 12.647610792455723, 'SNN/TestSF': 0.49632473953252926, 'Frag/TestSF': 0.8791088078917336, 'Scaf/TestSF': 0.06648045235856581, 'IntDiv': 0.8482679679213152, 'IntDiv2': 0.8386871395642959, 'Filters': 0.9665548219504275, 'logP': 0.09728021119377211, 'SA': 0.0520205196875783, 'QED': 0.03541993799098293, 'weight': 21.72171683109991, 'Novelty': 0.9344043649590785}
Epoch: 67:
	Train Loss: 0.325 --- Reconstruction Loss: 0.312 --- KL Loss: 15.568 --- Beta: 0.000842
	Validity: 0.62% --- Uniquene@1000: 0.99% --- Unique@10000: 0.93%

{'valid': 0.6288666666666667, 'unique@1000': 0.991, 'unique@10000': 0.9183, 'FCD/Test': 12.52129207979064, 'SNN/Test': 0.5463378787148129, 'Frag/Test': 0.9067717424182349, 'Scaf/Test': 0.2742344696656407, 'FCD/TestSF': 13.077303339165553, 'SNN/TestSF': 0.5023915478374209, 'Frag/TestSF': 0.8997353990007596, 'Scaf/TestSF': 0.06064986548145257, 'IntDiv': 0.8431634499963995, 'IntDiv2': 0.8335120078908718, 'Filters': 0.9645923884236192, 'logP': 0.25933702045804236, 'SA': 0.06782687620701433, 'QED': 0.011194338574332515, 'weight': 16.349065184876387, 'Novelty': 0.9328025093497406}
Epoch: 68:
	Train Loss: 0.324 --- Reconstruction Loss: 0.311 --- KL Loss: 15.448 --- Beta: 0.000854
	Validity: 0.63% --- Uniquene@1000: 0.99% --- Unique@10000: 0.92%

{'valid': 0.6597333333333333, 'unique@1000': 0.994, 'unique@10000': 0.9402, 'FCD/Test': 12.286688281032482, 'SNN/Test': 0.5359181996251222, 'Frag/Test': 0.8845031710939595, 'Scaf/Test': 0.3357829819192465, 'FCD/TestSF': 12.823531882889753, 'SNN/TestSF': 0.49413307581891935, 'Frag/TestSF': 0.8791603685388416, 'Scaf/TestSF': 0.08814084858018667, 'IntDiv': 0.8490948110343851, 'IntDiv2': 0.8397694339366664, 'Filters': 0.9543755052546483, 'logP': 0.18655415433238398, 'SA': 0.040247699008525664, 'QED': 0.023208932018958732, 'weight': 17.353157630011754, 'Novelty': 0.9402128018915724}
Epoch: 69:
	Train Loss: 0.322 --- Reconstruction Loss: 0.309 --- KL Loss: 15.318 --- Beta: 0.000865
	Validity: 0.66% --- Uniquene@1000: 0.99% --- Unique@10000: 0.94%

slurmstepd: error: *** JOB 8257213 ON hpctpa3pc0016 CANCELLED AT 2024-02-15T10:04:48 ***
