2024-02-15 02:31:21.147932: E external/local_xla/xla/stream_executor/cuda/cuda_dnn.cc:9261] Unable to register cuDNN factory: Attempting to register factory for plugin cuDNN when one has already been registered
2024-02-15 02:31:21.147993: E external/local_xla/xla/stream_executor/cuda/cuda_fft.cc:607] Unable to register cuFFT factory: Attempting to register factory for plugin cuFFT when one has already been registered
2024-02-15 02:31:21.148863: E external/local_xla/xla/stream_executor/cuda/cuda_blas.cc:1515] Unable to register cuBLAS factory: Attempting to register factory for plugin cuBLAS when one has already been registered
2024-02-15 02:31:21.152986: I tensorflow/core/platform/cpu_feature_guard.cc:182] This TensorFlow binary is optimized to use available CPU instructions in performance-critical operations.
To enable the following instructions: AVX2 FMA, in other operations, rebuild TensorFlow with the appropriate compiler flags.
2024-02-15 02:31:21.988029: W tensorflow/compiler/tf2tensorrt/utils/py_utils.cc:38] TF-TRT Warning: Could not find TensorRT

Arguments:
	data_path: data/moses_train.txt
	max_len: 30
	batch: 128
	d_model: 512
	d_latent: 256
	d_ff: 1024
	e_heads: 1
	d_heads: 8
	n_layers: 8
	dropout: 0.5
	lr: 0.0005
	n_epochs: 60
	kl_type: monotonic
	kl_w_start: 0.0001
	kl_w_end: 0.005
	kl_cycle: 4
	kl_ratio: 0.9
	save_name: klcompare

Number of data: 88192

SMILES Vocab:
	 {'<START>': 0, '<END>': 1, '<PAD>': 2, 'C': 3, 'O': 4, 'c': 5, '1': 6, '(': 7, '=': 8, ')': 9, 'N': 10, 'n': 11, '2': 12, 'F': 13, 'Cl': 14, 'Br': 15, '#': 16, '3': 17, 'S': 18, 'o': 19, '-': 20, 's': 21, '[nH]': 22, '4': 23}

Graph Vocab:
	 {'C': 0, 'O': 1, 'N': 2, 'F': 3, 'Cl': 4, 'Br': 5, 'S': 6}


KL Annealer: [0.0001, 0.00018166666666666667, 0.00026333333333333336, 0.000345, 0.00042666666666666667, 0.0005083333333333334, 0.00059, 0.0006716666666666668, 0.0007533333333333334, 0.000835, 0.0009166666666666668, 0.0009983333333333333, 0.00108, 0.0011616666666666668, 0.0012433333333333335, 0.001325, 0.0014066666666666667, 0.0014883333333333335, 0.00157, 0.0016516666666666667, 0.0017333333333333335, 0.001815, 0.0018966666666666667, 0.0019783333333333332, 0.0020599999999999998, 0.0021416666666666667, 0.0022233333333333332, 0.0023049999999999998, 0.0023866666666666667, 0.0024683333333333332, 0.0025499999999999997, 0.0026316666666666667, 0.0027133333333333332, 0.0027949999999999997, 0.0028766666666666667, 0.002958333333333333, 0.0030399999999999997, 0.0031216666666666667, 0.003203333333333333, 0.0032849999999999997, 0.0033666666666666667, 0.003448333333333333, 0.0035299999999999997, 0.0036116666666666667, 0.003693333333333333, 0.0037749999999999997, 0.0038566666666666667, 0.003938333333333334, 0.00402, 0.004101666666666667, 0.004183333333333334, 0.0042650000000000006, 0.004346666666666667, 0.004428333333333334, 0.00451, 0.004591666666666667, 0.004673333333333334, 0.0047550000000000005, 0.004836666666666667, 0.004918333333333334]




#########################################################################
######################### START TRAINING ################################
#########################################################################




{'valid': 0.7243333333333333, 'unique@1000': 0.607, 'unique@10000': 0.3142, 'FCD/Test': 22.844043507447886, 'SNN/Test': 0.6383564226730485, 'Frag/Test': 0.8672869666807425, 'Scaf/Test': 0.2496558653936808, 'FCD/TestSF': 23.624169358442998, 'SNN/TestSF': 0.5575987121530025, 'Frag/TestSF': 0.8569511887723101, 'Scaf/TestSF': 0.014601820935305043, 'IntDiv': 0.7856464193484051, 'IntDiv2': 0.7578600256881781, 'Filters': 0.9951219512195122, 'logP': 0.5770179609480447, 'SA': 0.418658074233544, 'QED': 0.049361120031960616, 'weight': 15.125776196171266, 'Novelty': 0.9002433090024331}
Epoch: 31:
	Train Loss: 0.534 --- Reconstruction Loss: 0.498 --- KL Loss: 14.077 --- Beta: 0.002550
	Validity: 0.72% --- Uniquene@1000: 0.61% --- Unique@10000: 0.31%

{'valid': 0.5697, 'unique@1000': 0.619, 'unique@10000': 0.327, 'FCD/Test': 20.73536735466559, 'SNN/Test': 0.6335487181095081, 'Frag/Test': 0.8814148236783277, 'Scaf/Test': 0.1996189636562542, 'FCD/TestSF': 21.68369850082877, 'SNN/TestSF': 0.5516193209840586, 'Frag/TestSF': 0.8716893208518354, 'Scaf/TestSF': 0.01093201442885905, 'IntDiv': 0.7735086233527267, 'IntDiv2': 0.7423071430721541, 'Filters': 0.9917500438827453, 'logP': 0.5624463135485621, 'SA': 0.4002625241275938, 'QED': 0.08990168623690907, 'weight': 13.02789513274372, 'Novelty': 0.9091313041546323}
Epoch: 32:
	Train Loss: 0.525 --- Reconstruction Loss: 0.492 --- KL Loss: 12.804 --- Beta: 0.002632
	Validity: 0.57% --- Uniquene@1000: 0.62% --- Unique@10000: 0.33%

{'valid': 0.6869000000000001, 'unique@1000': 0.669, 'unique@10000': 0.3602, 'FCD/Test': 20.91114560987735, 'SNN/Test': 0.6003263307958675, 'Frag/Test': 0.8490994949655856, 'Scaf/Test': 0.16841238975676553, 'FCD/TestSF': 21.848567079968504, 'SNN/TestSF': 0.5372638639076924, 'Frag/TestSF': 0.838475844242896, 'Scaf/TestSF': 0.004842110541468325, 'IntDiv': 0.7837259405873415, 'IntDiv2': 0.7576312858340928, 'Filters': 0.9841316057650313, 'logP': 0.39446829062214966, 'SA': 0.3376319039839726, 'QED': 0.11711415424290234, 'weight': 12.265320458149604, 'Novelty': 0.9374891171861397}
Epoch: 33:
	Train Loss: 0.517 --- Reconstruction Loss: 0.485 --- KL Loss: 11.869 --- Beta: 0.002713
	Validity: 0.69% --- Uniquene@1000: 0.67% --- Unique@10000: 0.36%

{'valid': 0.4723666666666667, 'unique@1000': 0.704, 'unique@10000': 0.3843, 'FCD/Test': 19.501505568245292, 'SNN/Test': 0.6044119645976607, 'Frag/Test': 0.8547699612044599, 'Scaf/Test': 0.27697579951734563, 'FCD/TestSF': 20.64793294003009, 'SNN/TestSF': 0.5168174778167601, 'Frag/TestSF': 0.8403089312480186, 'Scaf/TestSF': 0.011960720214462928, 'IntDiv': 0.7810634862476546, 'IntDiv2': 0.7570932881224048, 'Filters': 0.9871568696633971, 'logP': 0.6389830667489516, 'SA': 0.30605778102175324, 'QED': 0.1072122568671312, 'weight': 10.652002458794529, 'Novelty': 0.9382383419689119}
Epoch: 34:
	Train Loss: 0.509 --- Reconstruction Loss: 0.478 --- KL Loss: 10.948 --- Beta: 0.002795
	Validity: 0.47% --- Uniquene@1000: 0.70% --- Unique@10000: 0.38%

{'valid': 0.6495, 'unique@1000': 0.765, 'unique@10000': 0.4473, 'FCD/Test': 19.70132066262316, 'SNN/Test': 0.6112258059093821, 'Frag/Test': 0.8731692745976589, 'Scaf/Test': 0.28836500368140294, 'FCD/TestSF': 20.694631163473233, 'SNN/TestSF': 0.5364967537623722, 'Frag/TestSF': 0.8655855757449075, 'Scaf/TestSF': 0.02258392762366912, 'IntDiv': 0.8080732687477483, 'IntDiv2': 0.7889145025975302, 'Filters': 0.9904028740056454, 'logP': 0.6054922879889029, 'SA': 0.3394129983826774, 'QED': 0.03056666587917234, 'weight': 13.257232162184117, 'Novelty': 0.9091576166715586}
Epoch: 35:
	Train Loss: 0.500 --- Reconstruction Loss: 0.471 --- KL Loss: 10.064 --- Beta: 0.002877
	Validity: 0.65% --- Uniquene@1000: 0.77% --- Unique@10000: 0.45%

{'valid': 0.48406666666666665, 'unique@1000': 0.785, 'unique@10000': 0.4443, 'FCD/Test': 19.401319974280362, 'SNN/Test': 0.5991336625644514, 'Frag/Test': 0.8586649162580275, 'Scaf/Test': 0.17691877094406205, 'FCD/TestSF': 20.662816357752043, 'SNN/TestSF': 0.5110867110174264, 'Frag/TestSF': 0.8454508050325046, 'Scaf/TestSF': 0.003093778289305016, 'IntDiv': 0.8043057430731643, 'IntDiv2': 0.7850777281475044, 'Filters': 0.9804434650874535, 'logP': 0.6448456622926825, 'SA': 0.28150932505819326, 'QED': 0.07170537162645442, 'weight': 7.101731903005536, 'Novelty': 0.9427211843496651}
Epoch: 36:
	Train Loss: 0.491 --- Reconstruction Loss: 0.464 --- KL Loss: 9.301 --- Beta: 0.002958
	Validity: 0.48% --- Uniquene@1000: 0.79% --- Unique@10000: 0.44%

{'valid': 0.7137666666666667, 'unique@1000': 0.743, 'unique@10000': 0.4597, 'FCD/Test': 21.03833499927211, 'SNN/Test': 0.6060376490150057, 'Frag/Test': 0.8722924451001163, 'Scaf/Test': 0.20676297551001288, 'FCD/TestSF': 21.621886769443066, 'SNN/TestSF': 0.5404243752884351, 'Frag/TestSF': 0.8657295128729251, 'Scaf/TestSF': 0.021081229485009012, 'IntDiv': 0.8026891507477831, 'IntDiv2': 0.7798984791835899, 'Filters': 0.993461915658712, 'logP': 0.6866679265588684, 'SA': 0.3145922201209108, 'QED': 0.024907255563530767, 'weight': 10.808469083159634, 'Novelty': 0.9250801796023091}
Epoch: 37:
	Train Loss: 0.484 --- Reconstruction Loss: 0.457 --- KL Loss: 8.867 --- Beta: 0.003040
	Validity: 0.71% --- Uniquene@1000: 0.74% --- Unique@10000: 0.46%

{'valid': 0.7466666666666666, 'unique@1000': 0.8, 'unique@10000': 0.4862, 'FCD/Test': 20.117664206045305, 'SNN/Test': 0.6139270976185799, 'Frag/Test': 0.8665416094283523, 'Scaf/Test': 0.20540778072434096, 'FCD/TestSF': 21.09665477650151, 'SNN/TestSF': 0.5358963587414474, 'Frag/TestSF': 0.859898395196629, 'Scaf/TestSF': 0.007909208087925168, 'IntDiv': 0.7955551540304203, 'IntDiv2': 0.7760421043562926, 'Filters': 0.9928125, 'logP': 0.5580027789174887, 'SA': 0.3307970832696474, 'QED': 0.02614303391297466, 'weight': 9.156764418385286, 'Novelty': 0.9167260631979093}
Epoch: 38:
	Train Loss: 0.476 --- Reconstruction Loss: 0.450 --- KL Loss: 8.518 --- Beta: 0.003122
	Validity: 0.75% --- Uniquene@1000: 0.80% --- Unique@10000: 0.49%

{'valid': 0.7286333333333334, 'unique@1000': 0.854, 'unique@10000': 0.5767, 'FCD/Test': 16.715896310742224, 'SNN/Test': 0.6171166535119756, 'Frag/Test': 0.8883528197141829, 'Scaf/Test': 0.37453160743124314, 'FCD/TestSF': 17.45419877205294, 'SNN/TestSF': 0.5379450263164852, 'Frag/TestSF': 0.8795971923131026, 'Scaf/TestSF': 0.03369507431508867, 'IntDiv': 0.8153396371832111, 'IntDiv2': 0.7994564827961561, 'Filters': 0.9652774600850909, 'logP': 0.5652461266466788, 'SA': 0.30787866699046434, 'QED': 0.036422454693417844, 'weight': 10.685152740672127, 'Novelty': 0.915988891093037}
Epoch: 39:
	Train Loss: 0.468 --- Reconstruction Loss: 0.442 --- KL Loss: 8.111 --- Beta: 0.003203
	Validity: 0.73% --- Uniquene@1000: 0.85% --- Unique@10000: 0.58%

{'valid': 0.5822, 'unique@1000': 0.81, 'unique@10000': 0.5367, 'FCD/Test': 20.10881547876958, 'SNN/Test': 0.5940121004760409, 'Frag/Test': 0.8254441454181799, 'Scaf/Test': 0.16588449735738875, 'FCD/TestSF': 20.85053038710602, 'SNN/TestSF': 0.5219443892932328, 'Frag/TestSF': 0.817529720853358, 'Scaf/TestSF': 0.015233262762236466, 'IntDiv': 0.8133932962279036, 'IntDiv2': 0.7959588260846108, 'Filters': 0.990724836825833, 'logP': 0.45367548579991523, 'SA': 0.22063805778345064, 'QED': 0.042510245533573, 'weight': 9.718341755432183, 'Novelty': 0.9204816254860153}
Epoch: 40:
	Train Loss: 0.462 --- Reconstruction Loss: 0.436 --- KL Loss: 7.824 --- Beta: 0.003285
	Validity: 0.58% --- Uniquene@1000: 0.81% --- Unique@10000: 0.54%

{'valid': 0.8375, 'unique@1000': 0.806, 'unique@10000': 0.5388, 'FCD/Test': 19.407763782072394, 'SNN/Test': 0.6128754215608189, 'Frag/Test': 0.8437499651025165, 'Scaf/Test': 0.21906031342848387, 'FCD/TestSF': 20.09426973979822, 'SNN/TestSF': 0.5364176584482193, 'Frag/TestSF': 0.8384522303913176, 'Scaf/TestSF': 0.019756490771365542, 'IntDiv': 0.8026869444522897, 'IntDiv2': 0.7833749686631748, 'Filters': 0.9896915422885573, 'logP': 0.5670846741855388, 'SA': 0.29951763922452695, 'QED': 0.023388386501913154, 'weight': 12.907150285223494, 'Novelty': 0.9174880315404111}
Epoch: 41:
	Train Loss: 0.456 --- Reconstruction Loss: 0.430 --- KL Loss: 7.583 --- Beta: 0.003367
	Validity: 0.84% --- Uniquene@1000: 0.81% --- Unique@10000: 0.54%

{'valid': 0.6636, 'unique@1000': 0.864, 'unique@10000': 0.5877, 'FCD/Test': 17.67353926555795, 'SNN/Test': 0.6074845968437453, 'Frag/Test': 0.88806321911384, 'Scaf/Test': 0.37014641721157093, 'FCD/TestSF': 18.395596232976658, 'SNN/TestSF': 0.5373972404792363, 'Frag/TestSF': 0.8821810416172998, 'Scaf/TestSF': 0.02424348969427559, 'IntDiv': 0.8132597471731825, 'IntDiv2': 0.7984227639674858, 'Filters': 0.988949166164356, 'logP': 0.6048519010012596, 'SA': 0.30460663464154203, 'QED': 0.027969231527524327, 'weight': 9.256834577924513, 'Novelty': 0.914668039114771}
Epoch: 42:
	Train Loss: 0.449 --- Reconstruction Loss: 0.424 --- KL Loss: 7.267 --- Beta: 0.003448
	Validity: 0.66% --- Uniquene@1000: 0.86% --- Unique@10000: 0.59%

{'valid': 0.8579, 'unique@1000': 0.914, 'unique@10000': 0.6627, 'FCD/Test': 16.753548194439546, 'SNN/Test': 0.6016262456703497, 'Frag/Test': 0.887244777679067, 'Scaf/Test': 0.28067031705704193, 'FCD/TestSF': 17.403744267404377, 'SNN/TestSF': 0.5358493407240799, 'Frag/TestSF': 0.8817828778869824, 'Scaf/TestSF': 0.027334044821143766, 'IntDiv': 0.8198135177560456, 'IntDiv2': 0.8054932640874577, 'Filters': 0.9801453160819055, 'logP': 0.5518520649944966, 'SA': 0.3047443214561436, 'QED': 0.027666101169394455, 'weight': 11.673577483742532, 'Novelty': 0.9147975423791547}
Epoch: 43:
	Train Loss: 0.444 --- Reconstruction Loss: 0.419 --- KL Loss: 6.991 --- Beta: 0.003530
	Validity: 0.86% --- Uniquene@1000: 0.91% --- Unique@10000: 0.66%

{'valid': 0.6341, 'unique@1000': 0.9, 'unique@10000': 0.6421, 'FCD/Test': 17.676532702293024, 'SNN/Test': 0.603330029321069, 'Frag/Test': 0.8432042616223142, 'Scaf/Test': 0.23747944043307823, 'FCD/TestSF': 18.427518248315444, 'SNN/TestSF': 0.5286649334659739, 'Frag/TestSF': 0.8373761627472639, 'Scaf/TestSF': 0.02750529896687315, 'IntDiv': 0.8180931259940853, 'IntDiv2': 0.8032948328731853, 'Filters': 0.9836513693949429, 'logP': 0.5653733928551151, 'SA': 0.2662898278688668, 'QED': 0.03194100531452622, 'weight': 9.746474601882062, 'Novelty': 0.9184284197316344}
Epoch: 44:
	Train Loss: 0.438 --- Reconstruction Loss: 0.414 --- KL Loss: 6.716 --- Beta: 0.003612
	Validity: 0.63% --- Uniquene@1000: 0.90% --- Unique@10000: 0.64%

{'valid': 0.5094000000000001, 'unique@1000': 0.89, 'unique@10000': 0.6405, 'FCD/Test': 18.796626578773214, 'SNN/Test': 0.5874406453936282, 'Frag/Test': 0.8088144921866963, 'Scaf/Test': 0.19775062450381342, 'FCD/TestSF': 19.588375726039928, 'SNN/TestSF': 0.5121621681088911, 'Frag/TestSF': 0.8003034071009251, 'Scaf/TestSF': 0.02426213775658337, 'IntDiv': 0.820145842935471, 'IntDiv2': 0.8054143821883523, 'Filters': 0.9826593377830127, 'logP': 0.3832024443329952, 'SA': 0.193194757452782, 'QED': 0.04861517919266462, 'weight': 7.915971987613299, 'Novelty': 0.92756381549485}
Epoch: 45:
	Train Loss: 0.434 --- Reconstruction Loss: 0.410 --- KL Loss: 6.557 --- Beta: 0.003693
	Validity: 0.51% --- Uniquene@1000: 0.89% --- Unique@10000: 0.64%

{'valid': 0.6524333333333333, 'unique@1000': 0.95, 'unique@10000': 0.7147, 'FCD/Test': 15.409831373763296, 'SNN/Test': 0.5960967347337248, 'Frag/Test': 0.8922121165417144, 'Scaf/Test': 0.27995188103669966, 'FCD/TestSF': 16.290371022008515, 'SNN/TestSF': 0.5235845825141424, 'Frag/TestSF': 0.8850833847753301, 'Scaf/TestSF': 0.024402470425144873, 'IntDiv': 0.8286064419910507, 'IntDiv2': 0.8160762241621663, 'Filters': 0.9847238542890717, 'logP': 0.5210424058102333, 'SA': 0.24221339992482158, 'QED': 0.023655514609465227, 'weight': 12.18450538208642, 'Novelty': 0.9128213579433092}
Epoch: 46:
	Train Loss: 0.429 --- Reconstruction Loss: 0.405 --- KL Loss: 6.265 --- Beta: 0.003775
	Validity: 0.65% --- Uniquene@1000: 0.95% --- Unique@10000: 0.71%

{'valid': 0.7167333333333333, 'unique@1000': 0.933, 'unique@10000': 0.7169, 'FCD/Test': 15.921317963333308, 'SNN/Test': 0.5887865428314266, 'Frag/Test': 0.8816444931891277, 'Scaf/Test': 0.25634232949246616, 'FCD/TestSF': 16.773258505887505, 'SNN/TestSF': 0.5252263002778839, 'Frag/TestSF': 0.8773463448476454, 'Scaf/TestSF': 0.02058510380586398, 'IntDiv': 0.8222807168667018, 'IntDiv2': 0.809452745257187, 'Filters': 0.9766533345735281, 'logP': 0.49240411532521544, 'SA': 0.21970706015977956, 'QED': 0.016008741739698785, 'weight': 11.37756351356919, 'Novelty': 0.9249617151607963}
Epoch: 47:
	Train Loss: 0.425 --- Reconstruction Loss: 0.401 --- KL Loss: 6.113 --- Beta: 0.003857
	Validity: 0.72% --- Uniquene@1000: 0.93% --- Unique@10000: 0.72%

{'valid': 0.8623666666666667, 'unique@1000': 0.955, 'unique@10000': 0.7582, 'FCD/Test': 15.654609293342261, 'SNN/Test': 0.5807678776110179, 'Frag/Test': 0.8586858462625434, 'Scaf/Test': 0.2958560295927959, 'FCD/TestSF': 16.546908521943095, 'SNN/TestSF': 0.5147104084700235, 'Frag/TestSF': 0.8544647341990589, 'Scaf/TestSF': 0.021559733467326758, 'IntDiv': 0.835899249262198, 'IntDiv2': 0.8231552086185799, 'Filters': 0.9822194735418036, 'logP': 0.6032424359270606, 'SA': 0.21279741020690357, 'QED': 0.0394747528399096, 'weight': 15.469579541223561, 'Novelty': 0.9233220847394076}
Epoch: 48:
	Train Loss: 0.421 --- Reconstruction Loss: 0.398 --- KL Loss: 6.041 --- Beta: 0.003938
	Validity: 0.86% --- Uniquene@1000: 0.95% --- Unique@10000: 0.76%

{'valid': 0.8870333333333333, 'unique@1000': 0.931, 'unique@10000': 0.7313, 'FCD/Test': 16.561851571377588, 'SNN/Test': 0.5877853625270516, 'Frag/Test': 0.8536830440452366, 'Scaf/Test': 0.2658066915549606, 'FCD/TestSF': 17.28446661728198, 'SNN/TestSF': 0.5246745560409646, 'Frag/TestSF': 0.8503325893550706, 'Scaf/TestSF': 0.03131114745602959, 'IntDiv': 0.8340421405523033, 'IntDiv2': 0.8209966769411607, 'Filters': 0.9801585810379166, 'logP': 0.47242743712067325, 'SA': 0.2387816996051002, 'QED': 0.019694182096836297, 'weight': 16.98099600567132, 'Novelty': 0.9086300849068559}
Epoch: 49:
	Train Loss: 0.417 --- Reconstruction Loss: 0.393 --- KL Loss: 5.883 --- Beta: 0.004020
	Validity: 0.89% --- Uniquene@1000: 0.93% --- Unique@10000: 0.73%

{'valid': 0.8589666666666667, 'unique@1000': 0.968, 'unique@10000': 0.7584, 'FCD/Test': 15.814995063650002, 'SNN/Test': 0.5871580987584675, 'Frag/Test': 0.8677993750537636, 'Scaf/Test': 0.2933626811183978, 'FCD/TestSF': 16.608364383853214, 'SNN/TestSF': 0.5234020611117228, 'Frag/TestSF': 0.8641577593050702, 'Scaf/TestSF': 0.023732316947931764, 'IntDiv': 0.8298202576469719, 'IntDiv2': 0.8173190110185204, 'Filters': 0.9754744072334977, 'logP': 0.6088281081178524, 'SA': 0.24152822395071252, 'QED': 0.016792367860092493, 'weight': 15.07955931307628, 'Novelty': 0.9148975907364751}
Epoch: 50:
	Train Loss: 0.413 --- Reconstruction Loss: 0.390 --- KL Loss: 5.773 --- Beta: 0.004102
	Validity: 0.86% --- Uniquene@1000: 0.97% --- Unique@10000: 0.76%

{'valid': 0.8639333333333333, 'unique@1000': 0.97, 'unique@10000': 0.7887, 'FCD/Test': 14.568038065710198, 'SNN/Test': 0.5927470359263923, 'Frag/Test': 0.8769851187708412, 'Scaf/Test': 0.36883815782302376, 'FCD/TestSF': 15.313934137670643, 'SNN/TestSF': 0.5334372364898157, 'Frag/TestSF': 0.8718578917003237, 'Scaf/TestSF': 0.041557607060667245, 'IntDiv': 0.8336032217098959, 'IntDiv2': 0.8216052285651259, 'Filters': 0.9837178794660082, 'logP': 0.41681769513026307, 'SA': 0.2216039467751371, 'QED': 0.02372811046165141, 'weight': 16.716301349326066, 'Novelty': 0.904314975503217}
Epoch: 51:
	Train Loss: 0.410 --- Reconstruction Loss: 0.386 --- KL Loss: 5.712 --- Beta: 0.004183
	Validity: 0.86% --- Uniquene@1000: 0.97% --- Unique@10000: 0.79%

{'valid': 0.8641333333333333, 'unique@1000': 0.973, 'unique@10000': 0.8121, 'FCD/Test': 15.76390292274413, 'SNN/Test': 0.5707258657178537, 'Frag/Test': 0.85966690923868, 'Scaf/Test': 0.30968494067575647, 'FCD/TestSF': 16.32677624337842, 'SNN/TestSF': 0.5164355270069076, 'Frag/TestSF': 0.8565699744106379, 'Scaf/TestSF': 0.05401307172800607, 'IntDiv': 0.846766033845866, 'IntDiv2': 0.8350759626808845, 'Filters': 0.9735766085480636, 'logP': 0.46277522011976197, 'SA': 0.17478592494619546, 'QED': 0.02296358306776139, 'weight': 18.76961971944197, 'Novelty': 0.9148948106591865}
Epoch: 52:
	Train Loss: 0.406 --- Reconstruction Loss: 0.382 --- KL Loss: 5.664 --- Beta: 0.004265
	Validity: 0.86% --- Uniquene@1000: 0.97% --- Unique@10000: 0.81%

{'valid': 0.8104666666666667, 'unique@1000': 0.97, 'unique@10000': 0.8241, 'FCD/Test': 15.82916522878601, 'SNN/Test': 0.5708082431029938, 'Frag/Test': 0.8633381763239616, 'Scaf/Test': 0.2793924086867199, 'FCD/TestSF': 16.70698867349474, 'SNN/TestSF': 0.5032394025387453, 'Frag/TestSF': 0.8583729494121687, 'Scaf/TestSF': 0.06309483948990446, 'IntDiv': 0.8469685138382425, 'IntDiv2': 0.835276756838162, 'Filters': 0.9715801595788435, 'logP': 0.3930612338234428, 'SA': 0.11784719744201266, 'QED': 0.022728638666875203, 'weight': 16.271633212900312, 'Novelty': 0.9103743563038824}
Epoch: 53:
	Train Loss: 0.403 --- Reconstruction Loss: 0.379 --- KL Loss: 5.628 --- Beta: 0.004347
	Validity: 0.81% --- Uniquene@1000: 0.97% --- Unique@10000: 0.82%

{'valid': 0.8708666666666667, 'unique@1000': 0.966, 'unique@10000': 0.8247, 'FCD/Test': 15.681591212329096, 'SNN/Test': 0.5664584587859923, 'Frag/Test': 0.8541158379449408, 'Scaf/Test': 0.2105006530434559, 'FCD/TestSF': 16.467667726809445, 'SNN/TestSF': 0.5092702392771901, 'Frag/TestSF': 0.8517147480447922, 'Scaf/TestSF': 0.02755788812576243, 'IntDiv': 0.843344354967195, 'IntDiv2': 0.8315691133950754, 'Filters': 0.9748143611727781, 'logP': 0.6019387801807561, 'SA': 0.1555989346443395, 'QED': 0.02578073609811424, 'weight': 13.492978222716273, 'Novelty': 0.9192671523322823}
Epoch: 54:
	Train Loss: 0.399 --- Reconstruction Loss: 0.374 --- KL Loss: 5.553 --- Beta: 0.004428
	Validity: 0.87% --- Uniquene@1000: 0.97% --- Unique@10000: 0.82%

{'valid': 0.7847666666666666, 'unique@1000': 0.949, 'unique@10000': 0.8043, 'FCD/Test': 15.818904909529287, 'SNN/Test': 0.5762700855071181, 'Frag/Test': 0.8678455135738607, 'Scaf/Test': 0.3192854920283934, 'FCD/TestSF': 16.493287057692356, 'SNN/TestSF': 0.5153081370385882, 'Frag/TestSF': 0.8654500006579796, 'Scaf/TestSF': 0.03458961887763534, 'IntDiv': 0.8410050063066515, 'IntDiv2': 0.8294399291852999, 'Filters': 0.9730705517563607, 'logP': 0.5195663706676441, 'SA': 0.14955871077874822, 'QED': 0.01305793423320655, 'weight': 16.848321807149173, 'Novelty': 0.9121204640829425}
Epoch: 55:
	Train Loss: 0.396 --- Reconstruction Loss: 0.371 --- KL Loss: 5.494 --- Beta: 0.004510
	Validity: 0.78% --- Uniquene@1000: 0.95% --- Unique@10000: 0.80%

{'valid': 0.8851333333333333, 'unique@1000': 0.948, 'unique@10000': 0.8035, 'FCD/Test': 15.343018383044864, 'SNN/Test': 0.5728448784260665, 'Frag/Test': 0.8360948394376614, 'Scaf/Test': 0.24308224854816762, 'FCD/TestSF': 15.92821127990159, 'SNN/TestSF': 0.5167952728985734, 'Frag/TestSF': 0.8342821790265802, 'Scaf/TestSF': 0.06246967399594583, 'IntDiv': 0.8450402895304987, 'IntDiv2': 0.8327882996442093, 'Filters': 0.9707388717330723, 'logP': 0.48270455924651834, 'SA': 0.17222631077849945, 'QED': 0.022668178078731813, 'weight': 16.713601934951228, 'Novelty': 0.9141708874697203}
Epoch: 56:
	Train Loss: 0.393 --- Reconstruction Loss: 0.368 --- KL Loss: 5.445 --- Beta: 0.004592
	Validity: 0.89% --- Uniquene@1000: 0.95% --- Unique@10000: 0.80%

{'valid': 0.8816666666666667, 'unique@1000': 0.936, 'unique@10000': 0.788, 'FCD/Test': 15.199004344433035, 'SNN/Test': 0.5774648445016495, 'Frag/Test': 0.8548116116657238, 'Scaf/Test': 0.2377528309879129, 'FCD/TestSF': 15.815971490058118, 'SNN/TestSF': 0.5207327080781383, 'Frag/TestSF': 0.8537953604041922, 'Scaf/TestSF': 0.03606856177826634, 'IntDiv': 0.842619721876895, 'IntDiv2': 0.8299590827241182, 'Filters': 0.9802646502835539, 'logP': 0.5597425157414377, 'SA': 0.18668063531092177, 'QED': 0.01729580156564129, 'weight': 18.51465427372877, 'Novelty': 0.9106494666890043}
Epoch: 57:
	Train Loss: 0.390 --- Reconstruction Loss: 0.365 --- KL Loss: 5.372 --- Beta: 0.004673
	Validity: 0.88% --- Uniquene@1000: 0.94% --- Unique@10000: 0.79%

{'valid': 0.8511333333333333, 'unique@1000': 0.968, 'unique@10000': 0.832, 'FCD/Test': 13.959949224851208, 'SNN/Test': 0.5789484692350984, 'Frag/Test': 0.8720228172469799, 'Scaf/Test': 0.30950912005239184, 'FCD/TestSF': 14.542616480099277, 'SNN/TestSF': 0.5199790198667837, 'Frag/TestSF': 0.8682701577892269, 'Scaf/TestSF': 0.042838970581210334, 'IntDiv': 0.8448089751009403, 'IntDiv2': 0.8337735811171092, 'Filters': 0.9832380355604292, 'logP': 0.4488746878037173, 'SA': 0.17766192799789943, 'QED': 0.02123528709307285, 'weight': 18.370133001814658, 'Novelty': 0.9023185100722159}
Epoch: 58:
	Train Loss: 0.388 --- Reconstruction Loss: 0.363 --- KL Loss: 5.295 --- Beta: 0.004755
	Validity: 0.85% --- Uniquene@1000: 0.97% --- Unique@10000: 0.83%

{'valid': 0.8856666666666667, 'unique@1000': 0.973, 'unique@10000': 0.8164, 'FCD/Test': 14.399883640225966, 'SNN/Test': 0.584281073565047, 'Frag/Test': 0.8857941672126538, 'Scaf/Test': 0.3762386006644265, 'FCD/TestSF': 14.967855788854692, 'SNN/TestSF': 0.5272014078197284, 'Frag/TestSF': 0.8828207891922901, 'Scaf/TestSF': 0.057590028342528465, 'IntDiv': 0.8409439607789106, 'IntDiv2': 0.8294989407097613, 'Filters': 0.9827248776815958, 'logP': 0.4807275132942255, 'SA': 0.2093185166922399, 'QED': 0.013024017563185613, 'weight': 17.738024286055136, 'Novelty': 0.8999839974395903}
Epoch: 59:
	Train Loss: 0.386 --- Reconstruction Loss: 0.361 --- KL Loss: 5.238 --- Beta: 0.004837
	Validity: 0.89% --- Uniquene@1000: 0.97% --- Unique@10000: 0.82%

{'valid': 0.8925666666666666, 'unique@1000': 0.975, 'unique@10000': 0.8563, 'FCD/Test': 14.594713915946365, 'SNN/Test': 0.5623242216225846, 'Frag/Test': 0.8483807302250037, 'Scaf/Test': 0.3570553557214762, 'FCD/TestSF': 15.30497687542838, 'SNN/TestSF': 0.5092289560629681, 'Frag/TestSF': 0.8456136046752984, 'Scaf/TestSF': 0.07096607530911692, 'IntDiv': 0.8496762075936745, 'IntDiv2': 0.8384486073930126, 'Filters': 0.9766217276020466, 'logP': 0.47841938192645467, 'SA': 0.15861228864168442, 'QED': 0.03409671571464531, 'weight': 15.117893597385276, 'Novelty': 0.9196963643627647}
Epoch: 60:
	Train Loss: 0.383 --- Reconstruction Loss: 0.358 --- KL Loss: 5.220 --- Beta: 0.004918
	Validity: 0.89% --- Uniquene@1000: 0.97% --- Unique@10000: 0.86%

