2024-02-15 02:31:21.041846: E external/local_xla/xla/stream_executor/cuda/cuda_dnn.cc:9261] Unable to register cuDNN factory: Attempting to register factory for plugin cuDNN when one has already been registered
2024-02-15 02:31:21.041940: E external/local_xla/xla/stream_executor/cuda/cuda_fft.cc:607] Unable to register cuFFT factory: Attempting to register factory for plugin cuFFT when one has already been registered
2024-02-15 02:31:21.043664: E external/local_xla/xla/stream_executor/cuda/cuda_blas.cc:1515] Unable to register cuBLAS factory: Attempting to register factory for plugin cuBLAS when one has already been registered
2024-02-15 02:31:21.050299: I tensorflow/core/platform/cpu_feature_guard.cc:182] This TensorFlow binary is optimized to use available CPU instructions in performance-critical operations.
To enable the following instructions: AVX2 FMA, in other operations, rebuild TensorFlow with the appropriate compiler flags.
2024-02-15 02:31:21.830050: W tensorflow/compiler/tf2tensorrt/utils/py_utils.cc:38] TF-TRT Warning: Could not find TensorRT

Arguments:
	data_path: data/moses_train.txt
	max_len: 30
	batch: 128
	d_model: 512
	d_latent: 256
	d_ff: 1024
	e_heads: 1
	d_heads: 8
	n_layers: 6
	dropout: 0.5
	lr: 0.0005
	n_epochs: 60
	kl_type: monotonic
	kl_w_start: 0.0001
	kl_w_end: 0.001
	kl_cycle: 4
	kl_ratio: 0.9
	save_name: klcompare

Number of data: 88192

SMILES Vocab:
	 {'<START>': 0, '<END>': 1, '<PAD>': 2, 'C': 3, 'O': 4, 'c': 5, '1': 6, '(': 7, '=': 8, ')': 9, 'N': 10, 'n': 11, '2': 12, 'F': 13, 'Cl': 14, 'Br': 15, '#': 16, '3': 17, 'S': 18, 'o': 19, '-': 20, 's': 21, '[nH]': 22, '4': 23}

Graph Vocab:
	 {'C': 0, 'O': 1, 'N': 2, 'F': 3, 'Cl': 4, 'Br': 5, 'S': 6}


KL Annealer: [0.0001, 0.000115, 0.00013000000000000002, 0.000145, 0.00016, 0.00017500000000000003, 0.00019, 0.000205, 0.00022, 0.00023500000000000002, 0.00025, 0.000265, 0.00028000000000000003, 0.000295, 0.00031, 0.000325, 0.00034, 0.000355, 0.00037, 0.000385, 0.0004, 0.000415, 0.00043, 0.000445, 0.00046, 0.000475, 0.00049, 0.000505, 0.0005200000000000001, 0.000535, 0.00055, 0.0005650000000000001, 0.00058, 0.000595, 0.0006100000000000001, 0.000625, 0.00064, 0.0006550000000000001, 0.00067, 0.0006850000000000001, 0.0007000000000000001, 0.000715, 0.0007300000000000001, 0.0007450000000000001, 0.00076, 0.0007750000000000001, 0.00079, 0.000805, 0.0008200000000000001, 0.000835, 0.0008500000000000001, 0.0008650000000000001, 0.00088, 0.0008950000000000001, 0.0009100000000000001, 0.000925, 0.0009400000000000001, 0.0009550000000000001, 0.00097, 0.000985]




#########################################################################
######################### START TRAINING ################################
#########################################################################




{'valid': 0.5956, 'unique@1000': 0.865, 'unique@10000': 0.541, 'FCD/Test': 20.643793589185485, 'SNN/Test': 0.6044032153902184, 'Frag/Test': 0.8643615339361568, 'Scaf/Test': 0.36744409833987235, 'FCD/TestSF': 21.84062356426884, 'SNN/TestSF': 0.5320164897431789, 'Frag/TestSF': 0.8511922959502671, 'Scaf/TestSF': 0.035705473685038736, 'IntDiv': 0.7804953708977718, 'IntDiv2': 0.7676761098519644, 'Filters': 0.9837139019476159, 'logP': 0.11322694527132687, 'SA': 0.3243406007540668, 'QED': 0.0818451544157013, 'weight': 10.282239212383164, 'Novelty': 0.9248562140535134}
Epoch: 31:
	Train Loss: 0.469 --- Reconstruction Loss: 0.456 --- KL Loss: 22.882 --- Beta: 0.000550
	Validity: 0.60% --- Uniquene@1000: 0.86% --- Unique@10000: 0.54%

{'valid': 0.6273333333333333, 'unique@1000': 0.853, 'unique@10000': 0.536, 'FCD/Test': 23.15694324238345, 'SNN/Test': 0.6024573817445356, 'Frag/Test': 0.858272862384141, 'Scaf/Test': 0.24785833146144987, 'FCD/TestSF': 24.30696575342077, 'SNN/TestSF': 0.5346983321462376, 'Frag/TestSF': 0.8472275789912208, 'Scaf/TestSF': 0.05719168290769172, 'IntDiv': 0.7699789713938374, 'IntDiv2': 0.7565740839425731, 'Filters': 0.9903825717321998, 'logP': 0.24110607009614976, 'SA': 0.2647828263026279, 'QED': 0.06854520712697534, 'weight': 8.344423197353391, 'Novelty': 0.9253909514145876}
Epoch: 32:
	Train Loss: 0.463 --- Reconstruction Loss: 0.451 --- KL Loss: 21.802 --- Beta: 0.000565
	Validity: 0.63% --- Uniquene@1000: 0.85% --- Unique@10000: 0.54%

{'valid': 0.5443333333333333, 'unique@1000': 0.884, 'unique@10000': 0.5755, 'FCD/Test': 23.790897018034876, 'SNN/Test': 0.5858823562007847, 'Frag/Test': 0.8346978355635751, 'Scaf/Test': 0.22094390806159636, 'FCD/TestSF': 25.043787386748676, 'SNN/TestSF': 0.5030490910612726, 'Frag/TestSF': 0.8207102692301312, 'Scaf/TestSF': 0.04248263584223033, 'IntDiv': 0.764196660075321, 'IntDiv2': 0.7512775352093298, 'Filters': 0.9887323943661972, 'logP': 0.22312605695635232, 'SA': 0.22750304815501746, 'QED': 0.09803927342293674, 'weight': 4.399893411600781, 'Novelty': 0.9491879921259843}
Epoch: 33:
	Train Loss: 0.457 --- Reconstruction Loss: 0.445 --- KL Loss: 20.192 --- Beta: 0.000580
	Validity: 0.54% --- Uniquene@1000: 0.88% --- Unique@10000: 0.58%

{'valid': 0.5641666666666667, 'unique@1000': 0.881, 'unique@10000': 0.5877, 'FCD/Test': 22.2433730786792, 'SNN/Test': 0.5910285415501503, 'Frag/Test': 0.8499134783456906, 'Scaf/Test': 0.21669977706466836, 'FCD/TestSF': 23.56366971879568, 'SNN/TestSF': 0.5082862712546324, 'Frag/TestSF': 0.8349070658121411, 'Scaf/TestSF': 0.01963386640305087, 'IntDiv': 0.7716863114580633, 'IntDiv2': 0.758659892567936, 'Filters': 0.9842245199409158, 'logP': 0.1405736759079358, 'SA': 0.21498756306526057, 'QED': 0.09574936290083638, 'weight': 6.167361957270259, 'Novelty': 0.9464348231999067}
Epoch: 34:
	Train Loss: 0.452 --- Reconstruction Loss: 0.441 --- KL Loss: 19.169 --- Beta: 0.000595
	Validity: 0.56% --- Uniquene@1000: 0.88% --- Unique@10000: 0.59%

{'valid': 0.5343333333333333, 'unique@1000': 0.921, 'unique@10000': 0.67, 'FCD/Test': 19.12440942443458, 'SNN/Test': 0.5869383729961761, 'Frag/Test': 0.8622009295650398, 'Scaf/Test': 0.21995098524175916, 'FCD/TestSF': 20.195547148818676, 'SNN/TestSF': 0.5191314644270292, 'Frag/TestSF': 0.8499108335286442, 'Scaf/TestSF': 0.019538426565336664, 'IntDiv': 0.7952815428436725, 'IntDiv2': 0.7826014082140687, 'Filters': 0.9805988771054274, 'logP': 0.19492081743141648, 'SA': 0.22470068188004436, 'QED': 0.07415745776835782, 'weight': 9.318767200190637, 'Novelty': 0.9428690575479566}
Epoch: 35:
	Train Loss: 0.446 --- Reconstruction Loss: 0.435 --- KL Loss: 18.319 --- Beta: 0.000610
	Validity: 0.53% --- Uniquene@1000: 0.92% --- Unique@10000: 0.67%

{'valid': 0.6297666666666666, 'unique@1000': 0.917, 'unique@10000': 0.6731, 'FCD/Test': 18.72461047462796, 'SNN/Test': 0.5975817431481969, 'Frag/Test': 0.890430654758375, 'Scaf/Test': 0.42057162200312104, 'FCD/TestSF': 19.843509135361998, 'SNN/TestSF': 0.5235359931302248, 'Frag/TestSF': 0.8776448178327837, 'Scaf/TestSF': 0.06352222420694964, 'IntDiv': 0.7927445992332834, 'IntDiv2': 0.7805491917506548, 'Filters': 0.9804689567564706, 'logP': 0.2498544940324532, 'SA': 0.26221546881723645, 'QED': 0.06864347068037453, 'weight': 11.737062862450012, 'Novelty': 0.9377206481397664}
Epoch: 36:
	Train Loss: 0.443 --- Reconstruction Loss: 0.431 --- KL Loss: 17.847 --- Beta: 0.000625
	Validity: 0.63% --- Uniquene@1000: 0.92% --- Unique@10000: 0.67%

{'valid': 0.5543, 'unique@1000': 0.937, 'unique@10000': 0.721, 'FCD/Test': 17.921683026453387, 'SNN/Test': 0.5899004842701804, 'Frag/Test': 0.8917202030580847, 'Scaf/Test': 0.26191386962392194, 'FCD/TestSF': 18.814613559288787, 'SNN/TestSF': 0.5259446302386613, 'Frag/TestSF': 0.8809657738525759, 'Scaf/TestSF': 0.027034515697793582, 'IntDiv': 0.8098499767858298, 'IntDiv2': 0.7981263983461235, 'Filters': 0.9815382765049011, 'logP': 0.38809179367192403, 'SA': 0.2550912509183308, 'QED': 0.027128197490100387, 'weight': 12.024497234266402, 'Novelty': 0.9270660011092623}
Epoch: 37:
	Train Loss: 0.436 --- Reconstruction Loss: 0.425 --- KL Loss: 17.399 --- Beta: 0.000640
	Validity: 0.55% --- Uniquene@1000: 0.94% --- Unique@10000: 0.72%

{'valid': 0.5349999999999999, 'unique@1000': 0.935, 'unique@10000': 0.7229, 'FCD/Test': 16.88517225204933, 'SNN/Test': 0.5853247845488545, 'Frag/Test': 0.8785906638611478, 'Scaf/Test': 0.2643848870048987, 'FCD/TestSF': 17.708658288710225, 'SNN/TestSF': 0.5225694338833432, 'Frag/TestSF': 0.8669251110636041, 'Scaf/TestSF': 0.04493261068601562, 'IntDiv': 0.8080422752253092, 'IntDiv2': 0.7961438263620626, 'Filters': 0.9700934579439252, 'logP': 0.41089693435948804, 'SA': 0.24108002831286232, 'QED': 0.049789582494974616, 'weight': 9.453759539722, 'Novelty': 0.9339908952959028}
Epoch: 38:
	Train Loss: 0.432 --- Reconstruction Loss: 0.421 --- KL Loss: 17.099 --- Beta: 0.000655
	Validity: 0.53% --- Uniquene@1000: 0.94% --- Unique@10000: 0.72%

{'valid': 0.4446, 'unique@1000': 0.934, 'unique@10000': 0.7269, 'FCD/Test': 15.643966243329345, 'SNN/Test': 0.5798186260527052, 'Frag/Test': 0.9043418654771893, 'Scaf/Test': 0.23202705381687472, 'FCD/TestSF': 16.501611061891552, 'SNN/TestSF': 0.5200843934630558, 'Frag/TestSF': 0.8936704293011776, 'Scaf/TestSF': 0.03924288625597805, 'IntDiv': 0.8090347884640069, 'IntDiv2': 0.7982693800752317, 'Filters': 0.9511171090118459, 'logP': 0.3596858668359128, 'SA': 0.1969318372947565, 'QED': 0.03257803988044834, 'weight': 9.932651016746707, 'Novelty': 0.9283851336665943}
Epoch: 39:
	Train Loss: 0.426 --- Reconstruction Loss: 0.415 --- KL Loss: 16.734 --- Beta: 0.000670
	Validity: 0.44% --- Uniquene@1000: 0.93% --- Unique@10000: 0.73%

{'valid': 0.5221, 'unique@1000': 0.954, 'unique@10000': 0.7889, 'FCD/Test': 16.08882880774228, 'SNN/Test': 0.5780082091014596, 'Frag/Test': 0.8887834910483311, 'Scaf/Test': 0.25669515792027786, 'FCD/TestSF': 16.972255167396206, 'SNN/TestSF': 0.5113708032453866, 'Frag/TestSF': 0.8763155039524677, 'Scaf/TestSF': 0.026597498246994977, 'IntDiv': 0.807701474809841, 'IntDiv2': 0.7964259211064212, 'Filters': 0.9812934942220519, 'logP': 0.261754833857212, 'SA': 0.17731401459578908, 'QED': 0.06921649804881355, 'weight': 8.765228078292195, 'Novelty': 0.9463664812239221}
Epoch: 40:
	Train Loss: 0.420 --- Reconstruction Loss: 0.409 --- KL Loss: 16.425 --- Beta: 0.000685
	Validity: 0.52% --- Uniquene@1000: 0.95% --- Unique@10000: 0.79%

{'valid': 0.5516333333333333, 'unique@1000': 0.943, 'unique@10000': 0.7817, 'FCD/Test': 15.62821107167386, 'SNN/Test': 0.5812181674002074, 'Frag/Test': 0.9164495451856958, 'Scaf/Test': 0.38950790876827157, 'FCD/TestSF': 16.686800624300623, 'SNN/TestSF': 0.5170425921885641, 'Frag/TestSF': 0.9071499626420249, 'Scaf/TestSF': 0.03345005316566685, 'IntDiv': 0.8112838857436819, 'IntDiv2': 0.8003514234173753, 'Filters': 0.9760106350836909, 'logP': 0.2933129219744274, 'SA': 0.20262226616262674, 'QED': 0.042682720563713514, 'weight': 10.037771169848698, 'Novelty': 0.9330312185297079}
Epoch: 41:
	Train Loss: 0.416 --- Reconstruction Loss: 0.405 --- KL Loss: 16.151 --- Beta: 0.000700
	Validity: 0.55% --- Uniquene@1000: 0.94% --- Unique@10000: 0.78%

{'valid': 0.5064333333333333, 'unique@1000': 0.963, 'unique@10000': 0.8189, 'FCD/Test': 14.506687942943728, 'SNN/Test': 0.571619108176087, 'Frag/Test': 0.906222482151866, 'Scaf/Test': 0.33750335029262724, 'FCD/TestSF': 15.550417584984679, 'SNN/TestSF': 0.5085626211384431, 'Frag/TestSF': 0.8954056060746287, 'Scaf/TestSF': 0.03821563945079787, 'IntDiv': 0.8170052232794194, 'IntDiv2': 0.8073245693034111, 'Filters': 0.9718949516224578, 'logP': 0.3096087737764146, 'SA': 0.18896660310779848, 'QED': 0.05554075900208238, 'weight': 12.324438601016476, 'Novelty': 0.9457292370020257}
Epoch: 42:
	Train Loss: 0.412 --- Reconstruction Loss: 0.400 --- KL Loss: 15.864 --- Beta: 0.000715
	Validity: 0.51% --- Uniquene@1000: 0.96% --- Unique@10000: 0.82%

{'valid': 0.45966666666666667, 'unique@1000': 0.965, 'unique@10000': 0.8335, 'FCD/Test': 15.27037353148971, 'SNN/Test': 0.5650165751273862, 'Frag/Test': 0.8807957195150194, 'Scaf/Test': 0.20462046649809584, 'FCD/TestSF': 16.15186969913472, 'SNN/TestSF': 0.5035351632836939, 'Frag/TestSF': 0.868736810332276, 'Scaf/TestSF': 0.03675357746368779, 'IntDiv': 0.8162787159390621, 'IntDiv2': 0.8055131091294886, 'Filters': 0.9672226250906454, 'logP': 0.16671760862425153, 'SA': 0.11290118237931604, 'QED': 0.06303301364340157, 'weight': 12.593922133467814, 'Novelty': 0.9484947406601378}
Epoch: 43:
	Train Loss: 0.407 --- Reconstruction Loss: 0.395 --- KL Loss: 15.668 --- Beta: 0.000730
	Validity: 0.46% --- Uniquene@1000: 0.96% --- Unique@10000: 0.83%

{'valid': 0.4657, 'unique@1000': 0.97, 'unique@10000': 0.8231, 'FCD/Test': 14.080041451541845, 'SNN/Test': 0.5624051497338982, 'Frag/Test': 0.9022133848740529, 'Scaf/Test': 0.2673148669876362, 'FCD/TestSF': 14.82768400473745, 'SNN/TestSF': 0.5137461195562215, 'Frag/TestSF': 0.8934242720629771, 'Scaf/TestSF': 0.049462776816698084, 'IntDiv': 0.8279008955494911, 'IntDiv2': 0.8170247580877869, 'Filters': 0.9600601245436977, 'logP': 0.21410641288434482, 'SA': 0.11578791413596261, 'QED': 0.0395538859766468, 'weight': 12.755703988360168, 'Novelty': 0.94589450788472}
Epoch: 44:
	Train Loss: 0.403 --- Reconstruction Loss: 0.391 --- KL Loss: 15.435 --- Beta: 0.000745
	Validity: 0.47% --- Uniquene@1000: 0.97% --- Unique@10000: 0.82%

{'valid': 0.5818333333333333, 'unique@1000': 0.966, 'unique@10000': 0.8282, 'FCD/Test': 14.07855529851021, 'SNN/Test': 0.5725946040574885, 'Frag/Test': 0.8893298654157633, 'Scaf/Test': 0.31314543488082425, 'FCD/TestSF': 14.95734703197612, 'SNN/TestSF': 0.515313748572693, 'Frag/TestSF': 0.8795323905232538, 'Scaf/TestSF': 0.03673293625797491, 'IntDiv': 0.822109561954344, 'IntDiv2': 0.8119683799610965, 'Filters': 0.9660269263821255, 'logP': 0.2914551903053725, 'SA': 0.16346252290723484, 'QED': 0.048815615741442824, 'weight': 13.788445217825565, 'Novelty': 0.9416333777185975}
Epoch: 45:
	Train Loss: 0.399 --- Reconstruction Loss: 0.387 --- KL Loss: 15.291 --- Beta: 0.000760
	Validity: 0.58% --- Uniquene@1000: 0.97% --- Unique@10000: 0.83%

{'valid': 0.6010666666666666, 'unique@1000': 0.972, 'unique@10000': 0.8556, 'FCD/Test': 14.043134663236906, 'SNN/Test': 0.5614521805281291, 'Frag/Test': 0.9038312698871458, 'Scaf/Test': 0.3402346931644499, 'FCD/TestSF': 14.848929717380777, 'SNN/TestSF': 0.505290853757884, 'Frag/TestSF': 0.8946624318153663, 'Scaf/TestSF': 0.034729897993346914, 'IntDiv': 0.8258200612511564, 'IntDiv2': 0.815670024728024, 'Filters': 0.9657275953859805, 'logP': 0.3992775584041968, 'SA': 0.14386612904159385, 'QED': 0.03737979487207287, 'weight': 11.989191079566755, 'Novelty': 0.9420986622073578}
Epoch: 46:
	Train Loss: 0.395 --- Reconstruction Loss: 0.384 --- KL Loss: 15.093 --- Beta: 0.000775
	Validity: 0.60% --- Uniquene@1000: 0.97% --- Unique@10000: 0.86%

{'valid': 0.5300666666666667, 'unique@1000': 0.962, 'unique@10000': 0.8309, 'FCD/Test': 14.808432187616177, 'SNN/Test': 0.5617367717855727, 'Frag/Test': 0.8861767355693148, 'Scaf/Test': 0.2699524212751633, 'FCD/TestSF': 15.60109222501687, 'SNN/TestSF': 0.5092714035710424, 'Frag/TestSF': 0.8782097724156271, 'Scaf/TestSF': 0.03290346608197192, 'IntDiv': 0.8251668798519176, 'IntDiv2': 0.8145532450367072, 'Filters': 0.9750345868444221, 'logP': 0.3261671681252156, 'SA': 0.12601531014095305, 'QED': 0.03852301534941614, 'weight': 12.414400652978356, 'Novelty': 0.9383210509452099}
Epoch: 47:
	Train Loss: 0.391 --- Reconstruction Loss: 0.379 --- KL Loss: 14.966 --- Beta: 0.000790
	Validity: 0.53% --- Uniquene@1000: 0.96% --- Unique@10000: 0.83%

{'valid': 0.49760000000000004, 'unique@1000': 0.967, 'unique@10000': 0.85, 'FCD/Test': 14.479017384461322, 'SNN/Test': 0.5648246571144123, 'Frag/Test': 0.8890055053473626, 'Scaf/Test': 0.31099929949420935, 'FCD/TestSF': 15.306665055800849, 'SNN/TestSF': 0.5097512466980729, 'Frag/TestSF': 0.878605146090324, 'Scaf/TestSF': 0.03337623964995673, 'IntDiv': 0.8224963084878689, 'IntDiv2': 0.8120425797777, 'Filters': 0.9642282958199357, 'logP': 0.23918611576898716, 'SA': 0.13096202565099127, 'QED': 0.05588885029418428, 'weight': 12.898333972597207, 'Novelty': 0.9396353482260184}
Epoch: 48:
	Train Loss: 0.387 --- Reconstruction Loss: 0.375 --- KL Loss: 14.747 --- Beta: 0.000805
	Validity: 0.50% --- Uniquene@1000: 0.97% --- Unique@10000: 0.85%

{'valid': 0.37739999999999996, 'unique@1000': 0.97, 'unique@10000': 0.8648, 'FCD/Test': 13.724925196676658, 'SNN/Test': 0.5347332319718876, 'Frag/Test': 0.8959003693525814, 'Scaf/Test': 0.21876136108295652, 'FCD/TestSF': 14.31703776210631, 'SNN/TestSF': 0.4889656042785763, 'Frag/TestSF': 0.889644320520268, 'Scaf/TestSF': 0.031014178042490403, 'IntDiv': 0.8418603739573481, 'IntDiv2': 0.8313485353002263, 'Filters': 0.964670552905847, 'logP': 0.25653800523374204, 'SA': 0.021631694255597043, 'QED': 0.04069355052189255, 'weight': 15.87263436909629, 'Novelty': 0.9530540652084193}
Epoch: 49:
	Train Loss: 0.385 --- Reconstruction Loss: 0.373 --- KL Loss: 14.590 --- Beta: 0.000820
	Validity: 0.38% --- Uniquene@1000: 0.97% --- Unique@10000: 0.86%

{'valid': 0.3791, 'unique@1000': 0.969, 'unique@10000': 0.8449, 'FCD/Test': 14.085851000581457, 'SNN/Test': 0.5609497949762708, 'Frag/Test': 0.9078176999126528, 'Scaf/Test': 0.2760772028242089, 'FCD/TestSF': 14.970275558743417, 'SNN/TestSF': 0.5046358786665501, 'Frag/TestSF': 0.89807437635569, 'Scaf/TestSF': 0.03612160294490363, 'IntDiv': 0.8348248834043918, 'IntDiv2': 0.8239743713084455, 'Filters': 0.9698408511386617, 'logP': 0.25337235771072447, 'SA': 0.09251683708841861, 'QED': 0.02695375147371755, 'weight': 19.27749862885832, 'Novelty': 0.9356817941394266}
Epoch: 50:
	Train Loss: 0.381 --- Reconstruction Loss: 0.369 --- KL Loss: 14.539 --- Beta: 0.000835
	Validity: 0.38% --- Uniquene@1000: 0.97% --- Unique@10000: 0.84%

{'valid': 0.6068666666666667, 'unique@1000': 0.98, 'unique@10000': 0.8717, 'FCD/Test': 14.564685284534235, 'SNN/Test': 0.5653221405625972, 'Frag/Test': 0.8900397742351319, 'Scaf/Test': 0.3403300960558635, 'FCD/TestSF': 15.326239303500941, 'SNN/TestSF': 0.5124129688564295, 'Frag/TestSF': 0.8807582557992223, 'Scaf/TestSF': 0.048837723264580246, 'IntDiv': 0.8298296125359114, 'IntDiv2': 0.8193247542178983, 'Filters': 0.9616609908821268, 'logP': 0.19452268106206097, 'SA': 0.15167107182576878, 'QED': 0.03977276368693785, 'weight': 16.41857031714498, 'Novelty': 0.9333017975402081}
Epoch: 51:
	Train Loss: 0.379 --- Reconstruction Loss: 0.366 --- KL Loss: 14.303 --- Beta: 0.000850
	Validity: 0.61% --- Uniquene@1000: 0.98% --- Unique@10000: 0.87%

{'valid': 0.5389999999999999, 'unique@1000': 0.977, 'unique@10000': 0.8736, 'FCD/Test': 13.63863315070303, 'SNN/Test': 0.5523040220003181, 'Frag/Test': 0.8823307160725217, 'Scaf/Test': 0.3105135033254196, 'FCD/TestSF': 14.473488591944218, 'SNN/TestSF': 0.5004995999499539, 'Frag/TestSF': 0.8730125496058971, 'Scaf/TestSF': 0.03597556990123196, 'IntDiv': 0.8354022258161793, 'IntDiv2': 0.8250280839857508, 'Filters': 0.9627705627705627, 'logP': 0.24469437680945277, 'SA': 0.09449718719467708, 'QED': 0.04081114420160955, 'weight': 15.64486220173607, 'Novelty': 0.9420482194204822}
Epoch: 52:
	Train Loss: 0.375 --- Reconstruction Loss: 0.363 --- KL Loss: 14.171 --- Beta: 0.000865
	Validity: 0.54% --- Uniquene@1000: 0.98% --- Unique@10000: 0.87%

{'valid': 0.6584, 'unique@1000': 0.975, 'unique@10000': 0.8833, 'FCD/Test': 13.120107541693606, 'SNN/Test': 0.5597158371881646, 'Frag/Test': 0.9159233650547006, 'Scaf/Test': 0.2745820261766758, 'FCD/TestSF': 13.739586163720453, 'SNN/TestSF': 0.5107334777290351, 'Frag/TestSF': 0.9098316982185991, 'Scaf/TestSF': 0.05751349019969154, 'IntDiv': 0.8376632909756863, 'IntDiv2': 0.8277716731818432, 'Filters': 0.9644086674767112, 'logP': 0.1358510670706529, 'SA': 0.1034636958604699, 'QED': 0.018606284691510527, 'weight': 20.227073487838613, 'Novelty': 0.9380509153670714}
Epoch: 53:
	Train Loss: 0.373 --- Reconstruction Loss: 0.361 --- KL Loss: 14.009 --- Beta: 0.000880
	Validity: 0.66% --- Uniquene@1000: 0.97% --- Unique@10000: 0.88%

{'valid': 0.6267666666666667, 'unique@1000': 0.991, 'unique@10000': 0.9019, 'FCD/Test': 12.855399132125441, 'SNN/Test': 0.5519273421970167, 'Frag/Test': 0.9256621944640405, 'Scaf/Test': 0.35555478795666484, 'FCD/TestSF': 13.518343662016314, 'SNN/TestSF': 0.5030774871616587, 'Frag/TestSF': 0.9186385334572752, 'Scaf/TestSF': 0.06364415745158047, 'IntDiv': 0.8377043109728033, 'IntDiv2': 0.8280613196378556, 'Filters': 0.9560708397596128, 'logP': 0.17478064063058799, 'SA': 0.08017666133636113, 'QED': 0.020077966574464774, 'weight': 17.38571582451909, 'Novelty': 0.9360923248743562}
Epoch: 54:
	Train Loss: 0.370 --- Reconstruction Loss: 0.358 --- KL Loss: 13.891 --- Beta: 0.000895
	Validity: 0.63% --- Uniquene@1000: 0.99% --- Unique@10000: 0.90%

{'valid': 0.4381666666666667, 'unique@1000': 0.98, 'unique@10000': 0.8696, 'FCD/Test': 13.569695134422112, 'SNN/Test': 0.5552303260465047, 'Frag/Test': 0.9281533757497116, 'Scaf/Test': 0.2689024008391695, 'FCD/TestSF': 14.203438991975247, 'SNN/TestSF': 0.5101771227689513, 'Frag/TestSF': 0.9222883524825689, 'Scaf/TestSF': 0.056862439009654486, 'IntDiv': 0.8357041966046495, 'IntDiv2': 0.8254861195481833, 'Filters': 0.9622670216812477, 'logP': 0.1645199630107414, 'SA': 0.09815402045706072, 'QED': 0.011717125724111275, 'weight': 22.25417879698939, 'Novelty': 0.9354082092918358}
Epoch: 55:
	Train Loss: 0.368 --- Reconstruction Loss: 0.355 --- KL Loss: 13.781 --- Beta: 0.000910
	Validity: 0.44% --- Uniquene@1000: 0.98% --- Unique@10000: 0.87%

{'valid': 0.5826, 'unique@1000': 0.989, 'unique@10000': 0.894, 'FCD/Test': 11.801528109581376, 'SNN/Test': 0.5506187089035652, 'Frag/Test': 0.9214495600438035, 'Scaf/Test': 0.2942436429008902, 'FCD/TestSF': 12.524944170987808, 'SNN/TestSF': 0.5039134204706525, 'Frag/TestSF': 0.9157450734631133, 'Scaf/TestSF': 0.04734681346716596, 'IntDiv': 0.8473761008830527, 'IntDiv2': 0.8370759576363248, 'Filters': 0.9679597207918527, 'logP': 0.12279986044674814, 'SA': 0.06137509711908132, 'QED': 0.021053169823260182, 'weight': 22.32294176226644, 'Novelty': 0.93386368232994}
Epoch: 56:
	Train Loss: 0.364 --- Reconstruction Loss: 0.352 --- KL Loss: 13.646 --- Beta: 0.000925
	Validity: 0.58% --- Uniquene@1000: 0.99% --- Unique@10000: 0.89%

{'valid': 0.6132666666666666, 'unique@1000': 0.992, 'unique@10000': 0.8871, 'FCD/Test': 12.701667335344602, 'SNN/Test': 0.5670283385174328, 'Frag/Test': 0.9221148835253109, 'Scaf/Test': 0.3320989320502148, 'FCD/TestSF': 13.446690024332852, 'SNN/TestSF': 0.5171629267923209, 'Frag/TestSF': 0.9146824752722634, 'Scaf/TestSF': 0.047431631274569064, 'IntDiv': 0.8343021280983111, 'IntDiv2': 0.8240543953836807, 'Filters': 0.9740189150994674, 'logP': 0.1281058112359858, 'SA': 0.12174361034012615, 'QED': 0.009756118598188937, 'weight': 22.578003364951623, 'Novelty': 0.9251095558898554}
Epoch: 57:
	Train Loss: 0.362 --- Reconstruction Loss: 0.349 --- KL Loss: 13.464 --- Beta: 0.000940
	Validity: 0.61% --- Uniquene@1000: 0.99% --- Unique@10000: 0.89%

{'valid': 0.5441, 'unique@1000': 0.977, 'unique@10000': 0.8794, 'FCD/Test': 12.869231861402099, 'SNN/Test': 0.560951463400255, 'Frag/Test': 0.8995634913954276, 'Scaf/Test': 0.3475750429576039, 'FCD/TestSF': 13.438756772783393, 'SNN/TestSF': 0.5177266382058446, 'Frag/TestSF': 0.8951235569658986, 'Scaf/TestSF': 0.06898966203034207, 'IntDiv': 0.8392420814664653, 'IntDiv2': 0.8286726035472136, 'Filters': 0.960178888684678, 'logP': 0.19968251654150682, 'SA': 0.10160491585082364, 'QED': 0.01412535320671858, 'weight': 14.655153796759405, 'Novelty': 0.9239894551845342}
Epoch: 58:
	Train Loss: 0.359 --- Reconstruction Loss: 0.346 --- KL Loss: 13.469 --- Beta: 0.000955
	Validity: 0.54% --- Uniquene@1000: 0.98% --- Unique@10000: 0.88%

{'valid': 0.36550000000000005, 'unique@1000': 0.982, 'unique@10000': 0.8832, 'FCD/Test': 12.412154632627306, 'SNN/Test': 0.5501405486126115, 'Frag/Test': 0.9281729337055796, 'Scaf/Test': 0.32630316278026594, 'FCD/TestSF': 13.038633273547646, 'SNN/TestSF': 0.5036356374709725, 'Frag/TestSF': 0.9235647941398926, 'Scaf/TestSF': 0.05475600335095765, 'IntDiv': 0.8468630385653606, 'IntDiv2': 0.8364492015834493, 'Filters': 0.9659826721386229, 'logP': 0.11357272521144045, 'SA': 0.07162074351352277, 'QED': 0.012573387385111299, 'weight': 22.87780939420237, 'Novelty': 0.9272405537628813}
Epoch: 59:
	Train Loss: 0.358 --- Reconstruction Loss: 0.345 --- KL Loss: 13.411 --- Beta: 0.000970
	Validity: 0.37% --- Uniquene@1000: 0.98% --- Unique@10000: 0.88%

{'valid': 0.5424, 'unique@1000': 0.99, 'unique@10000': 0.8992, 'FCD/Test': 12.067233396911078, 'SNN/Test': 0.5465412442384685, 'Frag/Test': 0.9047203782177292, 'Scaf/Test': 0.3183212068617862, 'FCD/TestSF': 12.680853489621754, 'SNN/TestSF': 0.5052348850230844, 'Frag/TestSF': 0.9004339378353644, 'Scaf/TestSF': 0.08022318616478508, 'IntDiv': 0.8456423085196869, 'IntDiv2': 0.8355836296052175, 'Filters': 0.971177482792527, 'logP': 0.12246967791124613, 'SA': 0.06250310814946691, 'QED': 0.01914678319888716, 'weight': 19.41439652579803, 'Novelty': 0.9331718438301511}
Epoch: 60:
	Train Loss: 0.356 --- Reconstruction Loss: 0.343 --- KL Loss: 13.370 --- Beta: 0.000985
	Validity: 0.54% --- Uniquene@1000: 0.99% --- Unique@10000: 0.90%

