2024-02-15 06:14:37.474300: E external/local_xla/xla/stream_executor/cuda/cuda_dnn.cc:9261] Unable to register cuDNN factory: Attempting to register factory for plugin cuDNN when one has already been registered
2024-02-15 06:14:37.474393: E external/local_xla/xla/stream_executor/cuda/cuda_fft.cc:607] Unable to register cuFFT factory: Attempting to register factory for plugin cuFFT when one has already been registered
2024-02-15 06:14:37.475208: E external/local_xla/xla/stream_executor/cuda/cuda_blas.cc:1515] Unable to register cuBLAS factory: Attempting to register factory for plugin cuBLAS when one has already been registered
2024-02-15 06:14:37.479460: I tensorflow/core/platform/cpu_feature_guard.cc:182] This TensorFlow binary is optimized to use available CPU instructions in performance-critical operations.
To enable the following instructions: AVX2 FMA, in other operations, rebuild TensorFlow with the appropriate compiler flags.
2024-02-15 06:14:38.966426: W tensorflow/compiler/tf2tensorrt/utils/py_utils.cc:38] TF-TRT Warning: Could not find TensorRT

Arguments:
	data_path: data/moses_train.txt
	max_len: 30
	batch: 128
	d_model: 512
	d_latent: 256
	d_ff: 1024
	e_heads: 1
	d_heads: 8
	n_layers: 8
	dropout: 0.5
	lr: 0.0005
	n_epochs: 100
	kl_type: cyclic
	kl_w_start: 0.0001
	kl_w_end: 0.0005
	kl_cycle: 2
	kl_ratio: 1.0
	save_name: klcompare

Number of data: 88192

SMILES Vocab:
	 {'<START>': 0, '<END>': 1, '<PAD>': 2, 'C': 3, 'O': 4, 'c': 5, '1': 6, '(': 7, '=': 8, ')': 9, 'N': 10, 'n': 11, '2': 12, 'F': 13, 'Cl': 14, 'Br': 15, '#': 16, '3': 17, 'S': 18, 'o': 19, '-': 20, 's': 21, '[nH]': 22, '4': 23}

Graph Vocab:
	 {'C': 0, 'O': 1, 'N': 2, 'F': 3, 'Cl': 4, 'Br': 5, 'S': 6}


KL Annealer: [0.0001   0.000108 0.000116 0.000124 0.000132 0.00014  0.000148 0.000156
 0.000164 0.000172 0.00018  0.000188 0.000196 0.000204 0.000212 0.00022
 0.000228 0.000236 0.000244 0.000252 0.00026  0.000268 0.000276 0.000284
 0.000292 0.0003   0.000308 0.000316 0.000324 0.000332 0.00034  0.000348
 0.000356 0.000364 0.000372 0.00038  0.000388 0.000396 0.000404 0.000412
 0.00042  0.000428 0.000436 0.000444 0.000452 0.00046  0.000468 0.000476
 0.000484 0.000492 0.0001   0.000108 0.000116 0.000124 0.000132 0.00014
 0.000148 0.000156 0.000164 0.000172 0.00018  0.000188 0.000196 0.000204
 0.000212 0.00022  0.000228 0.000236 0.000244 0.000252 0.00026  0.000268
 0.000276 0.000284 0.000292 0.0003   0.000308 0.000316 0.000324 0.000332
 0.00034  0.000348 0.000356 0.000364 0.000372 0.00038  0.000388 0.000396
 0.000404 0.000412 0.00042  0.000428 0.000436 0.000444 0.000452 0.00046
 0.000468 0.000476 0.000484 0.000492]




#########################################################################
######################### START TRAINING ################################
#########################################################################




{'valid': 0.6690666666666667, 'unique@1000': 0.273, 'unique@10000': 0.1071, 'FCD/Test': 35.80937553763167, 'SNN/Test': 0.6558695032334437, 'Frag/Test': 0.7671138434839279, 'Scaf/Test': 0.13369315135880333, 'FCD/TestSF': 36.710101508765725, 'SNN/TestSF': 0.5946571682926881, 'Frag/TestSF': 0.752772810439878, 'Scaf/TestSF': 0.03958940737336902, 'IntDiv': 0.6408161479360868, 'IntDiv2': 0.6094378809196004, 'Filters': 0.9991530490235153, 'logP': 0.7560674885058775, 'SA': 0.5046698900590153, 'QED': 0.15309537214385552, 'weight': 8.854486961705536, 'Novelty': 0.8972789115646258}
Epoch: 31:
	Train Loss: 0.595 --- Reconstruction Loss: 0.530 --- KL Loss: 191.257 --- Beta: 0.000340
	Validity: 0.67% --- Uniquene@1000: 0.27% --- Unique@10000: 0.11%

{'valid': 0.5819666666666667, 'unique@1000': 0.396, 'unique@10000': 0.1408, 'FCD/Test': 27.67055358434152, 'SNN/Test': 0.620607163291718, 'Frag/Test': 0.8194017159893348, 'Scaf/Test': 0.1397087493956507, 'FCD/TestSF': 28.85001609921403, 'SNN/TestSF': 0.5399406067666418, 'Frag/TestSF': 0.8068669516668175, 'Scaf/TestSF': 0.04431738156406484, 'IntDiv': 0.7012848316577652, 'IntDiv2': 0.674744913312331, 'Filters': 0.9936995246004926, 'logP': 0.3098824944000522, 'SA': 0.4366586052866559, 'QED': 0.13354696510934025, 'weight': 10.346415110845717, 'Novelty': 0.9046575342465754}
Epoch: 32:
	Train Loss: 0.564 --- Reconstruction Loss: 0.519 --- KL Loss: 129.534 --- Beta: 0.000348
	Validity: 0.58% --- Uniquene@1000: 0.40% --- Unique@10000: 0.14%

{'valid': 0.6847, 'unique@1000': 0.34, 'unique@10000': 0.1159, 'FCD/Test': 32.85472783229061, 'SNN/Test': 0.6131807304184264, 'Frag/Test': 0.7724746841375576, 'Scaf/Test': 0.15874125147796836, 'FCD/TestSF': 34.2206602400729, 'SNN/TestSF': 0.5299492193303712, 'Frag/TestSF': 0.7595074535587847, 'Scaf/TestSF': 0.01583667571382341, 'IntDiv': 0.6497682020494265, 'IntDiv2': 0.6270705552163671, 'Filters': 0.9865634584489558, 'logP': 0.2086914637644442, 'SA': 0.4314711912983048, 'QED': 0.14966018651990307, 'weight': 10.01586636961299, 'Novelty': 0.9294403892944039}
Epoch: 33:
	Train Loss: 0.542 --- Reconstruction Loss: 0.507 --- KL Loss: 98.450 --- Beta: 0.000356
	Validity: 0.68% --- Uniquene@1000: 0.34% --- Unique@10000: 0.12%

{'valid': 0.6290666666666667, 'unique@1000': 0.422, 'unique@10000': 0.1612, 'FCD/Test': 29.13309922703388, 'SNN/Test': 0.6451925583998623, 'Frag/Test': 0.8676946452749622, 'Scaf/Test': 0.39743374137379184, 'FCD/TestSF': 30.623592532410868, 'SNN/TestSF': 0.5222056401658988, 'Frag/TestSF': 0.8543653912123762, 'Scaf/TestSF': 0.004424143007582093, 'IntDiv': 0.7040513406555249, 'IntDiv2': 0.6733471017299973, 'Filters': 0.9944362017804155, 'logP': 0.33148038854384665, 'SA': 0.4733116737773292, 'QED': 0.10122929383364805, 'weight': 7.0335704807482085, 'Novelty': 0.9024282560706401}
Epoch: 34:
	Train Loss: 0.522 --- Reconstruction Loss: 0.495 --- KL Loss: 75.260 --- Beta: 0.000364
	Validity: 0.63% --- Uniquene@1000: 0.42% --- Unique@10000: 0.16%

{'valid': 0.6315666666666666, 'unique@1000': 0.581, 'unique@10000': 0.2368, 'FCD/Test': 23.819721024559712, 'SNN/Test': 0.6304115378309908, 'Frag/Test': 0.8549790376858958, 'Scaf/Test': 0.2015515274547095, 'FCD/TestSF': 25.24453250097536, 'SNN/TestSF': 0.522328211692491, 'Frag/TestSF': 0.8404955057081003, 'Scaf/TestSF': 0.004977250671082456, 'IntDiv': 0.7634758197380405, 'IntDiv2': 0.7417696683389152, 'Filters': 0.9963582625217713, 'logP': 0.3568007737579892, 'SA': 0.39602564424929815, 'QED': 0.09613906574245096, 'weight': 8.959974420210115, 'Novelty': 0.899079754601227}
Epoch: 35:
	Train Loss: 0.506 --- Reconstruction Loss: 0.484 --- KL Loss: 57.698 --- Beta: 0.000372
	Validity: 0.63% --- Uniquene@1000: 0.58% --- Unique@10000: 0.24%

{'valid': 0.7479333333333333, 'unique@1000': 0.53, 'unique@10000': 0.2359, 'FCD/Test': 26.379407759680213, 'SNN/Test': 0.6400871209727856, 'Frag/Test': 0.8449646824853586, 'Scaf/Test': 0.12005014387101354, 'FCD/TestSF': 27.68310681757776, 'SNN/TestSF': 0.5427743706678535, 'Frag/TestSF': 0.8323095297641122, 'Scaf/TestSF': 0.006765707608799243, 'IntDiv': 0.7675449595886626, 'IntDiv2': 0.7419493313587138, 'Filters': 0.9953204385417596, 'logP': 0.23236529706127496, 'SA': 0.4118592521359866, 'QED': 0.07234715982236767, 'weight': 11.727804299067586, 'Novelty': 0.8898616210110138}
Epoch: 36:
	Train Loss: 0.494 --- Reconstruction Loss: 0.476 --- KL Loss: 48.041 --- Beta: 0.000380
	Validity: 0.75% --- Uniquene@1000: 0.53% --- Unique@10000: 0.24%

{'valid': 0.7256666666666667, 'unique@1000': 0.601, 'unique@10000': 0.2585, 'FCD/Test': 23.55146219090507, 'SNN/Test': 0.6321300362987589, 'Frag/Test': 0.8847318144452918, 'Scaf/Test': 0.3458252197187097, 'FCD/TestSF': 25.045494003513788, 'SNN/TestSF': 0.5380221549282941, 'Frag/TestSF': 0.8734075020051996, 'Scaf/TestSF': 0.02673196999431049, 'IntDiv': 0.7798349848459151, 'IntDiv2': 0.7584347715075284, 'Filters': 0.9952227836472209, 'logP': 0.5340441852663905, 'SA': 0.4122403556285033, 'QED': 0.0538610150649921, 'weight': 8.777838408026968, 'Novelty': 0.9041719342604299}
Epoch: 37:
	Train Loss: 0.484 --- Reconstruction Loss: 0.467 --- KL Loss: 43.505 --- Beta: 0.000388
	Validity: 0.73% --- Uniquene@1000: 0.60% --- Unique@10000: 0.26%

{'valid': 0.8210333333333333, 'unique@1000': 0.647, 'unique@10000': 0.2889, 'FCD/Test': 23.45403605546324, 'SNN/Test': 0.6275205537964175, 'Frag/Test': 0.900243429448421, 'Scaf/Test': 0.29637083532671826, 'FCD/TestSF': 24.9388685916623, 'SNN/TestSF': 0.5317363366372722, 'Frag/TestSF': 0.8882333226899474, 'Scaf/TestSF': 0.006137752993205847, 'IntDiv': 0.7787926831427878, 'IntDiv2': 0.7571332151251954, 'Filters': 0.9846534854451707, 'logP': 0.5344080094512532, 'SA': 0.4127266975486247, 'QED': 0.026073949143644127, 'weight': 6.33900835446565, 'Novelty': 0.8951647411210955}
Epoch: 38:
	Train Loss: 0.475 --- Reconstruction Loss: 0.459 --- KL Loss: 40.323 --- Beta: 0.000396
	Validity: 0.82% --- Uniquene@1000: 0.65% --- Unique@10000: 0.29%

{'valid': 0.7502333333333333, 'unique@1000': 0.628, 'unique@10000': 0.3125, 'FCD/Test': 23.47658489160618, 'SNN/Test': 0.6371022446068049, 'Frag/Test': 0.8626022037959783, 'Scaf/Test': 0.3233077269964554, 'FCD/TestSF': 25.03528872126249, 'SNN/TestSF': 0.5323395419018565, 'Frag/TestSF': 0.8485845533992605, 'Scaf/TestSF': 0.017429516033994785, 'IntDiv': 0.7619988434540803, 'IntDiv2': 0.7406552249961724, 'Filters': 0.9900919713866797, 'logP': 0.3532121018810587, 'SA': 0.4341120177206594, 'QED': 0.04234817795422098, 'weight': 5.75347415822628, 'Novelty': 0.8900138971610085}
Epoch: 39:
	Train Loss: 0.466 --- Reconstruction Loss: 0.451 --- KL Loss: 37.421 --- Beta: 0.000404
	Validity: 0.75% --- Uniquene@1000: 0.63% --- Unique@10000: 0.31%

{'valid': 0.7296666666666667, 'unique@1000': 0.687, 'unique@10000': 0.3401, 'FCD/Test': 23.04760573280899, 'SNN/Test': 0.5986775180992877, 'Frag/Test': 0.8494148642853792, 'Scaf/Test': 0.27291012515865476, 'FCD/TestSF': 24.710310734567308, 'SNN/TestSF': 0.5081776150391221, 'Frag/TestSF': 0.8348538998550953, 'Scaf/TestSF': 0.020386974020542792, 'IntDiv': 0.7840749237192439, 'IntDiv2': 0.7667891965577849, 'Filters': 0.9925993604385565, 'logP': 0.4050871676067582, 'SA': 0.3051089620240323, 'QED': 0.05024737725954369, 'weight': 9.499697702985717, 'Novelty': 0.9019349990606801}
Epoch: 40:
	Train Loss: 0.457 --- Reconstruction Loss: 0.443 --- KL Loss: 35.747 --- Beta: 0.000412
	Validity: 0.73% --- Uniquene@1000: 0.69% --- Unique@10000: 0.34%

{'valid': 0.7928, 'unique@1000': 0.723, 'unique@10000': 0.3744, 'FCD/Test': 21.21267011325935, 'SNN/Test': 0.6227203137117566, 'Frag/Test': 0.8663143250393445, 'Scaf/Test': 0.3300041973909038, 'FCD/TestSF': 22.742189973059254, 'SNN/TestSF': 0.531241164529891, 'Frag/TestSF': 0.8525183036637033, 'Scaf/TestSF': 0.026246377550262934, 'IntDiv': 0.7909223373033608, 'IntDiv2': 0.7735950506282138, 'Filters': 0.9894046417759839, 'logP': 0.3925575220885328, 'SA': 0.35795064998782633, 'QED': 0.03250516511547843, 'weight': 12.401287790547721, 'Novelty': 0.8833933322898733}
Epoch: 41:
	Train Loss: 0.449 --- Reconstruction Loss: 0.435 --- KL Loss: 33.975 --- Beta: 0.000420
	Validity: 0.79% --- Uniquene@1000: 0.72% --- Unique@10000: 0.37%

{'valid': 0.7601, 'unique@1000': 0.804, 'unique@10000': 0.4385, 'FCD/Test': 19.850097780509373, 'SNN/Test': 0.6203819313286083, 'Frag/Test': 0.9252527564733187, 'Scaf/Test': 0.3526964753440476, 'FCD/TestSF': 20.940243601832236, 'SNN/TestSF': 0.5387649158111336, 'Frag/TestSF': 0.9149522442697469, 'Scaf/TestSF': 0.06450840633781485, 'IntDiv': 0.792240192042059, 'IntDiv2': 0.7778329847225078, 'Filters': 0.992895671622155, 'logP': 0.5394830810294933, 'SA': 0.3584843718786858, 'QED': 0.0221079947558029, 'weight': 11.409086127943661, 'Novelty': 0.8838683014189282}
Epoch: 42:
	Train Loss: 0.441 --- Reconstruction Loss: 0.428 --- KL Loss: 32.225 --- Beta: 0.000428
	Validity: 0.76% --- Uniquene@1000: 0.80% --- Unique@10000: 0.44%

{'valid': 0.7759666666666667, 'unique@1000': 0.769, 'unique@10000': 0.4428, 'FCD/Test': 20.324827216083108, 'SNN/Test': 0.6101908112349105, 'Frag/Test': 0.9010526522597201, 'Scaf/Test': 0.23493765706916814, 'FCD/TestSF': 21.3877943906268, 'SNN/TestSF': 0.5266272562481836, 'Frag/TestSF': 0.8901365305444081, 'Scaf/TestSF': 0.0513129664741625, 'IntDiv': 0.7998996264192076, 'IntDiv2': 0.7837616381992072, 'Filters': 0.9884015636410499, 'logP': 0.49373112472873565, 'SA': 0.302434813334253, 'QED': 0.030137129866210245, 'weight': 8.508216090873935, 'Novelty': 0.9021310181531176}
Epoch: 43:
	Train Loss: 0.434 --- Reconstruction Loss: 0.421 --- KL Loss: 30.699 --- Beta: 0.000436
	Validity: 0.78% --- Uniquene@1000: 0.77% --- Unique@10000: 0.44%

{'valid': 0.8157, 'unique@1000': 0.789, 'unique@10000': 0.4596, 'FCD/Test': 18.803672681677227, 'SNN/Test': 0.6272114603416944, 'Frag/Test': 0.922388118663365, 'Scaf/Test': 0.3012232408542047, 'FCD/TestSF': 20.12391314140406, 'SNN/TestSF': 0.5351166179385624, 'Frag/TestSF': 0.9108762327311131, 'Scaf/TestSF': 0.052800937828069605, 'IntDiv': 0.7948465205003554, 'IntDiv2': 0.7806371854089561, 'Filters': 0.9906011196926975, 'logP': 0.4854424420125034, 'SA': 0.36767187355654446, 'QED': 0.022050308286480354, 'weight': 15.177367907080663, 'Novelty': 0.8807664144495972}
Epoch: 44:
	Train Loss: 0.427 --- Reconstruction Loss: 0.414 --- KL Loss: 29.554 --- Beta: 0.000444
	Validity: 0.82% --- Uniquene@1000: 0.79% --- Unique@10000: 0.46%

{'valid': 0.8623333333333334, 'unique@1000': 0.791, 'unique@10000': 0.4613, 'FCD/Test': 18.805211318152686, 'SNN/Test': 0.6240065093650107, 'Frag/Test': 0.9180604151945877, 'Scaf/Test': 0.28632647644599707, 'FCD/TestSF': 19.79673711467992, 'SNN/TestSF': 0.5453660379736682, 'Frag/TestSF': 0.9089477196311198, 'Scaf/TestSF': 0.05108034950069962, 'IntDiv': 0.7940144895019821, 'IntDiv2': 0.7805687571214048, 'Filters': 0.9949362195593351, 'logP': 0.4575509327580313, 'SA': 0.3392992223311821, 'QED': 0.027357075938728364, 'weight': 11.918439137780137, 'Novelty': 0.8588376273217495}
Epoch: 45:
	Train Loss: 0.420 --- Reconstruction Loss: 0.407 --- KL Loss: 28.051 --- Beta: 0.000452
	Validity: 0.86% --- Uniquene@1000: 0.79% --- Unique@10000: 0.46%

{'valid': 0.8653333333333333, 'unique@1000': 0.842, 'unique@10000': 0.5298, 'FCD/Test': 19.520205698765885, 'SNN/Test': 0.6193207434592382, 'Frag/Test': 0.9164184691755372, 'Scaf/Test': 0.30400487177201063, 'FCD/TestSF': 20.653282106024953, 'SNN/TestSF': 0.5388941436414771, 'Frag/TestSF': 0.9068585411903436, 'Scaf/TestSF': 0.054066385421849605, 'IntDiv': 0.7958561450528778, 'IntDiv2': 0.7825374679180617, 'Filters': 0.9939137134052388, 'logP': 0.5397037964195807, 'SA': 0.3177343370195701, 'QED': 0.017019016912098818, 'weight': 11.864137326383378, 'Novelty': 0.8850118953211736}
Epoch: 46:
	Train Loss: 0.414 --- Reconstruction Loss: 0.402 --- KL Loss: 26.859 --- Beta: 0.000460
	Validity: 0.87% --- Uniquene@1000: 0.84% --- Unique@10000: 0.53%

{'valid': 0.8683333333333334, 'unique@1000': 0.886, 'unique@10000': 0.592, 'FCD/Test': 17.916232648993713, 'SNN/Test': 0.602651777770835, 'Frag/Test': 0.9209673457674451, 'Scaf/Test': 0.3302911604693848, 'FCD/TestSF': 19.297832685589732, 'SNN/TestSF': 0.5220274112835498, 'Frag/TestSF': 0.9098227241383624, 'Scaf/TestSF': 0.08205663606249503, 'IntDiv': 0.8027607726575997, 'IntDiv2': 0.7913144942161227, 'Filters': 0.9852207293666027, 'logP': 0.40449758028758076, 'SA': 0.26613203869423707, 'QED': 0.011906575370155882, 'weight': 15.153442126018097, 'Novelty': 0.8939040207522698}
Epoch: 47:
	Train Loss: 0.408 --- Reconstruction Loss: 0.396 --- KL Loss: 25.583 --- Beta: 0.000468
	Validity: 0.87% --- Uniquene@1000: 0.89% --- Unique@10000: 0.59%

{'valid': 0.8685333333333334, 'unique@1000': 0.885, 'unique@10000': 0.6056, 'FCD/Test': 17.643699784569876, 'SNN/Test': 0.6040877245760033, 'Frag/Test': 0.9030021304806778, 'Scaf/Test': 0.26651925108354413, 'FCD/TestSF': 18.82357728439294, 'SNN/TestSF': 0.522767466414316, 'Frag/TestSF': 0.8914893854671948, 'Scaf/TestSF': 0.06516103039083876, 'IntDiv': 0.8070486391792776, 'IntDiv2': 0.7940757930677773, 'Filters': 0.9854160270187289, 'logP': 0.40743722898012646, 'SA': 0.25875511083420233, 'QED': 0.01746546168021172, 'weight': 17.461920330261318, 'Novelty': 0.8893591805637857}
Epoch: 48:
	Train Loss: 0.403 --- Reconstruction Loss: 0.391 --- KL Loss: 25.301 --- Beta: 0.000476
	Validity: 0.87% --- Uniquene@1000: 0.89% --- Unique@10000: 0.61%

{'valid': 0.6718666666666666, 'unique@1000': 0.87, 'unique@10000': 0.6059, 'FCD/Test': 15.654647261194285, 'SNN/Test': 0.6116921049669328, 'Frag/Test': 0.9163153924620631, 'Scaf/Test': 0.24169152187033538, 'FCD/TestSF': 16.54511198252152, 'SNN/TestSF': 0.5375929246374742, 'Frag/TestSF': 0.9054383391119316, 'Scaf/TestSF': 0.04618078439979123, 'IntDiv': 0.8134485387851851, 'IntDiv2': 0.8014278840850918, 'Filters': 0.9924092081762255, 'logP': 0.39682328839608244, 'SA': 0.2752525573194775, 'QED': 0.017502162115319873, 'weight': 21.189864570806428, 'Novelty': 0.8815674042304318}
Epoch: 49:
	Train Loss: 0.395 --- Reconstruction Loss: 0.383 --- KL Loss: 24.549 --- Beta: 0.000484
	Validity: 0.67% --- Uniquene@1000: 0.87% --- Unique@10000: 0.61%

{'valid': 0.9212, 'unique@1000': 0.921, 'unique@10000': 0.642, 'FCD/Test': 17.029273684778843, 'SNN/Test': 0.5933765367165215, 'Frag/Test': 0.9230438124291969, 'Scaf/Test': 0.27028858386700993, 'FCD/TestSF': 17.997189378133925, 'SNN/TestSF': 0.516821754415045, 'Frag/TestSF': 0.9139186738551275, 'Scaf/TestSF': 0.03516274536125019, 'IntDiv': 0.8141062930673875, 'IntDiv2': 0.8026157539559715, 'Filters': 0.9814372557533652, 'logP': 0.5800420700049321, 'SA': 0.2255865534190912, 'QED': 0.017606010972972663, 'weight': 18.165952529634858, 'Novelty': 0.8916623587622775}
Epoch: 50:
	Train Loss: 0.389 --- Reconstruction Loss: 0.378 --- KL Loss: 24.229 --- Beta: 0.000492
	Validity: 0.92% --- Uniquene@1000: 0.92% --- Unique@10000: 0.64%

{'valid': 0.6223333333333334, 'unique@1000': 0.876, 'unique@10000': 0.5814, 'FCD/Test': 17.81956625939044, 'SNN/Test': 0.5739619477218527, 'Frag/Test': 0.9131863884772818, 'Scaf/Test': 0.20348394777426093, 'FCD/TestSF': 18.891398023374393, 'SNN/TestSF': 0.503200292687047, 'Frag/TestSF': 0.902900538088336, 'Scaf/TestSF': 0.05857577243035461, 'IntDiv': 0.8175361131620051, 'IntDiv2': 0.8051890246073363, 'Filters': 0.9758435993572576, 'logP': 0.5035412531268826, 'SA': 0.1890561700980273, 'QED': 0.010014431003044206, 'weight': 23.41856881528104, 'Novelty': 0.897588371324744}
Epoch: 51:
	Train Loss: 0.373 --- Reconstruction Loss: 0.369 --- KL Loss: 40.742 --- Beta: 0.000100
	Validity: 0.62% --- Uniquene@1000: 0.88% --- Unique@10000: 0.58%

{'valid': 0.8678666666666667, 'unique@1000': 0.862, 'unique@10000': 0.5792, 'FCD/Test': 18.299968233565117, 'SNN/Test': 0.5815633640573502, 'Frag/Test': 0.8914351461714562, 'Scaf/Test': 0.1717251694204449, 'FCD/TestSF': 19.508525380154552, 'SNN/TestSF': 0.503666699437442, 'Frag/TestSF': 0.8792592857988183, 'Scaf/TestSF': 0.060710685948251575, 'IntDiv': 0.8164132196750338, 'IntDiv2': 0.8041731891546169, 'Filters': 0.98210170533108, 'logP': 0.39722078593485255, 'SA': 0.20724348508287535, 'QED': 0.006634791944028859, 'weight': 31.895967014417607, 'Novelty': 0.8862521891418564}
Epoch: 52:
	Train Loss: 0.368 --- Reconstruction Loss: 0.364 --- KL Loss: 43.523 --- Beta: 0.000108
	Validity: 0.87% --- Uniquene@1000: 0.86% --- Unique@10000: 0.58%

{'valid': 0.8577333333333333, 'unique@1000': 0.891, 'unique@10000': 0.5713, 'FCD/Test': 18.851301853634, 'SNN/Test': 0.5932106713778992, 'Frag/Test': 0.8871860937543505, 'Scaf/Test': 0.17459769086326182, 'FCD/TestSF': 20.078067449947845, 'SNN/TestSF': 0.5074999503184445, 'Frag/TestSF': 0.8741467507077657, 'Scaf/TestSF': 0.05000344942447865, 'IntDiv': 0.8095458120139934, 'IntDiv2': 0.7969814679737419, 'Filters': 0.983949945593036, 'logP': 0.28310984940849027, 'SA': 0.21778961602230623, 'QED': 0.012942376855607101, 'weight': 33.45138703421104, 'Novelty': 0.8884785154490586}
Epoch: 53:
	Train Loss: 0.364 --- Reconstruction Loss: 0.359 --- KL Loss: 44.005 --- Beta: 0.000116
	Validity: 0.86% --- Uniquene@1000: 0.89% --- Unique@10000: 0.57%

slurmstepd: error: *** JOB 8257227 ON hpctpa3pc0004 CANCELLED AT 2024-02-15T10:04:48 ***
