2024-02-15 05:56:28.417237: E external/local_xla/xla/stream_executor/cuda/cuda_dnn.cc:9261] Unable to register cuDNN factory: Attempting to register factory for plugin cuDNN when one has already been registered
2024-02-15 05:56:28.417318: E external/local_xla/xla/stream_executor/cuda/cuda_fft.cc:607] Unable to register cuFFT factory: Attempting to register factory for plugin cuFFT when one has already been registered
2024-02-15 05:56:28.417932: E external/local_xla/xla/stream_executor/cuda/cuda_blas.cc:1515] Unable to register cuBLAS factory: Attempting to register factory for plugin cuBLAS when one has already been registered
2024-02-15 05:56:28.421710: I tensorflow/core/platform/cpu_feature_guard.cc:182] This TensorFlow binary is optimized to use available CPU instructions in performance-critical operations.
To enable the following instructions: AVX2 FMA, in other operations, rebuild TensorFlow with the appropriate compiler flags.
2024-02-15 05:56:29.467843: W tensorflow/compiler/tf2tensorrt/utils/py_utils.cc:38] TF-TRT Warning: Could not find TensorRT

Arguments:
	data_path: data/moses_train.txt
	max_len: 30
	batch: 128
	d_model: 512
	d_latent: 256
	d_ff: 1024
	e_heads: 1
	d_heads: 8
	n_layers: 8
	dropout: 0.5
	lr: 0.0005
	n_epochs: 60
	kl_type: cyclic
	kl_w_start: 0.0001
	kl_w_end: 0.001
	kl_cycle: 6
	kl_ratio: 1.0
	save_name: klcompare

Number of data: 88192

SMILES Vocab:
	 {'<START>': 0, '<END>': 1, '<PAD>': 2, 'C': 3, 'O': 4, 'c': 5, '1': 6, '(': 7, '=': 8, ')': 9, 'N': 10, 'n': 11, '2': 12, 'F': 13, 'Cl': 14, 'Br': 15, '#': 16, '3': 17, 'S': 18, 'o': 19, '-': 20, 's': 21, '[nH]': 22, '4': 23}

Graph Vocab:
	 {'C': 0, 'O': 1, 'N': 2, 'F': 3, 'Cl': 4, 'Br': 5, 'S': 6}


KL Annealer: [0.0001  0.00019 0.00028 0.00037 0.00046 0.00055 0.00064 0.00073 0.00082
 0.00091 0.0001  0.00019 0.00028 0.00037 0.00046 0.00055 0.00064 0.00073
 0.00082 0.00091 0.0001  0.00019 0.00028 0.00037 0.00046 0.00055 0.00064
 0.00073 0.00082 0.00091 0.0001  0.00019 0.00028 0.00037 0.00046 0.00055
 0.00064 0.00073 0.00082 0.00091 0.0001  0.00019 0.00028 0.00037 0.00046
 0.00055 0.00064 0.00073 0.00082 0.00091 0.0001  0.00019 0.00028 0.00037
 0.00046 0.00055 0.00064 0.00073 0.00082 0.00091]




#########################################################################
######################### START TRAINING ################################
#########################################################################




{'valid': 0.7932666666666667, 'unique@1000': 0.391, 'unique@10000': 0.1597, 'FCD/Test': 31.277974045713947, 'SNN/Test': 0.6508954519113078, 'Frag/Test': 0.829134501795986, 'Scaf/Test': 0.1760635787852347, 'FCD/TestSF': 32.78703606097174, 'SNN/TestSF': 0.5261218260730431, 'Frag/TestSF': 0.8166410497544977, 'Scaf/TestSF': 0.0010749373243194027, 'IntDiv': 0.7111790663283271, 'IntDiv2': 0.6800369673519067, 'Filters': 0.9987393898646945, 'logP': 0.3074851169773236, 'SA': 0.4998252557979045, 'QED': 0.0738955783611848, 'weight': 7.224160484391527, 'Novelty': 0.911944557684468}
Epoch: 31:
	Train Loss: 0.489 --- Reconstruction Loss: 0.483 --- KL Loss: 63.925 --- Beta: 0.000100
	Validity: 0.79% --- Uniquene@1000: 0.39% --- Unique@10000: 0.16%

{'valid': 0.7335333333333334, 'unique@1000': 0.381, 'unique@10000': 0.1312, 'FCD/Test': 32.32229746335099, 'SNN/Test': 0.676386437144787, 'Frag/Test': 0.8425327951381011, 'Scaf/Test': 0.07337388682099844, 'FCD/TestSF': 34.02981192504858, 'SNN/TestSF': 0.5346380991726304, 'Frag/TestSF': 0.8298768583105689, 'Scaf/TestSF': 0.007147419908943298, 'IntDiv': 0.7125600799639085, 'IntDiv2': 0.6778072145111841, 'Filters': 0.9984095246750886, 'logP': 0.19595027759365582, 'SA': 0.5107570172299516, 'QED': 0.04831289958993018, 'weight': 11.046015039413128, 'Novelty': 0.8809152366094644}
Epoch: 32:
	Train Loss: 0.486 --- Reconstruction Loss: 0.475 --- KL Loss: 59.755 --- Beta: 0.000190
	Validity: 0.73% --- Uniquene@1000: 0.38% --- Unique@10000: 0.13%

{'valid': 0.8508333333333333, 'unique@1000': 0.385, 'unique@10000': 0.1596, 'FCD/Test': 34.466051215768914, 'SNN/Test': 0.6449070114638733, 'Frag/Test': 0.7953809098139187, 'Scaf/Test': 0.17530140392218974, 'FCD/TestSF': 36.01613105803621, 'SNN/TestSF': 0.5327384278087728, 'Frag/TestSF': 0.7831212490171353, 'Scaf/TestSF': 0.016425179393516176, 'IntDiv': 0.6738074374906263, 'IntDiv2': 0.6457775655425586, 'Filters': 0.9933006856023506, 'logP': 0.2303636620379019, 'SA': 0.4994938664184002, 'QED': 0.07326500967820328, 'weight': 11.28012738331096, 'Novelty': 0.9051490514905149}
Epoch: 33:
	Train Loss: 0.482 --- Reconstruction Loss: 0.467 --- KL Loss: 53.607 --- Beta: 0.000280
	Validity: 0.85% --- Uniquene@1000: 0.39% --- Unique@10000: 0.16%

{'valid': 0.5861666666666667, 'unique@1000': 0.502, 'unique@10000': 0.2061, 'FCD/Test': 27.56180057277068, 'SNN/Test': 0.6451119649484817, 'Frag/Test': 0.8544543237290783, 'Scaf/Test': 0.09915383721751336, 'FCD/TestSF': 29.091506600459034, 'SNN/TestSF': 0.5286986774702725, 'Frag/TestSF': 0.8407008937285759, 'Scaf/TestSF': 0.001467300195392096, 'IntDiv': 0.7379361886287399, 'IntDiv2': 0.7103195688348656, 'Filters': 0.9969860676713108, 'logP': 0.23351478020818797, 'SA': 0.443397158226852, 'QED': 0.05612245776517838, 'weight': 13.617206691908764, 'Novelty': 0.9130909090909091}
Epoch: 34:
	Train Loss: 0.478 --- Reconstruction Loss: 0.460 --- KL Loss: 47.223 --- Beta: 0.000370
	Validity: 0.59% --- Uniquene@1000: 0.50% --- Unique@10000: 0.21%

{'valid': 0.7077666666666667, 'unique@1000': 0.562, 'unique@10000': 0.2429, 'FCD/Test': 25.43974353155052, 'SNN/Test': 0.6292076665677033, 'Frag/Test': 0.8592221642813085, 'Scaf/Test': 0.14672548506607086, 'FCD/TestSF': 27.03562668614206, 'SNN/TestSF': 0.5264500257955765, 'Frag/TestSF': 0.8463886142591988, 'Scaf/TestSF': 0.011251723045630713, 'IntDiv': 0.757072046782716, 'IntDiv2': 0.7321685011913764, 'Filters': 0.9936419724014506, 'logP': 0.25300015963121586, 'SA': 0.4258372784173061, 'QED': 0.054171906605070985, 'weight': 12.219322834743345, 'Novelty': 0.8979423868312757}
Epoch: 35:
	Train Loss: 0.472 --- Reconstruction Loss: 0.453 --- KL Loss: 40.982 --- Beta: 0.000460
	Validity: 0.71% --- Uniquene@1000: 0.56% --- Unique@10000: 0.24%

{'valid': 0.7290666666666666, 'unique@1000': 0.601, 'unique@10000': 0.2817, 'FCD/Test': 25.57604389405273, 'SNN/Test': 0.6364016208522453, 'Frag/Test': 0.85506623123293, 'Scaf/Test': 0.21234226131224, 'FCD/TestSF': 27.15144613841303, 'SNN/TestSF': 0.5311339733646617, 'Frag/TestSF': 0.8410360542755774, 'Scaf/TestSF': 0.020466408648999512, 'IntDiv': 0.7458071467765229, 'IntDiv2': 0.7243822841762431, 'Filters': 0.9835863204096562, 'logP': 0.29714756068636344, 'SA': 0.42795156353485214, 'QED': 0.0682417014051293, 'weight': 8.266588389428811, 'Novelty': 0.9122888220319371}
Epoch: 36:
	Train Loss: 0.465 --- Reconstruction Loss: 0.445 --- KL Loss: 35.738 --- Beta: 0.000550
	Validity: 0.73% --- Uniquene@1000: 0.60% --- Unique@10000: 0.28%

{'valid': 0.6739333333333333, 'unique@1000': 0.733, 'unique@10000': 0.3742, 'FCD/Test': 20.482420314123488, 'SNN/Test': 0.6251601623163955, 'Frag/Test': 0.9105016071001374, 'Scaf/Test': 0.4779710795441632, 'FCD/TestSF': 21.797931406373536, 'SNN/TestSF': 0.5361320622149626, 'Frag/TestSF': 0.8984989836234742, 'Scaf/TestSF': 0.04306483484792678, 'IntDiv': 0.7772095128698886, 'IntDiv2': 0.7603789087613266, 'Filters': 0.9845187456721733, 'logP': 0.5202520055298957, 'SA': 0.3880437830715763, 'QED': 0.04609486361381425, 'weight': 8.996306456518454, 'Novelty': 0.9206321639458145}
Epoch: 37:
	Train Loss: 0.458 --- Reconstruction Loss: 0.438 --- KL Loss: 31.288 --- Beta: 0.000640
	Validity: 0.67% --- Uniquene@1000: 0.73% --- Unique@10000: 0.37%

{'valid': 0.6569, 'unique@1000': 0.72, 'unique@10000': 0.3789, 'FCD/Test': 22.376576078151373, 'SNN/Test': 0.6393804773760149, 'Frag/Test': 0.9158793998027057, 'Scaf/Test': 0.2756324124295806, 'FCD/TestSF': 23.802021007650538, 'SNN/TestSF': 0.5468605703951144, 'Frag/TestSF': 0.9051875578289909, 'Scaf/TestSF': 0.01749388113113315, 'IntDiv': 0.7723533191741125, 'IntDiv2': 0.7534319328111474, 'Filters': 0.9821383264829756, 'logP': 0.42173011153952306, 'SA': 0.40425585606511044, 'QED': 0.03375437557781414, 'weight': 9.199713762872914, 'Novelty': 0.9109325881942019}
Epoch: 38:
	Train Loss: 0.451 --- Reconstruction Loss: 0.431 --- KL Loss: 27.257 --- Beta: 0.000730
	Validity: 0.66% --- Uniquene@1000: 0.72% --- Unique@10000: 0.38%

{'valid': 0.7534666666666667, 'unique@1000': 0.802, 'unique@10000': 0.4821, 'FCD/Test': 17.78863405646262, 'SNN/Test': 0.6261875541642417, 'Frag/Test': 0.8905456135911124, 'Scaf/Test': 0.4030660161855719, 'FCD/TestSF': 18.77186033520384, 'SNN/TestSF': 0.5499020363608782, 'Frag/TestSF': 0.8778391204266585, 'Scaf/TestSF': 0.03253336732926149, 'IntDiv': 0.7881028748119214, 'IntDiv2': 0.77344135270124, 'Filters': 0.9811095381348434, 'logP': 0.498883421961886, 'SA': 0.34171558023310566, 'QED': 0.04707739740329587, 'weight': 10.004599358861693, 'Novelty': 0.8994779652786209}
Epoch: 39:
	Train Loss: 0.443 --- Reconstruction Loss: 0.423 --- KL Loss: 23.752 --- Beta: 0.000820
	Validity: 0.75% --- Uniquene@1000: 0.80% --- Unique@10000: 0.48%

{'valid': 0.7549333333333333, 'unique@1000': 0.818, 'unique@10000': 0.4634, 'FCD/Test': 21.665907281118997, 'SNN/Test': 0.6052749059207445, 'Frag/Test': 0.8211442732530063, 'Scaf/Test': 0.17672982205857635, 'FCD/TestSF': 22.91761842881221, 'SNN/TestSF': 0.5292213079540953, 'Frag/TestSF': 0.8054408025799197, 'Scaf/TestSF': 0.030953886116651175, 'IntDiv': 0.7747523876828539, 'IntDiv2': 0.7591303871384906, 'Filters': 0.9877251854468386, 'logP': 0.1710030451912234, 'SA': 0.29993255559871673, 'QED': 0.08817376929501942, 'weight': 11.368131875237202, 'Novelty': 0.909033955644656}
Epoch: 40:
	Train Loss: 0.437 --- Reconstruction Loss: 0.418 --- KL Loss: 21.319 --- Beta: 0.000910
	Validity: 0.75% --- Uniquene@1000: 0.82% --- Unique@10000: 0.46%

{'valid': 0.4756666666666667, 'unique@1000': 0.716, 'unique@10000': 0.3285, 'FCD/Test': 21.59620895373176, 'SNN/Test': 0.6176447462381895, 'Frag/Test': 0.8597310523098372, 'Scaf/Test': 0.2289388598569393, 'FCD/TestSF': 22.959018237615894, 'SNN/TestSF': 0.5199724999366729, 'Frag/TestSF': 0.8451547746328778, 'Scaf/TestSF': 0.025094733489159582, 'IntDiv': 0.7758712467607966, 'IntDiv2': 0.7579733169838692, 'Filters': 0.9814295725297828, 'logP': 0.31506464054714883, 'SA': 0.24946249640101267, 'QED': 0.07183095970750751, 'weight': 11.26842998101018, 'Novelty': 0.9132877381533953}
Epoch: 41:
	Train Loss: 0.410 --- Reconstruction Loss: 0.406 --- KL Loss: 44.934 --- Beta: 0.000100
	Validity: 0.48% --- Uniquene@1000: 0.72% --- Unique@10000: 0.33%

{'valid': 0.5756, 'unique@1000': 0.809, 'unique@10000': 0.4274, 'FCD/Test': 20.524170815021236, 'SNN/Test': 0.6050007255039876, 'Frag/Test': 0.8720512125445786, 'Scaf/Test': 0.18388392254632868, 'FCD/TestSF': 21.689171212379385, 'SNN/TestSF': 0.5168220638540199, 'Frag/TestSF': 0.8596776783929068, 'Scaf/TestSF': 0.07641855805274256, 'IntDiv': 0.7851136731668729, 'IntDiv2': 0.7703030102433986, 'Filters': 0.9887074357192495, 'logP': 0.4602948118809574, 'SA': 0.20914873282133015, 'QED': 0.05352259842565515, 'weight': 15.085085420646974, 'Novelty': 0.9152346331791144}
Epoch: 42:
	Train Loss: 0.406 --- Reconstruction Loss: 0.398 --- KL Loss: 42.180 --- Beta: 0.000190
	Validity: 0.58% --- Uniquene@1000: 0.81% --- Unique@10000: 0.43%

{'valid': 0.7265333333333333, 'unique@1000': 0.785, 'unique@10000': 0.4562, 'FCD/Test': 22.092046732039208, 'SNN/Test': 0.6110188765309451, 'Frag/Test': 0.8556139114031571, 'Scaf/Test': 0.1894507179815379, 'FCD/TestSF': 23.345079395124976, 'SNN/TestSF': 0.5154554923590574, 'Frag/TestSF': 0.8414835052742936, 'Scaf/TestSF': 0.05053922304378966, 'IntDiv': 0.7787634135324074, 'IntDiv2': 0.7633954687676789, 'Filters': 0.9903193246467241, 'logP': 0.38973267846116977, 'SA': 0.24404059542258602, 'QED': 0.044827390719655774, 'weight': 13.827481486425956, 'Novelty': 0.9045400079882838}
Epoch: 43:
	Train Loss: 0.402 --- Reconstruction Loss: 0.392 --- KL Loss: 36.722 --- Beta: 0.000280
	Validity: 0.73% --- Uniquene@1000: 0.79% --- Unique@10000: 0.46%

{'valid': 0.6067333333333333, 'unique@1000': 0.841, 'unique@10000': 0.5135, 'FCD/Test': 17.933727944992626, 'SNN/Test': 0.6162455165180554, 'Frag/Test': 0.9025789836036032, 'Scaf/Test': 0.24686492683965988, 'FCD/TestSF': 18.772023219121536, 'SNN/TestSF': 0.5453166624555914, 'Frag/TestSF': 0.8930701595074818, 'Scaf/TestSF': 0.06569989096191842, 'IntDiv': 0.7974506546931954, 'IntDiv2': 0.7836052200104581, 'Filters': 0.9883529282496429, 'logP': 0.5470897892589844, 'SA': 0.3020641552433628, 'QED': 0.03401843560092847, 'weight': 14.182638016003388, 'Novelty': 0.8910929599377674}
Epoch: 44:
	Train Loss: 0.399 --- Reconstruction Loss: 0.387 --- KL Loss: 32.036 --- Beta: 0.000370
	Validity: 0.61% --- Uniquene@1000: 0.84% --- Unique@10000: 0.51%

{'valid': 0.5395333333333333, 'unique@1000': 0.848, 'unique@10000': 0.5093, 'FCD/Test': 17.651080151372355, 'SNN/Test': 0.6153646684335157, 'Frag/Test': 0.9294233888367008, 'Scaf/Test': 0.21978238094821534, 'FCD/TestSF': 18.352989809150024, 'SNN/TestSF': 0.5415089640241169, 'Frag/TestSF': 0.9223942984416059, 'Scaf/TestSF': 0.050641659295311836, 'IntDiv': 0.8022773532913892, 'IntDiv2': 0.7888707428718551, 'Filters': 0.9896206598294822, 'logP': 0.4633982626170327, 'SA': 0.258473043395984, 'QED': 0.034087811504953, 'weight': 12.638133259450044, 'Novelty': 0.8990563340005719}
Epoch: 45:
	Train Loss: 0.395 --- Reconstruction Loss: 0.382 --- KL Loss: 27.899 --- Beta: 0.000460
	Validity: 0.54% --- Uniquene@1000: 0.85% --- Unique@10000: 0.51%

{'valid': 0.6054999999999999, 'unique@1000': 0.903, 'unique@10000': 0.6006, 'FCD/Test': 16.484471329355117, 'SNN/Test': 0.6131930890471817, 'Frag/Test': 0.9341093251584672, 'Scaf/Test': 0.30170187627781986, 'FCD/TestSF': 17.161556178256035, 'SNN/TestSF': 0.5465569547818706, 'Frag/TestSF': 0.9260375066725979, 'Scaf/TestSF': 0.03623077739532221, 'IntDiv': 0.802053757410159, 'IntDiv2': 0.7904690316091121, 'Filters': 0.9875034406826314, 'logP': 0.4995356679629653, 'SA': 0.26116773376464547, 'QED': 0.025444828608108018, 'weight': 14.632822438787004, 'Novelty': 0.9046949372565989}
Epoch: 46:
	Train Loss: 0.391 --- Reconstruction Loss: 0.377 --- KL Loss: 25.031 --- Beta: 0.000550
	Validity: 0.61% --- Uniquene@1000: 0.90% --- Unique@10000: 0.60%

{'valid': 0.7754333333333333, 'unique@1000': 0.883, 'unique@10000': 0.6303, 'FCD/Test': 16.400354313541726, 'SNN/Test': 0.6246766036479086, 'Frag/Test': 0.9385605422708408, 'Scaf/Test': 0.2697828053104534, 'FCD/TestSF': 17.27958011100386, 'SNN/TestSF': 0.5500511417405365, 'Frag/TestSF': 0.9310206680131863, 'Scaf/TestSF': 0.028658914016898906, 'IntDiv': 0.7994299713545583, 'IntDiv2': 0.7872918016132339, 'Filters': 0.9835360873490091, 'logP': 0.4126612148495986, 'SA': 0.30093503297371316, 'QED': 0.023161865895723884, 'weight': 16.045307705922507, 'Novelty': 0.8877559763516408}
Epoch: 47:
	Train Loss: 0.388 --- Reconstruction Loss: 0.374 --- KL Loss: 22.242 --- Beta: 0.000640
	Validity: 0.78% --- Uniquene@1000: 0.88% --- Unique@10000: 0.63%

{'valid': 0.8621, 'unique@1000': 0.953, 'unique@10000': 0.7394, 'FCD/Test': 15.247727566235554, 'SNN/Test': 0.6070331045865497, 'Frag/Test': 0.9249365763712578, 'Scaf/Test': 0.3132292087294034, 'FCD/TestSF': 16.16148290565321, 'SNN/TestSF': 0.5291898699798306, 'Frag/TestSF': 0.914458032928977, 'Scaf/TestSF': 0.04378161120166535, 'IntDiv': 0.8064301467196746, 'IntDiv2': 0.7948816713741382, 'Filters': 0.9790047558287902, 'logP': 0.3876151556585777, 'SA': 0.2316902516577576, 'QED': 0.04241700242253186, 'weight': 17.03396684831609, 'Novelty': 0.9068318951534419}
Epoch: 48:
	Train Loss: 0.384 --- Reconstruction Loss: 0.369 --- KL Loss: 20.313 --- Beta: 0.000730
	Validity: 0.86% --- Uniquene@1000: 0.95% --- Unique@10000: 0.74%

{'valid': 0.8595666666666667, 'unique@1000': 0.945, 'unique@10000': 0.731, 'FCD/Test': 15.487570837226002, 'SNN/Test': 0.6054845930021842, 'Frag/Test': 0.9173133117910844, 'Scaf/Test': 0.3298128109115439, 'FCD/TestSF': 16.25580977948887, 'SNN/TestSF': 0.5385236497089373, 'Frag/TestSF': 0.91027646118546, 'Scaf/TestSF': 0.045323605076884155, 'IntDiv': 0.8193224472398044, 'IntDiv2': 0.8074250543167549, 'Filters': 0.979796021251018, 'logP': 0.5269184705546436, 'SA': 0.28430498615034094, 'QED': 0.01671197865552191, 'weight': 19.785763636538547, 'Novelty': 0.8935490183288761}
Epoch: 49:
	Train Loss: 0.381 --- Reconstruction Loss: 0.366 --- KL Loss: 18.467 --- Beta: 0.000820
	Validity: 0.86% --- Uniquene@1000: 0.94% --- Unique@10000: 0.73%

{'valid': 0.8124666666666667, 'unique@1000': 0.949, 'unique@10000': 0.7595, 'FCD/Test': 15.108599325230557, 'SNN/Test': 0.6053841090525371, 'Frag/Test': 0.9331473089528167, 'Scaf/Test': 0.30430826209443995, 'FCD/TestSF': 15.658400992417796, 'SNN/TestSF': 0.5385313720321688, 'Frag/TestSF': 0.925942828392282, 'Scaf/TestSF': 0.04065445284323099, 'IntDiv': 0.8111548228484698, 'IntDiv2': 0.8002475425084797, 'Filters': 0.9792401739558546, 'logP': 0.5038244654397698, 'SA': 0.25538448658150925, 'QED': 0.02336898294701767, 'weight': 13.040468149162912, 'Novelty': 0.9074933037172536}
Epoch: 50:
	Train Loss: 0.378 --- Reconstruction Loss: 0.362 --- KL Loss: 17.044 --- Beta: 0.000910
	Validity: 0.81% --- Uniquene@1000: 0.95% --- Unique@10000: 0.76%

{'valid': 0.5545333333333333, 'unique@1000': 0.889, 'unique@10000': 0.6291, 'FCD/Test': 16.00089212555033, 'SNN/Test': 0.5819550729897496, 'Frag/Test': 0.9336197747146978, 'Scaf/Test': 0.18575684751696908, 'FCD/TestSF': 16.57529126400287, 'SNN/TestSF': 0.5228029078929133, 'Frag/TestSF': 0.9265447219883068, 'Scaf/TestSF': 0.03578003272540886, 'IntDiv': 0.8161892948726962, 'IntDiv2': 0.8049614393013255, 'Filters': 0.9752945419572012, 'logP': 0.45847453066422994, 'SA': 0.1429257302467106, 'QED': 0.01966241827518039, 'weight': 21.843567372234418, 'Novelty': 0.9096774193548387}
Epoch: 51:
	Train Loss: 0.357 --- Reconstruction Loss: 0.353 --- KL Loss: 35.590 --- Beta: 0.000100
	Validity: 0.55% --- Uniquene@1000: 0.89% --- Unique@10000: 0.63%

{'valid': 0.8643000000000001, 'unique@1000': 0.927, 'unique@10000': 0.6829, 'FCD/Test': 15.703091276910925, 'SNN/Test': 0.5883186146489929, 'Frag/Test': 0.9002292974271918, 'Scaf/Test': 0.21679863250856313, 'FCD/TestSF': 16.38864447824217, 'SNN/TestSF': 0.5211413188118853, 'Frag/TestSF': 0.890584556299824, 'Scaf/TestSF': 0.0442643051296282, 'IntDiv': 0.822682221514315, 'IntDiv2': 0.8112558192680761, 'Filters': 0.9818350109915539, 'logP': 0.377724124914633, 'SA': 0.19042370273601572, 'QED': 0.01159137654431073, 'weight': 25.963541681374913, 'Novelty': 0.8958541815582559}
Epoch: 52:
	Train Loss: 0.355 --- Reconstruction Loss: 0.349 --- KL Loss: 33.639 --- Beta: 0.000190
	Validity: 0.86% --- Uniquene@1000: 0.93% --- Unique@10000: 0.68%

{'valid': 0.853, 'unique@1000': 0.938, 'unique@10000': 0.6778, 'FCD/Test': 16.56724226875609, 'SNN/Test': 0.6051418686784212, 'Frag/Test': 0.8991452216046101, 'Scaf/Test': 0.1915927938451124, 'FCD/TestSF': 17.417817185466816, 'SNN/TestSF': 0.5294610945175243, 'Frag/TestSF': 0.8885530183220189, 'Scaf/TestSF': 0.05606061268801632, 'IntDiv': 0.8063158558642789, 'IntDiv2': 0.7954060916923844, 'Filters': 0.983704572098476, 'logP': 0.3320803246745438, 'SA': 0.25833925880332576, 'QED': 0.015099626353334391, 'weight': 24.755037562359636, 'Novelty': 0.8899448636099826}
Epoch: 53:
	Train Loss: 0.353 --- Reconstruction Loss: 0.345 --- KL Loss: 29.870 --- Beta: 0.000280
	Validity: 0.85% --- Uniquene@1000: 0.94% --- Unique@10000: 0.68%

{'valid': 0.8673333333333333, 'unique@1000': 0.958, 'unique@10000': 0.753, 'FCD/Test': 14.59534505740396, 'SNN/Test': 0.5954449124170395, 'Frag/Test': 0.9378185203241427, 'Scaf/Test': 0.27427873777313794, 'FCD/TestSF': 15.327913893094838, 'SNN/TestSF': 0.528982820639603, 'Frag/TestSF': 0.9289965107046767, 'Scaf/TestSF': 0.044293647365557076, 'IntDiv': 0.8179601178317161, 'IntDiv2': 0.8077233881034336, 'Filters': 0.9784396617986164, 'logP': 0.40069832668184474, 'SA': 0.2418314253122794, 'QED': 0.015368471173037279, 'weight': 25.28790157919464, 'Novelty': 0.8918986549890522}
Epoch: 54:
	Train Loss: 0.351 --- Reconstruction Loss: 0.341 --- KL Loss: 26.557 --- Beta: 0.000370
	Validity: 0.87% --- Uniquene@1000: 0.96% --- Unique@10000: 0.75%

{'valid': 0.8998666666666667, 'unique@1000': 0.95, 'unique@10000': 0.751, 'FCD/Test': 14.970813233295402, 'SNN/Test': 0.5990638672545991, 'Frag/Test': 0.9202017580420176, 'Scaf/Test': 0.33537775153190863, 'FCD/TestSF': 15.93406801359162, 'SNN/TestSF': 0.5291138733575027, 'Frag/TestSF': 0.9110897490661094, 'Scaf/TestSF': 0.050490994467080164, 'IntDiv': 0.8144755504961636, 'IntDiv2': 0.8044078719242109, 'Filters': 0.9802192917469255, 'logP': 0.3023313382040531, 'SA': 0.23413862512915176, 'QED': 0.014213998681805612, 'weight': 26.1560272982185, 'Novelty': 0.8846573681018799}
Epoch: 55:
	Train Loss: 0.348 --- Reconstruction Loss: 0.337 --- KL Loss: 24.033 --- Beta: 0.000460
	Validity: 0.90% --- Uniquene@1000: 0.95% --- Unique@10000: 0.75%

{'valid': 0.9350666666666667, 'unique@1000': 0.968, 'unique@10000': 0.8143, 'FCD/Test': 14.036503253947416, 'SNN/Test': 0.5864698924018001, 'Frag/Test': 0.9094851822798593, 'Scaf/Test': 0.2831356060616075, 'FCD/TestSF': 14.775167021911564, 'SNN/TestSF': 0.5187755984916983, 'Frag/TestSF': 0.9005084472380227, 'Scaf/TestSF': 0.06408354693089247, 'IntDiv': 0.824590806513873, 'IntDiv2': 0.8145579720262797, 'Filters': 0.9846000285184657, 'logP': 0.3386296016619479, 'SA': 0.2053527489129448, 'QED': 0.013304673102120874, 'weight': 25.190201972865157, 'Novelty': 0.8949918373795355}
Epoch: 56:
	Train Loss: 0.347 --- Reconstruction Loss: 0.335 --- KL Loss: 21.929 --- Beta: 0.000550
	Validity: 0.94% --- Uniquene@1000: 0.97% --- Unique@10000: 0.81%

{'valid': 0.8916333333333333, 'unique@1000': 0.968, 'unique@10000': 0.795, 'FCD/Test': 14.202750131851992, 'SNN/Test': 0.5858332193504115, 'Frag/Test': 0.9285507282678465, 'Scaf/Test': 0.3200827447163628, 'FCD/TestSF': 14.881718479541583, 'SNN/TestSF': 0.5290697397228766, 'Frag/TestSF': 0.9213932924038951, 'Scaf/TestSF': 0.054793449612952294, 'IntDiv': 0.8232944484394815, 'IntDiv2': 0.8131128855872942, 'Filters': 0.9795132528318816, 'logP': 0.47010373850195825, 'SA': 0.20067550157676387, 'QED': 0.01633508458476934, 'weight': 23.76064774253449, 'Novelty': 0.9001834046573668}
Epoch: 57:
	Train Loss: 0.344 --- Reconstruction Loss: 0.331 --- KL Loss: 20.119 --- Beta: 0.000640
	Validity: 0.89% --- Uniquene@1000: 0.97% --- Unique@10000: 0.80%

slurmstepd: error: *** JOB 8257219 ON hpctpa3pc0040 CANCELLED AT 2024-02-15T10:04:48 ***
