2024-02-15 06:27:30.344987: E external/local_xla/xla/stream_executor/cuda/cuda_dnn.cc:9261] Unable to register cuDNN factory: Attempting to register factory for plugin cuDNN when one has already been registered
2024-02-15 06:27:30.345063: E external/local_xla/xla/stream_executor/cuda/cuda_fft.cc:607] Unable to register cuFFT factory: Attempting to register factory for plugin cuFFT when one has already been registered
2024-02-15 06:27:30.418584: E external/local_xla/xla/stream_executor/cuda/cuda_blas.cc:1515] Unable to register cuBLAS factory: Attempting to register factory for plugin cuBLAS when one has already been registered
2024-02-15 06:27:30.566404: I tensorflow/core/platform/cpu_feature_guard.cc:182] This TensorFlow binary is optimized to use available CPU instructions in performance-critical operations.
To enable the following instructions: AVX2 FMA, in other operations, rebuild TensorFlow with the appropriate compiler flags.
2024-02-15 06:27:33.085715: W tensorflow/compiler/tf2tensorrt/utils/py_utils.cc:38] TF-TRT Warning: Could not find TensorRT

Arguments:
	data_path: data/moses_train.txt
	max_len: 30
	batch: 128
	d_model: 512
	d_latent: 256
	d_ff: 1024
	e_heads: 1
	d_heads: 8
	n_layers: 8
	dropout: 0.5
	lr: 0.0005
	n_epochs: 100
	kl_type: cyclic
	kl_w_start: 0.0001
	kl_w_end: 0.0005
	kl_cycle: 4
	kl_ratio: 1.0
	save_name: klcompare

Number of data: 88192

SMILES Vocab:
	 {'<START>': 0, '<END>': 1, '<PAD>': 2, 'C': 3, 'O': 4, 'c': 5, '1': 6, '(': 7, '=': 8, ')': 9, 'N': 10, 'n': 11, '2': 12, 'F': 13, 'Cl': 14, 'Br': 15, '#': 16, '3': 17, 'S': 18, 'o': 19, '-': 20, 's': 21, '[nH]': 22, '4': 23}

Graph Vocab:
	 {'C': 0, 'O': 1, 'N': 2, 'F': 3, 'Cl': 4, 'Br': 5, 'S': 6}


KL Annealer: [0.0001   0.000116 0.000132 0.000148 0.000164 0.00018  0.000196 0.000212
 0.000228 0.000244 0.00026  0.000276 0.000292 0.000308 0.000324 0.00034
 0.000356 0.000372 0.000388 0.000404 0.00042  0.000436 0.000452 0.000468
 0.000484 0.0001   0.000116 0.000132 0.000148 0.000164 0.00018  0.000196
 0.000212 0.000228 0.000244 0.00026  0.000276 0.000292 0.000308 0.000324
 0.00034  0.000356 0.000372 0.000388 0.000404 0.00042  0.000436 0.000452
 0.000468 0.000484 0.0001   0.000116 0.000132 0.000148 0.000164 0.00018
 0.000196 0.000212 0.000228 0.000244 0.00026  0.000276 0.000292 0.000308
 0.000324 0.00034  0.000356 0.000372 0.000388 0.000404 0.00042  0.000436
 0.000452 0.000468 0.000484 0.0001   0.000116 0.000132 0.000148 0.000164
 0.00018  0.000196 0.000212 0.000228 0.000244 0.00026  0.000276 0.000292
 0.000308 0.000324 0.00034  0.000356 0.000372 0.000388 0.000404 0.00042
 0.000436 0.000452 0.000468 0.000484]




#########################################################################
######################### START TRAINING ################################
#########################################################################




{'valid': 0.7705, 'unique@1000': 0.2, 'unique@10000': 0.0533, 'FCD/Test': 44.013211874526654, 'SNN/Test': 0.6891875539343258, 'Frag/Test': 0.7798451601160786, 'Scaf/Test': 0.13519415172204285, 'FCD/TestSF': 45.39280350255841, 'SNN/TestSF': 0.5215797451572348, 'Frag/TestSF': 0.7671285229432042, 'Scaf/TestSF': 0.005457713331610048, 'IntDiv': 0.5616808996861847, 'IntDiv2': 0.5346080098578774, 'Filters': 0.9929050400173047, 'logP': 0.3487722241614851, 'SA': 0.5669538208016044, 'QED': 0.10331921655782154, 'weight': 7.663009878822822, 'Novelty': 0.921727395411606}
Epoch: 31:
	Train Loss: 0.543 --- Reconstruction Loss: 0.487 --- KL Loss: 313.625 --- Beta: 0.000180
	Validity: 0.77% --- Uniquene@1000: 0.20% --- Unique@10000: 0.05%

{'valid': 0.6342666666666666, 'unique@1000': 0.25, 'unique@10000': 0.0725, 'FCD/Test': 41.250238076779695, 'SNN/Test': 0.6725300911243082, 'Frag/Test': 0.7939354126708333, 'Scaf/Test': 0.0185302440905305, 'FCD/TestSF': 42.87603378707169, 'SNN/TestSF': 0.5145166466184491, 'Frag/TestSF': 0.7818340482389252, 'Scaf/TestSF': 0.0018923881057215652, 'IntDiv': 0.6192503364170123, 'IntDiv2': 0.5860035032479283, 'Filters': 0.9984233760773596, 'logP': 0.3108723413860556, 'SA': 0.4590327343974415, 'QED': 0.08464199315230846, 'weight': 7.384239717892418, 'Novelty': 0.9212916246215943}
Epoch: 32:
	Train Loss: 0.533 --- Reconstruction Loss: 0.480 --- KL Loss: 270.879 --- Beta: 0.000196
	Validity: 0.63% --- Uniquene@1000: 0.25% --- Unique@10000: 0.07%

{'valid': 0.8197, 'unique@1000': 0.295, 'unique@10000': 0.0889, 'FCD/Test': 39.64903847860976, 'SNN/Test': 0.6554689636813548, 'Frag/Test': 0.801336386218902, 'Scaf/Test': 0.130854525237035, 'FCD/TestSF': 41.159867634880484, 'SNN/TestSF': 0.5216590753145921, 'Frag/TestSF': 0.7897247945150735, 'Scaf/TestSF': 0.00409817265625001, 'IntDiv': 0.640700840314528, 'IntDiv2': 0.6156602378774119, 'Filters': 0.9963401244357691, 'logP': 0.2592627081817351, 'SA': 0.45013417938066597, 'QED': 0.07620890201701551, 'weight': 8.595164857859745, 'Novelty': 0.9126803340926348}
Epoch: 33:
	Train Loss: 0.516 --- Reconstruction Loss: 0.473 --- KL Loss: 202.522 --- Beta: 0.000212
	Validity: 0.82% --- Uniquene@1000: 0.29% --- Unique@10000: 0.09%

{'valid': 0.7102666666666666, 'unique@1000': 0.407, 'unique@10000': 0.1488, 'FCD/Test': 32.55996966425699, 'SNN/Test': 0.6504065284663884, 'Frag/Test': 0.8221548694941051, 'Scaf/Test': 0.15427392837639042, 'FCD/TestSF': 34.13949459190091, 'SNN/TestSF': 0.5099255474746194, 'Frag/TestSF': 0.8084473489354842, 'Scaf/TestSF': 0.006261302554354198, 'IntDiv': 0.6800400701688935, 'IntDiv2': 0.6499613298195682, 'Filters': 0.9978881171391026, 'logP': 0.399464367687591, 'SA': 0.44413409884631194, 'QED': 0.05917944315776771, 'weight': 8.797945483682227, 'Novelty': 0.9191588785046729}
Epoch: 34:
	Train Loss: 0.500 --- Reconstruction Loss: 0.468 --- KL Loss: 141.533 --- Beta: 0.000228
	Validity: 0.71% --- Uniquene@1000: 0.41% --- Unique@10000: 0.15%

{'valid': 0.6951666666666667, 'unique@1000': 0.573, 'unique@10000': 0.2328, 'FCD/Test': 24.957083992672224, 'SNN/Test': 0.5974013465295676, 'Frag/Test': 0.835285460959626, 'Scaf/Test': 0.1906670735885292, 'FCD/TestSF': 26.540542937200307, 'SNN/TestSF': 0.5001857830863067, 'Frag/TestSF': 0.8211112510713009, 'Scaf/TestSF': 0.009474130423893445, 'IntDiv': 0.7656413020646182, 'IntDiv2': 0.7422186676137263, 'Filters': 0.9868137137377128, 'logP': 0.3853670924866799, 'SA': 0.3193360906368713, 'QED': 0.06706772354704242, 'weight': 16.001092657016862, 'Novelty': 0.9062683069712947}
Epoch: 35:
	Train Loss: 0.485 --- Reconstruction Loss: 0.461 --- KL Loss: 97.736 --- Beta: 0.000244
	Validity: 0.70% --- Uniquene@1000: 0.57% --- Unique@10000: 0.23%

{'valid': 0.821, 'unique@1000': 0.555, 'unique@10000': 0.2323, 'FCD/Test': 27.360976376075868, 'SNN/Test': 0.6270164895386798, 'Frag/Test': 0.8186195591115482, 'Scaf/Test': 0.1619917549315799, 'FCD/TestSF': 29.058032831460665, 'SNN/TestSF': 0.5194385620730222, 'Frag/TestSF': 0.8044041771472517, 'Scaf/TestSF': 0.008796921241009392, 'IntDiv': 0.7615371133415307, 'IntDiv2': 0.7400508077654715, 'Filters': 0.993950466910272, 'logP': 0.4232565310192703, 'SA': 0.34830990731067385, 'QED': 0.04868569193684043, 'weight': 8.997400289704919, 'Novelty': 0.9008551576696954}
Epoch: 36:
	Train Loss: 0.472 --- Reconstruction Loss: 0.453 --- KL Loss: 73.648 --- Beta: 0.000260
	Validity: 0.82% --- Uniquene@1000: 0.56% --- Unique@10000: 0.23%

{'valid': 0.7155333333333334, 'unique@1000': 0.639, 'unique@10000': 0.2746, 'FCD/Test': 24.49335397519303, 'SNN/Test': 0.6338914410925018, 'Frag/Test': 0.8397780912043189, 'Scaf/Test': 0.1959745129446151, 'FCD/TestSF': 26.17062173890062, 'SNN/TestSF': 0.5200830694604907, 'Frag/TestSF': 0.825494537766842, 'Scaf/TestSF': 0.03748577865132907, 'IntDiv': 0.7730282721179739, 'IntDiv2': 0.7548340458903671, 'Filters': 0.997391223329917, 'logP': 0.3710826962002886, 'SA': 0.36503257097273745, 'QED': 0.029328928483546676, 'weight': 11.37422143569509, 'Novelty': 0.8953266571292322}
Epoch: 37:
	Train Loss: 0.461 --- Reconstruction Loss: 0.444 --- KL Loss: 61.505 --- Beta: 0.000276
	Validity: 0.72% --- Uniquene@1000: 0.64% --- Unique@10000: 0.27%

{'valid': 0.7712333333333333, 'unique@1000': 0.701, 'unique@10000': 0.3342, 'FCD/Test': 22.058145576445668, 'SNN/Test': 0.6218618040595022, 'Frag/Test': 0.8941008796914728, 'Scaf/Test': 0.22506766579683024, 'FCD/TestSF': 23.73625204844238, 'SNN/TestSF': 0.5235517849623139, 'Frag/TestSF': 0.8805432294242719, 'Scaf/TestSF': 0.015077189733659013, 'IntDiv': 0.7836933162073734, 'IntDiv2': 0.7669704267244617, 'Filters': 0.9898431084410252, 'logP': 0.5031296735846557, 'SA': 0.3317210212198919, 'QED': 0.025261944882314032, 'weight': 8.193961199611822, 'Novelty': 0.9063495036523693}
Epoch: 38:
	Train Loss: 0.451 --- Reconstruction Loss: 0.435 --- KL Loss: 54.861 --- Beta: 0.000292
	Validity: 0.77% --- Uniquene@1000: 0.70% --- Unique@10000: 0.33%

{'valid': 0.7054333333333334, 'unique@1000': 0.617, 'unique@10000': 0.3063, 'FCD/Test': 26.82331995376149, 'SNN/Test': 0.637523467542966, 'Frag/Test': 0.8249825453916054, 'Scaf/Test': 0.23920199584322177, 'FCD/TestSF': 28.569493187598553, 'SNN/TestSF': 0.5207032005010005, 'Frag/TestSF': 0.8092466003274359, 'Scaf/TestSF': 0.02143628627182592, 'IntDiv': 0.7479249471866423, 'IntDiv2': 0.7295927856563094, 'Filters': 0.9952747720077494, 'logP': 0.21662700719293304, 'SA': 0.4015309784322832, 'QED': 0.04049831123045787, 'weight': 11.993577474496446, 'Novelty': 0.8690855081688945}
Epoch: 39:
	Train Loss: 0.440 --- Reconstruction Loss: 0.426 --- KL Loss: 48.565 --- Beta: 0.000308
	Validity: 0.71% --- Uniquene@1000: 0.62% --- Unique@10000: 0.31%

{'valid': 0.7057, 'unique@1000': 0.748, 'unique@10000': 0.4046, 'FCD/Test': 21.821017308333694, 'SNN/Test': 0.5876868588315945, 'Frag/Test': 0.8461629515522547, 'Scaf/Test': 0.21870256746035843, 'FCD/TestSF': 23.39407752780278, 'SNN/TestSF': 0.4992868357963248, 'Frag/TestSF': 0.8306657194437382, 'Scaf/TestSF': 0.02893204872500066, 'IntDiv': 0.7867943516474688, 'IntDiv2': 0.7711063754864091, 'Filters': 0.9847432809031222, 'logP': 0.30456254652835074, 'SA': 0.19444920677936728, 'QED': 0.0638965903049521, 'weight': 11.553519300792415, 'Novelty': 0.9167972422438108}
Epoch: 40:
	Train Loss: 0.431 --- Reconstruction Loss: 0.416 --- KL Loss: 44.084 --- Beta: 0.000324
	Validity: 0.71% --- Uniquene@1000: 0.75% --- Unique@10000: 0.40%

{'valid': 0.8040333333333334, 'unique@1000': 0.805, 'unique@10000': 0.4503, 'FCD/Test': 20.264063727174104, 'SNN/Test': 0.6079720966760399, 'Frag/Test': 0.8618327850761515, 'Scaf/Test': 0.27491252935287824, 'FCD/TestSF': 21.702248448440535, 'SNN/TestSF': 0.5238420853139473, 'Frag/TestSF': 0.8477454392086592, 'Scaf/TestSF': 0.0303170139947313, 'IntDiv': 0.7835823583154135, 'IntDiv2': 0.7691880530404918, 'Filters': 0.9920815886571867, 'logP': 0.41367367645821207, 'SA': 0.2617662691665865, 'QED': 0.043578016205254144, 'weight': 11.31387448144509, 'Novelty': 0.9039562396641648}
Epoch: 41:
	Train Loss: 0.423 --- Reconstruction Loss: 0.409 --- KL Loss: 40.345 --- Beta: 0.000340
	Validity: 0.80% --- Uniquene@1000: 0.81% --- Unique@10000: 0.45%

{'valid': 0.7486999999999999, 'unique@1000': 0.874, 'unique@10000': 0.5467, 'FCD/Test': 17.04030034701171, 'SNN/Test': 0.5997605840651691, 'Frag/Test': 0.9258606110787541, 'Scaf/Test': 0.3380868065508221, 'FCD/TestSF': 18.077466260881764, 'SNN/TestSF': 0.52703562625677, 'Frag/TestSF': 0.9139539705664501, 'Scaf/TestSF': 0.043642735144915346, 'IntDiv': 0.8000810869407389, 'IntDiv2': 0.788166103655989, 'Filters': 0.9898935933395664, 'logP': 0.5538443837274145, 'SA': 0.2540090570751202, 'QED': 0.03289921954597032, 'weight': 13.813510620215714, 'Novelty': 0.9142457499462019}
Epoch: 42:
	Train Loss: 0.414 --- Reconstruction Loss: 0.401 --- KL Loss: 37.733 --- Beta: 0.000356
	Validity: 0.75% --- Uniquene@1000: 0.87% --- Unique@10000: 0.55%

{'valid': 0.7573666666666666, 'unique@1000': 0.843, 'unique@10000': 0.5084, 'FCD/Test': 21.215210249842997, 'SNN/Test': 0.6165724980107632, 'Frag/Test': 0.85957180289221, 'Scaf/Test': 0.2201290036876069, 'FCD/TestSF': 22.56362208193964, 'SNN/TestSF': 0.5250418382924258, 'Frag/TestSF': 0.8458148307063827, 'Scaf/TestSF': 0.027027931902599445, 'IntDiv': 0.7848870863616368, 'IntDiv2': 0.7706755252158869, 'Filters': 0.9906694247612341, 'logP': 0.4174760299173785, 'SA': 0.2762219794231667, 'QED': 0.03525553189038025, 'weight': 16.219069705320855, 'Novelty': 0.8940918025205226}
Epoch: 43:
	Train Loss: 0.407 --- Reconstruction Loss: 0.394 --- KL Loss: 34.856 --- Beta: 0.000372
	Validity: 0.76% --- Uniquene@1000: 0.84% --- Unique@10000: 0.51%

{'valid': 0.7680333333333333, 'unique@1000': 0.884, 'unique@10000': 0.5845, 'FCD/Test': 17.979884977037514, 'SNN/Test': 0.6132595864744279, 'Frag/Test': 0.9037490918932584, 'Scaf/Test': 0.24767556663985268, 'FCD/TestSF': 19.03116329693755, 'SNN/TestSF': 0.5394833486134805, 'Frag/TestSF': 0.893426595930362, 'Scaf/TestSF': 0.05698889502004534, 'IntDiv': 0.7994295957798819, 'IntDiv2': 0.7865418084719069, 'Filters': 0.9928822533744195, 'logP': 0.47028599386301767, 'SA': 0.3070320461015726, 'QED': 0.022000501011014934, 'weight': 16.60706640856251, 'Novelty': 0.8947016706443914}
Epoch: 44:
	Train Loss: 0.401 --- Reconstruction Loss: 0.389 --- KL Loss: 32.546 --- Beta: 0.000388
	Validity: 0.77% --- Uniquene@1000: 0.88% --- Unique@10000: 0.58%

{'valid': 0.8312333333333333, 'unique@1000': 0.866, 'unique@10000': 0.5728, 'FCD/Test': 17.622486551726432, 'SNN/Test': 0.6150812272638394, 'Frag/Test': 0.9234318719113539, 'Scaf/Test': 0.24119272486449328, 'FCD/TestSF': 18.665883190849947, 'SNN/TestSF': 0.5364111576036773, 'Frag/TestSF': 0.9127697152105173, 'Scaf/TestSF': 0.04999956726494181, 'IntDiv': 0.7972434899211167, 'IntDiv2': 0.7848911770877183, 'Filters': 0.9909371616473513, 'logP': 0.5125235633139495, 'SA': 0.29620656945347906, 'QED': 0.024100582107321755, 'weight': 14.579872088279837, 'Novelty': 0.8949683805334067}
Epoch: 45:
	Train Loss: 0.396 --- Reconstruction Loss: 0.383 --- KL Loss: 30.859 --- Beta: 0.000404
	Validity: 0.83% --- Uniquene@1000: 0.87% --- Unique@10000: 0.57%

{'valid': 0.8635666666666667, 'unique@1000': 0.889, 'unique@10000': 0.5946, 'FCD/Test': 18.739292819538782, 'SNN/Test': 0.6213376041927824, 'Frag/Test': 0.9134584756290858, 'Scaf/Test': 0.27632652386528433, 'FCD/TestSF': 19.785395101444756, 'SNN/TestSF': 0.5473440591897711, 'Frag/TestSF': 0.9047301731195614, 'Scaf/TestSF': 0.0369004347204257, 'IntDiv': 0.7953934722751518, 'IntDiv2': 0.7831989347787756, 'Filters': 0.9891535106341915, 'logP': 0.5145588912907397, 'SA': 0.32996341794281514, 'QED': 0.01207942250684284, 'weight': 17.601924293602245, 'Novelty': 0.8918049441246191}
Epoch: 46:
	Train Loss: 0.390 --- Reconstruction Loss: 0.378 --- KL Loss: 29.226 --- Beta: 0.000420
	Validity: 0.86% --- Uniquene@1000: 0.89% --- Unique@10000: 0.59%

{'valid': 0.8382000000000001, 'unique@1000': 0.879, 'unique@10000': 0.598, 'FCD/Test': 17.5636959025763, 'SNN/Test': 0.6238820805113383, 'Frag/Test': 0.9348528513138762, 'Scaf/Test': 0.2954363284965369, 'FCD/TestSF': 18.644019656004147, 'SNN/TestSF': 0.5453491595478243, 'Frag/TestSF': 0.9255686835830288, 'Scaf/TestSF': 0.04166238319423354, 'IntDiv': 0.7966316707263439, 'IntDiv2': 0.7851695253952713, 'Filters': 0.9846496460669689, 'logP': 0.45556756703490975, 'SA': 0.3036188142175296, 'QED': 0.021906896196601168, 'weight': 17.419484258311982, 'Novelty': 0.8828084217852793}
Epoch: 47:
	Train Loss: 0.386 --- Reconstruction Loss: 0.374 --- KL Loss: 27.671 --- Beta: 0.000436
	Validity: 0.84% --- Uniquene@1000: 0.88% --- Unique@10000: 0.60%

{'valid': 0.6376666666666666, 'unique@1000': 0.907, 'unique@10000': 0.6494, 'FCD/Test': 16.2919290213213, 'SNN/Test': 0.6083280171172755, 'Frag/Test': 0.9130303074355187, 'Scaf/Test': 0.2500482065611793, 'FCD/TestSF': 17.190073323952554, 'SNN/TestSF': 0.536864422153442, 'Frag/TestSF': 0.9033688162756234, 'Scaf/TestSF': 0.04691282931050045, 'IntDiv': 0.8042674538945723, 'IntDiv2': 0.7924227016982213, 'Filters': 0.9822268687924726, 'logP': 0.38468222889167336, 'SA': 0.2469426559735866, 'QED': 0.033570809640892325, 'weight': 14.408760719558241, 'Novelty': 0.9053354662651736}
Epoch: 48:
	Train Loss: 0.381 --- Reconstruction Loss: 0.369 --- KL Loss: 26.217 --- Beta: 0.000452
	Validity: 0.64% --- Uniquene@1000: 0.91% --- Unique@10000: 0.65%

{'valid': 0.8565333333333334, 'unique@1000': 0.92, 'unique@10000': 0.6843, 'FCD/Test': 16.42429233354514, 'SNN/Test': 0.612967803633562, 'Frag/Test': 0.920461194517355, 'Scaf/Test': 0.2997240867181139, 'FCD/TestSF': 17.289438147569975, 'SNN/TestSF': 0.5407236580148914, 'Frag/TestSF': 0.9119107971206623, 'Scaf/TestSF': 0.039584076136774726, 'IntDiv': 0.8055198174588709, 'IntDiv2': 0.7939113967530498, 'Filters': 0.9871964508094645, 'logP': 0.5486171503372532, 'SA': 0.29746085001944206, 'QED': 0.015094066478447212, 'weight': 18.173370581601773, 'Novelty': 0.8901613367905503}
Epoch: 49:
	Train Loss: 0.376 --- Reconstruction Loss: 0.365 --- KL Loss: 25.153 --- Beta: 0.000468
	Validity: 0.86% --- Uniquene@1000: 0.92% --- Unique@10000: 0.68%

{'valid': 0.7750333333333334, 'unique@1000': 0.948, 'unique@10000': 0.715, 'FCD/Test': 15.614198745889055, 'SNN/Test': 0.6070686137208139, 'Frag/Test': 0.9263953226133992, 'Scaf/Test': 0.3162469869084026, 'FCD/TestSF': 16.5365973751598, 'SNN/TestSF': 0.5328727851809545, 'Frag/TestSF': 0.9174932904823564, 'Scaf/TestSF': 0.043470402204504155, 'IntDiv': 0.8084745271116768, 'IntDiv2': 0.7978831237331714, 'Filters': 0.9825383854457873, 'logP': 0.48113574355074357, 'SA': 0.22926256460478123, 'QED': 0.014582018401372797, 'weight': 18.910783045100963, 'Novelty': 0.8944923689449237}
Epoch: 50:
	Train Loss: 0.372 --- Reconstruction Loss: 0.361 --- KL Loss: 23.949 --- Beta: 0.000484
	Validity: 0.78% --- Uniquene@1000: 0.95% --- Unique@10000: 0.71%

{'valid': 0.7834333333333333, 'unique@1000': 0.907, 'unique@10000': 0.6424, 'FCD/Test': 17.246684772194044, 'SNN/Test': 0.5933152282295828, 'Frag/Test': 0.8979200117560573, 'Scaf/Test': 0.18527635525562336, 'FCD/TestSF': 18.219417502153462, 'SNN/TestSF': 0.5182411466482543, 'Frag/TestSF': 0.8874080216678065, 'Scaf/TestSF': 0.03167413678742714, 'IntDiv': 0.8059176263303564, 'IntDiv2': 0.794069168967619, 'Filters': 0.980428030464196, 'logP': 0.5694734190338305, 'SA': 0.18315770566719397, 'QED': 0.014328454023013368, 'weight': 16.64978069440971, 'Novelty': 0.9049202127659575}
Epoch: 51:
	Train Loss: 0.358 --- Reconstruction Loss: 0.354 --- KL Loss: 40.501 --- Beta: 0.000100
	Validity: 0.78% --- Uniquene@1000: 0.91% --- Unique@10000: 0.64%

{'valid': 0.5773333333333333, 'unique@1000': 0.907, 'unique@10000': 0.6338, 'FCD/Test': 15.445326053256359, 'SNN/Test': 0.5806814527229404, 'Frag/Test': 0.9137471819861792, 'Scaf/Test': 0.16713975453558083, 'FCD/TestSF': 16.168990228494934, 'SNN/TestSF': 0.5117995648388912, 'Frag/TestSF': 0.9038007909988017, 'Scaf/TestSF': 0.033216459496338335, 'IntDiv': 0.8267500295285471, 'IntDiv2': 0.8158738658013647, 'Filters': 0.9804272517321017, 'logP': 0.3701196445424377, 'SA': 0.10933284293170595, 'QED': 0.009277407700924271, 'weight': 27.31762484506831, 'Novelty': 0.893740136770121}
Epoch: 52:
	Train Loss: 0.354 --- Reconstruction Loss: 0.349 --- KL Loss: 42.897 --- Beta: 0.000116
	Validity: 0.58% --- Uniquene@1000: 0.91% --- Unique@10000: 0.63%

{'valid': 0.4766666666666667, 'unique@1000': 0.889, 'unique@10000': 0.5971, 'FCD/Test': 16.694716468025376, 'SNN/Test': 0.5933240860971537, 'Frag/Test': 0.8951232482519433, 'Scaf/Test': 0.132043832596895, 'FCD/TestSF': 17.394250719878876, 'SNN/TestSF': 0.5231760734173801, 'Frag/TestSF': 0.8834484774916709, 'Scaf/TestSF': 0.03071731014922241, 'IntDiv': 0.8150974214614927, 'IntDiv2': 0.8035512114196606, 'Filters': 0.9877622377622378, 'logP': 0.3902799547877797, 'SA': 0.1747953459543695, 'QED': 0.0143505928326805, 'weight': 26.642039684104564, 'Novelty': 0.885794944180675}
Epoch: 53:
	Train Loss: 0.350 --- Reconstruction Loss: 0.344 --- KL Loss: 42.329 --- Beta: 0.000132
	Validity: 0.48% --- Uniquene@1000: 0.89% --- Unique@10000: 0.60%

slurmstepd: error: *** JOB 8257228 ON hpctpa3pc0008 CANCELLED AT 2024-02-15T10:04:48 ***
