2024-02-15 06:03:09.743653: E external/local_xla/xla/stream_executor/cuda/cuda_dnn.cc:9261] Unable to register cuDNN factory: Attempting to register factory for plugin cuDNN when one has already been registered
2024-02-15 06:03:09.743720: E external/local_xla/xla/stream_executor/cuda/cuda_fft.cc:607] Unable to register cuFFT factory: Attempting to register factory for plugin cuFFT when one has already been registered
2024-02-15 06:03:09.744702: E external/local_xla/xla/stream_executor/cuda/cuda_blas.cc:1515] Unable to register cuBLAS factory: Attempting to register factory for plugin cuBLAS when one has already been registered
2024-02-15 06:03:09.749314: I tensorflow/core/platform/cpu_feature_guard.cc:182] This TensorFlow binary is optimized to use available CPU instructions in performance-critical operations.
To enable the following instructions: AVX2 FMA, in other operations, rebuild TensorFlow with the appropriate compiler flags.
2024-02-15 06:03:10.588255: W tensorflow/compiler/tf2tensorrt/utils/py_utils.cc:38] TF-TRT Warning: Could not find TensorRT

Arguments:
	data_path: data/moses_train.txt
	max_len: 30
	batch: 128
	d_model: 512
	d_latent: 256
	d_ff: 1024
	e_heads: 1
	d_heads: 8
	n_layers: 8
	dropout: 0.5
	lr: 0.0005
	n_epochs: 80
	kl_type: cyclic
	kl_w_start: 0.0001
	kl_w_end: 0.001
	kl_cycle: 2
	kl_ratio: 1.0
	save_name: klcompare

Number of data: 88192

SMILES Vocab:
	 {'<START>': 0, '<END>': 1, '<PAD>': 2, 'C': 3, 'O': 4, 'c': 5, '1': 6, '(': 7, '=': 8, ')': 9, 'N': 10, 'n': 11, '2': 12, 'F': 13, 'Cl': 14, 'Br': 15, '#': 16, '3': 17, 'S': 18, 'o': 19, '-': 20, 's': 21, '[nH]': 22, '4': 23}

Graph Vocab:
	 {'C': 0, 'O': 1, 'N': 2, 'F': 3, 'Cl': 4, 'Br': 5, 'S': 6}


KL Annealer: [0.0001    0.0001225 0.000145  0.0001675 0.00019   0.0002125 0.000235
 0.0002575 0.00028   0.0003025 0.000325  0.0003475 0.00037   0.0003925
 0.000415  0.0004375 0.00046   0.0004825 0.000505  0.0005275 0.00055
 0.0005725 0.000595  0.0006175 0.00064   0.0006625 0.000685  0.0007075
 0.00073   0.0007525 0.000775  0.0007975 0.00082   0.0008425 0.000865
 0.0008875 0.00091   0.0009325 0.000955  0.0009775 0.0001    0.0001225
 0.000145  0.0001675 0.00019   0.0002125 0.000235  0.0002575 0.00028
 0.0003025 0.000325  0.0003475 0.00037   0.0003925 0.000415  0.0004375
 0.00046   0.0004825 0.000505  0.0005275 0.00055   0.0005725 0.000595
 0.0006175 0.00064   0.0006625 0.000685  0.0007075 0.00073   0.0007525
 0.000775  0.0007975 0.00082   0.0008425 0.000865  0.0008875 0.00091
 0.0009325 0.000955  0.0009775]




#########################################################################
######################### START TRAINING ################################
#########################################################################




{'valid': 0.6752, 'unique@1000': 0.441, 'unique@10000': 0.201, 'FCD/Test': 31.016774980510014, 'SNN/Test': 0.6206328145524055, 'Frag/Test': 0.8537146830672927, 'Scaf/Test': 0.12751795779888087, 'FCD/TestSF': 31.769951632919863, 'SNN/TestSF': 0.5627505763538335, 'Frag/TestSF': 0.8454975655540025, 'Scaf/TestSF': 0.015031718081814693, 'IntDiv': 0.7559417697499441, 'IntDiv2': 0.7134191653749755, 'Filters': 0.9947176145339652, 'logP': 0.6739139770483574, 'SA': 0.4440113871375604, 'QED': 0.040716235610622376, 'weight': 11.548469370138509, 'Novelty': 0.9213103681188788}
Epoch: 31:
	Train Loss: 0.513 --- Reconstruction Loss: 0.487 --- KL Loss: 33.433 --- Beta: 0.000775
	Validity: 0.68% --- Uniquene@1000: 0.44% --- Unique@10000: 0.20%

{'valid': 0.7925333333333333, 'unique@1000': 0.526, 'unique@10000': 0.2392, 'FCD/Test': 25.844344309296304, 'SNN/Test': 0.6397437596440435, 'Frag/Test': 0.8860852849718985, 'Scaf/Test': 0.1715961589371422, 'FCD/TestSF': 26.79771001337403, 'SNN/TestSF': 0.5656040019041095, 'Frag/TestSF': 0.8779220533272479, 'Scaf/TestSF': 0.011648208777385705, 'IntDiv': 0.7640627984743866, 'IntDiv2': 0.7264898910386539, 'Filters': 0.9944061238223418, 'logP': 0.4826720973587332, 'SA': 0.4694323829927653, 'QED': 0.04294609295891339, 'weight': 14.861428427324721, 'Novelty': 0.9008056394763343}
Epoch: 32:
	Train Loss: 0.504 --- Reconstruction Loss: 0.480 --- KL Loss: 30.326 --- Beta: 0.000797
	Validity: 0.79% --- Uniquene@1000: 0.53% --- Unique@10000: 0.24%

{'valid': 0.5837333333333333, 'unique@1000': 0.59, 'unique@10000': 0.2829, 'FCD/Test': 26.539204328803194, 'SNN/Test': 0.6113908443278295, 'Frag/Test': 0.8282641221019919, 'Scaf/Test': 0.16976732589285282, 'FCD/TestSF': 27.811531398555758, 'SNN/TestSF': 0.5309321544656012, 'Frag/TestSF': 0.8157775619325723, 'Scaf/TestSF': 0.010569383923282438, 'IntDiv': 0.7452220531644296, 'IntDiv2': 0.7196439428068935, 'Filters': 0.9909205116491548, 'logP': 0.3240905985576308, 'SA': 0.3726001979320909, 'QED': 0.09705407017957764, 'weight': 12.604895230893975, 'Novelty': 0.9299640841457157}
Epoch: 33:
	Train Loss: 0.496 --- Reconstruction Loss: 0.473 --- KL Loss: 28.140 --- Beta: 0.000820
	Validity: 0.58% --- Uniquene@1000: 0.59% --- Unique@10000: 0.28%

{'valid': 0.6275999999999999, 'unique@1000': 0.634, 'unique@10000': 0.2954, 'FCD/Test': 23.091439982216357, 'SNN/Test': 0.6389057211892883, 'Frag/Test': 0.8916913252470173, 'Scaf/Test': 0.4407141152854427, 'FCD/TestSF': 24.07406681108963, 'SNN/TestSF': 0.5494363949063708, 'Frag/TestSF': 0.8795589807427634, 'Scaf/TestSF': 0.013887812105602304, 'IntDiv': 0.7805081624301711, 'IntDiv2': 0.7574479057905985, 'Filters': 0.9834820480135967, 'logP': 0.6290889109505016, 'SA': 0.40024968493132707, 'QED': 0.027022693312788643, 'weight': 13.226071323045726, 'Novelty': 0.9205158264947245}
Epoch: 34:
	Train Loss: 0.488 --- Reconstruction Loss: 0.466 --- KL Loss: 26.546 --- Beta: 0.000842
	Validity: 0.63% --- Uniquene@1000: 0.63% --- Unique@10000: 0.30%

{'valid': 0.6467333333333334, 'unique@1000': 0.649, 'unique@10000': 0.3114, 'FCD/Test': 22.832930701657574, 'SNN/Test': 0.6209096037371357, 'Frag/Test': 0.8912525429938304, 'Scaf/Test': 0.25473100196719556, 'FCD/TestSF': 23.74648910626796, 'SNN/TestSF': 0.551375339961079, 'Frag/TestSF': 0.8807845199478807, 'Scaf/TestSF': 0.015810295353711257, 'IntDiv': 0.7926021978868734, 'IntDiv2': 0.7678538230034087, 'Filters': 0.9937635295330378, 'logP': 0.5051812256450435, 'SA': 0.38636133903862274, 'QED': 0.02521240439815889, 'weight': 19.096686419769355, 'Novelty': 0.8826219512195121}
Epoch: 35:
	Train Loss: 0.480 --- Reconstruction Loss: 0.458 --- KL Loss: 25.252 --- Beta: 0.000865
	Validity: 0.65% --- Uniquene@1000: 0.65% --- Unique@10000: 0.31%

{'valid': 0.6178666666666667, 'unique@1000': 0.616, 'unique@10000': 0.3131, 'FCD/Test': 23.23159489342342, 'SNN/Test': 0.6247956810336613, 'Frag/Test': 0.8404443971593858, 'Scaf/Test': 0.18553167689311312, 'FCD/TestSF': 23.997928170232314, 'SNN/TestSF': 0.5467012576344047, 'Frag/TestSF': 0.830039569204392, 'Scaf/TestSF': 0.009055413302292203, 'IntDiv': 0.7819798023375913, 'IntDiv2': 0.75540407055377, 'Filters': 0.9869982736296936, 'logP': 0.5568420842059589, 'SA': 0.352211216186065, 'QED': 0.03278960833987336, 'weight': 12.787124395641971, 'Novelty': 0.9112725671510348}
Epoch: 36:
	Train Loss: 0.472 --- Reconstruction Loss: 0.451 --- KL Loss: 23.917 --- Beta: 0.000887
	Validity: 0.62% --- Uniquene@1000: 0.62% --- Unique@10000: 0.31%

{'valid': 0.7564333333333333, 'unique@1000': 0.663, 'unique@10000': 0.3441, 'FCD/Test': 22.325561398654777, 'SNN/Test': 0.6418942295086104, 'Frag/Test': 0.9270212199036559, 'Scaf/Test': 0.2478701017668905, 'FCD/TestSF': 23.13655571062298, 'SNN/TestSF': 0.5784781555635031, 'Frag/TestSF': 0.9176069285931567, 'Scaf/TestSF': 0.04301092414871366, 'IntDiv': 0.774984524862017, 'IntDiv2': 0.7551812955784192, 'Filters': 0.9908782443925439, 'logP': 0.40848775517417935, 'SA': 0.43576886180055585, 'QED': 0.034293599324439095, 'weight': 15.624687605328544, 'Novelty': 0.8983081032947462}
Epoch: 37:
	Train Loss: 0.464 --- Reconstruction Loss: 0.444 --- KL Loss: 22.869 --- Beta: 0.000910
	Validity: 0.76% --- Uniquene@1000: 0.66% --- Unique@10000: 0.34%

{'valid': 0.6107333333333334, 'unique@1000': 0.678, 'unique@10000': 0.3498, 'FCD/Test': 23.71688644131232, 'SNN/Test': 0.6171753069723607, 'Frag/Test': 0.8731380350489221, 'Scaf/Test': 0.14204353621859678, 'FCD/TestSF': 24.16846540185071, 'SNN/TestSF': 0.563468872319922, 'Frag/TestSF': 0.8655338915982176, 'Scaf/TestSF': 0.01488117553725099, 'IntDiv': 0.7787334130516148, 'IntDiv2': 0.7559849237081014, 'Filters': 0.99099443292217, 'logP': 0.5448476994419471, 'SA': 0.35905411535167314, 'QED': 0.03837964151767164, 'weight': 15.12941545693203, 'Novelty': 0.8989049667579194}
Epoch: 38:
	Train Loss: 0.457 --- Reconstruction Loss: 0.436 --- KL Loss: 21.655 --- Beta: 0.000932
	Validity: 0.61% --- Uniquene@1000: 0.68% --- Unique@10000: 0.35%

{'valid': 0.6114333333333333, 'unique@1000': 0.69, 'unique@10000': 0.3692, 'FCD/Test': 19.617164029804307, 'SNN/Test': 0.6433450536311845, 'Frag/Test': 0.9236569541923577, 'Scaf/Test': 0.2895765183511365, 'FCD/TestSF': 20.05997764883687, 'SNN/TestSF': 0.5839137608544982, 'Frag/TestSF': 0.91265506322087, 'Scaf/TestSF': 0.018222119669757952, 'IntDiv': 0.7812613382736605, 'IntDiv2': 0.7633750881236359, 'Filters': 0.9815733522324592, 'logP': 0.4783667425841876, 'SA': 0.4323605641869706, 'QED': 0.035001573010118074, 'weight': 21.137801051145864, 'Novelty': 0.8817499542375984}
Epoch: 39:
	Train Loss: 0.448 --- Reconstruction Loss: 0.429 --- KL Loss: 20.648 --- Beta: 0.000955
	Validity: 0.61% --- Uniquene@1000: 0.69% --- Unique@10000: 0.37%

{'valid': 0.5073333333333334, 'unique@1000': 0.765, 'unique@10000': 0.4401, 'FCD/Test': 17.902703648159743, 'SNN/Test': 0.6276297223728527, 'Frag/Test': 0.8960737338606912, 'Scaf/Test': 0.277712879483218, 'FCD/TestSF': 18.797503140332594, 'SNN/TestSF': 0.5521736977115254, 'Frag/TestSF': 0.886080086644189, 'Scaf/TestSF': 0.017380340911544723, 'IntDiv': 0.8006940729080269, 'IntDiv2': 0.7847828168925577, 'Filters': 0.9765440210249672, 'logP': 0.3057362167555523, 'SA': 0.3288561520955293, 'QED': 0.019669193125027185, 'weight': 16.431794030312833, 'Novelty': 0.8891177480260899}
Epoch: 40:
	Train Loss: 0.441 --- Reconstruction Loss: 0.422 --- KL Loss: 19.993 --- Beta: 0.000977
	Validity: 0.51% --- Uniquene@1000: 0.77% --- Unique@10000: 0.44%

{'valid': 0.5235333333333334, 'unique@1000': 0.604, 'unique@10000': 0.2777, 'FCD/Test': 21.241598435520487, 'SNN/Test': 0.6304993744606078, 'Frag/Test': 0.9328039817831574, 'Scaf/Test': 0.18796647330518512, 'FCD/TestSF': 21.926630029639497, 'SNN/TestSF': 0.5577656361486112, 'Frag/TestSF': 0.9227983692348634, 'Scaf/TestSF': 0.02467352215091556, 'IntDiv': 0.7861356226316609, 'IntDiv2': 0.7651516926513204, 'Filters': 0.9889851012351968, 'logP': 0.575654895468832, 'SA': 0.37164219901023093, 'QED': 0.03267498014441879, 'weight': 22.12534186767955, 'Novelty': 0.8936051382295448}
Epoch: 41:
	Train Loss: 0.415 --- Reconstruction Loss: 0.411 --- KL Loss: 44.033 --- Beta: 0.000100
	Validity: 0.52% --- Uniquene@1000: 0.60% --- Unique@10000: 0.28%

{'valid': 0.7216, 'unique@1000': 0.705, 'unique@10000': 0.3556, 'FCD/Test': 21.20763680823798, 'SNN/Test': 0.6223867695588626, 'Frag/Test': 0.9479647126047485, 'Scaf/Test': 0.18498233085423088, 'FCD/TestSF': 22.16771965599014, 'SNN/TestSF': 0.5607396089495968, 'Frag/TestSF': 0.9381104880911233, 'Scaf/TestSF': 0.038170750288500255, 'IntDiv': 0.7864205441878129, 'IntDiv2': 0.7705039465455128, 'Filters': 0.9927475979305248, 'logP': 0.40780153620394183, 'SA': 0.35734267181333096, 'QED': 0.022434641637151292, 'weight': 22.30280068240119, 'Novelty': 0.8761217666725322}
Epoch: 42:
	Train Loss: 0.408 --- Reconstruction Loss: 0.402 --- KL Loss: 47.663 --- Beta: 0.000122
	Validity: 0.72% --- Uniquene@1000: 0.70% --- Unique@10000: 0.36%

{'valid': 0.591, 'unique@1000': 0.69, 'unique@10000': 0.3282, 'FCD/Test': 22.05934209219555, 'SNN/Test': 0.6017805161159454, 'Frag/Test': 0.8647178966483142, 'Scaf/Test': 0.13909851735263856, 'FCD/TestSF': 23.00399673595423, 'SNN/TestSF': 0.5235472292968666, 'Frag/TestSF': 0.8521801370823273, 'Scaf/TestSF': 0.029131607301289386, 'IntDiv': 0.7814975171200498, 'IntDiv2': 0.7621430918747198, 'Filters': 0.9827411167512691, 'logP': 0.4693900081803082, 'SA': 0.28317352292225956, 'QED': 0.03273531693449043, 'weight': 14.544529556402688, 'Novelty': 0.9008210890233362}
Epoch: 43:
	Train Loss: 0.403 --- Reconstruction Loss: 0.396 --- KL Loss: 49.129 --- Beta: 0.000145
	Validity: 0.59% --- Uniquene@1000: 0.69% --- Unique@10000: 0.33%

{'valid': 0.6503, 'unique@1000': 0.713, 'unique@10000': 0.3757, 'FCD/Test': 19.179031117221122, 'SNN/Test': 0.6081129540084687, 'Frag/Test': 0.9271541865474406, 'Scaf/Test': 0.1567063518715306, 'FCD/TestSF': 19.877923499500497, 'SNN/TestSF': 0.5454024506058855, 'Frag/TestSF': 0.9171161732515472, 'Scaf/TestSF': 0.03946914236056365, 'IntDiv': 0.7932408839621302, 'IntDiv2': 0.7776589938842644, 'Filters': 0.987749243938695, 'logP': 0.5551153337118047, 'SA': 0.2953235625459727, 'QED': 0.027846395521419865, 'weight': 20.73892684890244, 'Novelty': 0.8958442924776433}
Epoch: 44:
	Train Loss: 0.398 --- Reconstruction Loss: 0.390 --- KL Loss: 47.812 --- Beta: 0.000168
	Validity: 0.65% --- Uniquene@1000: 0.71% --- Unique@10000: 0.38%

{'valid': 0.8015333333333333, 'unique@1000': 0.743, 'unique@10000': 0.4086, 'FCD/Test': 20.05904635477546, 'SNN/Test': 0.60890585899472, 'Frag/Test': 0.9324862862685702, 'Scaf/Test': 0.15793632297849114, 'FCD/TestSF': 20.610324530601048, 'SNN/TestSF': 0.5442622317831458, 'Frag/TestSF': 0.9223527151575521, 'Scaf/TestSF': 0.03372146769494566, 'IntDiv': 0.7964295111257176, 'IntDiv2': 0.7815864262561084, 'Filters': 0.9938035432088497, 'logP': 0.4552950457565523, 'SA': 0.27496575912362775, 'QED': 0.026466581492486065, 'weight': 22.34448482973735, 'Novelty': 0.8862857142857142}
Epoch: 45:
	Train Loss: 0.392 --- Reconstruction Loss: 0.383 --- KL Loss: 45.718 --- Beta: 0.000190
	Validity: 0.80% --- Uniquene@1000: 0.74% --- Unique@10000: 0.41%

{'valid': 0.9082, 'unique@1000': 0.783, 'unique@10000': 0.4553, 'FCD/Test': 19.703549772527907, 'SNN/Test': 0.6177951926431807, 'Frag/Test': 0.939951981190527, 'Scaf/Test': 0.144548208675237, 'FCD/TestSF': 20.376988292269417, 'SNN/TestSF': 0.5570738308434137, 'Frag/TestSF': 0.9307767957495983, 'Scaf/TestSF': 0.053277450907331825, 'IntDiv': 0.7920219145908363, 'IntDiv2': 0.7780843371239268, 'Filters': 0.9897966674007194, 'logP': 0.5157952880059048, 'SA': 0.2883949345249488, 'QED': 0.019130723328922287, 'weight': 21.061547901914306, 'Novelty': 0.895410516605166}
Epoch: 46:
	Train Loss: 0.387 --- Reconstruction Loss: 0.378 --- KL Loss: 43.069 --- Beta: 0.000213
	Validity: 0.91% --- Uniquene@1000: 0.78% --- Unique@10000: 0.46%

{'valid': 0.7758666666666667, 'unique@1000': 0.782, 'unique@10000': 0.4538, 'FCD/Test': 19.602686960439243, 'SNN/Test': 0.6129178728720723, 'Frag/Test': 0.9306060002212091, 'Scaf/Test': 0.1546049181917355, 'FCD/TestSF': 20.425041267959188, 'SNN/TestSF': 0.5350060419706539, 'Frag/TestSF': 0.9208422719015674, 'Scaf/TestSF': 0.03005921600870387, 'IntDiv': 0.7925031224962549, 'IntDiv2': 0.7796997338838771, 'Filters': 0.98857191957381, 'logP': 0.5596094744177375, 'SA': 0.2640431537746534, 'QED': 0.01961243748320142, 'weight': 21.946415984063073, 'Novelty': 0.8984118981598185}
Epoch: 47:
	Train Loss: 0.383 --- Reconstruction Loss: 0.374 --- KL Loss: 39.937 --- Beta: 0.000235
	Validity: 0.78% --- Uniquene@1000: 0.78% --- Unique@10000: 0.45%

{'valid': 0.817, 'unique@1000': 0.844, 'unique@10000': 0.5341, 'FCD/Test': 20.133183879271456, 'SNN/Test': 0.6049393382402207, 'Frag/Test': 0.8868980117058323, 'Scaf/Test': 0.1418531381712964, 'FCD/TestSF': 21.079567396129804, 'SNN/TestSF': 0.5249468801885856, 'Frag/TestSF': 0.873046033188487, 'Scaf/TestSF': 0.029059567786719254, 'IntDiv': 0.7954182533961627, 'IntDiv2': 0.7815592089273371, 'Filters': 0.9901672786617707, 'logP': 0.3151744884120323, 'SA': 0.20598044239854832, 'QED': 0.028090682599105337, 'weight': 26.562697335594624, 'Novelty': 0.8984533984533984}
Epoch: 48:
	Train Loss: 0.378 --- Reconstruction Loss: 0.368 --- KL Loss: 37.194 --- Beta: 0.000258
	Validity: 0.82% --- Uniquene@1000: 0.84% --- Unique@10000: 0.53%

{'valid': 0.87, 'unique@1000': 0.851, 'unique@10000': 0.5743, 'FCD/Test': 16.584182986960386, 'SNN/Test': 0.6015672748401704, 'Frag/Test': 0.9119356155427423, 'Scaf/Test': 0.18424448662430482, 'FCD/TestSF': 17.23980483326835, 'SNN/TestSF': 0.5337208744740806, 'Frag/TestSF': 0.9009441172896903, 'Scaf/TestSF': 0.039855853308473965, 'IntDiv': 0.8078648195767326, 'IntDiv2': 0.7948356540195192, 'Filters': 0.9903065134099617, 'logP': 0.41399764076163653, 'SA': 0.272649606053789, 'QED': 0.009828738974564466, 'weight': 30.17081396868274, 'Novelty': 0.899973769345108}
Epoch: 49:
	Train Loss: 0.373 --- Reconstruction Loss: 0.364 --- KL Loss: 34.633 --- Beta: 0.000280
	Validity: 0.87% --- Uniquene@1000: 0.85% --- Unique@10000: 0.57%

{'valid': 0.8731333333333333, 'unique@1000': 0.897, 'unique@10000': 0.6112, 'FCD/Test': 16.878882047322634, 'SNN/Test': 0.5917855751600222, 'Frag/Test': 0.9372543837809892, 'Scaf/Test': 0.15766002169309679, 'FCD/TestSF': 17.459185037874974, 'SNN/TestSF': 0.5238524073673867, 'Frag/TestSF': 0.9271723719342909, 'Scaf/TestSF': 0.029259969052210844, 'IntDiv': 0.8097287462864703, 'IntDiv2': 0.7982637047934346, 'Filters': 0.9807207757501718, 'logP': 0.38979944075312195, 'SA': 0.12843374420434617, 'QED': 0.017721686470413826, 'weight': 24.183867530732385, 'Novelty': 0.9105930470347648}
Epoch: 50:
	Train Loss: 0.370 --- Reconstruction Loss: 0.360 --- KL Loss: 32.526 --- Beta: 0.000303
	Validity: 0.87% --- Uniquene@1000: 0.90% --- Unique@10000: 0.61%

{'valid': 0.8088666666666666, 'unique@1000': 0.919, 'unique@10000': 0.6576, 'FCD/Test': 15.919719596088285, 'SNN/Test': 0.5791323147029444, 'Frag/Test': 0.9001651847233646, 'Scaf/Test': 0.1810461501321341, 'FCD/TestSF': 16.76881278319982, 'SNN/TestSF': 0.511957041486308, 'Frag/TestSF': 0.8879106904851302, 'Scaf/TestSF': 0.025529977165950624, 'IntDiv': 0.8160804052722799, 'IntDiv2': 0.8046308404035254, 'Filters': 0.9827330421165417, 'logP': 0.4165445493113484, 'SA': 0.14014556803715275, 'QED': 0.02374320074437074, 'weight': 25.732645564697215, 'Novelty': 0.9079643223616702}
Epoch: 51:
	Train Loss: 0.366 --- Reconstruction Loss: 0.356 --- KL Loss: 30.544 --- Beta: 0.000325
	Validity: 0.81% --- Uniquene@1000: 0.92% --- Unique@10000: 0.66%

{'valid': 0.8680333333333333, 'unique@1000': 0.944, 'unique@10000': 0.7148, 'FCD/Test': 15.781301671177218, 'SNN/Test': 0.5756737089459008, 'Frag/Test': 0.9150576207249662, 'Scaf/Test': 0.1936063150962677, 'FCD/TestSF': 16.586851616654933, 'SNN/TestSF': 0.5033520137534466, 'Frag/TestSF': 0.9034396564611051, 'Scaf/TestSF': 0.045931529617195155, 'IntDiv': 0.8204746655571378, 'IntDiv2': 0.8093106615298311, 'Filters': 0.983641181214239, 'logP': 0.3983401769103091, 'SA': 0.10742351686271322, 'QED': 0.02589803265486801, 'weight': 25.810520873324215, 'Novelty': 0.9099111322162675}
Epoch: 52:
	Train Loss: 0.363 --- Reconstruction Loss: 0.352 --- KL Loss: 29.106 --- Beta: 0.000348
	Validity: 0.87% --- Uniquene@1000: 0.94% --- Unique@10000: 0.71%

{'valid': 0.8855999999999999, 'unique@1000': 0.931, 'unique@10000': 0.6675, 'FCD/Test': 17.041463284034833, 'SNN/Test': 0.5987017780869921, 'Frag/Test': 0.9141940854188675, 'Scaf/Test': 0.20748708090217527, 'FCD/TestSF': 17.86019319077883, 'SNN/TestSF': 0.5228679747060188, 'Frag/TestSF': 0.9022081736514337, 'Scaf/TestSF': 0.061544779549614126, 'IntDiv': 0.8131585153786491, 'IntDiv2': 0.8020023682534152, 'Filters': 0.9854336043360433, 'logP': 0.3038844004377829, 'SA': 0.2427643098324003, 'QED': 0.015285711727561662, 'weight': 27.48432600879612, 'Novelty': 0.8859508935057387}
Epoch: 53:
	Train Loss: 0.359 --- Reconstruction Loss: 0.349 --- KL Loss: 27.790 --- Beta: 0.000370
	Validity: 0.89% --- Uniquene@1000: 0.93% --- Unique@10000: 0.67%

{'valid': 0.8228333333333333, 'unique@1000': 0.937, 'unique@10000': 0.7236, 'FCD/Test': 15.84234689951947, 'SNN/Test': 0.5894952474020502, 'Frag/Test': 0.9270322613530336, 'Scaf/Test': 0.22850257124669848, 'FCD/TestSF': 16.545961677090162, 'SNN/TestSF': 0.5160758401686203, 'Frag/TestSF': 0.9171539753136168, 'Scaf/TestSF': 0.04307689690733563, 'IntDiv': 0.8200246060243955, 'IntDiv2': 0.8092168602643974, 'Filters': 0.977314158395787, 'logP': 0.42160326357155564, 'SA': 0.1931095277027465, 'QED': 0.013864610189898822, 'weight': 23.036577701371098, 'Novelty': 0.8939767282683094}
Epoch: 54:
	Train Loss: 0.354 --- Reconstruction Loss: 0.344 --- KL Loss: 26.354 --- Beta: 0.000393
	Validity: 0.82% --- Uniquene@1000: 0.94% --- Unique@10000: 0.72%

{'valid': 0.8984666666666666, 'unique@1000': 0.949, 'unique@10000': 0.7461, 'FCD/Test': 15.265683997378495, 'SNN/Test': 0.5904237659295766, 'Frag/Test': 0.938109119144272, 'Scaf/Test': 0.24957838285260592, 'FCD/TestSF': 16.022506397645955, 'SNN/TestSF': 0.5212556856833722, 'Frag/TestSF': 0.9281714591037928, 'Scaf/TestSF': 0.0336081233256893, 'IntDiv': 0.8226913754871295, 'IntDiv2': 0.812358830226359, 'Filters': 0.9821918824664243, 'logP': 0.36526364591446925, 'SA': 0.21038425068191247, 'QED': 0.008763480465493112, 'weight': 34.04723243378631, 'Novelty': 0.8931467838791556}
Epoch: 55:
	Train Loss: 0.351 --- Reconstruction Loss: 0.341 --- KL Loss: 25.593 --- Beta: 0.000415
	Validity: 0.90% --- Uniquene@1000: 0.95% --- Unique@10000: 0.75%

{'valid': 0.8429333333333333, 'unique@1000': 0.962, 'unique@10000': 0.7852, 'FCD/Test': 14.781491151906003, 'SNN/Test': 0.5768371199554363, 'Frag/Test': 0.929229420156159, 'Scaf/Test': 0.22927753185410804, 'FCD/TestSF': 15.381269621816827, 'SNN/TestSF': 0.511639929643182, 'Frag/TestSF': 0.9195217795752879, 'Scaf/TestSF': 0.050177108424823924, 'IntDiv': 0.829991507141383, 'IntDiv2': 0.8200644352530343, 'Filters': 0.9817700094906675, 'logP': 0.4014123818524803, 'SA': 0.14241496823445665, 'QED': 0.01381907317471242, 'weight': 28.65926422943743, 'Novelty': 0.891065167452545}
Epoch: 56:
	Train Loss: 0.348 --- Reconstruction Loss: 0.337 --- KL Loss: 24.650 --- Beta: 0.000438
	Validity: 0.84% --- Uniquene@1000: 0.96% --- Unique@10000: 0.79%

slurmstepd: error: *** JOB 8257223 ON hpctpa3pc0003 CANCELLED AT 2024-02-15T10:04:48 ***
