2024-02-15 05:53:25.583898: E external/local_xla/xla/stream_executor/cuda/cuda_dnn.cc:9261] Unable to register cuDNN factory: Attempting to register factory for plugin cuDNN when one has already been registered
2024-02-15 05:53:25.583983: E external/local_xla/xla/stream_executor/cuda/cuda_fft.cc:607] Unable to register cuFFT factory: Attempting to register factory for plugin cuFFT when one has already been registered
2024-02-15 05:53:25.584971: E external/local_xla/xla/stream_executor/cuda/cuda_blas.cc:1515] Unable to register cuBLAS factory: Attempting to register factory for plugin cuBLAS when one has already been registered
2024-02-15 05:53:25.589729: I tensorflow/core/platform/cpu_feature_guard.cc:182] This TensorFlow binary is optimized to use available CPU instructions in performance-critical operations.
To enable the following instructions: AVX2 FMA, in other operations, rebuild TensorFlow with the appropriate compiler flags.
2024-02-15 05:53:26.428597: W tensorflow/compiler/tf2tensorrt/utils/py_utils.cc:38] TF-TRT Warning: Could not find TensorRT

Arguments:
	data_path: data/moses_train.txt
	max_len: 30
	batch: 128
	d_model: 512
	d_latent: 256
	d_ff: 1024
	e_heads: 1
	d_heads: 8
	n_layers: 8
	dropout: 0.5
	lr: 0.0005
	n_epochs: 60
	kl_type: cyclic
	kl_w_start: 0.0001
	kl_w_end: 0.0005
	kl_cycle: 4
	kl_ratio: 1.0
	save_name: klcompare

Number of data: 88192

SMILES Vocab:
	 {'<START>': 0, '<END>': 1, '<PAD>': 2, 'C': 3, 'O': 4, 'c': 5, '1': 6, '(': 7, '=': 8, ')': 9, 'N': 10, 'n': 11, '2': 12, 'F': 13, 'Cl': 14, 'Br': 15, '#': 16, '3': 17, 'S': 18, 'o': 19, '-': 20, 's': 21, '[nH]': 22, '4': 23}

Graph Vocab:
	 {'C': 0, 'O': 1, 'N': 2, 'F': 3, 'Cl': 4, 'Br': 5, 'S': 6}


KL Annealer: [0.0001     0.00012667 0.00015333 0.00018    0.00020667 0.00023333
 0.00026    0.00028667 0.00031333 0.00034    0.00036667 0.00039333
 0.00042    0.00044667 0.00047333 0.0001     0.00012667 0.00015333
 0.00018    0.00020667 0.00023333 0.00026    0.00028667 0.00031333
 0.00034    0.00036667 0.00039333 0.00042    0.00044667 0.00047333
 0.0001     0.00012667 0.00015333 0.00018    0.00020667 0.00023333
 0.00026    0.00028667 0.00031333 0.00034    0.00036667 0.00039333
 0.00042    0.00044667 0.00047333 0.0001     0.00012667 0.00015333
 0.00018    0.00020667 0.00023333 0.00026    0.00028667 0.00031333
 0.00034    0.00036667 0.00039333 0.00042    0.00044667 0.00047333]




#########################################################################
######################### START TRAINING ################################
#########################################################################




{'valid': 0.7403666666666666, 'unique@1000': 0.366, 'unique@10000': 0.1411, 'FCD/Test': 28.96595611373759, 'SNN/Test': 0.6279176524860213, 'Frag/Test': 0.814558281519004, 'Scaf/Test': 0.1606452939059959, 'FCD/TestSF': 30.19541302795328, 'SNN/TestSF': 0.5607343241971561, 'Frag/TestSF': 0.8038341234628248, 'Scaf/TestSF': 0.003093605596426574, 'IntDiv': 0.7050405390260468, 'IntDiv2': 0.6732649838063222, 'Filters': 0.9945522488856873, 'logP': 0.30701422699112235, 'SA': 0.4703867546833731, 'QED': 0.10286748889021229, 'weight': 11.884017793305413, 'Novelty': 0.889261744966443}
Epoch: 31:
	Train Loss: 0.501 --- Reconstruction Loss: 0.486 --- KL Loss: 152.670 --- Beta: 0.000100
	Validity: 0.74% --- Uniquene@1000: 0.37% --- Unique@10000: 0.14%

{'valid': 0.7315, 'unique@1000': 0.241, 'unique@10000': 0.0821, 'FCD/Test': 40.10154300104051, 'SNN/Test': 0.6966483017107598, 'Frag/Test': 0.8068778468776796, 'Scaf/Test': 0.11923581832631291, 'FCD/TestSF': 41.77730343273757, 'SNN/TestSF': 0.5355695702106704, 'Frag/TestSF': 0.7948714094890901, 'Scaf/TestSF': 0.0051147494193115595, 'IntDiv': 0.6135077949492647, 'IntDiv2': 0.5820885109170333, 'Filters': 0.9969013442697653, 'logP': 0.38855778317158235, 'SA': 0.5815103754397006, 'QED': 0.07922575640091678, 'weight': 8.749161573205365, 'Novelty': 0.8521594684385382}
Epoch: 32:
	Train Loss: 0.496 --- Reconstruction Loss: 0.477 --- KL Loss: 148.762 --- Beta: 0.000127
	Validity: 0.73% --- Uniquene@1000: 0.24% --- Unique@10000: 0.08%

{'valid': 0.8192666666666667, 'unique@1000': 0.247, 'unique@10000': 0.0813, 'FCD/Test': 43.02128387234026, 'SNN/Test': 0.6451485669562442, 'Frag/Test': 0.7798350111309706, 'Scaf/Test': 0.1164751195833007, 'FCD/TestSF': 44.45889833468351, 'SNN/TestSF': 0.5340236209648815, 'Frag/TestSF': 0.7684045856127004, 'Scaf/TestSF': 0.00966856491055157, 'IntDiv': 0.5915000038356826, 'IntDiv2': 0.5634793970439274, 'Filters': 0.9925136300756774, 'logP': 0.39860217678495435, 'SA': 0.5441800154426631, 'QED': 0.09260418750283898, 'weight': 10.16674979811683, 'Novelty': 0.9079563182527302}
Epoch: 33:
	Train Loss: 0.492 --- Reconstruction Loss: 0.470 --- KL Loss: 140.291 --- Beta: 0.000153
	Validity: 0.82% --- Uniquene@1000: 0.25% --- Unique@10000: 0.08%

{'valid': 0.7740666666666667, 'unique@1000': 0.351, 'unique@10000': 0.1415, 'FCD/Test': 34.8775021809733, 'SNN/Test': 0.6649964183527887, 'Frag/Test': 0.8211221183265464, 'Scaf/Test': 0.253164072589923, 'FCD/TestSF': 36.48867051110351, 'SNN/TestSF': 0.5290600589316345, 'Frag/TestSF': 0.8074915544742959, 'Scaf/TestSF': 0.021447577696438236, 'IntDiv': 0.6712447611033856, 'IntDiv2': 0.6433012712835391, 'Filters': 0.9964688657307725, 'logP': 0.31683189615553015, 'SA': 0.519053400757533, 'QED': 0.07934905009477539, 'weight': 9.484198491456187, 'Novelty': 0.8934691987031033}
Epoch: 34:
	Train Loss: 0.483 --- Reconstruction Loss: 0.463 --- KL Loss: 113.329 --- Beta: 0.000180
	Validity: 0.77% --- Uniquene@1000: 0.35% --- Unique@10000: 0.14%

{'valid': 0.734, 'unique@1000': 0.512, 'unique@10000': 0.2027, 'FCD/Test': 26.61994005061544, 'SNN/Test': 0.6350955630951205, 'Frag/Test': 0.8333240856032812, 'Scaf/Test': 0.20297165848113174, 'FCD/TestSF': 28.286413173688516, 'SNN/TestSF': 0.5283237188661997, 'Frag/TestSF': 0.8203481419958637, 'Scaf/TestSF': 0.0046894571492491766, 'IntDiv': 0.7425178560895126, 'IntDiv2': 0.7161980662341758, 'Filters': 0.9919618528610354, 'logP': 0.17675966670153778, 'SA': 0.40627403555267727, 'QED': 0.06602293793037456, 'weight': 18.16948477498837, 'Novelty': 0.8752528658125421}
Epoch: 35:
	Train Loss: 0.473 --- Reconstruction Loss: 0.455 --- KL Loss: 86.034 --- Beta: 0.000207
	Validity: 0.73% --- Uniquene@1000: 0.51% --- Unique@10000: 0.20%

{'valid': 0.8639333333333333, 'unique@1000': 0.506, 'unique@10000': 0.2061, 'FCD/Test': 30.41217899554315, 'SNN/Test': 0.6562563974126565, 'Frag/Test': 0.8338273806575713, 'Scaf/Test': 0.22765583392767863, 'FCD/TestSF': 32.24528920846423, 'SNN/TestSF': 0.5307768795425688, 'Frag/TestSF': 0.8185537859972799, 'Scaf/TestSF': 0.00746207059308468, 'IntDiv': 0.7378748068477441, 'IntDiv2': 0.715871659706354, 'Filters': 0.9976464233351339, 'logP': 0.25288369545050265, 'SA': 0.3989159152367327, 'QED': 0.06165326868564228, 'weight': 12.548393728561642, 'Novelty': 0.8644524236983842}
Epoch: 36:
	Train Loss: 0.464 --- Reconstruction Loss: 0.447 --- KL Loss: 72.721 --- Beta: 0.000233
	Validity: 0.86% --- Uniquene@1000: 0.51% --- Unique@10000: 0.21%

{'valid': 0.6330666666666667, 'unique@1000': 0.642, 'unique@10000': 0.2766, 'FCD/Test': 24.696611721937174, 'SNN/Test': 0.6400165442587602, 'Frag/Test': 0.8887735542528523, 'Scaf/Test': 0.30450115092873475, 'FCD/TestSF': 26.265388849433606, 'SNN/TestSF': 0.5310832671570045, 'Frag/TestSF': 0.8758271194490311, 'Scaf/TestSF': 0.01829825512594374, 'IntDiv': 0.7670564577435731, 'IntDiv2': 0.7496845225146244, 'Filters': 0.9955244313395114, 'logP': 0.3928620047280134, 'SA': 0.3904486984397417, 'QED': 0.026800473692465805, 'weight': 12.339982084818667, 'Novelty': 0.8901613742842269}
Epoch: 37:
	Train Loss: 0.454 --- Reconstruction Loss: 0.438 --- KL Loss: 62.448 --- Beta: 0.000260
	Validity: 0.63% --- Uniquene@1000: 0.64% --- Unique@10000: 0.28%

{'valid': 0.7032666666666667, 'unique@1000': 0.662, 'unique@10000': 0.3023, 'FCD/Test': 22.922621025197728, 'SNN/Test': 0.6293033499852302, 'Frag/Test': 0.9146473739579924, 'Scaf/Test': 0.2643807777115432, 'FCD/TestSF': 24.50355123855342, 'SNN/TestSF': 0.5386799987045687, 'Frag/TestSF': 0.9028188835206143, 'Scaf/TestSF': 0.018255740903869833, 'IntDiv': 0.7743914108900477, 'IntDiv2': 0.7575186850205902, 'Filters': 0.9958763863873353, 'logP': 0.4793992247637486, 'SA': 0.3973554600739564, 'QED': 0.02170015021535151, 'weight': 8.093845407697415, 'Novelty': 0.8948170731707317}
Epoch: 38:
	Train Loss: 0.447 --- Reconstruction Loss: 0.431 --- KL Loss: 54.885 --- Beta: 0.000287
	Validity: 0.70% --- Uniquene@1000: 0.66% --- Unique@10000: 0.30%

{'valid': 0.7549333333333333, 'unique@1000': 0.74, 'unique@10000': 0.366, 'FCD/Test': 21.127349959605127, 'SNN/Test': 0.6393594590967429, 'Frag/Test': 0.8869916920606414, 'Scaf/Test': 0.26136268812305996, 'FCD/TestSF': 22.541566018063847, 'SNN/TestSF': 0.5486370336326218, 'Frag/TestSF': 0.8747701239210551, 'Scaf/TestSF': 0.05407763460301651, 'IntDiv': 0.7805039176769586, 'IntDiv2': 0.7660390321239108, 'Filters': 0.9962469092193571, 'logP': 0.435918464050954, 'SA': 0.35201718634761514, 'QED': 0.024865890575070652, 'weight': 13.788490423264403, 'Novelty': 0.8702277007361753}
Epoch: 39:
	Train Loss: 0.437 --- Reconstruction Loss: 0.422 --- KL Loss: 48.504 --- Beta: 0.000313
	Validity: 0.75% --- Uniquene@1000: 0.74% --- Unique@10000: 0.37%

{'valid': 0.6989666666666667, 'unique@1000': 0.714, 'unique@10000': 0.3699, 'FCD/Test': 22.35338220490462, 'SNN/Test': 0.6124797453127158, 'Frag/Test': 0.8518037961542321, 'Scaf/Test': 0.24253463754352778, 'FCD/TestSF': 23.930117768512744, 'SNN/TestSF': 0.5198222810197407, 'Frag/TestSF': 0.8360924662298361, 'Scaf/TestSF': 0.02421401751349339, 'IntDiv': 0.7793852360429058, 'IntDiv2': 0.764560007409409, 'Filters': 0.9895083218083838, 'logP': 0.30702523009981536, 'SA': 0.26779668748846935, 'QED': 0.03369642106785764, 'weight': 13.683841172887533, 'Novelty': 0.8830182010955999}
Epoch: 40:
	Train Loss: 0.429 --- Reconstruction Loss: 0.414 --- KL Loss: 44.383 --- Beta: 0.000340
	Validity: 0.70% --- Uniquene@1000: 0.71% --- Unique@10000: 0.37%

{'valid': 0.7232333333333334, 'unique@1000': 0.804, 'unique@10000': 0.4651, 'FCD/Test': 18.92161663547951, 'SNN/Test': 0.6212202798934523, 'Frag/Test': 0.890942636075649, 'Scaf/Test': 0.3310517428851021, 'FCD/TestSF': 20.29079801567572, 'SNN/TestSF': 0.5349996984678023, 'Frag/TestSF': 0.8768701212669971, 'Scaf/TestSF': 0.04745450275054275, 'IntDiv': 0.7855162663759343, 'IntDiv2': 0.7719334689823405, 'Filters': 0.9894455454671153, 'logP': 0.39165677180032143, 'SA': 0.3192682685771183, 'QED': 0.03706686824843901, 'weight': 10.185697130797875, 'Novelty': 0.9017326092578226}
Epoch: 41:
	Train Loss: 0.421 --- Reconstruction Loss: 0.406 --- KL Loss: 40.326 --- Beta: 0.000367
	Validity: 0.72% --- Uniquene@1000: 0.80% --- Unique@10000: 0.47%

{'valid': 0.7536, 'unique@1000': 0.862, 'unique@10000': 0.533, 'FCD/Test': 18.30777654959563, 'SNN/Test': 0.6207331694050917, 'Frag/Test': 0.930492116045768, 'Scaf/Test': 0.2599761779246378, 'FCD/TestSF': 19.175291929022357, 'SNN/TestSF': 0.5499553778792104, 'Frag/TestSF': 0.9200446277144119, 'Scaf/TestSF': 0.025903696027128942, 'IntDiv': 0.7885470814008971, 'IntDiv2': 0.7762321633942189, 'Filters': 0.9920382165605095, 'logP': 0.6305034591661952, 'SA': 0.3294992535804463, 'QED': 0.02697253980781852, 'weight': 10.383054596276489, 'Novelty': 0.9016729627630868}
Epoch: 42:
	Train Loss: 0.414 --- Reconstruction Loss: 0.399 --- KL Loss: 37.681 --- Beta: 0.000393
	Validity: 0.75% --- Uniquene@1000: 0.86% --- Unique@10000: 0.53%

{'valid': 0.8100666666666667, 'unique@1000': 0.843, 'unique@10000': 0.5342, 'FCD/Test': 19.367376401462792, 'SNN/Test': 0.624101927436955, 'Frag/Test': 0.9077436237583701, 'Scaf/Test': 0.26068700440861503, 'FCD/TestSF': 20.37850633483282, 'SNN/TestSF': 0.5451551451169261, 'Frag/TestSF': 0.8961108856129636, 'Scaf/TestSF': 0.03599091243526242, 'IntDiv': 0.7914151872523242, 'IntDiv2': 0.7780786921397316, 'Filters': 0.9923051600691302, 'logP': 0.398126566154635, 'SA': 0.3262601952886713, 'QED': 0.022857342250869096, 'weight': 12.072036182908297, 'Novelty': 0.8829994863893169}
Epoch: 43:
	Train Loss: 0.407 --- Reconstruction Loss: 0.392 --- KL Loss: 35.400 --- Beta: 0.000420
	Validity: 0.81% --- Uniquene@1000: 0.84% --- Unique@10000: 0.53%

{'valid': 0.7480333333333333, 'unique@1000': 0.877, 'unique@10000': 0.5588, 'FCD/Test': 17.609011854664644, 'SNN/Test': 0.619896573285932, 'Frag/Test': 0.9048404789442467, 'Scaf/Test': 0.30578810704242176, 'FCD/TestSF': 18.616633685101718, 'SNN/TestSF': 0.5442907568615954, 'Frag/TestSF': 0.8931725460293138, 'Scaf/TestSF': 0.04290817346685705, 'IntDiv': 0.7932378107301433, 'IntDiv2': 0.7802727912378229, 'Filters': 0.991176863776124, 'logP': 0.45063368292779743, 'SA': 0.34939133593841953, 'QED': 0.02366780309565669, 'weight': 16.463165748582732, 'Novelty': 0.8831023236852833}
Epoch: 44:
	Train Loss: 0.402 --- Reconstruction Loss: 0.387 --- KL Loss: 32.909 --- Beta: 0.000447
	Validity: 0.75% --- Uniquene@1000: 0.88% --- Unique@10000: 0.56%

{'valid': 0.8311, 'unique@1000': 0.891, 'unique@10000': 0.585, 'FCD/Test': 17.03473952265024, 'SNN/Test': 0.6212003415697955, 'Frag/Test': 0.911135021513799, 'Scaf/Test': 0.24460878877737824, 'FCD/TestSF': 17.90614883002428, 'SNN/TestSF': 0.5393915816741707, 'Frag/TestSF': 0.8999884605106574, 'Scaf/TestSF': 0.0414894686936631, 'IntDiv': 0.8012932093742211, 'IntDiv2': 0.7890387619572463, 'Filters': 0.9919785023863955, 'logP': 0.28563892186709267, 'SA': 0.2879916414949871, 'QED': 0.0220163111963584, 'weight': 16.65955313410678, 'Novelty': 0.869717992611947}
Epoch: 45:
	Train Loss: 0.395 --- Reconstruction Loss: 0.380 --- KL Loss: 30.364 --- Beta: 0.000473
	Validity: 0.83% --- Uniquene@1000: 0.89% --- Unique@10000: 0.58%

{'valid': 0.8499666666666666, 'unique@1000': 0.828, 'unique@10000': 0.5187, 'FCD/Test': 18.942863717449292, 'SNN/Test': 0.6112399425589434, 'Frag/Test': 0.9243110514956988, 'Scaf/Test': 0.18113701926058923, 'FCD/TestSF': 19.646599445608366, 'SNN/TestSF': 0.5399318427785975, 'Frag/TestSF': 0.9143695658949249, 'Scaf/TestSF': 0.05300639156279441, 'IntDiv': 0.7976761147426477, 'IntDiv2': 0.7855584793127478, 'Filters': 0.9832150280403154, 'logP': 0.34811439617002, 'SA': 0.21754880852011285, 'QED': 0.01606013462551804, 'weight': 22.65651570164144, 'Novelty': 0.8922637855468352}
Epoch: 46:
	Train Loss: 0.378 --- Reconstruction Loss: 0.373 --- KL Loss: 50.305 --- Beta: 0.000100
	Validity: 0.85% --- Uniquene@1000: 0.83% --- Unique@10000: 0.52%

{'valid': 0.6670333333333334, 'unique@1000': 0.813, 'unique@10000': 0.4824, 'FCD/Test': 19.18533034900809, 'SNN/Test': 0.5972295918516667, 'Frag/Test': 0.930368348245528, 'Scaf/Test': 0.15492274307756093, 'FCD/TestSF': 19.965579466971306, 'SNN/TestSF': 0.5209777218677681, 'Frag/TestSF': 0.920811315935136, 'Scaf/TestSF': 0.03694908141528286, 'IntDiv': 0.7945904688859835, 'IntDiv2': 0.7826118926426093, 'Filters': 0.9730148418369896, 'logP': 0.38802538342633636, 'SA': 0.1707357327581875, 'QED': 0.021333458012838476, 'weight': 19.15582990564684, 'Novelty': 0.8972311654861558}
Epoch: 47:
	Train Loss: 0.374 --- Reconstruction Loss: 0.367 --- KL Loss: 51.215 --- Beta: 0.000127
	Validity: 0.67% --- Uniquene@1000: 0.81% --- Unique@10000: 0.48%

{'valid': 0.5450666666666666, 'unique@1000': 0.821, 'unique@10000': 0.4921, 'FCD/Test': 17.577016034155832, 'SNN/Test': 0.5837227824780135, 'Frag/Test': 0.9216184154804362, 'Scaf/Test': 0.159293346211705, 'FCD/TestSF': 18.222620254876794, 'SNN/TestSF': 0.5222996265049695, 'Frag/TestSF': 0.9110755506786362, 'Scaf/TestSF': 0.08837512450935481, 'IntDiv': 0.803608306648301, 'IntDiv2': 0.7911521709824415, 'Filters': 0.9769447162426614, 'logP': 0.3045300465321639, 'SA': 0.11594935631655474, 'QED': 0.019037166699936617, 'weight': 22.7027020806097, 'Novelty': 0.9136563876651982}
Epoch: 48:
	Train Loss: 0.370 --- Reconstruction Loss: 0.363 --- KL Loss: 49.301 --- Beta: 0.000153
	Validity: 0.55% --- Uniquene@1000: 0.82% --- Unique@10000: 0.49%

/home/80027464/graphvae/metrics.py:527: UserWarning: Can't compute unique@10000.gen contains only 8077 molecules
  warnings.warn(
{'valid': 0.2692333333333333, 'unique@1000': 0.825, 'unique@10000': 0.5234616813173207, 'FCD/Test': 16.666952459151112, 'SNN/Test': 0.5865168738582133, 'Frag/Test': 0.9227907602127315, 'Scaf/Test': 0.15269121456803703, 'FCD/TestSF': 17.091044843032975, 'SNN/TestSF': 0.5271673683476976, 'Frag/TestSF': 0.9130829403445506, 'Scaf/TestSF': 0.03418323374274568, 'IntDiv': 0.8099432005561843, 'IntDiv2': 0.7977873701663207, 'Filters': 0.9808097065742231, 'logP': 0.5156724574162308, 'SA': 0.1544656749513439, 'QED': 0.012171251556554963, 'weight': 26.581097051056044, 'Novelty': 0.9089403973509934}
Epoch: 49:
	Train Loss: 0.366 --- Reconstruction Loss: 0.358 --- KL Loss: 46.554 --- Beta: 0.000180
	Validity: 0.27% --- Uniquene@1000: 0.82% --- Unique@10000: 0.52%

{'valid': 0.5683, 'unique@1000': 0.858, 'unique@10000': 0.5313, 'FCD/Test': 16.110632871555104, 'SNN/Test': 0.5801523000996541, 'Frag/Test': 0.9272819772909943, 'Scaf/Test': 0.15234803833910515, 'FCD/TestSF': 16.77404622669087, 'SNN/TestSF': 0.5124815873641325, 'Frag/TestSF': 0.9169294130280259, 'Scaf/TestSF': 0.03056704640912411, 'IntDiv': 0.8063414208766826, 'IntDiv2': 0.7944617799258331, 'Filters': 0.9771834125168631, 'logP': 0.3353625551011084, 'SA': 0.12774675806068228, 'QED': 0.011757069430078653, 'weight': 26.433105235088686, 'Novelty': 0.9016137428422697}
Epoch: 50:
	Train Loss: 0.362 --- Reconstruction Loss: 0.353 --- KL Loss: 43.410 --- Beta: 0.000207
	Validity: 0.57% --- Uniquene@1000: 0.86% --- Unique@10000: 0.53%

{'valid': 0.7565333333333333, 'unique@1000': 0.907, 'unique@10000': 0.6705, 'FCD/Test': 15.932983510793925, 'SNN/Test': 0.5669251143601439, 'Frag/Test': 0.9228061232069334, 'Scaf/Test': 0.20648727568586966, 'FCD/TestSF': 16.687313760668737, 'SNN/TestSF': 0.5016819886294656, 'Frag/TestSF': 0.9112582232789455, 'Scaf/TestSF': 0.03557675009777417, 'IntDiv': 0.8200162623252915, 'IntDiv2': 0.8092199532443646, 'Filters': 0.9723299259781459, 'logP': 0.35888842763602513, 'SA': 0.11946561030892852, 'QED': 0.00876811145795434, 'weight': 25.079380633795136, 'Novelty': 0.9180804653417354}
Epoch: 51:
	Train Loss: 0.358 --- Reconstruction Loss: 0.348 --- KL Loss: 40.446 --- Beta: 0.000233
	Validity: 0.76% --- Uniquene@1000: 0.91% --- Unique@10000: 0.67%

{'valid': 0.5812333333333333, 'unique@1000': 0.92, 'unique@10000': 0.6563, 'FCD/Test': 14.732706698466444, 'SNN/Test': 0.5572611863250654, 'Frag/Test': 0.9288169605268941, 'Scaf/Test': 0.20832410584846217, 'FCD/TestSF': 15.286065002552576, 'SNN/TestSF': 0.497480522167172, 'Frag/TestSF': 0.9190885854316331, 'Scaf/TestSF': 0.04971401320155011, 'IntDiv': 0.8346218519461953, 'IntDiv2': 0.8245401812336856, 'Filters': 0.9814761713597523, 'logP': 0.4016585948992104, 'SA': 0.03765393713360027, 'QED': 0.00716707615628806, 'weight': 29.856318568532757, 'Novelty': 0.9052441592299207}
Epoch: 52:
	Train Loss: 0.353 --- Reconstruction Loss: 0.343 --- KL Loss: 37.758 --- Beta: 0.000260
	Validity: 0.58% --- Uniquene@1000: 0.92% --- Unique@10000: 0.66%

{'valid': 0.7002666666666666, 'unique@1000': 0.921, 'unique@10000': 0.6799, 'FCD/Test': 15.64049785815817, 'SNN/Test': 0.583412067771741, 'Frag/Test': 0.9125665285564561, 'Scaf/Test': 0.19072349289403356, 'FCD/TestSF': 16.321338004689956, 'SNN/TestSF': 0.5163167202377071, 'Frag/TestSF': 0.9013481012317668, 'Scaf/TestSF': 0.054915412964729016, 'IntDiv': 0.8218806739911197, 'IntDiv2': 0.8106812140782143, 'Filters': 0.9829112718964204, 'logP': 0.39579943362568637, 'SA': 0.19588158995221058, 'QED': 0.011604387807393429, 'weight': 31.364319934277976, 'Novelty': 0.8939494680851063}
Epoch: 53:
	Train Loss: 0.349 --- Reconstruction Loss: 0.339 --- KL Loss: 35.095 --- Beta: 0.000287
	Validity: 0.70% --- Uniquene@1000: 0.92% --- Unique@10000: 0.68%

{'valid': 0.7811333333333333, 'unique@1000': 0.946, 'unique@10000': 0.7176, 'FCD/Test': 14.4710875739121, 'SNN/Test': 0.579198092304242, 'Frag/Test': 0.9455978885994102, 'Scaf/Test': 0.24226809941005045, 'FCD/TestSF': 15.32241985012898, 'SNN/TestSF': 0.513760088440363, 'Frag/TestSF': 0.9344970618768551, 'Scaf/TestSF': 0.06167060145557157, 'IntDiv': 0.8166861783485242, 'IntDiv2': 0.806253784570256, 'Filters': 0.972134505419476, 'logP': 0.3650055020280813, 'SA': 0.17761674325088128, 'QED': 0.015709325100134088, 'weight': 27.66845240996444, 'Novelty': 0.9055309418322138}
Epoch: 54:
	Train Loss: 0.345 --- Reconstruction Loss: 0.334 --- KL Loss: 32.777 --- Beta: 0.000313
	Validity: 0.78% --- Uniquene@1000: 0.95% --- Unique@10000: 0.72%

{'valid': 0.7916666666666666, 'unique@1000': 0.939, 'unique@10000': 0.7536, 'FCD/Test': 14.543324721783193, 'SNN/Test': 0.5816097754748244, 'Frag/Test': 0.9330591640714069, 'Scaf/Test': 0.27037542639167433, 'FCD/TestSF': 15.450725946703706, 'SNN/TestSF': 0.5129167810910626, 'Frag/TestSF': 0.9227382503284784, 'Scaf/TestSF': 0.05493419577285197, 'IntDiv': 0.8242706175085484, 'IntDiv2': 0.8142428992633622, 'Filters': 0.9801684210526316, 'logP': 0.3382987005010836, 'SA': 0.15939289879447396, 'QED': 0.011760375246190658, 'weight': 27.323159414097095, 'Novelty': 0.9002960172228203}
Epoch: 55:
	Train Loss: 0.341 --- Reconstruction Loss: 0.330 --- KL Loss: 30.767 --- Beta: 0.000340
	Validity: 0.79% --- Uniquene@1000: 0.94% --- Unique@10000: 0.75%

{'valid': 0.7715666666666667, 'unique@1000': 0.953, 'unique@10000': 0.7904, 'FCD/Test': 13.150132875504845, 'SNN/Test': 0.5631311795657648, 'Frag/Test': 0.9393864314984898, 'Scaf/Test': 0.24679369449748245, 'FCD/TestSF': 13.97147729108093, 'SNN/TestSF': 0.5012848683420348, 'Frag/TestSF': 0.9283568589616434, 'Scaf/TestSF': 0.057648605667270814, 'IntDiv': 0.8288584519302205, 'IntDiv2': 0.8191484553761498, 'Filters': 0.9804726314425195, 'logP': 0.2595913274928317, 'SA': 0.13123923166228244, 'QED': 0.01624410069911329, 'weight': 33.616530956263425, 'Novelty': 0.9124817934266354}
Epoch: 56:
	Train Loss: 0.338 --- Reconstruction Loss: 0.327 --- KL Loss: 29.302 --- Beta: 0.000367
	Validity: 0.77% --- Uniquene@1000: 0.95% --- Unique@10000: 0.79%

{'valid': 0.8517, 'unique@1000': 0.958, 'unique@10000': 0.7735, 'FCD/Test': 13.950373964042356, 'SNN/Test': 0.5700964841203332, 'Frag/Test': 0.9513680284315301, 'Scaf/Test': 0.26800535859765773, 'FCD/TestSF': 14.514913876529675, 'SNN/TestSF': 0.5194662026837914, 'Frag/TestSF': 0.9439207465488794, 'Scaf/TestSF': 0.08196549432200584, 'IntDiv': 0.8331316608443363, 'IntDiv2': 0.8229584133904901, 'Filters': 0.978904935227584, 'logP': 0.3186042833179686, 'SA': 0.16354351698654057, 'QED': 0.010281635670507383, 'weight': 34.93925784849439, 'Novelty': 0.9001517450682853}
Epoch: 57:
	Train Loss: 0.334 --- Reconstruction Loss: 0.323 --- KL Loss: 27.721 --- Beta: 0.000393
	Validity: 0.85% --- Uniquene@1000: 0.96% --- Unique@10000: 0.77%

slurmstepd: error: *** JOB 8257215 ON hpctpa3pc0029 CANCELLED AT 2024-02-15T10:04:48 ***
