2024-02-15 02:31:21.026063: E external/local_xla/xla/stream_executor/cuda/cuda_dnn.cc:9261] Unable to register cuDNN factory: Attempting to register factory for plugin cuDNN when one has already been registered
2024-02-15 02:31:21.026144: E external/local_xla/xla/stream_executor/cuda/cuda_fft.cc:607] Unable to register cuFFT factory: Attempting to register factory for plugin cuFFT when one has already been registered
2024-02-15 02:31:21.026865: E external/local_xla/xla/stream_executor/cuda/cuda_blas.cc:1515] Unable to register cuBLAS factory: Attempting to register factory for plugin cuBLAS when one has already been registered
2024-02-15 02:31:21.030920: I tensorflow/core/platform/cpu_feature_guard.cc:182] This TensorFlow binary is optimized to use available CPU instructions in performance-critical operations.
To enable the following instructions: AVX2 FMA, in other operations, rebuild TensorFlow with the appropriate compiler flags.
2024-02-15 02:31:21.862631: W tensorflow/compiler/tf2tensorrt/utils/py_utils.cc:38] TF-TRT Warning: Could not find TensorRT

Arguments:
	data_path: data/moses_train.txt
	max_len: 30
	batch: 128
	d_model: 512
	d_latent: 256
	d_ff: 1024
	e_heads: 1
	d_heads: 8
	n_layers: 6
	dropout: 0.5
	lr: 0.0005
	n_epochs: 60
	kl_type: cyclic
	kl_w_start: 0.0001
	kl_w_end: 0.0005
	kl_cycle: 2
	kl_ratio: 0.5
	save_name: klcompare

Number of data: 88192

SMILES Vocab:
	 {'<START>': 0, '<END>': 1, '<PAD>': 2, 'C': 3, 'O': 4, 'c': 5, '1': 6, '(': 7, '=': 8, ')': 9, 'N': 10, 'n': 11, '2': 12, 'F': 13, 'Cl': 14, 'Br': 15, '#': 16, '3': 17, 'S': 18, 'o': 19, '-': 20, 's': 21, '[nH]': 22, '4': 23}

Graph Vocab:
	 {'C': 0, 'O': 1, 'N': 2, 'F': 3, 'Cl': 4, 'Br': 5, 'S': 6}


KL Annealer: [0.0001     0.00012667 0.00015333 0.00018    0.00020667 0.00023333
 0.00026    0.00028667 0.00031333 0.00034    0.00036667 0.00039333
 0.00042    0.00044667 0.00047333 0.0005     0.0005     0.0005
 0.0005     0.0005     0.0005     0.0005     0.0005     0.0005
 0.0005     0.0005     0.0005     0.0005     0.0005     0.0005
 0.0001     0.00012667 0.00015333 0.00018    0.00020667 0.00023333
 0.00026    0.00028667 0.00031333 0.00034    0.00036667 0.00039333
 0.00042    0.00044667 0.00047333 0.0005     0.0005     0.0005
 0.0005     0.0005     0.0005     0.0005     0.0005     0.0005
 0.0005     0.0005     0.0005     0.0005     0.0005     0.0005    ]




#########################################################################
######################### START TRAINING ################################
#########################################################################




{'valid': 0.6634666666666666, 'unique@1000': 0.705, 'unique@10000': 0.3519, 'FCD/Test': 25.395710994008333, 'SNN/Test': 0.6255767071646582, 'Frag/Test': 0.8352521495695877, 'Scaf/Test': 0.298572804428044, 'FCD/TestSF': 26.758110219211083, 'SNN/TestSF': 0.5195844676637561, 'Frag/TestSF': 0.8200108584551025, 'Scaf/TestSF': 0.03864154243147788, 'IntDiv': 0.7561218892398947, 'IntDiv2': 0.7384222512796811, 'Filters': 0.9931672025723473, 'logP': 0.1922746070627123, 'SA': 0.2130264488264288, 'QED': 0.08894382380745812, 'weight': 15.386064198865865, 'Novelty': 0.9231919267426649}
Epoch: 31:
	Train Loss: 0.448 --- Reconstruction Loss: 0.444 --- KL Loss: 37.584 --- Beta: 0.000100
	Validity: 0.66% --- Uniquene@1000: 0.70% --- Unique@10000: 0.35%

{'valid': 0.5726333333333333, 'unique@1000': 0.74, 'unique@10000': 0.4016, 'FCD/Test': 24.6830641273597, 'SNN/Test': 0.6031528340208148, 'Frag/Test': 0.8546908126181407, 'Scaf/Test': 0.1373309947635044, 'FCD/TestSF': 25.98479782210792, 'SNN/TestSF': 0.507039908733681, 'Frag/TestSF': 0.8418194527801355, 'Scaf/TestSF': 0.020552154198323236, 'IntDiv': 0.7570081242857967, 'IntDiv2': 0.7419812161519433, 'Filters': 0.9847488212352291, 'logP': 0.5332778135268471, 'SA': 0.25865887665790455, 'QED': 0.03372210664681805, 'weight': 5.032268504201471, 'Novelty': 0.9264732063379028}
Epoch: 32:
	Train Loss: 0.444 --- Reconstruction Loss: 0.439 --- KL Loss: 38.624 --- Beta: 0.000127
	Validity: 0.57% --- Uniquene@1000: 0.74% --- Unique@10000: 0.40%

{'valid': 0.6659999999999999, 'unique@1000': 0.793, 'unique@10000': 0.4623, 'FCD/Test': 24.183445579441567, 'SNN/Test': 0.6016950882173276, 'Frag/Test': 0.8551805328377913, 'Scaf/Test': 0.18724404790878335, 'FCD/TestSF': 25.53938393846031, 'SNN/TestSF': 0.5052742983903493, 'Frag/TestSF': 0.8421915379946694, 'Scaf/TestSF': 0.022378520208708896, 'IntDiv': 0.7689811429048865, 'IntDiv2': 0.7543161937470827, 'Filters': 0.9894394394394395, 'logP': 0.3099154427353737, 'SA': 0.19671769940880088, 'QED': 0.050433054912628186, 'weight': 13.061195849104008, 'Novelty': 0.931736856592348}
Epoch: 33:
	Train Loss: 0.440 --- Reconstruction Loss: 0.435 --- KL Loss: 36.985 --- Beta: 0.000153
	Validity: 0.67% --- Uniquene@1000: 0.79% --- Unique@10000: 0.46%

{'valid': 0.6696333333333333, 'unique@1000': 0.845, 'unique@10000': 0.5145, 'FCD/Test': 22.52181845653704, 'SNN/Test': 0.583987949899018, 'Frag/Test': 0.8609715954690373, 'Scaf/Test': 0.12453804232269516, 'FCD/TestSF': 23.64362620469491, 'SNN/TestSF': 0.49876317338466025, 'Frag/TestSF': 0.848242434701053, 'Scaf/TestSF': 0.021915787759262284, 'IntDiv': 0.7779978133271989, 'IntDiv2': 0.7638170809545088, 'Filters': 0.9823784160485838, 'logP': 0.47079780424044726, 'SA': 0.1483985859715126, 'QED': 0.06509695962832035, 'weight': 4.698979532406611, 'Novelty': 0.9443413729128015}
Epoch: 34:
	Train Loss: 0.436 --- Reconstruction Loss: 0.430 --- KL Loss: 35.017 --- Beta: 0.000180
	Validity: 0.67% --- Uniquene@1000: 0.84% --- Unique@10000: 0.51%

{'valid': 0.4964333333333333, 'unique@1000': 0.84, 'unique@10000': 0.5147, 'FCD/Test': 23.60279141571324, 'SNN/Test': 0.5951250326625048, 'Frag/Test': 0.8599672702000057, 'Scaf/Test': 0.23509207696441514, 'FCD/TestSF': 24.922700008527748, 'SNN/TestSF': 0.506298281107805, 'Frag/TestSF': 0.84568639776782, 'Scaf/TestSF': 0.01290701647029835, 'IntDiv': 0.7762647393353481, 'IntDiv2': 0.7616401351846102, 'Filters': 0.9865708722218491, 'logP': 0.15176121582535376, 'SA': 0.16989242842069377, 'QED': 0.05468820942232525, 'weight': 19.198934787297812, 'Novelty': 0.9253577223779319}
Epoch: 35:
	Train Loss: 0.432 --- Reconstruction Loss: 0.426 --- KL Loss: 32.843 --- Beta: 0.000207
	Validity: 0.50% --- Uniquene@1000: 0.84% --- Unique@10000: 0.51%

{'valid': 0.5588, 'unique@1000': 0.813, 'unique@10000': 0.5417, 'FCD/Test': 17.987249514426367, 'SNN/Test': 0.5885655569915725, 'Frag/Test': 0.9335051903150543, 'Scaf/Test': 0.1689497313782008, 'FCD/TestSF': 19.091695540132392, 'SNN/TestSF': 0.5165179223284406, 'Frag/TestSF': 0.9222877884651894, 'Scaf/TestSF': 0.03787173707539382, 'IntDiv': 0.8047220731372589, 'IntDiv2': 0.7921661847690435, 'Filters': 0.977332378907182, 'logP': 0.23063999744900623, 'SA': 0.1569407430302599, 'QED': 0.028108936223048442, 'weight': 19.28414889945613, 'Novelty': 0.9278961300894996}
Epoch: 36:
	Train Loss: 0.429 --- Reconstruction Loss: 0.422 --- KL Loss: 30.945 --- Beta: 0.000233
	Validity: 0.56% --- Uniquene@1000: 0.81% --- Unique@10000: 0.54%

{'valid': 0.5048666666666667, 'unique@1000': 0.871, 'unique@10000': 0.5869, 'FCD/Test': 18.370247685720557, 'SNN/Test': 0.580269774091727, 'Frag/Test': 0.9269692822439399, 'Scaf/Test': 0.19407023507176036, 'FCD/TestSF': 19.410573907019476, 'SNN/TestSF': 0.5070232831391289, 'Frag/TestSF': 0.9152708043822981, 'Scaf/TestSF': 0.01819222222834871, 'IntDiv': 0.806897696477988, 'IntDiv2': 0.7946980320899715, 'Filters': 0.9727980985078568, 'logP': 0.3958094354821608, 'SA': 0.1790968595979734, 'QED': 0.01730918385203265, 'weight': 16.14656778494263, 'Novelty': 0.9330046770319808}
Epoch: 37:
	Train Loss: 0.424 --- Reconstruction Loss: 0.417 --- KL Loss: 29.104 --- Beta: 0.000260
	Validity: 0.50% --- Uniquene@1000: 0.87% --- Unique@10000: 0.59%

{'valid': 0.6711666666666667, 'unique@1000': 0.921, 'unique@10000': 0.6826, 'FCD/Test': 18.058755847941526, 'SNN/Test': 0.5874017311328097, 'Frag/Test': 0.8931708493172901, 'Scaf/Test': 0.25615092124311656, 'FCD/TestSF': 18.975513504637256, 'SNN/TestSF': 0.517919868671157, 'Frag/TestSF': 0.880340891324607, 'Scaf/TestSF': 0.06970422059320724, 'IntDiv': 0.8011998880185123, 'IntDiv2': 0.7893245497868222, 'Filters': 0.9759125900173826, 'logP': 0.19992001638329313, 'SA': 0.19396613754441272, 'QED': 0.04116387255398689, 'weight': 17.48323458470529, 'Novelty': 0.9222279260780287}
Epoch: 38:
	Train Loss: 0.421 --- Reconstruction Loss: 0.413 --- KL Loss: 27.700 --- Beta: 0.000287
	Validity: 0.67% --- Uniquene@1000: 0.92% --- Unique@10000: 0.68%

{'valid': 0.6059, 'unique@1000': 0.924, 'unique@10000': 0.6774, 'FCD/Test': 16.961740357617913, 'SNN/Test': 0.587072339578057, 'Frag/Test': 0.9014312645173952, 'Scaf/Test': 0.2801904895381857, 'FCD/TestSF': 18.08747419327854, 'SNN/TestSF': 0.5136077464095776, 'Frag/TestSF': 0.8893647907186939, 'Scaf/TestSF': 0.030498351909689192, 'IntDiv': 0.8041537622382608, 'IntDiv2': 0.79342226020434, 'Filters': 0.9643505528965176, 'logP': 0.21678784593061678, 'SA': 0.1920535304225348, 'QED': 0.02523407344399941, 'weight': 15.804779595815173, 'Novelty': 0.9179734620024126}
Epoch: 39:
	Train Loss: 0.417 --- Reconstruction Loss: 0.409 --- KL Loss: 26.392 --- Beta: 0.000313
	Validity: 0.61% --- Uniquene@1000: 0.92% --- Unique@10000: 0.68%

{'valid': 0.47186666666666666, 'unique@1000': 0.925, 'unique@10000': 0.6802, 'FCD/Test': 16.647484759250816, 'SNN/Test': 0.5775026780587109, 'Frag/Test': 0.9205873818531541, 'Scaf/Test': 0.24129736787744294, 'FCD/TestSF': 17.36747505070595, 'SNN/TestSF': 0.5130876492520499, 'Frag/TestSF': 0.9095777028505437, 'Scaf/TestSF': 0.03251410015229206, 'IntDiv': 0.8095181360800935, 'IntDiv2': 0.79759230646137, 'Filters': 0.9658095507205425, 'logP': 0.44277082466113454, 'SA': 0.15026041069870838, 'QED': 0.037037191892030696, 'weight': 9.90341448087347, 'Novelty': 0.9368033883192154}
Epoch: 40:
	Train Loss: 0.413 --- Reconstruction Loss: 0.404 --- KL Loss: 25.527 --- Beta: 0.000340
	Validity: 0.47% --- Uniquene@1000: 0.93% --- Unique@10000: 0.68%

{'valid': 0.6115333333333333, 'unique@1000': 0.948, 'unique@10000': 0.7231, 'FCD/Test': 15.985935240628308, 'SNN/Test': 0.5758497377303828, 'Frag/Test': 0.9225078306075639, 'Scaf/Test': 0.20478205293670582, 'FCD/TestSF': 16.98858026471025, 'SNN/TestSF': 0.5047201401214232, 'Frag/TestSF': 0.9112957645117361, 'Scaf/TestSF': 0.04320111524161918, 'IntDiv': 0.8114535838019813, 'IntDiv2': 0.8011087903954464, 'Filters': 0.9759075547803336, 'logP': 0.3292134084354822, 'SA': 0.13973503103437387, 'QED': 0.01994600857080189, 'weight': 13.528768128153464, 'Novelty': 0.9290091930541369}
Epoch: 41:
	Train Loss: 0.409 --- Reconstruction Loss: 0.400 --- KL Loss: 24.490 --- Beta: 0.000367
	Validity: 0.61% --- Uniquene@1000: 0.95% --- Unique@10000: 0.72%

{'valid': 0.6121, 'unique@1000': 0.945, 'unique@10000': 0.7696, 'FCD/Test': 16.185545598413256, 'SNN/Test': 0.5687166802795703, 'Frag/Test': 0.91920381320161, 'Scaf/Test': 0.23301330765106343, 'FCD/TestSF': 17.25357294798131, 'SNN/TestSF': 0.4986120220013046, 'Frag/TestSF': 0.9083057949122498, 'Scaf/TestSF': 0.03311954884623636, 'IntDiv': 0.8120070944623843, 'IntDiv2': 0.8018420841951219, 'Filters': 0.9637858737679028, 'logP': 0.3077196842333625, 'SA': 0.16850654192576783, 'QED': 0.03657104245018781, 'weight': 15.473637920234397, 'Novelty': 0.9399745587533789}
Epoch: 42:
	Train Loss: 0.404 --- Reconstruction Loss: 0.395 --- KL Loss: 23.512 --- Beta: 0.000393
	Validity: 0.61% --- Uniquene@1000: 0.94% --- Unique@10000: 0.77%

{'valid': 0.7047666666666667, 'unique@1000': 0.95, 'unique@10000': 0.7645, 'FCD/Test': 14.914652440761131, 'SNN/Test': 0.5739715007156555, 'Frag/Test': 0.9211953033932644, 'Scaf/Test': 0.25944751950894296, 'FCD/TestSF': 15.787396260033049, 'SNN/TestSF': 0.5109589919634665, 'Frag/TestSF': 0.9111229537979055, 'Scaf/TestSF': 0.04166381916811546, 'IntDiv': 0.8175668931167812, 'IntDiv2': 0.8070754829384691, 'Filters': 0.977392044648347, 'logP': 0.27943007671568243, 'SA': 0.13616491823713034, 'QED': 0.01553227927659724, 'weight': 16.88185393379838, 'Novelty': 0.9284954999645666}
Epoch: 43:
	Train Loss: 0.400 --- Reconstruction Loss: 0.390 --- KL Loss: 22.626 --- Beta: 0.000420
	Validity: 0.70% --- Uniquene@1000: 0.95% --- Unique@10000: 0.76%

{'valid': 0.7087, 'unique@1000': 0.957, 'unique@10000': 0.7997, 'FCD/Test': 15.265795284177727, 'SNN/Test': 0.5658698492097325, 'Frag/Test': 0.912378989925479, 'Scaf/Test': 0.2508005883149349, 'FCD/TestSF': 16.231098309061707, 'SNN/TestSF': 0.5025797183859534, 'Frag/TestSF': 0.9026541217364968, 'Scaf/TestSF': 0.029608735195088998, 'IntDiv': 0.8210840630958978, 'IntDiv2': 0.81080839623072, 'Filters': 0.9738017967169935, 'logP': 0.3180381479085403, 'SA': 0.12194366713904059, 'QED': 0.016291170862945903, 'weight': 17.644237141009047, 'Novelty': 0.940792974986695}
Epoch: 44:
	Train Loss: 0.395 --- Reconstruction Loss: 0.385 --- KL Loss: 21.791 --- Beta: 0.000447
	Validity: 0.71% --- Uniquene@1000: 0.96% --- Unique@10000: 0.80%

{'valid': 0.7174666666666667, 'unique@1000': 0.972, 'unique@10000': 0.8178, 'FCD/Test': 14.183620541113065, 'SNN/Test': 0.5593397050578118, 'Frag/Test': 0.9056859435540912, 'Scaf/Test': 0.2529126492411704, 'FCD/TestSF': 14.919695542807162, 'SNN/TestSF': 0.5038778555396543, 'Frag/TestSF': 0.896908524481189, 'Scaf/TestSF': 0.04400353651889988, 'IntDiv': 0.8299404442986883, 'IntDiv2': 0.8200009391807113, 'Filters': 0.9761661401226538, 'logP': 0.3096346103935079, 'SA': 0.0994068722328242, 'QED': 0.023911322451805106, 'weight': 18.961899060237343, 'Novelty': 0.9397521083567595}
Epoch: 45:
	Train Loss: 0.392 --- Reconstruction Loss: 0.382 --- KL Loss: 21.044 --- Beta: 0.000473
	Validity: 0.72% --- Uniquene@1000: 0.97% --- Unique@10000: 0.82%

{'valid': 0.5535666666666667, 'unique@1000': 0.974, 'unique@10000': 0.8089, 'FCD/Test': 14.590926136353914, 'SNN/Test': 0.5494472333585907, 'Frag/Test': 0.9171472435515029, 'Scaf/Test': 0.20656423211474118, 'FCD/TestSF': 15.609572178297867, 'SNN/TestSF': 0.48660353911919346, 'Frag/TestSF': 0.9059630513953396, 'Scaf/TestSF': 0.034105336652470175, 'IntDiv': 0.82980100818622, 'IntDiv2': 0.8195212458550446, 'Filters': 0.9701932919853073, 'logP': 0.2518220673650036, 'SA': 0.07366077411239631, 'QED': 0.013384585742006584, 'weight': 21.299093989977564, 'Novelty': 0.9444666081544721}
Epoch: 46:
	Train Loss: 0.388 --- Reconstruction Loss: 0.378 --- KL Loss: 20.547 --- Beta: 0.000500
	Validity: 0.55% --- Uniquene@1000: 0.97% --- Unique@10000: 0.81%

{'valid': 0.6209, 'unique@1000': 0.986, 'unique@10000': 0.8571, 'FCD/Test': 14.25669249786614, 'SNN/Test': 0.5432008400510627, 'Frag/Test': 0.9101879747146233, 'Scaf/Test': 0.20289204908225922, 'FCD/TestSF': 15.193459996955497, 'SNN/TestSF': 0.48224440711163574, 'Frag/TestSF': 0.900689363319882, 'Scaf/TestSF': 0.0474194613774197, 'IntDiv': 0.8263637458245233, 'IntDiv2': 0.8163536479520552, 'Filters': 0.9757878348633704, 'logP': 0.3551496543416831, 'SA': 0.07022715326064015, 'QED': 0.044218836994739504, 'weight': 16.235713480309695, 'Novelty': 0.9559885542989508}
Epoch: 47:
	Train Loss: 0.384 --- Reconstruction Loss: 0.374 --- KL Loss: 20.171 --- Beta: 0.000500
	Validity: 0.62% --- Uniquene@1000: 0.99% --- Unique@10000: 0.86%

{'valid': 0.7223333333333333, 'unique@1000': 0.978, 'unique@10000': 0.8356, 'FCD/Test': 14.370410795220259, 'SNN/Test': 0.569464252742689, 'Frag/Test': 0.9072988895539942, 'Scaf/Test': 0.22474220838611103, 'FCD/TestSF': 15.21015127808932, 'SNN/TestSF': 0.5100327142700382, 'Frag/TestSF': 0.8970906691565781, 'Scaf/TestSF': 0.03735161367825546, 'IntDiv': 0.8229469471997114, 'IntDiv2': 0.8125561631250984, 'Filters': 0.9706968158744809, 'logP': 0.283800057748756, 'SA': 0.14941239894640565, 'QED': 0.01745857267677238, 'weight': 17.61007343467815, 'Novelty': 0.9243163158219643}
Epoch: 48:
	Train Loss: 0.380 --- Reconstruction Loss: 0.370 --- KL Loss: 20.085 --- Beta: 0.000500
	Validity: 0.72% --- Uniquene@1000: 0.98% --- Unique@10000: 0.84%

{'valid': 0.5509999999999999, 'unique@1000': 0.976, 'unique@10000': 0.851, 'FCD/Test': 14.03292540084886, 'SNN/Test': 0.5398967837275913, 'Frag/Test': 0.9311940465197729, 'Scaf/Test': 0.15097064596731335, 'FCD/TestSF': 14.917330322779577, 'SNN/TestSF': 0.48190235960811684, 'Frag/TestSF': 0.9218095956237076, 'Scaf/TestSF': 0.04113515002288737, 'IntDiv': 0.830571743059429, 'IntDiv2': 0.8207403251833915, 'Filters': 0.9605565638233515, 'logP': 0.27113611197825793, 'SA': 0.04350744661133683, 'QED': 0.021034404528701867, 'weight': 21.054367498910405, 'Novelty': 0.9442647611884167}
Epoch: 49:
	Train Loss: 0.378 --- Reconstruction Loss: 0.368 --- KL Loss: 20.100 --- Beta: 0.000500
	Validity: 0.55% --- Uniquene@1000: 0.98% --- Unique@10000: 0.85%

{'valid': 0.6496666666666666, 'unique@1000': 0.966, 'unique@10000': 0.8533, 'FCD/Test': 14.350560499762935, 'SNN/Test': 0.5621109528716495, 'Frag/Test': 0.9269226223471447, 'Scaf/Test': 0.19528527482512403, 'FCD/TestSF': 15.303891438550274, 'SNN/TestSF': 0.49745430967757615, 'Frag/TestSF': 0.9168389478052438, 'Scaf/TestSF': 0.037157338764402636, 'IntDiv': 0.8253358413258052, 'IntDiv2': 0.8151749202836274, 'Filters': 0.9693689071318625, 'logP': 0.27960022458910294, 'SA': 0.1177672819214526, 'QED': 0.016351004859800088, 'weight': 23.587078451991683, 'Novelty': 0.9346495557749259}
Epoch: 50:
	Train Loss: 0.374 --- Reconstruction Loss: 0.364 --- KL Loss: 19.973 --- Beta: 0.000500
	Validity: 0.65% --- Uniquene@1000: 0.97% --- Unique@10000: 0.85%

{'valid': 0.5674666666666667, 'unique@1000': 0.983, 'unique@10000': 0.8664, 'FCD/Test': 14.557665131919777, 'SNN/Test': 0.5433562606629124, 'Frag/Test': 0.9090375403434974, 'Scaf/Test': 0.2145652097048535, 'FCD/TestSF': 15.558489071883955, 'SNN/TestSF': 0.48574215582575425, 'Frag/TestSF': 0.8990961495748986, 'Scaf/TestSF': 0.035046392212041755, 'IntDiv': 0.8322284202174003, 'IntDiv2': 0.8222478490326447, 'Filters': 0.9615836466165414, 'logP': 0.1549316624613085, 'SA': 0.04570199801051598, 'QED': 0.026069871681417674, 'weight': 23.097196155435036, 'Novelty': 0.9477714368272773}
Epoch: 51:
	Train Loss: 0.371 --- Reconstruction Loss: 0.361 --- KL Loss: 19.821 --- Beta: 0.000500
	Validity: 0.57% --- Uniquene@1000: 0.98% --- Unique@10000: 0.87%

{'valid': 0.42323333333333335, 'unique@1000': 0.97, 'unique@10000': 0.8101, 'FCD/Test': 13.652833393381897, 'SNN/Test': 0.5474538878621553, 'Frag/Test': 0.9025654349627804, 'Scaf/Test': 0.16049694587678975, 'FCD/TestSF': 14.49911553455884, 'SNN/TestSF': 0.49384285521087584, 'Frag/TestSF': 0.8924372690556381, 'Scaf/TestSF': 0.020674761468682634, 'IntDiv': 0.8328197240154146, 'IntDiv2': 0.822491586263127, 'Filters': 0.9596755139009214, 'logP': 0.19270837747845573, 'SA': 0.05600142264429713, 'QED': 0.017572644993139642, 'weight': 22.28955897074266, 'Novelty': 0.9384846964375314}
Epoch: 52:
	Train Loss: 0.368 --- Reconstruction Loss: 0.358 --- KL Loss: 19.934 --- Beta: 0.000500
	Validity: 0.42% --- Uniquene@1000: 0.97% --- Unique@10000: 0.81%

{'valid': 0.5640333333333334, 'unique@1000': 0.974, 'unique@10000': 0.8518, 'FCD/Test': 13.693283917751259, 'SNN/Test': 0.551185943660503, 'Frag/Test': 0.9041329098694516, 'Scaf/Test': 0.1890407189716914, 'FCD/TestSF': 14.367741925544948, 'SNN/TestSF': 0.49619412352522246, 'Frag/TestSF': 0.8953151366363671, 'Scaf/TestSF': 0.03742992171614634, 'IntDiv': 0.8351464174524035, 'IntDiv2': 0.8250524502019748, 'Filters': 0.9657821641746942, 'logP': 0.14880553390976736, 'SA': 0.07633906249012311, 'QED': 0.01524519594251181, 'weight': 25.54048904550283, 'Novelty': 0.9359667975987549}
Epoch: 53:
	Train Loss: 0.365 --- Reconstruction Loss: 0.355 --- KL Loss: 19.854 --- Beta: 0.000500
	Validity: 0.56% --- Uniquene@1000: 0.97% --- Unique@10000: 0.85%

{'valid': 0.6139, 'unique@1000': 0.977, 'unique@10000': 0.8802, 'FCD/Test': 12.92206021048775, 'SNN/Test': 0.5450945167863007, 'Frag/Test': 0.9135299448885263, 'Scaf/Test': 0.22372743544834173, 'FCD/TestSF': 13.665939434588566, 'SNN/TestSF': 0.49410047379729477, 'Frag/TestSF': 0.9043103062146478, 'Scaf/TestSF': 0.054273147107596675, 'IntDiv': 0.8419068670263498, 'IntDiv2': 0.8321612988823222, 'Filters': 0.9623717217787914, 'logP': 0.17704322056632935, 'SA': 0.038072814289727294, 'QED': 0.017673314142936693, 'weight': 29.878836298380502, 'Novelty': 0.9408779330345373}
Epoch: 54:
	Train Loss: 0.361 --- Reconstruction Loss: 0.351 --- KL Loss: 19.821 --- Beta: 0.000500
	Validity: 0.61% --- Uniquene@1000: 0.98% --- Unique@10000: 0.88%

{'valid': 0.4310333333333334, 'unique@1000': 0.975, 'unique@10000': 0.8574, 'FCD/Test': 13.795187456568797, 'SNN/Test': 0.54573590880171, 'Frag/Test': 0.9215651840220007, 'Scaf/Test': 0.23728638928499368, 'FCD/TestSF': 14.492008516896632, 'SNN/TestSF': 0.4955662715687164, 'Frag/TestSF': 0.9141355722095601, 'Scaf/TestSF': 0.05793613833614464, 'IntDiv': 0.8387597169977155, 'IntDiv2': 0.8287275694442212, 'Filters': 0.9673652463073235, 'logP': 0.20881652712119167, 'SA': 0.05015174048260614, 'QED': 0.01448163829688326, 'weight': 21.937401599336724, 'Novelty': 0.9289632728963273}
Epoch: 55:
	Train Loss: 0.359 --- Reconstruction Loss: 0.349 --- KL Loss: 19.957 --- Beta: 0.000500
	Validity: 0.43% --- Uniquene@1000: 0.97% --- Unique@10000: 0.86%

{'valid': 0.6981333333333333, 'unique@1000': 0.973, 'unique@10000': 0.885, 'FCD/Test': 12.519977094684592, 'SNN/Test': 0.5502314401080446, 'Frag/Test': 0.92821268263007, 'Scaf/Test': 0.256050405649735, 'FCD/TestSF': 13.190790422399388, 'SNN/TestSF': 0.5006992969956502, 'Frag/TestSF': 0.9203199763184625, 'Scaf/TestSF': 0.06497070098714985, 'IntDiv': 0.8416239336922804, 'IntDiv2': 0.8318407422502233, 'Filters': 0.9723548510313216, 'logP': 0.14983164295612303, 'SA': 0.08065496122552636, 'QED': 0.021078348554146236, 'weight': 31.229008103781734, 'Novelty': 0.9334337523897804}
Epoch: 56:
	Train Loss: 0.356 --- Reconstruction Loss: 0.346 --- KL Loss: 19.889 --- Beta: 0.000500
	Validity: 0.70% --- Uniquene@1000: 0.97% --- Unique@10000: 0.89%

{'valid': 0.6489666666666667, 'unique@1000': 0.982, 'unique@10000': 0.8923, 'FCD/Test': 12.163599205502578, 'SNN/Test': 0.5430670339583347, 'Frag/Test': 0.9271588123425186, 'Scaf/Test': 0.21962156254028575, 'FCD/TestSF': 12.88900509721909, 'SNN/TestSF': 0.4909599024699694, 'Frag/TestSF': 0.9182163355835633, 'Scaf/TestSF': 0.047946344896901194, 'IntDiv': 0.8407179437127698, 'IntDiv2': 0.8313374391969169, 'Filters': 0.9642508603420823, 'logP': 0.13715793846659902, 'SA': 0.04957318295383543, 'QED': 0.017150879773873327, 'weight': 29.987553763830615, 'Novelty': 0.941397353031702}
Epoch: 57:
	Train Loss: 0.353 --- Reconstruction Loss: 0.343 --- KL Loss: 19.892 --- Beta: 0.000500
	Validity: 0.65% --- Uniquene@1000: 0.98% --- Unique@10000: 0.89%

{'valid': 0.6448, 'unique@1000': 0.98, 'unique@10000': 0.8861, 'FCD/Test': 12.36827665931726, 'SNN/Test': 0.5527327220202898, 'Frag/Test': 0.919686455697374, 'Scaf/Test': 0.2768339729893601, 'FCD/TestSF': 13.144591864724376, 'SNN/TestSF': 0.49531475112082496, 'Frag/TestSF': 0.910683284886286, 'Scaf/TestSF': 0.04225391887183427, 'IntDiv': 0.8364460982684112, 'IntDiv2': 0.8268627047824364, 'Filters': 0.9632444168734491, 'logP': 0.13225902038337542, 'SA': 0.07318457950497868, 'QED': 0.018223632362904776, 'weight': 23.459587119731758, 'Novelty': 0.9336156432930627}
Epoch: 58:
	Train Loss: 0.350 --- Reconstruction Loss: 0.340 --- KL Loss: 19.870 --- Beta: 0.000500
	Validity: 0.64% --- Uniquene@1000: 0.98% --- Unique@10000: 0.89%

{'valid': 0.6664, 'unique@1000': 0.991, 'unique@10000': 0.9019, 'FCD/Test': 12.833208059928765, 'SNN/Test': 0.5552015484650942, 'Frag/Test': 0.9244746326978163, 'Scaf/Test': 0.2974749313315268, 'FCD/TestSF': 13.65954673937319, 'SNN/TestSF': 0.498391849192686, 'Frag/TestSF': 0.9159491117011429, 'Scaf/TestSF': 0.07060741316362096, 'IntDiv': 0.8349280945495285, 'IntDiv2': 0.8256534533459559, 'Filters': 0.974389755902361, 'logP': 0.16025359912353238, 'SA': 0.09468688054747366, 'QED': 0.016006099014031643, 'weight': 23.388398337745347, 'Novelty': 0.9255899442665718}
Epoch: 59:
	Train Loss: 0.347 --- Reconstruction Loss: 0.337 --- KL Loss: 19.781 --- Beta: 0.000500
	Validity: 0.67% --- Uniquene@1000: 0.99% --- Unique@10000: 0.90%

{'valid': 0.6287333333333334, 'unique@1000': 0.982, 'unique@10000': 0.9005, 'FCD/Test': 11.86680980852148, 'SNN/Test': 0.5497976237720971, 'Frag/Test': 0.9236935430858786, 'Scaf/Test': 0.28858106281924145, 'FCD/TestSF': 12.660684289358514, 'SNN/TestSF': 0.49991221334569946, 'Frag/TestSF': 0.9164349721559713, 'Scaf/TestSF': 0.062396113976941, 'IntDiv': 0.8450268460424235, 'IntDiv2': 0.8350625774767282, 'Filters': 0.9722722935001591, 'logP': 0.13467713444973567, 'SA': 0.06743044084227241, 'QED': 0.010680529033238918, 'weight': 25.119393387191717, 'Novelty': 0.9234419882602722}
Epoch: 60:
	Train Loss: 0.344 --- Reconstruction Loss: 0.334 --- KL Loss: 19.835 --- Beta: 0.000500
	Validity: 0.63% --- Uniquene@1000: 0.98% --- Unique@10000: 0.90%

