2024-02-15 06:10:16.742636: E external/local_xla/xla/stream_executor/cuda/cuda_dnn.cc:9261] Unable to register cuDNN factory: Attempting to register factory for plugin cuDNN when one has already been registered
2024-02-15 06:10:16.742702: E external/local_xla/xla/stream_executor/cuda/cuda_fft.cc:607] Unable to register cuFFT factory: Attempting to register factory for plugin cuFFT when one has already been registered
2024-02-15 06:10:16.743470: E external/local_xla/xla/stream_executor/cuda/cuda_blas.cc:1515] Unable to register cuBLAS factory: Attempting to register factory for plugin cuBLAS when one has already been registered
2024-02-15 06:10:16.747591: I tensorflow/core/platform/cpu_feature_guard.cc:182] This TensorFlow binary is optimized to use available CPU instructions in performance-critical operations.
To enable the following instructions: AVX2 FMA, in other operations, rebuild TensorFlow with the appropriate compiler flags.
2024-02-15 06:10:18.120007: W tensorflow/compiler/tf2tensorrt/utils/py_utils.cc:38] TF-TRT Warning: Could not find TensorRT

Arguments:
	data_path: data/moses_train.txt
	max_len: 30
	batch: 128
	d_model: 512
	d_latent: 256
	d_ff: 1024
	e_heads: 1
	d_heads: 8
	n_layers: 8
	dropout: 0.5
	lr: 0.0005
	n_epochs: 80
	kl_type: cyclic
	kl_w_start: 0.0001
	kl_w_end: 0.001
	kl_cycle: 6
	kl_ratio: 1.0
	save_name: klcompare

Number of data: 88192

SMILES Vocab:
	 {'<START>': 0, '<END>': 1, '<PAD>': 2, 'C': 3, 'O': 4, 'c': 5, '1': 6, '(': 7, '=': 8, ')': 9, 'N': 10, 'n': 11, '2': 12, 'F': 13, 'Cl': 14, 'Br': 15, '#': 16, '3': 17, 'S': 18, 'o': 19, '-': 20, 's': 21, '[nH]': 22, '4': 23}

Graph Vocab:
	 {'C': 0, 'O': 1, 'N': 2, 'F': 3, 'Cl': 4, 'Br': 5, 'S': 6}


KL Annealer: [0.0001    0.0001675 0.000235  0.0003025 0.00037   0.0004375 0.000505
 0.0005725 0.00064   0.0007075 0.000775  0.0008425 0.00091   0.0001
 0.0001675 0.000235  0.0003025 0.00037   0.0004375 0.000505  0.0005725
 0.00064   0.0007075 0.000775  0.0008425 0.00091   0.0001    0.0001675
 0.000235  0.0003025 0.00037   0.0004375 0.000505  0.0005725 0.00064
 0.0007075 0.000775  0.0008425 0.00091   0.0009775 0.0001    0.0001675
 0.000235  0.0003025 0.00037   0.0004375 0.000505  0.0005725 0.00064
 0.0007075 0.000775  0.0008425 0.00091   0.0001    0.0001675 0.000235
 0.0003025 0.00037   0.0004375 0.000505  0.0005725 0.00064   0.0007075
 0.000775  0.0008425 0.00091   0.0001    0.0001675 0.000235  0.0003025
 0.00037   0.0004375 0.000505  0.0005725 0.00064   0.0007075 0.000775
 0.0008425 0.00091   0.0009775]




#########################################################################
######################### START TRAINING ################################
#########################################################################




{'valid': 0.6896, 'unique@1000': 0.422, 'unique@10000': 0.1628, 'FCD/Test': 29.866785630977446, 'SNN/Test': 0.6383597841479132, 'Frag/Test': 0.8360691605087269, 'Scaf/Test': 0.19906355048950186, 'FCD/TestSF': 31.128371990701268, 'SNN/TestSF': 0.5432637417134349, 'Frag/TestSF': 0.8240453405191728, 'Scaf/TestSF': 0.0014490083781283358, 'IntDiv': 0.7272761964258682, 'IntDiv2': 0.6960430778359119, 'Filters': 0.9964713843774169, 'logP': 0.2573755105997428, 'SA': 0.46828683019914535, 'QED': 0.10190412326312394, 'weight': 8.65256985584993, 'Novelty': 0.9048832271762208}
Epoch: 31:
	Train Loss: 0.510 --- Reconstruction Loss: 0.481 --- KL Loss: 78.785 --- Beta: 0.000370
	Validity: 0.69% --- Uniquene@1000: 0.42% --- Unique@10000: 0.16%

{'valid': 0.7855, 'unique@1000': 0.403, 'unique@10000': 0.1672, 'FCD/Test': 30.532653140889963, 'SNN/Test': 0.6455166601310129, 'Frag/Test': 0.8391528215326061, 'Scaf/Test': 0.08089300016349488, 'FCD/TestSF': 31.79179582858646, 'SNN/TestSF': 0.5542851194084867, 'Frag/TestSF': 0.8294185009685161, 'Scaf/TestSF': 0.01451829708350083, 'IntDiv': 0.684337451375896, 'IntDiv2': 0.6503927040786535, 'Filters': 0.9938468067048589, 'logP': 0.21335834992651018, 'SA': 0.4898928656187957, 'QED': 0.08996427152063667, 'weight': 13.124820915329394, 'Novelty': 0.8986852281515855}
Epoch: 32:
	Train Loss: 0.497 --- Reconstruction Loss: 0.474 --- KL Loss: 54.391 --- Beta: 0.000438
	Validity: 0.79% --- Uniquene@1000: 0.40% --- Unique@10000: 0.17%

{'valid': 0.7564, 'unique@1000': 0.383, 'unique@10000': 0.1602, 'FCD/Test': 34.49894982524816, 'SNN/Test': 0.6263873525319771, 'Frag/Test': 0.7879967367645179, 'Scaf/Test': 0.18079735240825712, 'FCD/TestSF': 35.8830572792853, 'SNN/TestSF': 0.5469071438272395, 'Frag/TestSF': 0.7766536029680886, 'Scaf/TestSF': 0.019454860394926388, 'IntDiv': 0.612381042093479, 'IntDiv2': 0.5880323254091886, 'Filters': 0.9960779129208531, 'logP': 0.265552153014499, 'SA': 0.4890878592720337, 'QED': 0.13680610274038565, 'weight': 12.560475735547861, 'Novelty': 0.9355484387510008}
Epoch: 33:
	Train Loss: 0.491 --- Reconstruction Loss: 0.467 --- KL Loss: 46.050 --- Beta: 0.000505
	Validity: 0.76% --- Uniquene@1000: 0.38% --- Unique@10000: 0.16%

{'valid': 0.5486666666666666, 'unique@1000': 0.512, 'unique@10000': 0.2394, 'FCD/Test': 24.95504266801551, 'SNN/Test': 0.642226535521837, 'Frag/Test': 0.8651463526091748, 'Scaf/Test': 0.16093312922564162, 'FCD/TestSF': 26.280017928726117, 'SNN/TestSF': 0.5369639627572108, 'Frag/TestSF': 0.8525639122208729, 'Scaf/TestSF': 0.021466336359653893, 'IntDiv': 0.7440025449149266, 'IntDiv2': 0.7188694458337304, 'Filters': 0.9961725394896719, 'logP': 0.29928803094453105, 'SA': 0.4326931394910782, 'QED': 0.0765117753664189, 'weight': 8.967484117814944, 'Novelty': 0.9111596009975063}
Epoch: 34:
	Train Loss: 0.482 --- Reconstruction Loss: 0.460 --- KL Loss: 37.982 --- Beta: 0.000572
	Validity: 0.55% --- Uniquene@1000: 0.51% --- Unique@10000: 0.24%

{'valid': 0.7063999999999999, 'unique@1000': 0.628, 'unique@10000': 0.2992, 'FCD/Test': 23.293170221591964, 'SNN/Test': 0.6246334115762605, 'Frag/Test': 0.863794662907145, 'Scaf/Test': 0.26495613938261076, 'FCD/TestSF': 24.501514434070977, 'SNN/TestSF': 0.5504806018696389, 'Frag/TestSF': 0.8528942755135912, 'Scaf/TestSF': 0.01720376069203644, 'IntDiv': 0.7694283060254185, 'IntDiv2': 0.7456813999816692, 'Filters': 0.9928274820687052, 'logP': 0.2871986784846155, 'SA': 0.4055836252745685, 'QED': 0.07153468846356814, 'weight': 10.13101175745187, 'Novelty': 0.8915819086777754}
Epoch: 35:
	Train Loss: 0.474 --- Reconstruction Loss: 0.453 --- KL Loss: 33.033 --- Beta: 0.000640
	Validity: 0.71% --- Uniquene@1000: 0.63% --- Unique@10000: 0.30%

{'valid': 0.7784666666666666, 'unique@1000': 0.671, 'unique@10000': 0.3323, 'FCD/Test': 22.059054944090093, 'SNN/Test': 0.6354454337767035, 'Frag/Test': 0.8556768099336811, 'Scaf/Test': 0.22817478196576035, 'FCD/TestSF': 23.361562000045005, 'SNN/TestSF': 0.5494914320059464, 'Frag/TestSF': 0.8441706829695241, 'Scaf/TestSF': 0.025646972888973663, 'IntDiv': 0.7800611869972046, 'IntDiv2': 0.757864289299249, 'Filters': 0.9893380149010876, 'logP': 0.49897410781046847, 'SA': 0.3697163306876201, 'QED': 0.05524435545826543, 'weight': 10.92970075199335, 'Novelty': 0.9003538834047309}
Epoch: 36:
	Train Loss: 0.466 --- Reconstruction Loss: 0.446 --- KL Loss: 29.137 --- Beta: 0.000707
	Validity: 0.78% --- Uniquene@1000: 0.67% --- Unique@10000: 0.33%

{'valid': 0.6741666666666667, 'unique@1000': 0.776, 'unique@10000': 0.4079, 'FCD/Test': 21.453260505608206, 'SNN/Test': 0.6188794368453904, 'Frag/Test': 0.8941685105570457, 'Scaf/Test': 0.32070347070736793, 'FCD/TestSF': 22.646897024411267, 'SNN/TestSF': 0.5492965666678986, 'Frag/TestSF': 0.8842270904169468, 'Scaf/TestSF': 0.04800212360932543, 'IntDiv': 0.7822429405610296, 'IntDiv2': 0.7648065010465727, 'Filters': 0.9966378244746601, 'logP': 0.49802630265661324, 'SA': 0.38034056372791575, 'QED': 0.03798290638394656, 'weight': 7.333184126474091, 'Novelty': 0.9225}
Epoch: 37:
	Train Loss: 0.459 --- Reconstruction Loss: 0.439 --- KL Loss: 25.897 --- Beta: 0.000775
	Validity: 0.67% --- Uniquene@1000: 0.78% --- Unique@10000: 0.41%

{'valid': 0.7325333333333333, 'unique@1000': 0.676, 'unique@10000': 0.3518, 'FCD/Test': 22.96093595590986, 'SNN/Test': 0.6441225093909078, 'Frag/Test': 0.9046895459305383, 'Scaf/Test': 0.3298787144825578, 'FCD/TestSF': 24.03681853436059, 'SNN/TestSF': 0.5727308045511283, 'Frag/TestSF': 0.8985147861814142, 'Scaf/TestSF': 0.027508291856972455, 'IntDiv': 0.7684116246488738, 'IntDiv2': 0.7491311468988643, 'Filters': 0.9961321441572625, 'logP': 0.5339045528940393, 'SA': 0.4347857575986447, 'QED': 0.0328155234212504, 'weight': 7.241329460307891, 'Novelty': 0.8993568572918478}
Epoch: 38:
	Train Loss: 0.452 --- Reconstruction Loss: 0.432 --- KL Loss: 23.737 --- Beta: 0.000842
	Validity: 0.73% --- Uniquene@1000: 0.68% --- Unique@10000: 0.35%

{'valid': 0.6543333333333333, 'unique@1000': 0.806, 'unique@10000': 0.4788, 'FCD/Test': 16.877209371075963, 'SNN/Test': 0.6218916904695533, 'Frag/Test': 0.9042466235756244, 'Scaf/Test': 0.4244118262935481, 'FCD/TestSF': 17.695083199341134, 'SNN/TestSF': 0.5534995927867753, 'Frag/TestSF': 0.8938832262391028, 'Scaf/TestSF': 0.024187647324610317, 'IntDiv': 0.8024181423153661, 'IntDiv2': 0.7861569261135718, 'Filters': 0.987366276107998, 'logP': 0.5336131165402018, 'SA': 0.3406628469030677, 'QED': 0.03522780112551655, 'weight': 10.733864618568466, 'Novelty': 0.8914687541462121}
Epoch: 39:
	Train Loss: 0.445 --- Reconstruction Loss: 0.425 --- KL Loss: 22.061 --- Beta: 0.000910
	Validity: 0.65% --- Uniquene@1000: 0.81% --- Unique@10000: 0.48%

{'valid': 0.7229, 'unique@1000': 0.767, 'unique@10000': 0.4646, 'FCD/Test': 21.39334578393879, 'SNN/Test': 0.6113077103899256, 'Frag/Test': 0.8385551454722613, 'Scaf/Test': 0.215119316014047, 'FCD/TestSF': 22.670353245918278, 'SNN/TestSF': 0.531736813948385, 'Frag/TestSF': 0.8254693375510898, 'Scaf/TestSF': 0.02343824653622295, 'IntDiv': 0.7752283490628141, 'IntDiv2': 0.758955953832905, 'Filters': 0.9895328998939457, 'logP': 0.2191120836397187, 'SA': 0.2598968351414142, 'QED': 0.0736807141866856, 'weight': 8.561188196945189, 'Novelty': 0.9159943654757331}
Epoch: 40:
	Train Loss: 0.439 --- Reconstruction Loss: 0.419 --- KL Loss: 20.334 --- Beta: 0.000977
	Validity: 0.72% --- Uniquene@1000: 0.77% --- Unique@10000: 0.46%

{'valid': 0.7524666666666666, 'unique@1000': 0.743, 'unique@10000': 0.3738, 'FCD/Test': 22.502552574434247, 'SNN/Test': 0.6124774921552446, 'Frag/Test': 0.8606821072687084, 'Scaf/Test': 0.21709900723488895, 'FCD/TestSF': 23.860536289409957, 'SNN/TestSF': 0.5290739939066943, 'Frag/TestSF': 0.8475657077126302, 'Scaf/TestSF': 0.03343262429220395, 'IntDiv': 0.778082869674475, 'IntDiv2': 0.7614289233895202, 'Filters': 0.9910073535926287, 'logP': 0.46734235600521185, 'SA': 0.27586594077227705, 'QED': 0.055997027181988075, 'weight': 10.989631385141982, 'Novelty': 0.8958368165858552}
Epoch: 41:
	Train Loss: 0.412 --- Reconstruction Loss: 0.407 --- KL Loss: 45.393 --- Beta: 0.000100
	Validity: 0.75% --- Uniquene@1000: 0.74% --- Unique@10000: 0.37%

{'valid': 0.7369333333333333, 'unique@1000': 0.714, 'unique@10000': 0.3788, 'FCD/Test': 19.849579078383314, 'SNN/Test': 0.612108786476657, 'Frag/Test': 0.9227754498061187, 'Scaf/Test': 0.26593955395644675, 'FCD/TestSF': 20.805447345197294, 'SNN/TestSF': 0.5320469293132039, 'Frag/TestSF': 0.9138220458162829, 'Scaf/TestSF': 0.05066766325465211, 'IntDiv': 0.7883476685094526, 'IntDiv2': 0.7730018241580572, 'Filters': 0.9924009408358965, 'logP': 0.5021250711766713, 'SA': 0.2579782741904007, 'QED': 0.026974535697209916, 'weight': 15.15943700186648, 'Novelty': 0.9040566645202833}
Epoch: 42:
	Train Loss: 0.407 --- Reconstruction Loss: 0.399 --- KL Loss: 45.031 --- Beta: 0.000168
	Validity: 0.74% --- Uniquene@1000: 0.71% --- Unique@10000: 0.38%

{'valid': 0.7379666666666667, 'unique@1000': 0.771, 'unique@10000': 0.4292, 'FCD/Test': 22.399862955212384, 'SNN/Test': 0.6166464356244744, 'Frag/Test': 0.8804903457837858, 'Scaf/Test': 0.20288894301063098, 'FCD/TestSF': 23.503391520373, 'SNN/TestSF': 0.518119919042427, 'Frag/TestSF': 0.8680593993145634, 'Scaf/TestSF': 0.04885971562189573, 'IntDiv': 0.7801551662580944, 'IntDiv2': 0.7619945677534686, 'Filters': 0.9929084421157234, 'logP': 0.536334476143921, 'SA': 0.2838081742327897, 'QED': 0.018116036165019434, 'weight': 15.305761502517957, 'Novelty': 0.9013175953884162}
Epoch: 43:
	Train Loss: 0.402 --- Reconstruction Loss: 0.392 --- KL Loss: 41.223 --- Beta: 0.000235
	Validity: 0.74% --- Uniquene@1000: 0.77% --- Unique@10000: 0.43%

{'valid': 0.7065, 'unique@1000': 0.825, 'unique@10000': 0.494, 'FCD/Test': 18.710158442715006, 'SNN/Test': 0.6098172302852405, 'Frag/Test': 0.9060980447964747, 'Scaf/Test': 0.2579707679472443, 'FCD/TestSF': 19.796346064815545, 'SNN/TestSF': 0.5379526616134124, 'Frag/TestSF': 0.8948184017914758, 'Scaf/TestSF': 0.06754422573491436, 'IntDiv': 0.7920971848371856, 'IntDiv2': 0.778068863138876, 'Filters': 0.992828497287096, 'logP': 0.4928705434699214, 'SA': 0.31310200886560086, 'QED': 0.024540842676552484, 'weight': 15.395771474715296, 'Novelty': 0.8986387943607195}
Epoch: 44:
	Train Loss: 0.398 --- Reconstruction Loss: 0.387 --- KL Loss: 37.064 --- Beta: 0.000303
	Validity: 0.71% --- Uniquene@1000: 0.82% --- Unique@10000: 0.49%

{'valid': 0.6888333333333334, 'unique@1000': 0.82, 'unique@10000': 0.5058, 'FCD/Test': 17.086383971566796, 'SNN/Test': 0.6123396125041397, 'Frag/Test': 0.9249573353809409, 'Scaf/Test': 0.20762570667475244, 'FCD/TestSF': 17.98071490936158, 'SNN/TestSF': 0.5327259579078066, 'Frag/TestSF': 0.9141740181358357, 'Scaf/TestSF': 0.03668691130846846, 'IntDiv': 0.7953098761492288, 'IntDiv2': 0.7822134115522141, 'Filters': 0.993902734091459, 'logP': 0.357066871552791, 'SA': 0.2635758292903694, 'QED': 0.02323879640148327, 'weight': 14.24572838024979, 'Novelty': 0.8995112647514603}
Epoch: 45:
	Train Loss: 0.394 --- Reconstruction Loss: 0.381 --- KL Loss: 33.314 --- Beta: 0.000370
	Validity: 0.69% --- Uniquene@1000: 0.82% --- Unique@10000: 0.51%

{'valid': 0.7190333333333334, 'unique@1000': 0.87, 'unique@10000': 0.5942, 'FCD/Test': 17.675118826088045, 'SNN/Test': 0.6071729270293966, 'Frag/Test': 0.914918232498015, 'Scaf/Test': 0.26024315290127276, 'FCD/TestSF': 18.788237701322053, 'SNN/TestSF': 0.5274286421743699, 'Frag/TestSF': 0.9052117317321342, 'Scaf/TestSF': 0.03709113494460581, 'IntDiv': 0.7957009455686236, 'IntDiv2': 0.7837733854140964, 'Filters': 0.9930925779982384, 'logP': 0.47984883318269483, 'SA': 0.24225097482718247, 'QED': 0.017881278918083582, 'weight': 12.865136478603308, 'Novelty': 0.9069587129288622}
Epoch: 46:
	Train Loss: 0.389 --- Reconstruction Loss: 0.376 --- KL Loss: 29.858 --- Beta: 0.000438
	Validity: 0.72% --- Uniquene@1000: 0.87% --- Unique@10000: 0.59%

{'valid': 0.7145333333333334, 'unique@1000': 0.878, 'unique@10000': 0.6154, 'FCD/Test': 16.893387095964187, 'SNN/Test': 0.609879665723914, 'Frag/Test': 0.9455597929632451, 'Scaf/Test': 0.28788531716938204, 'FCD/TestSF': 17.838038063728845, 'SNN/TestSF': 0.5360459671200245, 'Frag/TestSF': 0.937939620440575, 'Scaf/TestSF': 0.04867404095104466, 'IntDiv': 0.8029308073020621, 'IntDiv2': 0.7908925659766417, 'Filters': 0.987264415002799, 'logP': 0.5431536094450575, 'SA': 0.26103705721469644, 'QED': 0.026231685405790673, 'weight': 14.125284464984961, 'Novelty': 0.893000279615994}
Epoch: 47:
	Train Loss: 0.386 --- Reconstruction Loss: 0.372 --- KL Loss: 26.734 --- Beta: 0.000505
	Validity: 0.71% --- Uniquene@1000: 0.88% --- Unique@10000: 0.62%

{'valid': 0.7259, 'unique@1000': 0.904, 'unique@10000': 0.6946, 'FCD/Test': 16.781040289465253, 'SNN/Test': 0.5967898256151277, 'Frag/Test': 0.9131868822860553, 'Scaf/Test': 0.26020367449084136, 'FCD/TestSF': 17.82814657757919, 'SNN/TestSF': 0.5193117525557346, 'Frag/TestSF': 0.9025401173136497, 'Scaf/TestSF': 0.05426812413333992, 'IntDiv': 0.8101350677071728, 'IntDiv2': 0.7983254111825224, 'Filters': 0.9879230380676861, 'logP': 0.5149446596252966, 'SA': 0.22148795905202734, 'QED': 0.026935979700210094, 'weight': 13.503170425798807, 'Novelty': 0.9022888713496449}
Epoch: 48:
	Train Loss: 0.381 --- Reconstruction Loss: 0.368 --- KL Loss: 24.112 --- Beta: 0.000572
	Validity: 0.73% --- Uniquene@1000: 0.90% --- Unique@10000: 0.69%

{'valid': 0.7654, 'unique@1000': 0.933, 'unique@10000': 0.7029, 'FCD/Test': 15.63609671110661, 'SNN/Test': 0.6052553052446555, 'Frag/Test': 0.9212641771975627, 'Scaf/Test': 0.32495536573169237, 'FCD/TestSF': 16.550345750809065, 'SNN/TestSF': 0.5353861300190529, 'Frag/TestSF': 0.9131679440379368, 'Scaf/TestSF': 0.0344221032837162, 'IntDiv': 0.8133404744398682, 'IntDiv2': 0.8014402414807673, 'Filters': 0.9876317393955231, 'logP': 0.46597845776476776, 'SA': 0.2761347569198625, 'QED': 0.015403204538360311, 'weight': 18.555466816429227, 'Novelty': 0.8882038944440268}
Epoch: 49:
	Train Loss: 0.378 --- Reconstruction Loss: 0.363 --- KL Loss: 22.055 --- Beta: 0.000640
	Validity: 0.77% --- Uniquene@1000: 0.93% --- Unique@10000: 0.70%

{'valid': 0.7873, 'unique@1000': 0.953, 'unique@10000': 0.7417, 'FCD/Test': 14.578922324242662, 'SNN/Test': 0.5976187344267475, 'Frag/Test': 0.9363118172731336, 'Scaf/Test': 0.2891816987382305, 'FCD/TestSF': 15.250669522270655, 'SNN/TestSF': 0.53160434670223, 'Frag/TestSF': 0.9297231783973289, 'Scaf/TestSF': 0.03158107767084706, 'IntDiv': 0.8188702110975562, 'IntDiv2': 0.8074973793316359, 'Filters': 0.9845886786062069, 'logP': 0.4968719895123506, 'SA': 0.22022647861052846, 'QED': 0.023144184757960127, 'weight': 16.390707273103008, 'Novelty': 0.8895896867202662}
Epoch: 50:
	Train Loss: 0.374 --- Reconstruction Loss: 0.360 --- KL Loss: 20.255 --- Beta: 0.000707
	Validity: 0.79% --- Uniquene@1000: 0.95% --- Unique@10000: 0.74%

{'valid': 0.8016333333333333, 'unique@1000': 0.975, 'unique@10000': 0.7884, 'FCD/Test': 14.223538424705488, 'SNN/Test': 0.5859619578188375, 'Frag/Test': 0.916970727104579, 'Scaf/Test': 0.3176503245234372, 'FCD/TestSF': 15.037101656270814, 'SNN/TestSF': 0.519648902124712, 'Frag/TestSF': 0.9081761678121342, 'Scaf/TestSF': 0.039418515631908235, 'IntDiv': 0.8200442037818245, 'IntDiv2': 0.8087589765822899, 'Filters': 0.9810802943989355, 'logP': 0.5537154267045944, 'SA': 0.19224751961693554, 'QED': 0.023636278742745053, 'weight': 11.059567255984604, 'Novelty': 0.9163706611827755}
Epoch: 51:
	Train Loss: 0.371 --- Reconstruction Loss: 0.357 --- KL Loss: 18.956 --- Beta: 0.000775
	Validity: 0.80% --- Uniquene@1000: 0.97% --- Unique@10000: 0.79%

{'valid': 0.8523000000000001, 'unique@1000': 0.966, 'unique@10000': 0.8109, 'FCD/Test': 13.909935059739752, 'SNN/Test': 0.5917118953048397, 'Frag/Test': 0.9064360537681581, 'Scaf/Test': 0.3394909771765493, 'FCD/TestSF': 14.757991141105165, 'SNN/TestSF': 0.5269842584395213, 'Frag/TestSF': 0.8979723379969903, 'Scaf/TestSF': 0.055678516857535776, 'IntDiv': 0.8247728848936622, 'IntDiv2': 0.8140286231396325, 'Filters': 0.9858422308263913, 'logP': 0.32779030357409367, 'SA': 0.21819967313554697, 'QED': 0.022836826637158414, 'weight': 16.26648217451371, 'Novelty': 0.8901424501424502}
Epoch: 52:
	Train Loss: 0.367 --- Reconstruction Loss: 0.352 --- KL Loss: 17.766 --- Beta: 0.000842
	Validity: 0.85% --- Uniquene@1000: 0.97% --- Unique@10000: 0.81%

slurmstepd: error: *** JOB 8257226 ON hpctpa3pc0010 CANCELLED AT 2024-02-15T10:04:48 ***
