2024-02-15 06:06:49.408390: E external/local_xla/xla/stream_executor/cuda/cuda_dnn.cc:9261] Unable to register cuDNN factory: Attempting to register factory for plugin cuDNN when one has already been registered
2024-02-15 06:06:49.408447: E external/local_xla/xla/stream_executor/cuda/cuda_fft.cc:607] Unable to register cuFFT factory: Attempting to register factory for plugin cuFFT when one has already been registered
2024-02-15 06:06:49.457720: E external/local_xla/xla/stream_executor/cuda/cuda_blas.cc:1515] Unable to register cuBLAS factory: Attempting to register factory for plugin cuBLAS when one has already been registered
2024-02-15 06:06:49.555285: I tensorflow/core/platform/cpu_feature_guard.cc:182] This TensorFlow binary is optimized to use available CPU instructions in performance-critical operations.
To enable the following instructions: AVX2 FMA, in other operations, rebuild TensorFlow with the appropriate compiler flags.
2024-02-15 06:06:51.818918: W tensorflow/compiler/tf2tensorrt/utils/py_utils.cc:38] TF-TRT Warning: Could not find TensorRT

Arguments:
	data_path: data/moses_train.txt
	max_len: 30
	batch: 128
	d_model: 512
	d_latent: 256
	d_ff: 1024
	e_heads: 1
	d_heads: 8
	n_layers: 6
	dropout: 0.5
	lr: 0.0005
	n_epochs: 80
	kl_type: monotonic
	kl_w_start: 0.0001
	kl_w_end: 0.005
	kl_cycle: 4
	kl_ratio: 0.9
	save_name: klcompare

Number of data: 88192

SMILES Vocab:
	 {'<START>': 0, '<END>': 1, '<PAD>': 2, 'C': 3, 'O': 4, 'c': 5, '1': 6, '(': 7, '=': 8, ')': 9, 'N': 10, 'n': 11, '2': 12, 'F': 13, 'Cl': 14, 'Br': 15, '#': 16, '3': 17, 'S': 18, 'o': 19, '-': 20, 's': 21, '[nH]': 22, '4': 23}

Graph Vocab:
	 {'C': 0, 'O': 1, 'N': 2, 'F': 3, 'Cl': 4, 'Br': 5, 'S': 6}


KL Annealer: [0.0001, 0.00016125, 0.0002225, 0.00028375, 0.000345, 0.00040625, 0.0004675, 0.00052875, 0.00059, 0.00065125, 0.0007125, 0.00077375, 0.000835, 0.00089625, 0.0009575, 0.00101875, 0.00108, 0.0011412500000000001, 0.0012025, 0.00126375, 0.001325, 0.0013862500000000001, 0.0014475, 0.0015087499999999999, 0.00157, 0.00163125, 0.0016925, 0.0017537499999999999, 0.001815, 0.00187625, 0.0019375, 0.0019987499999999997, 0.0020599999999999998, 0.00212125, 0.0021825, 0.0022437499999999997, 0.0023049999999999998, 0.00236625, 0.0024274999999999995, 0.0024887499999999996, 0.0025499999999999997, 0.00261125, 0.0026725, 0.0027337499999999996, 0.0027949999999999997, 0.00285625, 0.0029174999999999995, 0.0029787499999999996, 0.0030399999999999997, 0.00310125, 0.0031625, 0.0032237499999999996, 0.0032849999999999997, 0.00334625, 0.0034074999999999995, 0.0034687499999999996, 0.0035299999999999997, 0.00359125, 0.0036525, 0.0037137499999999996, 0.0037749999999999997, 0.00383625, 0.0038974999999999995, 0.00395875, 0.00402, 0.00408125, 0.0041425, 0.00420375, 0.0042650000000000006, 0.00432625, 0.0043875, 0.0044487500000000004, 0.00451, 0.00457125, 0.0046325, 0.00469375, 0.004755, 0.00481625, 0.0048775, 0.00493875]




#########################################################################
######################### START TRAINING ################################
#########################################################################




{'valid': 0.5117333333333334, 'unique@1000': 0.835, 'unique@10000': 0.5492, 'FCD/Test': 21.78380986408419, 'SNN/Test': 0.6154079028696925, 'Frag/Test': 0.8599925914292526, 'Scaf/Test': 0.37176264589517527, 'FCD/TestSF': 23.156672587200248, 'SNN/TestSF': 0.5434598450962922, 'Frag/TestSF': 0.8487384269449736, 'Scaf/TestSF': 0.06130320423273494, 'IntDiv': 0.7782362386266723, 'IntDiv2': 0.7641844572132218, 'Filters': 0.9684731631057842, 'logP': 0.19996330839959375, 'SA': 0.353318292837936, 'QED': 0.044871032338740326, 'weight': 14.420835997271245, 'Novelty': 0.9307365062483383}
Epoch: 31:
	Train Loss: 0.474 --- Reconstruction Loss: 0.454 --- KL Loss: 10.311 --- Beta: 0.001937
	Validity: 0.51% --- Uniquene@1000: 0.83% --- Unique@10000: 0.55%

{'valid': 0.5142, 'unique@1000': 0.875, 'unique@10000': 0.6083, 'FCD/Test': 20.269748428058044, 'SNN/Test': 0.6049362265793603, 'Frag/Test': 0.8561179979943395, 'Scaf/Test': 0.2938121633555668, 'FCD/TestSF': 21.49383724183639, 'SNN/TestSF': 0.5323815520828171, 'Frag/TestSF': 0.8459740004559291, 'Scaf/TestSF': 0.04023771131040388, 'IntDiv': 0.7862680035488732, 'IntDiv2': 0.7724149580982375, 'Filters': 0.9841177233242577, 'logP': 0.192237747962956, 'SA': 0.26824037909690335, 'QED': 0.04998123833041789, 'weight': 13.669609112143135, 'Novelty': 0.9395525940028557}
Epoch: 32:
	Train Loss: 0.467 --- Reconstruction Loss: 0.448 --- KL Loss: 9.459 --- Beta: 0.001999
	Validity: 0.51% --- Uniquene@1000: 0.88% --- Unique@10000: 0.61%

{'valid': 0.5116, 'unique@1000': 0.871, 'unique@10000': 0.6243, 'FCD/Test': 20.015436173169533, 'SNN/Test': 0.5980475865652047, 'Frag/Test': 0.8426021480938474, 'Scaf/Test': 0.32176379493996454, 'FCD/TestSF': 21.282722623580845, 'SNN/TestSF': 0.5259676363590036, 'Frag/TestSF': 0.8318827172454561, 'Scaf/TestSF': 0.05902203883260926, 'IntDiv': 0.7905380340433283, 'IntDiv2': 0.7776571461533954, 'Filters': 0.9841673182173573, 'logP': 0.15344111721798132, 'SA': 0.2731531167109104, 'QED': 0.06918615800676138, 'weight': 10.506965192990126, 'Novelty': 0.9431765790686952}
Epoch: 33:
	Train Loss: 0.464 --- Reconstruction Loss: 0.445 --- KL Loss: 9.109 --- Beta: 0.002060
	Validity: 0.51% --- Uniquene@1000: 0.87% --- Unique@10000: 0.62%

{'valid': 0.42610000000000003, 'unique@1000': 0.923, 'unique@10000': 0.6808, 'FCD/Test': 18.05576719483561, 'SNN/Test': 0.5840164921850812, 'Frag/Test': 0.8560357490135049, 'Scaf/Test': 0.29295504285868335, 'FCD/TestSF': 19.282985398128844, 'SNN/TestSF': 0.5101388763707168, 'Frag/TestSF': 0.843733394083623, 'Scaf/TestSF': 0.01652186703621472, 'IntDiv': 0.8000618292463212, 'IntDiv2': 0.7871238181495267, 'Filters': 0.9673003207384808, 'logP': 0.3019220420795115, 'SA': 0.2181262858210827, 'QED': 0.08394746884224531, 'weight': 10.240645938896703, 'Novelty': 0.947342877942247}
Epoch: 34:
	Train Loss: 0.458 --- Reconstruction Loss: 0.439 --- KL Loss: 8.611 --- Beta: 0.002121
	Validity: 0.43% --- Uniquene@1000: 0.92% --- Unique@10000: 0.68%

{'valid': 0.44899999999999995, 'unique@1000': 0.917, 'unique@10000': 0.6791, 'FCD/Test': 18.46042326922217, 'SNN/Test': 0.5940150751645864, 'Frag/Test': 0.8702195485838652, 'Scaf/Test': 0.2737393252994791, 'FCD/TestSF': 19.53066780594167, 'SNN/TestSF': 0.5253313931420103, 'Frag/TestSF': 0.8602469553758861, 'Scaf/TestSF': 0.050211870566211236, 'IntDiv': 0.7986724596877589, 'IntDiv2': 0.7853003425274988, 'Filters': 0.9798069784706755, 'logP': 0.2971026144570097, 'SA': 0.24828602501718539, 'QED': 0.07208038002038375, 'weight': 11.195927184073826, 'Novelty': 0.9487059374634033}
Epoch: 35:
	Train Loss: 0.453 --- Reconstruction Loss: 0.435 --- KL Loss: 8.260 --- Beta: 0.002182
	Validity: 0.45% --- Uniquene@1000: 0.92% --- Unique@10000: 0.68%

{'valid': 0.6779333333333333, 'unique@1000': 0.903, 'unique@10000': 0.6784, 'FCD/Test': 17.883159310446594, 'SNN/Test': 0.6045197533447783, 'Frag/Test': 0.8800863500559191, 'Scaf/Test': 0.4671067872742134, 'FCD/TestSF': 18.946913107041155, 'SNN/TestSF': 0.5440394950292258, 'Frag/TestSF': 0.8711984019816295, 'Scaf/TestSF': 0.06732420594427335, 'IntDiv': 0.7967994605681544, 'IntDiv2': 0.7839490529349326, 'Filters': 0.9763988592781985, 'logP': 0.42971619695832036, 'SA': 0.3256332626336055, 'QED': 0.049691602110789754, 'weight': 11.81107406385357, 'Novelty': 0.9332310053722179}
Epoch: 36:
	Train Loss: 0.450 --- Reconstruction Loss: 0.432 --- KL Loss: 7.927 --- Beta: 0.002244
	Validity: 0.68% --- Uniquene@1000: 0.90% --- Unique@10000: 0.68%

{'valid': 0.48419999999999996, 'unique@1000': 0.902, 'unique@10000': 0.6803, 'FCD/Test': 17.027092614532258, 'SNN/Test': 0.5942960510556895, 'Frag/Test': 0.8840564465686975, 'Scaf/Test': 0.3175672703023351, 'FCD/TestSF': 17.81626870003312, 'SNN/TestSF': 0.5467437208191219, 'Frag/TestSF': 0.8788380259380231, 'Scaf/TestSF': 0.0459588783129149, 'IntDiv': 0.8057915925809941, 'IntDiv2': 0.79245192818171, 'Filters': 0.9760429574555969, 'logP': 0.3476034621010621, 'SA': 0.28032264254909794, 'QED': 0.01889534406807425, 'weight': 12.213876839009973, 'Novelty': 0.9391855006005022}
Epoch: 37:
	Train Loss: 0.446 --- Reconstruction Loss: 0.428 --- KL Loss: 7.651 --- Beta: 0.002305
	Validity: 0.48% --- Uniquene@1000: 0.90% --- Unique@10000: 0.68%

{'valid': 0.6246333333333334, 'unique@1000': 0.933, 'unique@10000': 0.7108, 'FCD/Test': 16.74101345831307, 'SNN/Test': 0.5928914763084681, 'Frag/Test': 0.8840177907593074, 'Scaf/Test': 0.33120794679036647, 'FCD/TestSF': 17.442659692149334, 'SNN/TestSF': 0.5451914741145718, 'Frag/TestSF': 0.8769680229533494, 'Scaf/TestSF': 0.03543435570737219, 'IntDiv': 0.8072961587293115, 'IntDiv2': 0.794546250743805, 'Filters': 0.9765729227813651, 'logP': 0.31478725480976344, 'SA': 0.29495006958668346, 'QED': 0.039809703040722136, 'weight': 10.094939124824384, 'Novelty': 0.9352770177838577}
Epoch: 38:
	Train Loss: 0.443 --- Reconstruction Loss: 0.425 --- KL Loss: 7.501 --- Beta: 0.002366
	Validity: 0.62% --- Uniquene@1000: 0.93% --- Unique@10000: 0.71%

{'valid': 0.34019999999999995, 'unique@1000': 0.93, 'unique@10000': 0.7159, 'FCD/Test': 16.569742261344317, 'SNN/Test': 0.5833320433389619, 'Frag/Test': 0.8692096561944154, 'Scaf/Test': 0.24659754392306066, 'FCD/TestSF': 17.743639183743184, 'SNN/TestSF': 0.5113659118107434, 'Frag/TestSF': 0.8553708906143414, 'Scaf/TestSF': 0.017329961837492913, 'IntDiv': 0.7983092164956584, 'IntDiv2': 0.7865850530834129, 'Filters': 0.9688418577307466, 'logP': 0.09544454132696574, 'SA': 0.21508314771918943, 'QED': 0.09567360861127432, 'weight': 8.327434691962353, 'Novelty': 0.9462764495740588}
Epoch: 39:
	Train Loss: 0.439 --- Reconstruction Loss: 0.421 --- KL Loss: 7.300 --- Beta: 0.002427
	Validity: 0.34% --- Uniquene@1000: 0.93% --- Unique@10000: 0.72%

{'valid': 0.5743333333333334, 'unique@1000': 0.931, 'unique@10000': 0.7289, 'FCD/Test': 15.48883724254516, 'SNN/Test': 0.58859786844001, 'Frag/Test': 0.8943103846795478, 'Scaf/Test': 0.3862997283389239, 'FCD/TestSF': 16.262275937787656, 'SNN/TestSF': 0.5444202726429033, 'Frag/TestSF': 0.8868974358456152, 'Scaf/TestSF': 0.045947925972326664, 'IntDiv': 0.8086864700376054, 'IntDiv2': 0.7966106379902056, 'Filters': 0.973476494486361, 'logP': 0.22753011215852897, 'SA': 0.2663905488514579, 'QED': 0.04257648555140337, 'weight': 9.611204886989867, 'Novelty': 0.9379176925782624}
Epoch: 40:
	Train Loss: 0.436 --- Reconstruction Loss: 0.418 --- KL Loss: 7.234 --- Beta: 0.002489
	Validity: 0.57% --- Uniquene@1000: 0.93% --- Unique@10000: 0.73%

{'valid': 0.4247666666666666, 'unique@1000': 0.946, 'unique@10000': 0.7648, 'FCD/Test': 14.336240082978101, 'SNN/Test': 0.5691072776484487, 'Frag/Test': 0.902458833108414, 'Scaf/Test': 0.2746289314921795, 'FCD/TestSF': 15.183594645201254, 'SNN/TestSF': 0.5117987288833179, 'Frag/TestSF': 0.8962563282203222, 'Scaf/TestSF': 0.0244907217876682, 'IntDiv': 0.8235052903533753, 'IntDiv2': 0.8114089473812783, 'Filters': 0.966648355960135, 'logP': 0.3587652253978987, 'SA': 0.17833534903696854, 'QED': 0.04999189249754322, 'weight': 11.797034937210121, 'Novelty': 0.9528612379233464}
Epoch: 41:
	Train Loss: 0.433 --- Reconstruction Loss: 0.415 --- KL Loss: 7.082 --- Beta: 0.002550
	Validity: 0.42% --- Uniquene@1000: 0.95% --- Unique@10000: 0.76%

{'valid': 0.3809666666666667, 'unique@1000': 0.932, 'unique@10000': 0.7826, 'FCD/Test': 14.035050251366926, 'SNN/Test': 0.5619854951639669, 'Frag/Test': 0.9031434467443642, 'Scaf/Test': 0.3255078565432624, 'FCD/TestSF': 14.819645958305259, 'SNN/TestSF': 0.5218127928599252, 'Frag/TestSF': 0.8974052936502964, 'Scaf/TestSF': 0.04583664179980507, 'IntDiv': 0.8220837800566829, 'IntDiv2': 0.8099410769950833, 'Filters': 0.9507393472744772, 'logP': 0.31193151732993557, 'SA': 0.16879134791594094, 'QED': 0.0648137335725785, 'weight': 8.552957332633582, 'Novelty': 0.9597132127005804}
Epoch: 42:
	Train Loss: 0.430 --- Reconstruction Loss: 0.412 --- KL Loss: 6.905 --- Beta: 0.002611
	Validity: 0.38% --- Uniquene@1000: 0.93% --- Unique@10000: 0.78%

{'valid': 0.6389333333333334, 'unique@1000': 0.939, 'unique@10000': 0.7237, 'FCD/Test': 16.65005517931823, 'SNN/Test': 0.5931381326750269, 'Frag/Test': 0.8798003818226995, 'Scaf/Test': 0.29746370690979695, 'FCD/TestSF': 17.334463758462206, 'SNN/TestSF': 0.5522468274572743, 'Frag/TestSF': 0.874068865294216, 'Scaf/TestSF': 0.04545051902961794, 'IntDiv': 0.8033399747337773, 'IntDiv2': 0.7901769570678255, 'Filters': 0.9707324707846411, 'logP': 0.20900718197108897, 'SA': 0.26815858093569367, 'QED': 0.039739016079704925, 'weight': 12.349307520119261, 'Novelty': 0.9339113364959921}
Epoch: 43:
	Train Loss: 0.427 --- Reconstruction Loss: 0.409 --- KL Loss: 6.800 --- Beta: 0.002672
	Validity: 0.64% --- Uniquene@1000: 0.94% --- Unique@10000: 0.72%

{'valid': 0.34040000000000004, 'unique@1000': 0.958, 'unique@10000': 0.7723, 'FCD/Test': 13.814456284364553, 'SNN/Test': 0.5596768714449614, 'Frag/Test': 0.8801220460364674, 'Scaf/Test': 0.19951425790629207, 'FCD/TestSF': 14.661405082433177, 'SNN/TestSF': 0.5154180368952106, 'Frag/TestSF': 0.8723174681053624, 'Scaf/TestSF': 0.04046800858322275, 'IntDiv': 0.8246615350009001, 'IntDiv2': 0.8120931163466674, 'Filters': 0.9565217391304348, 'logP': 0.09943509813533793, 'SA': 0.0888226638558561, 'QED': 0.05667532768389909, 'weight': 10.615714767204043, 'Novelty': 0.9592823514442042}
Epoch: 44:
	Train Loss: 0.424 --- Reconstruction Loss: 0.406 --- KL Loss: 6.694 --- Beta: 0.002734
	Validity: 0.34% --- Uniquene@1000: 0.96% --- Unique@10000: 0.77%

{'valid': 0.6089, 'unique@1000': 0.955, 'unique@10000': 0.803, 'FCD/Test': 14.327872553147998, 'SNN/Test': 0.5716293063242134, 'Frag/Test': 0.8799067843484015, 'Scaf/Test': 0.2993078809819312, 'FCD/TestSF': 15.108446677652282, 'SNN/TestSF': 0.5252884825813025, 'Frag/TestSF': 0.8731690319713906, 'Scaf/TestSF': 0.04572620222219426, 'IntDiv': 0.8226122042569091, 'IntDiv2': 0.8115004779347285, 'Filters': 0.9689056769037061, 'logP': 0.12330899099871345, 'SA': 0.18415351645487144, 'QED': 0.05374020734167431, 'weight': 12.406817835798652, 'Novelty': 0.9408090422367639}
Epoch: 45:
	Train Loss: 0.422 --- Reconstruction Loss: 0.404 --- KL Loss: 6.609 --- Beta: 0.002795
	Validity: 0.61% --- Uniquene@1000: 0.95% --- Unique@10000: 0.80%

{'valid': 0.5764666666666667, 'unique@1000': 0.964, 'unique@10000': 0.8025, 'FCD/Test': 14.971297721425032, 'SNN/Test': 0.5755736270603437, 'Frag/Test': 0.8908081848037667, 'Scaf/Test': 0.30969685915045786, 'FCD/TestSF': 15.83207386942442, 'SNN/TestSF': 0.5262105335034813, 'Frag/TestSF': 0.8826314364365475, 'Scaf/TestSF': 0.05777109188692031, 'IntDiv': 0.8177176437568043, 'IntDiv2': 0.8063227950678107, 'Filters': 0.9718399444894184, 'logP': 0.1874084141981388, 'SA': 0.17571519987982287, 'QED': 0.051176658042375825, 'weight': 13.799984657005767, 'Novelty': 0.9414242258794165}
Epoch: 46:
	Train Loss: 0.419 --- Reconstruction Loss: 0.400 --- KL Loss: 6.480 --- Beta: 0.002856
	Validity: 0.58% --- Uniquene@1000: 0.96% --- Unique@10000: 0.80%

{'valid': 0.48216666666666663, 'unique@1000': 0.961, 'unique@10000': 0.8058, 'FCD/Test': 15.14446119126486, 'SNN/Test': 0.5643223298964021, 'Frag/Test': 0.8793815836407424, 'Scaf/Test': 0.29088955586386533, 'FCD/TestSF': 16.057820440084797, 'SNN/TestSF': 0.5144098950079309, 'Frag/TestSF': 0.8736972079090013, 'Scaf/TestSF': 0.056293397043372884, 'IntDiv': 0.8233448838364599, 'IntDiv2': 0.8111925714163515, 'Filters': 0.9721396474248185, 'logP': 0.17728981854392367, 'SA': 0.11824266436640118, 'QED': 0.04950249505480166, 'weight': 12.647883153088237, 'Novelty': 0.9413577449469772}
Epoch: 47:
	Train Loss: 0.416 --- Reconstruction Loss: 0.398 --- KL Loss: 6.447 --- Beta: 0.002917
	Validity: 0.48% --- Uniquene@1000: 0.96% --- Unique@10000: 0.81%

/home/80027464/graphvae/metrics.py:527: UserWarning: Can't compute unique@10000.gen contains only 9381 molecules
  warnings.warn(
{'valid': 0.3127, 'unique@1000': 0.944, 'unique@10000': 0.7989553352521053, 'FCD/Test': 14.00618498138968, 'SNN/Test': 0.5506693998334021, 'Frag/Test': 0.8668166918917692, 'Scaf/Test': 0.18041756189343827, 'FCD/TestSF': 14.67310161198455, 'SNN/TestSF': 0.5074261089715606, 'Frag/TestSF': 0.8585170836269934, 'Scaf/TestSF': 0.02685486452890795, 'IntDiv': 0.8315558502043788, 'IntDiv2': 0.8191849248287636, 'Filters': 0.9677006715701951, 'logP': 0.11878155675807363, 'SA': 0.07735621289570402, 'QED': 0.06044566193055962, 'weight': 13.668939735268488, 'Novelty': 0.9543695797198132}
Epoch: 48:
	Train Loss: 0.414 --- Reconstruction Loss: 0.395 --- KL Loss: 6.355 --- Beta: 0.002979
	Validity: 0.31% --- Uniquene@1000: 0.94% --- Unique@10000: 0.80%

{'valid': 0.7334333333333334, 'unique@1000': 0.966, 'unique@10000': 0.8245, 'FCD/Test': 14.707148501873533, 'SNN/Test': 0.5669634352115069, 'Frag/Test': 0.8930127556293312, 'Scaf/Test': 0.3769342092858765, 'FCD/TestSF': 15.360797217077604, 'SNN/TestSF': 0.5231791449898574, 'Frag/TestSF': 0.8871429636216102, 'Scaf/TestSF': 0.08513521454638606, 'IntDiv': 0.8303935951261159, 'IntDiv2': 0.818532304958813, 'Filters': 0.966731809298732, 'logP': 0.41369603819183093, 'SA': 0.16315116559852574, 'QED': 0.03909643985880665, 'weight': 14.543134157553359, 'Novelty': 0.9409405085164158}
Epoch: 49:
	Train Loss: 0.412 --- Reconstruction Loss: 0.393 --- KL Loss: 6.278 --- Beta: 0.003040
	Validity: 0.73% --- Uniquene@1000: 0.97% --- Unique@10000: 0.82%

{'valid': 0.5503666666666667, 'unique@1000': 0.96, 'unique@10000': 0.8235, 'FCD/Test': 13.618364762727062, 'SNN/Test': 0.5699309970226664, 'Frag/Test': 0.9022925888797867, 'Scaf/Test': 0.31827176679370384, 'FCD/TestSF': 14.431648697739021, 'SNN/TestSF': 0.5190062097314774, 'Frag/TestSF': 0.894664549451927, 'Scaf/TestSF': 0.04842473730972374, 'IntDiv': 0.8320222750016592, 'IntDiv2': 0.8208037772286624, 'Filters': 0.973411664950639, 'logP': 0.10761361822216173, 'SA': 0.15611588183476457, 'QED': 0.03371777057401274, 'weight': 18.617776135184414, 'Novelty': 0.9335435553803705}
Epoch: 50:
	Train Loss: 0.409 --- Reconstruction Loss: 0.390 --- KL Loss: 6.219 --- Beta: 0.003101
	Validity: 0.55% --- Uniquene@1000: 0.96% --- Unique@10000: 0.82%

{'valid': 0.6963666666666667, 'unique@1000': 0.971, 'unique@10000': 0.8365, 'FCD/Test': 14.796993912306561, 'SNN/Test': 0.5716212006374679, 'Frag/Test': 0.8904198230280962, 'Scaf/Test': 0.43965428659875483, 'FCD/TestSF': 15.587688474034636, 'SNN/TestSF': 0.5237943468747637, 'Frag/TestSF': 0.8843933047973431, 'Scaf/TestSF': 0.05605748762265428, 'IntDiv': 0.828324999186816, 'IntDiv2': 0.8167676255757346, 'Filters': 0.9633813603944282, 'logP': 0.16994287909965908, 'SA': 0.19355877419644849, 'QED': 0.03875352712957672, 'weight': 17.755409809509548, 'Novelty': 0.9319500504540867}
Epoch: 51:
	Train Loss: 0.407 --- Reconstruction Loss: 0.388 --- KL Loss: 6.161 --- Beta: 0.003162
	Validity: 0.70% --- Uniquene@1000: 0.97% --- Unique@10000: 0.84%

{'valid': 0.7806, 'unique@1000': 0.951, 'unique@10000': 0.7913, 'FCD/Test': 15.822705713877454, 'SNN/Test': 0.5745189291065453, 'Frag/Test': 0.8793807925255194, 'Scaf/Test': 0.31794300306018375, 'FCD/TestSF': 16.69679186267824, 'SNN/TestSF': 0.5273153824568334, 'Frag/TestSF': 0.8707577326816289, 'Scaf/TestSF': 0.06349933055671675, 'IntDiv': 0.8189851248352613, 'IntDiv2': 0.8065463665242236, 'Filters': 0.9715176360064908, 'logP': 0.15285762867882288, 'SA': 0.1923674422427472, 'QED': 0.056675821915505555, 'weight': 16.752571394824425, 'Novelty': 0.936020275700068}
Epoch: 52:
	Train Loss: 0.405 --- Reconstruction Loss: 0.386 --- KL Loss: 6.146 --- Beta: 0.003224
	Validity: 0.78% --- Uniquene@1000: 0.95% --- Unique@10000: 0.79%

{'valid': 0.6677, 'unique@1000': 0.964, 'unique@10000': 0.8358, 'FCD/Test': 14.42154856757147, 'SNN/Test': 0.5663314418211943, 'Frag/Test': 0.895830920673601, 'Scaf/Test': 0.3762485783057311, 'FCD/TestSF': 15.30347354796946, 'SNN/TestSF': 0.5163777177504989, 'Frag/TestSF': 0.8889448137280108, 'Scaf/TestSF': 0.0701628181284718, 'IntDiv': 0.8306486172546033, 'IntDiv2': 0.8195429936445011, 'Filters': 0.9688482851580051, 'logP': 0.120707773658132, 'SA': 0.1443372766687577, 'QED': 0.04473120859506596, 'weight': 16.944481155437554, 'Novelty': 0.9334763948497854}
Epoch: 53:
	Train Loss: 0.403 --- Reconstruction Loss: 0.383 --- KL Loss: 6.097 --- Beta: 0.003285
	Validity: 0.67% --- Uniquene@1000: 0.96% --- Unique@10000: 0.84%

{'valid': 0.8158333333333333, 'unique@1000': 0.968, 'unique@10000': 0.8598, 'FCD/Test': 13.151792938179668, 'SNN/Test': 0.5689474522842206, 'Frag/Test': 0.9113750651759168, 'Scaf/Test': 0.42496621967951376, 'FCD/TestSF': 13.843427251085856, 'SNN/TestSF': 0.5255417884869522, 'Frag/TestSF': 0.9061288559907057, 'Scaf/TestSF': 0.08238686441423915, 'IntDiv': 0.831215420000341, 'IntDiv2': 0.8197972291528854, 'Filters': 0.9683350357507661, 'logP': 0.2924384153518215, 'SA': 0.1559418426111595, 'QED': 0.027172182649092366, 'weight': 19.2929724626127, 'Novelty': 0.9330199144260737}
Epoch: 54:
	Train Loss: 0.400 --- Reconstruction Loss: 0.379 --- KL Loss: 6.074 --- Beta: 0.003346
	Validity: 0.82% --- Uniquene@1000: 0.97% --- Unique@10000: 0.86%

{'valid': 0.5888, 'unique@1000': 0.969, 'unique@10000': 0.8289, 'FCD/Test': 13.630988649373684, 'SNN/Test': 0.5762347391826789, 'Frag/Test': 0.9103835474129843, 'Scaf/Test': 0.4150101020096535, 'FCD/TestSF': 14.428471503314178, 'SNN/TestSF': 0.526539282000158, 'Frag/TestSF': 0.9051657070981428, 'Scaf/TestSF': 0.06731244475459208, 'IntDiv': 0.8286533378033041, 'IntDiv2': 0.8173994224517542, 'Filters': 0.9676743659420289, 'logP': 0.2303679388428227, 'SA': 0.18331475559203675, 'QED': 0.017282153638701024, 'weight': 24.240905569539088, 'Novelty': 0.9206595681750961}
Epoch: 55:
	Train Loss: 0.398 --- Reconstruction Loss: 0.377 --- KL Loss: 6.069 --- Beta: 0.003407
	Validity: 0.59% --- Uniquene@1000: 0.97% --- Unique@10000: 0.83%

{'valid': 0.6911666666666667, 'unique@1000': 0.973, 'unique@10000': 0.861, 'FCD/Test': 14.740388845365494, 'SNN/Test': 0.568952536131636, 'Frag/Test': 0.9037654423247059, 'Scaf/Test': 0.41623801058844057, 'FCD/TestSF': 15.499944735040522, 'SNN/TestSF': 0.519870782136371, 'Frag/TestSF': 0.8989529414603716, 'Scaf/TestSF': 0.06202804660415984, 'IntDiv': 0.8324804630605285, 'IntDiv2': 0.8210872579124793, 'Filters': 0.9688931757897276, 'logP': 0.29929619499921795, 'SA': 0.16657120319627877, 'QED': 0.029488955172419472, 'weight': 20.07541077451602, 'Novelty': 0.9309184360276571}
Epoch: 56:
	Train Loss: 0.395 --- Reconstruction Loss: 0.374 --- KL Loss: 6.050 --- Beta: 0.003469
	Validity: 0.69% --- Uniquene@1000: 0.97% --- Unique@10000: 0.86%

{'valid': 0.5322, 'unique@1000': 0.969, 'unique@10000': 0.8452, 'FCD/Test': 12.949256234614673, 'SNN/Test': 0.5662163745723436, 'Frag/Test': 0.9287327505503866, 'Scaf/Test': 0.3662621410275575, 'FCD/TestSF': 13.625641583053941, 'SNN/TestSF': 0.5209455640075888, 'Frag/TestSF': 0.9225241356699446, 'Scaf/TestSF': 0.06684331684399414, 'IntDiv': 0.8340962783381352, 'IntDiv2': 0.8235194631642014, 'Filters': 0.9678065890016284, 'logP': 0.2149327674764881, 'SA': 0.1367035294656826, 'QED': 0.01631286831175733, 'weight': 20.601392002246143, 'Novelty': 0.9326282804543674}
Epoch: 57:
	Train Loss: 0.393 --- Reconstruction Loss: 0.372 --- KL Loss: 6.035 --- Beta: 0.003530
	Validity: 0.53% --- Uniquene@1000: 0.97% --- Unique@10000: 0.85%

{'valid': 0.5537666666666667, 'unique@1000': 0.977, 'unique@10000': 0.8261, 'FCD/Test': 13.991658932105423, 'SNN/Test': 0.5722731425349146, 'Frag/Test': 0.9018479817775494, 'Scaf/Test': 0.38394356277402175, 'FCD/TestSF': 14.777525345569707, 'SNN/TestSF': 0.5252969817904843, 'Frag/TestSF': 0.8956273465995771, 'Scaf/TestSF': 0.058068494642835145, 'IntDiv': 0.8297194484922864, 'IntDiv2': 0.8181121527389521, 'Filters': 0.9676759164509722, 'logP': 0.11233740106191678, 'SA': 0.149927194978795, 'QED': 0.03479976537446725, 'weight': 22.114277952686837, 'Novelty': 0.924421314276837}
Epoch: 58:
	Train Loss: 0.390 --- Reconstruction Loss: 0.369 --- KL Loss: 6.023 --- Beta: 0.003591
	Validity: 0.55% --- Uniquene@1000: 0.98% --- Unique@10000: 0.83%

{'valid': 0.7412000000000001, 'unique@1000': 0.975, 'unique@10000': 0.8671, 'FCD/Test': 13.866038482387168, 'SNN/Test': 0.5715851056138042, 'Frag/Test': 0.9193166123411375, 'Scaf/Test': 0.4238320533829312, 'FCD/TestSF': 14.653088394892599, 'SNN/TestSF': 0.5209222949952836, 'Frag/TestSF': 0.9136168655169067, 'Scaf/TestSF': 0.05687190313017265, 'IntDiv': 0.8336352600958549, 'IntDiv2': 0.8227073522457908, 'Filters': 0.9736013671523656, 'logP': 0.18279249948784498, 'SA': 0.18898193460910037, 'QED': 0.017802006236786898, 'weight': 23.372440610917774, 'Novelty': 0.9279995391970509}
Epoch: 59:
	Train Loss: 0.389 --- Reconstruction Loss: 0.368 --- KL Loss: 5.992 --- Beta: 0.003652
	Validity: 0.74% --- Uniquene@1000: 0.97% --- Unique@10000: 0.87%

{'valid': 0.6586666666666667, 'unique@1000': 0.987, 'unique@10000': 0.8872, 'FCD/Test': 11.857652461759102, 'SNN/Test': 0.5650176361127783, 'Frag/Test': 0.9269541245606472, 'Scaf/Test': 0.38116929037037983, 'FCD/TestSF': 12.51807132386331, 'SNN/TestSF': 0.5170272343697758, 'Frag/TestSF': 0.9215351507031202, 'Scaf/TestSF': 0.08464029220808766, 'IntDiv': 0.836079965105066, 'IntDiv2': 0.8257399438510951, 'Filters': 0.9647267206477733, 'logP': 0.18652427826644966, 'SA': 0.13589149290210856, 'QED': 0.023805862605279903, 'weight': 19.144601686747688, 'Novelty': 0.9311527624647801}
Epoch: 60:
	Train Loss: 0.386 --- Reconstruction Loss: 0.364 --- KL Loss: 5.951 --- Beta: 0.003714
	Validity: 0.66% --- Uniquene@1000: 0.99% --- Unique@10000: 0.89%

{'valid': 0.7149666666666666, 'unique@1000': 0.971, 'unique@10000': 0.8586, 'FCD/Test': 13.790134299794602, 'SNN/Test': 0.5785772844192404, 'Frag/Test': 0.9121417356043253, 'Scaf/Test': 0.43957002724403615, 'FCD/TestSF': 14.606689243765928, 'SNN/TestSF': 0.5293533659836113, 'Frag/TestSF': 0.9049299799866273, 'Scaf/TestSF': 0.07262698178433324, 'IntDiv': 0.8258072013313595, 'IntDiv2': 0.8149816333580623, 'Filters': 0.9687631124994173, 'logP': 0.09850864049409844, 'SA': 0.17287064226834842, 'QED': 0.03201693130470571, 'weight': 23.1043015253877, 'Novelty': 0.9211218753737591}
Epoch: 61:
	Train Loss: 0.385 --- Reconstruction Loss: 0.362 --- KL Loss: 5.905 --- Beta: 0.003775
	Validity: 0.71% --- Uniquene@1000: 0.97% --- Unique@10000: 0.86%

{'valid': 0.8106666666666666, 'unique@1000': 0.984, 'unique@10000': 0.8936, 'FCD/Test': 12.78043044981682, 'SNN/Test': 0.5638254598530598, 'Frag/Test': 0.9147121901126133, 'Scaf/Test': 0.39542488540653986, 'FCD/TestSF': 13.707817348436784, 'SNN/TestSF': 0.5127889824253017, 'Frag/TestSF': 0.9064385432506001, 'Scaf/TestSF': 0.09768361881228294, 'IntDiv': 0.8318332643664011, 'IntDiv2': 0.8216547304473912, 'Filters': 0.9730263157894737, 'logP': 0.09872297744680048, 'SA': 0.12801230557290133, 'QED': 0.0431380923609237, 'weight': 22.470351245160465, 'Novelty': 0.9293066224833058}
Epoch: 62:
	Train Loss: 0.383 --- Reconstruction Loss: 0.360 --- KL Loss: 5.885 --- Beta: 0.003836
	Validity: 0.81% --- Uniquene@1000: 0.98% --- Unique@10000: 0.89%

{'valid': 0.6352, 'unique@1000': 0.974, 'unique@10000': 0.8791, 'FCD/Test': 13.139432952716035, 'SNN/Test': 0.5618410513421175, 'Frag/Test': 0.902955822822458, 'Scaf/Test': 0.3834545423542066, 'FCD/TestSF': 13.935333291170842, 'SNN/TestSF': 0.5161346637930856, 'Frag/TestSF': 0.896883505096777, 'Scaf/TestSF': 0.05952140579896259, 'IntDiv': 0.8320431530481626, 'IntDiv2': 0.8216495735259065, 'Filters': 0.9695109151973131, 'logP': 0.09360782394644525, 'SA': 0.1072810149524609, 'QED': 0.0314780363714395, 'weight': 18.11792982384115, 'Novelty': 0.9340807174887893}
Epoch: 63:
	Train Loss: 0.381 --- Reconstruction Loss: 0.358 --- KL Loss: 5.898 --- Beta: 0.003897
	Validity: 0.64% --- Uniquene@1000: 0.97% --- Unique@10000: 0.88%

{'valid': 0.5859666666666667, 'unique@1000': 0.991, 'unique@10000': 0.9103, 'FCD/Test': 14.1145450805151, 'SNN/Test': 0.5417906899973424, 'Frag/Test': 0.9042527846419925, 'Scaf/Test': 0.3498900389461076, 'FCD/TestSF': 15.011433486714061, 'SNN/TestSF': 0.49436483713548957, 'Frag/TestSF': 0.8984660713874943, 'Scaf/TestSF': 0.062262790555326464, 'IntDiv': 0.8376619978861597, 'IntDiv2': 0.8277996513043471, 'Filters': 0.9685988964104898, 'logP': 0.23577152113735433, 'SA': 0.05378033802572668, 'QED': 0.03819628954597211, 'weight': 18.935893469021813, 'Novelty': 0.9465317919075145}
Epoch: 64:
	Train Loss: 0.380 --- Reconstruction Loss: 0.357 --- KL Loss: 5.832 --- Beta: 0.003959
	Validity: 0.59% --- Uniquene@1000: 0.99% --- Unique@10000: 0.91%

{'valid': 0.8259333333333333, 'unique@1000': 0.989, 'unique@10000': 0.8819, 'FCD/Test': 14.037209156791747, 'SNN/Test': 0.5691099669082188, 'Frag/Test': 0.9234075016413394, 'Scaf/Test': 0.4190018605639503, 'FCD/TestSF': 14.958519227729305, 'SNN/TestSF': 0.5127512194322696, 'Frag/TestSF': 0.915871352440056, 'Scaf/TestSF': 0.0548048128158124, 'IntDiv': 0.8321427875761372, 'IntDiv2': 0.8215233901903773, 'Filters': 0.9707401727338768, 'logP': 0.1606088672476554, 'SA': 0.16705459300148562, 'QED': 0.03806358544615477, 'weight': 21.86688237653848, 'Novelty': 0.9277316034867221}
Epoch: 65:
	Train Loss: 0.379 --- Reconstruction Loss: 0.355 --- KL Loss: 5.819 --- Beta: 0.004020
	Validity: 0.83% --- Uniquene@1000: 0.99% --- Unique@10000: 0.88%

slurmstepd: error: *** JOB 8257224 ON hpctpa3pc0007 CANCELLED AT 2024-02-15T10:04:48 ***
