2024-02-15 02:31:21.218775: E external/local_xla/xla/stream_executor/cuda/cuda_dnn.cc:9261] Unable to register cuDNN factory: Attempting to register factory for plugin cuDNN when one has already been registered
2024-02-15 02:31:21.218835: E external/local_xla/xla/stream_executor/cuda/cuda_fft.cc:607] Unable to register cuFFT factory: Attempting to register factory for plugin cuFFT when one has already been registered
2024-02-15 02:31:21.220328: E external/local_xla/xla/stream_executor/cuda/cuda_blas.cc:1515] Unable to register cuBLAS factory: Attempting to register factory for plugin cuBLAS when one has already been registered
2024-02-15 02:31:21.225545: I tensorflow/core/platform/cpu_feature_guard.cc:182] This TensorFlow binary is optimized to use available CPU instructions in performance-critical operations.
To enable the following instructions: AVX2 FMA, in other operations, rebuild TensorFlow with the appropriate compiler flags.
2024-02-15 02:31:22.148654: W tensorflow/compiler/tf2tensorrt/utils/py_utils.cc:38] TF-TRT Warning: Could not find TensorRT

Arguments:
	data_path: data/moses_train.txt
	max_len: 30
	batch: 128
	d_model: 512
	d_latent: 256
	d_ff: 1024
	e_heads: 1
	d_heads: 8
	n_layers: 6
	dropout: 0.5
	lr: 0.0005
	n_epochs: 80
	kl_type: cyclic
	kl_w_start: 0.0001
	kl_w_end: 0.001
	kl_cycle: 2
	kl_ratio: 1.0
	save_name: klcompare

Number of data: 88192

SMILES Vocab:
	 {'<START>': 0, '<END>': 1, '<PAD>': 2, 'C': 3, 'O': 4, 'c': 5, '1': 6, '(': 7, '=': 8, ')': 9, 'N': 10, 'n': 11, '2': 12, 'F': 13, 'Cl': 14, 'Br': 15, '#': 16, '3': 17, 'S': 18, 'o': 19, '-': 20, 's': 21, '[nH]': 22, '4': 23}

Graph Vocab:
	 {'C': 0, 'O': 1, 'N': 2, 'F': 3, 'Cl': 4, 'Br': 5, 'S': 6}


KL Annealer: [0.0001    0.0001225 0.000145  0.0001675 0.00019   0.0002125 0.000235
 0.0002575 0.00028   0.0003025 0.000325  0.0003475 0.00037   0.0003925
 0.000415  0.0004375 0.00046   0.0004825 0.000505  0.0005275 0.00055
 0.0005725 0.000595  0.0006175 0.00064   0.0006625 0.000685  0.0007075
 0.00073   0.0007525 0.000775  0.0007975 0.00082   0.0008425 0.000865
 0.0008875 0.00091   0.0009325 0.000955  0.0009775 0.0001    0.0001225
 0.000145  0.0001675 0.00019   0.0002125 0.000235  0.0002575 0.00028
 0.0003025 0.000325  0.0003475 0.00037   0.0003925 0.000415  0.0004375
 0.00046   0.0004825 0.000505  0.0005275 0.00055   0.0005725 0.000595
 0.0006175 0.00064   0.0006625 0.000685  0.0007075 0.00073   0.0007525
 0.000775  0.0007975 0.00082   0.0008425 0.000865  0.0008875 0.00091
 0.0009325 0.000955  0.0009775]




#########################################################################
######################### START TRAINING ################################
#########################################################################




{'valid': 0.5482666666666667, 'unique@1000': 0.815, 'unique@10000': 0.5014, 'FCD/Test': 20.83883254554459, 'SNN/Test': 0.6122896384451437, 'Frag/Test': 0.8414792178015472, 'Scaf/Test': 0.267687989794017, 'FCD/TestSF': 22.023624870614803, 'SNN/TestSF': 0.5329614912453271, 'Frag/TestSF': 0.8286527780052195, 'Scaf/TestSF': 0.028946704307577953, 'IntDiv': 0.7839909753752442, 'IntDiv2': 0.769127074670258, 'Filters': 0.984557392996109, 'logP': 0.4029697784742104, 'SA': 0.3287107147780185, 'QED': 0.07244391857186469, 'weight': 11.407410323358652, 'Novelty': 0.9330808080808081}
Epoch: 31:
	Train Loss: 0.458 --- Reconstruction Loss: 0.444 --- KL Loss: 18.210 --- Beta: 0.000775
	Validity: 0.55% --- Uniquene@1000: 0.81% --- Unique@10000: 0.50%

/home/80027464/graphvae/metrics.py:527: UserWarning: Can't compute unique@10000.gen contains only 9463 molecules
  warnings.warn(
{'valid': 0.31543333333333334, 'unique@1000': 0.816, 'unique@10000': 0.5135792032125119, 'FCD/Test': 19.49964786602534, 'SNN/Test': 0.6045689586100034, 'Frag/Test': 0.8841600891765641, 'Scaf/Test': 0.171879300324694, 'FCD/TestSF': 20.250597356459345, 'SNN/TestSF': 0.5438798092818218, 'Frag/TestSF': 0.8775988895574653, 'Scaf/TestSF': 0.01133915702999233, 'IntDiv': 0.8002575177654003, 'IntDiv2': 0.784544728269205, 'Filters': 0.9870020078199303, 'logP': 0.44368972429503917, 'SA': 0.2844068683739423, 'QED': 0.03829518466823533, 'weight': 11.513470287499858, 'Novelty': 0.9454732510288066}
Epoch: 32:
	Train Loss: 0.452 --- Reconstruction Loss: 0.439 --- KL Loss: 17.165 --- Beta: 0.000797
	Validity: 0.32% --- Uniquene@1000: 0.82% --- Unique@10000: 0.51%

{'valid': 0.3784666666666666, 'unique@1000': 0.816, 'unique@10000': 0.5476, 'FCD/Test': 19.183336739003195, 'SNN/Test': 0.6026651433430992, 'Frag/Test': 0.8510277155457883, 'Scaf/Test': 0.23062981008727124, 'FCD/TestSF': 20.17049806469896, 'SNN/TestSF': 0.5241707865820083, 'Frag/TestSF': 0.8409919931742896, 'Scaf/TestSF': 0.014521267223587264, 'IntDiv': 0.7946484463898087, 'IntDiv2': 0.7791898512057506, 'Filters': 0.9853796019024132, 'logP': 0.3503414960878992, 'SA': 0.27081595421272164, 'QED': 0.05886510391819979, 'weight': 10.07941175236267, 'Novelty': 0.9454123112659698}
Epoch: 33:
	Train Loss: 0.448 --- Reconstruction Loss: 0.434 --- KL Loss: 16.234 --- Beta: 0.000820
	Validity: 0.38% --- Uniquene@1000: 0.82% --- Unique@10000: 0.55%

{'valid': 0.35806666666666664, 'unique@1000': 0.892, 'unique@10000': 0.6563, 'FCD/Test': 17.850663537031593, 'SNN/Test': 0.5765273598813628, 'Frag/Test': 0.8767296838372304, 'Scaf/Test': 0.1685822398480803, 'FCD/TestSF': 18.731535549652953, 'SNN/TestSF': 0.507388895644897, 'Frag/TestSF': 0.8644997084980824, 'Scaf/TestSF': 0.01333224351947293, 'IntDiv': 0.8060996605997547, 'IntDiv2': 0.7919868757233433, 'Filters': 0.9748650158257308, 'logP': 0.4665505556442292, 'SA': 0.1933151593372704, 'QED': 0.06144051982199513, 'weight': 8.043072826054487, 'Novelty': 0.9521745412512642}
Epoch: 34:
	Train Loss: 0.444 --- Reconstruction Loss: 0.431 --- KL Loss: 15.576 --- Beta: 0.000842
	Validity: 0.36% --- Uniquene@1000: 0.89% --- Unique@10000: 0.66%

{'valid': 0.5375, 'unique@1000': 0.907, 'unique@10000': 0.6506, 'FCD/Test': 19.460725024285296, 'SNN/Test': 0.5861798300964888, 'Frag/Test': 0.8748250292300048, 'Scaf/Test': 0.25100230740133744, 'FCD/TestSF': 20.385215552366326, 'SNN/TestSF': 0.5209023848032767, 'Frag/TestSF': 0.8627738248708311, 'Scaf/TestSF': 0.01930147448386066, 'IntDiv': 0.797383129505943, 'IntDiv2': 0.7833734758735041, 'Filters': 0.9877209302325581, 'logP': 0.29001688937008085, 'SA': 0.2381805307056054, 'QED': 0.08005426129461717, 'weight': 6.851708696299562, 'Novelty': 0.9506015117640796}
Epoch: 35:
	Train Loss: 0.439 --- Reconstruction Loss: 0.426 --- KL Loss: 15.043 --- Beta: 0.000865
	Validity: 0.54% --- Uniquene@1000: 0.91% --- Unique@10000: 0.65%

{'valid': 0.40659999999999996, 'unique@1000': 0.885, 'unique@10000': 0.644, 'FCD/Test': 17.77661509696909, 'SNN/Test': 0.5979032743722811, 'Frag/Test': 0.8822726806685932, 'Scaf/Test': 0.3222162254307861, 'FCD/TestSF': 18.804676521312594, 'SNN/TestSF': 0.5263750307270495, 'Frag/TestSF': 0.8707660155521083, 'Scaf/TestSF': 0.03152114475602219, 'IntDiv': 0.8021222322215773, 'IntDiv2': 0.7878378660581575, 'Filters': 0.9818822757829152, 'logP': 0.4445475329972432, 'SA': 0.27552085509911456, 'QED': 0.0548923145586158, 'weight': 13.252414863781885, 'Novelty': 0.9326630506680778}
Epoch: 36:
	Train Loss: 0.435 --- Reconstruction Loss: 0.422 --- KL Loss: 14.646 --- Beta: 0.000887
	Validity: 0.41% --- Uniquene@1000: 0.89% --- Unique@10000: 0.64%

/home/80027464/graphvae/metrics.py:527: UserWarning: Can't compute unique@10000.gen contains only 9601 molecules
  warnings.warn(
{'valid': 0.3200333333333333, 'unique@1000': 0.865, 'unique@10000': 0.6152484116237892, 'FCD/Test': 15.676203419131092, 'SNN/Test': 0.5805108543284025, 'Frag/Test': 0.8933122530644618, 'Scaf/Test': 0.2040959628685156, 'FCD/TestSF': 16.201479865945316, 'SNN/TestSF': 0.5351168896419756, 'Frag/TestSF': 0.8865035912255297, 'Scaf/TestSF': 0.018039992090298607, 'IntDiv': 0.8199967497756782, 'IntDiv2': 0.8056697600453957, 'Filters': 0.9753150713467347, 'logP': 0.4120099784751727, 'SA': 0.18293182273201594, 'QED': 0.025984131524787395, 'weight': 13.918748393803488, 'Novelty': 0.9448112409006264}
Epoch: 37:
	Train Loss: 0.429 --- Reconstruction Loss: 0.416 --- KL Loss: 14.365 --- Beta: 0.000910
	Validity: 0.32% --- Uniquene@1000: 0.86% --- Unique@10000: 0.62%

{'valid': 0.4031, 'unique@1000': 0.918, 'unique@10000': 0.6995, 'FCD/Test': 17.12190270627768, 'SNN/Test': 0.5777565451568542, 'Frag/Test': 0.8745248114410467, 'Scaf/Test': 0.20056661150976396, 'FCD/TestSF': 17.762843650339832, 'SNN/TestSF': 0.5156256697808879, 'Frag/TestSF': 0.8656911663121787, 'Scaf/TestSF': 0.021533862819791305, 'IntDiv': 0.8169882743273927, 'IntDiv2': 0.8025084181484637, 'Filters': 0.978003803853469, 'logP': 0.6096051777118665, 'SA': 0.20610411735849202, 'QED': 0.05414704421746572, 'weight': 8.14606249087379, 'Novelty': 0.9524334927056516}
Epoch: 38:
	Train Loss: 0.426 --- Reconstruction Loss: 0.413 --- KL Loss: 14.174 --- Beta: 0.000932
	Validity: 0.40% --- Uniquene@1000: 0.92% --- Unique@10000: 0.70%

{'valid': 0.39603333333333335, 'unique@1000': 0.934, 'unique@10000': 0.7644, 'FCD/Test': 15.867771963000145, 'SNN/Test': 0.5773101036882332, 'Frag/Test': 0.8888004541321736, 'Scaf/Test': 0.23269432168264026, 'FCD/TestSF': 16.840971217934836, 'SNN/TestSF': 0.5158029098749441, 'Frag/TestSF': 0.8766781774074746, 'Scaf/TestSF': 0.01811758787797857, 'IntDiv': 0.810168470527747, 'IntDiv2': 0.7985972134696313, 'Filters': 0.9749179362006565, 'logP': 0.3749827474781279, 'SA': 0.2079532125091272, 'QED': 0.056528896150477126, 'weight': 9.707390515084965, 'Novelty': 0.953648359084245}
Epoch: 39:
	Train Loss: 0.421 --- Reconstruction Loss: 0.408 --- KL Loss: 13.756 --- Beta: 0.000955
	Validity: 0.40% --- Uniquene@1000: 0.93% --- Unique@10000: 0.76%

{'valid': 0.3644333333333334, 'unique@1000': 0.938, 'unique@10000': 0.7614, 'FCD/Test': 14.177576733431707, 'SNN/Test': 0.5743138243027797, 'Frag/Test': 0.9029625532902917, 'Scaf/Test': 0.2783211584278651, 'FCD/TestSF': 14.740913699546624, 'SNN/TestSF': 0.5207919671056169, 'Frag/TestSF': 0.8942560956541403, 'Scaf/TestSF': 0.034545374770367565, 'IntDiv': 0.8200360188956337, 'IntDiv2': 0.808266358211387, 'Filters': 0.9729260038415806, 'logP': 0.44373992966407744, 'SA': 0.17226018301758433, 'QED': 0.04519037558212894, 'weight': 6.708051033094185, 'Novelty': 0.9482590698806915}
Epoch: 40:
	Train Loss: 0.416 --- Reconstruction Loss: 0.403 --- KL Loss: 13.588 --- Beta: 0.000977
	Validity: 0.36% --- Uniquene@1000: 0.94% --- Unique@10000: 0.76%

/home/80027464/graphvae/metrics.py:527: UserWarning: Can't compute unique@10000.gen contains only 9331 molecules
  warnings.warn(
{'valid': 0.3110333333333334, 'unique@1000': 0.943, 'unique@10000': 0.7370056799914264, 'FCD/Test': 15.351336674035778, 'SNN/Test': 0.5482460117959067, 'Frag/Test': 0.903913333670987, 'Scaf/Test': 0.17721511976343463, 'FCD/TestSF': 16.0290968873436, 'SNN/TestSF': 0.48891338730449907, 'Frag/TestSF': 0.8973218984141735, 'Scaf/TestSF': 0.018261461320746686, 'IntDiv': 0.834105126901473, 'IntDiv2': 0.8223186587772521, 'Filters': 0.9735290965598542, 'logP': 0.46042033247375536, 'SA': 0.07261608963874425, 'QED': 0.025287002446947957, 'weight': 16.110639938651612, 'Novelty': 0.9511414861131308}
Epoch: 41:
	Train Loss: 0.397 --- Reconstruction Loss: 0.395 --- KL Loss: 27.951 --- Beta: 0.000100
	Validity: 0.31% --- Uniquene@1000: 0.94% --- Unique@10000: 0.74%

{'valid': 0.3763333333333333, 'unique@1000': 0.93, 'unique@10000': 0.7413, 'FCD/Test': 15.45355673036677, 'SNN/Test': 0.546258403494149, 'Frag/Test': 0.9132510620858604, 'Scaf/Test': 0.20761987200215248, 'FCD/TestSF': 16.205216245456896, 'SNN/TestSF': 0.49029306495765124, 'Frag/TestSF': 0.9051879127964783, 'Scaf/TestSF': 0.044171244068892834, 'IntDiv': 0.8224077916992333, 'IntDiv2': 0.8123810215649503, 'Filters': 0.9680248007085916, 'logP': 0.3914589128575694, 'SA': 0.07554126572073111, 'QED': 0.037539521762853655, 'weight': 13.191684542849604, 'Novelty': 0.9525320317266626}
Epoch: 42:
	Train Loss: 0.393 --- Reconstruction Loss: 0.389 --- KL Loss: 30.769 --- Beta: 0.000122
	Validity: 0.38% --- Uniquene@1000: 0.93% --- Unique@10000: 0.74%

{'valid': 0.39516666666666667, 'unique@1000': 0.94, 'unique@10000': 0.7107, 'FCD/Test': 15.921253224646108, 'SNN/Test': 0.5614946743170957, 'Frag/Test': 0.9222077854772286, 'Scaf/Test': 0.23475502764831968, 'FCD/TestSF': 16.58567702955507, 'SNN/TestSF': 0.5105474893187532, 'Frag/TestSF': 0.9147457841667914, 'Scaf/TestSF': 0.04414297139793921, 'IntDiv': 0.8198365236156054, 'IntDiv2': 0.8090928501453447, 'Filters': 0.9707296499367356, 'logP': 0.39394751052627913, 'SA': 0.11954244717715776, 'QED': 0.02549937576122447, 'weight': 14.679660588171398, 'Novelty': 0.9390020739294864}
Epoch: 43:
	Train Loss: 0.390 --- Reconstruction Loss: 0.385 --- KL Loss: 30.812 --- Beta: 0.000145
	Validity: 0.40% --- Uniquene@1000: 0.94% --- Unique@10000: 0.71%

/home/80027464/graphvae/metrics.py:527: UserWarning: Can't compute unique@10000.gen contains only 6222 molecules
  warnings.warn(
{'valid': 0.20740000000000003, 'unique@1000': 0.915, 'unique@10000': 0.7470266795242687, 'FCD/Test': 14.848024206683107, 'SNN/Test': 0.5360970032038853, 'Frag/Test': 0.922016423460426, 'Scaf/Test': 0.1054951401135622, 'FCD/TestSF': 15.460577443520073, 'SNN/TestSF': 0.48660848166869025, 'Frag/TestSF': 0.9155845386093835, 'Scaf/TestSF': 0.022004451745728737, 'IntDiv': 0.8366553644742686, 'IntDiv2': 0.8247573717090981, 'Filters': 0.9479267116682739, 'logP': 0.17746352624999617, 'SA': 0.11586308042952663, 'QED': 0.013132213623633442, 'weight': 23.182453480356525, 'Novelty': 0.9432013769363167}
Epoch: 44:
	Train Loss: 0.386 --- Reconstruction Loss: 0.381 --- KL Loss: 30.223 --- Beta: 0.000168
	Validity: 0.21% --- Uniquene@1000: 0.92% --- Unique@10000: 0.75%

{'valid': 0.48296666666666666, 'unique@1000': 0.937, 'unique@10000': 0.7252, 'FCD/Test': 15.494437436763235, 'SNN/Test': 0.552187395778508, 'Frag/Test': 0.8742542137877609, 'Scaf/Test': 0.2174625461948121, 'FCD/TestSF': 16.00014300805033, 'SNN/TestSF': 0.5052242266125162, 'Frag/TestSF': 0.8661738290480785, 'Scaf/TestSF': 0.03135347906532604, 'IntDiv': 0.8283413422181982, 'IntDiv2': 0.8169495761366603, 'Filters': 0.9741182966388294, 'logP': 0.3102396280419936, 'SA': 0.09935422457428747, 'QED': 0.0360647661635855, 'weight': 19.5417879132659, 'Novelty': 0.9356932751800385}
Epoch: 45:
	Train Loss: 0.382 --- Reconstruction Loss: 0.376 --- KL Loss: 29.495 --- Beta: 0.000190
	Validity: 0.48% --- Uniquene@1000: 0.94% --- Unique@10000: 0.73%

/home/80027464/graphvae/metrics.py:527: UserWarning: Can't compute unique@10000.gen contains only 8189 molecules
  warnings.warn(
{'valid': 0.2729666666666667, 'unique@1000': 0.91, 'unique@10000': 0.7096104530467701, 'FCD/Test': 14.943246305407783, 'SNN/Test': 0.5322925282210305, 'Frag/Test': 0.9258428655636968, 'Scaf/Test': 0.1504116589049297, 'FCD/TestSF': 15.300989335272973, 'SNN/TestSF': 0.48619054447477855, 'Frag/TestSF': 0.9186222085640195, 'Scaf/TestSF': 0.028124537465143096, 'IntDiv': 0.833425584767214, 'IntDiv2': 0.82176034201824, 'Filters': 0.9571376236414703, 'logP': 0.3150228864633778, 'SA': 0.06289763755352545, 'QED': 0.020111856172326636, 'weight': 19.48246248078156, 'Novelty': 0.9530201342281879}
Epoch: 46:
	Train Loss: 0.379 --- Reconstruction Loss: 0.373 --- KL Loss: 28.811 --- Beta: 0.000213
	Validity: 0.27% --- Uniquene@1000: 0.91% --- Unique@10000: 0.71%

{'valid': 0.3401666666666666, 'unique@1000': 0.95, 'unique@10000': 0.759, 'FCD/Test': 15.450072116039593, 'SNN/Test': 0.5166166344908509, 'Frag/Test': 0.8884184071814993, 'Scaf/Test': 0.14682173038470525, 'FCD/TestSF': 16.01520637011385, 'SNN/TestSF': 0.4678321965400172, 'Frag/TestSF': 0.8813167633658664, 'Scaf/TestSF': 0.03809364325973874, 'IntDiv': 0.8340828473976027, 'IntDiv2': 0.8228765012155148, 'Filters': 0.9695247427731504, 'logP': 0.34651559741720234, 'SA': 0.03373350795405195, 'QED': 0.027156152461543275, 'weight': 18.623954479234765, 'Novelty': 0.9593369593369593}
Epoch: 47:
	Train Loss: 0.375 --- Reconstruction Loss: 0.368 --- KL Loss: 27.916 --- Beta: 0.000235
	Validity: 0.34% --- Uniquene@1000: 0.95% --- Unique@10000: 0.76%

/home/80027464/graphvae/metrics.py:527: UserWarning: Can't compute unique@10000.gen contains only 9839 molecules
  warnings.warn(
{'valid': 0.32796666666666663, 'unique@1000': 0.917, 'unique@10000': 0.7462140461429007, 'FCD/Test': 15.187482650252015, 'SNN/Test': 0.5443253730574157, 'Frag/Test': 0.9122621767345531, 'Scaf/Test': 0.18026839823591723, 'FCD/TestSF': 15.618917644165784, 'SNN/TestSF': 0.49537400945843885, 'Frag/TestSF': 0.9059634208555748, 'Scaf/TestSF': 0.03136226897572347, 'IntDiv': 0.8371125763079696, 'IntDiv2': 0.8257973804692391, 'Filters': 0.9644272791950401, 'logP': 0.25185603928988975, 'SA': 0.04403172306191284, 'QED': 0.01950604713083823, 'weight': 22.81036928027738, 'Novelty': 0.9445655134840643}
Epoch: 48:
	Train Loss: 0.371 --- Reconstruction Loss: 0.364 --- KL Loss: 26.937 --- Beta: 0.000258
	Validity: 0.33% --- Uniquene@1000: 0.92% --- Unique@10000: 0.75%

{'valid': 0.33440000000000003, 'unique@1000': 0.947, 'unique@10000': 0.7545, 'FCD/Test': 14.846471771063229, 'SNN/Test': 0.5184806829030244, 'Frag/Test': 0.9137509747294045, 'Scaf/Test': 0.14230385410017132, 'FCD/TestSF': 15.008082643121206, 'SNN/TestSF': 0.48044540107612643, 'Frag/TestSF': 0.9106330966104028, 'Scaf/TestSF': 0.029127777850701753, 'IntDiv': 0.8455593585431853, 'IntDiv2': 0.8343300841184036, 'Filters': 0.9632177033492823, 'logP': 0.28370363812328614, 'SA': 0.07154953499383866, 'QED': 0.011708700102938865, 'weight': 27.431787865686495, 'Novelty': 0.9553441669969613}
Epoch: 49:
	Train Loss: 0.369 --- Reconstruction Loss: 0.361 --- KL Loss: 26.035 --- Beta: 0.000280
	Validity: 0.33% --- Uniquene@1000: 0.95% --- Unique@10000: 0.75%

{'valid': 0.4801333333333333, 'unique@1000': 0.934, 'unique@10000': 0.7672, 'FCD/Test': 14.9483090446911, 'SNN/Test': 0.5537094860778636, 'Frag/Test': 0.9248318342754711, 'Scaf/Test': 0.18851110962654138, 'FCD/TestSF': 15.335788217594171, 'SNN/TestSF': 0.5035187729360974, 'Frag/TestSF': 0.9177454607272113, 'Scaf/TestSF': 0.046958234079000016, 'IntDiv': 0.8331118658738537, 'IntDiv2': 0.8222245618672624, 'Filters': 0.9684115523465704, 'logP': 0.20118151915664892, 'SA': 0.10673665748386006, 'QED': 0.017541939042173906, 'weight': 26.678618947692957, 'Novelty': 0.9349515494579296}
Epoch: 50:
	Train Loss: 0.365 --- Reconstruction Loss: 0.357 --- KL Loss: 25.216 --- Beta: 0.000303
	Validity: 0.48% --- Uniquene@1000: 0.93% --- Unique@10000: 0.77%

{'valid': 0.38103333333333333, 'unique@1000': 0.97, 'unique@10000': 0.8238, 'FCD/Test': 14.47726887364339, 'SNN/Test': 0.5306585958290576, 'Frag/Test': 0.9193258908732627, 'Scaf/Test': 0.20344587574596684, 'FCD/TestSF': 14.870911792299651, 'SNN/TestSF': 0.4897476281407269, 'Frag/TestSF': 0.9133015986435712, 'Scaf/TestSF': 0.06557933802909022, 'IntDiv': 0.8434203230642412, 'IntDiv2': 0.8333246116538187, 'Filters': 0.9615956609220541, 'logP': 0.2007348220455393, 'SA': 0.014935550185123497, 'QED': 0.015810601300618364, 'weight': 22.60189385589859, 'Novelty': 0.9481361426256077}
Epoch: 51:
	Train Loss: 0.363 --- Reconstruction Loss: 0.355 --- KL Loss: 24.448 --- Beta: 0.000325
	Validity: 0.38% --- Uniquene@1000: 0.97% --- Unique@10000: 0.82%

{'valid': 0.4460333333333333, 'unique@1000': 0.963, 'unique@10000': 0.8279, 'FCD/Test': 13.667453816786704, 'SNN/Test': 0.5347491284383714, 'Frag/Test': 0.9232172731063151, 'Scaf/Test': 0.21471578872660158, 'FCD/TestSF': 14.08262674024612, 'SNN/TestSF': 0.48820221242585016, 'Frag/TestSF': 0.9172051868843586, 'Scaf/TestSF': 0.03599053888962589, 'IntDiv': 0.843540726402648, 'IntDiv2': 0.8336985227832264, 'Filters': 0.9677154173828563, 'logP': 0.17458165669614625, 'SA': 0.012477570406720763, 'QED': 0.014355258244021963, 'weight': 26.810005882591824, 'Novelty': 0.9427767354596623}
Epoch: 52:
	Train Loss: 0.360 --- Reconstruction Loss: 0.352 --- KL Loss: 23.873 --- Beta: 0.000348
	Validity: 0.45% --- Uniquene@1000: 0.96% --- Unique@10000: 0.83%

{'valid': 0.5458333333333334, 'unique@1000': 0.959, 'unique@10000': 0.8217, 'FCD/Test': 14.208535553677933, 'SNN/Test': 0.551280851310446, 'Frag/Test': 0.9231273664553894, 'Scaf/Test': 0.2465468275876106, 'FCD/TestSF': 14.702451472975014, 'SNN/TestSF': 0.4948108521745405, 'Frag/TestSF': 0.9155878869991362, 'Scaf/TestSF': 0.031221845196946374, 'IntDiv': 0.8388880288546022, 'IntDiv2': 0.8282679275947116, 'Filters': 0.9739847328244274, 'logP': 0.17086789507670752, 'SA': 0.07961319245458533, 'QED': 0.015224010905766572, 'weight': 28.158609407480423, 'Novelty': 0.9378221904988501}
Epoch: 53:
	Train Loss: 0.357 --- Reconstruction Loss: 0.349 --- KL Loss: 23.055 --- Beta: 0.000370
	Validity: 0.55% --- Uniquene@1000: 0.96% --- Unique@10000: 0.82%

{'valid': 0.36973333333333336, 'unique@1000': 0.974, 'unique@10000': 0.8292, 'FCD/Test': 13.421200868832315, 'SNN/Test': 0.5261561845735204, 'Frag/Test': 0.9281229482715998, 'Scaf/Test': 0.20623007498793766, 'FCD/TestSF': 13.911704877681615, 'SNN/TestSF': 0.48069479289873385, 'Frag/TestSF': 0.9209576007770196, 'Scaf/TestSF': 0.04116926551387523, 'IntDiv': 0.8433407197188888, 'IntDiv2': 0.8327641147089874, 'Filters': 0.9630364226469528, 'logP': 0.12583010570333145, 'SA': 0.053606563782745593, 'QED': 0.013109793111367778, 'weight': 26.227142794210522, 'Novelty': 0.9508648231794646}
Epoch: 54:
	Train Loss: 0.354 --- Reconstruction Loss: 0.345 --- KL Loss: 22.463 --- Beta: 0.000393
	Validity: 0.37% --- Uniquene@1000: 0.97% --- Unique@10000: 0.83%

/home/80027464/graphvae/metrics.py:527: UserWarning: Can't compute unique@10000.gen contains only 7823 molecules
  warnings.warn(
{'valid': 0.2607666666666667, 'unique@1000': 0.942, 'unique@10000': 0.8090246708423878, 'FCD/Test': 14.364062921204784, 'SNN/Test': 0.5271130716646021, 'Frag/Test': 0.9227235590687495, 'Scaf/Test': 0.18467165191221846, 'FCD/TestSF': 14.579263159140837, 'SNN/TestSF': 0.4871708826116325, 'Frag/TestSF': 0.9195247696036991, 'Scaf/TestSF': 0.030480417898449574, 'IntDiv': 0.8478032979863945, 'IntDiv2': 0.8369140032387683, 'Filters': 0.9557714431803656, 'logP': 0.1850158844980726, 'SA': 0.05823628257239732, 'QED': 0.01789000831290466, 'weight': 30.00499445615013, 'Novelty': 0.9465950387106968}
Epoch: 55:
	Train Loss: 0.352 --- Reconstruction Loss: 0.343 --- KL Loss: 21.868 --- Beta: 0.000415
	Validity: 0.26% --- Uniquene@1000: 0.94% --- Unique@10000: 0.81%

{'valid': 0.4852333333333333, 'unique@1000': 0.975, 'unique@10000': 0.8429, 'FCD/Test': 13.417947286091874, 'SNN/Test': 0.5515158356808368, 'Frag/Test': 0.9397231850482464, 'Scaf/Test': 0.2625437869760219, 'FCD/TestSF': 13.834565301750075, 'SNN/TestSF': 0.5031931455811195, 'Frag/TestSF': 0.934195854261794, 'Scaf/TestSF': 0.03320580746534807, 'IntDiv': 0.843876378041247, 'IntDiv2': 0.8338635722330611, 'Filters': 0.9690183416912825, 'logP': 0.1500124300783855, 'SA': 0.06367678756524701, 'QED': 0.013287125696898926, 'weight': 31.585412821513287, 'Novelty': 0.9284983807738196}
Epoch: 56:
	Train Loss: 0.349 --- Reconstruction Loss: 0.340 --- KL Loss: 21.472 --- Beta: 0.000438
	Validity: 0.49% --- Uniquene@1000: 0.97% --- Unique@10000: 0.84%

/home/80027464/graphvae/metrics.py:527: UserWarning: Can't compute unique@10000.gen contains only 9044 molecules
  warnings.warn(
{'valid': 0.30146666666666666, 'unique@1000': 0.951, 'unique@10000': 0.7964396284829721, 'FCD/Test': 14.254877234191596, 'SNN/Test': 0.5450439076196799, 'Frag/Test': 0.9274844908784728, 'Scaf/Test': 0.1731877056202621, 'FCD/TestSF': 14.589196454332807, 'SNN/TestSF': 0.498320953967441, 'Frag/TestSF': 0.9188497611381675, 'Scaf/TestSF': 0.03467419478719225, 'IntDiv': 0.8392442151553567, 'IntDiv2': 0.8279485592058548, 'Filters': 0.9619637328615657, 'logP': 0.16924505674830928, 'SA': 0.040548086314897966, 'QED': 0.013603985469642291, 'weight': 31.323653237826385, 'Novelty': 0.9389143412467028}
Epoch: 57:
	Train Loss: 0.347 --- Reconstruction Loss: 0.338 --- KL Loss: 20.891 --- Beta: 0.000460
	Validity: 0.30% --- Uniquene@1000: 0.95% --- Unique@10000: 0.80%

/home/80027464/graphvae/metrics.py:527: UserWarning: Can't compute unique@10000.gen contains only 9633 molecules
  warnings.warn(
{'valid': 0.32110000000000005, 'unique@1000': 0.96, 'unique@10000': 0.825080452610817, 'FCD/Test': 12.472182390744422, 'SNN/Test': 0.5557763193281816, 'Frag/Test': 0.93688980665929, 'Scaf/Test': 0.23673556829041864, 'FCD/TestSF': 12.889598521118238, 'SNN/TestSF': 0.5102496994308354, 'Frag/TestSF': 0.9297503461592331, 'Scaf/TestSF': 0.038808685063362214, 'IntDiv': 0.8436473800305531, 'IntDiv2': 0.8322793801669798, 'Filters': 0.9546351084812623, 'logP': 0.1430762140203984, 'SA': 0.06675341320415389, 'QED': 0.010275873008143397, 'weight': 31.38928996896087, 'Novelty': 0.9252642174131857}
Epoch: 58:
	Train Loss: 0.344 --- Reconstruction Loss: 0.335 --- KL Loss: 20.505 --- Beta: 0.000483
	Validity: 0.32% --- Uniquene@1000: 0.96% --- Unique@10000: 0.83%

/home/80027464/graphvae/metrics.py:527: UserWarning: Can't compute unique@10000.gen contains only 7314 molecules
  warnings.warn(
{'valid': 0.24380000000000002, 'unique@1000': 0.948, 'unique@10000': 0.8445447087776866, 'FCD/Test': 12.68410884752356, 'SNN/Test': 0.5343630978415369, 'Frag/Test': 0.9322918430718039, 'Scaf/Test': 0.2118762764115587, 'FCD/TestSF': 13.044189998731774, 'SNN/TestSF': 0.4943318758093662, 'Frag/TestSF': 0.9250310075044713, 'Scaf/TestSF': 0.04759728177413669, 'IntDiv': 0.8465625148208558, 'IntDiv2': 0.8353663295765179, 'Filters': 0.9507793273174734, 'logP': 0.16587166870562425, 'SA': 0.06404752190532353, 'QED': 0.011219275454428492, 'weight': 30.40918585909993, 'Novelty': 0.9362149910960013}
Epoch: 59:
	Train Loss: 0.342 --- Reconstruction Loss: 0.332 --- KL Loss: 20.056 --- Beta: 0.000505
	Validity: 0.24% --- Uniquene@1000: 0.95% --- Unique@10000: 0.84%

{'valid': 0.40469999999999995, 'unique@1000': 0.979, 'unique@10000': 0.8705, 'FCD/Test': 12.747522375977589, 'SNN/Test': 0.5289023841733782, 'Frag/Test': 0.9214408912591501, 'Scaf/Test': 0.24442178165006756, 'FCD/TestSF': 13.130863541879172, 'SNN/TestSF': 0.4856913084008236, 'Frag/TestSF': 0.9155968465955739, 'Scaf/TestSF': 0.04469418786751511, 'IntDiv': 0.8535731008988028, 'IntDiv2': 0.8435217567403204, 'Filters': 0.9610411004035911, 'logP': 0.1342320237370069, 'SA': 0.03374051665155907, 'QED': 0.009308749619662673, 'weight': 28.9487060698857, 'Novelty': 0.9398183925811437}
Epoch: 60:
	Train Loss: 0.341 --- Reconstruction Loss: 0.330 --- KL Loss: 19.692 --- Beta: 0.000527
	Validity: 0.40% --- Uniquene@1000: 0.98% --- Unique@10000: 0.87%

{'valid': 0.4084, 'unique@1000': 0.983, 'unique@10000': 0.8773, 'FCD/Test': 12.957213517986602, 'SNN/Test': 0.5240491487856904, 'Frag/Test': 0.9307329221395159, 'Scaf/Test': 0.19531748229839985, 'FCD/TestSF': 13.398053504496389, 'SNN/TestSF': 0.4807604238052813, 'Frag/TestSF': 0.9249301339567033, 'Scaf/TestSF': 0.05120777479576033, 'IntDiv': 0.8513856817920611, 'IntDiv2': 0.8412972395111213, 'Filters': 0.9495592556317336, 'logP': 0.136935650171699, 'SA': 0.06792093466058001, 'QED': 0.009884537417100199, 'weight': 30.458994259162225, 'Novelty': 0.9495622382946327}
Epoch: 61:
	Train Loss: 0.338 --- Reconstruction Loss: 0.327 --- KL Loss: 19.199 --- Beta: 0.000550
	Validity: 0.41% --- Uniquene@1000: 0.98% --- Unique@10000: 0.88%

/home/80027464/graphvae/metrics.py:527: UserWarning: Can't compute unique@10000.gen contains only 8919 molecules
  warnings.warn(
{'valid': 0.2973, 'unique@1000': 0.974, 'unique@10000': 0.8590649175916583, 'FCD/Test': 12.312633741129268, 'SNN/Test': 0.5302877505673784, 'Frag/Test': 0.9225728808050561, 'Scaf/Test': 0.18854223434451134, 'FCD/TestSF': 12.783274216377663, 'SNN/TestSF': 0.48279050407902596, 'Frag/TestSF': 0.9137458207618716, 'Scaf/TestSF': 0.03238534141802718, 'IntDiv': 0.8493613519632114, 'IntDiv2': 0.8386559881304918, 'Filters': 0.9440520237694808, 'logP': 0.1742074287204985, 'SA': 0.07334565331159566, 'QED': 0.010506599357592985, 'weight': 30.37707721122565, 'Novelty': 0.9475332811276429}
Epoch: 62:
	Train Loss: 0.336 --- Reconstruction Loss: 0.326 --- KL Loss: 18.947 --- Beta: 0.000572
	Validity: 0.30% --- Uniquene@1000: 0.97% --- Unique@10000: 0.86%

{'valid': 0.5402, 'unique@1000': 0.98, 'unique@10000': 0.886, 'FCD/Test': 12.395059606447433, 'SNN/Test': 0.5262602649065472, 'Frag/Test': 0.9243222561178259, 'Scaf/Test': 0.2657071719855917, 'FCD/TestSF': 12.89316787110161, 'SNN/TestSF': 0.48211120669174296, 'Frag/TestSF': 0.9189947738376856, 'Scaf/TestSF': 0.03745230702422997, 'IntDiv': 0.8520503111682772, 'IntDiv2': 0.8420216393825958, 'Filters': 0.9568061211896828, 'logP': 0.10545276019965501, 'SA': 0.07280257786892064, 'QED': 0.010612662226901368, 'weight': 24.440264222317712, 'Novelty': 0.948388977985129}
Epoch: 63:
	Train Loss: 0.334 --- Reconstruction Loss: 0.323 --- KL Loss: 18.706 --- Beta: 0.000595
	Validity: 0.54% --- Uniquene@1000: 0.98% --- Unique@10000: 0.89%

{'valid': 0.40480000000000005, 'unique@1000': 0.976, 'unique@10000': 0.8917, 'FCD/Test': 13.545778974269304, 'SNN/Test': 0.5262652068547364, 'Frag/Test': 0.9119807208768363, 'Scaf/Test': 0.20770465681220884, 'FCD/TestSF': 14.050564635121063, 'SNN/TestSF': 0.48427860287161684, 'Frag/TestSF': 0.905063403661591, 'Scaf/TestSF': 0.05971057095139998, 'IntDiv': 0.8500495733662665, 'IntDiv2': 0.8400593650197954, 'Filters': 0.9583333333333334, 'logP': 0.14453694958012298, 'SA': 0.04699942747791408, 'QED': 0.013440083056646002, 'weight': 26.868099209674583, 'Novelty': 0.9450559789255809}
Epoch: 64:
	Train Loss: 0.332 --- Reconstruction Loss: 0.321 --- KL Loss: 18.334 --- Beta: 0.000617
	Validity: 0.40% --- Uniquene@1000: 0.98% --- Unique@10000: 0.89%

{'valid': 0.5442333333333333, 'unique@1000': 0.973, 'unique@10000': 0.8991, 'FCD/Test': 13.013387586850186, 'SNN/Test': 0.5483800311285187, 'Frag/Test': 0.9315803903622262, 'Scaf/Test': 0.3564884172636811, 'FCD/TestSF': 13.557696725728235, 'SNN/TestSF': 0.5013843148348051, 'Frag/TestSF': 0.9253863617703608, 'Scaf/TestSF': 0.04538938973521078, 'IntDiv': 0.8454119180850993, 'IntDiv2': 0.8355209461188497, 'Filters': 0.9671096955962516, 'logP': 0.23413778987714026, 'SA': 0.07447966281429863, 'QED': 0.014355931862608253, 'weight': 23.046623860823356, 'Novelty': 0.92718101733447}
Epoch: 65:
	Train Loss: 0.331 --- Reconstruction Loss: 0.319 --- KL Loss: 18.008 --- Beta: 0.000640
	Validity: 0.54% --- Uniquene@1000: 0.97% --- Unique@10000: 0.90%

{'valid': 0.5131, 'unique@1000': 0.983, 'unique@10000': 0.8831, 'FCD/Test': 12.881081220239892, 'SNN/Test': 0.5349976627729344, 'Frag/Test': 0.9089064634354223, 'Scaf/Test': 0.2801235104176495, 'FCD/TestSF': 13.504538311038075, 'SNN/TestSF': 0.48665308803832996, 'Frag/TestSF': 0.9020130027674611, 'Scaf/TestSF': 0.03955839350643986, 'IntDiv': 0.8487771332634086, 'IntDiv2': 0.8384881180022429, 'Filters': 0.9707659325667511, 'logP': 0.1331840310099851, 'SA': 0.015774296230699335, 'QED': 0.013555161028513103, 'weight': 25.509441517963786, 'Novelty': 0.9432034764046657}
Epoch: 66:
	Train Loss: 0.328 --- Reconstruction Loss: 0.317 --- KL Loss: 17.682 --- Beta: 0.000662
	Validity: 0.51% --- Uniquene@1000: 0.98% --- Unique@10000: 0.88%

{'valid': 0.6302666666666666, 'unique@1000': 0.984, 'unique@10000': 0.9037, 'FCD/Test': 12.645022311894948, 'SNN/Test': 0.5401713228015131, 'Frag/Test': 0.9177800939383569, 'Scaf/Test': 0.31794003405238924, 'FCD/TestSF': 13.140169804850657, 'SNN/TestSF': 0.4935236340654635, 'Frag/TestSF': 0.9110137770406098, 'Scaf/TestSF': 0.04419239754616433, 'IntDiv': 0.8492577757685975, 'IntDiv2': 0.839538464375038, 'Filters': 0.9600698117199069, 'logP': 0.11698169055309439, 'SA': 0.03581075706330407, 'QED': 0.016939607101707322, 'weight': 26.965745552926855, 'Novelty': 0.9353313271510164}
Epoch: 67:
	Train Loss: 0.327 --- Reconstruction Loss: 0.315 --- KL Loss: 17.462 --- Beta: 0.000685
	Validity: 0.63% --- Uniquene@1000: 0.98% --- Unique@10000: 0.90%

{'valid': 0.5266333333333333, 'unique@1000': 0.979, 'unique@10000': 0.8962, 'FCD/Test': 12.996748639911885, 'SNN/Test': 0.5345081435043123, 'Frag/Test': 0.918237276992047, 'Scaf/Test': 0.28090227908385357, 'FCD/TestSF': 13.621851019129167, 'SNN/TestSF': 0.4876666722176792, 'Frag/TestSF': 0.9109537169426477, 'Scaf/TestSF': 0.04584098923884106, 'IntDiv': 0.8482994885879424, 'IntDiv2': 0.838230420323324, 'Filters': 0.9659472118488512, 'logP': 0.1582831452113992, 'SA': 0.03821604044438286, 'QED': 0.012325604286480382, 'weight': 22.811737054969658, 'Novelty': 0.9360380116959064}
Epoch: 68:
	Train Loss: 0.325 --- Reconstruction Loss: 0.313 --- KL Loss: 17.099 --- Beta: 0.000707
	Validity: 0.53% --- Uniquene@1000: 0.98% --- Unique@10000: 0.90%

{'valid': 0.5987333333333333, 'unique@1000': 0.982, 'unique@10000': 0.9253, 'FCD/Test': 13.971671389495505, 'SNN/Test': 0.5255438040872683, 'Frag/Test': 0.9032372783672536, 'Scaf/Test': 0.32211968265136337, 'FCD/TestSF': 14.598095857260944, 'SNN/TestSF': 0.47805113663201926, 'Frag/TestSF': 0.8972291569736689, 'Scaf/TestSF': 0.045993836290127654, 'IntDiv': 0.8519154427771367, 'IntDiv2': 0.8421695832329921, 'Filters': 0.9682106669635898, 'logP': 0.11405129318661748, 'SA': 0.01908714831976109, 'QED': 0.021081732768034628, 'weight': 23.528827345760252, 'Novelty': 0.9447391688771}
Epoch: 69:
	Train Loss: 0.323 --- Reconstruction Loss: 0.311 --- KL Loss: 16.830 --- Beta: 0.000730
	Validity: 0.60% --- Uniquene@1000: 0.98% --- Unique@10000: 0.93%

{'valid': 0.35429999999999995, 'unique@1000': 0.984, 'unique@10000': 0.8956, 'FCD/Test': 12.25024555710425, 'SNN/Test': 0.5347787016452968, 'Frag/Test': 0.9254508591782379, 'Scaf/Test': 0.2378006284495322, 'FCD/TestSF': 12.512097013101126, 'SNN/TestSF': 0.4983424539764105, 'Frag/TestSF': 0.9202385721155358, 'Scaf/TestSF': 0.05246695471094187, 'IntDiv': 0.8532739335141186, 'IntDiv2': 0.8430959044674713, 'Filters': 0.9630256844482077, 'logP': 0.10817824149895017, 'SA': 0.027047453587112573, 'QED': 0.013439002828584717, 'weight': 27.18825771440047, 'Novelty': 0.9382989963021658}
Epoch: 70:
	Train Loss: 0.322 --- Reconstruction Loss: 0.310 --- KL Loss: 16.594 --- Beta: 0.000752
	Validity: 0.35% --- Uniquene@1000: 0.98% --- Unique@10000: 0.90%

{'valid': 0.5602, 'unique@1000': 0.987, 'unique@10000': 0.9216, 'FCD/Test': 12.47266795433086, 'SNN/Test': 0.5264852612042064, 'Frag/Test': 0.914552688882273, 'Scaf/Test': 0.2859553027357973, 'FCD/TestSF': 12.963129452800374, 'SNN/TestSF': 0.48534847136556314, 'Frag/TestSF': 0.9096149897637875, 'Scaf/TestSF': 0.06402637155368096, 'IntDiv': 0.854249760389404, 'IntDiv2': 0.8447668984380939, 'Filters': 0.9622158752826372, 'logP': 0.10349954533981903, 'SA': 0.04069682187110361, 'QED': 0.014113918527682597, 'weight': 28.326284207029595, 'Novelty': 0.944370062926764}
Epoch: 71:
	Train Loss: 0.321 --- Reconstruction Loss: 0.308 --- KL Loss: 16.404 --- Beta: 0.000775
	Validity: 0.56% --- Uniquene@1000: 0.99% --- Unique@10000: 0.92%

{'valid': 0.47373333333333334, 'unique@1000': 0.98, 'unique@10000': 0.9035, 'FCD/Test': 12.303953854230357, 'SNN/Test': 0.5361840533092094, 'Frag/Test': 0.9263457894874194, 'Scaf/Test': 0.3024137173363355, 'FCD/TestSF': 12.83887919487114, 'SNN/TestSF': 0.49383867948265975, 'Frag/TestSF': 0.9226545392777368, 'Scaf/TestSF': 0.049844098498652345, 'IntDiv': 0.8543286181373025, 'IntDiv2': 0.8442894553223063, 'Filters': 0.9724176752040529, 'logP': 0.2137301305359976, 'SA': 0.03059455887927731, 'QED': 0.011016128349447846, 'weight': 32.93435901966065, 'Novelty': 0.9316760224538894}
Epoch: 72:
	Train Loss: 0.319 --- Reconstruction Loss: 0.306 --- KL Loss: 16.139 --- Beta: 0.000797
	Validity: 0.47% --- Uniquene@1000: 0.98% --- Unique@10000: 0.90%

{'valid': 0.5320666666666667, 'unique@1000': 0.982, 'unique@10000': 0.9038, 'FCD/Test': 12.506883169325832, 'SNN/Test': 0.548890059190486, 'Frag/Test': 0.9107967928342984, 'Scaf/Test': 0.31822536803043644, 'FCD/TestSF': 13.023240822201103, 'SNN/TestSF': 0.5060397276365208, 'Frag/TestSF': 0.9041451637686215, 'Scaf/TestSF': 0.06023036558260808, 'IntDiv': 0.8458498424541674, 'IntDiv2': 0.8357861003973459, 'Filters': 0.9721212880591404, 'logP': 0.1143604842783915, 'SA': 0.07170676046238396, 'QED': 0.014839488214095078, 'weight': 27.935717383399723, 'Novelty': 0.931390842543419}
Epoch: 73:
	Train Loss: 0.319 --- Reconstruction Loss: 0.305 --- KL Loss: 15.981 --- Beta: 0.000820
	Validity: 0.53% --- Uniquene@1000: 0.98% --- Unique@10000: 0.90%

{'valid': 0.5151666666666667, 'unique@1000': 0.984, 'unique@10000': 0.9109, 'FCD/Test': 12.404993773061015, 'SNN/Test': 0.53749634958189, 'Frag/Test': 0.94087719975762, 'Scaf/Test': 0.3296452972608611, 'FCD/TestSF': 12.96613558273399, 'SNN/TestSF': 0.4955340192324519, 'Frag/TestSF': 0.9357389721326395, 'Scaf/TestSF': 0.04488159919288126, 'IntDiv': 0.8499312975211275, 'IntDiv2': 0.8400073675012504, 'Filters': 0.9619540601747008, 'logP': 0.12039111842792052, 'SA': 0.03524122554038561, 'QED': 0.01259467375032914, 'weight': 27.590105634400903, 'Novelty': 0.9377657235009529}
Epoch: 74:
	Train Loss: 0.316 --- Reconstruction Loss: 0.303 --- KL Loss: 15.703 --- Beta: 0.000842
	Validity: 0.52% --- Uniquene@1000: 0.98% --- Unique@10000: 0.91%

{'valid': 0.61, 'unique@1000': 0.987, 'unique@10000': 0.9229, 'FCD/Test': 12.012052115603609, 'SNN/Test': 0.5340508404675403, 'Frag/Test': 0.9144874405574911, 'Scaf/Test': 0.33387139185137904, 'FCD/TestSF': 12.54422908035501, 'SNN/TestSF': 0.4919999996698945, 'Frag/TestSF': 0.9083766679613152, 'Scaf/TestSF': 0.05779787657927116, 'IntDiv': 0.8523113602982222, 'IntDiv2': 0.8428730201330656, 'Filters': 0.9698907103825136, 'logP': 0.10460655188362493, 'SA': 0.0398401972751214, 'QED': 0.013865070770365365, 'weight': 27.93653152028358, 'Novelty': 0.9364883232423081}
Epoch: 75:
	Train Loss: 0.315 --- Reconstruction Loss: 0.302 --- KL Loss: 15.410 --- Beta: 0.000865
	Validity: 0.61% --- Uniquene@1000: 0.99% --- Unique@10000: 0.92%

{'valid': 0.6092333333333333, 'unique@1000': 0.991, 'unique@10000': 0.9216, 'FCD/Test': 13.280139206359983, 'SNN/Test': 0.5303943902466082, 'Frag/Test': 0.9114527865555986, 'Scaf/Test': 0.32691191413574106, 'FCD/TestSF': 13.763358408338888, 'SNN/TestSF': 0.4923339312969611, 'Frag/TestSF': 0.905525934332879, 'Scaf/TestSF': 0.06203566984413311, 'IntDiv': 0.8497573624245927, 'IntDiv2': 0.8398970340808461, 'Filters': 0.9664605788696176, 'logP': 0.14288936561587376, 'SA': 0.02247459573112954, 'QED': 0.015266906546469939, 'weight': 20.242088773424936, 'Novelty': 0.9397365805168986}
Epoch: 76:
	Train Loss: 0.314 --- Reconstruction Loss: 0.300 --- KL Loss: 15.308 --- Beta: 0.000887
	Validity: 0.61% --- Uniquene@1000: 0.99% --- Unique@10000: 0.92%

{'valid': 0.5911, 'unique@1000': 0.993, 'unique@10000': 0.9385, 'FCD/Test': 12.947880707445826, 'SNN/Test': 0.51482676720835, 'Frag/Test': 0.893397727280192, 'Scaf/Test': 0.27139074040226663, 'FCD/TestSF': 13.5593008249039, 'SNN/TestSF': 0.4704706787488279, 'Frag/TestSF': 0.8876659146841153, 'Scaf/TestSF': 0.04481177840949935, 'IntDiv': 0.8580968664938277, 'IntDiv2': 0.8486704519364195, 'Filters': 0.9684204590311848, 'logP': 0.168612091937285, 'SA': 0.05560577912285459, 'QED': 0.01775475847517819, 'weight': 23.24499703128085, 'Novelty': 0.9513222270390784}
Epoch: 77:
	Train Loss: 0.312 --- Reconstruction Loss: 0.298 --- KL Loss: 15.153 --- Beta: 0.000910
	Validity: 0.59% --- Uniquene@1000: 0.99% --- Unique@10000: 0.94%

{'valid': 0.5729666666666666, 'unique@1000': 0.986, 'unique@10000': 0.9163, 'FCD/Test': 14.088420921706835, 'SNN/Test': 0.5316684069250106, 'Frag/Test': 0.8863733806390258, 'Scaf/Test': 0.3726806037490036, 'FCD/TestSF': 14.777590901481446, 'SNN/TestSF': 0.49100099344224135, 'Frag/TestSF': 0.8811698486635362, 'Scaf/TestSF': 0.05528040994103711, 'IntDiv': 0.8502030476784992, 'IntDiv2': 0.8400131667839317, 'Filters': 0.9714352201989644, 'logP': 0.1617038222345294, 'SA': 0.03855545014822541, 'QED': 0.021846922003240635, 'weight': 26.399775589912352, 'Novelty': 0.9430846163968943}
Epoch: 78:
	Train Loss: 0.312 --- Reconstruction Loss: 0.297 --- KL Loss: 15.034 --- Beta: 0.000932
	Validity: 0.57% --- Uniquene@1000: 0.99% --- Unique@10000: 0.92%

{'valid': 0.6308333333333334, 'unique@1000': 0.989, 'unique@10000': 0.9238, 'FCD/Test': 12.787593499462005, 'SNN/Test': 0.5324134422072961, 'Frag/Test': 0.8967700038383877, 'Scaf/Test': 0.3324996070309816, 'FCD/TestSF': 13.39571049679379, 'SNN/TestSF': 0.49485378746627345, 'Frag/TestSF': 0.8897269114794473, 'Scaf/TestSF': 0.06373418798904096, 'IntDiv': 0.8508850929734367, 'IntDiv2': 0.8411896275483803, 'Filters': 0.9661822985468956, 'logP': 0.15119091887396208, 'SA': 0.032296128968584706, 'QED': 0.01840302651804246, 'weight': 20.68911442009261, 'Novelty': 0.941106199976108}
Epoch: 79:
	Train Loss: 0.310 --- Reconstruction Loss: 0.296 --- KL Loss: 14.767 --- Beta: 0.000955
	Validity: 0.63% --- Uniquene@1000: 0.99% --- Unique@10000: 0.92%

{'valid': 0.7807333333333333, 'unique@1000': 0.981, 'unique@10000': 0.9201, 'FCD/Test': 12.957843322915352, 'SNN/Test': 0.5488558315817751, 'Frag/Test': 0.9132345102323034, 'Scaf/Test': 0.4018112935713605, 'FCD/TestSF': 13.478633608691453, 'SNN/TestSF': 0.5091589496790442, 'Frag/TestSF': 0.9068642827429738, 'Scaf/TestSF': 0.057309963065895086, 'IntDiv': 0.8424513314677704, 'IntDiv2': 0.8326936330158874, 'Filters': 0.9669541456750064, 'logP': 0.17756778859893332, 'SA': 0.07440351368401983, 'QED': 0.017007865416571614, 'weight': 19.17629660204352, 'Novelty': 0.9307267527857214}
Epoch: 80:
	Train Loss: 0.309 --- Reconstruction Loss: 0.294 --- KL Loss: 14.665 --- Beta: 0.000977
	Validity: 0.78% --- Uniquene@1000: 0.98% --- Unique@10000: 0.92%

