2024-02-15 06:00:42.253847: E external/local_xla/xla/stream_executor/cuda/cuda_dnn.cc:9261] Unable to register cuDNN factory: Attempting to register factory for plugin cuDNN when one has already been registered
2024-02-15 06:00:42.253930: E external/local_xla/xla/stream_executor/cuda/cuda_fft.cc:607] Unable to register cuFFT factory: Attempting to register factory for plugin cuFFT when one has already been registered
2024-02-15 06:00:42.254658: E external/local_xla/xla/stream_executor/cuda/cuda_blas.cc:1515] Unable to register cuBLAS factory: Attempting to register factory for plugin cuBLAS when one has already been registered
2024-02-15 06:00:42.258729: I tensorflow/core/platform/cpu_feature_guard.cc:182] This TensorFlow binary is optimized to use available CPU instructions in performance-critical operations.
To enable the following instructions: AVX2 FMA, in other operations, rebuild TensorFlow with the appropriate compiler flags.
2024-02-15 06:00:43.051991: W tensorflow/compiler/tf2tensorrt/utils/py_utils.cc:38] TF-TRT Warning: Could not find TensorRT

Arguments:
	data_path: data/moses_train.txt
	max_len: 30
	batch: 128
	d_model: 512
	d_latent: 256
	d_ff: 1024
	e_heads: 1
	d_heads: 8
	n_layers: 8
	dropout: 0.5
	lr: 0.0005
	n_epochs: 80
	kl_type: cyclic
	kl_w_start: 0.0001
	kl_w_end: 0.0005
	kl_cycle: 4
	kl_ratio: 1.0
	save_name: klcompare

Number of data: 88192

SMILES Vocab:
	 {'<START>': 0, '<END>': 1, '<PAD>': 2, 'C': 3, 'O': 4, 'c': 5, '1': 6, '(': 7, '=': 8, ')': 9, 'N': 10, 'n': 11, '2': 12, 'F': 13, 'Cl': 14, 'Br': 15, '#': 16, '3': 17, 'S': 18, 'o': 19, '-': 20, 's': 21, '[nH]': 22, '4': 23}

Graph Vocab:
	 {'C': 0, 'O': 1, 'N': 2, 'F': 3, 'Cl': 4, 'Br': 5, 'S': 6}


KL Annealer: [0.0001  0.00012 0.00014 0.00016 0.00018 0.0002  0.00022 0.00024 0.00026
 0.00028 0.0003  0.00032 0.00034 0.00036 0.00038 0.0004  0.00042 0.00044
 0.00046 0.00048 0.0001  0.00012 0.00014 0.00016 0.00018 0.0002  0.00022
 0.00024 0.00026 0.00028 0.0003  0.00032 0.00034 0.00036 0.00038 0.0004
 0.00042 0.00044 0.00046 0.00048 0.0001  0.00012 0.00014 0.00016 0.00018
 0.0002  0.00022 0.00024 0.00026 0.00028 0.0003  0.00032 0.00034 0.00036
 0.00038 0.0004  0.00042 0.00044 0.00046 0.00048 0.0001  0.00012 0.00014
 0.00016 0.00018 0.0002  0.00022 0.00024 0.00026 0.00028 0.0003  0.00032
 0.00034 0.00036 0.00038 0.0004  0.00042 0.00044 0.00046 0.00048]




#########################################################################
######################### START TRAINING ################################
#########################################################################




{'valid': 0.7787666666666666, 'unique@1000': 0.458, 'unique@10000': 0.184, 'FCD/Test': 29.679806574735686, 'SNN/Test': 0.6082066114007603, 'Frag/Test': 0.8128290973349334, 'Scaf/Test': 0.1565194517780797, 'FCD/TestSF': 30.863328264644196, 'SNN/TestSF': 0.516768337978625, 'Frag/TestSF': 0.8015173220681103, 'Scaf/TestSF': 0.0023606546757209967, 'IntDiv': 0.7392327389466268, 'IntDiv2': 0.7069870526996247, 'Filters': 0.999058340110431, 'logP': 0.4698648989424555, 'SA': 0.3831779020675525, 'QED': 0.08701264060247087, 'weight': 6.097572418624059, 'Novelty': 0.9156799425905993}
Epoch: 31:
	Train Loss: 0.502 --- Reconstruction Loss: 0.480 --- KL Loss: 73.689 --- Beta: 0.000300
	Validity: 0.78% --- Uniquene@1000: 0.46% --- Unique@10000: 0.18%

{'valid': 0.7544333333333333, 'unique@1000': 0.42, 'unique@10000': 0.157, 'FCD/Test': 28.987018361031403, 'SNN/Test': 0.6227926180739085, 'Frag/Test': 0.7999205654559917, 'Scaf/Test': 0.1532588307674837, 'FCD/TestSF': 30.64830884631293, 'SNN/TestSF': 0.5309761205640963, 'Frag/TestSF': 0.7885076667493006, 'Scaf/TestSF': 0.00858750595650104, 'IntDiv': 0.7255398619496686, 'IntDiv2': 0.6940487700532626, 'Filters': 0.9959793222286043, 'logP': 0.17879848768412895, 'SA': 0.4331503821508541, 'QED': 0.07352472519592324, 'weight': 10.50166782425852, 'Novelty': 0.892948173322005}
Epoch: 32:
	Train Loss: 0.493 --- Reconstruction Loss: 0.473 --- KL Loss: 62.739 --- Beta: 0.000320
	Validity: 0.75% --- Uniquene@1000: 0.42% --- Unique@10000: 0.16%

{'valid': 0.7984, 'unique@1000': 0.412, 'unique@10000': 0.1616, 'FCD/Test': 32.373035363333116, 'SNN/Test': 0.6049429012142724, 'Frag/Test': 0.7935155106706323, 'Scaf/Test': 0.10823538470441585, 'FCD/TestSF': 33.65598807562665, 'SNN/TestSF': 0.5250817476749997, 'Frag/TestSF': 0.7824184854364964, 'Scaf/TestSF': 0.0052984289680964025, 'IntDiv': 0.7018302992215084, 'IntDiv2': 0.6714764571920904, 'Filters': 0.9976202404809619, 'logP': 0.18488893143349627, 'SA': 0.4041420752100041, 'QED': 0.09407202992120778, 'weight': 8.2762584872057, 'Novelty': 0.92313756405203}
Epoch: 33:
	Train Loss: 0.484 --- Reconstruction Loss: 0.465 --- KL Loss: 56.719 --- Beta: 0.000340
	Validity: 0.80% --- Uniquene@1000: 0.41% --- Unique@10000: 0.16%

{'valid': 0.7565666666666666, 'unique@1000': 0.521, 'unique@10000': 0.2312, 'FCD/Test': 27.409820641614644, 'SNN/Test': 0.6059331436453871, 'Frag/Test': 0.7927675766191586, 'Scaf/Test': 0.17800234219558286, 'FCD/TestSF': 28.871102854840046, 'SNN/TestSF': 0.5224895984408414, 'Frag/TestSF': 0.779336327844898, 'Scaf/TestSF': 0.010583393552031639, 'IntDiv': 0.7499604976938576, 'IntDiv2': 0.7238648595503835, 'Filters': 0.9982376525532008, 'logP': 0.18628578173407886, 'SA': 0.38797578077203715, 'QED': 0.08948597457319137, 'weight': 8.734493401229996, 'Novelty': 0.9050809603573423}
Epoch: 34:
	Train Loss: 0.476 --- Reconstruction Loss: 0.458 --- KL Loss: 51.632 --- Beta: 0.000360
	Validity: 0.76% --- Uniquene@1000: 0.52% --- Unique@10000: 0.23%

{'valid': 0.7536666666666667, 'unique@1000': 0.643, 'unique@10000': 0.2844, 'FCD/Test': 22.680541246922502, 'SNN/Test': 0.6032277232260896, 'Frag/Test': 0.8866541191571644, 'Scaf/Test': 0.1513225147020647, 'FCD/TestSF': 23.899580741609142, 'SNN/TestSF': 0.5302101999732152, 'Frag/TestSF': 0.8770436505562507, 'Scaf/TestSF': 0.021862990693117035, 'IntDiv': 0.784388188445751, 'IntDiv2': 0.7635483330178547, 'Filters': 0.9947368421052631, 'logP': 0.3923981883125797, 'SA': 0.3508241381500775, 'QED': 0.04905969498408016, 'weight': 10.970361001371137, 'Novelty': 0.8899082568807339}
Epoch: 35:
	Train Loss: 0.466 --- Reconstruction Loss: 0.448 --- KL Loss: 47.921 --- Beta: 0.000380
	Validity: 0.75% --- Uniquene@1000: 0.64% --- Unique@10000: 0.28%

{'valid': 0.7649666666666667, 'unique@1000': 0.688, 'unique@10000': 0.3038, 'FCD/Test': 21.89814283167683, 'SNN/Test': 0.6188626706644342, 'Frag/Test': 0.8859987393805993, 'Scaf/Test': 0.25008017265193283, 'FCD/TestSF': 23.081110805647356, 'SNN/TestSF': 0.5350465034795974, 'Frag/TestSF': 0.8728398881426546, 'Scaf/TestSF': 0.022061856058546603, 'IntDiv': 0.7796514158610384, 'IntDiv2': 0.7618048684222536, 'Filters': 0.9962089851409648, 'logP': 0.4745946065084136, 'SA': 0.27734788431992374, 'QED': 0.05377008100434566, 'weight': 8.236846804913752, 'Novelty': 0.8996362080034239}
Epoch: 36:
	Train Loss: 0.457 --- Reconstruction Loss: 0.440 --- KL Loss: 44.064 --- Beta: 0.000400
	Validity: 0.76% --- Uniquene@1000: 0.69% --- Unique@10000: 0.30%

{'valid': 0.7985333333333333, 'unique@1000': 0.744, 'unique@10000': 0.3725, 'FCD/Test': 23.103239195109055, 'SNN/Test': 0.6182810348923705, 'Frag/Test': 0.9068374964763766, 'Scaf/Test': 0.29776167116057894, 'FCD/TestSF': 24.314246346701736, 'SNN/TestSF': 0.5358226708775471, 'Frag/TestSF': 0.8963270832666431, 'Scaf/TestSF': 0.054380756803743435, 'IntDiv': 0.7786652730690511, 'IntDiv2': 0.7633213062529498, 'Filters': 0.9970779762898647, 'logP': 0.5844587364459936, 'SA': 0.3550388645639699, 'QED': 0.039919392082028354, 'weight': 6.487210537917586, 'Novelty': 0.908672042126049}
Epoch: 37:
	Train Loss: 0.448 --- Reconstruction Loss: 0.431 --- KL Loss: 39.925 --- Beta: 0.000420
	Validity: 0.80% --- Uniquene@1000: 0.74% --- Unique@10000: 0.37%

{'valid': 0.7463666666666666, 'unique@1000': 0.718, 'unique@10000': 0.3596, 'FCD/Test': 21.22975709021992, 'SNN/Test': 0.6251540164322261, 'Frag/Test': 0.9319633484629241, 'Scaf/Test': 0.25447449957416146, 'FCD/TestSF': 22.385377335892166, 'SNN/TestSF': 0.5415411935019879, 'Frag/TestSF': 0.9228497772859391, 'Scaf/TestSF': 0.011634191244945802, 'IntDiv': 0.7828300288054628, 'IntDiv2': 0.766197378116079, 'Filters': 0.9959805278906704, 'logP': 0.6075641912772538, 'SA': 0.3611366988303763, 'QED': 0.03148418872546119, 'weight': 5.556274439369955, 'Novelty': 0.8989188261541102}
Epoch: 38:
	Train Loss: 0.441 --- Reconstruction Loss: 0.424 --- KL Loss: 37.327 --- Beta: 0.000440
	Validity: 0.75% --- Uniquene@1000: 0.72% --- Unique@10000: 0.36%

{'valid': 0.6967333333333333, 'unique@1000': 0.791, 'unique@10000': 0.439, 'FCD/Test': 19.394865619478026, 'SNN/Test': 0.6163003284160845, 'Frag/Test': 0.9104703147716323, 'Scaf/Test': 0.3348538070631215, 'FCD/TestSF': 20.331000557337987, 'SNN/TestSF': 0.5392069051912123, 'Frag/TestSF': 0.8994449679172337, 'Scaf/TestSF': 0.054590852087026076, 'IntDiv': 0.7913381522505308, 'IntDiv2': 0.7767253006814657, 'Filters': 0.9906229068988613, 'logP': 0.5723335221319323, 'SA': 0.32693123847259326, 'QED': 0.03355088458539723, 'weight': 6.808009062148576, 'Novelty': 0.9050857061906785}
Epoch: 39:
	Train Loss: 0.431 --- Reconstruction Loss: 0.416 --- KL Loss: 34.355 --- Beta: 0.000460
	Validity: 0.70% --- Uniquene@1000: 0.79% --- Unique@10000: 0.44%

{'valid': 0.7651666666666667, 'unique@1000': 0.807, 'unique@10000': 0.4645, 'FCD/Test': 20.544029233307953, 'SNN/Test': 0.6146212423777326, 'Frag/Test': 0.8866173414135947, 'Scaf/Test': 0.3274307280187858, 'FCD/TestSF': 21.88577201657295, 'SNN/TestSF': 0.5250231140768884, 'Frag/TestSF': 0.8730792213838218, 'Scaf/TestSF': 0.02510253781221472, 'IntDiv': 0.7830302497222018, 'IntDiv2': 0.7697962167480821, 'Filters': 0.9922892615987802, 'logP': 0.3887939334892948, 'SA': 0.2666981320860139, 'QED': 0.04093603798338335, 'weight': 10.857100437007867, 'Novelty': 0.8911218519460697}
Epoch: 40:
	Train Loss: 0.424 --- Reconstruction Loss: 0.409 --- KL Loss: 32.350 --- Beta: 0.000480
	Validity: 0.77% --- Uniquene@1000: 0.81% --- Unique@10000: 0.46%

{'valid': 0.7750666666666667, 'unique@1000': 0.754, 'unique@10000': 0.3603, 'FCD/Test': 21.374772401202804, 'SNN/Test': 0.6113546016257088, 'Frag/Test': 0.896659927580698, 'Scaf/Test': 0.19140898591062705, 'FCD/TestSF': 22.664869866174584, 'SNN/TestSF': 0.523348351865853, 'Frag/TestSF': 0.8845615269708315, 'Scaf/TestSF': 0.017494694971214142, 'IntDiv': 0.7824148783620803, 'IntDiv2': 0.7667882727595376, 'Filters': 0.9929468432822983, 'logP': 0.45694888587412313, 'SA': 0.28128588191988046, 'QED': 0.018664994449502998, 'weight': 15.919899512990298, 'Novelty': 0.8853016142735769}
Epoch: 41:
	Train Loss: 0.404 --- Reconstruction Loss: 0.398 --- KL Loss: 54.503 --- Beta: 0.000100
	Validity: 0.78% --- Uniquene@1000: 0.75% --- Unique@10000: 0.36%

{'valid': 0.7589, 'unique@1000': 0.756, 'unique@10000': 0.4121, 'FCD/Test': 20.155565841322215, 'SNN/Test': 0.6167714221927181, 'Frag/Test': 0.909412195692188, 'Scaf/Test': 0.14015480294579796, 'FCD/TestSF': 20.898625094472813, 'SNN/TestSF': 0.5347519462817155, 'Frag/TestSF': 0.8992647211746603, 'Scaf/TestSF': 0.03965291669169024, 'IntDiv': 0.7932576731287774, 'IntDiv2': 0.7784981912178688, 'Filters': 0.9852857205604603, 'logP': 0.5487498630224181, 'SA': 0.2625080845493479, 'QED': 0.020345109293318762, 'weight': 22.43008319370312, 'Novelty': 0.9042675893886967}
Epoch: 42:
	Train Loss: 0.397 --- Reconstruction Loss: 0.391 --- KL Loss: 57.409 --- Beta: 0.000120
	Validity: 0.76% --- Uniquene@1000: 0.76% --- Unique@10000: 0.41%

{'valid': 0.7507333333333334, 'unique@1000': 0.755, 'unique@10000': 0.4008, 'FCD/Test': 23.26464300870883, 'SNN/Test': 0.5949876809676474, 'Frag/Test': 0.8207974192704308, 'Scaf/Test': 0.17203427080526001, 'FCD/TestSF': 24.382579448671052, 'SNN/TestSF': 0.5066816093427082, 'Frag/TestSF': 0.8064312212236883, 'Scaf/TestSF': 0.04198778750038712, 'IntDiv': 0.7784640333436698, 'IntDiv2': 0.7617431826695622, 'Filters': 0.990364976467454, 'logP': 0.41750464726840647, 'SA': 0.21640762328019525, 'QED': 0.05668871587267125, 'weight': 14.882797664121018, 'Novelty': 0.9071152128609705}
Epoch: 43:
	Train Loss: 0.393 --- Reconstruction Loss: 0.385 --- KL Loss: 56.263 --- Beta: 0.000140
	Validity: 0.75% --- Uniquene@1000: 0.76% --- Unique@10000: 0.40%

{'valid': 0.5116333333333334, 'unique@1000': 0.778, 'unique@10000': 0.4239, 'FCD/Test': 18.839758751050965, 'SNN/Test': 0.5879339692945845, 'Frag/Test': 0.9020860782546443, 'Scaf/Test': 0.17869045456379484, 'FCD/TestSF': 19.5144523332917, 'SNN/TestSF': 0.5214228563283009, 'Frag/TestSF': 0.890726136853886, 'Scaf/TestSF': 0.05911661863430173, 'IntDiv': 0.8017392988748149, 'IntDiv2': 0.7879498705764103, 'Filters': 0.9849501596195191, 'logP': 0.5051034311911402, 'SA': 0.23058428524338198, 'QED': 0.023372345503537444, 'weight': 19.04432622973952, 'Novelty': 0.9045576407506702}
Epoch: 44:
	Train Loss: 0.388 --- Reconstruction Loss: 0.380 --- KL Loss: 53.432 --- Beta: 0.000160
	Validity: 0.51% --- Uniquene@1000: 0.78% --- Unique@10000: 0.42%

{'valid': 0.5557666666666667, 'unique@1000': 0.744, 'unique@10000': 0.4058, 'FCD/Test': 18.99880466367594, 'SNN/Test': 0.583424440987758, 'Frag/Test': 0.9225889666096846, 'Scaf/Test': 0.15150516875571607, 'FCD/TestSF': 19.47511395363464, 'SNN/TestSF': 0.5207567094008395, 'Frag/TestSF': 0.9136359109689728, 'Scaf/TestSF': 0.08932441388498868, 'IntDiv': 0.8040759255399486, 'IntDiv2': 0.7899889427161255, 'Filters': 0.9907035326575901, 'logP': 0.4481375617354904, 'SA': 0.1417180415484918, 'QED': 0.019464910115595615, 'weight': 17.499206135872644, 'Novelty': 0.9107015032211883}
Epoch: 45:
	Train Loss: 0.383 --- Reconstruction Loss: 0.374 --- KL Loss: 49.903 --- Beta: 0.000180
	Validity: 0.56% --- Uniquene@1000: 0.74% --- Unique@10000: 0.41%

{'valid': 0.6539333333333333, 'unique@1000': 0.821, 'unique@10000': 0.4775, 'FCD/Test': 18.88333088320411, 'SNN/Test': 0.5981843754381795, 'Frag/Test': 0.9334125022757991, 'Scaf/Test': 0.15812691410166568, 'FCD/TestSF': 19.506417714390338, 'SNN/TestSF': 0.5368395836150164, 'Frag/TestSF': 0.9255716232879975, 'Scaf/TestSF': 0.06639307075783896, 'IntDiv': 0.8045280597031331, 'IntDiv2': 0.7915984122167857, 'Filters': 0.9819553471301866, 'logP': 0.4074920747324193, 'SA': 0.19152026846600803, 'QED': 0.01994583048186995, 'weight': 22.166996352558066, 'Novelty': 0.9040477770404778}
Epoch: 46:
	Train Loss: 0.379 --- Reconstruction Loss: 0.369 --- KL Loss: 47.047 --- Beta: 0.000200
	Validity: 0.65% --- Uniquene@1000: 0.82% --- Unique@10000: 0.48%

{'valid': 0.5021333333333333, 'unique@1000': 0.837, 'unique@10000': 0.496, 'FCD/Test': 17.763959963373253, 'SNN/Test': 0.585743607095563, 'Frag/Test': 0.9037268679503317, 'Scaf/Test': 0.20952478289496312, 'FCD/TestSF': 18.504193562507695, 'SNN/TestSF': 0.5187777771129294, 'Frag/TestSF': 0.8946096203410417, 'Scaf/TestSF': 0.14668580168142098, 'IntDiv': 0.800359500604404, 'IntDiv2': 0.7887317461398502, 'Filters': 0.9814126394052045, 'logP': 0.46432862916583895, 'SA': 0.1636943297190455, 'QED': 0.010416316416701269, 'weight': 18.430396407859778, 'Novelty': 0.9129379645078113}
Epoch: 47:
	Train Loss: 0.374 --- Reconstruction Loss: 0.365 --- KL Loss: 44.145 --- Beta: 0.000220
	Validity: 0.50% --- Uniquene@1000: 0.84% --- Unique@10000: 0.50%

{'valid': 0.38073333333333337, 'unique@1000': 0.82, 'unique@10000': 0.4842, 'FCD/Test': 18.077748429442657, 'SNN/Test': 0.5775146825528358, 'Frag/Test': 0.9118423874752355, 'Scaf/Test': 0.1419830878911259, 'FCD/TestSF': 18.43073238808659, 'SNN/TestSF': 0.5174212487699209, 'Frag/TestSF': 0.9031464861149232, 'Scaf/TestSF': 0.035348572993391336, 'IntDiv': 0.8103907585817642, 'IntDiv2': 0.797025626945213, 'Filters': 0.9883558045876379, 'logP': 0.5258613963455644, 'SA': 0.10442168547835809, 'QED': 0.015705240940474124, 'weight': 22.982027693597015, 'Novelty': 0.9215465465465466}
Epoch: 48:
	Train Loss: 0.370 --- Reconstruction Loss: 0.360 --- KL Loss: 41.509 --- Beta: 0.000240
	Validity: 0.38% --- Uniquene@1000: 0.82% --- Unique@10000: 0.48%

{'valid': 0.46573333333333333, 'unique@1000': 0.82, 'unique@10000': 0.5063, 'FCD/Test': 17.285334430965534, 'SNN/Test': 0.6024468250193007, 'Frag/Test': 0.9241034043662997, 'Scaf/Test': 0.20728405362282287, 'FCD/TestSF': 17.533218590645333, 'SNN/TestSF': 0.5419737885631738, 'Frag/TestSF': 0.9154160319885847, 'Scaf/TestSF': 0.04403350277800566, 'IntDiv': 0.8166999983831029, 'IntDiv2': 0.8034266909649939, 'Filters': 0.9836100772974521, 'logP': 0.561049127880107, 'SA': 0.24096640551563722, 'QED': 0.024167776099721847, 'weight': 30.303166187404948, 'Novelty': 0.8837063703239944}
Epoch: 49:
	Train Loss: 0.365 --- Reconstruction Loss: 0.355 --- KL Loss: 39.194 --- Beta: 0.000260
	Validity: 0.47% --- Uniquene@1000: 0.82% --- Unique@10000: 0.51%

{'valid': 0.5524666666666667, 'unique@1000': 0.854, 'unique@10000': 0.57, 'FCD/Test': 17.05860084517819, 'SNN/Test': 0.5896631816683711, 'Frag/Test': 0.9398069543207768, 'Scaf/Test': 0.177468526799621, 'FCD/TestSF': 17.334372521992336, 'SNN/TestSF': 0.5272858915269497, 'Frag/TestSF': 0.9318792091408895, 'Scaf/TestSF': 0.01884226157316693, 'IntDiv': 0.8126610824749443, 'IntDiv2': 0.8004962083155152, 'Filters': 0.9774948714854591, 'logP': 0.5617566904703559, 'SA': 0.1508751309141483, 'QED': 0.026902246295688756, 'weight': 21.365185912175992, 'Novelty': 0.9057041651398559}
Epoch: 50:
	Train Loss: 0.361 --- Reconstruction Loss: 0.350 --- KL Loss: 36.831 --- Beta: 0.000280
	Validity: 0.55% --- Uniquene@1000: 0.85% --- Unique@10000: 0.57%

{'valid': 0.5606333333333333, 'unique@1000': 0.863, 'unique@10000': 0.5971, 'FCD/Test': 16.531725399677555, 'SNN/Test': 0.5860567992032939, 'Frag/Test': 0.9110214722954048, 'Scaf/Test': 0.16051065714826707, 'FCD/TestSF': 17.244014110644272, 'SNN/TestSF': 0.5155175226864077, 'Frag/TestSF': 0.8985704030387653, 'Scaf/TestSF': 0.015374317488306866, 'IntDiv': 0.8128430843145674, 'IntDiv2': 0.8004203421344991, 'Filters': 0.9791307449907842, 'logP': 0.4437371803821449, 'SA': 0.1580576811804903, 'QED': 0.016412288756088158, 'weight': 23.661514966237455, 'Novelty': 0.9020618556701031}
Epoch: 51:
	Train Loss: 0.356 --- Reconstruction Loss: 0.345 --- KL Loss: 34.734 --- Beta: 0.000300
	Validity: 0.56% --- Uniquene@1000: 0.86% --- Unique@10000: 0.60%

{'valid': 0.7078666666666666, 'unique@1000': 0.928, 'unique@10000': 0.6915, 'FCD/Test': 15.362423081048192, 'SNN/Test': 0.5868323028303738, 'Frag/Test': 0.9057980561662387, 'Scaf/Test': 0.17817185679938863, 'FCD/TestSF': 16.067984074196666, 'SNN/TestSF': 0.5133356808490572, 'Frag/TestSF': 0.8935833465739994, 'Scaf/TestSF': 0.020226935884600228, 'IntDiv': 0.8243651190002219, 'IntDiv2': 0.812831137688195, 'Filters': 0.9851196082124694, 'logP': 0.4102606644629459, 'SA': 0.1472472645376733, 'QED': 0.012475710968403572, 'weight': 26.009826181517333, 'Novelty': 0.8905782450465022}
Epoch: 52:
	Train Loss: 0.352 --- Reconstruction Loss: 0.341 --- KL Loss: 32.968 --- Beta: 0.000320
	Validity: 0.71% --- Uniquene@1000: 0.93% --- Unique@10000: 0.69%

{'valid': 0.6906, 'unique@1000': 0.898, 'unique@10000': 0.6725, 'FCD/Test': 15.928462717395725, 'SNN/Test': 0.5978570019355013, 'Frag/Test': 0.9044688187465152, 'Scaf/Test': 0.19452305804365078, 'FCD/TestSF': 16.572419085190226, 'SNN/TestSF': 0.5268936400954553, 'Frag/TestSF': 0.892306997069748, 'Scaf/TestSF': 0.06711734654721513, 'IntDiv': 0.8182096745142472, 'IntDiv2': 0.8077832615715199, 'Filters': 0.9850371657495898, 'logP': 0.3831680739057816, 'SA': 0.2258800836869544, 'QED': 0.012506146677892991, 'weight': 26.041526409825988, 'Novelty': 0.8881707628199677}
Epoch: 53:
	Train Loss: 0.348 --- Reconstruction Loss: 0.337 --- KL Loss: 31.369 --- Beta: 0.000340
	Validity: 0.69% --- Uniquene@1000: 0.90% --- Unique@10000: 0.67%

{'valid': 0.7310666666666666, 'unique@1000': 0.947, 'unique@10000': 0.7185, 'FCD/Test': 14.401643950565244, 'SNN/Test': 0.5964777323925406, 'Frag/Test': 0.9339145246200032, 'Scaf/Test': 0.22884121086890752, 'FCD/TestSF': 15.021054604911583, 'SNN/TestSF': 0.5265076993637638, 'Frag/TestSF': 0.9219387110255598, 'Scaf/TestSF': 0.046632131106832064, 'IntDiv': 0.8177533419754968, 'IntDiv2': 0.8070394479474114, 'Filters': 0.9776126208280138, 'logP': 0.4159478908447112, 'SA': 0.2241783122085478, 'QED': 0.015147023781021887, 'weight': 24.917824168110428, 'Novelty': 0.8970335500261526}
Epoch: 54:
	Train Loss: 0.344 --- Reconstruction Loss: 0.333 --- KL Loss: 29.995 --- Beta: 0.000360
	Validity: 0.73% --- Uniquene@1000: 0.95% --- Unique@10000: 0.72%

{'valid': 0.6134666666666666, 'unique@1000': 0.936, 'unique@10000': 0.7475, 'FCD/Test': 14.340095509795162, 'SNN/Test': 0.5882438914176304, 'Frag/Test': 0.922574225616662, 'Scaf/Test': 0.22528180539876486, 'FCD/TestSF': 15.041867798339588, 'SNN/TestSF': 0.5217455986719615, 'Frag/TestSF': 0.912105485288498, 'Scaf/TestSF': 0.04561629842053472, 'IntDiv': 0.8238069814254613, 'IntDiv2': 0.8139752966966833, 'Filters': 0.9822321234514236, 'logP': 0.2825343772672003, 'SA': 0.1663726755696288, 'QED': 0.014497773059933666, 'weight': 26.95838768542994, 'Novelty': 0.8950501508603115}
Epoch: 55:
	Train Loss: 0.339 --- Reconstruction Loss: 0.328 --- KL Loss: 28.473 --- Beta: 0.000380
	Validity: 0.61% --- Uniquene@1000: 0.94% --- Unique@10000: 0.75%

{'valid': 0.7824666666666666, 'unique@1000': 0.949, 'unique@10000': 0.7912, 'FCD/Test': 13.996568328474908, 'SNN/Test': 0.5798550179277224, 'Frag/Test': 0.9239849637093672, 'Scaf/Test': 0.24251684290280373, 'FCD/TestSF': 14.84184655237084, 'SNN/TestSF': 0.5078510771663995, 'Frag/TestSF': 0.9117349661024624, 'Scaf/TestSF': 0.06677927622835444, 'IntDiv': 0.8244694877378038, 'IntDiv2': 0.8147109077554875, 'Filters': 0.9817244611059044, 'logP': 0.31845012533103145, 'SA': 0.1288804153531436, 'QED': 0.011960630929394247, 'weight': 26.53283441672529, 'Novelty': 0.904714267850444}
Epoch: 56:
	Train Loss: 0.337 --- Reconstruction Loss: 0.326 --- KL Loss: 27.439 --- Beta: 0.000400
	Validity: 0.78% --- Uniquene@1000: 0.95% --- Unique@10000: 0.79%

{'valid': 0.6752666666666667, 'unique@1000': 0.947, 'unique@10000': 0.7611, 'FCD/Test': 14.165619182812826, 'SNN/Test': 0.588638013579089, 'Frag/Test': 0.9558959320581832, 'Scaf/Test': 0.30454299504321747, 'FCD/TestSF': 14.676544849018782, 'SNN/TestSF': 0.5279804311633134, 'Frag/TestSF': 0.9485829539269977, 'Scaf/TestSF': 0.048454244611463526, 'IntDiv': 0.8257656301634719, 'IntDiv2': 0.815720780668546, 'Filters': 0.9814394313357686, 'logP': 0.42495629907404975, 'SA': 0.1911690509445062, 'QED': 0.01943288197223304, 'weight': 26.8526070601348, 'Novelty': 0.8885994939723173}
Epoch: 57:
	Train Loss: 0.332 --- Reconstruction Loss: 0.321 --- KL Loss: 26.417 --- Beta: 0.000420
	Validity: 0.68% --- Uniquene@1000: 0.95% --- Unique@10000: 0.76%

{'valid': 0.8101666666666667, 'unique@1000': 0.956, 'unique@10000': 0.7927, 'FCD/Test': 14.02209205346417, 'SNN/Test': 0.5867907477097118, 'Frag/Test': 0.9205601454027476, 'Scaf/Test': 0.2720823484868137, 'FCD/TestSF': 14.877021174030268, 'SNN/TestSF': 0.5212275581101384, 'Frag/TestSF': 0.9087718320181774, 'Scaf/TestSF': 0.04312197067172441, 'IntDiv': 0.8230370549425781, 'IntDiv2': 0.8127603005484912, 'Filters': 0.984776794898169, 'logP': 0.37109126036782347, 'SA': 0.22626508712433663, 'QED': 0.012332395351728122, 'weight': 28.21910364484244, 'Novelty': 0.8902024978780162}
Epoch: 58:
	Train Loss: 0.332 --- Reconstruction Loss: 0.320 --- KL Loss: 25.659 --- Beta: 0.000440
	Validity: 0.81% --- Uniquene@1000: 0.96% --- Unique@10000: 0.79%

slurmstepd: error: *** JOB 8257221 ON hpctpa3pc0038 CANCELLED AT 2024-02-15T10:04:48 ***
