2024-02-15 02:31:21.121849: E external/local_xla/xla/stream_executor/cuda/cuda_dnn.cc:9261] Unable to register cuDNN factory: Attempting to register factory for plugin cuDNN when one has already been registered
2024-02-15 02:31:21.121931: E external/local_xla/xla/stream_executor/cuda/cuda_fft.cc:607] Unable to register cuFFT factory: Attempting to register factory for plugin cuFFT when one has already been registered
2024-02-15 02:31:21.122897: E external/local_xla/xla/stream_executor/cuda/cuda_blas.cc:1515] Unable to register cuBLAS factory: Attempting to register factory for plugin cuBLAS when one has already been registered
2024-02-15 02:31:21.127452: I tensorflow/core/platform/cpu_feature_guard.cc:182] This TensorFlow binary is optimized to use available CPU instructions in performance-critical operations.
To enable the following instructions: AVX2 FMA, in other operations, rebuild TensorFlow with the appropriate compiler flags.
2024-02-15 02:31:21.953334: W tensorflow/compiler/tf2tensorrt/utils/py_utils.cc:38] TF-TRT Warning: Could not find TensorRT

Arguments:
	data_path: data/moses_train.txt
	max_len: 30
	batch: 128
	d_model: 512
	d_latent: 256
	d_ff: 1024
	e_heads: 1
	d_heads: 8
	n_layers: 6
	dropout: 0.5
	lr: 0.0005
	n_epochs: 100
	kl_type: cyclic
	kl_w_start: 0.0001
	kl_w_end: 0.0005
	kl_cycle: 6
	kl_ratio: 1.0
	save_name: klcompare

Number of data: 88192

SMILES Vocab:
	 {'<START>': 0, '<END>': 1, '<PAD>': 2, 'C': 3, 'O': 4, 'c': 5, '1': 6, '(': 7, '=': 8, ')': 9, 'N': 10, 'n': 11, '2': 12, 'F': 13, 'Cl': 14, 'Br': 15, '#': 16, '3': 17, 'S': 18, 'o': 19, '-': 20, 's': 21, '[nH]': 22, '4': 23}

Graph Vocab:
	 {'C': 0, 'O': 1, 'N': 2, 'F': 3, 'Cl': 4, 'Br': 5, 'S': 6}


KL Annealer: [0.0001   0.000124 0.000148 0.000172 0.000196 0.00022  0.000244 0.000268
 0.000292 0.000316 0.00034  0.000364 0.000388 0.000412 0.000436 0.00046
 0.0001   0.000124 0.000148 0.000172 0.000196 0.00022  0.000244 0.000268
 0.000292 0.000316 0.00034  0.000364 0.000388 0.000412 0.000436 0.00046
 0.000484 0.0001   0.000124 0.000148 0.000172 0.000196 0.00022  0.000244
 0.000268 0.000292 0.000316 0.00034  0.000364 0.000388 0.000412 0.000436
 0.00046  0.000484 0.0001   0.000124 0.000148 0.000172 0.000196 0.00022
 0.000244 0.000268 0.000292 0.000316 0.00034  0.000364 0.000388 0.000412
 0.000436 0.00046  0.0001   0.000124 0.000148 0.000172 0.000196 0.00022
 0.000244 0.000268 0.000292 0.000316 0.00034  0.000364 0.000388 0.000412
 0.000436 0.00046  0.000484 0.0001   0.000124 0.000148 0.000172 0.000196
 0.00022  0.000244 0.000268 0.000292 0.000316 0.00034  0.000364 0.000388
 0.000412 0.000436 0.00046  0.000484]




#########################################################################
######################### START TRAINING ################################
#########################################################################




{'valid': 0.6160333333333333, 'unique@1000': 0.85, 'unique@10000': 0.5125, 'FCD/Test': 20.055627621283882, 'SNN/Test': 0.6000436829476316, 'Frag/Test': 0.8847441931285304, 'Scaf/Test': 0.23983234048012259, 'FCD/TestSF': 21.05275216833995, 'SNN/TestSF': 0.5272090508868688, 'Frag/TestSF': 0.8723295306770088, 'Scaf/TestSF': 0.04797196374281931, 'IntDiv': 0.7879488718961051, 'IntDiv2': 0.7743573503885451, 'Filters': 0.9783561495590065, 'logP': 0.393973922278595, 'SA': 0.2269851331092517, 'QED': 0.0538672415423907, 'weight': 9.933153026238953, 'Novelty': 0.9394178848939813}
Epoch: 31:
	Train Loss: 0.456 --- Reconstruction Loss: 0.444 --- KL Loss: 28.573 --- Beta: 0.000436
	Validity: 0.62% --- Uniquene@1000: 0.85% --- Unique@10000: 0.51%

{'valid': 0.5961333333333334, 'unique@1000': 0.849, 'unique@10000': 0.5542, 'FCD/Test': 22.741238369198193, 'SNN/Test': 0.6021395721786296, 'Frag/Test': 0.8749030942372538, 'Scaf/Test': 0.2083539522507034, 'FCD/TestSF': 23.598054371407272, 'SNN/TestSF': 0.5346203760592443, 'Frag/TestSF': 0.8635599713676851, 'Scaf/TestSF': 0.0408406833039936, 'IntDiv': 0.776493406560491, 'IntDiv2': 0.7629714923550356, 'Filters': 0.9854059494520242, 'logP': 0.4189039447737072, 'SA': 0.27474606122100276, 'QED': 0.05492490090422277, 'weight': 7.362591235162578, 'Novelty': 0.9316674561819043}
Epoch: 32:
	Train Loss: 0.451 --- Reconstruction Loss: 0.438 --- KL Loss: 26.881 --- Beta: 0.000460
	Validity: 0.60% --- Uniquene@1000: 0.85% --- Unique@10000: 0.55%

{'valid': 0.4996666666666667, 'unique@1000': 0.869, 'unique@10000': 0.5558, 'FCD/Test': 20.39906308400832, 'SNN/Test': 0.5984728816809696, 'Frag/Test': 0.8735049278541063, 'Scaf/Test': 0.20323974915980136, 'FCD/TestSF': 21.4129216402209, 'SNN/TestSF': 0.5156415212722999, 'Frag/TestSF': 0.8594003357903935, 'Scaf/TestSF': 0.02100823647018424, 'IntDiv': 0.7841241122135163, 'IntDiv2': 0.7701627635910537, 'Filters': 0.9784523015343563, 'logP': 0.3352249794337111, 'SA': 0.17734976503461916, 'QED': 0.07117464977773703, 'weight': 7.673474766968138, 'Novelty': 0.9495661605206074}
Epoch: 33:
	Train Loss: 0.445 --- Reconstruction Loss: 0.433 --- KL Loss: 25.458 --- Beta: 0.000484
	Validity: 0.50% --- Uniquene@1000: 0.87% --- Unique@10000: 0.56%

{'valid': 0.4295, 'unique@1000': 0.841, 'unique@10000': 0.5124, 'FCD/Test': 22.964664193925103, 'SNN/Test': 0.590687392654926, 'Frag/Test': 0.8475210478929821, 'Scaf/Test': 0.145234173002326, 'FCD/TestSF': 24.25295478647734, 'SNN/TestSF': 0.49652858973012026, 'Frag/TestSF': 0.83259882420197, 'Scaf/TestSF': 0.021764173798632602, 'IntDiv': 0.7744922479018305, 'IntDiv2': 0.7603745586050851, 'Filters': 0.9816065192083818, 'logP': 0.282115863962192, 'SA': 0.12514256204433974, 'QED': 0.09144744915845064, 'weight': 6.751669168346168, 'Novelty': 0.9512795275590551}
Epoch: 34:
	Train Loss: 0.427 --- Reconstruction Loss: 0.423 --- KL Loss: 42.685 --- Beta: 0.000100
	Validity: 0.43% --- Uniquene@1000: 0.84% --- Unique@10000: 0.51%

{'valid': 0.41803333333333337, 'unique@1000': 0.842, 'unique@10000': 0.534, 'FCD/Test': 19.55866163430929, 'SNN/Test': 0.5748929941676069, 'Frag/Test': 0.9020275032063645, 'Scaf/Test': 0.20416347809961644, 'FCD/TestSF': 20.67349031439381, 'SNN/TestSF': 0.50257099905626, 'Frag/TestSF': 0.8913910556613175, 'Scaf/TestSF': 0.032238702857602, 'IntDiv': 0.8001379993330047, 'IntDiv2': 0.7871473305009529, 'Filters': 0.9743242165696515, 'logP': 0.4209837230910593, 'SA': 0.07117577935875438, 'QED': 0.03219182022979731, 'weight': 11.016827522574568, 'Novelty': 0.9416547106647537}
Epoch: 35:
	Train Loss: 0.422 --- Reconstruction Loss: 0.417 --- KL Loss: 44.757 --- Beta: 0.000124
	Validity: 0.42% --- Uniquene@1000: 0.84% --- Unique@10000: 0.53%

{'valid': 0.5586, 'unique@1000': 0.832, 'unique@10000': 0.5115, 'FCD/Test': 19.30111286373365, 'SNN/Test': 0.5882087423863951, 'Frag/Test': 0.9110219840645609, 'Scaf/Test': 0.2595868455672915, 'FCD/TestSF': 20.637811996274728, 'SNN/TestSF': 0.511879002658297, 'Frag/TestSF': 0.8984138861580547, 'Scaf/TestSF': 0.018673450593558627, 'IntDiv': 0.7983531693434796, 'IntDiv2': 0.7857047916594279, 'Filters': 0.9862752118391216, 'logP': 0.3627374983485425, 'SA': 0.21538632270001484, 'QED': 0.017727069305506216, 'weight': 19.404966464917244, 'Novelty': 0.9304102976669348}
Epoch: 36:
	Train Loss: 0.418 --- Reconstruction Loss: 0.412 --- KL Loss: 43.501 --- Beta: 0.000148
	Validity: 0.56% --- Uniquene@1000: 0.83% --- Unique@10000: 0.51%

{'valid': 0.6244000000000001, 'unique@1000': 0.851, 'unique@10000': 0.585, 'FCD/Test': 18.399906719011753, 'SNN/Test': 0.5882391438974788, 'Frag/Test': 0.9379824753381015, 'Scaf/Test': 0.20880639651666355, 'FCD/TestSF': 19.19795268659547, 'SNN/TestSF': 0.5183945562910848, 'Frag/TestSF': 0.9278758620441534, 'Scaf/TestSF': 0.025864287540324216, 'IntDiv': 0.8034212570422528, 'IntDiv2': 0.7906210926089015, 'Filters': 0.9807281657057442, 'logP': 0.4527966499026212, 'SA': 0.210986239320614, 'QED': 0.02323249725981436, 'weight': 16.0644090656116, 'Novelty': 0.9327516492870823}
Epoch: 37:
	Train Loss: 0.413 --- Reconstruction Loss: 0.406 --- KL Loss: 41.241 --- Beta: 0.000172
	Validity: 0.62% --- Uniquene@1000: 0.85% --- Unique@10000: 0.58%

{'valid': 0.6114666666666666, 'unique@1000': 0.913, 'unique@10000': 0.6606, 'FCD/Test': 17.523323606567715, 'SNN/Test': 0.5882548765014131, 'Frag/Test': 0.9245835588195275, 'Scaf/Test': 0.24627685335387972, 'FCD/TestSF': 18.231721751802866, 'SNN/TestSF': 0.5240208166157945, 'Frag/TestSF': 0.9140771535414198, 'Scaf/TestSF': 0.09771575339814187, 'IntDiv': 0.8015683258805253, 'IntDiv2': 0.7902454129385933, 'Filters': 0.9796118621892717, 'logP': 0.3724345995031436, 'SA': 0.21528576686946027, 'QED': 0.02093462095632674, 'weight': 14.016126981550874, 'Novelty': 0.924495842492593}
Epoch: 38:
	Train Loss: 0.409 --- Reconstruction Loss: 0.402 --- KL Loss: 38.990 --- Beta: 0.000196
	Validity: 0.61% --- Uniquene@1000: 0.91% --- Unique@10000: 0.66%

{'valid': 0.4262666666666667, 'unique@1000': 0.859, 'unique@10000': 0.5847, 'FCD/Test': 18.182165314943617, 'SNN/Test': 0.5700596198078371, 'Frag/Test': 0.9520833041626825, 'Scaf/Test': 0.17188535284213602, 'FCD/TestSF': 18.74477768746135, 'SNN/TestSF': 0.5184166884171542, 'Frag/TestSF': 0.9467746380567733, 'Scaf/TestSF': 0.040067980624150734, 'IntDiv': 0.8075580739749979, 'IntDiv2': 0.7965635239024618, 'Filters': 0.9632467938692524, 'logP': 0.34535676671412363, 'SA': 0.16063000044213227, 'QED': 0.016834915161980643, 'weight': 17.77728386317292, 'Novelty': 0.9292272919903941}
Epoch: 39:
	Train Loss: 0.405 --- Reconstruction Loss: 0.397 --- KL Loss: 36.975 --- Beta: 0.000220
	Validity: 0.43% --- Uniquene@1000: 0.86% --- Unique@10000: 0.58%

{'valid': 0.48706666666666665, 'unique@1000': 0.916, 'unique@10000': 0.7092, 'FCD/Test': 15.92530550509386, 'SNN/Test': 0.5772896482755298, 'Frag/Test': 0.9338360247777422, 'Scaf/Test': 0.23900032463189447, 'FCD/TestSF': 16.66321515412467, 'SNN/TestSF': 0.5117153604702284, 'Frag/TestSF': 0.923934037920466, 'Scaf/TestSF': 0.04891473048799444, 'IntDiv': 0.8090018170719854, 'IntDiv2': 0.7975053277029409, 'Filters': 0.9691349575691213, 'logP': 0.4585909776059711, 'SA': 0.1677440400059275, 'QED': 0.027295373740093536, 'weight': 12.561938127779369, 'Novelty': 0.9444732207603854}
Epoch: 40:
	Train Loss: 0.400 --- Reconstruction Loss: 0.391 --- KL Loss: 34.566 --- Beta: 0.000244
	Validity: 0.49% --- Uniquene@1000: 0.92% --- Unique@10000: 0.71%

{'valid': 0.5372666666666667, 'unique@1000': 0.914, 'unique@10000': 0.7063, 'FCD/Test': 17.01700565578696, 'SNN/Test': 0.5785603052894314, 'Frag/Test': 0.9447660024862093, 'Scaf/Test': 0.23873825740443866, 'FCD/TestSF': 17.892496077986834, 'SNN/TestSF': 0.5139926699476571, 'Frag/TestSF': 0.9352252295836284, 'Scaf/TestSF': 0.039528422491706405, 'IntDiv': 0.8111581699692001, 'IntDiv2': 0.8004914176836552, 'Filters': 0.9779128924184142, 'logP': 0.4855243213250213, 'SA': 0.1780681980797203, 'QED': 0.019626853196142966, 'weight': 15.528026350854406, 'Novelty': 0.9310179869881362}
Epoch: 41:
	Train Loss: 0.395 --- Reconstruction Loss: 0.386 --- KL Loss: 32.693 --- Beta: 0.000268
	Validity: 0.54% --- Uniquene@1000: 0.91% --- Unique@10000: 0.71%

{'valid': 0.6269, 'unique@1000': 0.938, 'unique@10000': 0.759, 'FCD/Test': 15.530182399143627, 'SNN/Test': 0.5657762237467213, 'Frag/Test': 0.9442178368266205, 'Scaf/Test': 0.22521194366932662, 'FCD/TestSF': 16.35624304265521, 'SNN/TestSF': 0.506949893766159, 'Frag/TestSF': 0.9347271702265413, 'Scaf/TestSF': 0.049583223993260095, 'IntDiv': 0.813866743161138, 'IntDiv2': 0.8039116962289751, 'Filters': 0.9755410219599085, 'logP': 0.3840300543370967, 'SA': 0.14887868385636874, 'QED': 0.011833204214681774, 'weight': 21.10154945475512, 'Novelty': 0.9364089775561097}
Epoch: 42:
	Train Loss: 0.391 --- Reconstruction Loss: 0.382 --- KL Loss: 30.977 --- Beta: 0.000292
	Validity: 0.63% --- Uniquene@1000: 0.94% --- Unique@10000: 0.76%

{'valid': 0.6687666666666667, 'unique@1000': 0.958, 'unique@10000': 0.762, 'FCD/Test': 15.591194786171059, 'SNN/Test': 0.5741494781773236, 'Frag/Test': 0.9444893733680779, 'Scaf/Test': 0.2753265684760935, 'FCD/TestSF': 16.211694023851962, 'SNN/TestSF': 0.520900118994474, 'Frag/TestSF': 0.9372461118036539, 'Scaf/TestSF': 0.05390385140625098, 'IntDiv': 0.8184250399823849, 'IntDiv2': 0.8080542929463825, 'Filters': 0.9784179833524398, 'logP': 0.4877497296341279, 'SA': 0.19437975347016184, 'QED': 0.02036666736921814, 'weight': 17.443454712536663, 'Novelty': 0.9314525181471226}
Epoch: 43:
	Train Loss: 0.387 --- Reconstruction Loss: 0.377 --- KL Loss: 29.226 --- Beta: 0.000316
	Validity: 0.67% --- Uniquene@1000: 0.96% --- Unique@10000: 0.76%

{'valid': 0.4300333333333334, 'unique@1000': 0.96, 'unique@10000': 0.8092, 'FCD/Test': 14.217602958546465, 'SNN/Test': 0.5479177584270019, 'Frag/Test': 0.9455024416692488, 'Scaf/Test': 0.2899830192996615, 'FCD/TestSF': 15.000415745078847, 'SNN/TestSF': 0.4916685283468191, 'Frag/TestSF': 0.9367215366666611, 'Scaf/TestSF': 0.03759320940186317, 'IntDiv': 0.8317922348683879, 'IntDiv2': 0.821864758885465, 'Filters': 0.9675218975273234, 'logP': 0.3329476838240883, 'SA': 0.05824123959874508, 'QED': 0.01843453595539519, 'weight': 20.206801798171124, 'Novelty': 0.936796365791033}
Epoch: 44:
	Train Loss: 0.383 --- Reconstruction Loss: 0.374 --- KL Loss: 27.989 --- Beta: 0.000340
	Validity: 0.43% --- Uniquene@1000: 0.96% --- Unique@10000: 0.81%

{'valid': 0.6429666666666667, 'unique@1000': 0.963, 'unique@10000': 0.8116, 'FCD/Test': 14.335117194002962, 'SNN/Test': 0.5645294231300598, 'Frag/Test': 0.9394618262132484, 'Scaf/Test': 0.26354485604768096, 'FCD/TestSF': 14.992739974864548, 'SNN/TestSF': 0.5090390235831451, 'Frag/TestSF': 0.930562054113609, 'Scaf/TestSF': 0.05112378784034488, 'IntDiv': 0.8284423852362188, 'IntDiv2': 0.8186265629707862, 'Filters': 0.9753227227953756, 'logP': 0.36140312715851597, 'SA': 0.14596779388998032, 'QED': 0.016827189050534253, 'weight': 21.482460579971594, 'Novelty': 0.9249211356466877}
Epoch: 45:
	Train Loss: 0.379 --- Reconstruction Loss: 0.370 --- KL Loss: 26.613 --- Beta: 0.000364
	Validity: 0.64% --- Uniquene@1000: 0.96% --- Unique@10000: 0.81%

{'valid': 0.6007, 'unique@1000': 0.97, 'unique@10000': 0.8189, 'FCD/Test': 13.965143632393222, 'SNN/Test': 0.5644491287303364, 'Frag/Test': 0.9363565444765325, 'Scaf/Test': 0.24796309531800376, 'FCD/TestSF': 14.769581130912968, 'SNN/TestSF': 0.5063526258116511, 'Frag/TestSF': 0.9264999622590367, 'Scaf/TestSF': 0.0722286141955335, 'IntDiv': 0.8280211499898742, 'IntDiv2': 0.8180344803251011, 'Filters': 0.9736418622717941, 'logP': 0.2827537408958563, 'SA': 0.14054766369978644, 'QED': 0.011504554268207243, 'weight': 21.449791747905692, 'Novelty': 0.9238754325259516}
Epoch: 46:
	Train Loss: 0.377 --- Reconstruction Loss: 0.367 --- KL Loss: 25.688 --- Beta: 0.000388
	Validity: 0.60% --- Uniquene@1000: 0.97% --- Unique@10000: 0.82%

{'valid': 0.6399666666666667, 'unique@1000': 0.98, 'unique@10000': 0.8598, 'FCD/Test': 13.593757611942152, 'SNN/Test': 0.5478860113465716, 'Frag/Test': 0.9301735827976705, 'Scaf/Test': 0.26888032794225647, 'FCD/TestSF': 14.429408553497623, 'SNN/TestSF': 0.4883115299232702, 'Frag/TestSF': 0.9197003958376285, 'Scaf/TestSF': 0.048807279184545194, 'IntDiv': 0.8312759104582711, 'IntDiv2': 0.8213036027712388, 'Filters': 0.9705713839262462, 'logP': 0.25698435919437373, 'SA': 0.09761749670433538, 'QED': 0.026932221330504682, 'weight': 25.018444601766312, 'Novelty': 0.9420432866258799}
Epoch: 47:
	Train Loss: 0.372 --- Reconstruction Loss: 0.362 --- KL Loss: 24.670 --- Beta: 0.000412
	Validity: 0.64% --- Uniquene@1000: 0.98% --- Unique@10000: 0.86%

{'valid': 0.6501333333333333, 'unique@1000': 0.977, 'unique@10000': 0.8559, 'FCD/Test': 13.813479526342263, 'SNN/Test': 0.5634374337796492, 'Frag/Test': 0.9302017556566241, 'Scaf/Test': 0.289012511959728, 'FCD/TestSF': 14.588336997781227, 'SNN/TestSF': 0.5066330332738379, 'Frag/TestSF': 0.9204834342851242, 'Scaf/TestSF': 0.04939768933016475, 'IntDiv': 0.8293174147257966, 'IntDiv2': 0.8189241120238698, 'Filters': 0.9784659557013946, 'logP': 0.3318398108921011, 'SA': 0.1541261511833935, 'QED': 0.026514288020221124, 'weight': 22.034335445236557, 'Novelty': 0.9268276847162706}
Epoch: 48:
	Train Loss: 0.369 --- Reconstruction Loss: 0.359 --- KL Loss: 23.885 --- Beta: 0.000436
	Validity: 0.65% --- Uniquene@1000: 0.98% --- Unique@10000: 0.86%

{'valid': 0.5455666666666666, 'unique@1000': 0.98, 'unique@10000': 0.8956, 'FCD/Test': 13.192293633762645, 'SNN/Test': 0.5225352690378587, 'Frag/Test': 0.9343578255352313, 'Scaf/Test': 0.23799427993384503, 'FCD/TestSF': 13.998455057536056, 'SNN/TestSF': 0.47036904917546574, 'Frag/TestSF': 0.9237953936877958, 'Scaf/TestSF': 0.04218043477588507, 'IntDiv': 0.8444540594195316, 'IntDiv2': 0.8346824689413022, 'Filters': 0.9623021934380155, 'logP': 0.35390528639135144, 'SA': 0.028790085246555134, 'QED': 0.02376523162810001, 'weight': 26.78078770439188, 'Novelty': 0.9520153550863724}
Epoch: 49:
	Train Loss: 0.367 --- Reconstruction Loss: 0.356 --- KL Loss: 23.074 --- Beta: 0.000460
	Validity: 0.55% --- Uniquene@1000: 0.98% --- Unique@10000: 0.90%

{'valid': 0.7114, 'unique@1000': 0.98, 'unique@10000': 0.8889, 'FCD/Test': 12.8073994557041, 'SNN/Test': 0.5617674993391772, 'Frag/Test': 0.9501698944761329, 'Scaf/Test': 0.3461468180766547, 'FCD/TestSF': 13.678696099570544, 'SNN/TestSF': 0.5015024616357794, 'Frag/TestSF': 0.9400899600978043, 'Scaf/TestSF': 0.05437137892578059, 'IntDiv': 0.8339867834034519, 'IntDiv2': 0.8242900184051286, 'Filters': 0.9741823634148628, 'logP': 0.22436417462936786, 'SA': 0.1240672473770819, 'QED': 0.012329802187422979, 'weight': 25.515178379128262, 'Novelty': 0.9248305960721259}
Epoch: 50:
	Train Loss: 0.363 --- Reconstruction Loss: 0.352 --- KL Loss: 22.290 --- Beta: 0.000484
	Validity: 0.71% --- Uniquene@1000: 0.98% --- Unique@10000: 0.89%

{'valid': 0.7040666666666666, 'unique@1000': 0.973, 'unique@10000': 0.8596, 'FCD/Test': 13.790236887977898, 'SNN/Test': 0.5436597922357428, 'Frag/Test': 0.9410815609444587, 'Scaf/Test': 0.2692520317083894, 'FCD/TestSF': 14.466310087860961, 'SNN/TestSF': 0.49008539210112184, 'Frag/TestSF': 0.93186514511229, 'Scaf/TestSF': 0.055292814905266496, 'IntDiv': 0.8431775484522588, 'IntDiv2': 0.8335276391465414, 'Filters': 0.9719250071016002, 'logP': 0.24727035256688645, 'SA': 0.07248499627268375, 'QED': 0.011701481224013413, 'weight': 27.109289197762322, 'Novelty': 0.9313260960834883}
Epoch: 51:
	Train Loss: 0.351 --- Reconstruction Loss: 0.347 --- KL Loss: 34.338 --- Beta: 0.000100
	Validity: 0.70% --- Uniquene@1000: 0.97% --- Unique@10000: 0.86%

{'valid': 0.6535666666666666, 'unique@1000': 0.966, 'unique@10000': 0.8154, 'FCD/Test': 13.685071787808013, 'SNN/Test': 0.5560685941845843, 'Frag/Test': 0.9431246533084803, 'Scaf/Test': 0.23039745248400434, 'FCD/TestSF': 14.608757476415633, 'SNN/TestSF': 0.49363200193142887, 'Frag/TestSF': 0.9315283585526382, 'Scaf/TestSF': 0.04117431611750799, 'IntDiv': 0.8315192372632054, 'IntDiv2': 0.8216918137120465, 'Filters': 0.9733768552047738, 'logP': 0.19849625189181277, 'SA': 0.0970305481911925, 'QED': 0.008109362023915444, 'weight': 31.04008677902108, 'Novelty': 0.92652724270776}
Epoch: 52:
	Train Loss: 0.348 --- Reconstruction Loss: 0.343 --- KL Loss: 36.102 --- Beta: 0.000124
	Validity: 0.65% --- Uniquene@1000: 0.97% --- Unique@10000: 0.82%

{'valid': 0.7222999999999999, 'unique@1000': 0.962, 'unique@10000': 0.8383, 'FCD/Test': 13.983891420721037, 'SNN/Test': 0.5427452028677919, 'Frag/Test': 0.948343229369258, 'Scaf/Test': 0.28787909068733986, 'FCD/TestSF': 14.91654497592198, 'SNN/TestSF': 0.48374510528986936, 'Frag/TestSF': 0.9380238350544682, 'Scaf/TestSF': 0.04213505380851168, 'IntDiv': 0.837732717810498, 'IntDiv2': 0.8279449537097568, 'Filters': 0.9690341040195671, 'logP': 0.18751530552838463, 'SA': 0.06636458726286308, 'QED': 0.008541894349478855, 'weight': 35.8755028222533, 'Novelty': 0.9345714460260248}
Epoch: 53:
	Train Loss: 0.346 --- Reconstruction Loss: 0.341 --- KL Loss: 35.106 --- Beta: 0.000148
	Validity: 0.72% --- Uniquene@1000: 0.96% --- Unique@10000: 0.84%

{'valid': 0.6288, 'unique@1000': 0.973, 'unique@10000': 0.8587, 'FCD/Test': 13.571867955998357, 'SNN/Test': 0.5319921356816227, 'Frag/Test': 0.9488591969466085, 'Scaf/Test': 0.2802968793465813, 'FCD/TestSF': 14.223454217822962, 'SNN/TestSF': 0.4803949319832564, 'Frag/TestSF': 0.9396045277878697, 'Scaf/TestSF': 0.04849690702299647, 'IntDiv': 0.8464107713999167, 'IntDiv2': 0.8370984979704942, 'Filters': 0.9677162849872774, 'logP': 0.2532798328022404, 'SA': 0.018371173074343935, 'QED': 0.009739159734562559, 'weight': 32.697437419430045, 'Novelty': 0.9337071900660925}
Epoch: 54:
	Train Loss: 0.344 --- Reconstruction Loss: 0.338 --- KL Loss: 33.812 --- Beta: 0.000172
	Validity: 0.63% --- Uniquene@1000: 0.97% --- Unique@10000: 0.86%

{'valid': 0.46143333333333336, 'unique@1000': 0.965, 'unique@10000': 0.835, 'FCD/Test': 14.059448058446321, 'SNN/Test': 0.5235368166193404, 'Frag/Test': 0.9430978798422633, 'Scaf/Test': 0.2561438165041552, 'FCD/TestSF': 14.74642483285946, 'SNN/TestSF': 0.47369320254458314, 'Frag/TestSF': 0.9345348685909957, 'Scaf/TestSF': 0.05572188633404196, 'IntDiv': 0.8452707770664886, 'IntDiv2': 0.8359365383677373, 'Filters': 0.9577403741963447, 'logP': 0.2273371691446562, 'SA': 0.0289888253628183, 'QED': 0.007873185448672446, 'weight': 32.57969575038004, 'Novelty': 0.9385072476816422}
Epoch: 55:
	Train Loss: 0.342 --- Reconstruction Loss: 0.336 --- KL Loss: 32.530 --- Beta: 0.000196
	Validity: 0.46% --- Uniquene@1000: 0.96% --- Unique@10000: 0.83%

{'valid': 0.5578333333333334, 'unique@1000': 0.971, 'unique@10000': 0.8421, 'FCD/Test': 13.66756514628215, 'SNN/Test': 0.5175505267191831, 'Frag/Test': 0.9525840381299252, 'Scaf/Test': 0.24156090545868059, 'FCD/TestSF': 14.40390516312732, 'SNN/TestSF': 0.46796198565371544, 'Frag/TestSF': 0.9447350642912652, 'Scaf/TestSF': 0.04573069075750502, 'IntDiv': 0.8512487527926369, 'IntDiv2': 0.8416444268442729, 'Filters': 0.9551239916342994, 'logP': 0.18570252855605157, 'SA': 0.049302822112673984, 'QED': 0.007062294841599996, 'weight': 39.25572695480708, 'Novelty': 0.9432500189926308}
Epoch: 56:
	Train Loss: 0.340 --- Reconstruction Loss: 0.333 --- KL Loss: 31.295 --- Beta: 0.000220
	Validity: 0.56% --- Uniquene@1000: 0.97% --- Unique@10000: 0.84%

{'valid': 0.7027666666666667, 'unique@1000': 0.974, 'unique@10000': 0.8573, 'FCD/Test': 13.826208701788524, 'SNN/Test': 0.539891644799183, 'Frag/Test': 0.9360252523643456, 'Scaf/Test': 0.252541239942111, 'FCD/TestSF': 14.608881453036233, 'SNN/TestSF': 0.48421190594965846, 'Frag/TestSF': 0.925418552190583, 'Scaf/TestSF': 0.048275204057113275, 'IntDiv': 0.8397947536209892, 'IntDiv2': 0.8300641589620656, 'Filters': 0.9647109045202296, 'logP': 0.19405994025025236, 'SA': 0.04951099513118075, 'QED': 0.00885524207153379, 'weight': 34.11591473733846, 'Novelty': 0.9302762297068088}
Epoch: 57:
	Train Loss: 0.338 --- Reconstruction Loss: 0.330 --- KL Loss: 30.130 --- Beta: 0.000244
	Validity: 0.70% --- Uniquene@1000: 0.97% --- Unique@10000: 0.86%

{'valid': 0.6425000000000001, 'unique@1000': 0.979, 'unique@10000': 0.8486, 'FCD/Test': 14.186620378071439, 'SNN/Test': 0.5298089722398036, 'Frag/Test': 0.9336222337473914, 'Scaf/Test': 0.26460481372389455, 'FCD/TestSF': 14.906417457776001, 'SNN/TestSF': 0.4779041207478359, 'Frag/TestSF': 0.925485651603857, 'Scaf/TestSF': 0.04122350593606472, 'IntDiv': 0.8446977541913212, 'IntDiv2': 0.8349356356252791, 'Filters': 0.9567833981841763, 'logP': 0.26386598172723547, 'SA': 0.017302197854081207, 'QED': 0.014156458166580092, 'weight': 29.134694468437992, 'Novelty': 0.9348895154416104}
Epoch: 58:
	Train Loss: 0.336 --- Reconstruction Loss: 0.328 --- KL Loss: 29.223 --- Beta: 0.000268
	Validity: 0.64% --- Uniquene@1000: 0.98% --- Unique@10000: 0.85%

{'valid': 0.6863333333333334, 'unique@1000': 0.976, 'unique@10000': 0.8805, 'FCD/Test': 14.122383732726156, 'SNN/Test': 0.5256697834406506, 'Frag/Test': 0.9361629006223562, 'Scaf/Test': 0.27858103959095737, 'FCD/TestSF': 14.7583872615808, 'SNN/TestSF': 0.4760218138049794, 'Frag/TestSF': 0.9283462049020623, 'Scaf/TestSF': 0.061434245633425366, 'IntDiv': 0.8482496426944189, 'IntDiv2': 0.8388640895917187, 'Filters': 0.9638173870811073, 'logP': 0.19860763615677118, 'SA': 0.016873697396386108, 'QED': 0.011418344455273524, 'weight': 34.15031550276866, 'Novelty': 0.9401201165487304}
Epoch: 59:
	Train Loss: 0.334 --- Reconstruction Loss: 0.326 --- KL Loss: 27.948 --- Beta: 0.000292
	Validity: 0.69% --- Uniquene@1000: 0.98% --- Unique@10000: 0.88%

{'valid': 0.6319333333333333, 'unique@1000': 0.983, 'unique@10000': 0.8786, 'FCD/Test': 12.856371917144003, 'SNN/Test': 0.5328596136589219, 'Frag/Test': 0.9325165087265219, 'Scaf/Test': 0.2990088306405352, 'FCD/TestSF': 13.548441899457224, 'SNN/TestSF': 0.4794825775243648, 'Frag/TestSF': 0.9237659689379981, 'Scaf/TestSF': 0.04873275836316404, 'IntDiv': 0.8505133356050134, 'IntDiv2': 0.8404425864960975, 'Filters': 0.9689840700495833, 'logP': 0.1599933987356026, 'SA': 0.04999338019363188, 'QED': 0.009515345200094923, 'weight': 34.409552246558725, 'Novelty': 0.9335677749360614}
Epoch: 60:
	Train Loss: 0.332 --- Reconstruction Loss: 0.324 --- KL Loss: 26.858 --- Beta: 0.000316
	Validity: 0.63% --- Uniquene@1000: 0.98% --- Unique@10000: 0.88%

{'valid': 0.6889333333333334, 'unique@1000': 0.979, 'unique@10000': 0.8872, 'FCD/Test': 13.571114720960487, 'SNN/Test': 0.5328702609730119, 'Frag/Test': 0.9451023384041758, 'Scaf/Test': 0.31433716832845915, 'FCD/TestSF': 14.307462209004711, 'SNN/TestSF': 0.4803134669508848, 'Frag/TestSF': 0.9359577347769441, 'Scaf/TestSF': 0.06720484633673096, 'IntDiv': 0.8479495545514428, 'IntDiv2': 0.8384115871922406, 'Filters': 0.9564544222953358, 'logP': 0.18688609861064054, 'SA': 0.022469089588583065, 'QED': 0.009614608801809168, 'weight': 34.12725359040515, 'Novelty': 0.931299061559346}
Epoch: 61:
	Train Loss: 0.331 --- Reconstruction Loss: 0.322 --- KL Loss: 25.929 --- Beta: 0.000340
	Validity: 0.69% --- Uniquene@1000: 0.98% --- Unique@10000: 0.89%

{'valid': 0.6779666666666666, 'unique@1000': 0.982, 'unique@10000': 0.8933, 'FCD/Test': 13.187072775492112, 'SNN/Test': 0.5314032152134665, 'Frag/Test': 0.9358659180721665, 'Scaf/Test': 0.2730030826984804, 'FCD/TestSF': 13.819591629311049, 'SNN/TestSF': 0.4832849485983838, 'Frag/TestSF': 0.9266063061422596, 'Scaf/TestSF': 0.07419516194141318, 'IntDiv': 0.8464988531220403, 'IntDiv2': 0.8372036274848622, 'Filters': 0.9600275333103889, 'logP': 0.2208091319413591, 'SA': 0.027889941148799717, 'QED': 0.01004591518945395, 'weight': 34.13241625306215, 'Novelty': 0.9365051395007342}
Epoch: 62:
	Train Loss: 0.329 --- Reconstruction Loss: 0.320 --- KL Loss: 25.179 --- Beta: 0.000364
	Validity: 0.68% --- Uniquene@1000: 0.98% --- Unique@10000: 0.89%

{'valid': 0.5735333333333333, 'unique@1000': 0.983, 'unique@10000': 0.8855, 'FCD/Test': 12.64507280094957, 'SNN/Test': 0.5289135284935764, 'Frag/Test': 0.9382643601520396, 'Scaf/Test': 0.285583560169858, 'FCD/TestSF': 13.389652070669783, 'SNN/TestSF': 0.4785355014896914, 'Frag/TestSF': 0.9291131156369804, 'Scaf/TestSF': 0.07846544304233283, 'IntDiv': 0.8450955099469867, 'IntDiv2': 0.8356160976314528, 'Filters': 0.9601883064047425, 'logP': 0.1666935164739345, 'SA': 0.033476392069368616, 'QED': 0.009158405655130396, 'weight': 29.553423731253506, 'Novelty': 0.935430349118562}
Epoch: 63:
	Train Loss: 0.327 --- Reconstruction Loss: 0.317 --- KL Loss: 24.556 --- Beta: 0.000388
	Validity: 0.57% --- Uniquene@1000: 0.98% --- Unique@10000: 0.89%

{'valid': 0.7133333333333334, 'unique@1000': 0.995, 'unique@10000': 0.9178, 'FCD/Test': 13.097231765668297, 'SNN/Test': 0.5288847863514011, 'Frag/Test': 0.9187609330109592, 'Scaf/Test': 0.2968220446961385, 'FCD/TestSF': 13.915805484628187, 'SNN/TestSF': 0.4766851775452634, 'Frag/TestSF': 0.911585663044061, 'Scaf/TestSF': 0.055212226121374, 'IntDiv': 0.8524993060539733, 'IntDiv2': 0.8429181635068637, 'Filters': 0.9682710280373832, 'logP': 0.2310125816932218, 'SA': 0.025190668493482095, 'QED': 0.011966712996004731, 'weight': 30.294575265419972, 'Novelty': 0.9299940304987246}
Epoch: 64:
	Train Loss: 0.326 --- Reconstruction Loss: 0.316 --- KL Loss: 23.710 --- Beta: 0.000412
	Validity: 0.71% --- Uniquene@1000: 0.99% --- Unique@10000: 0.92%

{'valid': 0.7056333333333333, 'unique@1000': 0.987, 'unique@10000': 0.9158, 'FCD/Test': 12.398120604423468, 'SNN/Test': 0.5355058635252279, 'Frag/Test': 0.9449978724904146, 'Scaf/Test': 0.3289831048379236, 'FCD/TestSF': 13.22342060000188, 'SNN/TestSF': 0.48070294410940595, 'Frag/TestSF': 0.9359479610202514, 'Scaf/TestSF': 0.061688377779815284, 'IntDiv': 0.8476641716498033, 'IntDiv2': 0.8382204012656056, 'Filters': 0.9633426236477869, 'logP': 0.17526236722006297, 'SA': 0.024804852011817292, 'QED': 0.010638504687526631, 'weight': 27.909727654512203, 'Novelty': 0.9289918046312085}
Epoch: 65:
	Train Loss: 0.324 --- Reconstruction Loss: 0.314 --- KL Loss: 23.125 --- Beta: 0.000436
	Validity: 0.71% --- Uniquene@1000: 0.99% --- Unique@10000: 0.92%

{'valid': 0.5735666666666667, 'unique@1000': 0.991, 'unique@10000': 0.9088, 'FCD/Test': 12.951707461965533, 'SNN/Test': 0.5203475525914781, 'Frag/Test': 0.9140820521164802, 'Scaf/Test': 0.28114158427597546, 'FCD/TestSF': 13.76761707381361, 'SNN/TestSF': 0.46567286972651234, 'Frag/TestSF': 0.9046524986683336, 'Scaf/TestSF': 0.05754952237382305, 'IntDiv': 0.8511026267828281, 'IntDiv2': 0.8417191657770883, 'Filters': 0.9686174231417446, 'logP': 0.1700985792181622, 'SA': 0.06700966610322806, 'QED': 0.007247533458892073, 'weight': 30.325893169435997, 'Novelty': 0.9344514232259788}
Epoch: 66:
	Train Loss: 0.323 --- Reconstruction Loss: 0.312 --- KL Loss: 22.602 --- Beta: 0.000460
	Validity: 0.57% --- Uniquene@1000: 0.99% --- Unique@10000: 0.91%

{'valid': 0.7748666666666667, 'unique@1000': 0.986, 'unique@10000': 0.9082, 'FCD/Test': 13.099104842979557, 'SNN/Test': 0.5326602790970395, 'Frag/Test': 0.9279836571700388, 'Scaf/Test': 0.3206387197000362, 'FCD/TestSF': 14.081852417763102, 'SNN/TestSF': 0.4741884997077841, 'Frag/TestSF': 0.9167238785323101, 'Scaf/TestSF': 0.05504920837248073, 'IntDiv': 0.8455274510327115, 'IntDiv2': 0.8361096231393707, 'Filters': 0.9717370730448249, 'logP': 0.17349727841165433, 'SA': 0.031220274618718808, 'QED': 0.015110583293317886, 'weight': 29.905537632344085, 'Novelty': 0.9309832453758262}
Epoch: 67:
	Train Loss: 0.312 --- Reconstruction Loss: 0.308 --- KL Loss: 32.778 --- Beta: 0.000100
	Validity: 0.77% --- Uniquene@1000: 0.99% --- Unique@10000: 0.91%

{'valid': 0.6649, 'unique@1000': 0.973, 'unique@10000': 0.8834, 'FCD/Test': 13.354897186057897, 'SNN/Test': 0.5303725820715854, 'Frag/Test': 0.9395200838971941, 'Scaf/Test': 0.2693490966783041, 'FCD/TestSF': 14.160802504165844, 'SNN/TestSF': 0.4772480695598579, 'Frag/TestSF': 0.9304161301996802, 'Scaf/TestSF': 0.056853783416556114, 'IntDiv': 0.8470341284154971, 'IntDiv2': 0.8375087869587556, 'Filters': 0.9607961096906803, 'logP': 0.18953223451233162, 'SA': 0.026451481102413237, 'QED': 0.009211784697349507, 'weight': 31.85278514456079, 'Novelty': 0.9282878260338403}
Epoch: 68:
	Train Loss: 0.310 --- Reconstruction Loss: 0.306 --- KL Loss: 34.442 --- Beta: 0.000124
	Validity: 0.66% --- Uniquene@1000: 0.97% --- Unique@10000: 0.88%

{'valid': 0.7975, 'unique@1000': 0.994, 'unique@10000': 0.9119, 'FCD/Test': 13.629135646431813, 'SNN/Test': 0.5237523067265344, 'Frag/Test': 0.9369832691820263, 'Scaf/Test': 0.3394685339789527, 'FCD/TestSF': 14.692629388728896, 'SNN/TestSF': 0.46671026547064726, 'Frag/TestSF': 0.9266434119569523, 'Scaf/TestSF': 0.07214068396419016, 'IntDiv': 0.8475396785087216, 'IntDiv2': 0.8381498571910182, 'Filters': 0.9688610240334379, 'logP': 0.18372242282682077, 'SA': 0.04024207780878956, 'QED': 0.011550490011638591, 'weight': 33.423748134205354, 'Novelty': 0.934675123607851}
Epoch: 69:
	Train Loss: 0.309 --- Reconstruction Loss: 0.304 --- KL Loss: 33.645 --- Beta: 0.000148
	Validity: 0.80% --- Uniquene@1000: 0.99% --- Unique@10000: 0.91%

{'valid': 0.6779999999999999, 'unique@1000': 0.983, 'unique@10000': 0.8884, 'FCD/Test': 13.817160060332661, 'SNN/Test': 0.532207283692667, 'Frag/Test': 0.9273400118166071, 'Scaf/Test': 0.19216875857683213, 'FCD/TestSF': 14.765064904854512, 'SNN/TestSF': 0.4756734755355407, 'Frag/TestSF': 0.91592145764586, 'Scaf/TestSF': 0.03949859981949133, 'IntDiv': 0.8464109576716777, 'IntDiv2': 0.8365876380183184, 'Filters': 0.9686823992133726, 'logP': 0.21767790398044756, 'SA': 0.024005004221359136, 'QED': 0.009503492675271709, 'weight': 32.51346010256161, 'Novelty': 0.9224579806889975}
Epoch: 70:
	Train Loss: 0.308 --- Reconstruction Loss: 0.302 --- KL Loss: 32.626 --- Beta: 0.000172
	Validity: 0.68% --- Uniquene@1000: 0.98% --- Unique@10000: 0.89%

{'valid': 0.7202666666666666, 'unique@1000': 0.987, 'unique@10000': 0.8924, 'FCD/Test': 13.458106960129037, 'SNN/Test': 0.5405744505713093, 'Frag/Test': 0.9356570921840034, 'Scaf/Test': 0.3179678161408519, 'FCD/TestSF': 14.411228883889997, 'SNN/TestSF': 0.4844338589315832, 'Frag/TestSF': 0.925511359111804, 'Scaf/TestSF': 0.07374071614289135, 'IntDiv': 0.8454031934150922, 'IntDiv2': 0.8355615844262203, 'Filters': 0.9724639022584228, 'logP': 0.19796210542798703, 'SA': 0.052956281490069444, 'QED': 0.011045749637722162, 'weight': 37.39606078907352, 'Novelty': 0.9248762932973459}
Epoch: 71:
	Train Loss: 0.306 --- Reconstruction Loss: 0.300 --- KL Loss: 31.801 --- Beta: 0.000196
	Validity: 0.72% --- Uniquene@1000: 0.99% --- Unique@10000: 0.89%

{'valid': 0.6201333333333333, 'unique@1000': 0.986, 'unique@10000': 0.9042, 'FCD/Test': 12.907406610657489, 'SNN/Test': 0.5268886942937858, 'Frag/Test': 0.9369210085206329, 'Scaf/Test': 0.3037574374697777, 'FCD/TestSF': 13.785622447512502, 'SNN/TestSF': 0.4730602605987226, 'Frag/TestSF': 0.9273737035717919, 'Scaf/TestSF': 0.06755089190993802, 'IntDiv': 0.8501476883219907, 'IntDiv2': 0.8407702137993799, 'Filters': 0.9689314125994409, 'logP': 0.18399033852535193, 'SA': 0.023459729165083727, 'QED': 0.00862409765070562, 'weight': 32.03061729491968, 'Novelty': 0.9303263197681744}
Epoch: 72:
	Train Loss: 0.305 --- Reconstruction Loss: 0.299 --- KL Loss: 30.521 --- Beta: 0.000220
	Validity: 0.62% --- Uniquene@1000: 0.99% --- Unique@10000: 0.90%

{'valid': 0.6504, 'unique@1000': 0.987, 'unique@10000': 0.9054, 'FCD/Test': 12.834441032517276, 'SNN/Test': 0.5243534053576169, 'Frag/Test': 0.942623727825963, 'Scaf/Test': 0.2700861474466121, 'FCD/TestSF': 13.505424071643112, 'SNN/TestSF': 0.4736746481920288, 'Frag/TestSF': 0.9334545453655788, 'Scaf/TestSF': 0.06242840738972533, 'IntDiv': 0.8536679586520368, 'IntDiv2': 0.8440516829074939, 'Filters': 0.9611008610086101, 'logP': 0.1687505904147121, 'SA': 0.01017571518648551, 'QED': 0.007725367305656983, 'weight': 35.805557594098474, 'Novelty': 0.937570874365861}
Epoch: 73:
	Train Loss: 0.304 --- Reconstruction Loss: 0.297 --- KL Loss: 29.381 --- Beta: 0.000244
	Validity: 0.65% --- Uniquene@1000: 0.99% --- Unique@10000: 0.91%

{'valid': 0.5381666666666667, 'unique@1000': 0.986, 'unique@10000': 0.9184, 'FCD/Test': 13.45320613207231, 'SNN/Test': 0.5142432339810188, 'Frag/Test': 0.930473902806509, 'Scaf/Test': 0.24922533150386672, 'FCD/TestSF': 14.201790919591453, 'SNN/TestSF': 0.4644856943088111, 'Frag/TestSF': 0.9219472258681551, 'Scaf/TestSF': 0.047486594801988136, 'IntDiv': 0.8551437455126734, 'IntDiv2': 0.8454933489587234, 'Filters': 0.963208423660576, 'logP': 0.17494891725258357, 'SA': 0.04644913508196788, 'QED': 0.009544704300013968, 'weight': 33.23439596863598, 'Novelty': 0.9399030013354889}
Epoch: 74:
	Train Loss: 0.304 --- Reconstruction Loss: 0.296 --- KL Loss: 28.380 --- Beta: 0.000268
	Validity: 0.54% --- Uniquene@1000: 0.99% --- Unique@10000: 0.92%

{'valid': 0.6883666666666667, 'unique@1000': 0.994, 'unique@10000': 0.9225, 'FCD/Test': 12.49653678025932, 'SNN/Test': 0.5250963235978301, 'Frag/Test': 0.9374571852068188, 'Scaf/Test': 0.26499237706266476, 'FCD/TestSF': 13.377491069549663, 'SNN/TestSF': 0.4751929311264595, 'Frag/TestSF': 0.9292995320436797, 'Scaf/TestSF': 0.07289040377759592, 'IntDiv': 0.8510994668640836, 'IntDiv2': 0.8419457158140392, 'Filters': 0.971575226381289, 'logP': 0.15918780540984315, 'SA': 0.01733225057125422, 'QED': 0.01350066348796466, 'weight': 36.95009632014139, 'Novelty': 0.9344600624721107}
Epoch: 75:
	Train Loss: 0.302 --- Reconstruction Loss: 0.294 --- KL Loss: 27.507 --- Beta: 0.000292
	Validity: 0.69% --- Uniquene@1000: 0.99% --- Unique@10000: 0.92%

{'valid': 0.8051666666666667, 'unique@1000': 0.993, 'unique@10000': 0.9334, 'FCD/Test': 12.709811968903637, 'SNN/Test': 0.5265216134203268, 'Frag/Test': 0.9367330415213448, 'Scaf/Test': 0.326081722533871, 'FCD/TestSF': 13.606312434542005, 'SNN/TestSF': 0.47605675974387707, 'Frag/TestSF': 0.9281567706353049, 'Scaf/TestSF': 0.07727142207700166, 'IntDiv': 0.851350722802271, 'IntDiv2': 0.8421778771436719, 'Filters': 0.9629062305940799, 'logP': 0.18591255954910363, 'SA': 0.022159971633785105, 'QED': 0.01442363091483667, 'weight': 31.915460461254835, 'Novelty': 0.9327241738471735}
Epoch: 76:
	Train Loss: 0.301 --- Reconstruction Loss: 0.293 --- KL Loss: 26.747 --- Beta: 0.000316
	Validity: 0.81% --- Uniquene@1000: 0.99% --- Unique@10000: 0.93%

{'valid': 0.6746, 'unique@1000': 0.994, 'unique@10000': 0.9301, 'FCD/Test': 13.099051203590186, 'SNN/Test': 0.5188241890767002, 'Frag/Test': 0.9284258671146606, 'Scaf/Test': 0.24831986406094597, 'FCD/TestSF': 13.981114417308127, 'SNN/TestSF': 0.46896542096128574, 'Frag/TestSF': 0.9200180221972853, 'Scaf/TestSF': 0.054001382668154574, 'IntDiv': 0.8516201715090299, 'IntDiv2': 0.8424824242280197, 'Filters': 0.9651151299535528, 'logP': 0.17287329894196143, 'SA': 0.04874957480590102, 'QED': 0.013725012839221657, 'weight': 26.850539223740945, 'Novelty': 0.935676429567643}
Epoch: 77:
	Train Loss: 0.300 --- Reconstruction Loss: 0.291 --- KL Loss: 25.852 --- Beta: 0.000340
	Validity: 0.67% --- Uniquene@1000: 0.99% --- Unique@10000: 0.93%

{'valid': 0.507, 'unique@1000': 0.988, 'unique@10000': 0.9226, 'FCD/Test': 14.13694893809842, 'SNN/Test': 0.5026367697147144, 'Frag/Test': 0.8659602708092138, 'Scaf/Test': 0.24400026945930275, 'FCD/TestSF': 15.015264155593897, 'SNN/TestSF': 0.45270907984584824, 'Frag/TestSF': 0.8567394023643267, 'Scaf/TestSF': 0.05682661066839356, 'IntDiv': 0.8576618128134263, 'IntDiv2': 0.8479139770812916, 'Filters': 0.9666009204470742, 'logP': 0.17984147026548686, 'SA': 0.0903716420170381, 'QED': 0.028742794591847233, 'weight': 38.147014822980644, 'Novelty': 0.9491088525556046}
Epoch: 78:
	Train Loss: 0.299 --- Reconstruction Loss: 0.289 --- KL Loss: 25.180 --- Beta: 0.000364
	Validity: 0.51% --- Uniquene@1000: 0.99% --- Unique@10000: 0.92%

{'valid': 0.6654666666666667, 'unique@1000': 0.992, 'unique@10000': 0.9281, 'FCD/Test': 12.418434438792616, 'SNN/Test': 0.5219991562462204, 'Frag/Test': 0.9280478501594057, 'Scaf/Test': 0.2936484906229877, 'FCD/TestSF': 13.250422479763536, 'SNN/TestSF': 0.47254984689183405, 'Frag/TestSF': 0.9189909007741747, 'Scaf/TestSF': 0.06378664998641415, 'IntDiv': 0.8513210284840023, 'IntDiv2': 0.8422489126924835, 'Filters': 0.9659386896413544, 'logP': 0.18671019174915487, 'SA': 0.036086867406074453, 'QED': 0.010958352546467435, 'weight': 29.198171261755522, 'Novelty': 0.9343102862962543}
Epoch: 79:
	Train Loss: 0.297 --- Reconstruction Loss: 0.288 --- KL Loss: 24.529 --- Beta: 0.000388
	Validity: 0.67% --- Uniquene@1000: 0.99% --- Unique@10000: 0.93%

{'valid': 0.7279666666666667, 'unique@1000': 0.995, 'unique@10000': 0.9464, 'FCD/Test': 13.048199906388668, 'SNN/Test': 0.5123826526465327, 'Frag/Test': 0.897980678773798, 'Scaf/Test': 0.24230927051679807, 'FCD/TestSF': 13.823124627948985, 'SNN/TestSF': 0.46599801626677173, 'Frag/TestSF': 0.8893400609823596, 'Scaf/TestSF': 0.04338245303010768, 'IntDiv': 0.8559056711621835, 'IntDiv2': 0.8466637576727702, 'Filters': 0.9649709235770869, 'logP': 0.19823062603109698, 'SA': 0.06016088161576158, 'QED': 0.020696137381964304, 'weight': 29.453632049408565, 'Novelty': 0.9383246549719427}
Epoch: 80:
	Train Loss: 0.297 --- Reconstruction Loss: 0.287 --- KL Loss: 24.003 --- Beta: 0.000412
	Validity: 0.73% --- Uniquene@1000: 0.99% --- Unique@10000: 0.95%

{'valid': 0.6437333333333333, 'unique@1000': 0.991, 'unique@10000': 0.9387, 'FCD/Test': 13.391793066420448, 'SNN/Test': 0.5232525731335829, 'Frag/Test': 0.9315194646034239, 'Scaf/Test': 0.3098280336507908, 'FCD/TestSF': 14.315901083348159, 'SNN/TestSF': 0.4718810794242313, 'Frag/TestSF': 0.9236489377491899, 'Scaf/TestSF': 0.07572963711461367, 'IntDiv': 0.8537237166170765, 'IntDiv2': 0.8442215631013181, 'Filters': 0.9671188898094449, 'logP': 0.21999346139959944, 'SA': 0.0188933715715321, 'QED': 0.009931588697298791, 'weight': 28.94500733882557, 'Novelty': 0.9285304247990815}
Epoch: 81:
	Train Loss: 0.296 --- Reconstruction Loss: 0.286 --- KL Loss: 23.325 --- Beta: 0.000436
	Validity: 0.64% --- Uniquene@1000: 0.99% --- Unique@10000: 0.94%

{'valid': 0.7305666666666666, 'unique@1000': 0.992, 'unique@10000': 0.944, 'FCD/Test': 12.636731710207016, 'SNN/Test': 0.5236474677227533, 'Frag/Test': 0.9180732996752203, 'Scaf/Test': 0.3267736872995648, 'FCD/TestSF': 13.449161458959715, 'SNN/TestSF': 0.4755703424329919, 'Frag/TestSF': 0.9109704575937425, 'Scaf/TestSF': 0.0899910751522851, 'IntDiv': 0.8561469011483624, 'IntDiv2': 0.8470070728717334, 'Filters': 0.9680613222612584, 'logP': 0.1910300928720661, 'SA': 0.022724319784729965, 'QED': 0.011179564130832268, 'weight': 31.418447139523625, 'Novelty': 0.926487747957993}
Epoch: 82:
	Train Loss: 0.295 --- Reconstruction Loss: 0.285 --- KL Loss: 22.860 --- Beta: 0.000460
	Validity: 0.73% --- Uniquene@1000: 0.99% --- Unique@10000: 0.94%

{'valid': 0.7509666666666667, 'unique@1000': 0.996, 'unique@10000': 0.9603, 'FCD/Test': 13.30514147510008, 'SNN/Test': 0.5129943182222736, 'Frag/Test': 0.9109973333289515, 'Scaf/Test': 0.322454778775058, 'FCD/TestSF': 14.123547955474223, 'SNN/TestSF': 0.4632979850777721, 'Frag/TestSF': 0.9040898212851911, 'Scaf/TestSF': 0.06656515894186532, 'IntDiv': 0.8556559885817647, 'IntDiv2': 0.8465006875835943, 'Filters': 0.968973323272227, 'logP': 0.2786332052247186, 'SA': 0.04239097560142463, 'QED': 0.015466339311091065, 'weight': 27.81454983333998, 'Novelty': 0.9376535774512166}
Epoch: 83:
	Train Loss: 0.294 --- Reconstruction Loss: 0.283 --- KL Loss: 22.468 --- Beta: 0.000484
	Validity: 0.75% --- Uniquene@1000: 1.00% --- Unique@10000: 0.96%

{'valid': 0.6977, 'unique@1000': 0.988, 'unique@10000': 0.9414, 'FCD/Test': 12.323105245543317, 'SNN/Test': 0.5196554364076705, 'Frag/Test': 0.9176873251076123, 'Scaf/Test': 0.2678469935208565, 'FCD/TestSF': 13.208985725288173, 'SNN/TestSF': 0.47126848006475147, 'Frag/TestSF': 0.9083183432350369, 'Scaf/TestSF': 0.047303122028639066, 'IntDiv': 0.8561647608121978, 'IntDiv2': 0.8465788253682104, 'Filters': 0.9722421288997182, 'logP': 0.157924749279912, 'SA': 0.012883082119391688, 'QED': 0.021723167008341263, 'weight': 36.057726641339315, 'Novelty': 0.9378552079460349}
Epoch: 84:
	Train Loss: 0.283 --- Reconstruction Loss: 0.279 --- KL Loss: 32.595 --- Beta: 0.000100
	Validity: 0.70% --- Uniquene@1000: 0.99% --- Unique@10000: 0.94%

{'valid': 0.7618333333333334, 'unique@1000': 0.995, 'unique@10000': 0.9455, 'FCD/Test': 13.643562852824516, 'SNN/Test': 0.5102411419466167, 'Frag/Test': 0.9034245151458042, 'Scaf/Test': 0.260085435636495, 'FCD/TestSF': 14.578027094541397, 'SNN/TestSF': 0.45852824179225404, 'Frag/TestSF': 0.8932000258121511, 'Scaf/TestSF': 0.0513133015338989, 'IntDiv': 0.8565500774684492, 'IntDiv2': 0.8470459083658013, 'Filters': 0.9700721942682127, 'logP': 0.2127923574190047, 'SA': 0.06058754868803202, 'QED': 0.01990128755390456, 'weight': 36.64696298140367, 'Novelty': 0.940666764576296}
Epoch: 85:
	Train Loss: 0.282 --- Reconstruction Loss: 0.278 --- KL Loss: 34.487 --- Beta: 0.000124
	Validity: 0.76% --- Uniquene@1000: 0.99% --- Unique@10000: 0.95%

{'valid': 0.6808000000000001, 'unique@1000': 0.992, 'unique@10000': 0.9259, 'FCD/Test': 12.657783842977196, 'SNN/Test': 0.5169327947739009, 'Frag/Test': 0.9307820741192989, 'Scaf/Test': 0.25218051462261903, 'FCD/TestSF': 13.439791707762382, 'SNN/TestSF': 0.4687710622872003, 'Frag/TestSF': 0.9207568713605543, 'Scaf/TestSF': 0.04439487202734815, 'IntDiv': 0.8564371278359061, 'IntDiv2': 0.8471211037720155, 'Filters': 0.9769388954171563, 'logP': 0.1603178171695949, 'SA': 0.024302256535483423, 'QED': 0.013773082532409085, 'weight': 37.93067683184576, 'Novelty': 0.9353048881984132}
Epoch: 86:
	Train Loss: 0.282 --- Reconstruction Loss: 0.277 --- KL Loss: 33.671 --- Beta: 0.000148
	Validity: 0.68% --- Uniquene@1000: 0.99% --- Unique@10000: 0.93%

{'valid': 0.7677666666666667, 'unique@1000': 0.994, 'unique@10000': 0.9229, 'FCD/Test': 12.461295479881251, 'SNN/Test': 0.5175047465215745, 'Frag/Test': 0.911527032754185, 'Scaf/Test': 0.25864054550241655, 'FCD/TestSF': 13.307969099012368, 'SNN/TestSF': 0.46866485690698434, 'Frag/TestSF': 0.9027993666719168, 'Scaf/TestSF': 0.057608899772681355, 'IntDiv': 0.8563113304030852, 'IntDiv2': 0.8469913065231622, 'Filters': 0.9803759822862849, 'logP': 0.21066807159074438, 'SA': 0.028501472251508668, 'QED': 0.01567099913994124, 'weight': 36.34986052503057, 'Novelty': 0.9333603197895056}
Epoch: 87:
	Train Loss: 0.281 --- Reconstruction Loss: 0.275 --- KL Loss: 32.651 --- Beta: 0.000172
	Validity: 0.77% --- Uniquene@1000: 0.99% --- Unique@10000: 0.92%

{'valid': 0.6897333333333333, 'unique@1000': 0.995, 'unique@10000': 0.9411, 'FCD/Test': 13.297976696728043, 'SNN/Test': 0.5070666578181899, 'Frag/Test': 0.8981254619430719, 'Scaf/Test': 0.23299668583845923, 'FCD/TestSF': 14.340312890684956, 'SNN/TestSF': 0.45494404822017614, 'Frag/TestSF': 0.8873532150480237, 'Scaf/TestSF': 0.05500115746730283, 'IntDiv': 0.8528163801641918, 'IntDiv2': 0.8434964580866567, 'Filters': 0.9689735163348154, 'logP': 0.18242424553973863, 'SA': 0.057716261568428254, 'QED': 0.025076650036228824, 'weight': 32.036174606070276, 'Novelty': 0.9436483137592931}
Epoch: 88:
	Train Loss: 0.281 --- Reconstruction Loss: 0.275 --- KL Loss: 31.583 --- Beta: 0.000196
	Validity: 0.69% --- Uniquene@1000: 0.99% --- Unique@10000: 0.94%

{'valid': 0.6787333333333334, 'unique@1000': 0.993, 'unique@10000': 0.9251, 'FCD/Test': 12.873283557484065, 'SNN/Test': 0.496490734315477, 'Frag/Test': 0.9037272297967384, 'Scaf/Test': 0.21606431030676865, 'FCD/TestSF': 13.554140297121478, 'SNN/TestSF': 0.4555110230920427, 'Frag/TestSF': 0.8944005033260747, 'Scaf/TestSF': 0.06068225773617142, 'IntDiv': 0.8610057958486793, 'IntDiv2': 0.8516326974847974, 'Filters': 0.9672429034475984, 'logP': 0.18769569776526007, 'SA': 0.09324078923849662, 'QED': 0.01910047897247627, 'weight': 34.22014171454244, 'Novelty': 0.9464265866399911}
Epoch: 89:
	Train Loss: 0.280 --- Reconstruction Loss: 0.273 --- KL Loss: 30.571 --- Beta: 0.000220
	Validity: 0.68% --- Uniquene@1000: 0.99% --- Unique@10000: 0.93%

{'valid': 0.6726, 'unique@1000': 0.995, 'unique@10000': 0.9316, 'FCD/Test': 13.427710025323101, 'SNN/Test': 0.5078345517460721, 'Frag/Test': 0.9026058330951203, 'Scaf/Test': 0.25993204975447126, 'FCD/TestSF': 14.15281909240592, 'SNN/TestSF': 0.462943902703157, 'Frag/TestSF': 0.8960322156116775, 'Scaf/TestSF': 0.07462086592604189, 'IntDiv': 0.8600361368516433, 'IntDiv2': 0.8506273561129554, 'Filters': 0.9688274358211914, 'logP': 0.2363548316532043, 'SA': 0.04588796400205945, 'QED': 0.014382918440967207, 'weight': 31.62873598449782, 'Novelty': 0.9343338540504351}
Epoch: 90:
	Train Loss: 0.279 --- Reconstruction Loss: 0.271 --- KL Loss: 29.701 --- Beta: 0.000244
	Validity: 0.67% --- Uniquene@1000: 0.99% --- Unique@10000: 0.93%

{'valid': 0.7641333333333333, 'unique@1000': 0.991, 'unique@10000': 0.9377, 'FCD/Test': 12.839005748222, 'SNN/Test': 0.5138618420563148, 'Frag/Test': 0.9105316518507143, 'Scaf/Test': 0.2913844832067989, 'FCD/TestSF': 13.696141311642378, 'SNN/TestSF': 0.4658078710717424, 'Frag/TestSF': 0.9014082753760062, 'Scaf/TestSF': 0.07141005284762414, 'IntDiv': 0.8571333976934815, 'IntDiv2': 0.8478346289294717, 'Filters': 0.9702931425580178, 'logP': 0.25443015398877744, 'SA': 0.015468646768576049, 'QED': 0.013145353959062715, 'weight': 28.80008347505866, 'Novelty': 0.9364931237721021}
Epoch: 91:
	Train Loss: 0.278 --- Reconstruction Loss: 0.271 --- KL Loss: 28.707 --- Beta: 0.000268
	Validity: 0.76% --- Uniquene@1000: 0.99% --- Unique@10000: 0.94%

{'valid': 0.8105333333333333, 'unique@1000': 0.991, 'unique@10000': 0.9427, 'FCD/Test': 12.551038245691458, 'SNN/Test': 0.5128009973887766, 'Frag/Test': 0.9089120948489248, 'Scaf/Test': 0.31267838995763597, 'FCD/TestSF': 13.349258843001472, 'SNN/TestSF': 0.4674146557645022, 'Frag/TestSF': 0.9010548041342514, 'Scaf/TestSF': 0.07496105975583811, 'IntDiv': 0.8614671533028297, 'IntDiv2': 0.8521149459810523, 'Filters': 0.9715002467511104, 'logP': 0.26442174977699395, 'SA': 0.018965681373586677, 'QED': 0.016351393144827253, 'weight': 31.18446150920406, 'Novelty': 0.9316215591024751}
Epoch: 92:
	Train Loss: 0.278 --- Reconstruction Loss: 0.270 --- KL Loss: 27.750 --- Beta: 0.000292
	Validity: 0.81% --- Uniquene@1000: 0.99% --- Unique@10000: 0.94%

{'valid': 0.7412333333333334, 'unique@1000': 0.994, 'unique@10000': 0.9466, 'FCD/Test': 13.01016420006853, 'SNN/Test': 0.5036950753753379, 'Frag/Test': 0.8871221703235052, 'Scaf/Test': 0.2743403504458384, 'FCD/TestSF': 13.804261345683152, 'SNN/TestSF': 0.45840589212616467, 'Frag/TestSF': 0.8793407522413772, 'Scaf/TestSF': 0.07055874717607324, 'IntDiv': 0.860335673751412, 'IntDiv2': 0.8510449528568677, 'Filters': 0.9776048927463237, 'logP': 0.15908568107712115, 'SA': 0.07049276142101288, 'QED': 0.019088242871623154, 'weight': 31.458732964453002, 'Novelty': 0.9404560390321617}
Epoch: 93:
	Train Loss: 0.277 --- Reconstruction Loss: 0.268 --- KL Loss: 27.091 --- Beta: 0.000316
	Validity: 0.74% --- Uniquene@1000: 0.99% --- Unique@10000: 0.95%

{'valid': 0.7859, 'unique@1000': 0.998, 'unique@10000': 0.9548, 'FCD/Test': 13.178274751384983, 'SNN/Test': 0.5087417800834415, 'Frag/Test': 0.9007641619784786, 'Scaf/Test': 0.2864447138024878, 'FCD/TestSF': 14.101179162408414, 'SNN/TestSF': 0.45991858292848053, 'Frag/TestSF': 0.8922951256980254, 'Scaf/TestSF': 0.06942828302875736, 'IntDiv': 0.8590836215213172, 'IntDiv2': 0.8498913918173194, 'Filters': 0.972600415659329, 'logP': 0.24659494485748992, 'SA': 0.04610974161551834, 'QED': 0.022728956935551402, 'weight': 30.442104602611597, 'Novelty': 0.9408557046979866}
Epoch: 94:
	Train Loss: 0.277 --- Reconstruction Loss: 0.268 --- KL Loss: 26.224 --- Beta: 0.000340
	Validity: 0.79% --- Uniquene@1000: 1.00% --- Unique@10000: 0.95%

{'valid': 0.6902666666666666, 'unique@1000': 0.998, 'unique@10000': 0.9521, 'FCD/Test': 12.784552825037366, 'SNN/Test': 0.5053628481088376, 'Frag/Test': 0.8822723656243797, 'Scaf/Test': 0.2422325519815085, 'FCD/TestSF': 13.427629532097995, 'SNN/TestSF': 0.4649197057865291, 'Frag/TestSF': 0.875941307233885, 'Scaf/TestSF': 0.07053270971517733, 'IntDiv': 0.8630334082124761, 'IntDiv2': 0.8537719936917143, 'Filters': 0.9743094456248793, 'logP': 0.1581780077543104, 'SA': 0.06789552948964041, 'QED': 0.017488158238889134, 'weight': 32.99780568324866, 'Novelty': 0.9422649888971133}
Epoch: 95:
	Train Loss: 0.276 --- Reconstruction Loss: 0.267 --- KL Loss: 25.528 --- Beta: 0.000364
	Validity: 0.69% --- Uniquene@1000: 1.00% --- Unique@10000: 0.95%

{'valid': 0.7958000000000001, 'unique@1000': 0.996, 'unique@10000': 0.9495, 'FCD/Test': 14.059825934958042, 'SNN/Test': 0.5096593166625738, 'Frag/Test': 0.8716783077679545, 'Scaf/Test': 0.24128778644025672, 'FCD/TestSF': 14.965159841122485, 'SNN/TestSF': 0.4618548243093193, 'Frag/TestSF': 0.8630357002652239, 'Scaf/TestSF': 0.05285197744195369, 'IntDiv': 0.8551778052738748, 'IntDiv2': 0.8459279818500667, 'Filters': 0.975538242439474, 'logP': 0.36069698327140853, 'SA': 0.03312812371112905, 'QED': 0.023118120466612005, 'weight': 29.347436331073, 'Novelty': 0.9392911886292907}
Epoch: 96:
	Train Loss: 0.276 --- Reconstruction Loss: 0.266 --- KL Loss: 24.922 --- Beta: 0.000388
	Validity: 0.80% --- Uniquene@1000: 1.00% --- Unique@10000: 0.95%

{'valid': 0.5267, 'unique@1000': 0.995, 'unique@10000': 0.9305, 'FCD/Test': 13.396484172724172, 'SNN/Test': 0.5131583175367361, 'Frag/Test': 0.8944198288969439, 'Scaf/Test': 0.2779491191564727, 'FCD/TestSF': 14.10525912360454, 'SNN/TestSF': 0.46546474772120994, 'Frag/TestSF': 0.8874521975502809, 'Scaf/TestSF': 0.0591513700124916, 'IntDiv': 0.8546168617892105, 'IntDiv2': 0.8452210870266497, 'Filters': 0.9697487500791089, 'logP': 0.3153169219639284, 'SA': 0.03821437905481101, 'QED': 0.014756641016478328, 'weight': 24.49115271852411, 'Novelty': 0.9270088346655448}
Epoch: 97:
	Train Loss: 0.275 --- Reconstruction Loss: 0.265 --- KL Loss: 24.269 --- Beta: 0.000412
	Validity: 0.53% --- Uniquene@1000: 0.99% --- Unique@10000: 0.93%

slurmstepd: error: *** JOB 8257176 ON hpctpa3pc0066 CANCELLED AT 2024-02-15T10:04:48 ***
