2024-02-15 02:31:21.240978: E external/local_xla/xla/stream_executor/cuda/cuda_dnn.cc:9261] Unable to register cuDNN factory: Attempting to register factory for plugin cuDNN when one has already been registered
2024-02-15 02:31:21.241036: E external/local_xla/xla/stream_executor/cuda/cuda_fft.cc:607] Unable to register cuFFT factory: Attempting to register factory for plugin cuFFT when one has already been registered
2024-02-15 02:31:21.241672: E external/local_xla/xla/stream_executor/cuda/cuda_blas.cc:1515] Unable to register cuBLAS factory: Attempting to register factory for plugin cuBLAS when one has already been registered
2024-02-15 02:31:21.245546: I tensorflow/core/platform/cpu_feature_guard.cc:182] This TensorFlow binary is optimized to use available CPU instructions in performance-critical operations.
To enable the following instructions: AVX2 FMA, in other operations, rebuild TensorFlow with the appropriate compiler flags.
2024-02-15 02:31:22.078064: W tensorflow/compiler/tf2tensorrt/utils/py_utils.cc:38] TF-TRT Warning: Could not find TensorRT

Arguments:
	data_path: data/moses_train.txt
	max_len: 30
	batch: 128
	d_model: 512
	d_latent: 256
	d_ff: 1024
	e_heads: 1
	d_heads: 8
	n_layers: 6
	dropout: 0.5
	lr: 0.0005
	n_epochs: 80
	kl_type: cyclic
	kl_w_start: 0.0001
	kl_w_end: 0.0005
	kl_cycle: 2
	kl_ratio: 1.0
	save_name: klcompare

Number of data: 88192

SMILES Vocab:
	 {'<START>': 0, '<END>': 1, '<PAD>': 2, 'C': 3, 'O': 4, 'c': 5, '1': 6, '(': 7, '=': 8, ')': 9, 'N': 10, 'n': 11, '2': 12, 'F': 13, 'Cl': 14, 'Br': 15, '#': 16, '3': 17, 'S': 18, 'o': 19, '-': 20, 's': 21, '[nH]': 22, '4': 23}

Graph Vocab:
	 {'C': 0, 'O': 1, 'N': 2, 'F': 3, 'Cl': 4, 'Br': 5, 'S': 6}


KL Annealer: [0.0001  0.00011 0.00012 0.00013 0.00014 0.00015 0.00016 0.00017 0.00018
 0.00019 0.0002  0.00021 0.00022 0.00023 0.00024 0.00025 0.00026 0.00027
 0.00028 0.00029 0.0003  0.00031 0.00032 0.00033 0.00034 0.00035 0.00036
 0.00037 0.00038 0.00039 0.0004  0.00041 0.00042 0.00043 0.00044 0.00045
 0.00046 0.00047 0.00048 0.00049 0.0001  0.00011 0.00012 0.00013 0.00014
 0.00015 0.00016 0.00017 0.00018 0.00019 0.0002  0.00021 0.00022 0.00023
 0.00024 0.00025 0.00026 0.00027 0.00028 0.00029 0.0003  0.00031 0.00032
 0.00033 0.00034 0.00035 0.00036 0.00037 0.00038 0.00039 0.0004  0.00041
 0.00042 0.00043 0.00044 0.00045 0.00046 0.00047 0.00048 0.00049]




#########################################################################
######################### START TRAINING ################################
#########################################################################




{'valid': 0.4600333333333333, 'unique@1000': 0.832, 'unique@10000': 0.4818, 'FCD/Test': 21.655518404557412, 'SNN/Test': 0.606087660180098, 'Frag/Test': 0.8736673326417879, 'Scaf/Test': 0.17377132599960077, 'FCD/TestSF': 22.86463206251048, 'SNN/TestSF': 0.513201463141309, 'Frag/TestSF': 0.8597851821519805, 'Scaf/TestSF': 0.03177330183347038, 'IntDiv': 0.7821252778290011, 'IntDiv2': 0.7667586865943594, 'Filters': 0.9765234403304108, 'logP': 0.24670038440277278, 'SA': 0.24617164156306504, 'QED': 0.06609516403368236, 'weight': 9.609551041414063, 'Novelty': 0.9265434136678772}
Epoch: 31:
	Train Loss: 0.454 --- Reconstruction Loss: 0.443 --- KL Loss: 27.853 --- Beta: 0.000400
	Validity: 0.46% --- Uniquene@1000: 0.83% --- Unique@10000: 0.48%

{'valid': 0.47263333333333335, 'unique@1000': 0.843, 'unique@10000': 0.5112, 'FCD/Test': 23.101443997990017, 'SNN/Test': 0.5998140351176977, 'Frag/Test': 0.8764292311649745, 'Scaf/Test': 0.19508570739705555, 'FCD/TestSF': 24.04754015912011, 'SNN/TestSF': 0.5246951276338843, 'Frag/TestSF': 0.8665068935052485, 'Scaf/TestSF': 0.05861479999612729, 'IntDiv': 0.7734573312269908, 'IntDiv2': 0.7598243850099166, 'Filters': 0.991466252909232, 'logP': 0.42331829566477064, 'SA': 0.26017001631428444, 'QED': 0.045896529120660674, 'weight': 5.048833938320108, 'Novelty': 0.9371928746928747}
Epoch: 32:
	Train Loss: 0.449 --- Reconstruction Loss: 0.438 --- KL Loss: 26.432 --- Beta: 0.000410
	Validity: 0.47% --- Uniquene@1000: 0.84% --- Unique@10000: 0.51%

{'valid': 0.5795, 'unique@1000': 0.867, 'unique@10000': 0.5479, 'FCD/Test': 24.460450420114014, 'SNN/Test': 0.5977365620783563, 'Frag/Test': 0.8359549022608376, 'Scaf/Test': 0.22558022028505043, 'FCD/TestSF': 25.712009106218773, 'SNN/TestSF': 0.5073762328829751, 'Frag/TestSF': 0.821706006504451, 'Scaf/TestSF': 0.04264076856902077, 'IntDiv': 0.7659629067237935, 'IntDiv2': 0.7515731192717826, 'Filters': 0.9858498705780846, 'logP': 0.1733943921532241, 'SA': 0.23559649351705447, 'QED': 0.07667719415302601, 'weight': 7.117345363070931, 'Novelty': 0.941974847466069}
Epoch: 33:
	Train Loss: 0.444 --- Reconstruction Loss: 0.434 --- KL Loss: 25.355 --- Beta: 0.000420
	Validity: 0.58% --- Uniquene@1000: 0.87% --- Unique@10000: 0.55%

{'valid': 0.47096666666666664, 'unique@1000': 0.907, 'unique@10000': 0.5961, 'FCD/Test': 22.179272026713306, 'SNN/Test': 0.5813833505592323, 'Frag/Test': 0.846527411618557, 'Scaf/Test': 0.20116865817556961, 'FCD/TestSF': 23.475368127029547, 'SNN/TestSF': 0.49671917997463566, 'Frag/TestSF': 0.8311662016012773, 'Scaf/TestSF': 0.023856250796148948, 'IntDiv': 0.7762771853907897, 'IntDiv2': 0.7628076643994249, 'Filters': 0.9837214240215161, 'logP': 0.3045630590211313, 'SA': 0.16818965409938852, 'QED': 0.0892417356765189, 'weight': 5.702285245906349, 'Novelty': 0.9523054564671687}
Epoch: 34:
	Train Loss: 0.440 --- Reconstruction Loss: 0.429 --- KL Loss: 24.518 --- Beta: 0.000430
	Validity: 0.47% --- Uniquene@1000: 0.91% --- Unique@10000: 0.60%

{'valid': 0.4909, 'unique@1000': 0.891, 'unique@10000': 0.6275, 'FCD/Test': 21.46652815244289, 'SNN/Test': 0.5931972530422883, 'Frag/Test': 0.882323562676013, 'Scaf/Test': 0.20412610973121625, 'FCD/TestSF': 22.783911688393047, 'SNN/TestSF': 0.5066031725005802, 'Frag/TestSF': 0.8699952217269405, 'Scaf/TestSF': 0.009123677010909104, 'IntDiv': 0.7905528294855984, 'IntDiv2': 0.7768299005524489, 'Filters': 0.9708019284307734, 'logP': 0.30210668417405523, 'SA': 0.22647173267936033, 'QED': 0.0545752886467858, 'weight': 11.056106275745437, 'Novelty': 0.9436720997123682}
Epoch: 35:
	Train Loss: 0.434 --- Reconstruction Loss: 0.424 --- KL Loss: 23.727 --- Beta: 0.000440
	Validity: 0.49% --- Uniquene@1000: 0.89% --- Unique@10000: 0.63%

{'valid': 0.48993333333333333, 'unique@1000': 0.9, 'unique@10000': 0.6473, 'FCD/Test': 17.59943228295832, 'SNN/Test': 0.5926112095414903, 'Frag/Test': 0.8908459016970527, 'Scaf/Test': 0.2629496272475428, 'FCD/TestSF': 18.72533788802049, 'SNN/TestSF': 0.5193958287499262, 'Frag/TestSF': 0.877971449716163, 'Scaf/TestSF': 0.030516231762882318, 'IntDiv': 0.7984422820024332, 'IntDiv2': 0.7862026288268493, 'Filters': 0.9744863246700232, 'logP': 0.38684873554939553, 'SA': 0.23697329077314108, 'QED': 0.04509365824616549, 'weight': 11.373613929481905, 'Novelty': 0.92455006922012}
Epoch: 36:
	Train Loss: 0.430 --- Reconstruction Loss: 0.419 --- KL Loss: 23.251 --- Beta: 0.000450
	Validity: 0.49% --- Uniquene@1000: 0.90% --- Unique@10000: 0.65%

{'valid': 0.4157666666666666, 'unique@1000': 0.889, 'unique@10000': 0.6455, 'FCD/Test': 17.419746662156392, 'SNN/Test': 0.5827642088842728, 'Frag/Test': 0.8929099114366834, 'Scaf/Test': 0.19935016567838548, 'FCD/TestSF': 18.378777567803255, 'SNN/TestSF': 0.5095532130066819, 'Frag/TestSF': 0.8825035271395907, 'Scaf/TestSF': 0.03761699310571576, 'IntDiv': 0.8050130144705895, 'IntDiv2': 0.7924862002617955, 'Filters': 0.9768299526978274, 'logP': 0.4869860597850889, 'SA': 0.1884459777191363, 'QED': 0.02798372729920807, 'weight': 7.2394864511821035, 'Novelty': 0.9367203742203742}
Epoch: 37:
	Train Loss: 0.424 --- Reconstruction Loss: 0.414 --- KL Loss: 22.750 --- Beta: 0.000460
	Validity: 0.42% --- Uniquene@1000: 0.89% --- Unique@10000: 0.65%

{'valid': 0.6114666666666666, 'unique@1000': 0.945, 'unique@10000': 0.7106, 'FCD/Test': 17.128726192329836, 'SNN/Test': 0.5861091289947088, 'Frag/Test': 0.9060034636783184, 'Scaf/Test': 0.257138592445858, 'FCD/TestSF': 17.877685323296042, 'SNN/TestSF': 0.5319502383195972, 'Frag/TestSF': 0.896743634656501, 'Scaf/TestSF': 0.05346893022048538, 'IntDiv': 0.8099535664991105, 'IntDiv2': 0.7985924408170847, 'Filters': 0.9750327082424771, 'logP': 0.40660825778698956, 'SA': 0.24183083973708108, 'QED': 0.019702884508929625, 'weight': 10.81814333782264, 'Novelty': 0.9253455409807201}
Epoch: 38:
	Train Loss: 0.420 --- Reconstruction Loss: 0.409 --- KL Loss: 22.315 --- Beta: 0.000470
	Validity: 0.61% --- Uniquene@1000: 0.94% --- Unique@10000: 0.71%

{'valid': 0.472, 'unique@1000': 0.93, 'unique@10000': 0.7362, 'FCD/Test': 16.368920582678108, 'SNN/Test': 0.5792154526053849, 'Frag/Test': 0.9129635293562987, 'Scaf/Test': 0.18851844754055191, 'FCD/TestSF': 17.265330180551985, 'SNN/TestSF': 0.5122174804346205, 'Frag/TestSF': 0.9032675017341973, 'Scaf/TestSF': 0.030156951349951888, 'IntDiv': 0.8112710426321678, 'IntDiv2': 0.8002730692827092, 'Filters': 0.9693502824858757, 'logP': 0.39860747352870535, 'SA': 0.19890778588562877, 'QED': 0.03169465884117444, 'weight': 14.132477131377078, 'Novelty': 0.933524238085498}
Epoch: 39:
	Train Loss: 0.415 --- Reconstruction Loss: 0.405 --- KL Loss: 21.781 --- Beta: 0.000480
	Validity: 0.47% --- Uniquene@1000: 0.93% --- Unique@10000: 0.74%

{'valid': 0.47209999999999996, 'unique@1000': 0.955, 'unique@10000': 0.7563, 'FCD/Test': 17.068621773005383, 'SNN/Test': 0.5870030105644252, 'Frag/Test': 0.9095301704877131, 'Scaf/Test': 0.2609674485516804, 'FCD/TestSF': 17.88490833407387, 'SNN/TestSF': 0.514636801942538, 'Frag/TestSF': 0.899512534029989, 'Scaf/TestSF': 0.032433130731810866, 'IntDiv': 0.809608661473492, 'IntDiv2': 0.7977365069458853, 'Filters': 0.9750759019981642, 'logP': 0.4607773347871692, 'SA': 0.21013279863382037, 'QED': 0.0332205516232281, 'weight': 8.756021542380067, 'Novelty': 0.932702837232454}
Epoch: 40:
	Train Loss: 0.409 --- Reconstruction Loss: 0.399 --- KL Loss: 21.218 --- Beta: 0.000490
	Validity: 0.47% --- Uniquene@1000: 0.95% --- Unique@10000: 0.76%

{'valid': 0.4591666666666666, 'unique@1000': 0.917, 'unique@10000': 0.6994, 'FCD/Test': 15.992519935030202, 'SNN/Test': 0.5601735117528486, 'Frag/Test': 0.9242160048387665, 'Scaf/Test': 0.19782854598869126, 'FCD/TestSF': 16.84751131075364, 'SNN/TestSF': 0.49600162367422657, 'Frag/TestSF': 0.9150283470460068, 'Scaf/TestSF': 0.032497889047946926, 'IntDiv': 0.8138320862623571, 'IntDiv2': 0.8038686859705355, 'Filters': 0.9663883847549909, 'logP': 0.4267199379172804, 'SA': 0.09300535135847784, 'QED': 0.025120550802834495, 'weight': 12.02377260568406, 'Novelty': 0.9512222099325296}
Epoch: 41:
	Train Loss: 0.396 --- Reconstruction Loss: 0.393 --- KL Loss: 34.454 --- Beta: 0.000100
	Validity: 0.46% --- Uniquene@1000: 0.92% --- Unique@10000: 0.70%

{'valid': 0.5246666666666666, 'unique@1000': 0.9, 'unique@10000': 0.6797, 'FCD/Test': 17.177077457207304, 'SNN/Test': 0.5680197373165109, 'Frag/Test': 0.9105817824457931, 'Scaf/Test': 0.16743442469653114, 'FCD/TestSF': 17.91177159383244, 'SNN/TestSF': 0.5084012367692805, 'Frag/TestSF': 0.9019222967995525, 'Scaf/TestSF': 0.040188528301095316, 'IntDiv': 0.8143719783846699, 'IntDiv2': 0.803559967769083, 'Filters': 0.9696950444726811, 'logP': 0.3588548780789783, 'SA': 0.15218614908748698, 'QED': 0.015138034545307235, 'weight': 19.12659526813979, 'Novelty': 0.9361529076860512}
Epoch: 42:
	Train Loss: 0.391 --- Reconstruction Loss: 0.387 --- KL Loss: 37.399 --- Beta: 0.000110
	Validity: 0.52% --- Uniquene@1000: 0.90% --- Unique@10000: 0.68%

{'valid': 0.43689999999999996, 'unique@1000': 0.933, 'unique@10000': 0.6857, 'FCD/Test': 17.091845481689973, 'SNN/Test': 0.5680005413730858, 'Frag/Test': 0.898232653862433, 'Scaf/Test': 0.17784096858666287, 'FCD/TestSF': 18.086073068525742, 'SNN/TestSF': 0.4978643273544628, 'Frag/TestSF': 0.8864582678231907, 'Scaf/TestSF': 0.035168690221020094, 'IntDiv': 0.8113229240157496, 'IntDiv2': 0.8005413990530501, 'Filters': 0.971999694819562, 'logP': 0.44823984290793467, 'SA': 0.09000791109016573, 'QED': 0.02387552171394003, 'weight': 14.21923258920701, 'Novelty': 0.9365135453474676}
Epoch: 43:
	Train Loss: 0.387 --- Reconstruction Loss: 0.382 --- KL Loss: 37.986 --- Beta: 0.000120
	Validity: 0.44% --- Uniquene@1000: 0.93% --- Unique@10000: 0.69%

{'valid': 0.5286, 'unique@1000': 0.928, 'unique@10000': 0.7143, 'FCD/Test': 16.530654738114777, 'SNN/Test': 0.55995742116029, 'Frag/Test': 0.9142825568348398, 'Scaf/Test': 0.15834732390742734, 'FCD/TestSF': 17.543427552919695, 'SNN/TestSF': 0.49581306727375446, 'Frag/TestSF': 0.9033035207005614, 'Scaf/TestSF': 0.02980945568231963, 'IntDiv': 0.8173358370650072, 'IntDiv2': 0.8069976752883503, 'Filters': 0.9590742842729222, 'logP': 0.35179723815136593, 'SA': 0.1070695067962014, 'QED': 0.016135125320205928, 'weight': 19.533794276186708, 'Novelty': 0.942023457614189}
Epoch: 44:
	Train Loss: 0.382 --- Reconstruction Loss: 0.377 --- KL Loss: 37.727 --- Beta: 0.000130
	Validity: 0.53% --- Uniquene@1000: 0.93% --- Unique@10000: 0.71%

{'valid': 0.6342666666666666, 'unique@1000': 0.945, 'unique@10000': 0.7183, 'FCD/Test': 16.494405267488517, 'SNN/Test': 0.5641483920263172, 'Frag/Test': 0.8887460678337714, 'Scaf/Test': 0.20865692607042807, 'FCD/TestSF': 17.327705065292008, 'SNN/TestSF': 0.4992750902210486, 'Frag/TestSF': 0.8782180400181799, 'Scaf/TestSF': 0.038938478081351424, 'IntDiv': 0.819960884945969, 'IntDiv2': 0.8091809282920316, 'Filters': 0.9710952280849274, 'logP': 0.4282628508492151, 'SA': 0.12580625596132128, 'QED': 0.023421231374625873, 'weight': 14.845274890591355, 'Novelty': 0.9369903632320237}
Epoch: 45:
	Train Loss: 0.379 --- Reconstruction Loss: 0.373 --- KL Loss: 37.508 --- Beta: 0.000140
	Validity: 0.63% --- Uniquene@1000: 0.94% --- Unique@10000: 0.72%

{'valid': 0.5630333333333333, 'unique@1000': 0.929, 'unique@10000': 0.7155, 'FCD/Test': 17.325396833692565, 'SNN/Test': 0.5507854169075728, 'Frag/Test': 0.8961211485104225, 'Scaf/Test': 0.16577254603837688, 'FCD/TestSF': 18.26829057029049, 'SNN/TestSF': 0.48394710366830795, 'Frag/TestSF': 0.8874502275228098, 'Scaf/TestSF': 0.02957267626384441, 'IntDiv': 0.8241429906721653, 'IntDiv2': 0.812814830422925, 'Filters': 0.9729441714522526, 'logP': 0.42776017577650327, 'SA': 0.08663060176949655, 'QED': 0.01160041333245402, 'weight': 18.70985511028084, 'Novelty': 0.9384234192897127}
Epoch: 46:
	Train Loss: 0.375 --- Reconstruction Loss: 0.370 --- KL Loss: 36.728 --- Beta: 0.000150
	Validity: 0.56% --- Uniquene@1000: 0.93% --- Unique@10000: 0.72%

{'valid': 0.5761666666666667, 'unique@1000': 0.951, 'unique@10000': 0.7587, 'FCD/Test': 17.766891087176006, 'SNN/Test': 0.5536952498549149, 'Frag/Test': 0.8960248475752876, 'Scaf/Test': 0.18848303383667986, 'FCD/TestSF': 18.80950821597434, 'SNN/TestSF': 0.4805800229888587, 'Frag/TestSF': 0.8840358863392346, 'Scaf/TestSF': 0.03873859237073307, 'IntDiv': 0.8130979969215975, 'IntDiv2': 0.8015703083555078, 'Filters': 0.9752386462250506, 'logP': 0.4401595810280504, 'SA': 0.10362691747003752, 'QED': 0.030906236456238297, 'weight': 17.500460591428524, 'Novelty': 0.9470092670598147}
Epoch: 47:
	Train Loss: 0.371 --- Reconstruction Loss: 0.365 --- KL Loss: 36.089 --- Beta: 0.000160
	Validity: 0.58% --- Uniquene@1000: 0.95% --- Unique@10000: 0.76%

{'valid': 0.5812666666666666, 'unique@1000': 0.956, 'unique@10000': 0.7901, 'FCD/Test': 16.062773947175202, 'SNN/Test': 0.5502580639061639, 'Frag/Test': 0.8985957386890994, 'Scaf/Test': 0.2097830405701735, 'FCD/TestSF': 16.913988866387342, 'SNN/TestSF': 0.48210553667327655, 'Frag/TestSF': 0.887342009759087, 'Scaf/TestSF': 0.014535606568083392, 'IntDiv': 0.8230118027806053, 'IntDiv2': 0.811931926252883, 'Filters': 0.9748250946209428, 'logP': 0.5148077576006164, 'SA': 0.12339521904981018, 'QED': 0.02895458595477391, 'weight': 16.36514747098543, 'Novelty': 0.9440475234807738}
Epoch: 48:
	Train Loss: 0.367 --- Reconstruction Loss: 0.361 --- KL Loss: 35.280 --- Beta: 0.000170
	Validity: 0.58% --- Uniquene@1000: 0.96% --- Unique@10000: 0.79%

{'valid': 0.5625333333333333, 'unique@1000': 0.962, 'unique@10000': 0.8021, 'FCD/Test': 16.189481746868267, 'SNN/Test': 0.5288633017510027, 'Frag/Test': 0.9125486660621855, 'Scaf/Test': 0.17662614286518763, 'FCD/TestSF': 17.187920777017382, 'SNN/TestSF': 0.46842159447044973, 'Frag/TestSF': 0.9020621535038771, 'Scaf/TestSF': 0.036701988792747, 'IntDiv': 0.8297268281624507, 'IntDiv2': 0.8193912989745784, 'Filters': 0.9709646835743067, 'logP': 0.40832337188258633, 'SA': 0.041302679681344795, 'QED': 0.023696566494119792, 'weight': 25.7243168220594, 'Novelty': 0.9522318561335903}
Epoch: 49:
	Train Loss: 0.364 --- Reconstruction Loss: 0.357 --- KL Loss: 34.110 --- Beta: 0.000180
	Validity: 0.56% --- Uniquene@1000: 0.96% --- Unique@10000: 0.80%

{'valid': 0.5090333333333333, 'unique@1000': 0.96, 'unique@10000': 0.7732, 'FCD/Test': 16.51903702174178, 'SNN/Test': 0.5514979600812697, 'Frag/Test': 0.9254218075306404, 'Scaf/Test': 0.19175235725451134, 'FCD/TestSF': 17.50276579436259, 'SNN/TestSF': 0.4819683359063653, 'Frag/TestSF': 0.91477050920195, 'Scaf/TestSF': 0.0374138028152895, 'IntDiv': 0.8219422168597026, 'IntDiv2': 0.8110932675881791, 'Filters': 0.9650972431405933, 'logP': 0.2947547301808726, 'SA': 0.11396946587567534, 'QED': 0.013151535681514786, 'weight': 25.279820487876776, 'Novelty': 0.9416598934344803}
Epoch: 50:
	Train Loss: 0.359 --- Reconstruction Loss: 0.353 --- KL Loss: 33.474 --- Beta: 0.000190
	Validity: 0.51% --- Uniquene@1000: 0.96% --- Unique@10000: 0.77%

{'valid': 0.6677, 'unique@1000': 0.96, 'unique@10000': 0.8312, 'FCD/Test': 15.583728041055686, 'SNN/Test': 0.5361948118255783, 'Frag/Test': 0.9103475923177418, 'Scaf/Test': 0.21829205358493942, 'FCD/TestSF': 16.701207957157138, 'SNN/TestSF': 0.47333512719720416, 'Frag/TestSF': 0.8985670797849683, 'Scaf/TestSF': 0.03228356419367562, 'IntDiv': 0.8319743773674979, 'IntDiv2': 0.8223189753048352, 'Filters': 0.9733912435724626, 'logP': 0.18069745119249606, 'SA': 0.03640061653915871, 'QED': 0.020061108877532, 'weight': 22.83765874538493, 'Novelty': 0.9478728991596639}
Epoch: 51:
	Train Loss: 0.357 --- Reconstruction Loss: 0.350 --- KL Loss: 32.626 --- Beta: 0.000200
	Validity: 0.67% --- Uniquene@1000: 0.96% --- Unique@10000: 0.83%

{'valid': 0.5968333333333333, 'unique@1000': 0.964, 'unique@10000': 0.8224, 'FCD/Test': 15.20087262734748, 'SNN/Test': 0.5344117529480127, 'Frag/Test': 0.9071026031532693, 'Scaf/Test': 0.20935531823619535, 'FCD/TestSF': 15.978001352705434, 'SNN/TestSF': 0.47796567594811956, 'Frag/TestSF': 0.8969210491296916, 'Scaf/TestSF': 0.028626524449006152, 'IntDiv': 0.8345786334675865, 'IntDiv2': 0.8242953020872721, 'Filters': 0.9590058642837196, 'logP': 0.4257569440845712, 'SA': 0.06644430963035448, 'QED': 0.01944187962939295, 'weight': 24.026820665293215, 'Novelty': 0.9503174368817363}
Epoch: 52:
	Train Loss: 0.353 --- Reconstruction Loss: 0.347 --- KL Loss: 31.850 --- Beta: 0.000210
	Validity: 0.60% --- Uniquene@1000: 0.96% --- Unique@10000: 0.82%

{'valid': 0.6065333333333334, 'unique@1000': 0.946, 'unique@10000': 0.7828, 'FCD/Test': 15.220172922159385, 'SNN/Test': 0.5564146172472293, 'Frag/Test': 0.9059315960094597, 'Scaf/Test': 0.21654717264797563, 'FCD/TestSF': 15.990856872153643, 'SNN/TestSF': 0.4928784093175269, 'Frag/TestSF': 0.8975494937449227, 'Scaf/TestSF': 0.040107886078248445, 'IntDiv': 0.8296815912828546, 'IntDiv2': 0.8191814471344396, 'Filters': 0.9720268190811168, 'logP': 0.3715447257300762, 'SA': 0.13211380927579536, 'QED': 0.01150478742754394, 'weight': 25.624539034827684, 'Novelty': 0.9386619932947272}
Epoch: 53:
	Train Loss: 0.350 --- Reconstruction Loss: 0.343 --- KL Loss: 31.016 --- Beta: 0.000220
	Validity: 0.61% --- Uniquene@1000: 0.95% --- Unique@10000: 0.78%

{'valid': 0.7342666666666666, 'unique@1000': 0.973, 'unique@10000': 0.8598, 'FCD/Test': 14.507553613600933, 'SNN/Test': 0.5249790942655926, 'Frag/Test': 0.9203282124000015, 'Scaf/Test': 0.2163562647272651, 'FCD/TestSF': 15.201597131735774, 'SNN/TestSF': 0.47544089008940527, 'Frag/TestSF': 0.910629691823128, 'Scaf/TestSF': 0.04724572943212468, 'IntDiv': 0.8426267810788055, 'IntDiv2': 0.8329440141287625, 'Filters': 0.9578264027601234, 'logP': 0.2477191939079263, 'SA': 0.022557739110932264, 'QED': 0.00859130932813256, 'weight': 28.677065766692515, 'Novelty': 0.949488453668518}
Epoch: 54:
	Train Loss: 0.347 --- Reconstruction Loss: 0.340 --- KL Loss: 30.290 --- Beta: 0.000230
	Validity: 0.73% --- Uniquene@1000: 0.97% --- Unique@10000: 0.86%

{'valid': 0.5312333333333333, 'unique@1000': 0.958, 'unique@10000': 0.8112, 'FCD/Test': 15.725417776684353, 'SNN/Test': 0.5405285507889369, 'Frag/Test': 0.9329004196094554, 'Scaf/Test': 0.1864048700923855, 'FCD/TestSF': 16.272181413519917, 'SNN/TestSF': 0.4865637547711981, 'Frag/TestSF': 0.9243837710082382, 'Scaf/TestSF': 0.050753251868531635, 'IntDiv': 0.8390145020732989, 'IntDiv2': 0.8285438477274512, 'Filters': 0.9609085775240007, 'logP': 0.30881520785417504, 'SA': 0.054638551696661444, 'QED': 0.015574193587702432, 'weight': 29.556469201491858, 'Novelty': 0.9323054089709762}
Epoch: 55:
	Train Loss: 0.345 --- Reconstruction Loss: 0.338 --- KL Loss: 30.022 --- Beta: 0.000240
	Validity: 0.53% --- Uniquene@1000: 0.96% --- Unique@10000: 0.81%

{'valid': 0.41903333333333337, 'unique@1000': 0.955, 'unique@10000': 0.8183, 'FCD/Test': 14.072987280402756, 'SNN/Test': 0.5228331618863864, 'Frag/Test': 0.9141765498279806, 'Scaf/Test': 0.2353150926080516, 'FCD/TestSF': 14.797845421699456, 'SNN/TestSF': 0.47097191750344203, 'Frag/TestSF': 0.9051024306229569, 'Scaf/TestSF': 0.02564164811300651, 'IntDiv': 0.8478956100843184, 'IntDiv2': 0.8371269347050723, 'Filters': 0.9528279373160449, 'logP': 0.13843493098986723, 'SA': 0.05433848995792368, 'QED': 0.008613129830013026, 'weight': 34.75854347464701, 'Novelty': 0.9449110177964407}
Epoch: 56:
	Train Loss: 0.342 --- Reconstruction Loss: 0.335 --- KL Loss: 29.398 --- Beta: 0.000250
	Validity: 0.42% --- Uniquene@1000: 0.95% --- Unique@10000: 0.82%

{'valid': 0.5167666666666666, 'unique@1000': 0.959, 'unique@10000': 0.8193, 'FCD/Test': 13.991133280662865, 'SNN/Test': 0.5376785197969576, 'Frag/Test': 0.9203375469187748, 'Scaf/Test': 0.21412356428839963, 'FCD/TestSF': 14.725215297322976, 'SNN/TestSF': 0.4844474309574425, 'Frag/TestSF': 0.9097232010224559, 'Scaf/TestSF': 0.03539279954029306, 'IntDiv': 0.8397058305867394, 'IntDiv2': 0.8290562684525714, 'Filters': 0.9500741791911242, 'logP': 0.16900165622610835, 'SA': 0.06033158189937674, 'QED': 0.007613595718540877, 'weight': 32.140027812441375, 'Novelty': 0.9376090387970425}
Epoch: 57:
	Train Loss: 0.340 --- Reconstruction Loss: 0.332 --- KL Loss: 28.799 --- Beta: 0.000260
	Validity: 0.52% --- Uniquene@1000: 0.96% --- Unique@10000: 0.82%

{'valid': 0.5862333333333334, 'unique@1000': 0.979, 'unique@10000': 0.8663, 'FCD/Test': 13.16654664376724, 'SNN/Test': 0.5318415221995055, 'Frag/Test': 0.925549336634154, 'Scaf/Test': 0.2995812355989107, 'FCD/TestSF': 14.024525913179602, 'SNN/TestSF': 0.4795626314563342, 'Frag/TestSF': 0.9157240848416774, 'Scaf/TestSF': 0.0400160862647434, 'IntDiv': 0.845881328135008, 'IntDiv2': 0.8360349275998242, 'Filters': 0.9474043327457782, 'logP': 0.24449167183494294, 'SA': 0.0366520875135576, 'QED': 0.012800366027184198, 'weight': 27.506941663921083, 'Novelty': 0.9399749895789913}
Epoch: 58:
	Train Loss: 0.338 --- Reconstruction Loss: 0.330 --- KL Loss: 28.232 --- Beta: 0.000270
	Validity: 0.59% --- Uniquene@1000: 0.98% --- Unique@10000: 0.87%

{'valid': 0.5109333333333334, 'unique@1000': 0.973, 'unique@10000': 0.8717, 'FCD/Test': 13.138898568165828, 'SNN/Test': 0.5217144857199634, 'Frag/Test': 0.9267052894914558, 'Scaf/Test': 0.21205498737787343, 'FCD/TestSF': 13.714939743762535, 'SNN/TestSF': 0.47306152365689547, 'Frag/TestSF': 0.9188608608241017, 'Scaf/TestSF': 0.03578852881380912, 'IntDiv': 0.847905335516422, 'IntDiv2': 0.8386981747251329, 'Filters': 0.9585725469728601, 'logP': 0.20775242777909347, 'SA': 0.04438821412815945, 'QED': 0.00968445472302663, 'weight': 30.860200895288997, 'Novelty': 0.9442402439978103}
Epoch: 59:
	Train Loss: 0.335 --- Reconstruction Loss: 0.327 --- KL Loss: 27.798 --- Beta: 0.000280
	Validity: 0.51% --- Uniquene@1000: 0.97% --- Unique@10000: 0.87%

{'valid': 0.5289666666666666, 'unique@1000': 0.983, 'unique@10000': 0.8976, 'FCD/Test': 12.750981785739398, 'SNN/Test': 0.5155530976153507, 'Frag/Test': 0.9120577670292502, 'Scaf/Test': 0.25512726303130717, 'FCD/TestSF': 13.493172053634794, 'SNN/TestSF': 0.4649518227660218, 'Frag/TestSF': 0.9027457951037845, 'Scaf/TestSF': 0.0393809433752611, 'IntDiv': 0.8509394149827447, 'IntDiv2': 0.8415311635234441, 'Filters': 0.9548175688449178, 'logP': 0.19499236198000494, 'SA': 0.04499890138512788, 'QED': 0.017011576440031498, 'weight': 29.201593934129605, 'Novelty': 0.9485851808634772}
Epoch: 60:
	Train Loss: 0.332 --- Reconstruction Loss: 0.324 --- KL Loss: 27.395 --- Beta: 0.000290
	Validity: 0.53% --- Uniquene@1000: 0.98% --- Unique@10000: 0.90%

{'valid': 0.5476333333333334, 'unique@1000': 0.98, 'unique@10000': 0.8737, 'FCD/Test': 14.10162388948801, 'SNN/Test': 0.526031276227582, 'Frag/Test': 0.9153163473338257, 'Scaf/Test': 0.21362915668034044, 'FCD/TestSF': 15.013704551118657, 'SNN/TestSF': 0.4699857056819338, 'Frag/TestSF': 0.9045886950610702, 'Scaf/TestSF': 0.02988274125983148, 'IntDiv': 0.8463977150578934, 'IntDiv2': 0.8364577935432298, 'Filters': 0.9603749467405198, 'logP': 0.14964773196802117, 'SA': 0.04215160156224993, 'QED': 0.007348807713282508, 'weight': 34.186733336394255, 'Novelty': 0.9433174661296229}
Epoch: 61:
	Train Loss: 0.331 --- Reconstruction Loss: 0.323 --- KL Loss: 26.811 --- Beta: 0.000300
	Validity: 0.55% --- Uniquene@1000: 0.98% --- Unique@10000: 0.87%

{'valid': 0.6167333333333334, 'unique@1000': 0.982, 'unique@10000': 0.8922, 'FCD/Test': 13.176273389038059, 'SNN/Test': 0.5252723977148513, 'Frag/Test': 0.9079941836048765, 'Scaf/Test': 0.2504074558125603, 'FCD/TestSF': 13.903697752669089, 'SNN/TestSF': 0.4736107528304721, 'Frag/TestSF': 0.8970778189640055, 'Scaf/TestSF': 0.05413529507583292, 'IntDiv': 0.8502137765559592, 'IntDiv2': 0.8406247122397911, 'Filters': 0.9577342989947033, 'logP': 0.14995888365205168, 'SA': 0.026700182049940326, 'QED': 0.015743137019296242, 'weight': 34.468772329077844, 'Novelty': 0.9422273632799949}
Epoch: 62:
	Train Loss: 0.329 --- Reconstruction Loss: 0.320 --- KL Loss: 26.390 --- Beta: 0.000310
	Validity: 0.62% --- Uniquene@1000: 0.98% --- Unique@10000: 0.89%

{'valid': 0.6312333333333333, 'unique@1000': 0.984, 'unique@10000': 0.8879, 'FCD/Test': 12.613791188056005, 'SNN/Test': 0.5371156951295805, 'Frag/Test': 0.9262597103773667, 'Scaf/Test': 0.33294661831140904, 'FCD/TestSF': 13.498915084951037, 'SNN/TestSF': 0.4826975311922059, 'Frag/TestSF': 0.9171314132837163, 'Scaf/TestSF': 0.057105274134967354, 'IntDiv': 0.8473683987948162, 'IntDiv2': 0.8373402573511889, 'Filters': 0.9689496752389503, 'logP': 0.16779754488156332, 'SA': 0.06502052103346509, 'QED': 0.009744416600543683, 'weight': 29.049331468812934, 'Novelty': 0.9313682079827946}
Epoch: 63:
	Train Loss: 0.326 --- Reconstruction Loss: 0.318 --- KL Loss: 26.086 --- Beta: 0.000320
	Validity: 0.63% --- Uniquene@1000: 0.98% --- Unique@10000: 0.89%

{'valid': 0.5957666666666667, 'unique@1000': 0.984, 'unique@10000': 0.9117, 'FCD/Test': 14.015308202022652, 'SNN/Test': 0.5201924032485459, 'Frag/Test': 0.8980122782567866, 'Scaf/Test': 0.26039556101995454, 'FCD/TestSF': 14.807769686316718, 'SNN/TestSF': 0.4697910816074318, 'Frag/TestSF': 0.8895150102185971, 'Scaf/TestSF': 0.050940249111732894, 'IntDiv': 0.8498760647189433, 'IntDiv2': 0.8402603647578297, 'Filters': 0.9588765176523247, 'logP': 0.1438455958176537, 'SA': 0.04360436662348342, 'QED': 0.018406686733879154, 'weight': 29.171029417681893, 'Novelty': 0.9478917802027507}
Epoch: 64:
	Train Loss: 0.325 --- Reconstruction Loss: 0.316 --- KL Loss: 25.643 --- Beta: 0.000330
	Validity: 0.60% --- Uniquene@1000: 0.98% --- Unique@10000: 0.91%

{'valid': 0.7585, 'unique@1000': 0.987, 'unique@10000': 0.9085, 'FCD/Test': 12.903992113218209, 'SNN/Test': 0.538798319002058, 'Frag/Test': 0.9207148705171918, 'Scaf/Test': 0.3045350412362289, 'FCD/TestSF': 13.850783779009518, 'SNN/TestSF': 0.48184908087097456, 'Frag/TestSF': 0.9102808011079768, 'Scaf/TestSF': 0.04501777025580356, 'IntDiv': 0.8442450494829015, 'IntDiv2': 0.8347017953775314, 'Filters': 0.9706438145462536, 'logP': 0.14753962991493014, 'SA': 0.051461440337772585, 'QED': 0.014170879128103464, 'weight': 29.13671972488738, 'Novelty': 0.9364158829676071}
Epoch: 65:
	Train Loss: 0.323 --- Reconstruction Loss: 0.314 --- KL Loss: 25.219 --- Beta: 0.000340
	Validity: 0.76% --- Uniquene@1000: 0.99% --- Unique@10000: 0.91%

{'valid': 0.677, 'unique@1000': 0.987, 'unique@10000': 0.912, 'FCD/Test': 13.315924812377183, 'SNN/Test': 0.5174450411042634, 'Frag/Test': 0.8881889313359126, 'Scaf/Test': 0.24803726627591838, 'FCD/TestSF': 14.153210696696192, 'SNN/TestSF': 0.46653717554434365, 'Frag/TestSF': 0.8799460265412894, 'Scaf/TestSF': 0.05355936712822251, 'IntDiv': 0.853756205601343, 'IntDiv2': 0.8444887966322923, 'Filters': 0.9694731659281143, 'logP': 0.21267418998857457, 'SA': 0.055650957977283325, 'QED': 0.009666288081977078, 'weight': 31.42831955546905, 'Novelty': 0.9402431368072599}
Epoch: 66:
	Train Loss: 0.321 --- Reconstruction Loss: 0.312 --- KL Loss: 24.882 --- Beta: 0.000350
	Validity: 0.68% --- Uniquene@1000: 0.99% --- Unique@10000: 0.91%

{'valid': 0.7197333333333333, 'unique@1000': 0.989, 'unique@10000': 0.9287, 'FCD/Test': 13.134216057384137, 'SNN/Test': 0.5195499920617843, 'Frag/Test': 0.8925428963420731, 'Scaf/Test': 0.2936085910978503, 'FCD/TestSF': 13.854975860763012, 'SNN/TestSF': 0.4683348072955689, 'Frag/TestSF': 0.8850298575027461, 'Scaf/TestSF': 0.05172949156155182, 'IntDiv': 0.8551428196466422, 'IntDiv2': 0.8457893486407485, 'Filters': 0.9660522415709522, 'logP': 0.16045347180402567, 'SA': 0.053824155034171144, 'QED': 0.02201287735164648, 'weight': 26.714019610560783, 'Novelty': 0.936080072022454}
Epoch: 67:
	Train Loss: 0.318 --- Reconstruction Loss: 0.310 --- KL Loss: 24.586 --- Beta: 0.000360
	Validity: 0.72% --- Uniquene@1000: 0.99% --- Unique@10000: 0.93%

{'valid': 0.7155666666666667, 'unique@1000': 0.989, 'unique@10000': 0.9193, 'FCD/Test': 12.875237015827402, 'SNN/Test': 0.5239193045640962, 'Frag/Test': 0.9135132902125896, 'Scaf/Test': 0.2627455408988626, 'FCD/TestSF': 13.554291033985635, 'SNN/TestSF': 0.47306992814882604, 'Frag/TestSF': 0.9046954190786141, 'Scaf/TestSF': 0.04799770279957516, 'IntDiv': 0.849452898975501, 'IntDiv2': 0.8402250760795351, 'Filters': 0.9638514929892393, 'logP': 0.27773819491193075, 'SA': 0.04718166192854289, 'QED': 0.010582779144914706, 'weight': 23.241012661600156, 'Novelty': 0.9372709635697348}
Epoch: 68:
	Train Loss: 0.317 --- Reconstruction Loss: 0.308 --- KL Loss: 24.205 --- Beta: 0.000370
	Validity: 0.72% --- Uniquene@1000: 0.99% --- Unique@10000: 0.92%

{'valid': 0.7060666666666666, 'unique@1000': 0.995, 'unique@10000': 0.9345, 'FCD/Test': 13.41050411190323, 'SNN/Test': 0.509723371959686, 'Frag/Test': 0.8903949369469607, 'Scaf/Test': 0.2765107419560755, 'FCD/TestSF': 14.155003701867948, 'SNN/TestSF': 0.4623006344152492, 'Frag/TestSF': 0.8830976401105367, 'Scaf/TestSF': 0.058097805427533844, 'IntDiv': 0.8548767677664819, 'IntDiv2': 0.8454703247794616, 'Filters': 0.965395146822774, 'logP': 0.09570529776434974, 'SA': 0.08882869705465656, 'QED': 0.02346635606371355, 'weight': 26.92575315169959, 'Novelty': 0.950827575124538}
Epoch: 69:
	Train Loss: 0.316 --- Reconstruction Loss: 0.307 --- KL Loss: 23.929 --- Beta: 0.000380
	Validity: 0.71% --- Uniquene@1000: 0.99% --- Unique@10000: 0.93%

{'valid': 0.7513, 'unique@1000': 0.993, 'unique@10000': 0.9421, 'FCD/Test': 12.21664000663747, 'SNN/Test': 0.5206717242616067, 'Frag/Test': 0.9097687402601465, 'Scaf/Test': 0.2883303135814268, 'FCD/TestSF': 13.004418763919702, 'SNN/TestSF': 0.47294147755729044, 'Frag/TestSF': 0.9000749612330969, 'Scaf/TestSF': 0.04994593282567639, 'IntDiv': 0.8555306973908086, 'IntDiv2': 0.8462069766317257, 'Filters': 0.9708948932960646, 'logP': 0.15576268569006776, 'SA': 0.03914220234733712, 'QED': 0.017420675367212906, 'weight': 27.423594018036354, 'Novelty': 0.9410887397464579}
Epoch: 70:
	Train Loss: 0.314 --- Reconstruction Loss: 0.305 --- KL Loss: 23.693 --- Beta: 0.000390
	Validity: 0.75% --- Uniquene@1000: 0.99% --- Unique@10000: 0.94%

{'valid': 0.6984333333333334, 'unique@1000': 0.997, 'unique@10000': 0.9353, 'FCD/Test': 12.66183366862495, 'SNN/Test': 0.5202819562249039, 'Frag/Test': 0.9031999225212385, 'Scaf/Test': 0.3067205702371507, 'FCD/TestSF': 13.447218568538318, 'SNN/TestSF': 0.4728737697008828, 'Frag/TestSF': 0.8948203559154936, 'Scaf/TestSF': 0.055440760104068953, 'IntDiv': 0.8555322034844235, 'IntDiv2': 0.8460524472658726, 'Filters': 0.9691690927313511, 'logP': 0.1462090482354723, 'SA': 0.04675653577894674, 'QED': 0.021209237091131934, 'weight': 28.42563044130614, 'Novelty': 0.9386638046686343}
Epoch: 71:
	Train Loss: 0.312 --- Reconstruction Loss: 0.303 --- KL Loss: 23.505 --- Beta: 0.000400
	Validity: 0.70% --- Uniquene@1000: 1.00% --- Unique@10000: 0.94%

{'valid': 0.6786333333333333, 'unique@1000': 0.994, 'unique@10000': 0.9295, 'FCD/Test': 12.640778463243421, 'SNN/Test': 0.5219317707404904, 'Frag/Test': 0.8857667502598533, 'Scaf/Test': 0.27855923786074044, 'FCD/TestSF': 13.39777982102386, 'SNN/TestSF': 0.4725315968373698, 'Frag/TestSF': 0.8786094082247534, 'Scaf/TestSF': 0.05514523731671772, 'IntDiv': 0.8542672893873997, 'IntDiv2': 0.8450918495019127, 'Filters': 0.9641927403114102, 'logP': 0.3103882486489827, 'SA': 0.02191069800774801, 'QED': 0.017537826337886243, 'weight': 26.815567176431745, 'Novelty': 0.9400520804476702}
Epoch: 72:
	Train Loss: 0.311 --- Reconstruction Loss: 0.301 --- KL Loss: 23.129 --- Beta: 0.000410
	Validity: 0.68% --- Uniquene@1000: 0.99% --- Unique@10000: 0.93%

{'valid': 0.7076666666666667, 'unique@1000': 0.99, 'unique@10000': 0.9251, 'FCD/Test': 12.541799848927027, 'SNN/Test': 0.5236183524763477, 'Frag/Test': 0.890709021957026, 'Scaf/Test': 0.29788518009992015, 'FCD/TestSF': 13.376490243329009, 'SNN/TestSF': 0.4733140364548984, 'Frag/TestSF': 0.8826711902314089, 'Scaf/TestSF': 0.052927226912503844, 'IntDiv': 0.8513643805312874, 'IntDiv2': 0.8420400355403062, 'Filters': 0.9649552520018841, 'logP': 0.16446993996845452, 'SA': 0.03537343942754656, 'QED': 0.015287075218199551, 'weight': 26.626797728376676, 'Novelty': 0.9397493141104954}
Epoch: 73:
	Train Loss: 0.309 --- Reconstruction Loss: 0.300 --- KL Loss: 22.879 --- Beta: 0.000420
	Validity: 0.71% --- Uniquene@1000: 0.99% --- Unique@10000: 0.93%

{'valid': 0.6656666666666666, 'unique@1000': 0.989, 'unique@10000': 0.945, 'FCD/Test': 12.995880338839832, 'SNN/Test': 0.5075021496565866, 'Frag/Test': 0.87235332044052, 'Scaf/Test': 0.26657530940954577, 'FCD/TestSF': 13.844988046369679, 'SNN/TestSF': 0.4614262298346461, 'Frag/TestSF': 0.8644605172983887, 'Scaf/TestSF': 0.06210912550818515, 'IntDiv': 0.8557502409901896, 'IntDiv2': 0.8463831662386273, 'Filters': 0.9540811216825238, 'logP': 0.16992130253770887, 'SA': 0.09593926694663348, 'QED': 0.013693855940066285, 'weight': 26.1054340007615, 'Novelty': 0.9498840931670163}
Epoch: 74:
	Train Loss: 0.308 --- Reconstruction Loss: 0.298 --- KL Loss: 22.622 --- Beta: 0.000430
	Validity: 0.67% --- Uniquene@1000: 0.99% --- Unique@10000: 0.94%

{'valid': 0.6867666666666667, 'unique@1000': 0.99, 'unique@10000': 0.948, 'FCD/Test': 12.560244730306259, 'SNN/Test': 0.5093239121316608, 'Frag/Test': 0.8720778304090341, 'Scaf/Test': 0.3009240035714653, 'FCD/TestSF': 13.275174198662548, 'SNN/TestSF': 0.46417776823683177, 'Frag/TestSF': 0.8642962547818713, 'Scaf/TestSF': 0.06539092796176238, 'IntDiv': 0.85503515440436, 'IntDiv2': 0.8460230214701645, 'Filters': 0.9607824103285929, 'logP': 0.1839228596611779, 'SA': 0.0609838713690093, 'QED': 0.013316264647197155, 'weight': 25.546334766607675, 'Novelty': 0.9490920709302945}
Epoch: 75:
	Train Loss: 0.307 --- Reconstruction Loss: 0.297 --- KL Loss: 22.356 --- Beta: 0.000440
	Validity: 0.69% --- Uniquene@1000: 0.99% --- Unique@10000: 0.95%

{'valid': 0.7628333333333334, 'unique@1000': 0.994, 'unique@10000': 0.9492, 'FCD/Test': 12.611688570446105, 'SNN/Test': 0.5101054702083538, 'Frag/Test': 0.8976368640586895, 'Scaf/Test': 0.305954514026782, 'FCD/TestSF': 13.247712031241221, 'SNN/TestSF': 0.46574162413960907, 'Frag/TestSF': 0.8908481611837515, 'Scaf/TestSF': 0.0515044710002297, 'IntDiv': 0.8544590531074675, 'IntDiv2': 0.8457109370376974, 'Filters': 0.9487000218483723, 'logP': 0.2430524130524237, 'SA': 0.06542664539038637, 'QED': 0.011324134298963211, 'weight': 20.888469965317327, 'Novelty': 0.945307584337641}
Epoch: 76:
	Train Loss: 0.305 --- Reconstruction Loss: 0.295 --- KL Loss: 22.142 --- Beta: 0.000450
	Validity: 0.76% --- Uniquene@1000: 0.99% --- Unique@10000: 0.95%

{'valid': 0.5591999999999999, 'unique@1000': 0.991, 'unique@10000': 0.9434, 'FCD/Test': 12.704984290138967, 'SNN/Test': 0.4995973969023172, 'Frag/Test': 0.8762171819672556, 'Scaf/Test': 0.2321572538403901, 'FCD/TestSF': 13.480696322860076, 'SNN/TestSF': 0.45415844544004447, 'Frag/TestSF': 0.870038149644499, 'Scaf/TestSF': 0.039446496898391636, 'IntDiv': 0.8606129487684111, 'IntDiv2': 0.8518798140437988, 'Filters': 0.9517167381974249, 'logP': 0.1791692606111732, 'SA': 0.13691049453703477, 'QED': 0.015505396864264777, 'weight': 24.87853943203231, 'Novelty': 0.9499611600207146}
Epoch: 77:
	Train Loss: 0.304 --- Reconstruction Loss: 0.294 --- KL Loss: 21.979 --- Beta: 0.000460
	Validity: 0.56% --- Uniquene@1000: 0.99% --- Unique@10000: 0.94%

{'valid': 0.7490333333333333, 'unique@1000': 0.987, 'unique@10000': 0.9396, 'FCD/Test': 13.002093207620106, 'SNN/Test': 0.5210607038440906, 'Frag/Test': 0.8880890110869477, 'Scaf/Test': 0.27025035677898346, 'FCD/TestSF': 13.76694233057114, 'SNN/TestSF': 0.4736905910605545, 'Frag/TestSF': 0.8795379339475752, 'Scaf/TestSF': 0.07794538559110475, 'IntDiv': 0.8526544890399088, 'IntDiv2': 0.8434309806961953, 'Filters': 0.9669351608740154, 'logP': 0.1307041996141908, 'SA': 0.03205007802549793, 'QED': 0.015278270612044786, 'weight': 24.693923762375082, 'Novelty': 0.9324391952757481}
Epoch: 78:
	Train Loss: 0.302 --- Reconstruction Loss: 0.292 --- KL Loss: 21.762 --- Beta: 0.000470
	Validity: 0.75% --- Uniquene@1000: 0.99% --- Unique@10000: 0.94%

{'valid': 0.5628333333333333, 'unique@1000': 0.992, 'unique@10000': 0.9396, 'FCD/Test': 12.141647561723097, 'SNN/Test': 0.5106221740516573, 'Frag/Test': 0.8851327288620239, 'Scaf/Test': 0.24222601411277456, 'FCD/TestSF': 12.94914583455617, 'SNN/TestSF': 0.4657793335459943, 'Frag/TestSF': 0.8759638237539578, 'Scaf/TestSF': 0.04751105501223862, 'IntDiv': 0.8536387991527128, 'IntDiv2': 0.8446563936833109, 'Filters': 0.9563517915309446, 'logP': 0.20411520643810332, 'SA': 0.09809655609382335, 'QED': 0.014289495437380496, 'weight': 24.007542928822637, 'Novelty': 0.943203946514345}
Epoch: 79:
	Train Loss: 0.301 --- Reconstruction Loss: 0.290 --- KL Loss: 21.590 --- Beta: 0.000480
	Validity: 0.56% --- Uniquene@1000: 0.99% --- Unique@10000: 0.94%

{'valid': 0.7520333333333333, 'unique@1000': 0.994, 'unique@10000': 0.9495, 'FCD/Test': 12.765454682749294, 'SNN/Test': 0.5099844828272462, 'Frag/Test': 0.8939047069886797, 'Scaf/Test': 0.2648427278330727, 'FCD/TestSF': 13.311836583514108, 'SNN/TestSF': 0.46676526529707285, 'Frag/TestSF': 0.8870603642784258, 'Scaf/TestSF': 0.06053893628013951, 'IntDiv': 0.8576386910194483, 'IntDiv2': 0.8488068974219898, 'Filters': 0.9613492309738043, 'logP': 0.2929368843667985, 'SA': 0.08021535234894608, 'QED': 0.012163034295111732, 'weight': 25.21995208357425, 'Novelty': 0.9430610164555119}
Epoch: 80:
	Train Loss: 0.300 --- Reconstruction Loss: 0.289 --- KL Loss: 21.454 --- Beta: 0.000490
	Validity: 0.75% --- Uniquene@1000: 0.99% --- Unique@10000: 0.95%

