2024-02-15 02:31:21.270653: E external/local_xla/xla/stream_executor/cuda/cuda_dnn.cc:9261] Unable to register cuDNN factory: Attempting to register factory for plugin cuDNN when one has already been registered
2024-02-15 02:31:21.270735: E external/local_xla/xla/stream_executor/cuda/cuda_fft.cc:607] Unable to register cuFFT factory: Attempting to register factory for plugin cuFFT when one has already been registered
2024-02-15 02:31:21.271643: E external/local_xla/xla/stream_executor/cuda/cuda_blas.cc:1515] Unable to register cuBLAS factory: Attempting to register factory for plugin cuBLAS when one has already been registered
2024-02-15 02:31:21.278245: I tensorflow/core/platform/cpu_feature_guard.cc:182] This TensorFlow binary is optimized to use available CPU instructions in performance-critical operations.
To enable the following instructions: AVX2 FMA, in other operations, rebuild TensorFlow with the appropriate compiler flags.
2024-02-15 02:31:22.130265: W tensorflow/compiler/tf2tensorrt/utils/py_utils.cc:38] TF-TRT Warning: Could not find TensorRT

Arguments:
	data_path: data/moses_train.txt
	max_len: 30
	batch: 128
	d_model: 512
	d_latent: 256
	d_ff: 1024
	e_heads: 1
	d_heads: 8
	n_layers: 6
	dropout: 0.5
	lr: 0.0005
	n_epochs: 60
	kl_type: monotonic
	kl_w_start: 0.0001
	kl_w_end: 0.005
	kl_cycle: 4
	kl_ratio: 0.9
	save_name: klcompare

Number of data: 88192

SMILES Vocab:
	 {'<START>': 0, '<END>': 1, '<PAD>': 2, 'C': 3, 'O': 4, 'c': 5, '1': 6, '(': 7, '=': 8, ')': 9, 'N': 10, 'n': 11, '2': 12, 'F': 13, 'Cl': 14, 'Br': 15, '#': 16, '3': 17, 'S': 18, 'o': 19, '-': 20, 's': 21, '[nH]': 22, '4': 23}

Graph Vocab:
	 {'C': 0, 'O': 1, 'N': 2, 'F': 3, 'Cl': 4, 'Br': 5, 'S': 6}


KL Annealer: [0.0001, 0.00018166666666666667, 0.00026333333333333336, 0.000345, 0.00042666666666666667, 0.0005083333333333334, 0.00059, 0.0006716666666666668, 0.0007533333333333334, 0.000835, 0.0009166666666666668, 0.0009983333333333333, 0.00108, 0.0011616666666666668, 0.0012433333333333335, 0.001325, 0.0014066666666666667, 0.0014883333333333335, 0.00157, 0.0016516666666666667, 0.0017333333333333335, 0.001815, 0.0018966666666666667, 0.0019783333333333332, 0.0020599999999999998, 0.0021416666666666667, 0.0022233333333333332, 0.0023049999999999998, 0.0023866666666666667, 0.0024683333333333332, 0.0025499999999999997, 0.0026316666666666667, 0.0027133333333333332, 0.0027949999999999997, 0.0028766666666666667, 0.002958333333333333, 0.0030399999999999997, 0.0031216666666666667, 0.003203333333333333, 0.0032849999999999997, 0.0033666666666666667, 0.003448333333333333, 0.0035299999999999997, 0.0036116666666666667, 0.003693333333333333, 0.0037749999999999997, 0.0038566666666666667, 0.003938333333333334, 0.00402, 0.004101666666666667, 0.004183333333333334, 0.0042650000000000006, 0.004346666666666667, 0.004428333333333334, 0.00451, 0.004591666666666667, 0.004673333333333334, 0.0047550000000000005, 0.004836666666666667, 0.004918333333333334]




#########################################################################
######################### START TRAINING ################################
#########################################################################




/home/80027464/graphvae/metrics.py:527: UserWarning: Can't compute unique@10000.gen contains only 5896 molecules
  warnings.warn(
{'valid': 0.19653333333333334, 'unique@1000': 0.839, 'unique@10000': 0.6451831750339213, 'FCD/Test': 19.42883007513653, 'SNN/Test': 0.5664292249419149, 'Frag/Test': 0.8353117714050384, 'Scaf/Test': 0.12079889149822265, 'FCD/TestSF': 20.64688427279401, 'SNN/TestSF': 0.49404359720344054, 'Frag/TestSF': 0.8211997818082603, 'Scaf/TestSF': 0.016102072735977302, 'IntDiv': 0.7940589093910738, 'IntDiv2': 0.7791855948292252, 'Filters': 0.9369063772048847, 'logP': 0.1513411283997575, 'SA': 0.10842232166865348, 'QED': 0.07242687247236015, 'weight': 14.217387654500754, 'Novelty': 0.9471608832807571}
Epoch: 31:
	Train Loss: 0.481 --- Reconstruction Loss: 0.459 --- KL Loss: 8.435 --- Beta: 0.002550
	Validity: 0.20% --- Uniquene@1000: 0.84% --- Unique@10000: 0.65%

/home/80027464/graphvae/metrics.py:527: UserWarning: Can't compute unique@10000.gen contains only 7498 molecules
  warnings.warn(
{'valid': 0.24993333333333334, 'unique@1000': 0.87, 'unique@10000': 0.6364363830354761, 'FCD/Test': 20.034191444574986, 'SNN/Test': 0.5727980811438041, 'Frag/Test': 0.8208221460782753, 'Scaf/Test': 0.12101860851188329, 'FCD/TestSF': 21.135293602707065, 'SNN/TestSF': 0.48869403000751094, 'Frag/TestSF': 0.8075747697126923, 'Scaf/TestSF': 0.034751865785031755, 'IntDiv': 0.7958189028451484, 'IntDiv2': 0.7806791170482718, 'Filters': 0.9477193918378234, 'logP': 0.3261262239063398, 'SA': 0.0945266458644739, 'QED': 0.10368372061783325, 'weight': 9.714545796133471, 'Novelty': 0.9580888516345348}
Epoch: 32:
	Train Loss: 0.475 --- Reconstruction Loss: 0.454 --- KL Loss: 8.039 --- Beta: 0.002632
	Validity: 0.25% --- Uniquene@1000: 0.87% --- Unique@10000: 0.64%

/home/80027464/graphvae/metrics.py:527: UserWarning: Can't compute unique@10000.gen contains only 9624 molecules
  warnings.warn(
{'valid': 0.3208, 'unique@1000': 0.89, 'unique@10000': 0.6548212801330008, 'FCD/Test': 16.430907877522827, 'SNN/Test': 0.5816013571107179, 'Frag/Test': 0.8347434297883426, 'Scaf/Test': 0.2398809050367533, 'FCD/TestSF': 17.52436628696411, 'SNN/TestSF': 0.5084812944415873, 'Frag/TestSF': 0.8229296181126902, 'Scaf/TestSF': 0.03444056230724013, 'IntDiv': 0.8078136667484267, 'IntDiv2': 0.7946643511219259, 'Filters': 0.9541770573566085, 'logP': 0.2043594943545189, 'SA': 0.16077726901965816, 'QED': 0.06223970390111594, 'weight': 10.336871447866937, 'Novelty': 0.9449381148841638}
Epoch: 33:
	Train Loss: 0.469 --- Reconstruction Loss: 0.449 --- KL Loss: 7.486 --- Beta: 0.002713
	Validity: 0.32% --- Uniquene@1000: 0.89% --- Unique@10000: 0.65%

{'valid': 0.3904333333333333, 'unique@1000': 0.91, 'unique@10000': 0.6586, 'FCD/Test': 17.832319889137807, 'SNN/Test': 0.5764196690976299, 'Frag/Test': 0.8330701027645582, 'Scaf/Test': 0.22644842548047261, 'FCD/TestSF': 18.969485236440164, 'SNN/TestSF': 0.50142333365536, 'Frag/TestSF': 0.8204364395109766, 'Scaf/TestSF': 0.022960515986296004, 'IntDiv': 0.8091857380763311, 'IntDiv2': 0.794292700080606, 'Filters': 0.9757534363527705, 'logP': 0.4024635132611927, 'SA': 0.1807984170584517, 'QED': 0.07678584261844643, 'weight': 11.783966491498338, 'Novelty': 0.9505957959566207}
Epoch: 34:
	Train Loss: 0.466 --- Reconstruction Loss: 0.446 --- KL Loss: 7.265 --- Beta: 0.002795
	Validity: 0.39% --- Uniquene@1000: 0.91% --- Unique@10000: 0.66%

/home/80027464/graphvae/metrics.py:527: UserWarning: Can't compute unique@10000.gen contains only 5952 molecules
  warnings.warn(
{'valid': 0.19840000000000002, 'unique@1000': 0.885, 'unique@10000': 0.7242943548387096, 'FCD/Test': 14.133388358959252, 'SNN/Test': 0.5475391330177425, 'Frag/Test': 0.8926676020743963, 'Scaf/Test': 0.27022637905572433, 'FCD/TestSF': 14.949942903478188, 'SNN/TestSF': 0.4955205325217497, 'Frag/TestSF': 0.8838464230149193, 'Scaf/TestSF': 0.017307860210141746, 'IntDiv': 0.8304445776368672, 'IntDiv2': 0.8167855427338464, 'Filters': 0.8141801075268817, 'logP': 0.3436592248920865, 'SA': 0.0952018270883486, 'QED': 0.048218000105694006, 'weight': 8.41032395573905, 'Novelty': 0.9475759684527951}
Epoch: 35:
	Train Loss: 0.461 --- Reconstruction Loss: 0.441 --- KL Loss: 6.953 --- Beta: 0.002877
	Validity: 0.20% --- Uniquene@1000: 0.89% --- Unique@10000: 0.72%

/home/80027464/graphvae/metrics.py:527: UserWarning: Can't compute unique@10000.gen contains only 6596 molecules
  warnings.warn(
{'valid': 0.21986666666666665, 'unique@1000': 0.869, 'unique@10000': 0.665554881746513, 'FCD/Test': 15.137869889661786, 'SNN/Test': 0.5719151658301392, 'Frag/Test': 0.8803074769665804, 'Scaf/Test': 0.3735795284381459, 'FCD/TestSF': 15.78011227264922, 'SNN/TestSF': 0.518720759811945, 'Frag/TestSF': 0.8725191183192641, 'Scaf/TestSF': 0.017363611154308844, 'IntDiv': 0.8221535990465343, 'IntDiv2': 0.8077583706205362, 'Filters': 0.9429957550030321, 'logP': 0.41502241900166414, 'SA': 0.12792033572032913, 'QED': 0.031031484062453797, 'weight': 9.821979136638857, 'Novelty': 0.9387243735763098}
Epoch: 36:
	Train Loss: 0.457 --- Reconstruction Loss: 0.437 --- KL Loss: 6.664 --- Beta: 0.002958
	Validity: 0.22% --- Uniquene@1000: 0.87% --- Unique@10000: 0.67%

/home/80027464/graphvae/metrics.py:527: UserWarning: Can't compute unique@10000.gen contains only 8545 molecules
  warnings.warn(
{'valid': 0.2848333333333334, 'unique@1000': 0.937, 'unique@10000': 0.7383265067290813, 'FCD/Test': 15.157773643172717, 'SNN/Test': 0.5439884316457371, 'Frag/Test': 0.8597114335294763, 'Scaf/Test': 0.14545102976966384, 'FCD/TestSF': 16.065083645799803, 'SNN/TestSF': 0.48393187666057913, 'Frag/TestSF': 0.8492439563888426, 'Scaf/TestSF': 0.013739246424403828, 'IntDiv': 0.831077158112702, 'IntDiv2': 0.8176770754954941, 'Filters': 0.8088940901111761, 'logP': 0.45916670562855777, 'SA': 0.07678780069859562, 'QED': 0.053076057078536125, 'weight': 8.201480549444247, 'Novelty': 0.9592645427167539}
Epoch: 37:
	Train Loss: 0.453 --- Reconstruction Loss: 0.433 --- KL Loss: 6.477 --- Beta: 0.003040
	Validity: 0.28% --- Uniquene@1000: 0.94% --- Unique@10000: 0.74%

{'valid': 0.43720000000000003, 'unique@1000': 0.9, 'unique@10000': 0.7143, 'FCD/Test': 15.155002289697158, 'SNN/Test': 0.5856504915892787, 'Frag/Test': 0.8843132189002082, 'Scaf/Test': 0.2917392465663582, 'FCD/TestSF': 15.815400789668033, 'SNN/TestSF': 0.5294552720553739, 'Frag/TestSF': 0.8749166765444689, 'Scaf/TestSF': 0.022936216953160726, 'IntDiv': 0.8161268521086785, 'IntDiv2': 0.8036246349065751, 'Filters': 0.9625648063433974, 'logP': 0.3634279636186112, 'SA': 0.22866203567816587, 'QED': 0.03665108435351402, 'weight': 11.160215198657289, 'Novelty': 0.9367686768676867}
Epoch: 38:
	Train Loss: 0.450 --- Reconstruction Loss: 0.430 --- KL Loss: 6.320 --- Beta: 0.003122
	Validity: 0.44% --- Uniquene@1000: 0.90% --- Unique@10000: 0.71%

/home/80027464/graphvae/metrics.py:527: UserWarning: Can't compute unique@10000.gen contains only 9271 molecules
  warnings.warn(
{'valid': 0.3090333333333334, 'unique@1000': 0.89, 'unique@10000': 0.6918347535325208, 'FCD/Test': 15.077131234037736, 'SNN/Test': 0.534791041227069, 'Frag/Test': 0.8345005595642528, 'Scaf/Test': 0.1693221278410273, 'FCD/TestSF': 15.51240288077912, 'SNN/TestSF': 0.4894162440696023, 'Frag/TestSF': 0.8240342693526267, 'Scaf/TestSF': 0.010476351861864686, 'IntDiv': 0.8267973111706567, 'IntDiv2': 0.8129186579546968, 'Filters': 0.7907453349153274, 'logP': 0.33794550678676505, 'SA': 0.09329232206886658, 'QED': 0.06099197098808495, 'weight': 7.651262957637255, 'Novelty': 0.9565014031805426}
Epoch: 39:
	Train Loss: 0.446 --- Reconstruction Loss: 0.427 --- KL Loss: 6.196 --- Beta: 0.003203
	Validity: 0.31% --- Uniquene@1000: 0.89% --- Unique@10000: 0.69%

/home/80027464/graphvae/metrics.py:527: UserWarning: Can't compute unique@10000.gen contains only 9152 molecules
  warnings.warn(
{'valid': 0.3050666666666667, 'unique@1000': 0.932, 'unique@10000': 0.7274912587412588, 'FCD/Test': 14.257820305452476, 'SNN/Test': 0.5715840618350784, 'Frag/Test': 0.8905091551690117, 'Scaf/Test': 0.24330936216318988, 'FCD/TestSF': 14.924540414650338, 'SNN/TestSF': 0.5129374319987072, 'Frag/TestSF': 0.881710376519518, 'Scaf/TestSF': 0.022815704193424158, 'IntDiv': 0.8205722734595144, 'IntDiv2': 0.8075144106215186, 'Filters': 0.9201267482517482, 'logP': 0.395767271537981, 'SA': 0.11304249298876147, 'QED': 0.056782568311514306, 'weight': 9.090713713078895, 'Novelty': 0.9511865425052568}
Epoch: 40:
	Train Loss: 0.444 --- Reconstruction Loss: 0.424 --- KL Loss: 6.075 --- Beta: 0.003285
	Validity: 0.31% --- Uniquene@1000: 0.93% --- Unique@10000: 0.73%

/home/80027464/graphvae/metrics.py:527: UserWarning: Can't compute unique@10000.gen contains only 8658 molecules
  warnings.warn(
{'valid': 0.28859999999999997, 'unique@1000': 0.943, 'unique@10000': 0.7756987756987757, 'FCD/Test': 15.21155130663908, 'SNN/Test': 0.5544694559069918, 'Frag/Test': 0.8645253146379626, 'Scaf/Test': 0.21623478279445285, 'FCD/TestSF': 16.09392145207343, 'SNN/TestSF': 0.48693815042533894, 'Frag/TestSF': 0.8561320538281677, 'Scaf/TestSF': 0.008958171214905608, 'IntDiv': 0.8291643101220578, 'IntDiv2': 0.8158524758674597, 'Filters': 0.9205359205359205, 'logP': 0.42985061444929273, 'SA': 0.07026755256550954, 'QED': 0.07434157535459286, 'weight': 9.814451707879462, 'Novelty': 0.9615842763549732}
Epoch: 41:
	Train Loss: 0.441 --- Reconstruction Loss: 0.421 --- KL Loss: 5.953 --- Beta: 0.003367
	Validity: 0.29% --- Uniquene@1000: 0.94% --- Unique@10000: 0.78%

{'valid': 0.4582333333333334, 'unique@1000': 0.946, 'unique@10000': 0.7736, 'FCD/Test': 15.051165510805461, 'SNN/Test': 0.5727632012023938, 'Frag/Test': 0.8870079472947093, 'Scaf/Test': 0.28403865414386176, 'FCD/TestSF': 15.992676010075485, 'SNN/TestSF': 0.5121013101551015, 'Frag/TestSF': 0.8782277252298214, 'Scaf/TestSF': 0.03576387827490124, 'IntDiv': 0.8169370938742161, 'IntDiv2': 0.8046807169513482, 'Filters': 0.9690841638175602, 'logP': 0.4987088998570937, 'SA': 0.21573607979268086, 'QED': 0.07369100788441783, 'weight': 10.619369685167445, 'Novelty': 0.9562123159039241}
Epoch: 42:
	Train Loss: 0.438 --- Reconstruction Loss: 0.418 --- KL Loss: 5.825 --- Beta: 0.003448
	Validity: 0.46% --- Uniquene@1000: 0.95% --- Unique@10000: 0.77%

{'valid': 0.525, 'unique@1000': 0.949, 'unique@10000': 0.7588, 'FCD/Test': 15.067369304379866, 'SNN/Test': 0.5837651120831095, 'Frag/Test': 0.8927441079929932, 'Scaf/Test': 0.3035274363523104, 'FCD/TestSF': 15.894028945831806, 'SNN/TestSF': 0.5358205511295606, 'Frag/TestSF': 0.8862908971716166, 'Scaf/TestSF': 0.045705235726978266, 'IntDiv': 0.8139423758235363, 'IntDiv2': 0.8011393626190424, 'Filters': 0.9697142857142858, 'logP': 0.3858433438846621, 'SA': 0.24648403921789017, 'QED': 0.05273346397184286, 'weight': 15.077690497455727, 'Novelty': 0.942885680559339}
Epoch: 43:
	Train Loss: 0.435 --- Reconstruction Loss: 0.414 --- KL Loss: 5.749 --- Beta: 0.003530
	Validity: 0.53% --- Uniquene@1000: 0.95% --- Unique@10000: 0.76%

{'valid': 0.4109333333333334, 'unique@1000': 0.966, 'unique@10000': 0.816, 'FCD/Test': 16.01828226736103, 'SNN/Test': 0.5563063718279428, 'Frag/Test': 0.8515727374029539, 'Scaf/Test': 0.17264807718693598, 'FCD/TestSF': 17.08696811612387, 'SNN/TestSF': 0.4918186564523047, 'Frag/TestSF': 0.8384578471182167, 'Scaf/TestSF': 0.023603192937984963, 'IntDiv': 0.8187094027633857, 'IntDiv2': 0.8059503142021202, 'Filters': 0.9682024659312135, 'logP': 0.23637985526276112, 'SA': 0.11572485305469742, 'QED': 0.08641643003146127, 'weight': 14.887504251975864, 'Novelty': 0.9588452088452089}
Epoch: 44:
	Train Loss: 0.432 --- Reconstruction Loss: 0.411 --- KL Loss: 5.658 --- Beta: 0.003612
	Validity: 0.41% --- Uniquene@1000: 0.97% --- Unique@10000: 0.82%

{'valid': 0.49239999999999995, 'unique@1000': 0.98, 'unique@10000': 0.8095, 'FCD/Test': 14.200636858748531, 'SNN/Test': 0.5638169538236765, 'Frag/Test': 0.8847846429563888, 'Scaf/Test': 0.2621552533462772, 'FCD/TestSF': 15.093559942055201, 'SNN/TestSF': 0.5103053390705389, 'Frag/TestSF': 0.8765202404855467, 'Scaf/TestSF': 0.03885279158511701, 'IntDiv': 0.8238269574558785, 'IntDiv2': 0.812443535965365, 'Filters': 0.9400216626049283, 'logP': 0.31969477013406594, 'SA': 0.1638694267884104, 'QED': 0.07017790696250807, 'weight': 14.13008516080807, 'Novelty': 0.9491540516473731}
Epoch: 45:
	Train Loss: 0.429 --- Reconstruction Loss: 0.409 --- KL Loss: 5.588 --- Beta: 0.003693
	Validity: 0.49% --- Uniquene@1000: 0.98% --- Unique@10000: 0.81%

{'valid': 0.4189666666666667, 'unique@1000': 0.968, 'unique@10000': 0.8194, 'FCD/Test': 15.449919955368145, 'SNN/Test': 0.5432098715162493, 'Frag/Test': 0.8393302287807023, 'Scaf/Test': 0.21042523429127868, 'FCD/TestSF': 16.382124618018665, 'SNN/TestSF': 0.48867818993926093, 'Frag/TestSF': 0.8285008916778042, 'Scaf/TestSF': 0.024871318998861636, 'IntDiv': 0.8264729156361074, 'IntDiv2': 0.8141359461005775, 'Filters': 0.9627655342509348, 'logP': 0.2859485783505121, 'SA': 0.04313490787844398, 'QED': 0.10115983743545001, 'weight': 12.530973279834685, 'Novelty': 0.9633915211970074}
Epoch: 46:
	Train Loss: 0.427 --- Reconstruction Loss: 0.406 --- KL Loss: 5.513 --- Beta: 0.003775
	Validity: 0.42% --- Uniquene@1000: 0.97% --- Unique@10000: 0.82%

{'valid': 0.5612333333333333, 'unique@1000': 0.956, 'unique@10000': 0.8097, 'FCD/Test': 14.245397510061252, 'SNN/Test': 0.5550113570060371, 'Frag/Test': 0.8704200517589168, 'Scaf/Test': 0.25115016960390957, 'FCD/TestSF': 15.052040054822442, 'SNN/TestSF': 0.5052864370839842, 'Frag/TestSF': 0.8638882572246511, 'Scaf/TestSF': 0.03035105762530843, 'IntDiv': 0.8300358729877576, 'IntDiv2': 0.8182741081843422, 'Filters': 0.9673932410762012, 'logP': 0.3396576845986037, 'SA': 0.10706475427506376, 'QED': 0.049965223201429015, 'weight': 13.356275634086817, 'Novelty': 0.9524033560730808}
Epoch: 47:
	Train Loss: 0.424 --- Reconstruction Loss: 0.403 --- KL Loss: 5.432 --- Beta: 0.003857
	Validity: 0.56% --- Uniquene@1000: 0.96% --- Unique@10000: 0.81%

/home/80027464/graphvae/metrics.py:527: UserWarning: Can't compute unique@10000.gen contains only 9870 molecules
  warnings.warn(
{'valid': 0.32899999999999996, 'unique@1000': 0.951, 'unique@10000': 0.8006079027355623, 'FCD/Test': 15.09156151931937, 'SNN/Test': 0.5400100497776131, 'Frag/Test': 0.8599803483401774, 'Scaf/Test': 0.13548217985434619, 'FCD/TestSF': 15.877454747441043, 'SNN/TestSF': 0.49944622264052113, 'Frag/TestSF': 0.8508108156042012, 'Scaf/TestSF': 0.011573896024554053, 'IntDiv': 0.8317026796202116, 'IntDiv2': 0.8189454286318509, 'Filters': 0.9641337386018237, 'logP': 0.15378162589749553, 'SA': 0.056648508183045176, 'QED': 0.09709850245873511, 'weight': 15.917604335952118, 'Novelty': 0.9724120475828905}
Epoch: 48:
	Train Loss: 0.422 --- Reconstruction Loss: 0.401 --- KL Loss: 5.377 --- Beta: 0.003938
	Validity: 0.33% --- Uniquene@1000: 0.95% --- Unique@10000: 0.80%

{'valid': 0.5286333333333333, 'unique@1000': 0.983, 'unique@10000': 0.8799, 'FCD/Test': 13.445793485604142, 'SNN/Test': 0.529483449257813, 'Frag/Test': 0.8733103817930756, 'Scaf/Test': 0.20654771467010702, 'FCD/TestSF': 14.200191284019454, 'SNN/TestSF': 0.48331218013318283, 'Frag/TestSF': 0.8657043713133098, 'Scaf/TestSF': 0.03128506531998243, 'IntDiv': 0.8433637082315089, 'IntDiv2': 0.8323752224329148, 'Filters': 0.9589507535153541, 'logP': 0.28631594954433975, 'SA': 0.02934729315129903, 'QED': 0.06624100207250816, 'weight': 15.703774983949195, 'Novelty': 0.9633677545790307}
Epoch: 49:
	Train Loss: 0.420 --- Reconstruction Loss: 0.399 --- KL Loss: 5.332 --- Beta: 0.004020
	Validity: 0.53% --- Uniquene@1000: 0.98% --- Unique@10000: 0.88%

{'valid': 0.6175666666666666, 'unique@1000': 0.976, 'unique@10000': 0.8691, 'FCD/Test': 14.330620182226, 'SNN/Test': 0.5448145805227459, 'Frag/Test': 0.8831116496611162, 'Scaf/Test': 0.34113128494173384, 'FCD/TestSF': 15.08086914008031, 'SNN/TestSF': 0.49892711254629885, 'Frag/TestSF': 0.8768674624495011, 'Scaf/TestSF': 0.03628377992820475, 'IntDiv': 0.841536871105542, 'IntDiv2': 0.8303118856287025, 'Filters': 0.9649700437199763, 'logP': 0.3766529919492541, 'SA': 0.07715052498193095, 'QED': 0.049588599919288, 'weight': 15.209796741368017, 'Novelty': 0.9513614772195089}
Epoch: 50:
	Train Loss: 0.417 --- Reconstruction Loss: 0.395 --- KL Loss: 5.265 --- Beta: 0.004102
	Validity: 0.62% --- Uniquene@1000: 0.98% --- Unique@10000: 0.87%

{'valid': 0.5724, 'unique@1000': 0.972, 'unique@10000': 0.8498, 'FCD/Test': 14.942355209904221, 'SNN/Test': 0.545789477547933, 'Frag/Test': 0.865754907033909, 'Scaf/Test': 0.25176712229292897, 'FCD/TestSF': 16.1127432236361, 'SNN/TestSF': 0.49208337701848415, 'Frag/TestSF': 0.8571828468778436, 'Scaf/TestSF': 0.022565676078342256, 'IntDiv': 0.8321413282695693, 'IntDiv2': 0.8211083335877427, 'Filters': 0.9666899604006522, 'logP': 0.24795609735842322, 'SA': 0.09357502853163287, 'QED': 0.062125808666840615, 'weight': 16.81798505496102, 'Novelty': 0.9551282051282052}
Epoch: 51:
	Train Loss: 0.416 --- Reconstruction Loss: 0.394 --- KL Loss: 5.260 --- Beta: 0.004183
	Validity: 0.57% --- Uniquene@1000: 0.97% --- Unique@10000: 0.85%

{'valid': 0.4207333333333333, 'unique@1000': 0.927, 'unique@10000': 0.7469, 'FCD/Test': 14.201162270395798, 'SNN/Test': 0.5537700303426599, 'Frag/Test': 0.8505864037838765, 'Scaf/Test': 0.2242626046609173, 'FCD/TestSF': 14.771798922961182, 'SNN/TestSF': 0.5208104881421829, 'Frag/TestSF': 0.8451322493597876, 'Scaf/TestSF': 0.016471076060660783, 'IntDiv': 0.8350771983093922, 'IntDiv2': 0.822177171512451, 'Filters': 0.9537315797813342, 'logP': 0.1461175504363869, 'SA': 0.06680554277417494, 'QED': 0.03467697279029502, 'weight': 23.167930618415365, 'Novelty': 0.9498243302591128}
Epoch: 52:
	Train Loss: 0.413 --- Reconstruction Loss: 0.391 --- KL Loss: 5.157 --- Beta: 0.004265
	Validity: 0.42% --- Uniquene@1000: 0.93% --- Unique@10000: 0.75%

{'valid': 0.5198333333333334, 'unique@1000': 0.959, 'unique@10000': 0.8142, 'FCD/Test': 14.994996672900129, 'SNN/Test': 0.5581970476127657, 'Frag/Test': 0.8460285512732992, 'Scaf/Test': 0.25341395342260253, 'FCD/TestSF': 15.884087499915694, 'SNN/TestSF': 0.5036026377026642, 'Frag/TestSF': 0.8369268791821125, 'Scaf/TestSF': 0.037985708145128916, 'IntDiv': 0.8326994120538304, 'IntDiv2': 0.8204822949654192, 'Filters': 0.967810195575505, 'logP': 0.0995682544333216, 'SA': 0.10862427731577536, 'QED': 0.05874948498940828, 'weight': 17.936374010713102, 'Novelty': 0.9418721690991444}
Epoch: 53:
	Train Loss: 0.411 --- Reconstruction Loss: 0.389 --- KL Loss: 5.125 --- Beta: 0.004347
	Validity: 0.52% --- Uniquene@1000: 0.96% --- Unique@10000: 0.81%

{'valid': 0.7062999999999999, 'unique@1000': 0.965, 'unique@10000': 0.8334, 'FCD/Test': 12.744443848521527, 'SNN/Test': 0.5560056307292028, 'Frag/Test': 0.886652740148548, 'Scaf/Test': 0.3633597286468374, 'FCD/TestSF': 13.451649724545291, 'SNN/TestSF': 0.5197588371585791, 'Frag/TestSF': 0.8802826308646732, 'Scaf/TestSF': 0.06305781517145481, 'IntDiv': 0.8334618192761358, 'IntDiv2': 0.8222149323558043, 'Filters': 0.9618198121666902, 'logP': 0.11266159827577672, 'SA': 0.08931410011976555, 'QED': 0.03993927183942041, 'weight': 20.495299898214746, 'Novelty': 0.9462673557063694}
Epoch: 54:
	Train Loss: 0.409 --- Reconstruction Loss: 0.386 --- KL Loss: 5.068 --- Beta: 0.004428
	Validity: 0.71% --- Uniquene@1000: 0.96% --- Unique@10000: 0.83%

{'valid': 0.42336666666666667, 'unique@1000': 0.966, 'unique@10000': 0.8361, 'FCD/Test': 13.642488162778001, 'SNN/Test': 0.5467662881626012, 'Frag/Test': 0.8818152079364037, 'Scaf/Test': 0.2696108323799866, 'FCD/TestSF': 14.508751028243175, 'SNN/TestSF': 0.5043607556792228, 'Frag/TestSF': 0.8759219195183687, 'Scaf/TestSF': 0.02640694143547051, 'IntDiv': 0.8405841944076149, 'IntDiv2': 0.8295510421762069, 'Filters': 0.9700023620187387, 'logP': 0.1327222470085504, 'SA': 0.06289583498742611, 'QED': 0.04568718564012408, 'weight': 22.568348509336776, 'Novelty': 0.9481331793687452}
Epoch: 55:
	Train Loss: 0.408 --- Reconstruction Loss: 0.385 --- KL Loss: 5.027 --- Beta: 0.004510
	Validity: 0.42% --- Uniquene@1000: 0.97% --- Unique@10000: 0.84%

{'valid': 0.4461333333333334, 'unique@1000': 0.975, 'unique@10000': 0.8345, 'FCD/Test': 14.40373295874489, 'SNN/Test': 0.5393847371510008, 'Frag/Test': 0.8584687845484377, 'Scaf/Test': 0.2633159163937696, 'FCD/TestSF': 15.144912724175988, 'SNN/TestSF': 0.49817513780266454, 'Frag/TestSF': 0.854086706670635, 'Scaf/TestSF': 0.027483858996141475, 'IntDiv': 0.8487755471966498, 'IntDiv2': 0.8369403485300118, 'Filters': 0.9767632994620442, 'logP': 0.17442312159469708, 'SA': 0.04073541652043812, 'QED': 0.03934876838000382, 'weight': 24.453820273878453, 'Novelty': 0.9442904656319291}
Epoch: 56:
	Train Loss: 0.406 --- Reconstruction Loss: 0.383 --- KL Loss: 4.983 --- Beta: 0.004592
	Validity: 0.45% --- Uniquene@1000: 0.97% --- Unique@10000: 0.83%

{'valid': 0.7597, 'unique@1000': 0.981, 'unique@10000': 0.837, 'FCD/Test': 13.191659366064279, 'SNN/Test': 0.5637854016831182, 'Frag/Test': 0.8897964574233399, 'Scaf/Test': 0.40492237700450173, 'FCD/TestSF': 13.844522564997746, 'SNN/TestSF': 0.5215513921980222, 'Frag/TestSF': 0.8831664677237103, 'Scaf/TestSF': 0.0452651866056214, 'IntDiv': 0.8351852143542434, 'IntDiv2': 0.8238705180776315, 'Filters': 0.9598086964152517, 'logP': 0.1588644163694982, 'SA': 0.12613171647338314, 'QED': 0.032370417469044156, 'weight': 21.276886816002122, 'Novelty': 0.9381044487427466}
Epoch: 57:
	Train Loss: 0.404 --- Reconstruction Loss: 0.381 --- KL Loss: 4.954 --- Beta: 0.004673
	Validity: 0.76% --- Uniquene@1000: 0.98% --- Unique@10000: 0.84%

{'valid': 0.6313333333333333, 'unique@1000': 0.984, 'unique@10000': 0.8625, 'FCD/Test': 12.781244179428178, 'SNN/Test': 0.5544038630951168, 'Frag/Test': 0.8994562924751435, 'Scaf/Test': 0.3777397852640013, 'FCD/TestSF': 13.570402852939466, 'SNN/TestSF': 0.5141445227557402, 'Frag/TestSF': 0.8949794158876877, 'Scaf/TestSF': 0.05656722358807442, 'IntDiv': 0.8424886979513776, 'IntDiv2': 0.8314063617805836, 'Filters': 0.9720696937697993, 'logP': 0.20767791246447112, 'SA': 0.11692162934353412, 'QED': 0.03184147643516234, 'weight': 23.101891311587256, 'Novelty': 0.9371640899741225}
Epoch: 58:
	Train Loss: 0.403 --- Reconstruction Loss: 0.379 --- KL Loss: 4.918 --- Beta: 0.004755
	Validity: 0.63% --- Uniquene@1000: 0.98% --- Unique@10000: 0.86%

{'valid': 0.5980333333333333, 'unique@1000': 0.983, 'unique@10000': 0.8852, 'FCD/Test': 14.63185834290028, 'SNN/Test': 0.5332638003697437, 'Frag/Test': 0.8686413983987235, 'Scaf/Test': 0.3774984811397646, 'FCD/TestSF': 15.434313784453984, 'SNN/TestSF': 0.48662661015406, 'Frag/TestSF': 0.8623095937843352, 'Scaf/TestSF': 0.05135440220598009, 'IntDiv': 0.8454734390214061, 'IntDiv2': 0.8347508820616246, 'Filters': 0.9706259405830221, 'logP': 0.3474937629629991, 'SA': 0.030216399358610844, 'QED': 0.04922753773947284, 'weight': 19.13950334665772, 'Novelty': 0.9491673381681439}
Epoch: 59:
	Train Loss: 0.402 --- Reconstruction Loss: 0.378 --- KL Loss: 4.864 --- Beta: 0.004837
	Validity: 0.60% --- Uniquene@1000: 0.98% --- Unique@10000: 0.89%

{'valid': 0.5884, 'unique@1000': 0.981, 'unique@10000': 0.8678, 'FCD/Test': 13.352397741344717, 'SNN/Test': 0.5434953743596548, 'Frag/Test': 0.8974878018168928, 'Scaf/Test': 0.5392176665197941, 'FCD/TestSF': 14.099453550306869, 'SNN/TestSF': 0.5022058699937626, 'Frag/TestSF': 0.893656101836947, 'Scaf/TestSF': 0.07047439862402971, 'IntDiv': 0.8457907700656397, 'IntDiv2': 0.8346039402517107, 'Filters': 0.9705982324949014, 'logP': 0.14840194163395248, 'SA': 0.08179594110748911, 'QED': 0.0462172993387608, 'weight': 20.706383168223073, 'Novelty': 0.9430967563071805}
Epoch: 60:
	Train Loss: 0.400 --- Reconstruction Loss: 0.376 --- KL Loss: 4.822 --- Beta: 0.004918
	Validity: 0.59% --- Uniquene@1000: 0.98% --- Unique@10000: 0.87%

