2024-02-15 02:31:21.175259: E external/local_xla/xla/stream_executor/cuda/cuda_dnn.cc:9261] Unable to register cuDNN factory: Attempting to register factory for plugin cuDNN when one has already been registered
2024-02-15 02:31:21.175317: E external/local_xla/xla/stream_executor/cuda/cuda_fft.cc:607] Unable to register cuFFT factory: Attempting to register factory for plugin cuFFT when one has already been registered
2024-02-15 02:31:21.176676: E external/local_xla/xla/stream_executor/cuda/cuda_blas.cc:1515] Unable to register cuBLAS factory: Attempting to register factory for plugin cuBLAS when one has already been registered
2024-02-15 02:31:21.182370: I tensorflow/core/platform/cpu_feature_guard.cc:182] This TensorFlow binary is optimized to use available CPU instructions in performance-critical operations.
To enable the following instructions: AVX2 FMA, in other operations, rebuild TensorFlow with the appropriate compiler flags.
2024-02-15 02:31:22.000749: W tensorflow/compiler/tf2tensorrt/utils/py_utils.cc:38] TF-TRT Warning: Could not find TensorRT

Arguments:
	data_path: data/moses_train.txt
	max_len: 30
	batch: 128
	d_model: 512
	d_latent: 256
	d_ff: 1024
	e_heads: 1
	d_heads: 8
	n_layers: 6
	dropout: 0.5
	lr: 0.0005
	n_epochs: 100
	kl_type: cyclic
	kl_w_start: 0.0001
	kl_w_end: 0.0005
	kl_cycle: 4
	kl_ratio: 0.5
	save_name: klcompare

Number of data: 88192

SMILES Vocab:
	 {'<START>': 0, '<END>': 1, '<PAD>': 2, 'C': 3, 'O': 4, 'c': 5, '1': 6, '(': 7, '=': 8, ')': 9, 'N': 10, 'n': 11, '2': 12, 'F': 13, 'Cl': 14, 'Br': 15, '#': 16, '3': 17, 'S': 18, 'o': 19, '-': 20, 's': 21, '[nH]': 22, '4': 23}

Graph Vocab:
	 {'C': 0, 'O': 1, 'N': 2, 'F': 3, 'Cl': 4, 'Br': 5, 'S': 6}


KL Annealer: [0.0001   0.000132 0.000164 0.000196 0.000228 0.00026  0.000292 0.000324
 0.000356 0.000388 0.00042  0.000452 0.000484 0.0005   0.0005   0.0005
 0.0005   0.0005   0.0005   0.0005   0.0005   0.0005   0.0005   0.0005
 0.0005   0.0001   0.000132 0.000164 0.000196 0.000228 0.00026  0.000292
 0.000324 0.000356 0.000388 0.00042  0.000452 0.000484 0.0005   0.0005
 0.0005   0.0005   0.0005   0.0005   0.0005   0.0005   0.0005   0.0005
 0.0005   0.0005   0.0001   0.000132 0.000164 0.000196 0.000228 0.00026
 0.000292 0.000324 0.000356 0.000388 0.00042  0.000452 0.000484 0.0005
 0.0005   0.0005   0.0005   0.0005   0.0005   0.0005   0.0005   0.0005
 0.0005   0.0005   0.0005   0.0001   0.000132 0.000164 0.000196 0.000228
 0.00026  0.000292 0.000324 0.000356 0.000388 0.00042  0.000452 0.000484
 0.0005   0.0005   0.0005   0.0005   0.0005   0.0005   0.0005   0.0005
 0.0005   0.0005   0.0005   0.0005  ]




#########################################################################
######################### START TRAINING ################################
#########################################################################




{'valid': 0.5523, 'unique@1000': 0.757, 'unique@10000': 0.4148, 'FCD/Test': 22.29031528034392, 'SNN/Test': 0.6082687764501908, 'Frag/Test': 0.8697763723202959, 'Scaf/Test': 0.2764260984119721, 'FCD/TestSF': 23.62953841284037, 'SNN/TestSF': 0.5077758687782449, 'Frag/TestSF': 0.8549595259253663, 'Scaf/TestSF': 0.02875804228306378, 'IntDiv': 0.7693199101422734, 'IntDiv2': 0.7525963940142242, 'Filters': 0.9828595570040437, 'logP': 0.27834361916725225, 'SA': 0.17556321979442946, 'QED': 0.07397311831659258, 'weight': 14.607167248951049, 'Novelty': 0.927076064200977}
Epoch: 31:
	Train Loss: 0.449 --- Reconstruction Loss: 0.438 --- KL Loss: 38.735 --- Beta: 0.000260
	Validity: 0.55% --- Uniquene@1000: 0.76% --- Unique@10000: 0.41%

{'valid': 0.3938666666666667, 'unique@1000': 0.76, 'unique@10000': 0.4271, 'FCD/Test': 19.892899435030102, 'SNN/Test': 0.6015603246246751, 'Frag/Test': 0.9265696330093445, 'Scaf/Test': 0.15751972551473248, 'FCD/TestSF': 20.499491491158295, 'SNN/TestSF': 0.5317213952367319, 'Frag/TestSF': 0.9168311268425317, 'Scaf/TestSF': 0.013737770051270526, 'IntDiv': 0.79140698681437, 'IntDiv2': 0.7766333555811306, 'Filters': 0.9765572105619499, 'logP': 0.5917070467304407, 'SA': 0.23513876856575142, 'QED': 0.028103617867776452, 'weight': 13.044736981593294, 'Novelty': 0.9259336970205623}
Epoch: 32:
	Train Loss: 0.444 --- Reconstruction Loss: 0.433 --- KL Loss: 35.855 --- Beta: 0.000292
	Validity: 0.39% --- Uniquene@1000: 0.76% --- Unique@10000: 0.43%

{'valid': 0.5238333333333334, 'unique@1000': 0.829, 'unique@10000': 0.5038, 'FCD/Test': 20.25497042292612, 'SNN/Test': 0.6088617715853019, 'Frag/Test': 0.8726813646181013, 'Scaf/Test': 0.22027509222896646, 'FCD/TestSF': 21.3301253824281, 'SNN/TestSF': 0.5186429254784161, 'Frag/TestSF': 0.8589123126696615, 'Scaf/TestSF': 0.03916131388776467, 'IntDiv': 0.7821843344831997, 'IntDiv2': 0.7676822774242792, 'Filters': 0.9898186446070634, 'logP': 0.2009375800613272, 'SA': 0.16418179988329384, 'QED': 0.0666011614991212, 'weight': 15.979527527318014, 'Novelty': 0.9224840023269343}
Epoch: 33:
	Train Loss: 0.438 --- Reconstruction Loss: 0.427 --- KL Loss: 33.249 --- Beta: 0.000324
	Validity: 0.52% --- Uniquene@1000: 0.83% --- Unique@10000: 0.50%

/home/80027464/graphvae/metrics.py:527: UserWarning: Can't compute unique@10000.gen contains only 9702 molecules
  warnings.warn(
{'valid': 0.3234, 'unique@1000': 0.852, 'unique@10000': 0.5209235209235209, 'FCD/Test': 18.66937019876532, 'SNN/Test': 0.5842676624437628, 'Frag/Test': 0.9072691968715118, 'Scaf/Test': 0.16491376190016416, 'FCD/TestSF': 19.306363390958623, 'SNN/TestSF': 0.5230156076130142, 'Frag/TestSF': 0.8983402567683574, 'Scaf/TestSF': 0.031179803406686246, 'IntDiv': 0.7986386742554311, 'IntDiv2': 0.7853549671868622, 'Filters': 0.9621727478870336, 'logP': 0.5271700971843711, 'SA': 0.18877323449685982, 'QED': 0.026425305941304104, 'weight': 8.41533912778053, 'Novelty': 0.9414325286901464}
Epoch: 34:
	Train Loss: 0.432 --- Reconstruction Loss: 0.421 --- KL Loss: 30.776 --- Beta: 0.000356
	Validity: 0.32% --- Uniquene@1000: 0.85% --- Unique@10000: 0.52%

{'valid': 0.5176000000000001, 'unique@1000': 0.847, 'unique@10000': 0.5633, 'FCD/Test': 22.28447342598109, 'SNN/Test': 0.6146715601051148, 'Frag/Test': 0.8709112498795983, 'Scaf/Test': 0.2777398772270854, 'FCD/TestSF': 23.554456553748807, 'SNN/TestSF': 0.522876163999301, 'Frag/TestSF': 0.8563660693873745, 'Scaf/TestSF': 0.026498932964302058, 'IntDiv': 0.7706108938784646, 'IntDiv2': 0.7565411792420452, 'Filters': 0.9892452344152499, 'logP': 0.2839006077977308, 'SA': 0.285795673350293, 'QED': 0.0633829697672261, 'weight': 15.81374792164968, 'Novelty': 0.9224675324675324}
Epoch: 35:
	Train Loss: 0.427 --- Reconstruction Loss: 0.416 --- KL Loss: 28.523 --- Beta: 0.000388
	Validity: 0.52% --- Uniquene@1000: 0.85% --- Unique@10000: 0.56%

{'valid': 0.6106, 'unique@1000': 0.878, 'unique@10000': 0.5989, 'FCD/Test': 17.347928014248225, 'SNN/Test': 0.6087762013229041, 'Frag/Test': 0.9381335550519799, 'Scaf/Test': 0.24603637912826493, 'FCD/TestSF': 18.094411955848912, 'SNN/TestSF': 0.5412701704433709, 'Frag/TestSF': 0.9287019327868996, 'Scaf/TestSF': 0.030282104253628872, 'IntDiv': 0.8029496692151887, 'IntDiv2': 0.7906925440453817, 'Filters': 0.9840048040179059, 'logP': 0.48557062711874355, 'SA': 0.28265660256673014, 'QED': 0.02681742163847453, 'weight': 18.55160784694019, 'Novelty': 0.9219903014969428}
Epoch: 36:
	Train Loss: 0.422 --- Reconstruction Loss: 0.411 --- KL Loss: 26.591 --- Beta: 0.000420
	Validity: 0.61% --- Uniquene@1000: 0.88% --- Unique@10000: 0.60%

{'valid': 0.6687000000000001, 'unique@1000': 0.909, 'unique@10000': 0.6682, 'FCD/Test': 17.542543758392824, 'SNN/Test': 0.5944247343792622, 'Frag/Test': 0.8953852023652895, 'Scaf/Test': 0.26293902093991384, 'FCD/TestSF': 18.427111592039388, 'SNN/TestSF': 0.5237556692959512, 'Frag/TestSF': 0.8848722876098718, 'Scaf/TestSF': 0.037433966991348044, 'IntDiv': 0.8127750950846224, 'IntDiv2': 0.8006881044123775, 'Filters': 0.9851951547779273, 'logP': 0.4706716523328676, 'SA': 0.2265062273281405, 'QED': 0.019825754666296234, 'weight': 15.416802052142227, 'Novelty': 0.9256453175931636}
Epoch: 37:
	Train Loss: 0.418 --- Reconstruction Loss: 0.407 --- KL Loss: 25.016 --- Beta: 0.000452
	Validity: 0.67% --- Uniquene@1000: 0.91% --- Unique@10000: 0.67%

{'valid': 0.6515666666666666, 'unique@1000': 0.925, 'unique@10000': 0.7154, 'FCD/Test': 16.0755730447099, 'SNN/Test': 0.5927454132961972, 'Frag/Test': 0.9292966649746487, 'Scaf/Test': 0.29702654818637664, 'FCD/TestSF': 16.665854761177116, 'SNN/TestSF': 0.5381383136537622, 'Frag/TestSF': 0.9214315121033083, 'Scaf/TestSF': 0.08088769553352715, 'IntDiv': 0.81353721217804, 'IntDiv2': 0.8026176299102846, 'Filters': 0.9834245664296312, 'logP': 0.40472981687297405, 'SA': 0.25698023222417626, 'QED': 0.018524859372407564, 'weight': 14.728987030858502, 'Novelty': 0.9169389088533159}
Epoch: 38:
	Train Loss: 0.413 --- Reconstruction Loss: 0.402 --- KL Loss: 23.308 --- Beta: 0.000484
	Validity: 0.65% --- Uniquene@1000: 0.93% --- Unique@10000: 0.72%

{'valid': 0.5724333333333333, 'unique@1000': 0.928, 'unique@10000': 0.7233, 'FCD/Test': 15.797805484744892, 'SNN/Test': 0.5910141560059924, 'Frag/Test': 0.9215299883377952, 'Scaf/Test': 0.23991805027223712, 'FCD/TestSF': 16.62283319460022, 'SNN/TestSF': 0.5272011539787583, 'Frag/TestSF': 0.9121660135409674, 'Scaf/TestSF': 0.039522102238883194, 'IntDiv': 0.8087313592762895, 'IntDiv2': 0.7978959627731417, 'Filters': 0.9787457054678856, 'logP': 0.46477269281010053, 'SA': 0.22879895454328336, 'QED': 0.02061970492866874, 'weight': 14.607043536181326, 'Novelty': 0.9195278003063891}
Epoch: 39:
	Train Loss: 0.409 --- Reconstruction Loss: 0.398 --- KL Loss: 22.757 --- Beta: 0.000500
	Validity: 0.57% --- Uniquene@1000: 0.93% --- Unique@10000: 0.72%

{'valid': 0.5929333333333333, 'unique@1000': 0.951, 'unique@10000': 0.7682, 'FCD/Test': 15.150766760050487, 'SNN/Test': 0.5703415901251246, 'Frag/Test': 0.9182448446131105, 'Scaf/Test': 0.2711560831723183, 'FCD/TestSF': 15.587795492394683, 'SNN/TestSF': 0.5164824181085749, 'Frag/TestSF': 0.9109130033481975, 'Scaf/TestSF': 0.04893030684608124, 'IntDiv': 0.8239890610451428, 'IntDiv2': 0.8129027409938508, 'Filters': 0.9827411738250506, 'logP': 0.436890450016884, 'SA': 0.17963920088949192, 'QED': 0.024631223902984074, 'weight': 10.333325788588521, 'Novelty': 0.9368648475634153}
Epoch: 40:
	Train Loss: 0.404 --- Reconstruction Loss: 0.393 --- KL Loss: 22.033 --- Beta: 0.000500
	Validity: 0.59% --- Uniquene@1000: 0.95% --- Unique@10000: 0.77%

{'valid': 0.6158, 'unique@1000': 0.953, 'unique@10000': 0.7825, 'FCD/Test': 14.685166014999652, 'SNN/Test': 0.5744765032003346, 'Frag/Test': 0.9371290643459143, 'Scaf/Test': 0.29391517910082277, 'FCD/TestSF': 15.376950380153268, 'SNN/TestSF': 0.5136735720368991, 'Frag/TestSF': 0.9291766842839986, 'Scaf/TestSF': 0.044169770685411835, 'IntDiv': 0.8208463136345571, 'IntDiv2': 0.810640861043842, 'Filters': 0.9741257984194003, 'logP': 0.3834067358662541, 'SA': 0.16624429484455272, 'QED': 0.0149779026765175, 'weight': 18.65973743228508, 'Novelty': 0.935764418675618}
Epoch: 41:
	Train Loss: 0.399 --- Reconstruction Loss: 0.389 --- KL Loss: 21.725 --- Beta: 0.000500
	Validity: 0.62% --- Uniquene@1000: 0.95% --- Unique@10000: 0.78%

{'valid': 0.6132333333333333, 'unique@1000': 0.959, 'unique@10000': 0.8081, 'FCD/Test': 14.478091707742749, 'SNN/Test': 0.5693662554242724, 'Frag/Test': 0.9124614598450885, 'Scaf/Test': 0.2962603830346824, 'FCD/TestSF': 15.13975245621991, 'SNN/TestSF': 0.5136917182981187, 'Frag/TestSF': 0.9044719999824278, 'Scaf/TestSF': 0.06522601868349831, 'IntDiv': 0.8218869241366348, 'IntDiv2': 0.8116578844355413, 'Filters': 0.9772245474805675, 'logP': 0.4586861825235462, 'SA': 0.1819604090264912, 'QED': 0.025004764954336928, 'weight': 17.14843159578855, 'Novelty': 0.9356673314129552}
Epoch: 42:
	Train Loss: 0.395 --- Reconstruction Loss: 0.384 --- KL Loss: 21.485 --- Beta: 0.000500
	Validity: 0.61% --- Uniquene@1000: 0.96% --- Unique@10000: 0.81%

{'valid': 0.5976666666666667, 'unique@1000': 0.96, 'unique@10000': 0.8103, 'FCD/Test': 14.646180633023562, 'SNN/Test': 0.5730540816553199, 'Frag/Test': 0.9266594016805466, 'Scaf/Test': 0.2790849685375538, 'FCD/TestSF': 15.352721752167135, 'SNN/TestSF': 0.5134977514683635, 'Frag/TestSF': 0.9182687971440057, 'Scaf/TestSF': 0.047939131840281535, 'IntDiv': 0.8226761754160388, 'IntDiv2': 0.8124159961430228, 'Filters': 0.9791411042944785, 'logP': 0.39365459224698823, 'SA': 0.12867368866297363, 'QED': 0.01929444895204897, 'weight': 13.99982346386127, 'Novelty': 0.9294302143230528}
Epoch: 43:
	Train Loss: 0.391 --- Reconstruction Loss: 0.380 --- KL Loss: 21.193 --- Beta: 0.000500
	Validity: 0.60% --- Uniquene@1000: 0.96% --- Unique@10000: 0.81%

{'valid': 0.5515, 'unique@1000': 0.956, 'unique@10000': 0.8175, 'FCD/Test': 14.216736178326748, 'SNN/Test': 0.5687524413370805, 'Frag/Test': 0.9161926378661046, 'Scaf/Test': 0.2766946154526766, 'FCD/TestSF': 14.900832208364818, 'SNN/TestSF': 0.5117959049721433, 'Frag/TestSF': 0.9076688814061744, 'Scaf/TestSF': 0.03937380954808656, 'IntDiv': 0.8234433458462035, 'IntDiv2': 0.8129180577566035, 'Filters': 0.9632517376851012, 'logP': 0.2175374470299692, 'SA': 0.10416012769361128, 'QED': 0.01854656872609898, 'weight': 19.534431044987763, 'Novelty': 0.9300955414012739}
Epoch: 44:
	Train Loss: 0.387 --- Reconstruction Loss: 0.376 --- KL Loss: 21.019 --- Beta: 0.000500
	Validity: 0.55% --- Uniquene@1000: 0.96% --- Unique@10000: 0.82%

{'valid': 0.6889666666666667, 'unique@1000': 0.972, 'unique@10000': 0.8238, 'FCD/Test': 14.758398547397334, 'SNN/Test': 0.5711300397091988, 'Frag/Test': 0.9022868130568259, 'Scaf/Test': 0.260789532714336, 'FCD/TestSF': 15.507809022254257, 'SNN/TestSF': 0.515833788926055, 'Frag/TestSF': 0.8930542016159, 'Scaf/TestSF': 0.04840000304176961, 'IntDiv': 0.8247298733405528, 'IntDiv2': 0.8146122799787083, 'Filters': 0.9756156562968697, 'logP': 0.22813852215907893, 'SA': 0.165010659207374, 'QED': 0.026744152968326326, 'weight': 20.718983321600373, 'Novelty': 0.9295179940236455}
Epoch: 45:
	Train Loss: 0.383 --- Reconstruction Loss: 0.372 --- KL Loss: 20.900 --- Beta: 0.000500
	Validity: 0.69% --- Uniquene@1000: 0.97% --- Unique@10000: 0.82%

{'valid': 0.6343666666666667, 'unique@1000': 0.975, 'unique@10000': 0.832, 'FCD/Test': 14.62707315629217, 'SNN/Test': 0.5627223460289429, 'Frag/Test': 0.9093825526281041, 'Scaf/Test': 0.26919612652175706, 'FCD/TestSF': 15.378422660164404, 'SNN/TestSF': 0.5031186345277397, 'Frag/TestSF': 0.9008150960316916, 'Scaf/TestSF': 0.037600551123527115, 'IntDiv': 0.8247551474490737, 'IntDiv2': 0.8146024181190643, 'Filters': 0.9720981556407966, 'logP': 0.2935358451723769, 'SA': 0.11457818614870484, 'QED': 0.016939836922640034, 'weight': 18.442648718509428, 'Novelty': 0.9303256070640177}
Epoch: 46:
	Train Loss: 0.379 --- Reconstruction Loss: 0.368 --- KL Loss: 20.790 --- Beta: 0.000500
	Validity: 0.63% --- Uniquene@1000: 0.97% --- Unique@10000: 0.83%

{'valid': 0.6588333333333334, 'unique@1000': 0.974, 'unique@10000': 0.865, 'FCD/Test': 14.677562330482502, 'SNN/Test': 0.5519182389020135, 'Frag/Test': 0.9052482716373655, 'Scaf/Test': 0.26059511065340635, 'FCD/TestSF': 15.394644817085528, 'SNN/TestSF': 0.49850315459538136, 'Frag/TestSF': 0.8975190310781185, 'Scaf/TestSF': 0.059935606787234974, 'IntDiv': 0.8257364027850981, 'IntDiv2': 0.8156438635318097, 'Filters': 0.9808752845939792, 'logP': 0.409822225999351, 'SA': 0.12629816436677366, 'QED': 0.039960332385231855, 'weight': 16.528779214697376, 'Novelty': 0.9402077527235876}
Epoch: 47:
	Train Loss: 0.374 --- Reconstruction Loss: 0.364 --- KL Loss: 20.623 --- Beta: 0.000500
	Validity: 0.66% --- Uniquene@1000: 0.97% --- Unique@10000: 0.86%

{'valid': 0.6166333333333334, 'unique@1000': 0.975, 'unique@10000': 0.8597, 'FCD/Test': 15.06531327493623, 'SNN/Test': 0.5698208009581597, 'Frag/Test': 0.8996798240703282, 'Scaf/Test': 0.3528310570548483, 'FCD/TestSF': 15.882651575429037, 'SNN/TestSF': 0.511499314821213, 'Frag/TestSF': 0.8893968866259468, 'Scaf/TestSF': 0.0468327648217165, 'IntDiv': 0.8245254164014263, 'IntDiv2': 0.8138143485816023, 'Filters': 0.9751878479917834, 'logP': 0.29965458204140494, 'SA': 0.161790578454215, 'QED': 0.022684807728808907, 'weight': 16.211255769148156, 'Novelty': 0.9239160076356695}
Epoch: 48:
	Train Loss: 0.371 --- Reconstruction Loss: 0.361 --- KL Loss: 20.657 --- Beta: 0.000500
	Validity: 0.62% --- Uniquene@1000: 0.97% --- Unique@10000: 0.86%

{'valid': 0.5939333333333333, 'unique@1000': 0.979, 'unique@10000': 0.8735, 'FCD/Test': 14.427126543305434, 'SNN/Test': 0.5485281539096791, 'Frag/Test': 0.9065899633347951, 'Scaf/Test': 0.2946448202530527, 'FCD/TestSF': 15.293695458978156, 'SNN/TestSF': 0.49332115466760085, 'Frag/TestSF': 0.8982293970430991, 'Scaf/TestSF': 0.05089164703333493, 'IntDiv': 0.8347867401872723, 'IntDiv2': 0.8244841821697451, 'Filters': 0.9709843977999776, 'logP': 0.2977796944718916, 'SA': 0.09319290896687252, 'QED': 0.023140951970078445, 'weight': 21.788275164199153, 'Novelty': 0.9300496688741722}
Epoch: 49:
	Train Loss: 0.368 --- Reconstruction Loss: 0.358 --- KL Loss: 20.463 --- Beta: 0.000500
	Validity: 0.59% --- Uniquene@1000: 0.98% --- Unique@10000: 0.87%

{'valid': 0.6158333333333333, 'unique@1000': 0.977, 'unique@10000': 0.8599, 'FCD/Test': 15.039127919196567, 'SNN/Test': 0.5689739752541698, 'Frag/Test': 0.916824399627063, 'Scaf/Test': 0.34303525689987513, 'FCD/TestSF': 15.850140660237514, 'SNN/TestSF': 0.5063116447649725, 'Frag/TestSF': 0.9076753205251458, 'Scaf/TestSF': 0.054886094511763406, 'IntDiv': 0.8275849751724835, 'IntDiv2': 0.8166203465743515, 'Filters': 0.969851150202977, 'logP': 0.3526191944351699, 'SA': 0.14302245309213515, 'QED': 0.01433405683980864, 'weight': 19.72841920620258, 'Novelty': 0.924129521745021}
Epoch: 50:
	Train Loss: 0.364 --- Reconstruction Loss: 0.354 --- KL Loss: 20.411 --- Beta: 0.000500
	Validity: 0.62% --- Uniquene@1000: 0.98% --- Unique@10000: 0.86%

{'valid': 0.5900666666666667, 'unique@1000': 0.976, 'unique@10000': 0.8458, 'FCD/Test': 15.109769346574502, 'SNN/Test': 0.5498457926814468, 'Frag/Test': 0.9146302054881934, 'Scaf/Test': 0.30201980177425536, 'FCD/TestSF': 15.90784895791463, 'SNN/TestSF': 0.4922153880366591, 'Frag/TestSF': 0.9045263463523974, 'Scaf/TestSF': 0.041726349448286126, 'IntDiv': 0.8355085160205311, 'IntDiv2': 0.825097709803232, 'Filters': 0.9754829962716077, 'logP': 0.19354896666093213, 'SA': 0.09447147323642552, 'QED': 0.012785595248699233, 'weight': 26.570034878294873, 'Novelty': 0.9294363557733891}
Epoch: 51:
	Train Loss: 0.352 --- Reconstruction Loss: 0.349 --- KL Loss: 32.069 --- Beta: 0.000100
	Validity: 0.59% --- Uniquene@1000: 0.98% --- Unique@10000: 0.85%

{'valid': 0.5560666666666667, 'unique@1000': 0.965, 'unique@10000': 0.837, 'FCD/Test': 14.467372992290528, 'SNN/Test': 0.5453484297511518, 'Frag/Test': 0.9135361344411621, 'Scaf/Test': 0.2535816687115038, 'FCD/TestSF': 15.386367466626254, 'SNN/TestSF': 0.4869710888908773, 'Frag/TestSF': 0.9035972999731884, 'Scaf/TestSF': 0.03961820226995738, 'IntDiv': 0.8305635298924514, 'IntDiv2': 0.8202084498319331, 'Filters': 0.9646924829157175, 'logP': 0.18624235322415428, 'SA': 0.06784529999788208, 'QED': 0.03018426498803872, 'weight': 26.318150730597623, 'Novelty': 0.9403610328280905}
Epoch: 52:
	Train Loss: 0.350 --- Reconstruction Loss: 0.345 --- KL Loss: 33.220 --- Beta: 0.000132
	Validity: 0.56% --- Uniquene@1000: 0.96% --- Unique@10000: 0.84%

{'valid': 0.7304333333333333, 'unique@1000': 0.971, 'unique@10000': 0.8376, 'FCD/Test': 14.957290228313596, 'SNN/Test': 0.5638279526077977, 'Frag/Test': 0.9289469331838517, 'Scaf/Test': 0.28072232727918867, 'FCD/TestSF': 15.728543831303767, 'SNN/TestSF': 0.49987545030305697, 'Frag/TestSF': 0.9202842359408536, 'Scaf/TestSF': 0.03694325511780139, 'IntDiv': 0.8301921465399691, 'IntDiv2': 0.8199462464796603, 'Filters': 0.9719344681239447, 'logP': 0.2381299145504567, 'SA': 0.13055367731948153, 'QED': 0.013682615555597747, 'weight': 28.76307531195552, 'Novelty': 0.9303828040091776}
Epoch: 53:
	Train Loss: 0.348 --- Reconstruction Loss: 0.342 --- KL Loss: 31.921 --- Beta: 0.000164
	Validity: 0.73% --- Uniquene@1000: 0.97% --- Unique@10000: 0.84%

{'valid': 0.6287666666666667, 'unique@1000': 0.985, 'unique@10000': 0.8734, 'FCD/Test': 13.757697940229647, 'SNN/Test': 0.5322207371437024, 'Frag/Test': 0.9311010279760885, 'Scaf/Test': 0.273195457493259, 'FCD/TestSF': 14.401874442682583, 'SNN/TestSF': 0.4828867884785804, 'Frag/TestSF': 0.922298665203414, 'Scaf/TestSF': 0.0618380052829165, 'IntDiv': 0.8449927020363454, 'IntDiv2': 0.8353977472442528, 'Filters': 0.9582250967502518, 'logP': 0.21962461273914746, 'SA': 0.022861803912043867, 'QED': 0.00906508077799612, 'weight': 32.37401488799097, 'Novelty': 0.9389540535286113}
Epoch: 54:
	Train Loss: 0.345 --- Reconstruction Loss: 0.339 --- KL Loss: 30.378 --- Beta: 0.000196
	Validity: 0.63% --- Uniquene@1000: 0.98% --- Unique@10000: 0.87%

{'valid': 0.44053333333333333, 'unique@1000': 0.979, 'unique@10000': 0.8193, 'FCD/Test': 14.249652575496782, 'SNN/Test': 0.5521314554412559, 'Frag/Test': 0.9398490798058633, 'Scaf/Test': 0.29885797643591694, 'FCD/TestSF': 14.768047182353499, 'SNN/TestSF': 0.5037264190343621, 'Frag/TestSF': 0.9329415513663707, 'Scaf/TestSF': 0.047170218997564684, 'IntDiv': 0.8366473632237339, 'IntDiv2': 0.8266060525988321, 'Filters': 0.9643613801452785, 'logP': 0.2976249797459899, 'SA': 0.0799453033045989, 'QED': 0.018707391487429365, 'weight': 29.688447495797266, 'Novelty': 0.9185213487439106}
Epoch: 55:
	Train Loss: 0.344 --- Reconstruction Loss: 0.337 --- KL Loss: 29.259 --- Beta: 0.000228
	Validity: 0.44% --- Uniquene@1000: 0.98% --- Unique@10000: 0.82%

{'valid': 0.7155, 'unique@1000': 0.978, 'unique@10000': 0.8613, 'FCD/Test': 14.319967710530975, 'SNN/Test': 0.5426178389007384, 'Frag/Test': 0.9425256621486902, 'Scaf/Test': 0.294571348325387, 'FCD/TestSF': 14.959109237878849, 'SNN/TestSF': 0.4892432034078134, 'Frag/TestSF': 0.9357552955798715, 'Scaf/TestSF': 0.0532066602903527, 'IntDiv': 0.8405388478467106, 'IntDiv2': 0.8306864368278595, 'Filters': 0.9666899604006522, 'logP': 0.26122758613227187, 'SA': 0.04363693585076109, 'QED': 0.011380807719007074, 'weight': 30.611764755870084, 'Novelty': 0.9338034846509423}
Epoch: 56:
	Train Loss: 0.342 --- Reconstruction Loss: 0.335 --- KL Loss: 27.986 --- Beta: 0.000260
	Validity: 0.72% --- Uniquene@1000: 0.98% --- Unique@10000: 0.86%

{'valid': 0.6504333333333333, 'unique@1000': 0.982, 'unique@10000': 0.8745, 'FCD/Test': 15.028536388858456, 'SNN/Test': 0.5399813938713914, 'Frag/Test': 0.9100445453985591, 'Scaf/Test': 0.251660296433202, 'FCD/TestSF': 15.791611697636718, 'SNN/TestSF': 0.48331700843416525, 'Frag/TestSF': 0.9004414527128328, 'Scaf/TestSF': 0.033894095854532624, 'IntDiv': 0.8388184273891975, 'IntDiv2': 0.8286996906440556, 'Filters': 0.963767744580536, 'logP': 0.2789770164924263, 'SA': 0.04137964046542489, 'QED': 0.010951602308425828, 'weight': 27.545055519016103, 'Novelty': 0.9331446540880504}
Epoch: 57:
	Train Loss: 0.340 --- Reconstruction Loss: 0.332 --- KL Loss: 26.675 --- Beta: 0.000292
	Validity: 0.65% --- Uniquene@1000: 0.98% --- Unique@10000: 0.87%

{'valid': 0.6012333333333333, 'unique@1000': 0.982, 'unique@10000': 0.8868, 'FCD/Test': 14.297371766276441, 'SNN/Test': 0.5435948856247234, 'Frag/Test': 0.9316883198726719, 'Scaf/Test': 0.30504706561067674, 'FCD/TestSF': 15.021680650063416, 'SNN/TestSF': 0.4874277650886981, 'Frag/TestSF': 0.9228792201269554, 'Scaf/TestSF': 0.038250634115122084, 'IntDiv': 0.8394443239895855, 'IntDiv2': 0.8296371801879419, 'Filters': 0.9659588623385263, 'logP': 0.31151663439227034, 'SA': 0.05436215467128064, 'QED': 0.011423521184760466, 'weight': 26.834298717637335, 'Novelty': 0.9370587451711736}
Epoch: 58:
	Train Loss: 0.338 --- Reconstruction Loss: 0.329 --- KL Loss: 25.554 --- Beta: 0.000324
	Validity: 0.60% --- Uniquene@1000: 0.98% --- Unique@10000: 0.89%

{'valid': 0.4711333333333333, 'unique@1000': 0.98, 'unique@10000': 0.88, 'FCD/Test': 14.051662248231075, 'SNN/Test': 0.5248282543921615, 'Frag/Test': 0.9260326723104269, 'Scaf/Test': 0.2657257535607883, 'FCD/TestSF': 14.56943060248652, 'SNN/TestSF': 0.476817504720673, 'Frag/TestSF': 0.9181106886081775, 'Scaf/TestSF': 0.05086376664692738, 'IntDiv': 0.8467640426320473, 'IntDiv2': 0.8370568665669097, 'Filters': 0.959813216357719, 'logP': 0.21785555913666035, 'SA': 0.018117690790269085, 'QED': 0.011621572056427802, 'weight': 32.62950130303508, 'Novelty': 0.941548709408826}
Epoch: 59:
	Train Loss: 0.337 --- Reconstruction Loss: 0.328 --- KL Loss: 24.467 --- Beta: 0.000356
	Validity: 0.47% --- Uniquene@1000: 0.98% --- Unique@10000: 0.88%

{'valid': 0.5425333333333333, 'unique@1000': 0.986, 'unique@10000': 0.9033, 'FCD/Test': 13.992741078722709, 'SNN/Test': 0.5208724437001795, 'Frag/Test': 0.9120094928244223, 'Scaf/Test': 0.23900634375143004, 'FCD/TestSF': 14.645404934186772, 'SNN/TestSF': 0.46926770073724017, 'Frag/TestSF': 0.902626419872555, 'Scaf/TestSF': 0.04280533965560318, 'IntDiv': 0.8466884042898619, 'IntDiv2': 0.8372211320669151, 'Filters': 0.9608626198083067, 'logP': 0.24801793422449595, 'SA': 0.041292633906638544, 'QED': 0.013297917234256855, 'weight': 27.284761949172307, 'Novelty': 0.9473609635139922}
Epoch: 60:
	Train Loss: 0.335 --- Reconstruction Loss: 0.326 --- KL Loss: 23.653 --- Beta: 0.000388
	Validity: 0.54% --- Uniquene@1000: 0.99% --- Unique@10000: 0.90%

{'valid': 0.6319666666666667, 'unique@1000': 0.986, 'unique@10000': 0.9095, 'FCD/Test': 13.418069360432128, 'SNN/Test': 0.5402582172251142, 'Frag/Test': 0.9107563261649079, 'Scaf/Test': 0.3283692381486547, 'FCD/TestSF': 14.164470594145342, 'SNN/TestSF': 0.4873417995615067, 'Frag/TestSF': 0.9031069803992458, 'Scaf/TestSF': 0.05441375144597649, 'IntDiv': 0.8454333126497299, 'IntDiv2': 0.8359820202671843, 'Filters': 0.9718339574872092, 'logP': 0.15700123101791247, 'SA': 0.028800796032524913, 'QED': 0.009579920343292888, 'weight': 30.36503647198834, 'Novelty': 0.9340841949778435}
Epoch: 61:
	Train Loss: 0.333 --- Reconstruction Loss: 0.324 --- KL Loss: 22.740 --- Beta: 0.000420
	Validity: 0.63% --- Uniquene@1000: 0.99% --- Unique@10000: 0.91%

{'valid': 0.6183666666666667, 'unique@1000': 0.997, 'unique@10000': 0.9325, 'FCD/Test': 13.696991838778246, 'SNN/Test': 0.5157697352493724, 'Frag/Test': 0.9059777939316594, 'Scaf/Test': 0.3120683990883357, 'FCD/TestSF': 14.403290889292599, 'SNN/TestSF': 0.4653820551445488, 'Frag/TestSF': 0.8984859830706116, 'Scaf/TestSF': 0.056438509285555494, 'IntDiv': 0.8522190788426797, 'IntDiv2': 0.843239538170303, 'Filters': 0.9578998436741955, 'logP': 0.27527048933718373, 'SA': 0.05539478705837745, 'QED': 0.010561331015019434, 'weight': 29.368115587451992, 'Novelty': 0.9462977538293879}
Epoch: 62:
	Train Loss: 0.331 --- Reconstruction Loss: 0.321 --- KL Loss: 21.910 --- Beta: 0.000452
	Validity: 0.62% --- Uniquene@1000: 1.00% --- Unique@10000: 0.93%

{'valid': 0.6222333333333334, 'unique@1000': 0.988, 'unique@10000': 0.9139, 'FCD/Test': 12.462623777196768, 'SNN/Test': 0.5353589949980414, 'Frag/Test': 0.9088283586662903, 'Scaf/Test': 0.3025223729800397, 'FCD/TestSF': 13.268626149018957, 'SNN/TestSF': 0.4838130776919339, 'Frag/TestSF': 0.8987054731709418, 'Scaf/TestSF': 0.06747697538349251, 'IntDiv': 0.8405418522066472, 'IntDiv2': 0.8312558593921948, 'Filters': 0.9721433545829539, 'logP': 0.14620688861528447, 'SA': 0.017663570537762113, 'QED': 0.015139639568262095, 'weight': 27.973909168545152, 'Novelty': 0.9399284568891082}
Epoch: 63:
	Train Loss: 0.331 --- Reconstruction Loss: 0.320 --- KL Loss: 21.443 --- Beta: 0.000484
	Validity: 0.62% --- Uniquene@1000: 0.99% --- Unique@10000: 0.91%

{'valid': 0.3538, 'unique@1000': 0.979, 'unique@10000': 0.9013, 'FCD/Test': 13.564815263375571, 'SNN/Test': 0.5056458498692252, 'Frag/Test': 0.9022013457650974, 'Scaf/Test': 0.22303423773362485, 'FCD/TestSF': 14.041105740460196, 'SNN/TestSF': 0.46431924843543304, 'Frag/TestSF': 0.8940875374976958, 'Scaf/TestSF': 0.07481743797377138, 'IntDiv': 0.8552451890620749, 'IntDiv2': 0.8451958230292387, 'Filters': 0.9462973431317129, 'logP': 0.14092340534348977, 'SA': 0.1421122312015619, 'QED': 0.010478897783732587, 'weight': 27.959739829407038, 'Novelty': 0.9511657214870826}
Epoch: 64:
	Train Loss: 0.328 --- Reconstruction Loss: 0.318 --- KL Loss: 20.906 --- Beta: 0.000500
	Validity: 0.35% --- Uniquene@1000: 0.98% --- Unique@10000: 0.90%

{'valid': 0.6545333333333334, 'unique@1000': 0.989, 'unique@10000': 0.9049, 'FCD/Test': 14.19952838216524, 'SNN/Test': 0.5392467696557379, 'Frag/Test': 0.9177270173603133, 'Scaf/Test': 0.2944379185915744, 'FCD/TestSF': 14.8406213882607, 'SNN/TestSF': 0.488001870765848, 'Frag/TestSF': 0.910108994729912, 'Scaf/TestSF': 0.05640672590146423, 'IntDiv': 0.8454250607764628, 'IntDiv2': 0.8354995215344757, 'Filters': 0.9684762680790385, 'logP': 0.32410051195942596, 'SA': 0.050163599132845474, 'QED': 0.015790389428107662, 'weight': 24.0749302518, 'Novelty': 0.9355380829482024}
Epoch: 65:
	Train Loss: 0.327 --- Reconstruction Loss: 0.316 --- KL Loss: 20.697 --- Beta: 0.000500
	Validity: 0.65% --- Uniquene@1000: 0.99% --- Unique@10000: 0.90%

{'valid': 0.46519999999999995, 'unique@1000': 0.989, 'unique@10000': 0.9119, 'FCD/Test': 13.492330048744314, 'SNN/Test': 0.5103978417487054, 'Frag/Test': 0.9015824199782024, 'Scaf/Test': 0.20181255564675793, 'FCD/TestSF': 14.108211617899194, 'SNN/TestSF': 0.4640077620618714, 'Frag/TestSF': 0.8946153012263389, 'Scaf/TestSF': 0.04933905099637126, 'IntDiv': 0.8525183155323618, 'IntDiv2': 0.8433720910663616, 'Filters': 0.9651046145027229, 'logP': 0.15811878534779142, 'SA': 0.11110680435446778, 'QED': 0.009836831742440889, 'weight': 30.665407652053318, 'Novelty': 0.9515791169835643}
Epoch: 66:
	Train Loss: 0.324 --- Reconstruction Loss: 0.314 --- KL Loss: 20.647 --- Beta: 0.000500
	Validity: 0.47% --- Uniquene@1000: 0.99% --- Unique@10000: 0.91%

{'valid': 0.5476, 'unique@1000': 0.993, 'unique@10000': 0.9317, 'FCD/Test': 13.033511768978727, 'SNN/Test': 0.5148148385430081, 'Frag/Test': 0.890682716478198, 'Scaf/Test': 0.2377382660575167, 'FCD/TestSF': 13.683839575604736, 'SNN/TestSF': 0.46833088615964097, 'Frag/TestSF': 0.8818276730572615, 'Scaf/TestSF': 0.04930710953820028, 'IntDiv': 0.8521696740235444, 'IntDiv2': 0.8432301270972566, 'Filters': 0.9656074993912832, 'logP': 0.18193435062659966, 'SA': 0.07569574586632215, 'QED': 0.03101267045900293, 'weight': 29.324373120824603, 'Novelty': 0.9464984482525974}
Epoch: 67:
	Train Loss: 0.322 --- Reconstruction Loss: 0.312 --- KL Loss: 20.660 --- Beta: 0.000500
	Validity: 0.55% --- Uniquene@1000: 0.99% --- Unique@10000: 0.93%

{'valid': 0.5927, 'unique@1000': 0.987, 'unique@10000': 0.927, 'FCD/Test': 12.663947049873656, 'SNN/Test': 0.5245518281349388, 'Frag/Test': 0.9252676683341328, 'Scaf/Test': 0.2612962985947467, 'FCD/TestSF': 13.384479557664463, 'SNN/TestSF': 0.47950787839508185, 'Frag/TestSF': 0.9177625475067861, 'Scaf/TestSF': 0.06278779052345429, 'IntDiv': 0.8482431223862044, 'IntDiv2': 0.8390720490098268, 'Filters': 0.9582138237444463, 'logP': 0.20744327563883447, 'SA': 0.042519125171805894, 'QED': 0.013865328912790709, 'weight': 22.254630054530924, 'Novelty': 0.9407139686766851}
Epoch: 68:
	Train Loss: 0.320 --- Reconstruction Loss: 0.310 --- KL Loss: 20.639 --- Beta: 0.000500
	Validity: 0.59% --- Uniquene@1000: 0.99% --- Unique@10000: 0.93%

{'valid': 0.5776666666666667, 'unique@1000': 0.991, 'unique@10000': 0.9328, 'FCD/Test': 13.706343973456526, 'SNN/Test': 0.5228929760746026, 'Frag/Test': 0.9041260744299165, 'Scaf/Test': 0.3355736955811346, 'FCD/TestSF': 14.389907561555823, 'SNN/TestSF': 0.477918148597093, 'Frag/TestSF': 0.8973186273659326, 'Scaf/TestSF': 0.07364550278812065, 'IntDiv': 0.8519487417435544, 'IntDiv2': 0.842446112205485, 'Filters': 0.961800346220427, 'logP': 0.24052878412710482, 'SA': 0.025543406384130385, 'QED': 0.018124469992255306, 'weight': 27.407708159547987, 'Novelty': 0.9414509427932247}
Epoch: 69:
	Train Loss: 0.318 --- Reconstruction Loss: 0.308 --- KL Loss: 20.589 --- Beta: 0.000500
	Validity: 0.58% --- Uniquene@1000: 0.99% --- Unique@10000: 0.93%

{'valid': 0.6046, 'unique@1000': 0.99, 'unique@10000': 0.9295, 'FCD/Test': 12.76967126623262, 'SNN/Test': 0.5292232571949584, 'Frag/Test': 0.9197780238448899, 'Scaf/Test': 0.26361754629630696, 'FCD/TestSF': 13.37282165279025, 'SNN/TestSF': 0.48417437683525155, 'Frag/TestSF': 0.9120988221339058, 'Scaf/TestSF': 0.05854852738541916, 'IntDiv': 0.8513400158533335, 'IntDiv2': 0.8419331392574201, 'Filters': 0.9730951593339949, 'logP': 0.17755790669946858, 'SA': 0.02043604124371439, 'QED': 0.017906518467182442, 'weight': 26.969870574886112, 'Novelty': 0.9373150887573964}
Epoch: 70:
	Train Loss: 0.317 --- Reconstruction Loss: 0.307 --- KL Loss: 20.536 --- Beta: 0.000500
	Validity: 0.60% --- Uniquene@1000: 0.99% --- Unique@10000: 0.93%

{'valid': 0.5630333333333333, 'unique@1000': 0.991, 'unique@10000': 0.9449, 'FCD/Test': 13.22902373906291, 'SNN/Test': 0.5161200779500704, 'Frag/Test': 0.8794657479539845, 'Scaf/Test': 0.24942967008587047, 'FCD/TestSF': 13.875943291189856, 'SNN/TestSF': 0.47072742732946293, 'Frag/TestSF': 0.8722150028232147, 'Scaf/TestSF': 0.06645264369274628, 'IntDiv': 0.8535082540973712, 'IntDiv2': 0.8443932595189216, 'Filters': 0.9705760464152507, 'logP': 0.23049582632985102, 'SA': 0.04835277888964425, 'QED': 0.02656978297995743, 'weight': 27.11830576447539, 'Novelty': 0.9403888245139693}
Epoch: 71:
	Train Loss: 0.315 --- Reconstruction Loss: 0.304 --- KL Loss: 20.581 --- Beta: 0.000500
	Validity: 0.56% --- Uniquene@1000: 0.99% --- Unique@10000: 0.94%

{'valid': 0.5936666666666667, 'unique@1000': 0.988, 'unique@10000': 0.9382, 'FCD/Test': 13.681339346140916, 'SNN/Test': 0.514221594995123, 'Frag/Test': 0.8812563694520795, 'Scaf/Test': 0.2660768889222769, 'FCD/TestSF': 14.445765923321666, 'SNN/TestSF': 0.46775234347896455, 'Frag/TestSF': 0.873181293361843, 'Scaf/TestSF': 0.06270113142056633, 'IntDiv': 0.8534349944926747, 'IntDiv2': 0.8439308770943008, 'Filters': 0.9663110612015722, 'logP': 0.32149573808409787, 'SA': 0.05011834765627639, 'QED': 0.024099629197141138, 'weight': 27.663744866418533, 'Novelty': 0.947116876668115}
Epoch: 72:
	Train Loss: 0.312 --- Reconstruction Loss: 0.302 --- KL Loss: 20.451 --- Beta: 0.000500
	Validity: 0.59% --- Uniquene@1000: 0.99% --- Unique@10000: 0.94%

{'valid': 0.4377, 'unique@1000': 0.991, 'unique@10000': 0.9256, 'FCD/Test': 13.497176802018629, 'SNN/Test': 0.5105660544480984, 'Frag/Test': 0.8958604069234549, 'Scaf/Test': 0.2591002206154358, 'FCD/TestSF': 14.02793724574201, 'SNN/TestSF': 0.4667630696589926, 'Frag/TestSF': 0.8893149763339213, 'Scaf/TestSF': 0.055579809266123825, 'IntDiv': 0.8558706263461381, 'IntDiv2': 0.8466000873815178, 'Filters': 0.9659584190084533, 'logP': 0.2298810814232704, 'SA': 0.10098922688493601, 'QED': 0.015638801549311052, 'weight': 28.779523032514362, 'Novelty': 0.9531093279839519}
Epoch: 73:
	Train Loss: 0.311 --- Reconstruction Loss: 0.300 --- KL Loss: 20.474 --- Beta: 0.000500
	Validity: 0.44% --- Uniquene@1000: 0.99% --- Unique@10000: 0.93%

{'valid': 0.5683333333333334, 'unique@1000': 0.993, 'unique@10000': 0.9423, 'FCD/Test': 13.560973900861754, 'SNN/Test': 0.5149857822445131, 'Frag/Test': 0.8787379258183466, 'Scaf/Test': 0.2747009501572264, 'FCD/TestSF': 14.271414169036284, 'SNN/TestSF': 0.4689915649404973, 'Frag/TestSF': 0.8724390900659694, 'Scaf/TestSF': 0.058104330797354886, 'IntDiv': 0.8557349543224493, 'IntDiv2': 0.8463994785638072, 'Filters': 0.953782991202346, 'logP': 0.18848376243349702, 'SA': 0.06950840427141412, 'QED': 0.023604424746200673, 'weight': 27.402626948100398, 'Novelty': 0.9477329570961329}
Epoch: 74:
	Train Loss: 0.309 --- Reconstruction Loss: 0.299 --- KL Loss: 20.440 --- Beta: 0.000500
	Validity: 0.57% --- Uniquene@1000: 0.99% --- Unique@10000: 0.94%

{'valid': 0.49616666666666664, 'unique@1000': 0.99, 'unique@10000': 0.9346, 'FCD/Test': 13.029792601917698, 'SNN/Test': 0.5052184722649399, 'Frag/Test': 0.8790061862724522, 'Scaf/Test': 0.29819778359110927, 'FCD/TestSF': 13.732838007316282, 'SNN/TestSF': 0.4613200005075056, 'Frag/TestSF': 0.8723769427345547, 'Scaf/TestSF': 0.03716101865025523, 'IntDiv': 0.8579446640136315, 'IntDiv2': 0.8483663931008898, 'Filters': 0.9508901578770574, 'logP': 0.2970816663616933, 'SA': 0.1090050639445045, 'QED': 0.022938741261548927, 'weight': 28.644774380811743, 'Novelty': 0.9541372202591284}
Epoch: 75:
	Train Loss: 0.307 --- Reconstruction Loss: 0.297 --- KL Loss: 20.408 --- Beta: 0.000500
	Validity: 0.50% --- Uniquene@1000: 0.99% --- Unique@10000: 0.93%

{'valid': 0.7223666666666666, 'unique@1000': 0.994, 'unique@10000': 0.9394, 'FCD/Test': 12.834768283713728, 'SNN/Test': 0.5155224978881165, 'Frag/Test': 0.9136001296476375, 'Scaf/Test': 0.2951340557181539, 'FCD/TestSF': 13.590369404172321, 'SNN/TestSF': 0.4708752695937419, 'Frag/TestSF': 0.9046409935415493, 'Scaf/TestSF': 0.06873351041824516, 'IntDiv': 0.8537289159163023, 'IntDiv2': 0.8444542383722305, 'Filters': 0.9622537031055327, 'logP': 0.1768591126264286, 'SA': 0.05918105955486002, 'QED': 0.021321635697626535, 'weight': 30.495549554130115, 'Novelty': 0.9413497312939231}
Epoch: 76:
	Train Loss: 0.296 --- Reconstruction Loss: 0.293 --- KL Loss: 30.585 --- Beta: 0.000100
	Validity: 0.72% --- Uniquene@1000: 0.99% --- Unique@10000: 0.94%

{'valid': 0.4678333333333333, 'unique@1000': 0.992, 'unique@10000': 0.9334, 'FCD/Test': 14.768748435329584, 'SNN/Test': 0.47597972743125583, 'Frag/Test': 0.8432364388678032, 'Scaf/Test': 0.21607273257219184, 'FCD/TestSF': 15.51251694545742, 'SNN/TestSF': 0.43224228314012236, 'Frag/TestSF': 0.8347996131848998, 'Scaf/TestSF': 0.03557825075470511, 'IntDiv': 0.859479498327091, 'IntDiv2': 0.8502765404482227, 'Filters': 0.9501246882793017, 'logP': 0.19816071599073304, 'SA': 0.22987479895833718, 'QED': 0.028055899113523762, 'weight': 31.321295103039084, 'Novelty': 0.9630528375733856}
Epoch: 77:
	Train Loss: 0.295 --- Reconstruction Loss: 0.291 --- KL Loss: 31.879 --- Beta: 0.000132
	Validity: 0.47% --- Uniquene@1000: 0.99% --- Unique@10000: 0.93%

{'valid': 0.5960666666666667, 'unique@1000': 0.989, 'unique@10000': 0.9236, 'FCD/Test': 14.293565082979072, 'SNN/Test': 0.5095312618849969, 'Frag/Test': 0.89449374148078, 'Scaf/Test': 0.24698422563020328, 'FCD/TestSF': 15.076176399801525, 'SNN/TestSF': 0.4621508438046407, 'Frag/TestSF': 0.884253402645861, 'Scaf/TestSF': 0.05245491201415409, 'IntDiv': 0.8509100413011306, 'IntDiv2': 0.8412691386014226, 'Filters': 0.96476904149424, 'logP': 0.18068801961519848, 'SA': 0.06756946167799324, 'QED': 0.026678369660997295, 'weight': 35.57345536406894, 'Novelty': 0.9500473036896878}
Epoch: 78:
	Train Loss: 0.295 --- Reconstruction Loss: 0.290 --- KL Loss: 30.726 --- Beta: 0.000164
	Validity: 0.60% --- Uniquene@1000: 0.99% --- Unique@10000: 0.92%

{'valid': 0.4874333333333334, 'unique@1000': 0.991, 'unique@10000': 0.919, 'FCD/Test': 14.097370333755471, 'SNN/Test': 0.5014369213563966, 'Frag/Test': 0.8696311894541995, 'Scaf/Test': 0.27269403602522013, 'FCD/TestSF': 14.975879815214853, 'SNN/TestSF': 0.4555688303824791, 'Frag/TestSF': 0.8587019270640336, 'Scaf/TestSF': 0.04117078053047185, 'IntDiv': 0.8485054363366374, 'IntDiv2': 0.8391258275957446, 'Filters': 0.9485057785680093, 'logP': 0.18010583991520457, 'SA': 0.15468568100815397, 'QED': 0.029412815267487933, 'weight': 29.420170271861018, 'Novelty': 0.9558362035973976}
Epoch: 79:
	Train Loss: 0.294 --- Reconstruction Loss: 0.288 --- KL Loss: 29.543 --- Beta: 0.000196
	Validity: 0.49% --- Uniquene@1000: 0.99% --- Unique@10000: 0.92%

{'valid': 0.7475, 'unique@1000': 0.995, 'unique@10000': 0.9433, 'FCD/Test': 13.587700945167981, 'SNN/Test': 0.5082013599536358, 'Frag/Test': 0.9109077299092119, 'Scaf/Test': 0.24165430713963043, 'FCD/TestSF': 14.273613788879693, 'SNN/TestSF': 0.46403961585051773, 'Frag/TestSF': 0.9022976098568095, 'Scaf/TestSF': 0.05862137080174035, 'IntDiv': 0.8540502422461896, 'IntDiv2': 0.8450977335944938, 'Filters': 0.9663768115942029, 'logP': 0.2583871312106575, 'SA': 0.10287093712229484, 'QED': 0.013131309477365828, 'weight': 30.95231364621869, 'Novelty': 0.9475910810272745}
Epoch: 80:
	Train Loss: 0.293 --- Reconstruction Loss: 0.287 --- KL Loss: 28.302 --- Beta: 0.000228
	Validity: 0.75% --- Uniquene@1000: 0.99% --- Unique@10000: 0.94%

{'valid': 0.6322333333333333, 'unique@1000': 0.993, 'unique@10000': 0.9292, 'FCD/Test': 13.385519132029401, 'SNN/Test': 0.522314071410155, 'Frag/Test': 0.9167821998416517, 'Scaf/Test': 0.27928037861456145, 'FCD/TestSF': 14.246573287546553, 'SNN/TestSF': 0.47540396675856383, 'Frag/TestSF': 0.909983843152544, 'Scaf/TestSF': 0.07529493048830904, 'IntDiv': 0.8530107690572184, 'IntDiv2': 0.8435286647998365, 'Filters': 0.9652554436653135, 'logP': 0.17482759035086437, 'SA': 0.024188159036095426, 'QED': 0.010195300619223387, 'weight': 36.58300652739284, 'Novelty': 0.9406804821566416}
Epoch: 81:
	Train Loss: 0.293 --- Reconstruction Loss: 0.286 --- KL Loss: 27.140 --- Beta: 0.000260
	Validity: 0.63% --- Uniquene@1000: 0.99% --- Unique@10000: 0.93%

{'valid': 0.6905666666666667, 'unique@1000': 0.991, 'unique@10000': 0.9412, 'FCD/Test': 13.029958018413502, 'SNN/Test': 0.5175703281804896, 'Frag/Test': 0.9189476978903008, 'Scaf/Test': 0.2509247710961635, 'FCD/TestSF': 13.808520656412078, 'SNN/TestSF': 0.4702636141206109, 'Frag/TestSF': 0.9110210145635984, 'Scaf/TestSF': 0.06183811364013836, 'IntDiv': 0.8531133317035325, 'IntDiv2': 0.8439709944570059, 'Filters': 0.9558816430950428, 'logP': 0.2051656164875051, 'SA': 0.062590342051118, 'QED': 0.012362591685654643, 'weight': 31.11968881452746, 'Novelty': 0.942920163546374}
Epoch: 82:
	Train Loss: 0.292 --- Reconstruction Loss: 0.284 --- KL Loss: 26.006 --- Beta: 0.000292
	Validity: 0.69% --- Uniquene@1000: 0.99% --- Unique@10000: 0.94%

{'valid': 0.6113666666666666, 'unique@1000': 0.992, 'unique@10000': 0.934, 'FCD/Test': 13.900868844057797, 'SNN/Test': 0.5021987021770468, 'Frag/Test': 0.8654169562402665, 'Scaf/Test': 0.2141545069760178, 'FCD/TestSF': 14.637258261149604, 'SNN/TestSF': 0.45901591862962615, 'Frag/TestSF': 0.859628588124244, 'Scaf/TestSF': 0.04984985915684259, 'IntDiv': 0.856694644525017, 'IntDiv2': 0.8476361539905817, 'Filters': 0.9680497246605965, 'logP': 0.27219325804780314, 'SA': 0.12142246506344789, 'QED': 0.02296073541355509, 'weight': 32.62699729201884, 'Novelty': 0.9517655624317437}
Epoch: 83:
	Train Loss: 0.292 --- Reconstruction Loss: 0.284 --- KL Loss: 25.249 --- Beta: 0.000324
	Validity: 0.61% --- Uniquene@1000: 0.99% --- Unique@10000: 0.93%

{'valid': 0.6873666666666667, 'unique@1000': 0.994, 'unique@10000': 0.9453, 'FCD/Test': 13.857679915362127, 'SNN/Test': 0.49830862385263774, 'Frag/Test': 0.897053671723026, 'Scaf/Test': 0.21538516037570088, 'FCD/TestSF': 14.619064627938613, 'SNN/TestSF': 0.4564678889967689, 'Frag/TestSF': 0.890373536580697, 'Scaf/TestSF': 0.044602826486016656, 'IntDiv': 0.8571960280047549, 'IntDiv2': 0.8481386072596512, 'Filters': 0.9702245283933854, 'logP': 0.24089820726793762, 'SA': 0.13190360013238683, 'QED': 0.016326550529508037, 'weight': 32.59580895549309, 'Novelty': 0.9573828565294402}
Epoch: 84:
	Train Loss: 0.290 --- Reconstruction Loss: 0.282 --- KL Loss: 24.201 --- Beta: 0.000356
	Validity: 0.69% --- Uniquene@1000: 0.99% --- Unique@10000: 0.95%

{'valid': 0.5256333333333334, 'unique@1000': 0.987, 'unique@10000': 0.9422, 'FCD/Test': 13.386612016289426, 'SNN/Test': 0.5071175928580843, 'Frag/Test': 0.8615286053611467, 'Scaf/Test': 0.2356393033863311, 'FCD/TestSF': 13.934709801526509, 'SNN/TestSF': 0.4646315295626029, 'Frag/TestSF': 0.8556960657753914, 'Scaf/TestSF': 0.05529750190548233, 'IntDiv': 0.8604372057429325, 'IntDiv2': 0.8512367873041569, 'Filters': 0.9641702073688884, 'logP': 0.19509954499445792, 'SA': 0.12456869265750548, 'QED': 0.009439687742319897, 'weight': 35.13473597639602, 'Novelty': 0.9453431541267984}
Epoch: 85:
	Train Loss: 0.290 --- Reconstruction Loss: 0.281 --- KL Loss: 23.524 --- Beta: 0.000388
	Validity: 0.53% --- Uniquene@1000: 0.99% --- Unique@10000: 0.94%

{'valid': 0.6906, 'unique@1000': 0.992, 'unique@10000': 0.9481, 'FCD/Test': 12.48815235522602, 'SNN/Test': 0.5138952601897013, 'Frag/Test': 0.9071519368462304, 'Scaf/Test': 0.2511862815624901, 'FCD/TestSF': 13.21568384959744, 'SNN/TestSF': 0.4698283971535537, 'Frag/TestSF': 0.9001102992017261, 'Scaf/TestSF': 0.065782232604772, 'IntDiv': 0.8572848536296773, 'IntDiv2': 0.8480711797717233, 'Filters': 0.9631238536538276, 'logP': 0.19628835531208144, 'SA': 0.040763563405170095, 'QED': 0.017729908221506777, 'weight': 34.88717348000651, 'Novelty': 0.9417936415880213}
Epoch: 86:
	Train Loss: 0.290 --- Reconstruction Loss: 0.280 --- KL Loss: 22.796 --- Beta: 0.000420
	Validity: 0.69% --- Uniquene@1000: 0.99% --- Unique@10000: 0.95%

{'valid': 0.6791333333333334, 'unique@1000': 0.991, 'unique@10000': 0.9366, 'FCD/Test': 12.549283308610057, 'SNN/Test': 0.5125228387691374, 'Frag/Test': 0.9028795163659661, 'Scaf/Test': 0.2514326317491118, 'FCD/TestSF': 13.13155368434829, 'SNN/TestSF': 0.4733303657434775, 'Frag/TestSF': 0.8972516715782745, 'Scaf/TestSF': 0.06644336474739998, 'IntDiv': 0.8544330628255589, 'IntDiv2': 0.845474581416059, 'Filters': 0.9698144694218122, 'logP': 0.1699567556559496, 'SA': 0.07083851314218335, 'QED': 0.010443290576515902, 'weight': 32.08258158191619, 'Novelty': 0.9469123615224306}
Epoch: 87:
	Train Loss: 0.289 --- Reconstruction Loss: 0.279 --- KL Loss: 22.036 --- Beta: 0.000452
	Validity: 0.68% --- Uniquene@1000: 0.99% --- Unique@10000: 0.94%

{'valid': 0.4262, 'unique@1000': 0.997, 'unique@10000': 0.938, 'FCD/Test': 13.566322273235109, 'SNN/Test': 0.4874917919644537, 'Frag/Test': 0.8432917537657065, 'Scaf/Test': 0.24004211825218336, 'FCD/TestSF': 14.152695468361507, 'SNN/TestSF': 0.4479432445926769, 'Frag/TestSF': 0.8400087646456598, 'Scaf/TestSF': 0.05376310033199194, 'IntDiv': 0.8638004619763009, 'IntDiv2': 0.8544405392749086, 'Filters': 0.954559674644142, 'logP': 0.291950933305773, 'SA': 0.16821293722193534, 'QED': 0.018184665144190024, 'weight': 31.44462858547041, 'Novelty': 0.9584813123625909}
Epoch: 88:
	Train Loss: 0.289 --- Reconstruction Loss: 0.278 --- KL Loss: 21.505 --- Beta: 0.000484
	Validity: 0.43% --- Uniquene@1000: 1.00% --- Unique@10000: 0.94%

{'valid': 0.6866333333333333, 'unique@1000': 0.988, 'unique@10000': 0.9596, 'FCD/Test': 12.551858475428403, 'SNN/Test': 0.5072344296768143, 'Frag/Test': 0.8988384482202921, 'Scaf/Test': 0.258338479540007, 'FCD/TestSF': 13.339539408399489, 'SNN/TestSF': 0.4640201146262405, 'Frag/TestSF': 0.8908256107831634, 'Scaf/TestSF': 0.05373094863774652, 'IntDiv': 0.8586364727211755, 'IntDiv2': 0.8494351921161252, 'Filters': 0.966163405990582, 'logP': 0.2201429355440809, 'SA': 0.07654951658830764, 'QED': 0.018395083145757954, 'weight': 30.692887994856456, 'Novelty': 0.9450359259453506}
Epoch: 89:
	Train Loss: 0.288 --- Reconstruction Loss: 0.278 --- KL Loss: 20.984 --- Beta: 0.000500
	Validity: 0.69% --- Uniquene@1000: 0.99% --- Unique@10000: 0.96%

{'valid': 0.6637666666666666, 'unique@1000': 0.992, 'unique@10000': 0.9581, 'FCD/Test': 12.660018971539301, 'SNN/Test': 0.5085204446527688, 'Frag/Test': 0.8846164857880812, 'Scaf/Test': 0.2925672504974657, 'FCD/TestSF': 13.415085133857716, 'SNN/TestSF': 0.4641910972982781, 'Frag/TestSF': 0.8784765213738446, 'Scaf/TestSF': 0.061937308254692236, 'IntDiv': 0.8587029453560936, 'IntDiv2': 0.8497386528362505, 'Filters': 0.9676593180334455, 'logP': 0.17549400132793133, 'SA': 0.0886299098235241, 'QED': 0.013112439310534412, 'weight': 32.680380448440424, 'Novelty': 0.9482366940718304}
Epoch: 90:
	Train Loss: 0.286 --- Reconstruction Loss: 0.276 --- KL Loss: 20.894 --- Beta: 0.000500
	Validity: 0.66% --- Uniquene@1000: 0.99% --- Unique@10000: 0.96%

{'valid': 0.6089333333333333, 'unique@1000': 0.993, 'unique@10000': 0.9509, 'FCD/Test': 12.386360416466346, 'SNN/Test': 0.5156685954850156, 'Frag/Test': 0.9043555747050765, 'Scaf/Test': 0.29553123747782084, 'FCD/TestSF': 13.039407353937222, 'SNN/TestSF': 0.47369427224798594, 'Frag/TestSF': 0.8986830219369293, 'Scaf/TestSF': 0.0634634066475177, 'IntDiv': 0.8583027247107352, 'IntDiv2': 0.8492088833331145, 'Filters': 0.9648565798116926, 'logP': 0.2777572062514242, 'SA': 0.04049045980304698, 'QED': 0.012081701704625525, 'weight': 28.340785263620322, 'Novelty': 0.9401101830460281}
Epoch: 91:
	Train Loss: 0.285 --- Reconstruction Loss: 0.275 --- KL Loss: 20.816 --- Beta: 0.000500
	Validity: 0.61% --- Uniquene@1000: 0.99% --- Unique@10000: 0.95%

{'valid': 0.7364666666666666, 'unique@1000': 0.997, 'unique@10000': 0.9538, 'FCD/Test': 12.447146545398255, 'SNN/Test': 0.511026967804826, 'Frag/Test': 0.9006596280872492, 'Scaf/Test': 0.2758743609408112, 'FCD/TestSF': 13.11087263980184, 'SNN/TestSF': 0.4697027686833958, 'Frag/TestSF': 0.8936298164678936, 'Scaf/TestSF': 0.06299246050295015, 'IntDiv': 0.8593453425784945, 'IntDiv2': 0.8502888055616, 'Filters': 0.9708065538155155, 'logP': 0.15045439131829497, 'SA': 0.049333150457445844, 'QED': 0.013603635847357737, 'weight': 36.217826432245545, 'Novelty': 0.9417633983699679}
Epoch: 92:
	Train Loss: 0.283 --- Reconstruction Loss: 0.273 --- KL Loss: 20.772 --- Beta: 0.000500
	Validity: 0.74% --- Uniquene@1000: 1.00% --- Unique@10000: 0.95%

{'valid': 0.7369, 'unique@1000': 0.998, 'unique@10000': 0.9627, 'FCD/Test': 11.799581459923274, 'SNN/Test': 0.5125957360615772, 'Frag/Test': 0.9179305571569201, 'Scaf/Test': 0.30397125302580663, 'FCD/TestSF': 12.510675600297361, 'SNN/TestSF': 0.4700720441111146, 'Frag/TestSF': 0.9105882655019326, 'Scaf/TestSF': 0.06521823645735214, 'IntDiv': 0.8605331163568405, 'IntDiv2': 0.8512997268606244, 'Filters': 0.9638123671235356, 'logP': 0.17957949430022516, 'SA': 0.06307511802303548, 'QED': 0.013467502465884853, 'weight': 31.664344876567878, 'Novelty': 0.942457689477557}
Epoch: 93:
	Train Loss: 0.282 --- Reconstruction Loss: 0.272 --- KL Loss: 20.798 --- Beta: 0.000500
	Validity: 0.74% --- Uniquene@1000: 1.00% --- Unique@10000: 0.96%

{'valid': 0.7781, 'unique@1000': 0.996, 'unique@10000': 0.9625, 'FCD/Test': 12.161087164950644, 'SNN/Test': 0.5105424866661827, 'Frag/Test': 0.8992968861550065, 'Scaf/Test': 0.28954732833767816, 'FCD/TestSF': 13.102882042503651, 'SNN/TestSF': 0.4643700791243819, 'Frag/TestSF': 0.8917710447307519, 'Scaf/TestSF': 0.06684661868101383, 'IntDiv': 0.8569876527866771, 'IntDiv2': 0.8481763061110472, 'Filters': 0.972711305316369, 'logP': 0.13364131411200192, 'SA': 0.07153312359266707, 'QED': 0.024021060881250014, 'weight': 30.981071212743004, 'Novelty': 0.9447753613150482}
Epoch: 94:
	Train Loss: 0.282 --- Reconstruction Loss: 0.272 --- KL Loss: 20.637 --- Beta: 0.000500
	Validity: 0.78% --- Uniquene@1000: 1.00% --- Unique@10000: 0.96%

{'valid': 0.8044, 'unique@1000': 0.994, 'unique@10000': 0.9584, 'FCD/Test': 11.947236217892794, 'SNN/Test': 0.5146426084543537, 'Frag/Test': 0.9076342637378879, 'Scaf/Test': 0.2972540766720444, 'FCD/TestSF': 12.789747765686073, 'SNN/TestSF': 0.4692932079131975, 'Frag/TestSF': 0.8996025188721029, 'Scaf/TestSF': 0.06845536842698419, 'IntDiv': 0.8567096897536157, 'IntDiv2': 0.8478264283157122, 'Filters': 0.9735206364992541, 'logP': 0.14012715042519455, 'SA': 0.06457547139386736, 'QED': 0.02176993754163358, 'weight': 33.31986661771006, 'Novelty': 0.94148455842514}
Epoch: 95:
	Train Loss: 0.281 --- Reconstruction Loss: 0.270 --- KL Loss: 20.702 --- Beta: 0.000500
	Validity: 0.80% --- Uniquene@1000: 0.99% --- Unique@10000: 0.96%

{'valid': 0.7174, 'unique@1000': 0.995, 'unique@10000': 0.9564, 'FCD/Test': 13.293183077288397, 'SNN/Test': 0.5116533084723456, 'Frag/Test': 0.8843401992835705, 'Scaf/Test': 0.2709860286542016, 'FCD/TestSF': 14.275417098229767, 'SNN/TestSF': 0.4636981742619781, 'Frag/TestSF': 0.8763393441915525, 'Scaf/TestSF': 0.05996238399247089, 'IntDiv': 0.8534314093789874, 'IntDiv2': 0.8445198137344849, 'Filters': 0.9736084007062541, 'logP': 0.21148272766510706, 'SA': 0.0667732186091694, 'QED': 0.020103895726402813, 'weight': 28.985282243220908, 'Novelty': 0.9471511979061807}
Epoch: 96:
	Train Loss: 0.280 --- Reconstruction Loss: 0.270 --- KL Loss: 20.650 --- Beta: 0.000500
	Validity: 0.72% --- Uniquene@1000: 0.99% --- Unique@10000: 0.96%

{'valid': 0.6573, 'unique@1000': 0.992, 'unique@10000': 0.957, 'FCD/Test': 12.759728083800098, 'SNN/Test': 0.5033296660655071, 'Frag/Test': 0.8827719416034603, 'Scaf/Test': 0.2455456215211934, 'FCD/TestSF': 13.401419989292066, 'SNN/TestSF': 0.4617907911746133, 'Frag/TestSF': 0.875393274694458, 'Scaf/TestSF': 0.05459297240811356, 'IntDiv': 0.8577259624749182, 'IntDiv2': 0.8488503633239509, 'Filters': 0.9614077792991531, 'logP': 0.15857283018199797, 'SA': 0.11018393150437286, 'QED': 0.018331645713590108, 'weight': 26.62486860487367, 'Novelty': 0.947811355811793}
Epoch: 97:
	Train Loss: 0.279 --- Reconstruction Loss: 0.268 --- KL Loss: 20.639 --- Beta: 0.000500
	Validity: 0.66% --- Uniquene@1000: 0.99% --- Unique@10000: 0.96%

{'valid': 0.7370333333333333, 'unique@1000': 0.995, 'unique@10000': 0.9658, 'FCD/Test': 11.9859281993796, 'SNN/Test': 0.5076480791303607, 'Frag/Test': 0.9041129418958811, 'Scaf/Test': 0.31323083868881874, 'FCD/TestSF': 12.726864554031252, 'SNN/TestSF': 0.46643067177422665, 'Frag/TestSF': 0.8986904798949907, 'Scaf/TestSF': 0.049073407751384246, 'IntDiv': 0.8598501572290627, 'IntDiv2': 0.8511702948506595, 'Filters': 0.9674822486545158, 'logP': 0.25030561652920247, 'SA': 0.09344624359160905, 'QED': 0.014986911504901772, 'weight': 26.375439573969004, 'Novelty': 0.942132765628024}
Epoch: 98:
	Train Loss: 0.278 --- Reconstruction Loss: 0.267 --- KL Loss: 20.650 --- Beta: 0.000500
	Validity: 0.74% --- Uniquene@1000: 0.99% --- Unique@10000: 0.97%

{'valid': 0.7503333333333333, 'unique@1000': 0.993, 'unique@10000': 0.9602, 'FCD/Test': 12.9538802570667, 'SNN/Test': 0.508225162150541, 'Frag/Test': 0.8953533261105082, 'Scaf/Test': 0.27435793595872027, 'FCD/TestSF': 13.768764618081839, 'SNN/TestSF': 0.46687727288265646, 'Frag/TestSF': 0.8892677522056355, 'Scaf/TestSF': 0.06592612168812029, 'IntDiv': 0.8571566141464964, 'IntDiv2': 0.8483704322833238, 'Filters': 0.9727232341181697, 'logP': 0.18928182643017807, 'SA': 0.054363126890604, 'QED': 0.01517344072096183, 'weight': 32.852445765037615, 'Novelty': 0.9464320154291225}
Epoch: 99:
	Train Loss: 0.276 --- Reconstruction Loss: 0.266 --- KL Loss: 20.657 --- Beta: 0.000500
	Validity: 0.75% --- Uniquene@1000: 0.99% --- Unique@10000: 0.96%

{'valid': 0.7803, 'unique@1000': 0.994, 'unique@10000': 0.9685, 'FCD/Test': 12.605854830665187, 'SNN/Test': 0.5007769487025752, 'Frag/Test': 0.8792957044855785, 'Scaf/Test': 0.2872355480969193, 'FCD/TestSF': 13.39868920837084, 'SNN/TestSF': 0.4577908663312202, 'Frag/TestSF': 0.8717129524713157, 'Scaf/TestSF': 0.07294738727493855, 'IntDiv': 0.8609907137144743, 'IntDiv2': 0.8520807303311201, 'Filters': 0.9696697851253792, 'logP': 0.22786371973907002, 'SA': 0.1044063534554424, 'QED': 0.020047938802783126, 'weight': 26.962200690649425, 'Novelty': 0.9457038391224862}
Epoch: 100:
	Train Loss: 0.275 --- Reconstruction Loss: 0.265 --- KL Loss: 20.671 --- Beta: 0.000500
	Validity: 0.78% --- Uniquene@1000: 0.99% --- Unique@10000: 0.97%

