2024-02-15 02:31:21.044776: E external/local_xla/xla/stream_executor/cuda/cuda_dnn.cc:9261] Unable to register cuDNN factory: Attempting to register factory for plugin cuDNN when one has already been registered
2024-02-15 02:31:21.044854: E external/local_xla/xla/stream_executor/cuda/cuda_fft.cc:607] Unable to register cuFFT factory: Attempting to register factory for plugin cuFFT when one has already been registered
2024-02-15 02:31:21.045820: E external/local_xla/xla/stream_executor/cuda/cuda_blas.cc:1515] Unable to register cuBLAS factory: Attempting to register factory for plugin cuBLAS when one has already been registered
2024-02-15 02:31:21.050477: I tensorflow/core/platform/cpu_feature_guard.cc:182] This TensorFlow binary is optimized to use available CPU instructions in performance-critical operations.
To enable the following instructions: AVX2 FMA, in other operations, rebuild TensorFlow with the appropriate compiler flags.
2024-02-15 02:31:21.892009: W tensorflow/compiler/tf2tensorrt/utils/py_utils.cc:38] TF-TRT Warning: Could not find TensorRT

Arguments:
	data_path: data/moses_train.txt
	max_len: 30
	batch: 128
	d_model: 512
	d_latent: 256
	d_ff: 1024
	e_heads: 1
	d_heads: 8
	n_layers: 6
	dropout: 0.5
	lr: 0.0005
	n_epochs: 100
	kl_type: cyclic
	kl_w_start: 0.0001
	kl_w_end: 0.0005
	kl_cycle: 4
	kl_ratio: 1.0
	save_name: klcompare

Number of data: 88192

SMILES Vocab:
	 {'<START>': 0, '<END>': 1, '<PAD>': 2, 'C': 3, 'O': 4, 'c': 5, '1': 6, '(': 7, '=': 8, ')': 9, 'N': 10, 'n': 11, '2': 12, 'F': 13, 'Cl': 14, 'Br': 15, '#': 16, '3': 17, 'S': 18, 'o': 19, '-': 20, 's': 21, '[nH]': 22, '4': 23}

Graph Vocab:
	 {'C': 0, 'O': 1, 'N': 2, 'F': 3, 'Cl': 4, 'Br': 5, 'S': 6}


KL Annealer: [0.0001   0.000116 0.000132 0.000148 0.000164 0.00018  0.000196 0.000212
 0.000228 0.000244 0.00026  0.000276 0.000292 0.000308 0.000324 0.00034
 0.000356 0.000372 0.000388 0.000404 0.00042  0.000436 0.000452 0.000468
 0.000484 0.0001   0.000116 0.000132 0.000148 0.000164 0.00018  0.000196
 0.000212 0.000228 0.000244 0.00026  0.000276 0.000292 0.000308 0.000324
 0.00034  0.000356 0.000372 0.000388 0.000404 0.00042  0.000436 0.000452
 0.000468 0.000484 0.0001   0.000116 0.000132 0.000148 0.000164 0.00018
 0.000196 0.000212 0.000228 0.000244 0.00026  0.000276 0.000292 0.000308
 0.000324 0.00034  0.000356 0.000372 0.000388 0.000404 0.00042  0.000436
 0.000452 0.000468 0.000484 0.0001   0.000116 0.000132 0.000148 0.000164
 0.00018  0.000196 0.000212 0.000228 0.000244 0.00026  0.000276 0.000292
 0.000308 0.000324 0.00034  0.000356 0.000372 0.000388 0.000404 0.00042
 0.000436 0.000452 0.000468 0.000484]




#########################################################################
######################### START TRAINING ################################
#########################################################################




{'valid': 0.5976333333333333, 'unique@1000': 0.771, 'unique@10000': 0.4086, 'FCD/Test': 21.59693062608727, 'SNN/Test': 0.5959101875798156, 'Frag/Test': 0.880091956137708, 'Scaf/Test': 0.22978340994459878, 'FCD/TestSF': 22.66010678183155, 'SNN/TestSF': 0.5183469814716044, 'Frag/TestSF': 0.8688269940393729, 'Scaf/TestSF': 0.04391364099416151, 'IntDiv': 0.773583799194619, 'IntDiv2': 0.7570119014306971, 'Filters': 0.9843828434380054, 'logP': 0.5858807180843871, 'SA': 0.2588944187389296, 'QED': 0.06674174569891009, 'weight': 7.370602993979466, 'Novelty': 0.9330281451339437}
Epoch: 31:
	Train Loss: 0.450 --- Reconstruction Loss: 0.441 --- KL Loss: 47.925 --- Beta: 0.000180
	Validity: 0.60% --- Uniquene@1000: 0.77% --- Unique@10000: 0.41%

{'valid': 0.6467, 'unique@1000': 0.779, 'unique@10000': 0.4584, 'FCD/Test': 23.30374703608547, 'SNN/Test': 0.6059080530725112, 'Frag/Test': 0.8697423833184964, 'Scaf/Test': 0.1749944080293413, 'FCD/TestSF': 24.4238681376425, 'SNN/TestSF': 0.5187709048957986, 'Frag/TestSF': 0.86014626529197, 'Scaf/TestSF': 0.023352492519918333, 'IntDiv': 0.7731952722003504, 'IntDiv2': 0.7578137573517966, 'Filters': 0.9896912530281944, 'logP': 0.5859583334814539, 'SA': 0.24564712051899862, 'QED': 0.04166030000892802, 'weight': 7.618207745033034, 'Novelty': 0.9260618033018202}
Epoch: 32:
	Train Loss: 0.444 --- Reconstruction Loss: 0.435 --- KL Loss: 45.483 --- Beta: 0.000196
	Validity: 0.65% --- Uniquene@1000: 0.78% --- Unique@10000: 0.46%

{'valid': 0.6526333333333334, 'unique@1000': 0.774, 'unique@10000': 0.4626, 'FCD/Test': 22.88381995714053, 'SNN/Test': 0.5922544575853594, 'Frag/Test': 0.8651384140994677, 'Scaf/Test': 0.2073471984987295, 'FCD/TestSF': 24.061279535868557, 'SNN/TestSF': 0.5038354014088777, 'Frag/TestSF': 0.8544698087083574, 'Scaf/TestSF': 0.014680648548930697, 'IntDiv': 0.7736648771336435, 'IntDiv2': 0.7583425334739643, 'Filters': 0.9883037948822718, 'logP': 0.5189108706764538, 'SA': 0.1962527095960901, 'QED': 0.05806364586085599, 'weight': 6.762203250339999, 'Novelty': 0.9439978198664668}
Epoch: 33:
	Train Loss: 0.438 --- Reconstruction Loss: 0.429 --- KL Loss: 42.551 --- Beta: 0.000212
	Validity: 0.65% --- Uniquene@1000: 0.77% --- Unique@10000: 0.46%

{'valid': 0.587, 'unique@1000': 0.833, 'unique@10000': 0.5555, 'FCD/Test': 20.960656855053415, 'SNN/Test': 0.5869606986438801, 'Frag/Test': 0.8726949467646664, 'Scaf/Test': 0.10726053368829347, 'FCD/TestSF': 21.89393414684116, 'SNN/TestSF': 0.5153957546645779, 'Frag/TestSF': 0.8619881606896317, 'Scaf/TestSF': 0.028730093182345318, 'IntDiv': 0.7890821520758028, 'IntDiv2': 0.7749880498886692, 'Filters': 0.9800113571834185, 'logP': 0.579092651218791, 'SA': 0.1805155425277097, 'QED': 0.037791646305212374, 'weight': 6.714057489160864, 'Novelty': 0.9429505813953488}
Epoch: 34:
	Train Loss: 0.433 --- Reconstruction Loss: 0.424 --- KL Loss: 40.302 --- Beta: 0.000228
	Validity: 0.59% --- Uniquene@1000: 0.83% --- Unique@10000: 0.56%

{'valid': 0.5412, 'unique@1000': 0.838, 'unique@10000': 0.5581, 'FCD/Test': 21.681234683009755, 'SNN/Test': 0.5858358089142346, 'Frag/Test': 0.8818969108272573, 'Scaf/Test': 0.17481558654074003, 'FCD/TestSF': 22.7899776160627, 'SNN/TestSF': 0.5046368307041899, 'Frag/TestSF': 0.8720939984349193, 'Scaf/TestSF': 0.016468912369472455, 'IntDiv': 0.7912771862099878, 'IntDiv2': 0.775306714762205, 'Filters': 0.9854644000985464, 'logP': 0.5917270434977941, 'SA': 0.21720462044855382, 'QED': 0.03909786895368992, 'weight': 11.832839148837651, 'Novelty': 0.9373974504606841}
Epoch: 35:
	Train Loss: 0.427 --- Reconstruction Loss: 0.418 --- KL Loss: 38.164 --- Beta: 0.000244
	Validity: 0.54% --- Uniquene@1000: 0.84% --- Unique@10000: 0.56%

{'valid': 0.5366333333333333, 'unique@1000': 0.862, 'unique@10000': 0.6021, 'FCD/Test': 17.843989921509674, 'SNN/Test': 0.5940043572818902, 'Frag/Test': 0.9302478674130804, 'Scaf/Test': 0.2304820998319722, 'FCD/TestSF': 18.633545191806775, 'SNN/TestSF': 0.5238479225124526, 'Frag/TestSF': 0.9220964614453079, 'Scaf/TestSF': 0.02777882956026867, 'IntDiv': 0.8043087655733784, 'IntDiv2': 0.7920412607434784, 'Filters': 0.9796881793900242, 'logP': 0.5317112341140469, 'SA': 0.21688544087654701, 'QED': 0.03102923857445562, 'weight': 13.400128810353456, 'Novelty': 0.9257748776508973}
Epoch: 36:
	Train Loss: 0.422 --- Reconstruction Loss: 0.413 --- KL Loss: 36.117 --- Beta: 0.000260
	Validity: 0.54% --- Uniquene@1000: 0.86% --- Unique@10000: 0.60%

{'valid': 0.5588666666666666, 'unique@1000': 0.904, 'unique@10000': 0.6772, 'FCD/Test': 16.84580931089009, 'SNN/Test': 0.5722978622970882, 'Frag/Test': 0.9232377546972, 'Scaf/Test': 0.2397636605725887, 'FCD/TestSF': 17.67987569342457, 'SNN/TestSF': 0.5081549737458936, 'Frag/TestSF': 0.9158081872197549, 'Scaf/TestSF': 0.02073598802017307, 'IntDiv': 0.8181080104199592, 'IntDiv2': 0.8062744122937455, 'Filters': 0.9830609566980795, 'logP': 0.5122053759399361, 'SA': 0.15318484202215857, 'QED': 0.015657964784508187, 'weight': 15.729425044813285, 'Novelty': 0.9356563056820432}
Epoch: 37:
	Train Loss: 0.416 --- Reconstruction Loss: 0.407 --- KL Loss: 34.205 --- Beta: 0.000276
	Validity: 0.56% --- Uniquene@1000: 0.90% --- Unique@10000: 0.68%

{'valid': 0.6354666666666666, 'unique@1000': 0.89, 'unique@10000': 0.6637, 'FCD/Test': 16.855491328521325, 'SNN/Test': 0.5796763058181226, 'Frag/Test': 0.9241946740558807, 'Scaf/Test': 0.17633357105948222, 'FCD/TestSF': 17.700335731695688, 'SNN/TestSF': 0.5096576327846498, 'Frag/TestSF': 0.9168537334031434, 'Scaf/TestSF': 0.02281657499658618, 'IntDiv': 0.8126434163449567, 'IntDiv2': 0.8000820646352713, 'Filters': 0.977968946705833, 'logP': 0.48914050905967826, 'SA': 0.20245626988558132, 'QED': 0.023071105003556417, 'weight': 14.598563879472078, 'Novelty': 0.9224686420650791}
Epoch: 38:
	Train Loss: 0.412 --- Reconstruction Loss: 0.403 --- KL Loss: 32.558 --- Beta: 0.000292
	Validity: 0.64% --- Uniquene@1000: 0.89% --- Unique@10000: 0.66%

{'valid': 0.5075666666666667, 'unique@1000': 0.945, 'unique@10000': 0.7022, 'FCD/Test': 15.272310769119436, 'SNN/Test': 0.5705214737593216, 'Frag/Test': 0.9318684095707077, 'Scaf/Test': 0.2319194428739263, 'FCD/TestSF': 16.053266305626437, 'SNN/TestSF': 0.5151083093519916, 'Frag/TestSF': 0.9256323285298541, 'Scaf/TestSF': 0.025797527605764037, 'IntDiv': 0.8168590235973404, 'IntDiv2': 0.806693713122978, 'Filters': 0.959939581007421, 'logP': 0.49456782246296027, 'SA': 0.16367843590844527, 'QED': 0.016220307465415706, 'weight': 16.006148249724088, 'Novelty': 0.9200122274302017}
Epoch: 39:
	Train Loss: 0.407 --- Reconstruction Loss: 0.398 --- KL Loss: 31.464 --- Beta: 0.000308
	Validity: 0.51% --- Uniquene@1000: 0.94% --- Unique@10000: 0.70%

{'valid': 0.44889999999999997, 'unique@1000': 0.924, 'unique@10000': 0.6868, 'FCD/Test': 16.346728917197545, 'SNN/Test': 0.5676333853245897, 'Frag/Test': 0.9160747515701206, 'Scaf/Test': 0.2315876666018426, 'FCD/TestSF': 16.56475505300343, 'SNN/TestSF': 0.5241957517283933, 'Frag/TestSF': 0.9118860150668415, 'Scaf/TestSF': 0.054588222157554656, 'IntDiv': 0.8198054517518354, 'IntDiv2': 0.8080955511842807, 'Filters': 0.95485260265835, 'logP': 0.5308010076248314, 'SA': 0.12503442171904608, 'QED': 0.027379205503463254, 'weight': 11.204819962585209, 'Novelty': 0.9268404731824968}
Epoch: 40:
	Train Loss: 0.402 --- Reconstruction Loss: 0.393 --- KL Loss: 30.156 --- Beta: 0.000324
	Validity: 0.45% --- Uniquene@1000: 0.92% --- Unique@10000: 0.69%

{'valid': 0.42556666666666665, 'unique@1000': 0.952, 'unique@10000': 0.7613, 'FCD/Test': 16.263193022895308, 'SNN/Test': 0.55894061080686, 'Frag/Test': 0.9055270093684694, 'Scaf/Test': 0.2213521818194889, 'FCD/TestSF': 17.220810499883513, 'SNN/TestSF': 0.4910382341097168, 'Frag/TestSF': 0.8964730996527557, 'Scaf/TestSF': 0.04353895548983977, 'IntDiv': 0.8219876327119733, 'IntDiv2': 0.8112179345616355, 'Filters': 0.9725855721782721, 'logP': 0.44643177845202103, 'SA': 0.09853930668971703, 'QED': 0.03621806065953978, 'weight': 13.219145736510992, 'Novelty': 0.9438770024728523}
Epoch: 41:
	Train Loss: 0.398 --- Reconstruction Loss: 0.388 --- KL Loss: 28.989 --- Beta: 0.000340
	Validity: 0.43% --- Uniquene@1000: 0.95% --- Unique@10000: 0.76%

{'valid': 0.5188666666666666, 'unique@1000': 0.954, 'unique@10000': 0.7847, 'FCD/Test': 15.484361515098243, 'SNN/Test': 0.5511657954081769, 'Frag/Test': 0.9204807662745583, 'Scaf/Test': 0.19033871126114865, 'FCD/TestSF': 16.167408064394138, 'SNN/TestSF': 0.49646345728542357, 'Frag/TestSF': 0.9125652887339271, 'Scaf/TestSF': 0.0637738633782583, 'IntDiv': 0.8284776045785605, 'IntDiv2': 0.818490725980554, 'Filters': 0.9531671591931132, 'logP': 0.47580795825406746, 'SA': 0.08313696746862335, 'QED': 0.019509249345614342, 'weight': 18.501497130175824, 'Novelty': 0.9369755244755245}
Epoch: 42:
	Train Loss: 0.393 --- Reconstruction Loss: 0.383 --- KL Loss: 27.894 --- Beta: 0.000356
	Validity: 0.52% --- Uniquene@1000: 0.95% --- Unique@10000: 0.78%

{'valid': 0.5812333333333333, 'unique@1000': 0.967, 'unique@10000': 0.7994, 'FCD/Test': 15.544734397453439, 'SNN/Test': 0.5660365657810293, 'Frag/Test': 0.9223146725288978, 'Scaf/Test': 0.24888642200929234, 'FCD/TestSF': 16.306829033542755, 'SNN/TestSF': 0.5029848926181659, 'Frag/TestSF': 0.9161131372146486, 'Scaf/TestSF': 0.033113216022266356, 'IntDiv': 0.8282129996403496, 'IntDiv2': 0.8176815684215563, 'Filters': 0.973217870046453, 'logP': 0.555615405484963, 'SA': 0.12065835946674612, 'QED': 0.018959592192986582, 'weight': 16.73726970244007, 'Novelty': 0.9318501170960187}
Epoch: 43:
	Train Loss: 0.389 --- Reconstruction Loss: 0.379 --- KL Loss: 26.832 --- Beta: 0.000372
	Validity: 0.58% --- Uniquene@1000: 0.97% --- Unique@10000: 0.80%

{'valid': 0.5011, 'unique@1000': 0.966, 'unique@10000': 0.8207, 'FCD/Test': 14.464631746965111, 'SNN/Test': 0.5604022606996166, 'Frag/Test': 0.9413526336134584, 'Scaf/Test': 0.2827831936210585, 'FCD/TestSF': 15.241531677001731, 'SNN/TestSF': 0.4999926701958273, 'Frag/TestSF': 0.9342105806253653, 'Scaf/TestSF': 0.03757896049938092, 'IntDiv': 0.8273384148988676, 'IntDiv2': 0.8175580818075184, 'Filters': 0.9668063593427793, 'logP': 0.35077888644052807, 'SA': 0.10149860998492212, 'QED': 0.01788658610044893, 'weight': 15.930892930077745, 'Novelty': 0.9340602730316819}
Epoch: 44:
	Train Loss: 0.385 --- Reconstruction Loss: 0.375 --- KL Loss: 26.168 --- Beta: 0.000388
	Validity: 0.50% --- Uniquene@1000: 0.97% --- Unique@10000: 0.82%

{'valid': 0.6559333333333333, 'unique@1000': 0.976, 'unique@10000': 0.828, 'FCD/Test': 13.535334288096138, 'SNN/Test': 0.5616562036915346, 'Frag/Test': 0.9291072421973268, 'Scaf/Test': 0.3069290774944966, 'FCD/TestSF': 14.227163945338667, 'SNN/TestSF': 0.5067287063746145, 'Frag/TestSF': 0.9219938683890601, 'Scaf/TestSF': 0.06467166599507013, 'IntDiv': 0.8332701777900942, 'IntDiv2': 0.8234027717443317, 'Filters': 0.9699664600060982, 'logP': 0.31387809531274335, 'SA': 0.10699263403012292, 'QED': 0.014822744792462154, 'weight': 22.074450771368888, 'Novelty': 0.9304530371774904}
Epoch: 45:
	Train Loss: 0.382 --- Reconstruction Loss: 0.372 --- KL Loss: 25.537 --- Beta: 0.000404
	Validity: 0.66% --- Uniquene@1000: 0.98% --- Unique@10000: 0.83%

{'valid': 0.6224000000000001, 'unique@1000': 0.954, 'unique@10000': 0.8129, 'FCD/Test': 15.165243243358915, 'SNN/Test': 0.5655290804573534, 'Frag/Test': 0.9245911941823177, 'Scaf/Test': 0.23090289093648897, 'FCD/TestSF': 16.138038205341246, 'SNN/TestSF': 0.49918329174891307, 'Frag/TestSF': 0.9162692741152602, 'Scaf/TestSF': 0.03093219193201835, 'IntDiv': 0.8297708561572363, 'IntDiv2': 0.8193870725387935, 'Filters': 0.9704905741216795, 'logP': 0.3386669841273869, 'SA': 0.12990037136419977, 'QED': 0.012425712837629534, 'weight': 25.09169503633203, 'Novelty': 0.9262011253787332}
Epoch: 46:
	Train Loss: 0.378 --- Reconstruction Loss: 0.367 --- KL Loss: 24.669 --- Beta: 0.000420
	Validity: 0.62% --- Uniquene@1000: 0.95% --- Unique@10000: 0.81%

{'valid': 0.6703333333333333, 'unique@1000': 0.97, 'unique@10000': 0.8454, 'FCD/Test': 14.45449421415529, 'SNN/Test': 0.5521794943697472, 'Frag/Test': 0.9240363187812368, 'Scaf/Test': 0.23443716375303159, 'FCD/TestSF': 15.279614254745674, 'SNN/TestSF': 0.49255813646381735, 'Frag/TestSF': 0.9159070290114548, 'Scaf/TestSF': 0.05904892831800557, 'IntDiv': 0.8332481265774014, 'IntDiv2': 0.8230295378968873, 'Filters': 0.9674788662357037, 'logP': 0.40050473308196743, 'SA': 0.08759558342521094, 'QED': 0.01414881682522539, 'weight': 21.895206686081185, 'Novelty': 0.9364150700784364}
Epoch: 47:
	Train Loss: 0.375 --- Reconstruction Loss: 0.364 --- KL Loss: 24.038 --- Beta: 0.000436
	Validity: 0.67% --- Uniquene@1000: 0.97% --- Unique@10000: 0.85%

{'valid': 0.5857666666666667, 'unique@1000': 0.964, 'unique@10000': 0.8519, 'FCD/Test': 15.22982651109664, 'SNN/Test': 0.5625084578899356, 'Frag/Test': 0.9098035766124893, 'Scaf/Test': 0.27537614948803757, 'FCD/TestSF': 16.146387809463604, 'SNN/TestSF': 0.4971786547041588, 'Frag/TestSF': 0.8999495682671664, 'Scaf/TestSF': 0.03650355299624852, 'IntDiv': 0.8276086007054089, 'IntDiv2': 0.8169849408053123, 'Filters': 0.9659705229613612, 'logP': 0.4392930199221617, 'SA': 0.12810399886556426, 'QED': 0.013935219578670529, 'weight': 19.85991426119324, 'Novelty': 0.9244032775204845}
Epoch: 48:
	Train Loss: 0.372 --- Reconstruction Loss: 0.361 --- KL Loss: 23.532 --- Beta: 0.000452
	Validity: 0.59% --- Uniquene@1000: 0.96% --- Unique@10000: 0.85%

{'valid': 0.6425000000000001, 'unique@1000': 0.985, 'unique@10000': 0.8856, 'FCD/Test': 14.279088121928496, 'SNN/Test': 0.5361781723876562, 'Frag/Test': 0.9188303645182179, 'Scaf/Test': 0.2473207296931369, 'FCD/TestSF': 14.942894347904023, 'SNN/TestSF': 0.4822356814061003, 'Frag/TestSF': 0.910442795487892, 'Scaf/TestSF': 0.04515358417137372, 'IntDiv': 0.8412203181737423, 'IntDiv2': 0.8317824025757459, 'Filters': 0.9578728923476005, 'logP': 0.41059317617432933, 'SA': 0.01783484471769705, 'QED': 0.02154841824859897, 'weight': 24.77057581733553, 'Novelty': 0.9360498019241652}
Epoch: 49:
	Train Loss: 0.368 --- Reconstruction Loss: 0.357 --- KL Loss: 23.010 --- Beta: 0.000468
	Validity: 0.64% --- Uniquene@1000: 0.98% --- Unique@10000: 0.89%

{'valid': 0.6459666666666667, 'unique@1000': 0.973, 'unique@10000': 0.8632, 'FCD/Test': 14.489631896313412, 'SNN/Test': 0.5560548298037441, 'Frag/Test': 0.9491338949527562, 'Scaf/Test': 0.2743451816399788, 'FCD/TestSF': 15.220128602428218, 'SNN/TestSF': 0.4966691343264779, 'Frag/TestSF': 0.9406452414428775, 'Scaf/TestSF': 0.0423444840120728, 'IntDiv': 0.8333773296958449, 'IntDiv2': 0.8237240911643715, 'Filters': 0.9584085866143763, 'logP': 0.32552721035900034, 'SA': 0.1084983109852944, 'QED': 0.012867631317190115, 'weight': 27.631061409942767, 'Novelty': 0.9306538536458672}
Epoch: 50:
	Train Loss: 0.365 --- Reconstruction Loss: 0.354 --- KL Loss: 22.607 --- Beta: 0.000484
	Validity: 0.65% --- Uniquene@1000: 0.97% --- Unique@10000: 0.86%

{'valid': 0.7854666666666666, 'unique@1000': 0.964, 'unique@10000': 0.8428, 'FCD/Test': 14.575332558409642, 'SNN/Test': 0.5580426273774846, 'Frag/Test': 0.93964875293411, 'Scaf/Test': 0.31576051019912577, 'FCD/TestSF': 15.553507776403087, 'SNN/TestSF': 0.49483550204736554, 'Frag/TestSF': 0.9285261689083526, 'Scaf/TestSF': 0.04972736678905987, 'IntDiv': 0.8327547003113911, 'IntDiv2': 0.8228533420232044, 'Filters': 0.9705482940078085, 'logP': 0.2156157944436189, 'SA': 0.10749747513355523, 'QED': 0.007854490732442636, 'weight': 30.451916185144018, 'Novelty': 0.9263425664217072}
Epoch: 51:
	Train Loss: 0.352 --- Reconstruction Loss: 0.348 --- KL Loss: 34.557 --- Beta: 0.000100
	Validity: 0.79% --- Uniquene@1000: 0.96% --- Unique@10000: 0.84%

{'valid': 0.6052666666666666, 'unique@1000': 0.98, 'unique@10000': 0.8294, 'FCD/Test': 14.564765581496587, 'SNN/Test': 0.5418428986466972, 'Frag/Test': 0.93841125841481, 'Scaf/Test': 0.21806213792630014, 'FCD/TestSF': 15.445021692800388, 'SNN/TestSF': 0.48333431534474874, 'Frag/TestSF': 0.9281748346913392, 'Scaf/TestSF': 0.03909429108010254, 'IntDiv': 0.8336295022755615, 'IntDiv2': 0.823766773765715, 'Filters': 0.9570437272827403, 'logP': 0.2803205980711285, 'SA': 0.04557134126784954, 'QED': 0.010174845211171148, 'weight': 28.77876147736943, 'Novelty': 0.9403835063437139}
Epoch: 52:
	Train Loss: 0.349 --- Reconstruction Loss: 0.345 --- KL Loss: 36.906 --- Beta: 0.000116
	Validity: 0.61% --- Uniquene@1000: 0.98% --- Unique@10000: 0.83%

{'valid': 0.7240333333333333, 'unique@1000': 0.962, 'unique@10000': 0.8364, 'FCD/Test': 14.651042014118573, 'SNN/Test': 0.5479642719265001, 'Frag/Test': 0.9257401160673632, 'Scaf/Test': 0.27671916781992145, 'FCD/TestSF': 15.589965538697953, 'SNN/TestSF': 0.48458057414977174, 'Frag/TestSF': 0.9137048412863785, 'Scaf/TestSF': 0.04872520444239237, 'IntDiv': 0.8314442235462431, 'IntDiv2': 0.8217003400988215, 'Filters': 0.9683255835366695, 'logP': 0.21372604636642978, 'SA': 0.10891659089866057, 'QED': 0.023399364952695966, 'weight': 34.47512705225572, 'Novelty': 0.935251798561151}
Epoch: 53:
	Train Loss: 0.347 --- Reconstruction Loss: 0.342 --- KL Loss: 36.554 --- Beta: 0.000132
	Validity: 0.72% --- Uniquene@1000: 0.96% --- Unique@10000: 0.84%

{'valid': 0.6989333333333334, 'unique@1000': 0.979, 'unique@10000': 0.8463, 'FCD/Test': 13.853001131732334, 'SNN/Test': 0.5326184738599381, 'Frag/Test': 0.942204173356311, 'Scaf/Test': 0.2689411809437352, 'FCD/TestSF': 14.591672304691969, 'SNN/TestSF': 0.48188161898798065, 'Frag/TestSF': 0.9333277409595119, 'Scaf/TestSF': 0.046227566754308724, 'IntDiv': 0.8458898025540176, 'IntDiv2': 0.8364687855743405, 'Filters': 0.9694772987409386, 'logP': 0.24885475739799098, 'SA': 0.018617522461177975, 'QED': 0.008449237471251233, 'weight': 34.234531870995, 'Novelty': 0.9381002540430015}
Epoch: 54:
	Train Loss: 0.344 --- Reconstruction Loss: 0.339 --- KL Loss: 35.650 --- Beta: 0.000148
	Validity: 0.70% --- Uniquene@1000: 0.98% --- Unique@10000: 0.85%

{'valid': 0.7275333333333334, 'unique@1000': 0.966, 'unique@10000': 0.8535, 'FCD/Test': 14.781106421480281, 'SNN/Test': 0.5416731747678206, 'Frag/Test': 0.9458667212187802, 'Scaf/Test': 0.31866050311143046, 'FCD/TestSF': 15.487380040086471, 'SNN/TestSF': 0.48779388149493796, 'Frag/TestSF': 0.9367713620331054, 'Scaf/TestSF': 0.06649717294761892, 'IntDiv': 0.8395874760786006, 'IntDiv2': 0.8302039988588539, 'Filters': 0.964125355081096, 'logP': 0.3638379406865163, 'SA': 0.08484845761715391, 'QED': 0.011369676193114728, 'weight': 32.542818185993845, 'Novelty': 0.9289198191767785}
Epoch: 55:
	Train Loss: 0.342 --- Reconstruction Loss: 0.337 --- KL Loss: 34.790 --- Beta: 0.000164
	Validity: 0.73% --- Uniquene@1000: 0.97% --- Unique@10000: 0.85%

{'valid': 0.6555333333333333, 'unique@1000': 0.97, 'unique@10000': 0.8328, 'FCD/Test': 14.46550614413104, 'SNN/Test': 0.5451743665597306, 'Frag/Test': 0.9498874282165086, 'Scaf/Test': 0.27775837885736565, 'FCD/TestSF': 15.250648844953496, 'SNN/TestSF': 0.4889224301048095, 'Frag/TestSF': 0.9431680805590698, 'Scaf/TestSF': 0.048236856534824235, 'IntDiv': 0.841798917481444, 'IntDiv2': 0.8317686085918559, 'Filters': 0.969592189565748, 'logP': 0.24573442735223275, 'SA': 0.06611062825674609, 'QED': 0.007459582331190824, 'weight': 35.3986770887762, 'Novelty': 0.9292585170340681}
Epoch: 56:
	Train Loss: 0.341 --- Reconstruction Loss: 0.335 --- KL Loss: 33.950 --- Beta: 0.000180
	Validity: 0.66% --- Uniquene@1000: 0.97% --- Unique@10000: 0.83%

{'valid': 0.6969666666666667, 'unique@1000': 0.972, 'unique@10000': 0.8441, 'FCD/Test': 14.629898062953792, 'SNN/Test': 0.5448510162163525, 'Frag/Test': 0.9435004336882802, 'Scaf/Test': 0.2729343145796581, 'FCD/TestSF': 15.54353001451485, 'SNN/TestSF': 0.4871867988264836, 'Frag/TestSF': 0.9337895570405743, 'Scaf/TestSF': 0.04860487071639885, 'IntDiv': 0.8384521707218581, 'IntDiv2': 0.8288879125565027, 'Filters': 0.965756372853795, 'logP': 0.26286209786980264, 'SA': 0.07352713057951367, 'QED': 0.007873764607158764, 'weight': 38.07742912660141, 'Novelty': 0.9287720831512579}
Epoch: 57:
	Train Loss: 0.338 --- Reconstruction Loss: 0.332 --- KL Loss: 32.912 --- Beta: 0.000196
	Validity: 0.70% --- Uniquene@1000: 0.97% --- Unique@10000: 0.84%

{'valid': 0.6355333333333333, 'unique@1000': 0.981, 'unique@10000': 0.8556, 'FCD/Test': 13.093003964432235, 'SNN/Test': 0.5424933485701628, 'Frag/Test': 0.9352865835344069, 'Scaf/Test': 0.3577492254486525, 'FCD/TestSF': 13.968569045439907, 'SNN/TestSF': 0.4898598992451283, 'Frag/TestSF': 0.9257082308439596, 'Scaf/TestSF': 0.06092126337584658, 'IntDiv': 0.8405137908766719, 'IntDiv2': 0.831121538905544, 'Filters': 0.9557851673135425, 'logP': 0.2928384380120504, 'SA': 0.07927220438732938, 'QED': 0.009674820494991382, 'weight': 31.884923858136766, 'Novelty': 0.9298756284731411}
Epoch: 58:
	Train Loss: 0.336 --- Reconstruction Loss: 0.329 --- KL Loss: 32.103 --- Beta: 0.000212
	Validity: 0.64% --- Uniquene@1000: 0.98% --- Unique@10000: 0.86%

{'valid': 0.5609999999999999, 'unique@1000': 0.981, 'unique@10000': 0.8437, 'FCD/Test': 14.058201052833809, 'SNN/Test': 0.5444673956662364, 'Frag/Test': 0.941994464337461, 'Scaf/Test': 0.2758127038181063, 'FCD/TestSF': 14.784866099424, 'SNN/TestSF': 0.48968054028631885, 'Frag/TestSF': 0.9340777071029436, 'Scaf/TestSF': 0.03759188329787122, 'IntDiv': 0.8424296639177233, 'IntDiv2': 0.8329058431438132, 'Filters': 0.9591800356506239, 'logP': 0.25563461424197564, 'SA': 0.05889946328439355, 'QED': 0.011123948912981204, 'weight': 33.46660912677558, 'Novelty': 0.9258647857732423}
Epoch: 59:
	Train Loss: 0.334 --- Reconstruction Loss: 0.327 --- KL Loss: 31.278 --- Beta: 0.000228
	Validity: 0.56% --- Uniquene@1000: 0.98% --- Unique@10000: 0.84%

{'valid': 0.7306, 'unique@1000': 0.968, 'unique@10000': 0.8679, 'FCD/Test': 13.814241512856036, 'SNN/Test': 0.5340318221910579, 'Frag/Test': 0.934894699359412, 'Scaf/Test': 0.2719729201885561, 'FCD/TestSF': 14.576391241229217, 'SNN/TestSF': 0.4813482272917581, 'Frag/TestSF': 0.9260778082608356, 'Scaf/TestSF': 0.06756797814609294, 'IntDiv': 0.8413871579454295, 'IntDiv2': 0.8321565926203716, 'Filters': 0.9683365270553883, 'logP': 0.28889180894885297, 'SA': 0.057987820288743774, 'QED': 0.0089592467517528, 'weight': 30.85122136076203, 'Novelty': 0.9348001382329225}
Epoch: 60:
	Train Loss: 0.332 --- Reconstruction Loss: 0.324 --- KL Loss: 30.459 --- Beta: 0.000244
	Validity: 0.73% --- Uniquene@1000: 0.97% --- Unique@10000: 0.87%

{'valid': 0.5442666666666667, 'unique@1000': 0.975, 'unique@10000': 0.8586, 'FCD/Test': 14.26852198047208, 'SNN/Test': 0.5267874550755149, 'Frag/Test': 0.9425143981575993, 'Scaf/Test': 0.23829175017763427, 'FCD/TestSF': 15.047101021362195, 'SNN/TestSF': 0.4724827366043749, 'Frag/TestSF': 0.9346393866781046, 'Scaf/TestSF': 0.04258912499893519, 'IntDiv': 0.8431946280593088, 'IntDiv2': 0.8337175494318243, 'Filters': 0.9506369426751592, 'logP': 0.2211268983164231, 'SA': 0.02952259435661711, 'QED': 0.00990076131032894, 'weight': 32.9793919164244, 'Novelty': 0.9429215170859933}
Epoch: 61:
	Train Loss: 0.331 --- Reconstruction Loss: 0.323 --- KL Loss: 29.476 --- Beta: 0.000260
	Validity: 0.54% --- Uniquene@1000: 0.97% --- Unique@10000: 0.86%

{'valid': 0.6385000000000001, 'unique@1000': 0.98, 'unique@10000': 0.8675, 'FCD/Test': 13.562972742770334, 'SNN/Test': 0.5350205417597023, 'Frag/Test': 0.9372419800510534, 'Scaf/Test': 0.30270080621919404, 'FCD/TestSF': 14.307254317673411, 'SNN/TestSF': 0.4826778007717426, 'Frag/TestSF': 0.9289379609892718, 'Scaf/TestSF': 0.04392859873233845, 'IntDiv': 0.8462015529351951, 'IntDiv2': 0.8367723575164361, 'Filters': 0.9657008613938919, 'logP': 0.24866310334015534, 'SA': 0.03758144060753971, 'QED': 0.006466231578925137, 'weight': 36.57642967660605, 'Novelty': 0.9265514786772795}
Epoch: 62:
	Train Loss: 0.329 --- Reconstruction Loss: 0.321 --- KL Loss: 28.840 --- Beta: 0.000276
	Validity: 0.64% --- Uniquene@1000: 0.98% --- Unique@10000: 0.87%

{'valid': 0.5899666666666666, 'unique@1000': 0.981, 'unique@10000': 0.8692, 'FCD/Test': 13.942292101289048, 'SNN/Test': 0.5420335392848173, 'Frag/Test': 0.9365235017473306, 'Scaf/Test': 0.28657252054712745, 'FCD/TestSF': 14.902285730263166, 'SNN/TestSF': 0.4847531885403726, 'Frag/TestSF': 0.9275130047867886, 'Scaf/TestSF': 0.0668011661877097, 'IntDiv': 0.8398867917352639, 'IntDiv2': 0.8299594358941323, 'Filters': 0.9620317532063959, 'logP': 0.20493516286968758, 'SA': 0.06384775436561177, 'QED': 0.007586763041932417, 'weight': 32.89902625361957, 'Novelty': 0.9320253252626453}
Epoch: 63:
	Train Loss: 0.327 --- Reconstruction Loss: 0.319 --- KL Loss: 28.351 --- Beta: 0.000292
	Validity: 0.59% --- Uniquene@1000: 0.98% --- Unique@10000: 0.87%

{'valid': 0.6815333333333333, 'unique@1000': 0.988, 'unique@10000': 0.896, 'FCD/Test': 13.90888030660328, 'SNN/Test': 0.5305496272423735, 'Frag/Test': 0.9218276145515446, 'Scaf/Test': 0.2790422069473195, 'FCD/TestSF': 14.667361959773963, 'SNN/TestSF': 0.47721836413992463, 'Frag/TestSF': 0.913062883971683, 'Scaf/TestSF': 0.05744534999340245, 'IntDiv': 0.848912239196855, 'IntDiv2': 0.8394836590739102, 'Filters': 0.9732955101242297, 'logP': 0.27514230871917567, 'SA': 0.02884508051580343, 'QED': 0.008335252482405592, 'weight': 33.93685877436381, 'Novelty': 0.931970802919708}
Epoch: 64:
	Train Loss: 0.325 --- Reconstruction Loss: 0.317 --- KL Loss: 27.484 --- Beta: 0.000308
	Validity: 0.68% --- Uniquene@1000: 0.99% --- Unique@10000: 0.90%

{'valid': 0.6029333333333333, 'unique@1000': 0.981, 'unique@10000': 0.8756, 'FCD/Test': 14.134872909426115, 'SNN/Test': 0.5306742510880676, 'Frag/Test': 0.9349187718636794, 'Scaf/Test': 0.26443151467976, 'FCD/TestSF': 14.813755826699797, 'SNN/TestSF': 0.4769800041111459, 'Frag/TestSF': 0.9250389724223722, 'Scaf/TestSF': 0.049305673740844824, 'IntDiv': 0.843780062622396, 'IntDiv2': 0.8342779125948045, 'Filters': 0.9739053516143299, 'logP': 0.21330633212386427, 'SA': 0.026522950330528452, 'QED': 0.011155917471492353, 'weight': 30.702680943479937, 'Novelty': 0.9333692286983444}
Epoch: 65:
	Train Loss: 0.324 --- Reconstruction Loss: 0.315 --- KL Loss: 26.867 --- Beta: 0.000324
	Validity: 0.60% --- Uniquene@1000: 0.98% --- Unique@10000: 0.88%

{'valid': 0.5595333333333333, 'unique@1000': 0.977, 'unique@10000': 0.8767, 'FCD/Test': 13.938917997467854, 'SNN/Test': 0.523977969862218, 'Frag/Test': 0.9165547145341509, 'Scaf/Test': 0.2656290094949987, 'FCD/TestSF': 14.65375163389097, 'SNN/TestSF': 0.4704603743854274, 'Frag/TestSF': 0.9080069280374424, 'Scaf/TestSF': 0.05514039993349773, 'IntDiv': 0.8475424158826294, 'IntDiv2': 0.8384324034547623, 'Filters': 0.9650303824615751, 'logP': 0.2913749914925615, 'SA': 0.013119240028600165, 'QED': 0.010419872095697582, 'weight': 31.488811220924315, 'Novelty': 0.93856948521515}
Epoch: 66:
	Train Loss: 0.322 --- Reconstruction Loss: 0.313 --- KL Loss: 26.326 --- Beta: 0.000340
	Validity: 0.56% --- Uniquene@1000: 0.98% --- Unique@10000: 0.88%

{'valid': 0.6545666666666667, 'unique@1000': 0.99, 'unique@10000': 0.9096, 'FCD/Test': 13.32414859300519, 'SNN/Test': 0.5224298901069417, 'Frag/Test': 0.9182436037562101, 'Scaf/Test': 0.3085081186581278, 'FCD/TestSF': 14.13914212990607, 'SNN/TestSF': 0.47101450676848095, 'Frag/TestSF': 0.9094758129003211, 'Scaf/TestSF': 0.08848376066324959, 'IntDiv': 0.8509290962675096, 'IntDiv2': 0.8414942694178075, 'Filters': 0.9658807353465397, 'logP': 0.2741536763578539, 'SA': 0.019711363700918243, 'QED': 0.01441790795119117, 'weight': 31.056562765646472, 'Novelty': 0.9355106888361046}
Epoch: 67:
	Train Loss: 0.320 --- Reconstruction Loss: 0.311 --- KL Loss: 25.675 --- Beta: 0.000356
	Validity: 0.65% --- Uniquene@1000: 0.99% --- Unique@10000: 0.91%

{'valid': 0.6696, 'unique@1000': 0.99, 'unique@10000': 0.913, 'FCD/Test': 13.002500295236175, 'SNN/Test': 0.5230274388135631, 'Frag/Test': 0.9358541456243863, 'Scaf/Test': 0.2940958407949963, 'FCD/TestSF': 13.838181822825064, 'SNN/TestSF': 0.4689690977941764, 'Frag/TestSF': 0.9262099430344288, 'Scaf/TestSF': 0.053881878598343036, 'IntDiv': 0.8467109021430912, 'IntDiv2': 0.8376876621967966, 'Filters': 0.9620171246515332, 'logP': 0.2798150825710559, 'SA': 0.018509597740857486, 'QED': 0.007510624901481202, 'weight': 28.041176527562182, 'Novelty': 0.9390756302521008}
Epoch: 68:
	Train Loss: 0.319 --- Reconstruction Loss: 0.309 --- KL Loss: 25.165 --- Beta: 0.000372
	Validity: 0.67% --- Uniquene@1000: 0.99% --- Unique@10000: 0.91%

{'valid': 0.6675666666666666, 'unique@1000': 0.984, 'unique@10000': 0.9161, 'FCD/Test': 13.106841751931967, 'SNN/Test': 0.5240733701161512, 'Frag/Test': 0.9176824712083911, 'Scaf/Test': 0.2815775256891646, 'FCD/TestSF': 13.956135667120385, 'SNN/TestSF': 0.47006590770116763, 'Frag/TestSF': 0.9074070326606586, 'Scaf/TestSF': 0.05852375341263372, 'IntDiv': 0.8472539035329916, 'IntDiv2': 0.8380010662385946, 'Filters': 0.9607030508813102, 'logP': 0.16868476787939765, 'SA': 0.023114753471768286, 'QED': 0.01618903059702959, 'weight': 29.899056889049398, 'Novelty': 0.9393045188913962}
Epoch: 69:
	Train Loss: 0.317 --- Reconstruction Loss: 0.308 --- KL Loss: 24.624 --- Beta: 0.000388
	Validity: 0.67% --- Uniquene@1000: 0.98% --- Unique@10000: 0.92%

{'valid': 0.47886666666666666, 'unique@1000': 0.989, 'unique@10000': 0.9027, 'FCD/Test': 13.162311165213566, 'SNN/Test': 0.5229321632881226, 'Frag/Test': 0.9325060565054344, 'Scaf/Test': 0.29294477700209653, 'FCD/TestSF': 13.747854649063811, 'SNN/TestSF': 0.47762545624720126, 'Frag/TestSF': 0.9257054561407967, 'Scaf/TestSF': 0.06346468989683662, 'IntDiv': 0.8524793197246878, 'IntDiv2': 0.8429182513070522, 'Filters': 0.9450090491438118, 'logP': 0.3659815257632233, 'SA': 0.012174217527996986, 'QED': 0.010131277690589972, 'weight': 27.63254483505826, 'Novelty': 0.9367752184273233}
Epoch: 70:
	Train Loss: 0.315 --- Reconstruction Loss: 0.306 --- KL Loss: 24.340 --- Beta: 0.000404
	Validity: 0.48% --- Uniquene@1000: 0.99% --- Unique@10000: 0.90%

{'valid': 0.6004666666666667, 'unique@1000': 0.99, 'unique@10000': 0.9235, 'FCD/Test': 13.538312069418865, 'SNN/Test': 0.5144894272577052, 'Frag/Test': 0.8959304128178689, 'Scaf/Test': 0.30999356115577037, 'FCD/TestSF': 14.104442442365226, 'SNN/TestSF': 0.4676999659739179, 'Frag/TestSF': 0.8887157381102752, 'Scaf/TestSF': 0.0608078581631637, 'IntDiv': 0.8584004407716406, 'IntDiv2': 0.8488083103427514, 'Filters': 0.9626401687576329, 'logP': 0.41102031888638185, 'SA': 0.006988296227738329, 'QED': 0.011866730622850246, 'weight': 32.273761710576274, 'Novelty': 0.9374683544303798}
Epoch: 71:
	Train Loss: 0.315 --- Reconstruction Loss: 0.305 --- KL Loss: 23.901 --- Beta: 0.000420
	Validity: 0.60% --- Uniquene@1000: 0.99% --- Unique@10000: 0.92%

{'valid': 0.6728666666666667, 'unique@1000': 0.99, 'unique@10000': 0.9158, 'FCD/Test': 12.633825875688743, 'SNN/Test': 0.5198924547688972, 'Frag/Test': 0.9303789833942709, 'Scaf/Test': 0.24951954241204666, 'FCD/TestSF': 13.355572236276636, 'SNN/TestSF': 0.4705669626285025, 'Frag/TestSF': 0.9217781541524644, 'Scaf/TestSF': 0.05484872280424924, 'IntDiv': 0.8512584191883095, 'IntDiv2': 0.842151078799495, 'Filters': 0.9616070543941345, 'logP': 0.25647748349466026, 'SA': 0.034930427419738966, 'QED': 0.009347250826246328, 'weight': 32.341536064779326, 'Novelty': 0.9388736263736264}
Epoch: 72:
	Train Loss: 0.312 --- Reconstruction Loss: 0.302 --- KL Loss: 23.400 --- Beta: 0.000436
	Validity: 0.67% --- Uniquene@1000: 0.99% --- Unique@10000: 0.92%

{'valid': 0.5429666666666666, 'unique@1000': 0.988, 'unique@10000': 0.9194, 'FCD/Test': 12.679757465520602, 'SNN/Test': 0.5235341560907204, 'Frag/Test': 0.9346451890611276, 'Scaf/Test': 0.32826451305813853, 'FCD/TestSF': 13.343753484348191, 'SNN/TestSF': 0.47634190149535294, 'Frag/TestSF': 0.9281218365801708, 'Scaf/TestSF': 0.04987590921325602, 'IntDiv': 0.8535463104650473, 'IntDiv2': 0.8441413324658305, 'Filters': 0.9634108907851925, 'logP': 0.2993383609927735, 'SA': 0.032204636287770864, 'QED': 0.00889910631055606, 'weight': 29.036375785152675, 'Novelty': 0.9350097520200613}
Epoch: 73:
	Train Loss: 0.311 --- Reconstruction Loss: 0.300 --- KL Loss: 23.126 --- Beta: 0.000452
	Validity: 0.54% --- Uniquene@1000: 0.99% --- Unique@10000: 0.92%

{'valid': 0.5431333333333334, 'unique@1000': 0.99, 'unique@10000': 0.9095, 'FCD/Test': 11.385077098409468, 'SNN/Test': 0.5334083610544091, 'Frag/Test': 0.9380503983097428, 'Scaf/Test': 0.340240357705924, 'FCD/TestSF': 12.058181578289364, 'SNN/TestSF': 0.4890239389268726, 'Frag/TestSF': 0.9312115814876832, 'Scaf/TestSF': 0.0647973688321799, 'IntDiv': 0.8487394931921974, 'IntDiv2': 0.8395568515336465, 'Filters': 0.9574690069964404, 'logP': 0.17727461681812046, 'SA': 0.039180061617169235, 'QED': 0.009924434121541816, 'weight': 30.711136535314107, 'Novelty': 0.9283814057686922}
Epoch: 74:
	Train Loss: 0.310 --- Reconstruction Loss: 0.299 --- KL Loss: 22.699 --- Beta: 0.000468
	Validity: 0.54% --- Uniquene@1000: 0.99% --- Unique@10000: 0.91%

{'valid': 0.6212333333333333, 'unique@1000': 0.99, 'unique@10000': 0.9313, 'FCD/Test': 12.24353122683813, 'SNN/Test': 0.5128235704475266, 'Frag/Test': 0.9296027370024672, 'Scaf/Test': 0.3269701448473116, 'FCD/TestSF': 12.929791027028351, 'SNN/TestSF': 0.46819195585163353, 'Frag/TestSF': 0.9233443235457387, 'Scaf/TestSF': 0.07448870815719977, 'IntDiv': 0.8582103823438496, 'IntDiv2': 0.8492349658951281, 'Filters': 0.9702741857595106, 'logP': 0.3565300959007468, 'SA': 0.042918635669258645, 'QED': 0.008096146482800862, 'weight': 29.69933123848105, 'Novelty': 0.9350952894642215}
Epoch: 75:
	Train Loss: 0.308 --- Reconstruction Loss: 0.297 --- KL Loss: 22.334 --- Beta: 0.000484
	Validity: 0.62% --- Uniquene@1000: 0.99% --- Unique@10000: 0.93%

{'valid': 0.6495666666666666, 'unique@1000': 0.994, 'unique@10000': 0.9183, 'FCD/Test': 12.840266883586295, 'SNN/Test': 0.5283441272862311, 'Frag/Test': 0.9418807214202498, 'Scaf/Test': 0.30857818308484775, 'FCD/TestSF': 13.558841141530323, 'SNN/TestSF': 0.47861277708408007, 'Frag/TestSF': 0.9334504311815717, 'Scaf/TestSF': 0.056961276097084235, 'IntDiv': 0.8529821554117509, 'IntDiv2': 0.8432012789820215, 'Filters': 0.9612562220967825, 'logP': 0.25778967891945465, 'SA': 0.026482800115872444, 'QED': 0.010178836332581534, 'weight': 33.75846132659816, 'Novelty': 0.9269686082808175}
Epoch: 76:
	Train Loss: 0.297 --- Reconstruction Loss: 0.294 --- KL Loss: 33.038 --- Beta: 0.000100
	Validity: 0.65% --- Uniquene@1000: 0.99% --- Unique@10000: 0.92%

{'valid': 0.5192333333333333, 'unique@1000': 0.986, 'unique@10000': 0.9067, 'FCD/Test': 12.983117505270101, 'SNN/Test': 0.5056892034445295, 'Frag/Test': 0.9365188838350542, 'Scaf/Test': 0.23990657956700634, 'FCD/TestSF': 13.681675571435463, 'SNN/TestSF': 0.4560537616258149, 'Frag/TestSF': 0.9293000931074684, 'Scaf/TestSF': 0.03110576391162434, 'IntDiv': 0.8584517771152123, 'IntDiv2': 0.8492343146085339, 'Filters': 0.9536496116068562, 'logP': 0.2465769746025608, 'SA': 0.08266737490869511, 'QED': 0.005368116956093893, 'weight': 34.165335360516494, 'Novelty': 0.9424966994279008}
Epoch: 77:
	Train Loss: 0.296 --- Reconstruction Loss: 0.291 --- KL Loss: 35.412 --- Beta: 0.000116
	Validity: 0.52% --- Uniquene@1000: 0.99% --- Unique@10000: 0.91%

{'valid': 0.6878666666666666, 'unique@1000': 0.985, 'unique@10000': 0.8964, 'FCD/Test': 13.556214985519901, 'SNN/Test': 0.520867997278947, 'Frag/Test': 0.9292599526976361, 'Scaf/Test': 0.2798088242028174, 'FCD/TestSF': 14.233147931922858, 'SNN/TestSF': 0.47348076710089343, 'Frag/TestSF': 0.9208971502730013, 'Scaf/TestSF': 0.06151889427867119, 'IntDiv': 0.8551307091021731, 'IntDiv2': 0.8455977428469111, 'Filters': 0.9651579763520062, 'logP': 0.22432993704894869, 'SA': 0.01833366631089137, 'QED': 0.006584053664573499, 'weight': 36.45096546533826, 'Novelty': 0.9328189360097465}
Epoch: 78:
	Train Loss: 0.294 --- Reconstruction Loss: 0.289 --- KL Loss: 35.052 --- Beta: 0.000132
	Validity: 0.69% --- Uniquene@1000: 0.98% --- Unique@10000: 0.90%

{'valid': 0.6525000000000001, 'unique@1000': 0.986, 'unique@10000': 0.902, 'FCD/Test': 13.201366253115665, 'SNN/Test': 0.5128841226158776, 'Frag/Test': 0.9369240248377736, 'Scaf/Test': 0.243069819346318, 'FCD/TestSF': 13.98048164635533, 'SNN/TestSF': 0.46726683288013343, 'Frag/TestSF': 0.9282853429244166, 'Scaf/TestSF': 0.0683152451043676, 'IntDiv': 0.8537881269760812, 'IntDiv2': 0.8446780945433803, 'Filters': 0.9535632183908046, 'logP': 0.22442553034017065, 'SA': 0.06945819959768298, 'QED': 0.008181384609630566, 'weight': 37.41821583573705, 'Novelty': 0.9376168929110106}
Epoch: 79:
	Train Loss: 0.293 --- Reconstruction Loss: 0.288 --- KL Loss: 34.371 --- Beta: 0.000148
	Validity: 0.65% --- Uniquene@1000: 0.99% --- Unique@10000: 0.90%

{'valid': 0.6988, 'unique@1000': 0.982, 'unique@10000': 0.8852, 'FCD/Test': 13.720023242761016, 'SNN/Test': 0.5249129944637153, 'Frag/Test': 0.9396700009743145, 'Scaf/Test': 0.2693428846234771, 'FCD/TestSF': 14.252604928555428, 'SNN/TestSF': 0.47852648581127427, 'Frag/TestSF': 0.9327396507419635, 'Scaf/TestSF': 0.06408636918941357, 'IntDiv': 0.8539375008353546, 'IntDiv2': 0.8440093481024442, 'Filters': 0.9686605609616485, 'logP': 0.27314304348617935, 'SA': 0.019451842823002732, 'QED': 0.007822947115495369, 'weight': 34.69428584710619, 'Novelty': 0.9326603256112506}
Epoch: 80:
	Train Loss: 0.292 --- Reconstruction Loss: 0.287 --- KL Loss: 33.708 --- Beta: 0.000164
	Validity: 0.70% --- Uniquene@1000: 0.98% --- Unique@10000: 0.89%

{'valid': 0.6509666666666667, 'unique@1000': 0.982, 'unique@10000': 0.899, 'FCD/Test': 13.696135890637287, 'SNN/Test': 0.5199066263686628, 'Frag/Test': 0.9342464821137464, 'Scaf/Test': 0.2746439940475762, 'FCD/TestSF': 14.640585173084858, 'SNN/TestSF': 0.46771607199256776, 'Frag/TestSF': 0.9258217456187076, 'Scaf/TestSF': 0.054448185326787524, 'IntDiv': 0.8536268775297065, 'IntDiv2': 0.8439773772034738, 'Filters': 0.9621588406984485, 'logP': 0.25385397834031437, 'SA': 0.031403131036010945, 'QED': 0.006200518098045966, 'weight': 34.77882070555292, 'Novelty': 0.9323727069080342}
Epoch: 81:
	Train Loss: 0.291 --- Reconstruction Loss: 0.285 --- KL Loss: 32.768 --- Beta: 0.000180
	Validity: 0.65% --- Uniquene@1000: 0.98% --- Unique@10000: 0.90%

{'valid': 0.6372333333333333, 'unique@1000': 0.987, 'unique@10000': 0.9068, 'FCD/Test': 13.684771158073481, 'SNN/Test': 0.5100502784837893, 'Frag/Test': 0.9400006609557336, 'Scaf/Test': 0.2483409378064616, 'FCD/TestSF': 14.340737591189814, 'SNN/TestSF': 0.46329236844658894, 'Frag/TestSF': 0.9318183154752686, 'Scaf/TestSF': 0.05458037948020111, 'IntDiv': 0.8542829520783566, 'IntDiv2': 0.8451185951903224, 'Filters': 0.9597740231207825, 'logP': 0.33471022404532935, 'SA': 0.058091399679612826, 'QED': 0.007550025673215685, 'weight': 31.58788467810693, 'Novelty': 0.9386374815543532}
Epoch: 82:
	Train Loss: 0.290 --- Reconstruction Loss: 0.284 --- KL Loss: 31.965 --- Beta: 0.000196
	Validity: 0.64% --- Uniquene@1000: 0.99% --- Unique@10000: 0.91%

{'valid': 0.7916, 'unique@1000': 0.99, 'unique@10000': 0.9292, 'FCD/Test': 13.271201621201634, 'SNN/Test': 0.5236432349639688, 'Frag/Test': 0.9375737975101185, 'Scaf/Test': 0.3119046172901715, 'FCD/TestSF': 14.17931317674325, 'SNN/TestSF': 0.4669933254675711, 'Frag/TestSF': 0.9278410593551, 'Scaf/TestSF': 0.06237118852748702, 'IntDiv': 0.8498336276641588, 'IntDiv2': 0.8406795452600666, 'Filters': 0.9737662118915277, 'logP': 0.2884162331455878, 'SA': 0.00835303314603519, 'QED': 0.008766518681398267, 'weight': 31.379972213695147, 'Novelty': 0.9362600048508368}
Epoch: 83:
	Train Loss: 0.290 --- Reconstruction Loss: 0.283 --- KL Loss: 31.176 --- Beta: 0.000212
	Validity: 0.79% --- Uniquene@1000: 0.99% --- Unique@10000: 0.93%

{'valid': 0.5883333333333334, 'unique@1000': 0.988, 'unique@10000': 0.9081, 'FCD/Test': 13.88470625139611, 'SNN/Test': 0.5027856039418377, 'Frag/Test': 0.93408272369517, 'Scaf/Test': 0.2816881595661256, 'FCD/TestSF': 14.45264256834055, 'SNN/TestSF': 0.4566621964190567, 'Frag/TestSF': 0.9280688230490849, 'Scaf/TestSF': 0.07384729441428195, 'IntDiv': 0.8580136599086141, 'IntDiv2': 0.8489850893939977, 'Filters': 0.9624929178470255, 'logP': 0.27270997402856084, 'SA': 0.08359250552889043, 'QED': 0.006827101637906507, 'weight': 31.907860900232524, 'Novelty': 0.942767130480441}
Epoch: 84:
	Train Loss: 0.288 --- Reconstruction Loss: 0.281 --- KL Loss: 30.414 --- Beta: 0.000228
	Validity: 0.59% --- Uniquene@1000: 0.99% --- Unique@10000: 0.91%

{'valid': 0.7317, 'unique@1000': 0.99, 'unique@10000': 0.9321, 'FCD/Test': 13.029444972316611, 'SNN/Test': 0.5107765939573912, 'Frag/Test': 0.9150439892183335, 'Scaf/Test': 0.3034316309481855, 'FCD/TestSF': 13.782490350732758, 'SNN/TestSF': 0.4633261059162628, 'Frag/TestSF': 0.9077470794995821, 'Scaf/TestSF': 0.05664586190761001, 'IntDiv': 0.8560994554307997, 'IntDiv2': 0.8471053985023114, 'Filters': 0.9569951255068107, 'logP': 0.25630661992717574, 'SA': 0.06002931270880336, 'QED': 0.008744324800428688, 'weight': 30.063256362388685, 'Novelty': 0.9405352345525935}
Epoch: 85:
	Train Loss: 0.287 --- Reconstruction Loss: 0.280 --- KL Loss: 29.677 --- Beta: 0.000244
	Validity: 0.73% --- Uniquene@1000: 0.99% --- Unique@10000: 0.93%

{'valid': 0.6985333333333333, 'unique@1000': 0.992, 'unique@10000': 0.9172, 'FCD/Test': 12.841424575710548, 'SNN/Test': 0.521077319044612, 'Frag/Test': 0.9371321445213338, 'Scaf/Test': 0.28555358791712004, 'FCD/TestSF': 13.572922665282292, 'SNN/TestSF': 0.46810719749983953, 'Frag/TestSF': 0.9285784638657444, 'Scaf/TestSF': 0.051071714843013205, 'IntDiv': 0.8531879889422788, 'IntDiv2': 0.8439293638792914, 'Filters': 0.9715117388814659, 'logP': 0.21958994958776093, 'SA': 0.010852901342851079, 'QED': 0.00944342363725275, 'weight': 33.822461274667276, 'Novelty': 0.930487197920699}
Epoch: 86:
	Train Loss: 0.287 --- Reconstruction Loss: 0.279 --- KL Loss: 29.043 --- Beta: 0.000260
	Validity: 0.70% --- Uniquene@1000: 0.99% --- Unique@10000: 0.92%

{'valid': 0.7798666666666667, 'unique@1000': 0.994, 'unique@10000': 0.9334, 'FCD/Test': 13.161986008068425, 'SNN/Test': 0.5063804607258167, 'Frag/Test': 0.9289051493118042, 'Scaf/Test': 0.33734825150723324, 'FCD/TestSF': 14.104593443189565, 'SNN/TestSF': 0.4571225068352481, 'Frag/TestSF': 0.9216083434107873, 'Scaf/TestSF': 0.05860443949070404, 'IntDiv': 0.8579978644281012, 'IntDiv2': 0.8488489210758886, 'Filters': 0.9682851769533254, 'logP': 0.3068139673079131, 'SA': 0.07251594643259211, 'QED': 0.009608379846127722, 'weight': 32.00116765476829, 'Novelty': 0.9453793774319066}
Epoch: 87:
	Train Loss: 0.286 --- Reconstruction Loss: 0.278 --- KL Loss: 28.500 --- Beta: 0.000276
	Validity: 0.78% --- Uniquene@1000: 0.99% --- Unique@10000: 0.93%

{'valid': 0.6964, 'unique@1000': 0.993, 'unique@10000': 0.9449, 'FCD/Test': 11.952034593319304, 'SNN/Test': 0.5090937529721412, 'Frag/Test': 0.9262660481670317, 'Scaf/Test': 0.3734786697327308, 'FCD/TestSF': 12.77937615974708, 'SNN/TestSF': 0.46244018571959494, 'Frag/TestSF': 0.919637897933577, 'Scaf/TestSF': 0.059867270464253886, 'IntDiv': 0.8582278208197253, 'IntDiv2': 0.8492892394813599, 'Filters': 0.9602240091901206, 'logP': 0.24023079340920597, 'SA': 0.06908500425090847, 'QED': 0.014515918616793683, 'weight': 31.873954663227202, 'Novelty': 0.940935236472092}
Epoch: 88:
	Train Loss: 0.284 --- Reconstruction Loss: 0.276 --- KL Loss: 27.780 --- Beta: 0.000292
	Validity: 0.70% --- Uniquene@1000: 0.99% --- Unique@10000: 0.94%

{'valid': 0.7062666666666666, 'unique@1000': 0.994, 'unique@10000': 0.9313, 'FCD/Test': 12.828188693160598, 'SNN/Test': 0.5143360817635793, 'Frag/Test': 0.9248032072530163, 'Scaf/Test': 0.28987006509442503, 'FCD/TestSF': 13.623934389952957, 'SNN/TestSF': 0.46724047256172635, 'Frag/TestSF': 0.9173390090505885, 'Scaf/TestSF': 0.05777952558597588, 'IntDiv': 0.8590553258651541, 'IntDiv2': 0.8495592958816524, 'Filters': 0.9700302057768548, 'logP': 0.23628008031017794, 'SA': 0.07405321821782954, 'QED': 0.012775446354745909, 'weight': 33.088848483777326, 'Novelty': 0.9318742624181955}
Epoch: 89:
	Train Loss: 0.284 --- Reconstruction Loss: 0.276 --- KL Loss: 27.055 --- Beta: 0.000308
	Validity: 0.71% --- Uniquene@1000: 0.99% --- Unique@10000: 0.93%

{'valid': 0.608, 'unique@1000': 0.994, 'unique@10000': 0.9347, 'FCD/Test': 13.07844861336347, 'SNN/Test': 0.5077829016217341, 'Frag/Test': 0.8990548606594804, 'Scaf/Test': 0.3425589080269602, 'FCD/TestSF': 13.846614902055848, 'SNN/TestSF': 0.46026431061245765, 'Frag/TestSF': 0.8936676277798197, 'Scaf/TestSF': 0.05854231704790769, 'IntDiv': 0.8607894428716912, 'IntDiv2': 0.8514749352421449, 'Filters': 0.9673245614035088, 'logP': 0.3557892486605888, 'SA': 0.06858731308539955, 'QED': 0.019196731004414488, 'weight': 32.23292223077648, 'Novelty': 0.9415675510826471}
Epoch: 90:
	Train Loss: 0.283 --- Reconstruction Loss: 0.274 --- KL Loss: 26.655 --- Beta: 0.000324
	Validity: 0.61% --- Uniquene@1000: 0.99% --- Unique@10000: 0.93%

{'valid': 0.6996, 'unique@1000': 0.988, 'unique@10000': 0.9318, 'FCD/Test': 12.555089499912889, 'SNN/Test': 0.517495343771541, 'Frag/Test': 0.9334543540861443, 'Scaf/Test': 0.3004220616474944, 'FCD/TestSF': 13.363544586249162, 'SNN/TestSF': 0.4678673326489197, 'Frag/TestSF': 0.9260101149147117, 'Scaf/TestSF': 0.04725485812465091, 'IntDiv': 0.8542253041632198, 'IntDiv2': 0.8452974848505257, 'Filters': 0.9645035258242806, 'logP': 0.29617567549703133, 'SA': 0.012992809496396288, 'QED': 0.007624119664288155, 'weight': 32.01004565710156, 'Novelty': 0.9367571927937618}
Epoch: 91:
	Train Loss: 0.283 --- Reconstruction Loss: 0.274 --- KL Loss: 26.094 --- Beta: 0.000340
	Validity: 0.70% --- Uniquene@1000: 0.99% --- Unique@10000: 0.93%

{'valid': 0.7677333333333334, 'unique@1000': 0.992, 'unique@10000': 0.9466, 'FCD/Test': 12.350268918164623, 'SNN/Test': 0.5069775761749832, 'Frag/Test': 0.9227135496138816, 'Scaf/Test': 0.31743319699485806, 'FCD/TestSF': 13.029244406736865, 'SNN/TestSF': 0.4626143043314098, 'Frag/TestSF': 0.9159045792340385, 'Scaf/TestSF': 0.06585147934672608, 'IntDiv': 0.8595303439487074, 'IntDiv2': 0.8505275935735578, 'Filters': 0.9638329281000347, 'logP': 0.2824352778528926, 'SA': 0.07086907025539295, 'QED': 0.01012439242427573, 'weight': 32.837621171514165, 'Novelty': 0.9383236434108527}
Epoch: 92:
	Train Loss: 0.282 --- Reconstruction Loss: 0.272 --- KL Loss: 25.711 --- Beta: 0.000356
	Validity: 0.77% --- Uniquene@1000: 0.99% --- Unique@10000: 0.95%

{'valid': 0.7122999999999999, 'unique@1000': 0.995, 'unique@10000': 0.9305, 'FCD/Test': 12.289117147269096, 'SNN/Test': 0.5180840915616124, 'Frag/Test': 0.9294828050503346, 'Scaf/Test': 0.29748966167312096, 'FCD/TestSF': 13.079781102029912, 'SNN/TestSF': 0.4700105416273512, 'Frag/TestSF': 0.9233425491482313, 'Scaf/TestSF': 0.0629608106426035, 'IntDiv': 0.8545968337783278, 'IntDiv2': 0.8456432231865849, 'Filters': 0.9724367073798493, 'logP': 0.2176290087404797, 'SA': 0.033760554986799605, 'QED': 0.0073182063082661095, 'weight': 32.3640846932728, 'Novelty': 0.9336273780422999}
Epoch: 93:
	Train Loss: 0.281 --- Reconstruction Loss: 0.271 --- KL Loss: 25.192 --- Beta: 0.000372
	Validity: 0.71% --- Uniquene@1000: 0.99% --- Unique@10000: 0.93%

{'valid': 0.6237666666666667, 'unique@1000': 0.991, 'unique@10000': 0.9456, 'FCD/Test': 12.339865837702078, 'SNN/Test': 0.5075851943984302, 'Frag/Test': 0.9205056409642801, 'Scaf/Test': 0.30858626801788946, 'FCD/TestSF': 13.100026334299955, 'SNN/TestSF': 0.45965143488116367, 'Frag/TestSF': 0.9131776476844415, 'Scaf/TestSF': 0.06970619791000776, 'IntDiv': 0.8569924778651145, 'IntDiv2': 0.8482511379112175, 'Filters': 0.9670282691177257, 'logP': 0.3523276680733599, 'SA': 0.09611292282196038, 'QED': 0.00994513945108964, 'weight': 25.784502310921138, 'Novelty': 0.9421138973517694}
Epoch: 94:
	Train Loss: 0.280 --- Reconstruction Loss: 0.270 --- KL Loss: 24.759 --- Beta: 0.000388
	Validity: 0.62% --- Uniquene@1000: 0.99% --- Unique@10000: 0.95%

{'valid': 0.7804, 'unique@1000': 0.991, 'unique@10000': 0.9428, 'FCD/Test': 12.095629042345237, 'SNN/Test': 0.513479124127739, 'Frag/Test': 0.9308618180756945, 'Scaf/Test': 0.29133829355935337, 'FCD/TestSF': 12.862689714727416, 'SNN/TestSF': 0.46624693324588595, 'Frag/TestSF': 0.9240576855575133, 'Scaf/TestSF': 0.077049314983894, 'IntDiv': 0.8554023065722811, 'IntDiv2': 0.8465730647467598, 'Filters': 0.9657867760123013, 'logP': 0.23548514258373127, 'SA': 0.06393627427319752, 'QED': 0.010231887042766848, 'weight': 28.27425477398956, 'Novelty': 0.9397383248973356}
Epoch: 95:
	Train Loss: 0.279 --- Reconstruction Loss: 0.269 --- KL Loss: 24.261 --- Beta: 0.000404
	Validity: 0.78% --- Uniquene@1000: 0.99% --- Unique@10000: 0.94%

{'valid': 0.6511666666666667, 'unique@1000': 0.992, 'unique@10000': 0.9368, 'FCD/Test': 12.902564458248683, 'SNN/Test': 0.5050125058804261, 'Frag/Test': 0.9342841061013122, 'Scaf/Test': 0.2539487445766332, 'FCD/TestSF': 13.49065608301818, 'SNN/TestSF': 0.46151313050830034, 'Frag/TestSF': 0.9276676755672778, 'Scaf/TestSF': 0.0805681066363404, 'IntDiv': 0.8546138004477449, 'IntDiv2': 0.845835242356845, 'Filters': 0.960839518812388, 'logP': 0.32273178617748743, 'SA': 0.0867165623557019, 'QED': 0.006934919759461204, 'weight': 27.684786674079724, 'Novelty': 0.9409386034855907}
Epoch: 96:
	Train Loss: 0.279 --- Reconstruction Loss: 0.269 --- KL Loss: 23.767 --- Beta: 0.000420
	Validity: 0.65% --- Uniquene@1000: 0.99% --- Unique@10000: 0.94%

{'valid': 0.6445333333333334, 'unique@1000': 0.988, 'unique@10000': 0.9408, 'FCD/Test': 12.509817612220367, 'SNN/Test': 0.5042135683587688, 'Frag/Test': 0.9202888313146678, 'Scaf/Test': 0.3018402388308541, 'FCD/TestSF': 13.124633311899757, 'SNN/TestSF': 0.45851025141368706, 'Frag/TestSF': 0.9150642372679291, 'Scaf/TestSF': 0.05346984681524458, 'IntDiv': 0.8555790396604873, 'IntDiv2': 0.8468984793259432, 'Filters': 0.9586781133636739, 'logP': 0.40394775395070653, 'SA': 0.10784088291232227, 'QED': 0.010251784673949589, 'weight': 21.900795752802722, 'Novelty': 0.936557968938048}
Epoch: 97:
	Train Loss: 0.278 --- Reconstruction Loss: 0.268 --- KL Loss: 23.454 --- Beta: 0.000436
	Validity: 0.64% --- Uniquene@1000: 0.99% --- Unique@10000: 0.94%

{'valid': 0.7299, 'unique@1000': 0.995, 'unique@10000': 0.9516, 'FCD/Test': 11.379132497166978, 'SNN/Test': 0.5126159626665783, 'Frag/Test': 0.9440198689185002, 'Scaf/Test': 0.3215132286722797, 'FCD/TestSF': 12.144637773992969, 'SNN/TestSF': 0.4658356246513749, 'Frag/TestSF': 0.938644268886081, 'Scaf/TestSF': 0.046348088484684746, 'IntDiv': 0.8581393771438143, 'IntDiv2': 0.8493832346882373, 'Filters': 0.9654747225647349, 'logP': 0.24339945513740818, 'SA': 0.0658072013725236, 'QED': 0.009579524513315237, 'weight': 30.46461893540647, 'Novelty': 0.9379510825982358}
Epoch: 98:
	Train Loss: 0.277 --- Reconstruction Loss: 0.267 --- KL Loss: 23.148 --- Beta: 0.000452
	Validity: 0.73% --- Uniquene@1000: 0.99% --- Unique@10000: 0.95%

slurmstepd: error: *** JOB 8257175 ON hpctpa3pc0065 CANCELLED AT 2024-02-15T10:04:48 ***
