2024-02-15 02:31:21.387951: E external/local_xla/xla/stream_executor/cuda/cuda_dnn.cc:9261] Unable to register cuDNN factory: Attempting to register factory for plugin cuDNN when one has already been registered
2024-02-15 02:31:21.388016: E external/local_xla/xla/stream_executor/cuda/cuda_fft.cc:607] Unable to register cuFFT factory: Attempting to register factory for plugin cuFFT when one has already been registered
2024-02-15 02:31:21.389269: E external/local_xla/xla/stream_executor/cuda/cuda_blas.cc:1515] Unable to register cuBLAS factory: Attempting to register factory for plugin cuBLAS when one has already been registered
2024-02-15 02:31:21.394806: I tensorflow/core/platform/cpu_feature_guard.cc:182] This TensorFlow binary is optimized to use available CPU instructions in performance-critical operations.
To enable the following instructions: AVX2 FMA, in other operations, rebuild TensorFlow with the appropriate compiler flags.
2024-02-15 02:31:22.430125: W tensorflow/compiler/tf2tensorrt/utils/py_utils.cc:38] TF-TRT Warning: Could not find TensorRT

Arguments:
	data_path: data/moses_train.txt
	max_len: 30
	batch: 128
	d_model: 512
	d_latent: 256
	d_ff: 1024
	e_heads: 1
	d_heads: 8
	n_layers: 8
	dropout: 0.5
	lr: 0.0005
	n_epochs: 80
	kl_type: monotonic
	kl_w_start: 0.0001
	kl_w_end: 0.005
	kl_cycle: 4
	kl_ratio: 0.9
	save_name: klcompare

Number of data: 88192

SMILES Vocab:
	 {'<START>': 0, '<END>': 1, '<PAD>': 2, 'C': 3, 'O': 4, 'c': 5, '1': 6, '(': 7, '=': 8, ')': 9, 'N': 10, 'n': 11, '2': 12, 'F': 13, 'Cl': 14, 'Br': 15, '#': 16, '3': 17, 'S': 18, 'o': 19, '-': 20, 's': 21, '[nH]': 22, '4': 23}

Graph Vocab:
	 {'C': 0, 'O': 1, 'N': 2, 'F': 3, 'Cl': 4, 'Br': 5, 'S': 6}


KL Annealer: [0.0001, 0.00016125, 0.0002225, 0.00028375, 0.000345, 0.00040625, 0.0004675, 0.00052875, 0.00059, 0.00065125, 0.0007125, 0.00077375, 0.000835, 0.00089625, 0.0009575, 0.00101875, 0.00108, 0.0011412500000000001, 0.0012025, 0.00126375, 0.001325, 0.0013862500000000001, 0.0014475, 0.0015087499999999999, 0.00157, 0.00163125, 0.0016925, 0.0017537499999999999, 0.001815, 0.00187625, 0.0019375, 0.0019987499999999997, 0.0020599999999999998, 0.00212125, 0.0021825, 0.0022437499999999997, 0.0023049999999999998, 0.00236625, 0.0024274999999999995, 0.0024887499999999996, 0.0025499999999999997, 0.00261125, 0.0026725, 0.0027337499999999996, 0.0027949999999999997, 0.00285625, 0.0029174999999999995, 0.0029787499999999996, 0.0030399999999999997, 0.00310125, 0.0031625, 0.0032237499999999996, 0.0032849999999999997, 0.00334625, 0.0034074999999999995, 0.0034687499999999996, 0.0035299999999999997, 0.00359125, 0.0036525, 0.0037137499999999996, 0.0037749999999999997, 0.00383625, 0.0038974999999999995, 0.00395875, 0.00402, 0.00408125, 0.0041425, 0.00420375, 0.0042650000000000006, 0.00432625, 0.0043875, 0.0044487500000000004, 0.00451, 0.00457125, 0.0046325, 0.00469375, 0.004755, 0.00481625, 0.0048775, 0.00493875]




#########################################################################
######################### START TRAINING ################################
#########################################################################




{'valid': 0.6860333333333333, 'unique@1000': 0.492, 'unique@10000': 0.241, 'FCD/Test': 26.225431673938914, 'SNN/Test': 0.6509938177481018, 'Frag/Test': 0.8585081934196516, 'Scaf/Test': 0.18654233474130544, 'FCD/TestSF': 26.788082600135866, 'SNN/TestSF': 0.5734293479612679, 'Frag/TestSF': 0.849675390175277, 'Scaf/TestSF': 0.011616232492856482, 'IntDiv': 0.7671297348044085, 'IntDiv2': 0.725908335721223, 'Filters': 0.993440551965405, 'logP': 0.6581741907914797, 'SA': 0.43599722921936784, 'QED': 0.06699058020905198, 'weight': 12.336531829890623, 'Novelty': 0.9093895428415001}
Epoch: 31:
	Train Loss: 0.528 --- Reconstruction Loss: 0.494 --- KL Loss: 17.278 --- Beta: 0.001937
	Validity: 0.69% --- Uniquene@1000: 0.49% --- Unique@10000: 0.24%

{'valid': 0.706, 'unique@1000': 0.536, 'unique@10000': 0.282, 'FCD/Test': 26.038778563184735, 'SNN/Test': 0.6356885932392957, 'Frag/Test': 0.8541351450803942, 'Scaf/Test': 0.11284709718729602, 'FCD/TestSF': 26.666593130960884, 'SNN/TestSF': 0.5491823239088396, 'Frag/TestSF': 0.8463332266154775, 'Scaf/TestSF': 0.002445795279865437, 'IntDiv': 0.7644149165297764, 'IntDiv2': 0.726964024467096, 'Filters': 0.9938149197355997, 'logP': 0.6644328080674045, 'SA': 0.38701688589036165, 'QED': 0.05862817155188003, 'weight': 15.364754423973162, 'Novelty': 0.9164396003633061}
Epoch: 32:
	Train Loss: 0.518 --- Reconstruction Loss: 0.487 --- KL Loss: 15.607 --- Beta: 0.001999
	Validity: 0.71% --- Uniquene@1000: 0.54% --- Unique@10000: 0.28%

{'valid': 0.6284666666666667, 'unique@1000': 0.667, 'unique@10000': 0.3336, 'FCD/Test': 22.104536095396135, 'SNN/Test': 0.6115842091514941, 'Frag/Test': 0.8573860246911937, 'Scaf/Test': 0.20927854376327404, 'FCD/TestSF': 23.154231070362954, 'SNN/TestSF': 0.5326646667808038, 'Frag/TestSF': 0.8467665169070508, 'Scaf/TestSF': 0.022536114981923094, 'IntDiv': 0.7743366329326846, 'IntDiv2': 0.7481719597578298, 'Filters': 0.9926275591386443, 'logP': 0.5670149376665216, 'SA': 0.3673359500149139, 'QED': 0.08506350484420465, 'weight': 12.190027226777106, 'Novelty': 0.9321613236814892}
Epoch: 33:
	Train Loss: 0.510 --- Reconstruction Loss: 0.481 --- KL Loss: 14.469 --- Beta: 0.002060
	Validity: 0.63% --- Uniquene@1000: 0.67% --- Unique@10000: 0.33%

{'valid': 0.4474666666666667, 'unique@1000': 0.57, 'unique@10000': 0.2892, 'FCD/Test': 22.69880154453312, 'SNN/Test': 0.6177018201689062, 'Frag/Test': 0.8802519260658443, 'Scaf/Test': 0.13811504779892614, 'FCD/TestSF': 23.57072224542351, 'SNN/TestSF': 0.538143962999102, 'Frag/TestSF': 0.8686416617490428, 'Scaf/TestSF': 0.007618017984843406, 'IntDiv': 0.777467071766091, 'IntDiv2': 0.7430464950883566, 'Filters': 0.9900923718712753, 'logP': 0.5002954921096844, 'SA': 0.355870869949684, 'QED': 0.0657829924694489, 'weight': 12.857558658624466, 'Novelty': 0.8997984451482868}
Epoch: 34:
	Train Loss: 0.502 --- Reconstruction Loss: 0.474 --- KL Loss: 13.463 --- Beta: 0.002121
	Validity: 0.45% --- Uniquene@1000: 0.57% --- Unique@10000: 0.29%

{'valid': 0.7084666666666667, 'unique@1000': 0.687, 'unique@10000': 0.3732, 'FCD/Test': 22.09716786745171, 'SNN/Test': 0.6133574770310081, 'Frag/Test': 0.8531666127333402, 'Scaf/Test': 0.20956082617875282, 'FCD/TestSF': 23.004147292747405, 'SNN/TestSF': 0.5369858634611272, 'Frag/TestSF': 0.8438830759602275, 'Scaf/TestSF': 0.028891206446992168, 'IntDiv': 0.7924055311270892, 'IntDiv2': 0.7677361354377048, 'Filters': 0.9894608073774348, 'logP': 0.565878346502625, 'SA': 0.3535254167785202, 'QED': 0.036025140403041854, 'weight': 14.81358211059171, 'Novelty': 0.911092577147623}
Epoch: 35:
	Train Loss: 0.495 --- Reconstruction Loss: 0.467 --- KL Loss: 12.722 --- Beta: 0.002182
	Validity: 0.71% --- Uniquene@1000: 0.69% --- Unique@10000: 0.37%

{'valid': 0.6202, 'unique@1000': 0.724, 'unique@10000': 0.3954, 'FCD/Test': 20.154258415125057, 'SNN/Test': 0.6077253775568812, 'Frag/Test': 0.8375149856247646, 'Scaf/Test': 0.16114895189075706, 'FCD/TestSF': 20.988245998085816, 'SNN/TestSF': 0.5380355508908539, 'Frag/TestSF': 0.8278730113686267, 'Scaf/TestSF': 0.017541085056556383, 'IntDiv': 0.7959840109604163, 'IntDiv2': 0.7744298477687899, 'Filters': 0.9856497903901967, 'logP': 0.5881047110831534, 'SA': 0.2991632090137739, 'QED': 0.05230471961098733, 'weight': 11.460049723081484, 'Novelty': 0.9227249618708694}
Epoch: 36:
	Train Loss: 0.486 --- Reconstruction Loss: 0.460 --- KL Loss: 11.630 --- Beta: 0.002244
	Validity: 0.62% --- Uniquene@1000: 0.72% --- Unique@10000: 0.40%

{'valid': 0.6485666666666667, 'unique@1000': 0.778, 'unique@10000': 0.4578, 'FCD/Test': 18.91341232415131, 'SNN/Test': 0.6112645782157722, 'Frag/Test': 0.9020774410303956, 'Scaf/Test': 0.36164213185344596, 'FCD/TestSF': 19.847129352032084, 'SNN/TestSF': 0.5413605932297758, 'Frag/TestSF': 0.8950342533213932, 'Scaf/TestSF': 0.027917497187353812, 'IntDiv': 0.7993029063813812, 'IntDiv2': 0.780510607526603, 'Filters': 0.9892583645988591, 'logP': 0.7321319243263853, 'SA': 0.34560213590435174, 'QED': 0.03654480708164824, 'weight': 10.300912549557644, 'Novelty': 0.933075221238938}
Epoch: 37:
	Train Loss: 0.478 --- Reconstruction Loss: 0.453 --- KL Loss: 11.002 --- Beta: 0.002305
	Validity: 0.65% --- Uniquene@1000: 0.78% --- Unique@10000: 0.46%

{'valid': 0.6819999999999999, 'unique@1000': 0.742, 'unique@10000': 0.4133, 'FCD/Test': 20.3304357632979, 'SNN/Test': 0.621733291445706, 'Frag/Test': 0.8888138741727365, 'Scaf/Test': 0.23272029384128123, 'FCD/TestSF': 21.34553317416163, 'SNN/TestSF': 0.5480627304465598, 'Frag/TestSF': 0.8815148748426784, 'Scaf/TestSF': 0.022986054847735082, 'IntDiv': 0.7835606039934, 'IntDiv2': 0.7642117933584915, 'Filters': 0.9905180840664711, 'logP': 0.5018515061115392, 'SA': 0.3606251708264693, 'QED': 0.027301395596270636, 'weight': 9.37993845392098, 'Novelty': 0.9192056995604062}
Epoch: 38:
	Train Loss: 0.471 --- Reconstruction Loss: 0.446 --- KL Loss: 10.623 --- Beta: 0.002366
	Validity: 0.68% --- Uniquene@1000: 0.74% --- Unique@10000: 0.41%

{'valid': 0.7041, 'unique@1000': 0.786, 'unique@10000': 0.498, 'FCD/Test': 17.56852597781178, 'SNN/Test': 0.6284932201692158, 'Frag/Test': 0.8803504258197883, 'Scaf/Test': 0.38692968970550146, 'FCD/TestSF': 18.294705148918567, 'SNN/TestSF': 0.5493622797466852, 'Frag/TestSF': 0.8712856502605528, 'Scaf/TestSF': 0.022646330218700106, 'IntDiv': 0.8019283085404928, 'IntDiv2': 0.7847440045230426, 'Filters': 0.9804478530511764, 'logP': 0.5860617143342061, 'SA': 0.3505802894921253, 'QED': 0.03219329982944747, 'weight': 14.303424313015528, 'Novelty': 0.9012788335126091}
Epoch: 39:
	Train Loss: 0.463 --- Reconstruction Loss: 0.439 --- KL Loss: 9.977 --- Beta: 0.002427
	Validity: 0.70% --- Uniquene@1000: 0.79% --- Unique@10000: 0.50%

{'valid': 0.6011, 'unique@1000': 0.798, 'unique@10000': 0.5244, 'FCD/Test': 18.08745038979376, 'SNN/Test': 0.6032696929543108, 'Frag/Test': 0.8369111029255409, 'Scaf/Test': 0.19883480738870019, 'FCD/TestSF': 19.00804826722674, 'SNN/TestSF': 0.5309461570434574, 'Frag/TestSF': 0.8253190061116459, 'Scaf/TestSF': 0.03428055666651131, 'IntDiv': 0.7992157581117829, 'IntDiv2': 0.7831546856722209, 'Filters': 0.9878555980702046, 'logP': 0.3842795196717889, 'SA': 0.25324876709845756, 'QED': 0.06465482908205597, 'weight': 10.033478464764908, 'Novelty': 0.9193224592220828}
Epoch: 40:
	Train Loss: 0.456 --- Reconstruction Loss: 0.432 --- KL Loss: 9.602 --- Beta: 0.002489
	Validity: 0.60% --- Uniquene@1000: 0.80% --- Unique@10000: 0.52%

{'valid': 0.6314, 'unique@1000': 0.776, 'unique@10000': 0.4778, 'FCD/Test': 19.16127920301573, 'SNN/Test': 0.6098085005489653, 'Frag/Test': 0.8672247754321212, 'Scaf/Test': 0.17403240868751624, 'FCD/TestSF': 19.88249011728434, 'SNN/TestSF': 0.537692984546229, 'Frag/TestSF': 0.8585686228295362, 'Scaf/TestSF': 0.020104880254573243, 'IntDiv': 0.7975429220908341, 'IntDiv2': 0.7786524526948169, 'Filters': 0.9904445148347587, 'logP': 0.47539869961067377, 'SA': 0.2887245905721874, 'QED': 0.035197479807297455, 'weight': 12.680881337444061, 'Novelty': 0.910212201591512}
Epoch: 41:
	Train Loss: 0.451 --- Reconstruction Loss: 0.427 --- KL Loss: 9.353 --- Beta: 0.002550
	Validity: 0.63% --- Uniquene@1000: 0.78% --- Unique@10000: 0.48%

{'valid': 0.5710999999999999, 'unique@1000': 0.828, 'unique@10000': 0.563, 'FCD/Test': 17.73346883457875, 'SNN/Test': 0.6092471469393519, 'Frag/Test': 0.8752918073953493, 'Scaf/Test': 0.2525193773469596, 'FCD/TestSF': 18.280129200709823, 'SNN/TestSF': 0.5401703615148382, 'Frag/TestSF': 0.8694978399399437, 'Scaf/TestSF': 0.016567832371741864, 'IntDiv': 0.8114715780597239, 'IntDiv2': 0.7958585453783966, 'Filters': 0.9897274266036304, 'logP': 0.59606581372273, 'SA': 0.28522301870697564, 'QED': 0.028794244165755538, 'weight': 11.48203391544581, 'Novelty': 0.9155742633794347}
Epoch: 42:
	Train Loss: 0.443 --- Reconstruction Loss: 0.420 --- KL Loss: 8.892 --- Beta: 0.002611
	Validity: 0.57% --- Uniquene@1000: 0.83% --- Unique@10000: 0.56%

{'valid': 0.7248333333333333, 'unique@1000': 0.821, 'unique@10000': 0.5428, 'FCD/Test': 19.338111039342444, 'SNN/Test': 0.6127170004545066, 'Frag/Test': 0.8766148071151875, 'Scaf/Test': 0.24525889704522585, 'FCD/TestSF': 19.95769647460166, 'SNN/TestSF': 0.5412380008669825, 'Frag/TestSF': 0.8706715239388607, 'Scaf/TestSF': 0.028054207464314973, 'IntDiv': 0.8020103864699084, 'IntDiv2': 0.7847541127543196, 'Filters': 0.9883651414118189, 'logP': 0.6209414134926363, 'SA': 0.31352732965797325, 'QED': 0.02236953052004732, 'weight': 13.205373024489218, 'Novelty': 0.9132658386389729}
Epoch: 43:
	Train Loss: 0.437 --- Reconstruction Loss: 0.415 --- KL Loss: 8.428 --- Beta: 0.002672
	Validity: 0.72% --- Uniquene@1000: 0.82% --- Unique@10000: 0.54%

{'valid': 0.6768333333333334, 'unique@1000': 0.849, 'unique@10000': 0.5922, 'FCD/Test': 17.831312098091196, 'SNN/Test': 0.609833506198095, 'Frag/Test': 0.8636159182732143, 'Scaf/Test': 0.220943429649609, 'FCD/TestSF': 18.67486388728551, 'SNN/TestSF': 0.5411835666339523, 'Frag/TestSF': 0.8549265605164857, 'Scaf/TestSF': 0.040941506646062664, 'IntDiv': 0.7996981280595012, 'IntDiv2': 0.7841127207064502, 'Filters': 0.9899039645407535, 'logP': 0.42833288369192046, 'SA': 0.29590016351459775, 'QED': 0.05017340634982858, 'weight': 9.092443920604609, 'Novelty': 0.9241550695825049}
Epoch: 44:
	Train Loss: 0.433 --- Reconstruction Loss: 0.411 --- KL Loss: 8.134 --- Beta: 0.002734
	Validity: 0.68% --- Uniquene@1000: 0.85% --- Unique@10000: 0.59%

{'valid': 0.7936, 'unique@1000': 0.873, 'unique@10000': 0.62, 'FCD/Test': 16.603578615638227, 'SNN/Test': 0.6081303177477781, 'Frag/Test': 0.8687206509702369, 'Scaf/Test': 0.26967483286043703, 'FCD/TestSF': 17.12064379487218, 'SNN/TestSF': 0.5420530894245472, 'Frag/TestSF': 0.8637432366233575, 'Scaf/TestSF': 0.026751170827036153, 'IntDiv': 0.8137218164266758, 'IntDiv2': 0.8003200564321835, 'Filters': 0.9914314516129032, 'logP': 0.5044828813418609, 'SA': 0.2923594128209592, 'QED': 0.02467454149793676, 'weight': 11.975407913973362, 'Novelty': 0.9082331329325317}
Epoch: 45:
	Train Loss: 0.428 --- Reconstruction Loss: 0.406 --- KL Loss: 7.834 --- Beta: 0.002795
	Validity: 0.79% --- Uniquene@1000: 0.87% --- Unique@10000: 0.62%

{'valid': 0.6751333333333334, 'unique@1000': 0.873, 'unique@10000': 0.6086, 'FCD/Test': 16.15517006479059, 'SNN/Test': 0.6111814659256225, 'Frag/Test': 0.9087603555026952, 'Scaf/Test': 0.3254127323859699, 'FCD/TestSF': 16.800066014736394, 'SNN/TestSF': 0.5494673443847622, 'Frag/TestSF': 0.9030164543632915, 'Scaf/TestSF': 0.03839225357167053, 'IntDiv': 0.8109030234167602, 'IntDiv2': 0.7974408474001942, 'Filters': 0.9895823047299299, 'logP': 0.4732628151888144, 'SA': 0.2967859105515586, 'QED': 0.02297909421511417, 'weight': 14.043028748863126, 'Novelty': 0.9099273607748184}
Epoch: 46:
	Train Loss: 0.423 --- Reconstruction Loss: 0.401 --- KL Loss: 7.600 --- Beta: 0.002856
	Validity: 0.68% --- Uniquene@1000: 0.87% --- Unique@10000: 0.61%

{'valid': 0.7819, 'unique@1000': 0.875, 'unique@10000': 0.6437, 'FCD/Test': 17.703132869234665, 'SNN/Test': 0.6143031825356386, 'Frag/Test': 0.8875447328147275, 'Scaf/Test': 0.2847213625560988, 'FCD/TestSF': 18.30183865788439, 'SNN/TestSF': 0.5504241404607787, 'Frag/TestSF': 0.8834902798147075, 'Scaf/TestSF': 0.02917692887225387, 'IntDiv': 0.8059254651872292, 'IntDiv2': 0.791821877563823, 'Filters': 0.9800059683676514, 'logP': 0.5646250169497088, 'SA': 0.3033868795076607, 'QED': 0.0171036649653676, 'weight': 14.181452949392984, 'Novelty': 0.9033183121671446}
Epoch: 47:
	Train Loss: 0.419 --- Reconstruction Loss: 0.398 --- KL Loss: 7.337 --- Beta: 0.002917
	Validity: 0.78% --- Uniquene@1000: 0.88% --- Unique@10000: 0.64%

{'valid': 0.8299333333333333, 'unique@1000': 0.928, 'unique@10000': 0.71, 'FCD/Test': 17.16240190538175, 'SNN/Test': 0.5951528569351421, 'Frag/Test': 0.8626812935888423, 'Scaf/Test': 0.3064065872487516, 'FCD/TestSF': 18.037786027399136, 'SNN/TestSF': 0.5231428220491063, 'Frag/TestSF': 0.8529763792589012, 'Scaf/TestSF': 0.03346618072080021, 'IntDiv': 0.8149147516550993, 'IntDiv2': 0.8012505475287717, 'Filters': 0.9895975580367901, 'logP': 0.4338981634120545, 'SA': 0.24993609121547533, 'QED': 0.06783398648373826, 'weight': 14.043697383081893, 'Novelty': 0.9225117826448572}
Epoch: 48:
	Train Loss: 0.416 --- Reconstruction Loss: 0.394 --- KL Loss: 7.206 --- Beta: 0.002979
	Validity: 0.83% --- Uniquene@1000: 0.93% --- Unique@10000: 0.71%

{'valid': 0.7796333333333334, 'unique@1000': 0.925, 'unique@10000': 0.7113, 'FCD/Test': 16.470273548624725, 'SNN/Test': 0.589890502090304, 'Frag/Test': 0.8512166773437971, 'Scaf/Test': 0.2620981718742237, 'FCD/TestSF': 17.238250270078765, 'SNN/TestSF': 0.5222039400092645, 'Frag/TestSF': 0.8433729274629637, 'Scaf/TestSF': 0.03331182994381632, 'IntDiv': 0.8237640783209457, 'IntDiv2': 0.8104797005751849, 'Filters': 0.9887553978365898, 'logP': 0.3614099958099531, 'SA': 0.22131987933325398, 'QED': 0.03034400131895151, 'weight': 17.051747652740602, 'Novelty': 0.9034078576079878}
Epoch: 49:
	Train Loss: 0.412 --- Reconstruction Loss: 0.390 --- KL Loss: 7.022 --- Beta: 0.003040
	Validity: 0.78% --- Uniquene@1000: 0.93% --- Unique@10000: 0.71%

{'valid': 0.8606333333333334, 'unique@1000': 0.924, 'unique@10000': 0.6896, 'FCD/Test': 15.36217376641077, 'SNN/Test': 0.604771150523297, 'Frag/Test': 0.8809947926646182, 'Scaf/Test': 0.33625734190557666, 'FCD/TestSF': 15.857676357094206, 'SNN/TestSF': 0.547628266768247, 'Frag/TestSF': 0.8749671327092523, 'Scaf/TestSF': 0.03867701640324317, 'IntDiv': 0.8187861842305766, 'IntDiv2': 0.8054424341319188, 'Filters': 0.9814477710213408, 'logP': 0.4544522933270131, 'SA': 0.26376106932730026, 'QED': 0.021500150877291117, 'weight': 18.115142930294166, 'Novelty': 0.9032842897984799}
Epoch: 50:
	Train Loss: 0.408 --- Reconstruction Loss: 0.387 --- KL Loss: 6.893 --- Beta: 0.003101
	Validity: 0.86% --- Uniquene@1000: 0.92% --- Unique@10000: 0.69%

{'valid': 0.7937666666666667, 'unique@1000': 0.935, 'unique@10000': 0.7323, 'FCD/Test': 15.508635685403561, 'SNN/Test': 0.5982884932849887, 'Frag/Test': 0.8688057844752314, 'Scaf/Test': 0.38330888086673043, 'FCD/TestSF': 16.101260145620778, 'SNN/TestSF': 0.5379089187748243, 'Frag/TestSF': 0.861330529349386, 'Scaf/TestSF': 0.05978548572105313, 'IntDiv': 0.8234868482607318, 'IntDiv2': 0.8115597058494177, 'Filters': 0.9852601520178054, 'logP': 0.4511469119624959, 'SA': 0.2303899366423598, 'QED': 0.028742376832728147, 'weight': 14.290556045699228, 'Novelty': 0.903179190751445}
Epoch: 51:
	Train Loss: 0.405 --- Reconstruction Loss: 0.383 --- KL Loss: 6.814 --- Beta: 0.003162
	Validity: 0.79% --- Uniquene@1000: 0.94% --- Unique@10000: 0.73%

{'valid': 0.7520333333333333, 'unique@1000': 0.948, 'unique@10000': 0.7621, 'FCD/Test': 15.613630805930498, 'SNN/Test': 0.585411261415937, 'Frag/Test': 0.873949633138143, 'Scaf/Test': 0.3050723590716877, 'FCD/TestSF': 16.094828753291644, 'SNN/TestSF': 0.5289470268769507, 'Frag/TestSF': 0.8675462268255896, 'Scaf/TestSF': 0.04582290914154541, 'IntDiv': 0.8357763128100982, 'IntDiv2': 0.8240296114346383, 'Filters': 0.9871902841186118, 'logP': 0.5270282332431914, 'SA': 0.18946486966960593, 'QED': 0.03144115719524153, 'weight': 13.83826830518393, 'Novelty': 0.907162346521146}
Epoch: 52:
	Train Loss: 0.402 --- Reconstruction Loss: 0.380 --- KL Loss: 6.828 --- Beta: 0.003224
	Validity: 0.75% --- Uniquene@1000: 0.95% --- Unique@10000: 0.76%

{'valid': 0.9036333333333333, 'unique@1000': 0.95, 'unique@10000': 0.7815, 'FCD/Test': 15.578440682975156, 'SNN/Test': 0.5913160760754735, 'Frag/Test': 0.8738799666349488, 'Scaf/Test': 0.2788630530426759, 'FCD/TestSF': 16.23696475434015, 'SNN/TestSF': 0.5272992302818323, 'Frag/TestSF': 0.866090434068621, 'Scaf/TestSF': 0.052252100185709804, 'IntDiv': 0.8344162760377757, 'IntDiv2': 0.822822370683312, 'Filters': 0.9856136338485374, 'logP': 0.35222666482254655, 'SA': 0.19985618995558588, 'QED': 0.025930294120384105, 'weight': 14.843966524604781, 'Novelty': 0.903285090742017}
Epoch: 53:
	Train Loss: 0.397 --- Reconstruction Loss: 0.375 --- KL Loss: 6.766 --- Beta: 0.003285
	Validity: 0.90% --- Uniquene@1000: 0.95% --- Unique@10000: 0.78%

{'valid': 0.9145, 'unique@1000': 0.956, 'unique@10000': 0.7975, 'FCD/Test': 13.601447006932716, 'SNN/Test': 0.5908522841343576, 'Frag/Test': 0.903496307882427, 'Scaf/Test': 0.3385192959770258, 'FCD/TestSF': 14.14551564757538, 'SNN/TestSF': 0.5350125681192731, 'Frag/TestSF': 0.8979919758600464, 'Scaf/TestSF': 0.04652499570908408, 'IntDiv': 0.8340059295811261, 'IntDiv2': 0.8228643419495604, 'Filters': 0.9814470566794241, 'logP': 0.4220684625589015, 'SA': 0.20619710260470567, 'QED': 0.01901973321736741, 'weight': 14.957645767680846, 'Novelty': 0.9015060569682418}
Epoch: 54:
	Train Loss: 0.394 --- Reconstruction Loss: 0.371 --- KL Loss: 6.669 --- Beta: 0.003346
	Validity: 0.91% --- Uniquene@1000: 0.96% --- Unique@10000: 0.80%

{'valid': 0.8812666666666666, 'unique@1000': 0.944, 'unique@10000': 0.7764, 'FCD/Test': 14.273507772676055, 'SNN/Test': 0.5961631735872326, 'Frag/Test': 0.9027056721685291, 'Scaf/Test': 0.36311699542769404, 'FCD/TestSF': 14.721202833521701, 'SNN/TestSF': 0.5447275621530616, 'Frag/TestSF': 0.8988167573892326, 'Scaf/TestSF': 0.05935837126124388, 'IntDiv': 0.8313322852730655, 'IntDiv2': 0.8199751696518063, 'Filters': 0.9832438157197972, 'logP': 0.4275989945332796, 'SA': 0.23229620824963632, 'QED': 0.017827570428138366, 'weight': 15.423405871194968, 'Novelty': 0.8948373654358144}
Epoch: 55:
	Train Loss: 0.390 --- Reconstruction Loss: 0.368 --- KL Loss: 6.559 --- Beta: 0.003407
	Validity: 0.88% --- Uniquene@1000: 0.94% --- Unique@10000: 0.78%

{'valid': 0.8855, 'unique@1000': 0.944, 'unique@10000': 0.8153, 'FCD/Test': 14.281499710116705, 'SNN/Test': 0.5814638704470989, 'Frag/Test': 0.8786856238781262, 'Scaf/Test': 0.2792733310189721, 'FCD/TestSF': 14.813038520183845, 'SNN/TestSF': 0.5274516981182721, 'Frag/TestSF': 0.8747184060918143, 'Scaf/TestSF': 0.04618318040203684, 'IntDiv': 0.836804885909078, 'IntDiv2': 0.8251684210516702, 'Filters': 0.9774138904573687, 'logP': 0.372138060175521, 'SA': 0.21206992970144345, 'QED': 0.029807617809782333, 'weight': 14.447675283330206, 'Novelty': 0.9128378741469182}
Epoch: 56:
	Train Loss: 0.387 --- Reconstruction Loss: 0.364 --- KL Loss: 6.522 --- Beta: 0.003469
	Validity: 0.89% --- Uniquene@1000: 0.94% --- Unique@10000: 0.82%

{'valid': 0.8422333333333334, 'unique@1000': 0.953, 'unique@10000': 0.7659, 'FCD/Test': 14.809162919008422, 'SNN/Test': 0.5888356333242802, 'Frag/Test': 0.8794477868478083, 'Scaf/Test': 0.2651358781284331, 'FCD/TestSF': 15.181143775664438, 'SNN/TestSF': 0.5345669826729672, 'Frag/TestSF': 0.8769995762470029, 'Scaf/TestSF': 0.040285562331821234, 'IntDiv': 0.8303268683095171, 'IntDiv2': 0.8183925723114437, 'Filters': 0.983219218743816, 'logP': 0.44418280548839006, 'SA': 0.22438680681647363, 'QED': 0.020130980037464788, 'weight': 13.442220150615452, 'Novelty': 0.9152192396453298}
Epoch: 57:
	Train Loss: 0.384 --- Reconstruction Loss: 0.361 --- KL Loss: 6.401 --- Beta: 0.003530
	Validity: 0.84% --- Uniquene@1000: 0.95% --- Unique@10000: 0.77%

{'valid': 0.8804666666666666, 'unique@1000': 0.953, 'unique@10000': 0.8007, 'FCD/Test': 14.847572177896154, 'SNN/Test': 0.581798495784737, 'Frag/Test': 0.859535989533545, 'Scaf/Test': 0.2822878323610527, 'FCD/TestSF': 15.24042718066751, 'SNN/TestSF': 0.5264703578902309, 'Frag/TestSF': 0.8562540924680676, 'Scaf/TestSF': 0.036482474898263506, 'IntDiv': 0.8353946775928874, 'IntDiv2': 0.8240955304749793, 'Filters': 0.9796698720375558, 'logP': 0.4832299906463481, 'SA': 0.1881885258638648, 'QED': 0.028429959233962968, 'weight': 14.399261916384496, 'Novelty': 0.9102955611298942}
Epoch: 58:
	Train Loss: 0.380 --- Reconstruction Loss: 0.358 --- KL Loss: 6.346 --- Beta: 0.003591
	Validity: 0.88% --- Uniquene@1000: 0.95% --- Unique@10000: 0.80%

{'valid': 0.8587666666666667, 'unique@1000': 0.959, 'unique@10000': 0.7883, 'FCD/Test': 14.885674743812537, 'SNN/Test': 0.5846956820603053, 'Frag/Test': 0.8739151345336166, 'Scaf/Test': 0.34861154580658227, 'FCD/TestSF': 15.17882593540206, 'SNN/TestSF': 0.5352874749171985, 'Frag/TestSF': 0.8704454938892744, 'Scaf/TestSF': 0.06755193620967959, 'IntDiv': 0.8327795377782722, 'IntDiv2': 0.8215232096476612, 'Filters': 0.9821061211815394, 'logP': 0.3816766310385066, 'SA': 0.17958451584809523, 'QED': 0.022951254808670923, 'weight': 15.534030412497362, 'Novelty': 0.9018115736271225}
Epoch: 59:
	Train Loss: 0.378 --- Reconstruction Loss: 0.355 --- KL Loss: 6.313 --- Beta: 0.003652
	Validity: 0.86% --- Uniquene@1000: 0.96% --- Unique@10000: 0.79%

{'valid': 0.8917333333333334, 'unique@1000': 0.97, 'unique@10000': 0.8346, 'FCD/Test': 14.16896474702358, 'SNN/Test': 0.5745901951441568, 'Frag/Test': 0.8600485436482296, 'Scaf/Test': 0.3361278455967227, 'FCD/TestSF': 14.559930355003601, 'SNN/TestSF': 0.5253101889418358, 'Frag/TestSF': 0.8565279554005795, 'Scaf/TestSF': 0.05593640089250107, 'IntDiv': 0.8388091479233238, 'IntDiv2': 0.8280283677630818, 'Filters': 0.9875897129186603, 'logP': 0.36616640249665944, 'SA': 0.1623884147228479, 'QED': 0.033977930358584346, 'weight': 13.51135013456872, 'Novelty': 0.9138404183710455}
Epoch: 60:
	Train Loss: 0.375 --- Reconstruction Loss: 0.352 --- KL Loss: 6.253 --- Beta: 0.003714
	Validity: 0.89% --- Uniquene@1000: 0.97% --- Unique@10000: 0.83%

{'valid': 0.8745, 'unique@1000': 0.972, 'unique@10000': 0.8504, 'FCD/Test': 14.033716069771813, 'SNN/Test': 0.5660827304491298, 'Frag/Test': 0.8728761529889334, 'Scaf/Test': 0.332684612197115, 'FCD/TestSF': 14.529865927983082, 'SNN/TestSF': 0.514725355037467, 'Frag/TestSF': 0.8697363035102825, 'Scaf/TestSF': 0.051119592533299896, 'IntDiv': 0.8407010283817693, 'IntDiv2': 0.8301053413832853, 'Filters': 0.9807890222984562, 'logP': 0.4987979717416688, 'SA': 0.1383954115423563, 'QED': 0.024239758246128756, 'weight': 15.263527234660069, 'Novelty': 0.921095170741564}
Epoch: 61:
	Train Loss: 0.373 --- Reconstruction Loss: 0.350 --- KL Loss: 6.229 --- Beta: 0.003775
	Validity: 0.87% --- Uniquene@1000: 0.97% --- Unique@10000: 0.85%

{'valid': 0.9122, 'unique@1000': 0.977, 'unique@10000': 0.8338, 'FCD/Test': 14.304535522673902, 'SNN/Test': 0.5785625091027179, 'Frag/Test': 0.8841626965018454, 'Scaf/Test': 0.3861055079292395, 'FCD/TestSF': 14.809839734733842, 'SNN/TestSF': 0.5280728937044815, 'Frag/TestSF': 0.8798244692462807, 'Scaf/TestSF': 0.07190102145106048, 'IntDiv': 0.8353000402784703, 'IntDiv2': 0.8238653440656079, 'Filters': 0.9843966966308558, 'logP': 0.41882651580413954, 'SA': 0.2043199852385149, 'QED': 0.021283714630871392, 'weight': 16.010474137276415, 'Novelty': 0.908252204495642}
Epoch: 62:
	Train Loss: 0.370 --- Reconstruction Loss: 0.346 --- KL Loss: 6.159 --- Beta: 0.003836
	Validity: 0.91% --- Uniquene@1000: 0.98% --- Unique@10000: 0.83%

{'valid': 0.8865333333333334, 'unique@1000': 0.972, 'unique@10000': 0.8284, 'FCD/Test': 14.000057309106431, 'SNN/Test': 0.5765377284306514, 'Frag/Test': 0.8696749001400901, 'Scaf/Test': 0.3299910919635394, 'FCD/TestSF': 14.541732520900887, 'SNN/TestSF': 0.5293541877144063, 'Frag/TestSF': 0.8669993553718413, 'Scaf/TestSF': 0.06976316304533914, 'IntDiv': 0.8390763176722552, 'IntDiv2': 0.8279114359954358, 'Filters': 0.9833057602647015, 'logP': 0.3568872546330977, 'SA': 0.1615594617301554, 'QED': 0.02023489198206555, 'weight': 16.53710374435417, 'Novelty': 0.9026757607555089}
Epoch: 63:
	Train Loss: 0.369 --- Reconstruction Loss: 0.345 --- KL Loss: 6.116 --- Beta: 0.003897
	Validity: 0.89% --- Uniquene@1000: 0.97% --- Unique@10000: 0.83%

{'valid': 0.8645, 'unique@1000': 0.978, 'unique@10000': 0.8735, 'FCD/Test': 14.528210471016983, 'SNN/Test': 0.5535607615784917, 'Frag/Test': 0.8602804420906277, 'Scaf/Test': 0.27582407536374065, 'FCD/TestSF': 14.992610436049077, 'SNN/TestSF': 0.5049227731206501, 'Frag/TestSF': 0.8582154273134054, 'Scaf/TestSF': 0.03785828380443934, 'IntDiv': 0.8470491801464474, 'IntDiv2': 0.8362779935461699, 'Filters': 0.9630229419703104, 'logP': 0.4787294782616302, 'SA': 0.0990924424859912, 'QED': 0.024429556335310517, 'weight': 13.471933791219598, 'Novelty': 0.9277250602291165}
Epoch: 64:
	Train Loss: 0.367 --- Reconstruction Loss: 0.343 --- KL Loss: 6.073 --- Beta: 0.003959
	Validity: 0.86% --- Uniquene@1000: 0.98% --- Unique@10000: 0.87%

{'valid': 0.8906333333333334, 'unique@1000': 0.971, 'unique@10000': 0.8396, 'FCD/Test': 13.515119856224494, 'SNN/Test': 0.5768116727678257, 'Frag/Test': 0.8979860123483033, 'Scaf/Test': 0.40237135523154866, 'FCD/TestSF': 14.066434256751563, 'SNN/TestSF': 0.5235781868921613, 'Frag/TestSF': 0.8940339902165445, 'Scaf/TestSF': 0.04412921836325512, 'IntDiv': 0.8403406658475087, 'IntDiv2': 0.828942674567283, 'Filters': 0.9786668662749355, 'logP': 0.5029885376503437, 'SA': 0.17732095578272666, 'QED': 0.017272830047679277, 'weight': 16.065183419356472, 'Novelty': 0.9053043787824848}
Epoch: 65:
	Train Loss: 0.365 --- Reconstruction Loss: 0.340 --- KL Loss: 6.064 --- Beta: 0.004020
	Validity: 0.89% --- Uniquene@1000: 0.97% --- Unique@10000: 0.84%

{'valid': 0.8855333333333333, 'unique@1000': 0.97, 'unique@10000': 0.8508, 'FCD/Test': 14.201600266072411, 'SNN/Test': 0.5681403074566386, 'Frag/Test': 0.8903965770154297, 'Scaf/Test': 0.387099379994702, 'FCD/TestSF': 14.848185190070417, 'SNN/TestSF': 0.5183477195716403, 'Frag/TestSF': 0.8863434036549301, 'Scaf/TestSF': 0.0486536216986313, 'IntDiv': 0.8396495155358872, 'IntDiv2': 0.8288653750535377, 'Filters': 0.9735376044568245, 'logP': 0.49806715399909435, 'SA': 0.16317591652708197, 'QED': 0.016982067605524263, 'weight': 17.827551522613625, 'Novelty': 0.9115115925888427}
Epoch: 66:
	Train Loss: 0.362 --- Reconstruction Loss: 0.338 --- KL Loss: 5.987 --- Beta: 0.004081
	Validity: 0.89% --- Uniquene@1000: 0.97% --- Unique@10000: 0.85%

{'valid': 0.8925333333333333, 'unique@1000': 0.981, 'unique@10000': 0.8711, 'FCD/Test': 13.295314118510376, 'SNN/Test': 0.5632944102675916, 'Frag/Test': 0.8855706060143006, 'Scaf/Test': 0.3536962483150222, 'FCD/TestSF': 14.02478953791988, 'SNN/TestSF': 0.5100014241373882, 'Frag/TestSF': 0.8811058513795418, 'Scaf/TestSF': 0.044716324924892414, 'IntDiv': 0.8447667492322327, 'IntDiv2': 0.8338621889716751, 'Filters': 0.9837914550343592, 'logP': 0.3172476254772924, 'SA': 0.10966476474229808, 'QED': 0.02829890052449787, 'weight': 17.735821691551443, 'Novelty': 0.9196346590634514}
Epoch: 67:
	Train Loss: 0.361 --- Reconstruction Loss: 0.336 --- KL Loss: 5.997 --- Beta: 0.004143
	Validity: 0.89% --- Uniquene@1000: 0.98% --- Unique@10000: 0.87%

{'valid': 0.8630666666666666, 'unique@1000': 0.978, 'unique@10000': 0.8586, 'FCD/Test': 14.012447845419516, 'SNN/Test': 0.562294895903586, 'Frag/Test': 0.8796347787855421, 'Scaf/Test': 0.3140709539340696, 'FCD/TestSF': 14.646251480464699, 'SNN/TestSF': 0.5071495785715314, 'Frag/TestSF': 0.8738250439341091, 'Scaf/TestSF': 0.03485737705823433, 'IntDiv': 0.8453461538765794, 'IntDiv2': 0.8345243633498596, 'Filters': 0.9803800401668469, 'logP': 0.38389979860687745, 'SA': 0.09653342161779543, 'QED': 0.026955270641807645, 'weight': 17.568087230459447, 'Novelty': 0.9184575522024082}
Epoch: 68:
	Train Loss: 0.359 --- Reconstruction Loss: 0.334 --- KL Loss: 5.946 --- Beta: 0.004204
	Validity: 0.86% --- Uniquene@1000: 0.98% --- Unique@10000: 0.86%

{'valid': 0.9089666666666667, 'unique@1000': 0.979, 'unique@10000': 0.855, 'FCD/Test': 14.156064387781335, 'SNN/Test': 0.5653960398812994, 'Frag/Test': 0.8770820793371059, 'Scaf/Test': 0.3016287624019971, 'FCD/TestSF': 14.780414597732232, 'SNN/TestSF': 0.5118915522559527, 'Frag/TestSF': 0.8737173577502091, 'Scaf/TestSF': 0.026557805648823707, 'IntDiv': 0.8426010785801314, 'IntDiv2': 0.8316920988962684, 'Filters': 0.9783270380285306, 'logP': 0.4739101323013478, 'SA': 0.14701119968071333, 'QED': 0.01953169871250201, 'weight': 17.370748697781686, 'Novelty': 0.910729192241591}
Epoch: 69:
	Train Loss: 0.357 --- Reconstruction Loss: 0.332 --- KL Loss: 5.903 --- Beta: 0.004265
	Validity: 0.91% --- Uniquene@1000: 0.98% --- Unique@10000: 0.85%

{'valid': 0.8988, 'unique@1000': 0.973, 'unique@10000': 0.8576, 'FCD/Test': 13.599543096420689, 'SNN/Test': 0.5666543327735044, 'Frag/Test': 0.8904633122229028, 'Scaf/Test': 0.33114069637889765, 'FCD/TestSF': 14.17684819491302, 'SNN/TestSF': 0.5158141337897689, 'Frag/TestSF': 0.8867583346043291, 'Scaf/TestSF': 0.0397433596105079, 'IntDiv': 0.8449396056807332, 'IntDiv2': 0.8342677445006027, 'Filters': 0.981048805815161, 'logP': 0.357160636351597, 'SA': 0.11042489654531727, 'QED': 0.018029012412516792, 'weight': 20.464465114560635, 'Novelty': 0.9059517953762912}
Epoch: 70:
	Train Loss: 0.356 --- Reconstruction Loss: 0.331 --- KL Loss: 5.868 --- Beta: 0.004326
	Validity: 0.90% --- Uniquene@1000: 0.97% --- Unique@10000: 0.86%

{'valid': 0.8876666666666667, 'unique@1000': 0.98, 'unique@10000': 0.8853, 'FCD/Test': 13.044946488108451, 'SNN/Test': 0.5587693571675061, 'Frag/Test': 0.8955316045602673, 'Scaf/Test': 0.3531725551120186, 'FCD/TestSF': 13.773254380534645, 'SNN/TestSF': 0.505880623612129, 'Frag/TestSF': 0.8916182951212408, 'Scaf/TestSF': 0.051499833814455886, 'IntDiv': 0.8506942014357063, 'IntDiv2': 0.8401395668673705, 'Filters': 0.9782951558392791, 'logP': 0.27011732581074654, 'SA': 0.08056048239077358, 'QED': 0.017739163213524048, 'weight': 20.34232101350163, 'Novelty': 0.9125183536209918}
Epoch: 71:
	Train Loss: 0.355 --- Reconstruction Loss: 0.329 --- KL Loss: 5.843 --- Beta: 0.004387
	Validity: 0.89% --- Uniquene@1000: 0.98% --- Unique@10000: 0.89%

{'valid': 0.8841333333333333, 'unique@1000': 0.984, 'unique@10000': 0.8857, 'FCD/Test': 13.738666266362436, 'SNN/Test': 0.5587866984890913, 'Frag/Test': 0.8667255801133944, 'Scaf/Test': 0.3242429767564132, 'FCD/TestSF': 14.181555695342723, 'SNN/TestSF': 0.5117324383395944, 'Frag/TestSF': 0.8652081452797856, 'Scaf/TestSF': 0.04937600874751569, 'IntDiv': 0.8502136490183312, 'IntDiv2': 0.8400257363386424, 'Filters': 0.9808098326044338, 'logP': 0.27836367246882904, 'SA': 0.0909221616760439, 'QED': 0.016850586704499335, 'weight': 21.1471546096841, 'Novelty': 0.909221282088054}
Epoch: 72:
	Train Loss: 0.353 --- Reconstruction Loss: 0.327 --- KL Loss: 5.790 --- Beta: 0.004449
	Validity: 0.88% --- Uniquene@1000: 0.98% --- Unique@10000: 0.89%

{'valid': 0.8681, 'unique@1000': 0.978, 'unique@10000': 0.8546, 'FCD/Test': 13.174700064726238, 'SNN/Test': 0.5813220818834051, 'Frag/Test': 0.9090818809224818, 'Scaf/Test': 0.40949822150375237, 'FCD/TestSF': 13.72261499136286, 'SNN/TestSF': 0.5286094825716973, 'Frag/TestSF': 0.904042711609513, 'Scaf/TestSF': 0.045443412127268434, 'IntDiv': 0.8409840297575324, 'IntDiv2': 0.8302820443923636, 'Filters': 0.983488845371117, 'logP': 0.29806558681101897, 'SA': 0.17788155242359857, 'QED': 0.0172187696051155, 'weight': 20.657822908247496, 'Novelty': 0.8910664291168237}
Epoch: 73:
	Train Loss: 0.352 --- Reconstruction Loss: 0.326 --- KL Loss: 5.790 --- Beta: 0.004510
	Validity: 0.87% --- Uniquene@1000: 0.98% --- Unique@10000: 0.85%

{'valid': 0.8932333333333333, 'unique@1000': 0.973, 'unique@10000': 0.8791, 'FCD/Test': 13.151644481354438, 'SNN/Test': 0.5625782714317764, 'Frag/Test': 0.8670425451469774, 'Scaf/Test': 0.34152836619098115, 'FCD/TestSF': 13.740277722447331, 'SNN/TestSF': 0.5082822347438464, 'Frag/TestSF': 0.8632746169318388, 'Scaf/TestSF': 0.06289009561626979, 'IntDiv': 0.8481983492704503, 'IntDiv2': 0.8379000456195275, 'Filters': 0.9842146508937568, 'logP': 0.2959853940057902, 'SA': 0.090948558507771, 'QED': 0.023297679080564467, 'weight': 20.744744720585576, 'Novelty': 0.9082257293161167}
Epoch: 74:
	Train Loss: 0.350 --- Reconstruction Loss: 0.324 --- KL Loss: 5.728 --- Beta: 0.004571
	Validity: 0.89% --- Uniquene@1000: 0.97% --- Unique@10000: 0.88%

slurmstepd: error: *** JOB 8257207 ON hpctpa3pc0026 CANCELLED AT 2024-02-15T10:04:48 ***
