2024-02-15 07:30:04.763387: E external/local_xla/xla/stream_executor/cuda/cuda_dnn.cc:9261] Unable to register cuDNN factory: Attempting to register factory for plugin cuDNN when one has already been registered
2024-02-15 07:30:04.763442: E external/local_xla/xla/stream_executor/cuda/cuda_fft.cc:607] Unable to register cuFFT factory: Attempting to register factory for plugin cuFFT when one has already been registered
2024-02-15 07:30:04.764638: E external/local_xla/xla/stream_executor/cuda/cuda_blas.cc:1515] Unable to register cuBLAS factory: Attempting to register factory for plugin cuBLAS when one has already been registered
2024-02-15 07:30:04.769901: I tensorflow/core/platform/cpu_feature_guard.cc:182] This TensorFlow binary is optimized to use available CPU instructions in performance-critical operations.
To enable the following instructions: AVX2 FMA, in other operations, rebuild TensorFlow with the appropriate compiler flags.
2024-02-15 07:30:05.877290: W tensorflow/compiler/tf2tensorrt/utils/py_utils.cc:38] TF-TRT Warning: Could not find TensorRT

Arguments:
	data_path: data/moses_train.txt
	max_len: 30
	batch: 128
	d_model: 512
	d_latent: 256
	d_ff: 1024
	e_heads: 1
	d_heads: 8
	n_layers: 6
	dropout: 0.5
	lr: 0.0005
	n_epochs: 60
	kl_type: monotonic
	kl_w_start: 0.0001
	kl_w_end: 0.0005
	kl_cycle: 4
	kl_ratio: 0.9
	save_name: klcompare

Number of data: 88192

SMILES Vocab:
	 {'<START>': 0, '<END>': 1, '<PAD>': 2, 'C': 3, 'O': 4, 'c': 5, '1': 6, '(': 7, '=': 8, ')': 9, 'N': 10, 'n': 11, '2': 12, 'F': 13, 'Cl': 14, 'Br': 15, '#': 16, '3': 17, 'S': 18, 'o': 19, '-': 20, 's': 21, '[nH]': 22, '4': 23}

Graph Vocab:
	 {'C': 0, 'O': 1, 'N': 2, 'F': 3, 'Cl': 4, 'Br': 5, 'S': 6}


KL Annealer: [0.0001, 0.00010666666666666667, 0.00011333333333333334, 0.00012, 0.00012666666666666666, 0.00013333333333333334, 0.00014, 0.00014666666666666666, 0.00015333333333333334, 0.00016, 0.0001666666666666667, 0.00017333333333333334, 0.00017999999999999998, 0.0001866666666666667, 0.00019333333333333333, 0.0002, 0.00020666666666666668, 0.00021333333333333333, 0.00022, 0.00022666666666666668, 0.00023333333333333333, 0.00023999999999999998, 0.0002466666666666667, 0.00025333333333333333, 0.00026, 0.0002666666666666667, 0.00027333333333333333, 0.00028000000000000003, 0.0002866666666666667, 0.0002933333333333333, 0.00030000000000000003, 0.0003066666666666667, 0.0003133333333333333, 0.00032, 0.0003266666666666667, 0.0003333333333333333, 0.00034, 0.00034666666666666667, 0.0003533333333333333, 0.00035999999999999997, 0.00036666666666666667, 0.0003733333333333333, 0.00037999999999999997, 0.00038666666666666667, 0.0003933333333333333, 0.00039999999999999996, 0.00040666666666666667, 0.0004133333333333333, 0.00041999999999999996, 0.00042666666666666667, 0.0004333333333333333, 0.00044, 0.00044666666666666666, 0.0004533333333333333, 0.00046, 0.00046666666666666666, 0.0004733333333333333, 0.00048, 0.00048666666666666666, 0.0004933333333333334]




#########################################################################
######################### START TRAINING ################################
#########################################################################




{'valid': 0.5091666666666667, 'unique@1000': 0.793, 'unique@10000': 0.4595, 'FCD/Test': 22.70561974291425, 'SNN/Test': 0.5976079512988682, 'Frag/Test': 0.8477179608174206, 'Scaf/Test': 0.3347076519875156, 'FCD/TestSF': 23.934992664625412, 'SNN/TestSF': 0.5102094071742556, 'Frag/TestSF': 0.8341876005964852, 'Scaf/TestSF': 0.031907852842354645, 'IntDiv': 0.7739170638913301, 'IntDiv2': 0.7581072901192785, 'Filters': 0.9861865793780688, 'logP': 0.3397577194860174, 'SA': 0.2175078469132923, 'QED': 0.06835994282121077, 'weight': 6.527200392269237, 'Novelty': 0.9287235785679174}
Epoch: 31:
	Train Loss: 0.446 --- Reconstruction Loss: 0.435 --- KL Loss: 36.737 --- Beta: 0.000300
	Validity: 0.51% --- Uniquene@1000: 0.79% --- Unique@10000: 0.46%

{'valid': 0.5835666666666667, 'unique@1000': 0.876, 'unique@10000': 0.5321, 'FCD/Test': 21.979647477896492, 'SNN/Test': 0.6093194117190708, 'Frag/Test': 0.8629595763753389, 'Scaf/Test': 0.24985717157968113, 'FCD/TestSF': 23.068460922515968, 'SNN/TestSF': 0.5271467319272359, 'Frag/TestSF': 0.8500884755124962, 'Scaf/TestSF': 0.038289382261423865, 'IntDiv': 0.7697117863425722, 'IntDiv2': 0.7559582584678194, 'Filters': 0.9871479979436797, 'logP': 0.31312551029706986, 'SA': 0.2606474759577524, 'QED': 0.06741032602060261, 'weight': 10.076809580936253, 'Novelty': 0.9182754182754183}
Epoch: 32:
	Train Loss: 0.440 --- Reconstruction Loss: 0.429 --- KL Loss: 35.168 --- Beta: 0.000307
	Validity: 0.58% --- Uniquene@1000: 0.88% --- Unique@10000: 0.53%

{'valid': 0.5844333333333334, 'unique@1000': 0.889, 'unique@10000': 0.5714, 'FCD/Test': 22.13231488303002, 'SNN/Test': 0.5987281071621645, 'Frag/Test': 0.8674926718739804, 'Scaf/Test': 0.2591047501992989, 'FCD/TestSF': 23.437385782979902, 'SNN/TestSF': 0.5117887189008475, 'Frag/TestSF': 0.8545042132894466, 'Scaf/TestSF': 0.07597722249079619, 'IntDiv': 0.7769026128868045, 'IntDiv2': 0.7643523296339463, 'Filters': 0.9867678092739406, 'logP': 0.18523954228384615, 'SA': 0.19013025236583259, 'QED': 0.06079136533864121, 'weight': 12.904284634906249, 'Novelty': 0.9295226870948733}
Epoch: 33:
	Train Loss: 0.434 --- Reconstruction Loss: 0.424 --- KL Loss: 33.848 --- Beta: 0.000313
	Validity: 0.58% --- Uniquene@1000: 0.89% --- Unique@10000: 0.57%

{'valid': 0.5156000000000001, 'unique@1000': 0.895, 'unique@10000': 0.6121, 'FCD/Test': 19.44415550740645, 'SNN/Test': 0.5837271138283906, 'Frag/Test': 0.8845055959715582, 'Scaf/Test': 0.1441079637598648, 'FCD/TestSF': 20.249034946359856, 'SNN/TestSF': 0.5112575785294734, 'Frag/TestSF': 0.8739219225621053, 'Scaf/TestSF': 0.02735915599213168, 'IntDiv': 0.7969854615870182, 'IntDiv2': 0.7846856311567044, 'Filters': 0.9747220067235584, 'logP': 0.3164472346262062, 'SA': 0.15396344033653858, 'QED': 0.0417864222966844, 'weight': 5.276244278859665, 'Novelty': 0.9401433691756272}
Epoch: 34:
	Train Loss: 0.429 --- Reconstruction Loss: 0.418 --- KL Loss: 32.672 --- Beta: 0.000320
	Validity: 0.52% --- Uniquene@1000: 0.90% --- Unique@10000: 0.61%

{'valid': 0.45463333333333333, 'unique@1000': 0.893, 'unique@10000': 0.634, 'FCD/Test': 19.16475579559627, 'SNN/Test': 0.5957790379567408, 'Frag/Test': 0.9031910037598591, 'Scaf/Test': 0.49849860825962544, 'FCD/TestSF': 20.374007072079614, 'SNN/TestSF': 0.5181426549258928, 'Frag/TestSF': 0.8907924809568839, 'Scaf/TestSF': 0.05117119572117945, 'IntDiv': 0.7942437647204179, 'IntDiv2': 0.7819281580179718, 'Filters': 0.9803504655766552, 'logP': 0.2640656506944339, 'SA': 0.2512694758691002, 'QED': 0.032081124421868605, 'weight': 16.72137970330271, 'Novelty': 0.9159935379644588}
Epoch: 35:
	Train Loss: 0.423 --- Reconstruction Loss: 0.412 --- KL Loss: 31.530 --- Beta: 0.000327
	Validity: 0.45% --- Uniquene@1000: 0.89% --- Unique@10000: 0.63%

{'valid': 0.5581666666666667, 'unique@1000': 0.901, 'unique@10000': 0.658, 'FCD/Test': 16.86658087786853, 'SNN/Test': 0.5833084362038714, 'Frag/Test': 0.9334260554834981, 'Scaf/Test': 0.20340959236629996, 'FCD/TestSF': 17.939413024483315, 'SNN/TestSF': 0.5102247480875914, 'Frag/TestSF': 0.9241578524065305, 'Scaf/TestSF': 0.01983684412846609, 'IntDiv': 0.8114393645220286, 'IntDiv2': 0.8002400183622993, 'Filters': 0.9835771872200657, 'logP': 0.3424984028258018, 'SA': 0.18920693872608768, 'QED': 0.01956177157724646, 'weight': 18.558228476634756, 'Novelty': 0.9255460978361194}
Epoch: 36:
	Train Loss: 0.418 --- Reconstruction Loss: 0.408 --- KL Loss: 30.464 --- Beta: 0.000333
	Validity: 0.56% --- Uniquene@1000: 0.90% --- Unique@10000: 0.66%

{'valid': 0.5067333333333333, 'unique@1000': 0.907, 'unique@10000': 0.6527, 'FCD/Test': 17.37274177392767, 'SNN/Test': 0.5847635754741755, 'Frag/Test': 0.9372935356144426, 'Scaf/Test': 0.25975592495567756, 'FCD/TestSF': 18.208508596026874, 'SNN/TestSF': 0.5174231901186546, 'Frag/TestSF': 0.9297102866943618, 'Scaf/TestSF': 0.0280780059776351, 'IntDiv': 0.8084480262221909, 'IntDiv2': 0.7974101452564656, 'Filters': 0.9734245494013946, 'logP': 0.4104049639015908, 'SA': 0.18383493094394965, 'QED': 0.02351843523827423, 'weight': 11.95929809868563, 'Novelty': 0.9324309453064817}
Epoch: 37:
	Train Loss: 0.412 --- Reconstruction Loss: 0.402 --- KL Loss: 29.537 --- Beta: 0.000340
	Validity: 0.51% --- Uniquene@1000: 0.91% --- Unique@10000: 0.65%

{'valid': 0.5628666666666666, 'unique@1000': 0.914, 'unique@10000': 0.663, 'FCD/Test': 16.94220030810665, 'SNN/Test': 0.5938717952216743, 'Frag/Test': 0.9368005279611609, 'Scaf/Test': 0.2757001830650003, 'FCD/TestSF': 17.380019414562724, 'SNN/TestSF': 0.5414225659292907, 'Frag/TestSF': 0.9310587017828159, 'Scaf/TestSF': 0.060425177261127616, 'IntDiv': 0.8114902815090845, 'IntDiv2': 0.8003208281894277, 'Filters': 0.967132535828497, 'logP': 0.33223768782001933, 'SA': 0.2541041927066182, 'QED': 0.02874716791891509, 'weight': 14.369033223189717, 'Novelty': 0.9132837620578779}
Epoch: 38:
	Train Loss: 0.408 --- Reconstruction Loss: 0.398 --- KL Loss: 28.648 --- Beta: 0.000347
	Validity: 0.56% --- Uniquene@1000: 0.91% --- Unique@10000: 0.66%

{'valid': 0.40369999999999995, 'unique@1000': 0.93, 'unique@10000': 0.7159, 'FCD/Test': 16.190790545414195, 'SNN/Test': 0.5763767238713425, 'Frag/Test': 0.933543169297274, 'Scaf/Test': 0.20461003669221456, 'FCD/TestSF': 16.907618117337897, 'SNN/TestSF': 0.5152967040268694, 'Frag/TestSF': 0.9242564302389996, 'Scaf/TestSF': 0.04463175763135441, 'IntDiv': 0.8125359901692952, 'IntDiv2': 0.8022204670860862, 'Filters': 0.9709355131698456, 'logP': 0.3375914764386176, 'SA': 0.17903380111690423, 'QED': 0.019574065100363983, 'weight': 14.705685578921782, 'Novelty': 0.9191229331416247}
Epoch: 39:
	Train Loss: 0.403 --- Reconstruction Loss: 0.393 --- KL Loss: 28.098 --- Beta: 0.000353
	Validity: 0.40% --- Uniquene@1000: 0.93% --- Unique@10000: 0.72%

{'valid': 0.5427333333333333, 'unique@1000': 0.938, 'unique@10000': 0.7458, 'FCD/Test': 15.202318123785233, 'SNN/Test': 0.5771017527513636, 'Frag/Test': 0.924122752332214, 'Scaf/Test': 0.2904703079330626, 'FCD/TestSF': 15.810117002712744, 'SNN/TestSF': 0.5208941446140202, 'Frag/TestSF': 0.9183652062281868, 'Scaf/TestSF': 0.022997302932072028, 'IntDiv': 0.8171958335320207, 'IntDiv2': 0.806684682843533, 'Filters': 0.967080211276256, 'logP': 0.32771291898602734, 'SA': 0.17523776328999566, 'QED': 0.023662930480349904, 'weight': 14.250569426898437, 'Novelty': 0.9312050359712231}
Epoch: 40:
	Train Loss: 0.398 --- Reconstruction Loss: 0.388 --- KL Loss: 27.269 --- Beta: 0.000360
	Validity: 0.54% --- Uniquene@1000: 0.94% --- Unique@10000: 0.75%

{'valid': 0.47909999999999997, 'unique@1000': 0.944, 'unique@10000': 0.7765, 'FCD/Test': 15.323932502430587, 'SNN/Test': 0.5638867525502668, 'Frag/Test': 0.9269258383739922, 'Scaf/Test': 0.3185063742586398, 'FCD/TestSF': 16.240411509640523, 'SNN/TestSF': 0.4982116369630734, 'Frag/TestSF': 0.9175641184080928, 'Scaf/TestSF': 0.030233382215127502, 'IntDiv': 0.8214496698751981, 'IntDiv2': 0.8115649390192354, 'Filters': 0.9693870451541085, 'logP': 0.2555203753310529, 'SA': 0.13199606491812385, 'QED': 0.019619727636669342, 'weight': 18.342142343584225, 'Novelty': 0.940893665158371}
Epoch: 41:
	Train Loss: 0.394 --- Reconstruction Loss: 0.384 --- KL Loss: 26.775 --- Beta: 0.000367
	Validity: 0.48% --- Uniquene@1000: 0.94% --- Unique@10000: 0.78%

{'valid': 0.5085333333333333, 'unique@1000': 0.931, 'unique@10000': 0.7473, 'FCD/Test': 16.80447432502868, 'SNN/Test': 0.5582107502193541, 'Frag/Test': 0.9187103185289921, 'Scaf/Test': 0.2068204421833597, 'FCD/TestSF': 17.539625873666616, 'SNN/TestSF': 0.4971435746147752, 'Frag/TestSF': 0.9112476743541098, 'Scaf/TestSF': 0.027614695848777848, 'IntDiv': 0.8242039540654911, 'IntDiv2': 0.813510410842634, 'Filters': 0.9708966963817515, 'logP': 0.3217947129684979, 'SA': 0.12562230029738142, 'QED': 0.016720684661812552, 'weight': 17.98044726175715, 'Novelty': 0.9361225252147927}
Epoch: 42:
	Train Loss: 0.390 --- Reconstruction Loss: 0.380 --- KL Loss: 25.906 --- Beta: 0.000373
	Validity: 0.51% --- Uniquene@1000: 0.93% --- Unique@10000: 0.75%

{'valid': 0.40936666666666666, 'unique@1000': 0.938, 'unique@10000': 0.7465, 'FCD/Test': 15.90727095446016, 'SNN/Test': 0.571645259993073, 'Frag/Test': 0.9202598887023649, 'Scaf/Test': 0.23295024332251313, 'FCD/TestSF': 16.62573077025889, 'SNN/TestSF': 0.5142075776320969, 'Frag/TestSF': 0.9123520261708341, 'Scaf/TestSF': 0.03907458638479355, 'IntDiv': 0.821021369639404, 'IntDiv2': 0.8102868294906037, 'Filters': 0.9741877697255924, 'logP': 0.394761272227479, 'SA': 0.1525134573924835, 'QED': 0.014451168708347846, 'weight': 13.494512184113022, 'Novelty': 0.9236314485244425}
Epoch: 43:
	Train Loss: 0.385 --- Reconstruction Loss: 0.376 --- KL Loss: 25.508 --- Beta: 0.000380
	Validity: 0.41% --- Uniquene@1000: 0.94% --- Unique@10000: 0.75%

{'valid': 0.5329333333333333, 'unique@1000': 0.946, 'unique@10000': 0.7739, 'FCD/Test': 15.577152842045109, 'SNN/Test': 0.5692462427590544, 'Frag/Test': 0.927099781075443, 'Scaf/Test': 0.21377629860987324, 'FCD/TestSF': 16.140878839969368, 'SNN/TestSF': 0.5133960390161031, 'Frag/TestSF': 0.9217467348242933, 'Scaf/TestSF': 0.04823540358369938, 'IntDiv': 0.8245878942464563, 'IntDiv2': 0.8140058561430992, 'Filters': 0.9655991993995496, 'logP': 0.4082864825868174, 'SA': 0.15163526891503074, 'QED': 0.021812272935657212, 'weight': 12.55373983479465, 'Novelty': 0.9173337974242952}
Epoch: 44:
	Train Loss: 0.381 --- Reconstruction Loss: 0.372 --- KL Loss: 25.042 --- Beta: 0.000387
	Validity: 0.53% --- Uniquene@1000: 0.95% --- Unique@10000: 0.77%

{'valid': 0.5546, 'unique@1000': 0.962, 'unique@10000': 0.8098, 'FCD/Test': 14.627988651325538, 'SNN/Test': 0.5642856260866181, 'Frag/Test': 0.9241071128802234, 'Scaf/Test': 0.2384194345555407, 'FCD/TestSF': 15.291086841939432, 'SNN/TestSF': 0.5059926903692772, 'Frag/TestSF': 0.9170532370241239, 'Scaf/TestSF': 0.035441437964420786, 'IntDiv': 0.8297650131958523, 'IntDiv2': 0.819658099573559, 'Filters': 0.9638177665584806, 'logP': 0.3090380765616637, 'SA': 0.11545818143024665, 'QED': 0.013820227158758087, 'weight': 18.904942721876946, 'Novelty': 0.9259907687410472}
Epoch: 45:
	Train Loss: 0.377 --- Reconstruction Loss: 0.367 --- KL Loss: 24.491 --- Beta: 0.000393
	Validity: 0.55% --- Uniquene@1000: 0.96% --- Unique@10000: 0.81%

{'valid': 0.5614333333333333, 'unique@1000': 0.965, 'unique@10000': 0.8153, 'FCD/Test': 14.878784988699309, 'SNN/Test': 0.5539231532289433, 'Frag/Test': 0.912987669251048, 'Scaf/Test': 0.2598369173597519, 'FCD/TestSF': 15.686230482469227, 'SNN/TestSF': 0.49190553224161787, 'Frag/TestSF': 0.9037831478741348, 'Scaf/TestSF': 0.023964947446775242, 'IntDiv': 0.8280783538163493, 'IntDiv2': 0.8179946243205151, 'Filters': 0.9621801341803716, 'logP': 0.32562128496887977, 'SA': 0.07242688585608448, 'QED': 0.01092622839191433, 'weight': 17.471585736789187, 'Novelty': 0.9339489748004383}
Epoch: 46:
	Train Loss: 0.375 --- Reconstruction Loss: 0.365 --- KL Loss: 24.385 --- Beta: 0.000400
	Validity: 0.56% --- Uniquene@1000: 0.96% --- Unique@10000: 0.82%

{'valid': 0.6502333333333333, 'unique@1000': 0.971, 'unique@10000': 0.8458, 'FCD/Test': 14.540633742506074, 'SNN/Test': 0.5523112281127988, 'Frag/Test': 0.9176736502948196, 'Scaf/Test': 0.2365633669211522, 'FCD/TestSF': 15.453344831387405, 'SNN/TestSF': 0.49084662863725076, 'Frag/TestSF': 0.9088931881584262, 'Scaf/TestSF': 0.0525214926284977, 'IntDiv': 0.83257814124575, 'IntDiv2': 0.8226790386213302, 'Filters': 0.9715999384836213, 'logP': 0.28050209744910487, 'SA': 0.1092106374408466, 'QED': 0.019913578093074667, 'weight': 25.180440959766415, 'Novelty': 0.9370633979174905}
Epoch: 47:
	Train Loss: 0.371 --- Reconstruction Loss: 0.361 --- KL Loss: 23.855 --- Beta: 0.000407
	Validity: 0.65% --- Uniquene@1000: 0.97% --- Unique@10000: 0.85%

{'valid': 0.48253333333333337, 'unique@1000': 0.97, 'unique@10000': 0.8476, 'FCD/Test': 14.591345349327078, 'SNN/Test': 0.5532143847745619, 'Frag/Test': 0.9011682102026993, 'Scaf/Test': 0.25131651616156203, 'FCD/TestSF': 15.511296016055987, 'SNN/TestSF': 0.49679868431253865, 'Frag/TestSF': 0.8909332777257567, 'Scaf/TestSF': 0.03723803387606228, 'IntDiv': 0.8325216265376635, 'IntDiv2': 0.8217039700233003, 'Filters': 0.9590356452058579, 'logP': 0.2091655154499131, 'SA': 0.09907160949179179, 'QED': 0.01822795079319212, 'weight': 24.996915534961882, 'Novelty': 0.9326613586312045}
Epoch: 48:
	Train Loss: 0.367 --- Reconstruction Loss: 0.358 --- KL Loss: 23.516 --- Beta: 0.000413
	Validity: 0.48% --- Uniquene@1000: 0.97% --- Unique@10000: 0.85%

{'valid': 0.4447, 'unique@1000': 0.978, 'unique@10000': 0.8485, 'FCD/Test': 14.03871249648327, 'SNN/Test': 0.5415614386549258, 'Frag/Test': 0.9237897364394257, 'Scaf/Test': 0.23125347455990475, 'FCD/TestSF': 14.598029336414015, 'SNN/TestSF': 0.4953895399983467, 'Frag/TestSF': 0.9159272819641122, 'Scaf/TestSF': 0.047617571301827644, 'IntDiv': 0.8390487127074294, 'IntDiv2': 0.8292520901953553, 'Filters': 0.9664942657971666, 'logP': 0.12812261766347585, 'SA': 0.040708112612127235, 'QED': 0.0120377010458996, 'weight': 27.336369029048377, 'Novelty': 0.9389214966984593}
Epoch: 49:
	Train Loss: 0.365 --- Reconstruction Loss: 0.355 --- KL Loss: 23.225 --- Beta: 0.000420
	Validity: 0.44% --- Uniquene@1000: 0.98% --- Unique@10000: 0.85%

{'valid': 0.7174333333333334, 'unique@1000': 0.979, 'unique@10000': 0.8286, 'FCD/Test': 14.842232812619358, 'SNN/Test': 0.5792295423424644, 'Frag/Test': 0.924849263805491, 'Scaf/Test': 0.2587424850705803, 'FCD/TestSF': 15.72571334316703, 'SNN/TestSF': 0.5164481835746246, 'Frag/TestSF': 0.914117123511616, 'Scaf/TestSF': 0.04955262664315496, 'IntDiv': 0.8225432243086218, 'IntDiv2': 0.8125728255144202, 'Filters': 0.9698926729545138, 'logP': 0.19277758402455814, 'SA': 0.1844620643526738, 'QED': 0.013317681421333225, 'weight': 26.311368750697497, 'Novelty': 0.9120506869079732}
Epoch: 50:
	Train Loss: 0.361 --- Reconstruction Loss: 0.351 --- KL Loss: 22.959 --- Beta: 0.000427
	Validity: 0.72% --- Uniquene@1000: 0.98% --- Unique@10000: 0.83%

{'valid': 0.7152000000000001, 'unique@1000': 0.987, 'unique@10000': 0.8843, 'FCD/Test': 14.443755529221136, 'SNN/Test': 0.5456596610909307, 'Frag/Test': 0.915187097659721, 'Scaf/Test': 0.2715604320467472, 'FCD/TestSF': 15.174354124819544, 'SNN/TestSF': 0.49361740888806865, 'Frag/TestSF': 0.9071890967283996, 'Scaf/TestSF': 0.044352692480287836, 'IntDiv': 0.8402406046134785, 'IntDiv2': 0.8306264993090247, 'Filters': 0.9669090231170768, 'logP': 0.15998237954809405, 'SA': 0.05341630731381087, 'QED': 0.014668908072531047, 'weight': 23.962128498885345, 'Novelty': 0.9368281887681784}
Epoch: 51:
	Train Loss: 0.358 --- Reconstruction Loss: 0.348 --- KL Loss: 22.654 --- Beta: 0.000433
	Validity: 0.72% --- Uniquene@1000: 0.99% --- Unique@10000: 0.88%

slurmstepd: error: *** JOB 8257236 ON hpctpa3pc0045 CANCELLED AT 2024-02-15T10:04:48 ***
