2024-02-15 07:36:53.669283: E external/local_xla/xla/stream_executor/cuda/cuda_dnn.cc:9261] Unable to register cuDNN factory: Attempting to register factory for plugin cuDNN when one has already been registered
2024-02-15 07:36:53.669340: E external/local_xla/xla/stream_executor/cuda/cuda_fft.cc:607] Unable to register cuFFT factory: Attempting to register factory for plugin cuFFT when one has already been registered
2024-02-15 07:36:53.670566: E external/local_xla/xla/stream_executor/cuda/cuda_blas.cc:1515] Unable to register cuBLAS factory: Attempting to register factory for plugin cuBLAS when one has already been registered
2024-02-15 07:36:53.675907: I tensorflow/core/platform/cpu_feature_guard.cc:182] This TensorFlow binary is optimized to use available CPU instructions in performance-critical operations.
To enable the following instructions: AVX2 FMA, in other operations, rebuild TensorFlow with the appropriate compiler flags.
2024-02-15 07:36:54.502819: W tensorflow/compiler/tf2tensorrt/utils/py_utils.cc:38] TF-TRT Warning: Could not find TensorRT

Arguments:
	data_path: data/moses_train.txt
	max_len: 30
	batch: 128
	d_model: 512
	d_latent: 256
	d_ff: 1024
	e_heads: 1
	d_heads: 8
	n_layers: 6
	dropout: 0.5
	lr: 0.0005
	n_epochs: 60
	kl_type: monotonic
	kl_w_start: 0.0001
	kl_w_end: 0.005
	kl_cycle: 4
	kl_ratio: 0.9
	save_name: klcompare

Number of data: 88192

SMILES Vocab:
	 {'<START>': 0, '<END>': 1, '<PAD>': 2, 'C': 3, 'O': 4, 'c': 5, '1': 6, '(': 7, '=': 8, ')': 9, 'N': 10, 'n': 11, '2': 12, 'F': 13, 'Cl': 14, 'Br': 15, '#': 16, '3': 17, 'S': 18, 'o': 19, '-': 20, 's': 21, '[nH]': 22, '4': 23}

Graph Vocab:
	 {'C': 0, 'O': 1, 'N': 2, 'F': 3, 'Cl': 4, 'Br': 5, 'S': 6}


KL Annealer: [0.0001, 0.00018166666666666667, 0.00026333333333333336, 0.000345, 0.00042666666666666667, 0.0005083333333333334, 0.00059, 0.0006716666666666668, 0.0007533333333333334, 0.000835, 0.0009166666666666668, 0.0009983333333333333, 0.00108, 0.0011616666666666668, 0.0012433333333333335, 0.001325, 0.0014066666666666667, 0.0014883333333333335, 0.00157, 0.0016516666666666667, 0.0017333333333333335, 0.001815, 0.0018966666666666667, 0.0019783333333333332, 0.0020599999999999998, 0.0021416666666666667, 0.0022233333333333332, 0.0023049999999999998, 0.0023866666666666667, 0.0024683333333333332, 0.0025499999999999997, 0.0026316666666666667, 0.0027133333333333332, 0.0027949999999999997, 0.0028766666666666667, 0.002958333333333333, 0.0030399999999999997, 0.0031216666666666667, 0.003203333333333333, 0.0032849999999999997, 0.0033666666666666667, 0.003448333333333333, 0.0035299999999999997, 0.0036116666666666667, 0.003693333333333333, 0.0037749999999999997, 0.0038566666666666667, 0.003938333333333334, 0.00402, 0.004101666666666667, 0.004183333333333334, 0.0042650000000000006, 0.004346666666666667, 0.004428333333333334, 0.00451, 0.004591666666666667, 0.004673333333333334, 0.0047550000000000005, 0.004836666666666667, 0.004918333333333334]




#########################################################################
######################### START TRAINING ################################
#########################################################################




{'valid': 0.5907, 'unique@1000': 0.862, 'unique@10000': 0.5795, 'FCD/Test': 19.806635925630516, 'SNN/Test': 0.5929703002125084, 'Frag/Test': 0.8505285175380427, 'Scaf/Test': 0.23750983899630507, 'FCD/TestSF': 20.95882860634336, 'SNN/TestSF': 0.5300443714945898, 'Frag/TestSF': 0.8411459231321211, 'Scaf/TestSF': 0.01880250132659056, 'IntDiv': 0.7941036026798147, 'IntDiv2': 0.7789659267330954, 'Filters': 0.9752835618757406, 'logP': 0.2981761184304389, 'SA': 0.2990407213991185, 'QED': 0.05067723340286443, 'weight': 13.838522362223769, 'Novelty': 0.952602864287338}
Epoch: 31:
	Train Loss: 0.482 --- Reconstruction Loss: 0.461 --- KL Loss: 8.152 --- Beta: 0.002550
	Validity: 0.59% --- Uniquene@1000: 0.86% --- Unique@10000: 0.58%

{'valid': 0.5129666666666667, 'unique@1000': 0.887, 'unique@10000': 0.6081, 'FCD/Test': 19.8976759698744, 'SNN/Test': 0.5935489787796457, 'Frag/Test': 0.8533010587109512, 'Scaf/Test': 0.24267174042639206, 'FCD/TestSF': 20.916012269536864, 'SNN/TestSF': 0.5334515421565912, 'Frag/TestSF': 0.8448701101674306, 'Scaf/TestSF': 0.04633365382643784, 'IntDiv': 0.799815817383635, 'IntDiv2': 0.7851957320170136, 'Filters': 0.9851842224965884, 'logP': 0.3372202657938552, 'SA': 0.2767794649187748, 'QED': 0.060976295188930336, 'weight': 12.15470910484444, 'Novelty': 0.9455758008812671}
Epoch: 32:
	Train Loss: 0.477 --- Reconstruction Loss: 0.456 --- KL Loss: 7.833 --- Beta: 0.002632
	Validity: 0.51% --- Uniquene@1000: 0.89% --- Unique@10000: 0.61%

{'valid': 0.6202, 'unique@1000': 0.876, 'unique@10000': 0.6204, 'FCD/Test': 20.24823755228384, 'SNN/Test': 0.5823554591058814, 'Frag/Test': 0.7889787009747999, 'Scaf/Test': 0.2668534690304182, 'FCD/TestSF': 21.525535710737536, 'SNN/TestSF': 0.5143969192064591, 'Frag/TestSF': 0.7764532133529813, 'Scaf/TestSF': 0.033968098516293566, 'IntDiv': 0.7939536857979744, 'IntDiv2': 0.779952680307965, 'Filters': 0.9744706008814361, 'logP': 0.11698809860161469, 'SA': 0.23800730626831157, 'QED': 0.09132043757588515, 'weight': 8.811872521159634, 'Novelty': 0.9556266240255846}
Epoch: 33:
	Train Loss: 0.472 --- Reconstruction Loss: 0.452 --- KL Loss: 7.394 --- Beta: 0.002713
	Validity: 0.62% --- Uniquene@1000: 0.88% --- Unique@10000: 0.62%

{'valid': 0.5948333333333333, 'unique@1000': 0.908, 'unique@10000': 0.6626, 'FCD/Test': 18.391844763994897, 'SNN/Test': 0.5810335735791736, 'Frag/Test': 0.8376197235383808, 'Scaf/Test': 0.23078397900809855, 'FCD/TestSF': 19.41627259627522, 'SNN/TestSF': 0.5212842249810178, 'Frag/TestSF': 0.8271898335335572, 'Scaf/TestSF': 0.0246790819564795, 'IntDiv': 0.8067658051919365, 'IntDiv2': 0.7931027028493831, 'Filters': 0.9743905855982068, 'logP': 0.18729617917301353, 'SA': 0.23879700166035556, 'QED': 0.05905039291382976, 'weight': 11.037139185680736, 'Novelty': 0.9482129131437356}
Epoch: 34:
	Train Loss: 0.468 --- Reconstruction Loss: 0.448 --- KL Loss: 7.105 --- Beta: 0.002795
	Validity: 0.59% --- Uniquene@1000: 0.91% --- Unique@10000: 0.66%

{'valid': 0.5901333333333334, 'unique@1000': 0.893, 'unique@10000': 0.6596, 'FCD/Test': 17.676659614063595, 'SNN/Test': 0.584099458355475, 'Frag/Test': 0.8456678760304793, 'Scaf/Test': 0.23051644174705688, 'FCD/TestSF': 18.64066235286508, 'SNN/TestSF': 0.5260598872461256, 'Frag/TestSF': 0.8378086070131088, 'Scaf/TestSF': 0.022540134809710843, 'IntDiv': 0.8124683781719629, 'IntDiv2': 0.7981608261852703, 'Filters': 0.9775756891098057, 'logP': 0.24874979794517793, 'SA': 0.22696013028856843, 'QED': 0.047232561757114266, 'weight': 12.739781740841348, 'Novelty': 0.9532377561820456}
Epoch: 35:
	Train Loss: 0.463 --- Reconstruction Loss: 0.443 --- KL Loss: 6.854 --- Beta: 0.002877
	Validity: 0.59% --- Uniquene@1000: 0.89% --- Unique@10000: 0.66%

{'valid': 0.6285000000000001, 'unique@1000': 0.865, 'unique@10000': 0.628, 'FCD/Test': 18.4395040357007, 'SNN/Test': 0.5929610741451419, 'Frag/Test': 0.8372819716020317, 'Scaf/Test': 0.3225462698328909, 'FCD/TestSF': 19.35684141312683, 'SNN/TestSF': 0.5341345920261796, 'Frag/TestSF': 0.8296688088342112, 'Scaf/TestSF': 0.017391467972209584, 'IntDiv': 0.810853460760929, 'IntDiv2': 0.7965207018719092, 'Filters': 0.9813842482100239, 'logP': 0.4065214574612048, 'SA': 0.29616398232255453, 'QED': 0.05226860800846771, 'weight': 12.299097018272636, 'Novelty': 0.9391186702744492}
Epoch: 36:
	Train Loss: 0.459 --- Reconstruction Loss: 0.439 --- KL Loss: 6.596 --- Beta: 0.002958
	Validity: 0.63% --- Uniquene@1000: 0.86% --- Unique@10000: 0.63%

{'valid': 0.5507, 'unique@1000': 0.906, 'unique@10000': 0.6597, 'FCD/Test': 18.464307717267957, 'SNN/Test': 0.580457813214768, 'Frag/Test': 0.8647551051315612, 'Scaf/Test': 0.2241532234474104, 'FCD/TestSF': 19.19857315359981, 'SNN/TestSF': 0.5340678153704893, 'Frag/TestSF': 0.8588733941285003, 'Scaf/TestSF': 0.02917418203528377, 'IntDiv': 0.8119326794707193, 'IntDiv2': 0.7975589001894108, 'Filters': 0.9530294776345257, 'logP': 0.44367434023343616, 'SA': 0.25670269456252137, 'QED': 0.023383022168516756, 'weight': 9.713692513311273, 'Novelty': 0.948668231452189}
Epoch: 37:
	Train Loss: 0.454 --- Reconstruction Loss: 0.435 --- KL Loss: 6.391 --- Beta: 0.003040
	Validity: 0.55% --- Uniquene@1000: 0.91% --- Unique@10000: 0.66%

{'valid': 0.5946666666666667, 'unique@1000': 0.899, 'unique@10000': 0.6807, 'FCD/Test': 17.800831947843363, 'SNN/Test': 0.5936682500162334, 'Frag/Test': 0.8740760390419954, 'Scaf/Test': 0.25226017163264625, 'FCD/TestSF': 18.596227660319492, 'SNN/TestSF': 0.5362953301452335, 'Frag/TestSF': 0.8664099861060891, 'Scaf/TestSF': 0.024397407405774785, 'IntDiv': 0.8085890497333618, 'IntDiv2': 0.7945187093185339, 'Filters': 0.9769618834080718, 'logP': 0.40617711989968086, 'SA': 0.30529021342767554, 'QED': 0.03653028466634382, 'weight': 10.524661628443694, 'Novelty': 0.9413677755064115}
Epoch: 38:
	Train Loss: 0.452 --- Reconstruction Loss: 0.432 --- KL Loss: 6.247 --- Beta: 0.003122
	Validity: 0.59% --- Uniquene@1000: 0.90% --- Unique@10000: 0.68%

{'valid': 0.6294333333333333, 'unique@1000': 0.926, 'unique@10000': 0.7363, 'FCD/Test': 16.063173463070477, 'SNN/Test': 0.5822522725059857, 'Frag/Test': 0.8669065139277393, 'Scaf/Test': 0.26062726096592903, 'FCD/TestSF': 16.813375343571728, 'SNN/TestSF': 0.5305437467673102, 'Frag/TestSF': 0.8600903174461828, 'Scaf/TestSF': 0.03380812732350236, 'IntDiv': 0.8152518873975005, 'IntDiv2': 0.8034936251262977, 'Filters': 0.9707143991950432, 'logP': 0.2880414960065084, 'SA': 0.21663121615199754, 'QED': 0.03286624828068591, 'weight': 10.035771167496538, 'Novelty': 0.9387083834737264}
Epoch: 39:
	Train Loss: 0.448 --- Reconstruction Loss: 0.428 --- KL Loss: 6.091 --- Beta: 0.003203
	Validity: 0.63% --- Uniquene@1000: 0.93% --- Unique@10000: 0.74%

/home/80027464/graphvae/metrics.py:527: UserWarning: Can't compute unique@10000.gen contains only 9896 molecules
  warnings.warn(
{'valid': 0.32986666666666664, 'unique@1000': 0.94, 'unique@10000': 0.7285772029102667, 'FCD/Test': 14.924535209006748, 'SNN/Test': 0.5602390703955242, 'Frag/Test': 0.8824677530879818, 'Scaf/Test': 0.23190764725129065, 'FCD/TestSF': 15.623905314230903, 'SNN/TestSF': 0.5060023824603763, 'Frag/TestSF': 0.8743283117401595, 'Scaf/TestSF': 0.028705897505771127, 'IntDiv': 0.8265745276249732, 'IntDiv2': 0.8139008871653897, 'Filters': 0.9554365400161682, 'logP': 0.24242555931035903, 'SA': 0.13640206299309934, 'QED': 0.05846989656612465, 'weight': 7.887261233930239, 'Novelty': 0.957004160887656}
Epoch: 40:
	Train Loss: 0.445 --- Reconstruction Loss: 0.425 --- KL Loss: 5.987 --- Beta: 0.003285
	Validity: 0.33% --- Uniquene@1000: 0.94% --- Unique@10000: 0.73%

{'valid': 0.5182, 'unique@1000': 0.951, 'unique@10000': 0.7612, 'FCD/Test': 16.941319515717126, 'SNN/Test': 0.5700704020676995, 'Frag/Test': 0.8661878340634562, 'Scaf/Test': 0.28235641241675347, 'FCD/TestSF': 17.69985280397338, 'SNN/TestSF': 0.5226520515128129, 'Frag/TestSF': 0.8606112198470524, 'Scaf/TestSF': 0.03093674219800613, 'IntDiv': 0.8229072965572275, 'IntDiv2': 0.8106048131744661, 'Filters': 0.9720185256657661, 'logP': 0.3109661359985115, 'SA': 0.1916086024684081, 'QED': 0.04651134435106839, 'weight': 9.59031539467502, 'Novelty': 0.945411464503782}
Epoch: 41:
	Train Loss: 0.442 --- Reconstruction Loss: 0.422 --- KL Loss: 5.898 --- Beta: 0.003367
	Validity: 0.52% --- Uniquene@1000: 0.95% --- Unique@10000: 0.76%

{'valid': 0.5518333333333334, 'unique@1000': 0.962, 'unique@10000': 0.7549, 'FCD/Test': 16.04383952185627, 'SNN/Test': 0.5801495427408092, 'Frag/Test': 0.8857970480604708, 'Scaf/Test': 0.2802139762817841, 'FCD/TestSF': 16.683971157109667, 'SNN/TestSF': 0.5292770927170546, 'Frag/TestSF': 0.8822264659824267, 'Scaf/TestSF': 0.03196312328200979, 'IntDiv': 0.8247363601006807, 'IntDiv2': 0.8126778596265741, 'Filters': 0.9759589247961341, 'logP': 0.4351178174361235, 'SA': 0.23725689351287343, 'QED': 0.028821659169042127, 'weight': 11.889789410176594, 'Novelty': 0.9364693629578198}
Epoch: 42:
	Train Loss: 0.439 --- Reconstruction Loss: 0.419 --- KL Loss: 5.766 --- Beta: 0.003448
	Validity: 0.55% --- Uniquene@1000: 0.96% --- Unique@10000: 0.75%

{'valid': 0.46996666666666664, 'unique@1000': 0.937, 'unique@10000': 0.7457, 'FCD/Test': 16.27704759556029, 'SNN/Test': 0.5699176845888574, 'Frag/Test': 0.8754729589096962, 'Scaf/Test': 0.23277959812305382, 'FCD/TestSF': 17.04521092866129, 'SNN/TestSF': 0.5198287800989114, 'Frag/TestSF': 0.8699715615743889, 'Scaf/TestSF': 0.018259338781455137, 'IntDiv': 0.8193984604681233, 'IntDiv2': 0.8073612190978182, 'Filters': 0.9749627633165473, 'logP': 0.2742119196697901, 'SA': 0.18948004372909666, 'QED': 0.03654200019658863, 'weight': 13.659292461927073, 'Novelty': 0.9414364640883978}
Epoch: 43:
	Train Loss: 0.436 --- Reconstruction Loss: 0.416 --- KL Loss: 5.663 --- Beta: 0.003530
	Validity: 0.47% --- Uniquene@1000: 0.94% --- Unique@10000: 0.75%

{'valid': 0.5984666666666667, 'unique@1000': 0.944, 'unique@10000': 0.7863, 'FCD/Test': 17.01326542895653, 'SNN/Test': 0.5739894300679315, 'Frag/Test': 0.8624356759236672, 'Scaf/Test': 0.2900032057346177, 'FCD/TestSF': 17.88739677523394, 'SNN/TestSF': 0.5262210056662121, 'Frag/TestSF': 0.8546968601209395, 'Scaf/TestSF': 0.03949080340805455, 'IntDiv': 0.818564121046245, 'IntDiv2': 0.8063473454148322, 'Filters': 0.9715383758493928, 'logP': 0.14257884343225344, 'SA': 0.19291863898092304, 'QED': 0.04057792110693311, 'weight': 12.646280268689871, 'Novelty': 0.9425064097583715}
Epoch: 44:
	Train Loss: 0.433 --- Reconstruction Loss: 0.413 --- KL Loss: 5.610 --- Beta: 0.003612
	Validity: 0.60% --- Uniquene@1000: 0.94% --- Unique@10000: 0.79%

{'valid': 0.6668666666666667, 'unique@1000': 0.959, 'unique@10000': 0.7904, 'FCD/Test': 15.449503344003162, 'SNN/Test': 0.5594033193017117, 'Frag/Test': 0.8669690212431762, 'Scaf/Test': 0.24780531051642596, 'FCD/TestSF': 15.992490428311491, 'SNN/TestSF': 0.5223622120425997, 'Frag/TestSF': 0.8632948850925121, 'Scaf/TestSF': 0.037354575174802784, 'IntDiv': 0.8321404303553925, 'IntDiv2': 0.8206757278667081, 'Filters': 0.9681595521343597, 'logP': 0.268566127785936, 'SA': 0.14849395442077104, 'QED': 0.040483362419592876, 'weight': 14.271397189927294, 'Novelty': 0.9424643945298661}
Epoch: 45:
	Train Loss: 0.430 --- Reconstruction Loss: 0.410 --- KL Loss: 5.523 --- Beta: 0.003693
	Validity: 0.67% --- Uniquene@1000: 0.96% --- Unique@10000: 0.79%

{'valid': 0.4302, 'unique@1000': 0.96, 'unique@10000': 0.8018, 'FCD/Test': 15.298096152563168, 'SNN/Test': 0.5520468133247842, 'Frag/Test': 0.8714539111774784, 'Scaf/Test': 0.1712628068857549, 'FCD/TestSF': 16.116592742544952, 'SNN/TestSF': 0.5061753481746588, 'Frag/TestSF': 0.8639574572777082, 'Scaf/TestSF': 0.02923597087914731, 'IntDiv': 0.8314591973518061, 'IntDiv2': 0.8198124226627543, 'Filters': 0.9697814969781497, 'logP': 0.2093559608610405, 'SA': 0.0773465096170447, 'QED': 0.04731734404808062, 'weight': 13.080308578138583, 'Novelty': 0.950219473264166}
Epoch: 46:
	Train Loss: 0.428 --- Reconstruction Loss: 0.407 --- KL Loss: 5.453 --- Beta: 0.003775
	Validity: 0.43% --- Uniquene@1000: 0.96% --- Unique@10000: 0.80%

{'valid': 0.4641333333333333, 'unique@1000': 0.947, 'unique@10000': 0.7684, 'FCD/Test': 15.743001959537594, 'SNN/Test': 0.5597759559985996, 'Frag/Test': 0.860766281924554, 'Scaf/Test': 0.2608732389358057, 'FCD/TestSF': 16.42662160694686, 'SNN/TestSF': 0.5137662142044304, 'Frag/TestSF': 0.8573147479491197, 'Scaf/TestSF': 0.030920919687605908, 'IntDiv': 0.8342585990612772, 'IntDiv2': 0.8215129661445157, 'Filters': 0.9713444412525136, 'logP': 0.2738351852407764, 'SA': 0.12306000582175135, 'QED': 0.029001763264694322, 'weight': 14.226375820783334, 'Novelty': 0.9431628546186316}
Epoch: 47:
	Train Loss: 0.426 --- Reconstruction Loss: 0.405 --- KL Loss: 5.402 --- Beta: 0.003857
	Validity: 0.46% --- Uniquene@1000: 0.95% --- Unique@10000: 0.77%

{'valid': 0.5398000000000001, 'unique@1000': 0.966, 'unique@10000': 0.8169, 'FCD/Test': 15.190867000123447, 'SNN/Test': 0.5541529039966997, 'Frag/Test': 0.8526711249657261, 'Scaf/Test': 0.24011179730902954, 'FCD/TestSF': 15.810036900666482, 'SNN/TestSF': 0.5140655837567542, 'Frag/TestSF': 0.8461361775610647, 'Scaf/TestSF': 0.04338151962894243, 'IntDiv': 0.8314419029493754, 'IntDiv2': 0.8200522086568592, 'Filters': 0.9597381746325799, 'logP': 0.10841370981091693, 'SA': 0.09184494924091265, 'QED': 0.054830655789104496, 'weight': 12.60486534766015, 'Novelty': 0.9468102331606217}
Epoch: 48:
	Train Loss: 0.423 --- Reconstruction Loss: 0.402 --- KL Loss: 5.327 --- Beta: 0.003938
	Validity: 0.54% --- Uniquene@1000: 0.97% --- Unique@10000: 0.82%

{'valid': 0.6546000000000001, 'unique@1000': 0.971, 'unique@10000': 0.8336, 'FCD/Test': 16.401415427661732, 'SNN/Test': 0.5387433704604551, 'Frag/Test': 0.8435785265370452, 'Scaf/Test': 0.2372150506778462, 'FCD/TestSF': 16.902232012900313, 'SNN/TestSF': 0.5004088931724282, 'Frag/TestSF': 0.8418968649855235, 'Scaf/TestSF': 0.030638772755243404, 'IntDiv': 0.8431470254650046, 'IntDiv2': 0.8314409448934215, 'Filters': 0.9609939912414707, 'logP': 0.4985510091272677, 'SA': 0.04387190772829848, 'QED': 0.04797044571436779, 'weight': 10.438536739086091, 'Novelty': 0.9506007114571448}
Epoch: 49:
	Train Loss: 0.421 --- Reconstruction Loss: 0.400 --- KL Loss: 5.273 --- Beta: 0.004020
	Validity: 0.65% --- Uniquene@1000: 0.97% --- Unique@10000: 0.83%

{'valid': 0.4592666666666667, 'unique@1000': 0.935, 'unique@10000': 0.7612, 'FCD/Test': 15.895495252243407, 'SNN/Test': 0.5592831974625501, 'Frag/Test': 0.8621460449102653, 'Scaf/Test': 0.21667572933507662, 'FCD/TestSF': 16.314962240925354, 'SNN/TestSF': 0.5183921523499271, 'Frag/TestSF': 0.8594293302462785, 'Scaf/TestSF': 0.025302265013267045, 'IntDiv': 0.8351222293561156, 'IntDiv2': 0.8224546770054673, 'Filters': 0.9682101901582233, 'logP': 0.22908578690627232, 'SA': 0.10582532432924523, 'QED': 0.018898131983776607, 'weight': 17.421557556028695, 'Novelty': 0.9377630787733012}
Epoch: 50:
	Train Loss: 0.418 --- Reconstruction Loss: 0.397 --- KL Loss: 5.226 --- Beta: 0.004102
	Validity: 0.46% --- Uniquene@1000: 0.94% --- Unique@10000: 0.76%

slurmstepd: error: *** JOB 8257238 ON hpctpa3pc0044 CANCELLED AT 2024-02-15T10:04:48 ***
