2024-02-15 02:31:21.125125: E external/local_xla/xla/stream_executor/cuda/cuda_dnn.cc:9261] Unable to register cuDNN factory: Attempting to register factory for plugin cuDNN when one has already been registered
2024-02-15 02:31:21.125184: E external/local_xla/xla/stream_executor/cuda/cuda_fft.cc:607] Unable to register cuFFT factory: Attempting to register factory for plugin cuFFT when one has already been registered
2024-02-15 02:31:21.126308: E external/local_xla/xla/stream_executor/cuda/cuda_blas.cc:1515] Unable to register cuBLAS factory: Attempting to register factory for plugin cuBLAS when one has already been registered
2024-02-15 02:31:21.131374: I tensorflow/core/platform/cpu_feature_guard.cc:182] This TensorFlow binary is optimized to use available CPU instructions in performance-critical operations.
To enable the following instructions: AVX2 FMA, in other operations, rebuild TensorFlow with the appropriate compiler flags.
2024-02-15 02:31:21.928726: W tensorflow/compiler/tf2tensorrt/utils/py_utils.cc:38] TF-TRT Warning: Could not find TensorRT

Arguments:
	data_path: data/moses_train.txt
	max_len: 30
	batch: 128
	d_model: 512
	d_latent: 256
	d_ff: 1024
	e_heads: 1
	d_heads: 8
	n_layers: 6
	dropout: 0.5
	lr: 0.0005
	n_epochs: 80
	kl_type: cyclic
	kl_w_start: 0.0001
	kl_w_end: 0.001
	kl_cycle: 6
	kl_ratio: 1.0
	save_name: klcompare

Number of data: 88192

SMILES Vocab:
	 {'<START>': 0, '<END>': 1, '<PAD>': 2, 'C': 3, 'O': 4, 'c': 5, '1': 6, '(': 7, '=': 8, ')': 9, 'N': 10, 'n': 11, '2': 12, 'F': 13, 'Cl': 14, 'Br': 15, '#': 16, '3': 17, 'S': 18, 'o': 19, '-': 20, 's': 21, '[nH]': 22, '4': 23}

Graph Vocab:
	 {'C': 0, 'O': 1, 'N': 2, 'F': 3, 'Cl': 4, 'Br': 5, 'S': 6}


KL Annealer: [0.0001    0.0001675 0.000235  0.0003025 0.00037   0.0004375 0.000505
 0.0005725 0.00064   0.0007075 0.000775  0.0008425 0.00091   0.0001
 0.0001675 0.000235  0.0003025 0.00037   0.0004375 0.000505  0.0005725
 0.00064   0.0007075 0.000775  0.0008425 0.00091   0.0001    0.0001675
 0.000235  0.0003025 0.00037   0.0004375 0.000505  0.0005725 0.00064
 0.0007075 0.000775  0.0008425 0.00091   0.0009775 0.0001    0.0001675
 0.000235  0.0003025 0.00037   0.0004375 0.000505  0.0005725 0.00064
 0.0007075 0.000775  0.0008425 0.00091   0.0001    0.0001675 0.000235
 0.0003025 0.00037   0.0004375 0.000505  0.0005725 0.00064   0.0007075
 0.000775  0.0008425 0.00091   0.0001    0.0001675 0.000235  0.0003025
 0.00037   0.0004375 0.000505  0.0005725 0.00064   0.0007075 0.000775
 0.0008425 0.00091   0.0009775]




#########################################################################
######################### START TRAINING ################################
#########################################################################




{'valid': 0.5720000000000001, 'unique@1000': 0.813, 'unique@10000': 0.4708, 'FCD/Test': 23.957342024677075, 'SNN/Test': 0.5941492338462935, 'Frag/Test': 0.8511504046664811, 'Scaf/Test': 0.12840536035166583, 'FCD/TestSF': 25.35174391889356, 'SNN/TestSF': 0.4984186046424654, 'Frag/TestSF': 0.8357317736885138, 'Scaf/TestSF': 0.0502248272627106, 'IntDiv': 0.7613546341400521, 'IntDiv2': 0.7462122252748135, 'Filters': 0.9675407925407925, 'logP': 0.2127110299351582, 'SA': 0.19376843066528307, 'QED': 0.08994430417946343, 'weight': 12.917370490055154, 'Novelty': 0.9415730337078652}
Epoch: 31:
	Train Loss: 0.454 --- Reconstruction Loss: 0.443 --- KL Loss: 29.514 --- Beta: 0.000370
	Validity: 0.57% --- Uniquene@1000: 0.81% --- Unique@10000: 0.47%

{'valid': 0.5257000000000001, 'unique@1000': 0.84, 'unique@10000': 0.5401, 'FCD/Test': 24.9498377625749, 'SNN/Test': 0.6037726650389742, 'Frag/Test': 0.8530639362263424, 'Scaf/Test': 0.12164965200343392, 'FCD/TestSF': 26.221813426067115, 'SNN/TestSF': 0.5058864351468522, 'Frag/TestSF': 0.8392004163321073, 'Scaf/TestSF': 0.03566306956694065, 'IntDiv': 0.7625441543950797, 'IntDiv2': 0.7489620494411919, 'Filters': 0.9859235305307209, 'logP': 0.35887095686374115, 'SA': 0.23095200506653715, 'QED': 0.06544951125703036, 'weight': 9.045220081979616, 'Novelty': 0.9448117662933477}
Epoch: 32:
	Train Loss: 0.450 --- Reconstruction Loss: 0.438 --- KL Loss: 26.661 --- Beta: 0.000438
	Validity: 0.53% --- Uniquene@1000: 0.84% --- Unique@10000: 0.54%

{'valid': 0.6668333333333334, 'unique@1000': 0.855, 'unique@10000': 0.5592, 'FCD/Test': 23.16924266149931, 'SNN/Test': 0.5940796147328977, 'Frag/Test': 0.8400667376058931, 'Scaf/Test': 0.16887297266785084, 'FCD/TestSF': 24.51561407910014, 'SNN/TestSF': 0.5027249003478629, 'Frag/TestSF': 0.8262416400205602, 'Scaf/TestSF': 0.03327520190072375, 'IntDiv': 0.7727421341006553, 'IntDiv2': 0.7585392084779383, 'Filters': 0.9865033741564608, 'logP': 0.24045381688035242, 'SA': 0.2147209600303237, 'QED': 0.0916513121123998, 'weight': 10.877188878850593, 'Novelty': 0.938804975566415}
Epoch: 33:
	Train Loss: 0.445 --- Reconstruction Loss: 0.433 --- KL Loss: 24.186 --- Beta: 0.000505
	Validity: 0.67% --- Uniquene@1000: 0.85% --- Unique@10000: 0.56%

{'valid': 0.45640000000000003, 'unique@1000': 0.903, 'unique@10000': 0.5961, 'FCD/Test': 20.828334635938077, 'SNN/Test': 0.5807262578929616, 'Frag/Test': 0.8535911658527328, 'Scaf/Test': 0.1353931936955992, 'FCD/TestSF': 21.96952641019635, 'SNN/TestSF': 0.501801014172902, 'Frag/TestSF': 0.8397103342659761, 'Scaf/TestSF': 0.06828730917750714, 'IntDiv': 0.780866194136739, 'IntDiv2': 0.7671681554348773, 'Filters': 0.9694712240724511, 'logP': 0.26802275404151193, 'SA': 0.16986916543761316, 'QED': 0.08080047832138486, 'weight': 9.210271066499223, 'Novelty': 0.9426480372588157}
Epoch: 34:
	Train Loss: 0.439 --- Reconstruction Loss: 0.427 --- KL Loss: 21.867 --- Beta: 0.000572
	Validity: 0.46% --- Uniquene@1000: 0.90% --- Unique@10000: 0.60%

{'valid': 0.42113333333333336, 'unique@1000': 0.908, 'unique@10000': 0.6341, 'FCD/Test': 20.318157228613686, 'SNN/Test': 0.5924931561666632, 'Frag/Test': 0.8726040487370719, 'Scaf/Test': 0.33313224871567293, 'FCD/TestSF': 21.723882409439952, 'SNN/TestSF': 0.5064626584560485, 'Frag/TestSF': 0.8580241624871627, 'Scaf/TestSF': 0.03856773926226331, 'IntDiv': 0.7839142311325271, 'IntDiv2': 0.7710440256731218, 'Filters': 0.9799746715212918, 'logP': 0.2617790951310122, 'SA': 0.2100079860146346, 'QED': 0.07816711289128878, 'weight': 13.877933226100755, 'Novelty': 0.9380203515263644}
Epoch: 35:
	Train Loss: 0.434 --- Reconstruction Loss: 0.421 --- KL Loss: 20.144 --- Beta: 0.000640
	Validity: 0.42% --- Uniquene@1000: 0.91% --- Unique@10000: 0.63%

{'valid': 0.5046999999999999, 'unique@1000': 0.92, 'unique@10000': 0.6708, 'FCD/Test': 16.901386898424377, 'SNN/Test': 0.5980562322340194, 'Frag/Test': 0.9077497265620843, 'Scaf/Test': 0.3041422756834655, 'FCD/TestSF': 17.910801179189022, 'SNN/TestSF': 0.5220611468700537, 'Frag/TestSF': 0.89717977661977, 'Scaf/TestSF': 0.03146015259793511, 'IntDiv': 0.804814196219076, 'IntDiv2': 0.7931921243580146, 'Filters': 0.9790634700482135, 'logP': 0.4063122505122456, 'SA': 0.23653596699870233, 'QED': 0.03500403597132386, 'weight': 15.99542749267444, 'Novelty': 0.9278908618449545}
Epoch: 36:
	Train Loss: 0.430 --- Reconstruction Loss: 0.417 --- KL Loss: 18.639 --- Beta: 0.000707
	Validity: 0.50% --- Uniquene@1000: 0.92% --- Unique@10000: 0.67%

{'valid': 0.4694666666666667, 'unique@1000': 0.949, 'unique@10000': 0.7305, 'FCD/Test': 16.863204349361375, 'SNN/Test': 0.580692247016521, 'Frag/Test': 0.9016264197048545, 'Scaf/Test': 0.23512531047481944, 'FCD/TestSF': 17.847261240420977, 'SNN/TestSF': 0.5087742376062163, 'Frag/TestSF': 0.8910265583046127, 'Scaf/TestSF': 0.030731713969881724, 'IntDiv': 0.8122765038477557, 'IntDiv2': 0.8005229153939593, 'Filters': 0.9751491053677932, 'logP': 0.39019657525706253, 'SA': 0.16935718413820305, 'QED': 0.03882478287129105, 'weight': 13.901805027822178, 'Novelty': 0.936514566148063}
Epoch: 37:
	Train Loss: 0.425 --- Reconstruction Loss: 0.412 --- KL Loss: 17.354 --- Beta: 0.000775
	Validity: 0.47% --- Uniquene@1000: 0.95% --- Unique@10000: 0.73%

{'valid': 0.4961333333333333, 'unique@1000': 0.959, 'unique@10000': 0.8024, 'FCD/Test': 15.383600478019176, 'SNN/Test': 0.577279095196317, 'Frag/Test': 0.9005969446699305, 'Scaf/Test': 0.2738534773514105, 'FCD/TestSF': 16.075262728522397, 'SNN/TestSF': 0.517408452396454, 'Frag/TestSF': 0.8909663753102915, 'Scaf/TestSF': 0.07858059945964446, 'IntDiv': 0.8148458701776548, 'IntDiv2': 0.8038270302442192, 'Filters': 0.9703708680462242, 'logP': 0.4343286098535303, 'SA': 0.19260246025459293, 'QED': 0.044641020098752406, 'weight': 9.524116291412993, 'Novelty': 0.9351545006717421}
Epoch: 38:
	Train Loss: 0.421 --- Reconstruction Loss: 0.408 --- KL Loss: 16.338 --- Beta: 0.000842
	Validity: 0.50% --- Uniquene@1000: 0.96% --- Unique@10000: 0.80%

{'valid': 0.4171, 'unique@1000': 0.96, 'unique@10000': 0.7995, 'FCD/Test': 14.899084846065549, 'SNN/Test': 0.5708545289893788, 'Frag/Test': 0.8899236932800806, 'Scaf/Test': 0.19232606106220707, 'FCD/TestSF': 15.864959059921674, 'SNN/TestSF': 0.5089068293207071, 'Frag/TestSF': 0.8782973117287509, 'Scaf/TestSF': 0.035185801408969875, 'IntDiv': 0.8143928299817826, 'IntDiv2': 0.804102804360225, 'Filters': 0.9621993127147767, 'logP': 0.22022252294500033, 'SA': 0.1463212722427769, 'QED': 0.04713671592477104, 'weight': 14.118069609266593, 'Novelty': 0.9336360821550211}
Epoch: 39:
	Train Loss: 0.418 --- Reconstruction Loss: 0.404 --- KL Loss: 15.461 --- Beta: 0.000910
	Validity: 0.42% --- Uniquene@1000: 0.96% --- Unique@10000: 0.80%

/home/80027464/graphvae/metrics.py:527: UserWarning: Can't compute unique@10000.gen contains only 7298 molecules
  warnings.warn(
{'valid': 0.24326666666666663, 'unique@1000': 0.943, 'unique@10000': 0.7770622088243354, 'FCD/Test': 14.64381522115876, 'SNN/Test': 0.5846203885366081, 'Frag/Test': 0.9086139634631945, 'Scaf/Test': 0.1962013256217332, 'FCD/TestSF': 14.911749775861878, 'SNN/TestSF': 0.5310961746044863, 'Frag/TestSF': 0.9023120798754619, 'Scaf/TestSF': 0.03598090828158451, 'IntDiv': 0.8234518504575473, 'IntDiv2': 0.8118257581999904, 'Filters': 0.9564264181967662, 'logP': 0.33944050336597237, 'SA': 0.1328918490261586, 'QED': 0.02642463613188208, 'weight': 10.352622429267553, 'Novelty': 0.9236466231705167}
Epoch: 40:
	Train Loss: 0.414 --- Reconstruction Loss: 0.399 --- KL Loss: 14.621 --- Beta: 0.000977
	Validity: 0.24% --- Uniquene@1000: 0.94% --- Unique@10000: 0.78%

{'valid': 0.5195000000000001, 'unique@1000': 0.946, 'unique@10000': 0.7625, 'FCD/Test': 16.89689187057389, 'SNN/Test': 0.5766600988826807, 'Frag/Test': 0.899659919094472, 'Scaf/Test': 0.17793372016854692, 'FCD/TestSF': 17.887358689058495, 'SNN/TestSF': 0.5059990350762965, 'Frag/TestSF': 0.8880090810241393, 'Scaf/TestSF': 0.049019861904033735, 'IntDiv': 0.8044119296157357, 'IntDiv2': 0.7943158384960678, 'Filters': 0.9797240936798204, 'logP': 0.36813111424306777, 'SA': 0.16070001191306538, 'QED': 0.046987544919408195, 'weight': 12.699521864522605, 'Novelty': 0.940460947503201}
Epoch: 41:
	Train Loss: 0.393 --- Reconstruction Loss: 0.390 --- KL Loss: 30.029 --- Beta: 0.000100
	Validity: 0.52% --- Uniquene@1000: 0.95% --- Unique@10000: 0.76%

{'valid': 0.5960333333333334, 'unique@1000': 0.95, 'unique@10000': 0.7828, 'FCD/Test': 15.962182151827221, 'SNN/Test': 0.5670799177706052, 'Frag/Test': 0.902519895383326, 'Scaf/Test': 0.19681424517148371, 'FCD/TestSF': 16.763921764529982, 'SNN/TestSF': 0.504331112623808, 'Frag/TestSF': 0.8909186499053483, 'Scaf/TestSF': 0.07637313940038659, 'IntDiv': 0.8076324485941775, 'IntDiv2': 0.7980476455036349, 'Filters': 0.9736032660365751, 'logP': 0.27529155256046656, 'SA': 0.13399070123570364, 'QED': 0.05056619090413732, 'weight': 19.178929266670824, 'Novelty': 0.9406712890009454}
Epoch: 42:
	Train Loss: 0.391 --- Reconstruction Loss: 0.385 --- KL Loss: 30.253 --- Beta: 0.000168
	Validity: 0.60% --- Uniquene@1000: 0.95% --- Unique@10000: 0.78%

{'valid': 0.5578333333333334, 'unique@1000': 0.965, 'unique@10000': 0.7891, 'FCD/Test': 15.823805409519153, 'SNN/Test': 0.5756970010170268, 'Frag/Test': 0.9191557059848593, 'Scaf/Test': 0.27782214518493287, 'FCD/TestSF': 16.72420192026275, 'SNN/TestSF': 0.5081838704710189, 'Frag/TestSF': 0.9091067113276361, 'Scaf/TestSF': 0.05004913188350757, 'IntDiv': 0.8150357522191929, 'IntDiv2': 0.804676727384821, 'Filters': 0.9750821631311622, 'logP': 0.3030773035359089, 'SA': 0.15063749687531244, 'QED': 0.026958383718761688, 'weight': 19.816988430717252, 'Novelty': 0.932008281573499}
Epoch: 43:
	Train Loss: 0.388 --- Reconstruction Loss: 0.382 --- KL Loss: 28.155 --- Beta: 0.000235
	Validity: 0.56% --- Uniquene@1000: 0.96% --- Unique@10000: 0.79%

{'valid': 0.5377666666666667, 'unique@1000': 0.946, 'unique@10000': 0.7934, 'FCD/Test': 14.7812554735821, 'SNN/Test': 0.5687676165704355, 'Frag/Test': 0.9278157851520339, 'Scaf/Test': 0.22125950010551032, 'FCD/TestSF': 15.59359077007069, 'SNN/TestSF': 0.5098222312185818, 'Frag/TestSF': 0.9172117420073875, 'Scaf/TestSF': 0.061595707016963486, 'IntDiv': 0.823159928135982, 'IntDiv2': 0.8130236222455177, 'Filters': 0.969565486890225, 'logP': 0.15523942748069589, 'SA': 0.13161531323165546, 'QED': 0.017431301637322136, 'weight': 23.441969209830603, 'Novelty': 0.9236058700209644}
Epoch: 44:
	Train Loss: 0.385 --- Reconstruction Loss: 0.377 --- KL Loss: 25.969 --- Beta: 0.000303
	Validity: 0.54% --- Uniquene@1000: 0.95% --- Unique@10000: 0.79%

{'valid': 0.6472, 'unique@1000': 0.965, 'unique@10000': 0.8029, 'FCD/Test': 15.324212680805985, 'SNN/Test': 0.5744526861477252, 'Frag/Test': 0.9092026014858967, 'Scaf/Test': 0.2743308956252344, 'FCD/TestSF': 16.210461226674745, 'SNN/TestSF': 0.5101985276047775, 'Frag/TestSF': 0.8992929603814973, 'Scaf/TestSF': 0.03418675540673077, 'IntDiv': 0.8198758250830364, 'IntDiv2': 0.809155266271079, 'Filters': 0.9807890399670375, 'logP': 0.23673919095790816, 'SA': 0.15779200304615856, 'QED': 0.02797040076756662, 'weight': 19.45639788060737, 'Novelty': 0.9288397476787866}
Epoch: 45:
	Train Loss: 0.382 --- Reconstruction Loss: 0.374 --- KL Loss: 23.851 --- Beta: 0.000370
	Validity: 0.65% --- Uniquene@1000: 0.96% --- Unique@10000: 0.80%

{'valid': 0.5581, 'unique@1000': 0.964, 'unique@10000': 0.8142, 'FCD/Test': 14.961976047101416, 'SNN/Test': 0.5657356972194008, 'Frag/Test': 0.9052296860831492, 'Scaf/Test': 0.2563644908981796, 'FCD/TestSF': 15.968666296940484, 'SNN/TestSF': 0.49886340317792777, 'Frag/TestSF': 0.8948006989635809, 'Scaf/TestSF': 0.03323680570963561, 'IntDiv': 0.8222307778919844, 'IntDiv2': 0.8109873924676083, 'Filters': 0.9738398136534672, 'logP': 0.2654099992363011, 'SA': 0.1307278682856419, 'QED': 0.03386204050717611, 'weight': 18.88359629322617, 'Novelty': 0.9359664397657116}
Epoch: 46:
	Train Loss: 0.380 --- Reconstruction Loss: 0.371 --- KL Loss: 22.176 --- Beta: 0.000438
	Validity: 0.56% --- Uniquene@1000: 0.96% --- Unique@10000: 0.81%

{'valid': 0.6190333333333333, 'unique@1000': 0.973, 'unique@10000': 0.8407, 'FCD/Test': 15.329707379131833, 'SNN/Test': 0.5650301000291815, 'Frag/Test': 0.9134352336028904, 'Scaf/Test': 0.2492953806953213, 'FCD/TestSF': 16.384481418012186, 'SNN/TestSF': 0.4956289652678226, 'Frag/TestSF': 0.9028297902475734, 'Scaf/TestSF': 0.053430003610736465, 'IntDiv': 0.8155293343255909, 'IntDiv2': 0.8048630378734944, 'Filters': 0.9761456033600775, 'logP': 0.19365361402831682, 'SA': 0.1305667385027363, 'QED': 0.03669167348281757, 'weight': 20.774470233616224, 'Novelty': 0.9337101388598144}
Epoch: 47:
	Train Loss: 0.377 --- Reconstruction Loss: 0.366 --- KL Loss: 20.624 --- Beta: 0.000505
	Validity: 0.62% --- Uniquene@1000: 0.97% --- Unique@10000: 0.84%

{'valid': 0.6715666666666666, 'unique@1000': 0.966, 'unique@10000': 0.8646, 'FCD/Test': 14.524015998519062, 'SNN/Test': 0.5690471407856463, 'Frag/Test': 0.9090081949474674, 'Scaf/Test': 0.29649169170532563, 'FCD/TestSF': 15.247232251880675, 'SNN/TestSF': 0.511461598480133, 'Frag/TestSF': 0.8996763546104649, 'Scaf/TestSF': 0.05737204026333942, 'IntDiv': 0.8226607223834178, 'IntDiv2': 0.8124656682229957, 'Filters': 0.9678364024420509, 'logP': 0.22816223861871573, 'SA': 0.15910536228981215, 'QED': 0.036687117782908736, 'weight': 15.866997638420367, 'Novelty': 0.933025979689739}
Epoch: 48:
	Train Loss: 0.374 --- Reconstruction Loss: 0.363 --- KL Loss: 19.360 --- Beta: 0.000572
	Validity: 0.67% --- Uniquene@1000: 0.97% --- Unique@10000: 0.86%

{'valid': 0.4710333333333333, 'unique@1000': 0.982, 'unique@10000': 0.8824, 'FCD/Test': 13.995207978226624, 'SNN/Test': 0.5489953506447168, 'Frag/Test': 0.921367223943968, 'Scaf/Test': 0.25624335265057985, 'FCD/TestSF': 14.788554970711132, 'SNN/TestSF': 0.49027781349299493, 'Frag/TestSF': 0.9120471905230594, 'Scaf/TestSF': 0.05078290204716407, 'IntDiv': 0.8278854231571835, 'IntDiv2': 0.8179192782437508, 'Filters': 0.959663151935461, 'logP': 0.30734501094169125, 'SA': 0.06424131812359123, 'QED': 0.03925293055923638, 'weight': 17.595248974039748, 'Novelty': 0.9428879310344828}
Epoch: 49:
	Train Loss: 0.372 --- Reconstruction Loss: 0.361 --- KL Loss: 18.320 --- Beta: 0.000640
	Validity: 0.47% --- Uniquene@1000: 0.98% --- Unique@10000: 0.88%

{'valid': 0.5587, 'unique@1000': 0.975, 'unique@10000': 0.874, 'FCD/Test': 14.459307818979404, 'SNN/Test': 0.559829091972059, 'Frag/Test': 0.9195910466193198, 'Scaf/Test': 0.2671037574072843, 'FCD/TestSF': 15.311213683446347, 'SNN/TestSF': 0.49917281079204107, 'Frag/TestSF': 0.9097592477119371, 'Scaf/TestSF': 0.062120423833193605, 'IntDiv': 0.8249777538245726, 'IntDiv2': 0.8150144182030045, 'Filters': 0.9705268182089374, 'logP': 0.19848908622847877, 'SA': 0.10383353756918685, 'QED': 0.02336237079725042, 'weight': 17.83230485903462, 'Novelty': 0.9356661595305369}
Epoch: 50:
	Train Loss: 0.370 --- Reconstruction Loss: 0.358 --- KL Loss: 17.475 --- Beta: 0.000707
	Validity: 0.56% --- Uniquene@1000: 0.97% --- Unique@10000: 0.87%

{'valid': 0.6777, 'unique@1000': 0.984, 'unique@10000': 0.8893, 'FCD/Test': 13.45539603476091, 'SNN/Test': 0.5649400862530889, 'Frag/Test': 0.9098007899283936, 'Scaf/Test': 0.33790610681239486, 'FCD/TestSF': 14.136257641932836, 'SNN/TestSF': 0.511145786057067, 'Frag/TestSF': 0.902772971360545, 'Scaf/TestSF': 0.05268382126499205, 'IntDiv': 0.8314775117854455, 'IntDiv2': 0.8217887983163281, 'Filters': 0.9723574836456642, 'logP': 0.16523516419939854, 'SA': 0.13995756028720124, 'QED': 0.023366102194115328, 'weight': 17.373376554208125, 'Novelty': 0.9283758037628007}
Epoch: 51:
	Train Loss: 0.368 --- Reconstruction Loss: 0.355 --- KL Loss: 16.609 --- Beta: 0.000775
	Validity: 0.68% --- Uniquene@1000: 0.98% --- Unique@10000: 0.89%

{'valid': 0.5326666666666666, 'unique@1000': 0.979, 'unique@10000': 0.8905, 'FCD/Test': 14.115188890764891, 'SNN/Test': 0.563561605384226, 'Frag/Test': 0.8960778768598935, 'Scaf/Test': 0.296640103195726, 'FCD/TestSF': 15.054287287857953, 'SNN/TestSF': 0.5017170150070749, 'Frag/TestSF': 0.8857157210285385, 'Scaf/TestSF': 0.03504030509278411, 'IntDiv': 0.825622002656512, 'IntDiv2': 0.8157520443503046, 'Filters': 0.972090112640801, 'logP': 0.11515473312657275, 'SA': 0.1050345421265681, 'QED': 0.04504390949308165, 'weight': 17.011906463466016, 'Novelty': 0.9300750772854409}
Epoch: 52:
	Train Loss: 0.366 --- Reconstruction Loss: 0.353 --- KL Loss: 15.927 --- Beta: 0.000842
	Validity: 0.53% --- Uniquene@1000: 0.98% --- Unique@10000: 0.89%

{'valid': 0.5543333333333333, 'unique@1000': 0.981, 'unique@10000': 0.8938, 'FCD/Test': 13.141388607825945, 'SNN/Test': 0.5563851434022852, 'Frag/Test': 0.9044662753405267, 'Scaf/Test': 0.28296005915628664, 'FCD/TestSF': 13.79774475754536, 'SNN/TestSF': 0.4981464644323898, 'Frag/TestSF': 0.8959280946697424, 'Scaf/TestSF': 0.06171155786083837, 'IntDiv': 0.8328331454089093, 'IntDiv2': 0.8231298522781402, 'Filters': 0.9678292242934455, 'logP': 0.24626623527581765, 'SA': 0.11181572092878785, 'QED': 0.04228557672822904, 'weight': 16.52238990481106, 'Novelty': 0.9380649717514125}
Epoch: 53:
	Train Loss: 0.363 --- Reconstruction Loss: 0.350 --- KL Loss: 15.211 --- Beta: 0.000910
	Validity: 0.55% --- Uniquene@1000: 0.98% --- Unique@10000: 0.89%

{'valid': 0.5860666666666667, 'unique@1000': 0.984, 'unique@10000': 0.8826, 'FCD/Test': 12.760325478049516, 'SNN/Test': 0.541640558078446, 'Frag/Test': 0.9391609926108075, 'Scaf/Test': 0.2774646765128286, 'FCD/TestSF': 13.363449092017326, 'SNN/TestSF': 0.49448723924429855, 'Frag/TestSF': 0.9323623563441749, 'Scaf/TestSF': 0.05928186174363448, 'IntDiv': 0.8418407195014146, 'IntDiv2': 0.832468559099764, 'Filters': 0.9561483335229212, 'logP': 0.1812274491725461, 'SA': 0.01926504707959039, 'QED': 0.012016192285804077, 'weight': 25.414943116847596, 'Novelty': 0.939668072371106}
Epoch: 54:
	Train Loss: 0.346 --- Reconstruction Loss: 0.343 --- KL Loss: 28.512 --- Beta: 0.000100
	Validity: 0.59% --- Uniquene@1000: 0.98% --- Unique@10000: 0.88%

{'valid': 0.5500666666666667, 'unique@1000': 0.976, 'unique@10000': 0.8691, 'FCD/Test': 13.751100679435254, 'SNN/Test': 0.5420792290229549, 'Frag/Test': 0.9169227009838247, 'Scaf/Test': 0.25062304466899, 'FCD/TestSF': 14.601798522577234, 'SNN/TestSF': 0.48270101751624245, 'Frag/TestSF': 0.9087193696769378, 'Scaf/TestSF': 0.04564945811751986, 'IntDiv': 0.8357032286888897, 'IntDiv2': 0.8263460348299037, 'Filters': 0.9572173069930917, 'logP': 0.21408243650916345, 'SA': 0.036793376959383506, 'QED': 0.012473895585933805, 'weight': 25.686327346250685, 'Novelty': 0.9366295777761403}
Epoch: 55:
	Train Loss: 0.345 --- Reconstruction Loss: 0.340 --- KL Loss: 28.599 --- Beta: 0.000168
	Validity: 0.55% --- Uniquene@1000: 0.98% --- Unique@10000: 0.87%

{'valid': 0.6181, 'unique@1000': 0.98, 'unique@10000': 0.8817, 'FCD/Test': 13.19137990562767, 'SNN/Test': 0.5402863454932515, 'Frag/Test': 0.9312132743187229, 'Scaf/Test': 0.3033072248012538, 'FCD/TestSF': 14.038396706789804, 'SNN/TestSF': 0.4883517520970809, 'Frag/TestSF': 0.923480711893701, 'Scaf/TestSF': 0.040920632688680514, 'IntDiv': 0.843066148695375, 'IntDiv2': 0.8334838153965332, 'Filters': 0.9701774254435636, 'logP': 0.1586701511994532, 'SA': 0.03566522731754365, 'QED': 0.011457842885639119, 'weight': 29.91780633879378, 'Novelty': 0.932250032761106}
Epoch: 56:
	Train Loss: 0.343 --- Reconstruction Loss: 0.337 --- KL Loss: 26.413 --- Beta: 0.000235
	Validity: 0.62% --- Uniquene@1000: 0.98% --- Unique@10000: 0.88%

{'valid': 0.6888333333333334, 'unique@1000': 0.993, 'unique@10000': 0.8809, 'FCD/Test': 13.094095881194242, 'SNN/Test': 0.5576585348361115, 'Frag/Test': 0.9206680887094211, 'Scaf/Test': 0.3306228685208914, 'FCD/TestSF': 13.967953497297337, 'SNN/TestSF': 0.4996629058694597, 'Frag/TestSF': 0.9110941357599056, 'Scaf/TestSF': 0.04533814113908463, 'IntDiv': 0.8357258940590637, 'IntDiv2': 0.8261238556061151, 'Filters': 0.9680619404790709, 'logP': 0.18830474345973205, 'SA': 0.08409065679008237, 'QED': 0.017350007100557716, 'weight': 26.467742223760023, 'Novelty': 0.9305712417523628}
Epoch: 57:
	Train Loss: 0.342 --- Reconstruction Loss: 0.335 --- KL Loss: 24.616 --- Beta: 0.000303
	Validity: 0.69% --- Uniquene@1000: 0.99% --- Unique@10000: 0.88%

{'valid': 0.5597, 'unique@1000': 0.984, 'unique@10000': 0.8866, 'FCD/Test': 12.608675511536418, 'SNN/Test': 0.5485114607828865, 'Frag/Test': 0.9284601977401189, 'Scaf/Test': 0.30846339197504347, 'FCD/TestSF': 13.207978570347535, 'SNN/TestSF': 0.4988727652973689, 'Frag/TestSF': 0.9229074825573713, 'Scaf/TestSF': 0.06450104860318195, 'IntDiv': 0.8448926176914899, 'IntDiv2': 0.83549192885029, 'Filters': 0.965338574236198, 'logP': 0.20166955190767108, 'SA': 0.06662004428081468, 'QED': 0.009445471715798246, 'weight': 29.46582016598109, 'Novelty': 0.9243983814864769}
Epoch: 58:
	Train Loss: 0.341 --- Reconstruction Loss: 0.333 --- KL Loss: 22.888 --- Beta: 0.000370
	Validity: 0.56% --- Uniquene@1000: 0.98% --- Unique@10000: 0.89%

{'valid': 0.7411333333333333, 'unique@1000': 0.979, 'unique@10000': 0.9044, 'FCD/Test': 13.046462178605822, 'SNN/Test': 0.5550000013024073, 'Frag/Test': 0.9364331744485519, 'Scaf/Test': 0.36120338483357894, 'FCD/TestSF': 13.810867641518229, 'SNN/TestSF': 0.502128611319521, 'Frag/TestSF': 0.9286773935248085, 'Scaf/TestSF': 0.05609856929103996, 'IntDiv': 0.8354353678289601, 'IntDiv2': 0.8262547502157267, 'Filters': 0.9732841593955204, 'logP': 0.1515189129885785, 'SA': 0.08953153592338296, 'QED': 0.011855201779611331, 'weight': 27.380059154743012, 'Novelty': 0.9284478096268253}
Epoch: 59:
	Train Loss: 0.340 --- Reconstruction Loss: 0.331 --- KL Loss: 21.449 --- Beta: 0.000438
	Validity: 0.74% --- Uniquene@1000: 0.98% --- Unique@10000: 0.90%

{'valid': 0.5225333333333333, 'unique@1000': 0.984, 'unique@10000': 0.9148, 'FCD/Test': 12.976364235141872, 'SNN/Test': 0.5416901265433793, 'Frag/Test': 0.9311588268313157, 'Scaf/Test': 0.38640972577936306, 'FCD/TestSF': 13.896245065152549, 'SNN/TestSF': 0.48621375315151794, 'Frag/TestSF': 0.9231144446634946, 'Scaf/TestSF': 0.05843895126745824, 'IntDiv': 0.8434061496977372, 'IntDiv2': 0.8338320910751076, 'Filters': 0.9705919877519775, 'logP': 0.13485417008344514, 'SA': 0.05186552934906903, 'QED': 0.021302401451900765, 'weight': 26.682711347548462, 'Novelty': 0.9364814948938944}
Epoch: 60:
	Train Loss: 0.339 --- Reconstruction Loss: 0.329 --- KL Loss: 20.278 --- Beta: 0.000505
	Validity: 0.52% --- Uniquene@1000: 0.98% --- Unique@10000: 0.91%

{'valid': 0.6457666666666666, 'unique@1000': 0.992, 'unique@10000': 0.915, 'FCD/Test': 13.000152940332939, 'SNN/Test': 0.5543529374105464, 'Frag/Test': 0.9314043825190174, 'Scaf/Test': 0.28962194567797084, 'FCD/TestSF': 13.774133985173158, 'SNN/TestSF': 0.49602273925665835, 'Frag/TestSF': 0.9216161083491142, 'Scaf/TestSF': 0.05347749816907954, 'IntDiv': 0.8337199111249971, 'IntDiv2': 0.8241313678867637, 'Filters': 0.9709389356320652, 'logP': 0.14643366278124892, 'SA': 0.07169127677331412, 'QED': 0.021484798517604868, 'weight': 22.493693035722366, 'Novelty': 0.9322417386126823}
Epoch: 61:
	Train Loss: 0.337 --- Reconstruction Loss: 0.326 --- KL Loss: 19.064 --- Beta: 0.000572
	Validity: 0.65% --- Uniquene@1000: 0.99% --- Unique@10000: 0.92%

{'valid': 0.6008, 'unique@1000': 0.991, 'unique@10000': 0.936, 'FCD/Test': 13.04418667504806, 'SNN/Test': 0.5356132105138373, 'Frag/Test': 0.9087532824099344, 'Scaf/Test': 0.33433803816106744, 'FCD/TestSF': 13.926323385636316, 'SNN/TestSF': 0.47967715199195143, 'Frag/TestSF': 0.9002926569451615, 'Scaf/TestSF': 0.07070163220200176, 'IntDiv': 0.8443615223137296, 'IntDiv2': 0.8351514444992871, 'Filters': 0.9710940967598757, 'logP': 0.15327569990792572, 'SA': 0.026457050442493215, 'QED': 0.025006933071815837, 'weight': 26.24039140302644, 'Novelty': 0.939313331271265}
Epoch: 62:
	Train Loss: 0.338 --- Reconstruction Loss: 0.326 --- KL Loss: 18.212 --- Beta: 0.000640
	Validity: 0.60% --- Uniquene@1000: 0.99% --- Unique@10000: 0.94%

{'valid': 0.7369333333333333, 'unique@1000': 0.989, 'unique@10000': 0.9162, 'FCD/Test': 12.125288468016294, 'SNN/Test': 0.5542540893434497, 'Frag/Test': 0.9122668375806915, 'Scaf/Test': 0.373815878278857, 'FCD/TestSF': 12.994126566819233, 'SNN/TestSF': 0.4996360866809562, 'Frag/TestSF': 0.9034802878945531, 'Scaf/TestSF': 0.06643875086743833, 'IntDiv': 0.837927784126117, 'IntDiv2': 0.8284584278573333, 'Filters': 0.9727248055002714, 'logP': 0.12939280288815075, 'SA': 0.08599019953464686, 'QED': 0.02047220726634936, 'weight': 22.168483395125776, 'Novelty': 0.9272727272727272}
Epoch: 63:
	Train Loss: 0.335 --- Reconstruction Loss: 0.323 --- KL Loss: 17.353 --- Beta: 0.000707
	Validity: 0.74% --- Uniquene@1000: 0.99% --- Unique@10000: 0.92%

{'valid': 0.6815333333333333, 'unique@1000': 0.991, 'unique@10000': 0.9418, 'FCD/Test': 12.607484155813573, 'SNN/Test': 0.5393719687288281, 'Frag/Test': 0.8959542536308279, 'Scaf/Test': 0.3256407507640048, 'FCD/TestSF': 13.370164950702915, 'SNN/TestSF': 0.4867779202580709, 'Frag/TestSF': 0.8878839756642334, 'Scaf/TestSF': 0.04740051739367035, 'IntDiv': 0.846821512365305, 'IntDiv2': 0.8373651090171997, 'Filters': 0.9690403991000685, 'logP': 0.24404614672942088, 'SA': 0.04149598810732957, 'QED': 0.024323323952715945, 'weight': 24.852429548421235, 'Novelty': 0.9365044849143789}
Epoch: 64:
	Train Loss: 0.335 --- Reconstruction Loss: 0.322 --- KL Loss: 16.668 --- Beta: 0.000775
	Validity: 0.68% --- Uniquene@1000: 0.99% --- Unique@10000: 0.94%

{'valid': 0.6545000000000001, 'unique@1000': 0.988, 'unique@10000': 0.9284, 'FCD/Test': 12.102240982524947, 'SNN/Test': 0.5455305061663324, 'Frag/Test': 0.9189112863053489, 'Scaf/Test': 0.3230740081119188, 'FCD/TestSF': 12.788347447950855, 'SNN/TestSF': 0.4937156295993415, 'Frag/TestSF': 0.9122965583076932, 'Scaf/TestSF': 0.05132818024819874, 'IntDiv': 0.8466682582749889, 'IntDiv2': 0.8371468528087174, 'Filters': 0.9688311688311688, 'logP': 0.1807190181884021, 'SA': 0.05838291209927844, 'QED': 0.01892615766164263, 'weight': 21.460326751316554, 'Novelty': 0.9303095417852373}
Epoch: 65:
	Train Loss: 0.334 --- Reconstruction Loss: 0.321 --- KL Loss: 15.933 --- Beta: 0.000842
	Validity: 0.65% --- Uniquene@1000: 0.99% --- Unique@10000: 0.93%

{'valid': 0.5714, 'unique@1000': 0.989, 'unique@10000': 0.9279, 'FCD/Test': 12.528366205449338, 'SNN/Test': 0.5380094905591751, 'Frag/Test': 0.8828967966325229, 'Scaf/Test': 0.3274291673605553, 'FCD/TestSF': 13.267533376834137, 'SNN/TestSF': 0.48903888503439213, 'Frag/TestSF': 0.877153827878506, 'Scaf/TestSF': 0.04355783750245679, 'IntDiv': 0.8472998308917086, 'IntDiv2': 0.8379111735056941, 'Filters': 0.9698401586746004, 'logP': 0.24168105800602427, 'SA': 0.04056849862661834, 'QED': 0.0173095833408691, 'weight': 24.962611984800915, 'Novelty': 0.9305193110647182}
Epoch: 66:
	Train Loss: 0.333 --- Reconstruction Loss: 0.319 --- KL Loss: 15.331 --- Beta: 0.000910
	Validity: 0.57% --- Uniquene@1000: 0.99% --- Unique@10000: 0.93%

{'valid': 0.6664, 'unique@1000': 0.978, 'unique@10000': 0.914, 'FCD/Test': 12.579354492404896, 'SNN/Test': 0.5451566207723147, 'Frag/Test': 0.9182901710758092, 'Scaf/Test': 0.32993401481900253, 'FCD/TestSF': 13.30680916673792, 'SNN/TestSF': 0.49076079050687943, 'Frag/TestSF': 0.9104738912885179, 'Scaf/TestSF': 0.047478926428564105, 'IntDiv': 0.8456417781979225, 'IntDiv2': 0.8359793423002679, 'Filters': 0.9699379751900761, 'logP': 0.2144697236260442, 'SA': 0.06017875532571563, 'QED': 0.0243877806958572, 'weight': 26.693459912224633, 'Novelty': 0.9315044658392297}
Epoch: 67:
	Train Loss: 0.315 --- Reconstruction Loss: 0.313 --- KL Loss: 27.660 --- Beta: 0.000100
	Validity: 0.67% --- Uniquene@1000: 0.98% --- Unique@10000: 0.91%

{'valid': 0.7102666666666666, 'unique@1000': 0.984, 'unique@10000': 0.8993, 'FCD/Test': 12.260938182505356, 'SNN/Test': 0.5495650031823635, 'Frag/Test': 0.9433045150245113, 'Scaf/Test': 0.3847680979167054, 'FCD/TestSF': 12.929119887936174, 'SNN/TestSF': 0.499913421577157, 'Frag/TestSF': 0.9350597335046126, 'Scaf/TestSF': 0.04790395326729091, 'IntDiv': 0.8426524065123152, 'IntDiv2': 0.832890714569892, 'Filters': 0.9677116575933922, 'logP': 0.21579464693608694, 'SA': 0.07204900081209695, 'QED': 0.013692012608592959, 'weight': 24.931409535617664, 'Novelty': 0.9236449068635677}
Epoch: 68:
	Train Loss: 0.315 --- Reconstruction Loss: 0.310 --- KL Loss: 27.796 --- Beta: 0.000168
	Validity: 0.71% --- Uniquene@1000: 0.98% --- Unique@10000: 0.90%

{'valid': 0.7402333333333333, 'unique@1000': 0.993, 'unique@10000': 0.929, 'FCD/Test': 12.696720914374431, 'SNN/Test': 0.5396432594956511, 'Frag/Test': 0.9088467737170046, 'Scaf/Test': 0.349604950065421, 'FCD/TestSF': 13.533194141704612, 'SNN/TestSF': 0.4850478180522142, 'Frag/TestSF': 0.8989474717765301, 'Scaf/TestSF': 0.050922891758463096, 'IntDiv': 0.843122147571363, 'IntDiv2': 0.8338673970321132, 'Filters': 0.9748727878596839, 'logP': 0.1154767511579557, 'SA': 0.03760944869264292, 'QED': 0.029322649693371762, 'weight': 25.571038815004773, 'Novelty': 0.935668592653735}
Epoch: 69:
	Train Loss: 0.315 --- Reconstruction Loss: 0.309 --- KL Loss: 25.858 --- Beta: 0.000235
	Validity: 0.74% --- Uniquene@1000: 0.99% --- Unique@10000: 0.93%

{'valid': 0.6724666666666667, 'unique@1000': 0.986, 'unique@10000': 0.9202, 'FCD/Test': 12.02616015050451, 'SNN/Test': 0.5485620730144484, 'Frag/Test': 0.930114135945932, 'Scaf/Test': 0.2749041525654162, 'FCD/TestSF': 12.861617078312193, 'SNN/TestSF': 0.49482118159523686, 'Frag/TestSF': 0.9207620608711505, 'Scaf/TestSF': 0.04266842436202156, 'IntDiv': 0.8449931540020703, 'IntDiv2': 0.8355448822573021, 'Filters': 0.9762565678596213, 'logP': 0.1265771125214576, 'SA': 0.04669875328557761, 'QED': 0.01128363974587937, 'weight': 29.96403237388187, 'Novelty': 0.9294806227980452}
Epoch: 70:
	Train Loss: 0.316 --- Reconstruction Loss: 0.309 --- KL Loss: 24.106 --- Beta: 0.000303
	Validity: 0.67% --- Uniquene@1000: 0.99% --- Unique@10000: 0.92%

{'valid': 0.6315999999999999, 'unique@1000': 0.99, 'unique@10000': 0.9261, 'FCD/Test': 12.110687266023398, 'SNN/Test': 0.5434421063411619, 'Frag/Test': 0.9085204978301701, 'Scaf/Test': 0.35557114485248087, 'FCD/TestSF': 12.851150695109894, 'SNN/TestSF': 0.4897715310199064, 'Frag/TestSF': 0.901273654070282, 'Scaf/TestSF': 0.05384214731916315, 'IntDiv': 0.8496042385838376, 'IntDiv2': 0.8400398269241085, 'Filters': 0.9731370065442263, 'logP': 0.18642203047189254, 'SA': 0.04878992172805754, 'QED': 0.020738467397454927, 'weight': 30.229586924928558, 'Novelty': 0.9260618457466009}
Epoch: 71:
	Train Loss: 0.315 --- Reconstruction Loss: 0.307 --- KL Loss: 22.605 --- Beta: 0.000370
	Validity: 0.63% --- Uniquene@1000: 0.99% --- Unique@10000: 0.93%

{'valid': 0.5643333333333334, 'unique@1000': 0.995, 'unique@10000': 0.9192, 'FCD/Test': 12.944303306482567, 'SNN/Test': 0.5295383623108594, 'Frag/Test': 0.9080659480996988, 'Scaf/Test': 0.2819568443101126, 'FCD/TestSF': 13.637895215221448, 'SNN/TestSF': 0.4750883668652316, 'Frag/TestSF': 0.8994314868163995, 'Scaf/TestSF': 0.0501444981554835, 'IntDiv': 0.8489950080316295, 'IntDiv2': 0.8392478809085933, 'Filters': 0.9670998227997637, 'logP': 0.1940361831134591, 'SA': 0.016328129601313402, 'QED': 0.010771034684851563, 'weight': 26.113595505284856, 'Novelty': 0.9409350824083418}
Epoch: 72:
	Train Loss: 0.314 --- Reconstruction Loss: 0.305 --- KL Loss: 21.164 --- Beta: 0.000438
	Validity: 0.56% --- Uniquene@1000: 0.99% --- Unique@10000: 0.92%

{'valid': 0.6336333333333333, 'unique@1000': 0.994, 'unique@10000': 0.9216, 'FCD/Test': 12.654300374018206, 'SNN/Test': 0.5317116674766579, 'Frag/Test': 0.898594183487496, 'Scaf/Test': 0.331901789238248, 'FCD/TestSF': 13.347372967327878, 'SNN/TestSF': 0.48152546690667886, 'Frag/TestSF': 0.8911981033853088, 'Scaf/TestSF': 0.04404841623204481, 'IntDiv': 0.8490959773988145, 'IntDiv2': 0.8395032320138137, 'Filters': 0.9676469040980589, 'logP': 0.18204336312674685, 'SA': 0.025061306256574618, 'QED': 0.026093203441710986, 'weight': 23.469913790244217, 'Novelty': 0.9415510981489197}
Epoch: 73:
	Train Loss: 0.315 --- Reconstruction Loss: 0.305 --- KL Loss: 20.058 --- Beta: 0.000505
	Validity: 0.63% --- Uniquene@1000: 0.99% --- Unique@10000: 0.92%

{'valid': 0.6509666666666667, 'unique@1000': 0.998, 'unique@10000': 0.9494, 'FCD/Test': 12.38337936123203, 'SNN/Test': 0.5241909489646791, 'Frag/Test': 0.9089790399863855, 'Scaf/Test': 0.29770407437219193, 'FCD/TestSF': 13.190022367792977, 'SNN/TestSF': 0.47013612321441434, 'Frag/TestSF': 0.9010493911993135, 'Scaf/TestSF': 0.031039556971058646, 'IntDiv': 0.8520118364578367, 'IntDiv2': 0.8426892935781074, 'Filters': 0.9693788724461058, 'logP': 0.1386929635666723, 'SA': 0.06853307188794082, 'QED': 0.021377606684007913, 'weight': 26.640241915539608, 'Novelty': 0.9444382523406153}
Epoch: 74:
	Train Loss: 0.315 --- Reconstruction Loss: 0.304 --- KL Loss: 19.083 --- Beta: 0.000572
	Validity: 0.65% --- Uniquene@1000: 1.00% --- Unique@10000: 0.95%

{'valid': 0.7217, 'unique@1000': 0.998, 'unique@10000': 0.9444, 'FCD/Test': 11.451532088084633, 'SNN/Test': 0.5387361693414473, 'Frag/Test': 0.9209842686716294, 'Scaf/Test': 0.3972186746866797, 'FCD/TestSF': 12.1993585121147, 'SNN/TestSF': 0.4886372232416762, 'Frag/TestSF': 0.9143607409496124, 'Scaf/TestSF': 0.058885513688805236, 'IntDiv': 0.8473782986862998, 'IntDiv2': 0.8380515660285023, 'Filters': 0.9698397302665004, 'logP': 0.22510796640362654, 'SA': 0.03796653517796951, 'QED': 0.021235245070720145, 'weight': 24.287190265947974, 'Novelty': 0.9349518541282524}
Epoch: 75:
	Train Loss: 0.314 --- Reconstruction Loss: 0.302 --- KL Loss: 18.120 --- Beta: 0.000640
	Validity: 0.72% --- Uniquene@1000: 1.00% --- Unique@10000: 0.94%

{'valid': 0.6915, 'unique@1000': 0.991, 'unique@10000': 0.9499, 'FCD/Test': 11.395503127275049, 'SNN/Test': 0.5369927270343775, 'Frag/Test': 0.9245334435213687, 'Scaf/Test': 0.41025567782670946, 'FCD/TestSF': 12.2215581728627, 'SNN/TestSF': 0.48603369902274385, 'Frag/TestSF': 0.9152940218017508, 'Scaf/TestSF': 0.04057126517281562, 'IntDiv': 0.846974143443541, 'IntDiv2': 0.8376073512521335, 'Filters': 0.9619185345866473, 'logP': 0.12889167360954498, 'SA': 0.03280631568702647, 'QED': 0.023274012566254568, 'weight': 22.226417890043212, 'Novelty': 0.9332162622392507}
Epoch: 76:
	Train Loss: 0.314 --- Reconstruction Loss: 0.301 --- KL Loss: 17.388 --- Beta: 0.000707
	Validity: 0.69% --- Uniquene@1000: 0.99% --- Unique@10000: 0.95%

{'valid': 0.5911333333333333, 'unique@1000': 0.997, 'unique@10000': 0.9549, 'FCD/Test': 11.95843460291588, 'SNN/Test': 0.5152763969287927, 'Frag/Test': 0.9126263105647867, 'Scaf/Test': 0.2792823624097218, 'FCD/TestSF': 12.673761229988827, 'SNN/TestSF': 0.46531147848269816, 'Frag/TestSF': 0.9051365293063829, 'Scaf/TestSF': 0.046840741170138145, 'IntDiv': 0.8542517604888897, 'IntDiv2': 0.845283153564187, 'Filters': 0.9632908537273035, 'logP': 0.18049898795214467, 'SA': 0.09176001702553144, 'QED': 0.01949340735279904, 'weight': 20.529323277126995, 'Novelty': 0.9472181729834791}
Epoch: 77:
	Train Loss: 0.313 --- Reconstruction Loss: 0.300 --- KL Loss: 16.734 --- Beta: 0.000775
	Validity: 0.59% --- Uniquene@1000: 1.00% --- Unique@10000: 0.95%

{'valid': 0.6802333333333334, 'unique@1000': 0.995, 'unique@10000': 0.9556, 'FCD/Test': 13.139916206572153, 'SNN/Test': 0.5259621315704425, 'Frag/Test': 0.890849103090646, 'Scaf/Test': 0.3599235686068709, 'FCD/TestSF': 13.963788180061172, 'SNN/TestSF': 0.47449144693210626, 'Frag/TestSF': 0.8832210671976269, 'Scaf/TestSF': 0.04870365048081149, 'IntDiv': 0.8500470288970524, 'IntDiv2': 0.8409086538514923, 'Filters': 0.9673641397559661, 'logP': 0.18080727729833987, 'SA': 0.030827245631155676, 'QED': 0.03188701637682643, 'weight': 22.81729720713265, 'Novelty': 0.9448224537529236}
Epoch: 78:
	Train Loss: 0.313 --- Reconstruction Loss: 0.299 --- KL Loss: 16.104 --- Beta: 0.000842
	Validity: 0.68% --- Uniquene@1000: 0.99% --- Unique@10000: 0.96%

{'valid': 0.7266666666666667, 'unique@1000': 0.993, 'unique@10000': 0.9603, 'FCD/Test': 12.078571300122306, 'SNN/Test': 0.5246293161761597, 'Frag/Test': 0.9042859295780747, 'Scaf/Test': 0.36761473251275834, 'FCD/TestSF': 12.962350303566225, 'SNN/TestSF': 0.47296130074820386, 'Frag/TestSF': 0.8956854660842758, 'Scaf/TestSF': 0.041343420751949855, 'IntDiv': 0.8503500875333355, 'IntDiv2': 0.841208180779446, 'Filters': 0.9635779816513761, 'logP': 0.19798932014240683, 'SA': 0.05356730541477647, 'QED': 0.03457885806023527, 'weight': 19.060582394496787, 'Novelty': 0.9446286308080558}
Epoch: 79:
	Train Loss: 0.312 --- Reconstruction Loss: 0.297 --- KL Loss: 15.616 --- Beta: 0.000910
	Validity: 0.73% --- Uniquene@1000: 0.99% --- Unique@10000: 0.96%

{'valid': 0.7333000000000001, 'unique@1000': 0.997, 'unique@10000': 0.9576, 'FCD/Test': 12.09327349623382, 'SNN/Test': 0.527667165070107, 'Frag/Test': 0.8995975758334339, 'Scaf/Test': 0.3644830659808407, 'FCD/TestSF': 12.761144189212828, 'SNN/TestSF': 0.47861438073582624, 'Frag/TestSF': 0.8925850419073907, 'Scaf/TestSF': 0.05311277950515292, 'IntDiv': 0.8524134031223696, 'IntDiv2': 0.8432301436509517, 'Filters': 0.9632256011636893, 'logP': 0.24862631163431936, 'SA': 0.03579698173563919, 'QED': 0.019657980294680983, 'weight': 20.20269222970398, 'Novelty': 0.9401028786230092}
Epoch: 80:
	Train Loss: 0.312 --- Reconstruction Loss: 0.298 --- KL Loss: 15.143 --- Beta: 0.000977
	Validity: 0.73% --- Uniquene@1000: 1.00% --- Unique@10000: 0.96%

