2024-02-15 02:31:21.199924: E external/local_xla/xla/stream_executor/cuda/cuda_dnn.cc:9261] Unable to register cuDNN factory: Attempting to register factory for plugin cuDNN when one has already been registered
2024-02-15 02:31:21.199987: E external/local_xla/xla/stream_executor/cuda/cuda_fft.cc:607] Unable to register cuFFT factory: Attempting to register factory for plugin cuFFT when one has already been registered
2024-02-15 02:31:21.200938: E external/local_xla/xla/stream_executor/cuda/cuda_blas.cc:1515] Unable to register cuBLAS factory: Attempting to register factory for plugin cuBLAS when one has already been registered
2024-02-15 02:31:21.205487: I tensorflow/core/platform/cpu_feature_guard.cc:182] This TensorFlow binary is optimized to use available CPU instructions in performance-critical operations.
To enable the following instructions: AVX2 FMA, in other operations, rebuild TensorFlow with the appropriate compiler flags.
2024-02-15 02:31:22.120832: W tensorflow/compiler/tf2tensorrt/utils/py_utils.cc:38] TF-TRT Warning: Could not find TensorRT

Arguments:
	data_path: data/moses_train.txt
	max_len: 30
	batch: 128
	d_model: 512
	d_latent: 256
	d_ff: 1024
	e_heads: 1
	d_heads: 8
	n_layers: 6
	dropout: 0.5
	lr: 0.0005
	n_epochs: 100
	kl_type: cyclic
	kl_w_start: 0.0001
	kl_w_end: 0.001
	kl_cycle: 2
	kl_ratio: 1.0
	save_name: klcompare

Number of data: 88192

SMILES Vocab:
	 {'<START>': 0, '<END>': 1, '<PAD>': 2, 'C': 3, 'O': 4, 'c': 5, '1': 6, '(': 7, '=': 8, ')': 9, 'N': 10, 'n': 11, '2': 12, 'F': 13, 'Cl': 14, 'Br': 15, '#': 16, '3': 17, 'S': 18, 'o': 19, '-': 20, 's': 21, '[nH]': 22, '4': 23}

Graph Vocab:
	 {'C': 0, 'O': 1, 'N': 2, 'F': 3, 'Cl': 4, 'Br': 5, 'S': 6}


KL Annealer: [0.0001   0.000118 0.000136 0.000154 0.000172 0.00019  0.000208 0.000226
 0.000244 0.000262 0.00028  0.000298 0.000316 0.000334 0.000352 0.00037
 0.000388 0.000406 0.000424 0.000442 0.00046  0.000478 0.000496 0.000514
 0.000532 0.00055  0.000568 0.000586 0.000604 0.000622 0.00064  0.000658
 0.000676 0.000694 0.000712 0.00073  0.000748 0.000766 0.000784 0.000802
 0.00082  0.000838 0.000856 0.000874 0.000892 0.00091  0.000928 0.000946
 0.000964 0.000982 0.0001   0.000118 0.000136 0.000154 0.000172 0.00019
 0.000208 0.000226 0.000244 0.000262 0.00028  0.000298 0.000316 0.000334
 0.000352 0.00037  0.000388 0.000406 0.000424 0.000442 0.00046  0.000478
 0.000496 0.000514 0.000532 0.00055  0.000568 0.000586 0.000604 0.000622
 0.00064  0.000658 0.000676 0.000694 0.000712 0.00073  0.000748 0.000766
 0.000784 0.000802 0.00082  0.000838 0.000856 0.000874 0.000892 0.00091
 0.000928 0.000946 0.000964 0.000982]




#########################################################################
######################### START TRAINING ################################
#########################################################################




{'valid': 0.6596666666666666, 'unique@1000': 0.832, 'unique@10000': 0.5456, 'FCD/Test': 21.041249257906593, 'SNN/Test': 0.6053714678768198, 'Frag/Test': 0.8667050236761521, 'Scaf/Test': 0.3526412393077121, 'FCD/TestSF': 22.117331744294347, 'SNN/TestSF': 0.5321731282958122, 'Frag/TestSF': 0.8551885259269939, 'Scaf/TestSF': 0.030891191842852717, 'IntDiv': 0.788581830805704, 'IntDiv2': 0.7746586528408783, 'Filters': 0.973623041940374, 'logP': 0.268722974283253, 'SA': 0.3045035953512317, 'QED': 0.054098219735137065, 'weight': 13.9716663520339, 'Novelty': 0.939538583929992}
Epoch: 31:
	Train Loss: 0.456 --- Reconstruction Loss: 0.443 --- KL Loss: 20.624 --- Beta: 0.000640
	Validity: 0.66% --- Uniquene@1000: 0.83% --- Unique@10000: 0.55%

{'valid': 0.5669666666666666, 'unique@1000': 0.898, 'unique@10000': 0.5808, 'FCD/Test': 21.70113353075908, 'SNN/Test': 0.5893399758000833, 'Frag/Test': 0.863615563066223, 'Scaf/Test': 0.21723891259781636, 'FCD/TestSF': 22.64413192478591, 'SNN/TestSF': 0.5285841008312411, 'Frag/TestSF': 0.8529536119591445, 'Scaf/TestSF': 0.044165031112600395, 'IntDiv': 0.7830899600920681, 'IntDiv2': 0.7705978130622225, 'Filters': 0.9767770004115468, 'logP': 0.23448988585928948, 'SA': 0.2586909476753756, 'QED': 0.07696339299017631, 'weight': 7.801128974048096, 'Novelty': 0.9442090395480226}
Epoch: 32:
	Train Loss: 0.450 --- Reconstruction Loss: 0.437 --- KL Loss: 19.447 --- Beta: 0.000658
	Validity: 0.57% --- Uniquene@1000: 0.90% --- Unique@10000: 0.58%

{'valid': 0.5826, 'unique@1000': 0.881, 'unique@10000': 0.6015, 'FCD/Test': 23.00880874310728, 'SNN/Test': 0.5938884377759195, 'Frag/Test': 0.8474921099738265, 'Scaf/Test': 0.2909543178754742, 'FCD/TestSF': 24.18535785002389, 'SNN/TestSF': 0.5092599667316308, 'Frag/TestSF': 0.833559961522119, 'Scaf/TestSF': 0.05160364579513954, 'IntDiv': 0.7763247498913791, 'IntDiv2': 0.763386427744799, 'Filters': 0.9862112369836366, 'logP': 0.19077040205278076, 'SA': 0.2307178928924926, 'QED': 0.09031941987180858, 'weight': 8.843688696388256, 'Novelty': 0.9483885258611142}
Epoch: 33:
	Train Loss: 0.446 --- Reconstruction Loss: 0.434 --- KL Loss: 18.874 --- Beta: 0.000676
	Validity: 0.58% --- Uniquene@1000: 0.88% --- Unique@10000: 0.60%

{'valid': 0.5773666666666666, 'unique@1000': 0.919, 'unique@10000': 0.634, 'FCD/Test': 21.597252302828686, 'SNN/Test': 0.5849482068222793, 'Frag/Test': 0.835117193419301, 'Scaf/Test': 0.2216903827397949, 'FCD/TestSF': 22.939721046412814, 'SNN/TestSF': 0.5014773105667918, 'Frag/TestSF': 0.819705662028065, 'Scaf/TestSF': 0.02284052492361699, 'IntDiv': 0.7819150737229588, 'IntDiv2': 0.7685689814124812, 'Filters': 0.9755787772068587, 'logP': 0.19856560756262578, 'SA': 0.21855568587929836, 'QED': 0.086982664307307, 'weight': 8.795884878515656, 'Novelty': 0.9503455608718767}
Epoch: 34:
	Train Loss: 0.441 --- Reconstruction Loss: 0.429 --- KL Loss: 18.201 --- Beta: 0.000694
	Validity: 0.58% --- Uniquene@1000: 0.92% --- Unique@10000: 0.63%

{'valid': 0.6780999999999999, 'unique@1000': 0.923, 'unique@10000': 0.6497, 'FCD/Test': 21.518254144996973, 'SNN/Test': 0.6012282406797992, 'Frag/Test': 0.8739179195370365, 'Scaf/Test': 0.2618144706562032, 'FCD/TestSF': 22.67180220813215, 'SNN/TestSF': 0.5207957325812984, 'Frag/TestSF': 0.8610646275510819, 'Scaf/TestSF': 0.03481102929239355, 'IntDiv': 0.7861538148886438, 'IntDiv2': 0.7724053152702641, 'Filters': 0.9777318979501548, 'logP': 0.330405769792292, 'SA': 0.2888526194372803, 'QED': 0.07239051127849326, 'weight': 14.093392361575685, 'Novelty': 0.9291995286012148}
Epoch: 35:
	Train Loss: 0.436 --- Reconstruction Loss: 0.424 --- KL Loss: 17.679 --- Beta: 0.000712
	Validity: 0.68% --- Uniquene@1000: 0.92% --- Unique@10000: 0.65%

{'valid': 0.6013999999999999, 'unique@1000': 0.915, 'unique@10000': 0.6932, 'FCD/Test': 17.81798575401814, 'SNN/Test': 0.5880958518908856, 'Frag/Test': 0.8735627443320916, 'Scaf/Test': 0.45702413918263507, 'FCD/TestSF': 18.98053481136958, 'SNN/TestSF': 0.5118148549969981, 'Frag/TestSF': 0.8609049662571637, 'Scaf/TestSF': 0.03214170291283602, 'IntDiv': 0.7993895142194977, 'IntDiv2': 0.7875466249416799, 'Filters': 0.9732845582529653, 'logP': 0.26405722279281796, 'SA': 0.2198079009503483, 'QED': 0.07021273584149017, 'weight': 15.976740287307068, 'Novelty': 0.9354283644267343}
Epoch: 36:
	Train Loss: 0.432 --- Reconstruction Loss: 0.419 --- KL Loss: 17.380 --- Beta: 0.000730
	Validity: 0.60% --- Uniquene@1000: 0.92% --- Unique@10000: 0.69%

{'valid': 0.6764333333333333, 'unique@1000': 0.922, 'unique@10000': 0.7028, 'FCD/Test': 17.936349862627637, 'SNN/Test': 0.5980174136609434, 'Frag/Test': 0.8944517994027974, 'Scaf/Test': 0.3637628532904541, 'FCD/TestSF': 18.84035224883766, 'SNN/TestSF': 0.5326727663352187, 'Frag/TestSF': 0.8846764376670953, 'Scaf/TestSF': 0.03211826914483462, 'IntDiv': 0.8079802207535876, 'IntDiv2': 0.7960968200468398, 'Filters': 0.9755087961365988, 'logP': 0.47691208904077304, 'SA': 0.2578259288035524, 'QED': 0.01875070922667832, 'weight': 13.122154852607789, 'Novelty': 0.9253172795314025}
Epoch: 37:
	Train Loss: 0.425 --- Reconstruction Loss: 0.412 --- KL Loss: 16.869 --- Beta: 0.000748
	Validity: 0.68% --- Uniquene@1000: 0.92% --- Unique@10000: 0.70%

{'valid': 0.6602666666666667, 'unique@1000': 0.922, 'unique@10000': 0.6947, 'FCD/Test': 18.343220882245248, 'SNN/Test': 0.6049348815977694, 'Frag/Test': 0.8922940954301545, 'Scaf/Test': 0.3170288344607276, 'FCD/TestSF': 18.91991929168786, 'SNN/TestSF': 0.5508269786726389, 'Frag/TestSF': 0.8851404019858603, 'Scaf/TestSF': 0.03366802546880343, 'IntDiv': 0.8099702509811995, 'IntDiv2': 0.7975121965603547, 'Filters': 0.9758178513731826, 'logP': 0.42525218520108127, 'SA': 0.3181489657062242, 'QED': 0.023259904457244292, 'weight': 13.816402585644129, 'Novelty': 0.9205541183343069}
Epoch: 38:
	Train Loss: 0.421 --- Reconstruction Loss: 0.408 --- KL Loss: 16.593 --- Beta: 0.000766
	Validity: 0.66% --- Uniquene@1000: 0.92% --- Unique@10000: 0.69%

{'valid': 0.5688, 'unique@1000': 0.945, 'unique@10000': 0.7526, 'FCD/Test': 17.72209467277706, 'SNN/Test': 0.591906732401474, 'Frag/Test': 0.8787597422334859, 'Scaf/Test': 0.2934021715707267, 'FCD/TestSF': 18.67915407085168, 'SNN/TestSF': 0.5257749046424759, 'Frag/TestSF': 0.8668168500785234, 'Scaf/TestSF': 0.04598239370856405, 'IntDiv': 0.8008153857886502, 'IntDiv2': 0.7898235954549807, 'Filters': 0.9751523675574308, 'logP': 0.2755544255962182, 'SA': 0.24252519799540329, 'QED': 0.05301212502360183, 'weight': 13.372037164695094, 'Novelty': 0.9248248761318981}
Epoch: 39:
	Train Loss: 0.416 --- Reconstruction Loss: 0.403 --- KL Loss: 16.167 --- Beta: 0.000784
	Validity: 0.57% --- Uniquene@1000: 0.94% --- Unique@10000: 0.75%

{'valid': 0.5740333333333334, 'unique@1000': 0.96, 'unique@10000': 0.7745, 'FCD/Test': 16.890519376521922, 'SNN/Test': 0.5851970592478095, 'Frag/Test': 0.8983642641970714, 'Scaf/Test': 0.3900091808376246, 'FCD/TestSF': 17.359729013691563, 'SNN/TestSF': 0.5419869330413084, 'Frag/TestSF': 0.8915824898814969, 'Scaf/TestSF': 0.04288988893190848, 'IntDiv': 0.8179097273738817, 'IntDiv2': 0.8061322058535564, 'Filters': 0.9641135822542245, 'logP': 0.2952421343984126, 'SA': 0.23042389904648541, 'QED': 0.027741913343571057, 'weight': 11.946451509816477, 'Novelty': 0.9296465968586387}
Epoch: 40:
	Train Loss: 0.412 --- Reconstruction Loss: 0.399 --- KL Loss: 15.832 --- Beta: 0.000802
	Validity: 0.57% --- Uniquene@1000: 0.96% --- Unique@10000: 0.77%

{'valid': 0.42013333333333336, 'unique@1000': 0.941, 'unique@10000': 0.7688, 'FCD/Test': 16.487774140142655, 'SNN/Test': 0.5765664523336782, 'Frag/Test': 0.9100659198509556, 'Scaf/Test': 0.39389198938646475, 'FCD/TestSF': 17.33957691669478, 'SNN/TestSF': 0.5157282650506201, 'Frag/TestSF': 0.9018149825588946, 'Scaf/TestSF': 0.030916254008637067, 'IntDiv': 0.8194033354151795, 'IntDiv2': 0.8081955181396082, 'Filters': 0.9745318946366233, 'logP': 0.36893063008576904, 'SA': 0.20280050774222572, 'QED': 0.03072264710254293, 'weight': 12.325047523241764, 'Novelty': 0.9409372993794136}
Epoch: 41:
	Train Loss: 0.407 --- Reconstruction Loss: 0.395 --- KL Loss: 15.497 --- Beta: 0.000820
	Validity: 0.42% --- Uniquene@1000: 0.94% --- Unique@10000: 0.77%

{'valid': 0.4448333333333333, 'unique@1000': 0.961, 'unique@10000': 0.8091, 'FCD/Test': 15.583062554545108, 'SNN/Test': 0.5754112787463773, 'Frag/Test': 0.9106919060040577, 'Scaf/Test': 0.34256916713735364, 'FCD/TestSF': 16.330475931695545, 'SNN/TestSF': 0.5186817654613343, 'Frag/TestSF': 0.9034795431621222, 'Scaf/TestSF': 0.040716928568879096, 'IntDiv': 0.8214061460944375, 'IntDiv2': 0.8112102395473684, 'Filters': 0.9685275384038966, 'logP': 0.399751794833713, 'SA': 0.21499925288905095, 'QED': 0.032851387089617615, 'weight': 12.899490326439922, 'Novelty': 0.9398474461716714}
Epoch: 42:
	Train Loss: 0.403 --- Reconstruction Loss: 0.390 --- KL Loss: 15.195 --- Beta: 0.000838
	Validity: 0.44% --- Uniquene@1000: 0.96% --- Unique@10000: 0.81%

{'valid': 0.42789999999999995, 'unique@1000': 0.967, 'unique@10000': 0.8026, 'FCD/Test': 16.10854860716102, 'SNN/Test': 0.574998468070087, 'Frag/Test': 0.8951215885682242, 'Scaf/Test': 0.3611327090742791, 'FCD/TestSF': 16.761596551899736, 'SNN/TestSF': 0.5270729731796518, 'Frag/TestSF': 0.8879762989010977, 'Scaf/TestSF': 0.039612429999871024, 'IntDiv': 0.8195335288024594, 'IntDiv2': 0.8083991026324099, 'Filters': 0.9689958713094959, 'logP': 0.3387115467337266, 'SA': 0.1878804807296894, 'QED': 0.02555961678673417, 'weight': 14.028786384904414, 'Novelty': 0.9368580060422961}
Epoch: 43:
	Train Loss: 0.399 --- Reconstruction Loss: 0.386 --- KL Loss: 14.961 --- Beta: 0.000856
	Validity: 0.43% --- Uniquene@1000: 0.97% --- Unique@10000: 0.80%

{'valid': 0.36873333333333336, 'unique@1000': 0.979, 'unique@10000': 0.8564, 'FCD/Test': 14.66049873215104, 'SNN/Test': 0.5509889832059808, 'Frag/Test': 0.8923611224277564, 'Scaf/Test': 0.24443175267588912, 'FCD/TestSF': 15.451251239157102, 'SNN/TestSF': 0.49802295645943734, 'Frag/TestSF': 0.884091724773624, 'Scaf/TestSF': 0.03611258787682792, 'IntDiv': 0.8304600068120918, 'IntDiv2': 0.8200555555068583, 'Filters': 0.9583258000361599, 'logP': 0.319475936719047, 'SA': 0.07781973765434828, 'QED': 0.038122542213185485, 'weight': 10.72511954781707, 'Novelty': 0.9497117232543242}
Epoch: 44:
	Train Loss: 0.397 --- Reconstruction Loss: 0.384 --- KL Loss: 14.729 --- Beta: 0.000874
	Validity: 0.37% --- Uniquene@1000: 0.98% --- Unique@10000: 0.86%

{'valid': 0.5456666666666667, 'unique@1000': 0.951, 'unique@10000': 0.8106, 'FCD/Test': 15.177789727618226, 'SNN/Test': 0.5687777022408435, 'Frag/Test': 0.8749333137076805, 'Scaf/Test': 0.28963667261431914, 'FCD/TestSF': 15.502873415004416, 'SNN/TestSF': 0.5248581640872929, 'Frag/TestSF': 0.869564119128744, 'Scaf/TestSF': 0.037194635382315155, 'IntDiv': 0.8305068688396005, 'IntDiv2': 0.8199872747432916, 'Filters': 0.9585827733659132, 'logP': 0.34035216001017227, 'SA': 0.1695953950229008, 'QED': 0.02312453795495205, 'weight': 16.587349185300845, 'Novelty': 0.9362199645218513}
Epoch: 45:
	Train Loss: 0.392 --- Reconstruction Loss: 0.379 --- KL Loss: 14.427 --- Beta: 0.000892
	Validity: 0.55% --- Uniquene@1000: 0.95% --- Unique@10000: 0.81%

{'valid': 0.44586666666666663, 'unique@1000': 0.971, 'unique@10000': 0.8316, 'FCD/Test': 15.741987188508126, 'SNN/Test': 0.5599544278276932, 'Frag/Test': 0.8817635812970652, 'Scaf/Test': 0.22325836557898016, 'FCD/TestSF': 16.49023823647363, 'SNN/TestSF': 0.5070677671556998, 'Frag/TestSF': 0.8739390435445992, 'Scaf/TestSF': 0.031543892126590145, 'IntDiv': 0.8248259654620718, 'IntDiv2': 0.8136417048969481, 'Filters': 0.9655352870813397, 'logP': 0.31518629142434446, 'SA': 0.12819709896954512, 'QED': 0.03666575752804706, 'weight': 12.950114445026887, 'Novelty': 0.9458929072049341}
Epoch: 46:
	Train Loss: 0.389 --- Reconstruction Loss: 0.376 --- KL Loss: 14.351 --- Beta: 0.000910
	Validity: 0.45% --- Uniquene@1000: 0.97% --- Unique@10000: 0.83%

{'valid': 0.4244, 'unique@1000': 0.962, 'unique@10000': 0.8211, 'FCD/Test': 15.16125542270008, 'SNN/Test': 0.5614709012816621, 'Frag/Test': 0.8790004475796042, 'Scaf/Test': 0.3076282095538234, 'FCD/TestSF': 15.906147789071426, 'SNN/TestSF': 0.5162525238657087, 'Frag/TestSF': 0.8722651574844663, 'Scaf/TestSF': 0.05859230865086562, 'IntDiv': 0.8198663413421303, 'IntDiv2': 0.8089691000908764, 'Filters': 0.9560163367891926, 'logP': 0.31097230633345413, 'SA': 0.12795113188583587, 'QED': 0.03279506815376558, 'weight': 10.292160752210094, 'Novelty': 0.9445759368836292}
Epoch: 47:
	Train Loss: 0.385 --- Reconstruction Loss: 0.372 --- KL Loss: 14.145 --- Beta: 0.000928
	Validity: 0.42% --- Uniquene@1000: 0.96% --- Unique@10000: 0.82%

{'valid': 0.3887333333333334, 'unique@1000': 0.969, 'unique@10000': 0.8139, 'FCD/Test': 16.423415434136444, 'SNN/Test': 0.5624054359034779, 'Frag/Test': 0.8727121962276709, 'Scaf/Test': 0.2085928717475145, 'FCD/TestSF': 16.801498791946102, 'SNN/TestSF': 0.5185721877280669, 'Frag/TestSF': 0.8669529927936749, 'Scaf/TestSF': 0.03927559443911255, 'IntDiv': 0.8297053586723164, 'IntDiv2': 0.818045716628623, 'Filters': 0.968187274909964, 'logP': 0.23019551663344795, 'SA': 0.11663035767501953, 'QED': 0.026534879802214754, 'weight': 12.715166223975663, 'Novelty': 0.9397900149989287}
Epoch: 48:
	Train Loss: 0.382 --- Reconstruction Loss: 0.369 --- KL Loss: 14.011 --- Beta: 0.000946
	Validity: 0.39% --- Uniquene@1000: 0.97% --- Unique@10000: 0.81%

{'valid': 0.39483333333333337, 'unique@1000': 0.985, 'unique@10000': 0.8516, 'FCD/Test': 14.113005904667354, 'SNN/Test': 0.5496115405293345, 'Frag/Test': 0.9016321604069789, 'Scaf/Test': 0.19486759519790064, 'FCD/TestSF': 14.4868793078669, 'SNN/TestSF': 0.5066447076829187, 'Frag/TestSF': 0.8972650168319628, 'Scaf/TestSF': 0.06505813494537771, 'IntDiv': 0.8396136539887223, 'IntDiv2': 0.8293271739303476, 'Filters': 0.9649641198818066, 'logP': 0.23537947991478012, 'SA': 0.04571923713841737, 'QED': 0.016885816610311934, 'weight': 18.844119222441385, 'Novelty': 0.9421596434359806}
Epoch: 49:
	Train Loss: 0.379 --- Reconstruction Loss: 0.365 --- KL Loss: 13.926 --- Beta: 0.000964
	Validity: 0.39% --- Uniquene@1000: 0.98% --- Unique@10000: 0.85%

{'valid': 0.4307333333333333, 'unique@1000': 0.98, 'unique@10000': 0.8502, 'FCD/Test': 14.58555866345504, 'SNN/Test': 0.5620213434863545, 'Frag/Test': 0.8939871653227108, 'Scaf/Test': 0.24233374247123474, 'FCD/TestSF': 15.167505342151443, 'SNN/TestSF': 0.5082206456880048, 'Frag/TestSF': 0.8862868522179077, 'Scaf/TestSF': 0.04088534618538353, 'IntDiv': 0.8328657176432359, 'IntDiv2': 0.8222935007926899, 'Filters': 0.9703606252902027, 'logP': 0.17103516031073956, 'SA': 0.11621371918889549, 'QED': 0.019863954879821993, 'weight': 17.00350328149939, 'Novelty': 0.9337773192008254}
Epoch: 50:
	Train Loss: 0.375 --- Reconstruction Loss: 0.361 --- KL Loss: 13.778 --- Beta: 0.000982
	Validity: 0.43% --- Uniquene@1000: 0.98% --- Unique@10000: 0.85%

{'valid': 0.5239, 'unique@1000': 0.96, 'unique@10000': 0.8455, 'FCD/Test': 15.136734335390734, 'SNN/Test': 0.5540992874985639, 'Frag/Test': 0.9027697672511439, 'Scaf/Test': 0.2197195297464568, 'FCD/TestSF': 15.892159678952368, 'SNN/TestSF': 0.4995163926470634, 'Frag/TestSF': 0.8936435018523747, 'Scaf/TestSF': 0.04933971393601633, 'IntDiv': 0.8334746456112483, 'IntDiv2': 0.8233692888543722, 'Filters': 0.9488451994655469, 'logP': 0.1538355867358638, 'SA': 0.06938123510296966, 'QED': 0.02120277514156868, 'weight': 23.200058774669195, 'Novelty': 0.9372200895713372}
Epoch: 51:
	Train Loss: 0.357 --- Reconstruction Loss: 0.354 --- KL Loss: 26.759 --- Beta: 0.000100
	Validity: 0.52% --- Uniquene@1000: 0.96% --- Unique@10000: 0.85%

/home/80027464/graphvae/metrics.py:527: UserWarning: Can't compute unique@10000.gen contains only 9098 molecules
  warnings.warn(
{'valid': 0.3032666666666667, 'unique@1000': 0.92, 'unique@10000': 0.7353264453726094, 'FCD/Test': 15.524184056061856, 'SNN/Test': 0.5629435365564693, 'Frag/Test': 0.8993350445573304, 'Scaf/Test': 0.12872923039900175, 'FCD/TestSF': 16.309866436933632, 'SNN/TestSF': 0.5160919509993513, 'Frag/TestSF': 0.8892449452989506, 'Scaf/TestSF': 0.023102784612799576, 'IntDiv': 0.8237404434008817, 'IntDiv2': 0.811182718276843, 'Filters': 0.9552648933831611, 'logP': 0.17547078794700965, 'SA': 0.10865754353660446, 'QED': 0.015179956926057689, 'weight': 21.503080419079204, 'Novelty': 0.9436472346786248}
Epoch: 52:
	Train Loss: 0.353 --- Reconstruction Loss: 0.350 --- KL Loss: 29.948 --- Beta: 0.000118
	Validity: 0.30% --- Uniquene@1000: 0.92% --- Unique@10000: 0.74%

{'valid': 0.3965666666666666, 'unique@1000': 0.958, 'unique@10000': 0.7867, 'FCD/Test': 15.749686218116935, 'SNN/Test': 0.5559186009478647, 'Frag/Test': 0.9150693674782533, 'Scaf/Test': 0.2231368759974205, 'FCD/TestSF': 16.59572986495526, 'SNN/TestSF': 0.49765780045949704, 'Frag/TestSF': 0.9049551291712034, 'Scaf/TestSF': 0.05569296581861294, 'IntDiv': 0.8260239001234383, 'IntDiv2': 0.8152546185075237, 'Filters': 0.9639404891989577, 'logP': 0.16320697707673887, 'SA': 0.0911859149732653, 'QED': 0.015272864948840191, 'weight': 21.907881170497976, 'Novelty': 0.9367866549604916}
Epoch: 53:
	Train Loss: 0.351 --- Reconstruction Loss: 0.347 --- KL Loss: 29.714 --- Beta: 0.000136
	Validity: 0.40% --- Uniquene@1000: 0.96% --- Unique@10000: 0.79%

{'valid': 0.5105666666666666, 'unique@1000': 0.972, 'unique@10000': 0.8386, 'FCD/Test': 14.189292251049174, 'SNN/Test': 0.5469415423781285, 'Frag/Test': 0.9199249156798246, 'Scaf/Test': 0.22079576238093657, 'FCD/TestSF': 14.675141159888106, 'SNN/TestSF': 0.49792278893600833, 'Frag/TestSF': 0.9145800400093561, 'Scaf/TestSF': 0.050716105783895404, 'IntDiv': 0.843728258359238, 'IntDiv2': 0.8334741544717275, 'Filters': 0.9660507932362734, 'logP': 0.27308791613004624, 'SA': 0.042809928691831, 'QED': 0.015074339811158532, 'weight': 25.64639366789057, 'Novelty': 0.9326701742847747}
Epoch: 54:
	Train Loss: 0.348 --- Reconstruction Loss: 0.343 --- KL Loss: 29.543 --- Beta: 0.000154
	Validity: 0.51% --- Uniquene@1000: 0.97% --- Unique@10000: 0.84%

{'valid': 0.4783666666666667, 'unique@1000': 0.941, 'unique@10000': 0.7922, 'FCD/Test': 15.433675512525078, 'SNN/Test': 0.5592537222776784, 'Frag/Test': 0.9281924630088377, 'Scaf/Test': 0.19714098925349277, 'FCD/TestSF': 15.959442398827143, 'SNN/TestSF': 0.5032173022747239, 'Frag/TestSF': 0.9207647548397819, 'Scaf/TestSF': 0.037634273401421114, 'IntDiv': 0.8329111236525039, 'IntDiv2': 0.8220521594891553, 'Filters': 0.9504564141871646, 'logP': 0.2669269389684303, 'SA': 0.08865463214764444, 'QED': 0.017363383786362038, 'weight': 24.75168417120601, 'Novelty': 0.9279396704217484}
Epoch: 55:
	Train Loss: 0.347 --- Reconstruction Loss: 0.342 --- KL Loss: 29.022 --- Beta: 0.000172
	Validity: 0.48% --- Uniquene@1000: 0.94% --- Unique@10000: 0.79%

{'valid': 0.40159999999999996, 'unique@1000': 0.955, 'unique@10000': 0.8001, 'FCD/Test': 13.33381005503167, 'SNN/Test': 0.558965292171752, 'Frag/Test': 0.9292403280727216, 'Scaf/Test': 0.2614314987866112, 'FCD/TestSF': 13.773450075539927, 'SNN/TestSF': 0.5161142056216678, 'Frag/TestSF': 0.9243923443880532, 'Scaf/TestSF': 0.054315124036876106, 'IntDiv': 0.844362499205599, 'IntDiv2': 0.8337509967529256, 'Filters': 0.9624003984063745, 'logP': 0.16870616251467516, 'SA': 0.08054495261991618, 'QED': 0.012946313114186266, 'weight': 31.071859213982194, 'Novelty': 0.9198253833049403}
Epoch: 56:
	Train Loss: 0.343 --- Reconstruction Loss: 0.338 --- KL Loss: 28.359 --- Beta: 0.000190
	Validity: 0.40% --- Uniquene@1000: 0.95% --- Unique@10000: 0.80%

{'valid': 0.6853333333333333, 'unique@1000': 0.952, 'unique@10000': 0.8, 'FCD/Test': 14.873987854653016, 'SNN/Test': 0.5781161981239799, 'Frag/Test': 0.9246323216488269, 'Scaf/Test': 0.3320927905405546, 'FCD/TestSF': 15.565626439277608, 'SNN/TestSF': 0.5162425678752449, 'Frag/TestSF': 0.9144416184352384, 'Scaf/TestSF': 0.0336429078389886, 'IntDiv': 0.8259045456558063, 'IntDiv2': 0.8153295621293457, 'Filters': 0.968579766536965, 'logP': 0.2525626554526519, 'SA': 0.17083829093332445, 'QED': 0.018745565149498215, 'weight': 22.926326244915657, 'Novelty': 0.9216985597403475}
Epoch: 57:
	Train Loss: 0.341 --- Reconstruction Loss: 0.335 --- KL Loss: 27.723 --- Beta: 0.000208
	Validity: 0.69% --- Uniquene@1000: 0.95% --- Unique@10000: 0.80%

{'valid': 0.4283, 'unique@1000': 0.948, 'unique@10000': 0.7954, 'FCD/Test': 14.001799547866035, 'SNN/Test': 0.5624469557303159, 'Frag/Test': 0.9195040124828976, 'Scaf/Test': 0.2740281220219327, 'FCD/TestSF': 14.50345511636749, 'SNN/TestSF': 0.5084142132680864, 'Frag/TestSF': 0.9152803724057016, 'Scaf/TestSF': 0.03205532297430291, 'IntDiv': 0.8425911227572978, 'IntDiv2': 0.8317251788084167, 'Filters': 0.9521363530235816, 'logP': 0.22295403474657918, 'SA': 0.07831835773019852, 'QED': 0.014814339649997964, 'weight': 24.00336258881094, 'Novelty': 0.9191251271617498}
Epoch: 58:
	Train Loss: 0.338 --- Reconstruction Loss: 0.332 --- KL Loss: 27.024 --- Beta: 0.000226
	Validity: 0.43% --- Uniquene@1000: 0.95% --- Unique@10000: 0.80%

{'valid': 0.527, 'unique@1000': 0.976, 'unique@10000': 0.8234, 'FCD/Test': 13.655382192081014, 'SNN/Test': 0.5665984444720771, 'Frag/Test': 0.9375738864396085, 'Scaf/Test': 0.2666657317937613, 'FCD/TestSF': 14.13080366662642, 'SNN/TestSF': 0.513892671671342, 'Frag/TestSF': 0.9305257791890117, 'Scaf/TestSF': 0.04313386682670706, 'IntDiv': 0.8381366906847354, 'IntDiv2': 0.8281993224705689, 'Filters': 0.967931688804554, 'logP': 0.201026842605544, 'SA': 0.11569191275415036, 'QED': 0.01612902763888084, 'weight': 28.10666089525268, 'Novelty': 0.9155091641324895}
Epoch: 59:
	Train Loss: 0.337 --- Reconstruction Loss: 0.330 --- KL Loss: 26.356 --- Beta: 0.000244
	Validity: 0.53% --- Uniquene@1000: 0.98% --- Unique@10000: 0.82%

/home/80027464/graphvae/metrics.py:527: UserWarning: Can't compute unique@10000.gen contains only 8875 molecules
  warnings.warn(
{'valid': 0.2958333333333333, 'unique@1000': 0.951, 'unique@10000': 0.8081126760563381, 'FCD/Test': 13.607044269177372, 'SNN/Test': 0.5434604984320386, 'Frag/Test': 0.94481214822009, 'Scaf/Test': 0.20386820371108638, 'FCD/TestSF': 14.080668157447008, 'SNN/TestSF': 0.49886947685228267, 'Frag/TestSF': 0.9371418159097012, 'Scaf/TestSF': 0.027830162933817015, 'IntDiv': 0.8446581580219931, 'IntDiv2': 0.8335460325420221, 'Filters': 0.9595492957746479, 'logP': 0.1550578086898804, 'SA': 0.03791142723533819, 'QED': 0.00854543883372064, 'weight': 28.452551863168964, 'Novelty': 0.9379531511433352}
Epoch: 60:
	Train Loss: 0.334 --- Reconstruction Loss: 0.328 --- KL Loss: 25.690 --- Beta: 0.000262
	Validity: 0.30% --- Uniquene@1000: 0.95% --- Unique@10000: 0.81%

{'valid': 0.3553333333333333, 'unique@1000': 0.962, 'unique@10000': 0.8122, 'FCD/Test': 13.521768241022194, 'SNN/Test': 0.5449677743213374, 'Frag/Test': 0.9233028164800202, 'Scaf/Test': 0.19629913975289126, 'FCD/TestSF': 14.055673818948307, 'SNN/TestSF': 0.4954253253832767, 'Frag/TestSF': 0.9150734561503687, 'Scaf/TestSF': 0.03342907016591112, 'IntDiv': 0.8427272374734989, 'IntDiv2': 0.8318088788817327, 'Filters': 0.9568480300187617, 'logP': 0.16525309333793045, 'SA': 0.03144074276935685, 'QED': 0.011312553848260739, 'weight': 31.263839015912684, 'Novelty': 0.9364746945898779}
Epoch: 61:
	Train Loss: 0.333 --- Reconstruction Loss: 0.325 --- KL Loss: 25.094 --- Beta: 0.000280
	Validity: 0.36% --- Uniquene@1000: 0.96% --- Unique@10000: 0.81%

{'valid': 0.5401, 'unique@1000': 0.968, 'unique@10000': 0.8381, 'FCD/Test': 12.983207573187144, 'SNN/Test': 0.5585539351153476, 'Frag/Test': 0.9362241379043372, 'Scaf/Test': 0.25330648342331674, 'FCD/TestSF': 13.58090376751042, 'SNN/TestSF': 0.5057023750864222, 'Frag/TestSF': 0.9271974499700569, 'Scaf/TestSF': 0.03500052016505095, 'IntDiv': 0.8388110293605988, 'IntDiv2': 0.828244489469951, 'Filters': 0.9609948774918226, 'logP': 0.18572144535393253, 'SA': 0.07838299703345655, 'QED': 0.015076969040656103, 'weight': 27.171936010638024, 'Novelty': 0.9235459662288931}
Epoch: 62:
	Train Loss: 0.331 --- Reconstruction Loss: 0.323 --- KL Loss: 24.524 --- Beta: 0.000298
	Validity: 0.54% --- Uniquene@1000: 0.97% --- Unique@10000: 0.84%

{'valid': 0.3998666666666667, 'unique@1000': 0.96, 'unique@10000': 0.8299, 'FCD/Test': 12.97051937761178, 'SNN/Test': 0.5532942309530925, 'Frag/Test': 0.933125885109547, 'Scaf/Test': 0.2624437587382814, 'FCD/TestSF': 13.686988765637757, 'SNN/TestSF': 0.5001307159311953, 'Frag/TestSF': 0.9242512350597998, 'Scaf/TestSF': 0.07133024593508464, 'IntDiv': 0.8378273779079143, 'IntDiv2': 0.8272377446129701, 'Filters': 0.9604034678226075, 'logP': 0.14320273856664514, 'SA': 0.04638943040419799, 'QED': 0.01092851759760304, 'weight': 24.820978989312415, 'Novelty': 0.9356188144066931}
Epoch: 63:
	Train Loss: 0.329 --- Reconstruction Loss: 0.322 --- KL Loss: 24.058 --- Beta: 0.000316
	Validity: 0.40% --- Uniquene@1000: 0.96% --- Unique@10000: 0.83%

{'valid': 0.3410333333333333, 'unique@1000': 0.97, 'unique@10000': 0.8445, 'FCD/Test': 14.941952446107514, 'SNN/Test': 0.539316657354214, 'Frag/Test': 0.9243012562875141, 'Scaf/Test': 0.20775892325715428, 'FCD/TestSF': 15.525749757096271, 'SNN/TestSF': 0.49141924234997225, 'Frag/TestSF': 0.9178346332457804, 'Scaf/TestSF': 0.05952799576005963, 'IntDiv': 0.8460278191123866, 'IntDiv2': 0.835526824223165, 'Filters': 0.9621737855537094, 'logP': 0.15456738478919374, 'SA': 0.024298864302549558, 'QED': 0.011642734192617465, 'weight': 24.29377352412652, 'Novelty': 0.9341143718826123}
Epoch: 64:
	Train Loss: 0.327 --- Reconstruction Loss: 0.320 --- KL Loss: 23.500 --- Beta: 0.000334
	Validity: 0.34% --- Uniquene@1000: 0.97% --- Unique@10000: 0.84%

{'valid': 0.6194666666666666, 'unique@1000': 0.974, 'unique@10000': 0.8668, 'FCD/Test': 14.606882123260498, 'SNN/Test': 0.5519767692011913, 'Frag/Test': 0.9297652659995161, 'Scaf/Test': 0.264155206026468, 'FCD/TestSF': 15.156093379648958, 'SNN/TestSF': 0.49812795765043666, 'Frag/TestSF': 0.9224705776239898, 'Scaf/TestSF': 0.03956518840689682, 'IntDiv': 0.8424337494342127, 'IntDiv2': 0.8321726989183367, 'Filters': 0.9695975032285837, 'logP': 0.15732174487660391, 'SA': 0.08016577216259178, 'QED': 0.013531234907632835, 'weight': 24.43737882652715, 'Novelty': 0.9309175531914894}
Epoch: 65:
	Train Loss: 0.325 --- Reconstruction Loss: 0.317 --- KL Loss: 22.981 --- Beta: 0.000352
	Validity: 0.62% --- Uniquene@1000: 0.97% --- Unique@10000: 0.87%

{'valid': 0.6162666666666667, 'unique@1000': 0.983, 'unique@10000': 0.8859, 'FCD/Test': 13.566277102133121, 'SNN/Test': 0.5423765499322111, 'Frag/Test': 0.9163274187315976, 'Scaf/Test': 0.26086888992562707, 'FCD/TestSF': 14.368567161488748, 'SNN/TestSF': 0.48532269060714894, 'Frag/TestSF': 0.9089115023071246, 'Scaf/TestSF': 0.04335472852073852, 'IntDiv': 0.8449614020934348, 'IntDiv2': 0.8352036889736736, 'Filters': 0.9767416702726093, 'logP': 0.20349321710598486, 'SA': 0.05063125645850246, 'QED': 0.015206212819000836, 'weight': 25.24751045640126, 'Novelty': 0.9349008938981733}
Epoch: 66:
	Train Loss: 0.323 --- Reconstruction Loss: 0.315 --- KL Loss: 22.525 --- Beta: 0.000370
	Validity: 0.62% --- Uniquene@1000: 0.98% --- Unique@10000: 0.89%

{'valid': 0.4963666666666666, 'unique@1000': 0.978, 'unique@10000': 0.8666, 'FCD/Test': 13.502843072404836, 'SNN/Test': 0.5593118495164953, 'Frag/Test': 0.9181168458083565, 'Scaf/Test': 0.3399177835150403, 'FCD/TestSF': 14.072689066247868, 'SNN/TestSF': 0.509210445842904, 'Frag/TestSF': 0.9112848836984584, 'Scaf/TestSF': 0.042619754703707935, 'IntDiv': 0.8423516337366144, 'IntDiv2': 0.831956817642929, 'Filters': 0.9641394130682963, 'logP': 0.215164700380546, 'SA': 0.09029013995465379, 'QED': 0.01551195902584035, 'weight': 20.96705692445448, 'Novelty': 0.9166868295830309}
Epoch: 67:
	Train Loss: 0.321 --- Reconstruction Loss: 0.313 --- KL Loss: 22.079 --- Beta: 0.000388
	Validity: 0.50% --- Uniquene@1000: 0.98% --- Unique@10000: 0.87%

{'valid': 0.5648, 'unique@1000': 0.976, 'unique@10000': 0.8879, 'FCD/Test': 13.713408375294058, 'SNN/Test': 0.5494468906125699, 'Frag/Test': 0.922182893994407, 'Scaf/Test': 0.3032493312270048, 'FCD/TestSF': 14.35549930389255, 'SNN/TestSF': 0.49670387112568076, 'Frag/TestSF': 0.9141619303487046, 'Scaf/TestSF': 0.061159151308695314, 'IntDiv': 0.8419351503641297, 'IntDiv2': 0.8318448043237072, 'Filters': 0.9648843248347497, 'logP': 0.1632172566731643, 'SA': 0.050425003978534985, 'QED': 0.01439961609467093, 'weight': 22.420020609995397, 'Novelty': 0.9305555555555556}
Epoch: 68:
	Train Loss: 0.320 --- Reconstruction Loss: 0.311 --- KL Loss: 21.647 --- Beta: 0.000406
	Validity: 0.56% --- Uniquene@1000: 0.98% --- Unique@10000: 0.89%

{'valid': 0.5685666666666667, 'unique@1000': 0.987, 'unique@10000': 0.9048, 'FCD/Test': 14.048432503227616, 'SNN/Test': 0.5343756921920909, 'Frag/Test': 0.9091092579157176, 'Scaf/Test': 0.30483696309329633, 'FCD/TestSF': 14.740267041923317, 'SNN/TestSF': 0.4838777742679327, 'Frag/TestSF': 0.9019776036272831, 'Scaf/TestSF': 0.04942676452634287, 'IntDiv': 0.8497461696808971, 'IntDiv2': 0.8398771147498812, 'Filters': 0.9650583338218913, 'logP': 0.10732926686841522, 'SA': 0.015761759576399238, 'QED': 0.023376245560612973, 'weight': 26.263486755311995, 'Novelty': 0.9411004556893151}
Epoch: 69:
	Train Loss: 0.318 --- Reconstruction Loss: 0.309 --- KL Loss: 21.245 --- Beta: 0.000424
	Validity: 0.57% --- Uniquene@1000: 0.99% --- Unique@10000: 0.90%

{'valid': 0.49063333333333337, 'unique@1000': 0.991, 'unique@10000': 0.8992, 'FCD/Test': 13.500361878936957, 'SNN/Test': 0.5370179241227913, 'Frag/Test': 0.9276819487459754, 'Scaf/Test': 0.29120163112685926, 'FCD/TestSF': 14.162572557960075, 'SNN/TestSF': 0.4906566342585307, 'Frag/TestSF': 0.9210840096117255, 'Scaf/TestSF': 0.04531744238281177, 'IntDiv': 0.8503764999142435, 'IntDiv2': 0.8402514163033968, 'Filters': 0.965350906990964, 'logP': 0.11216282062130298, 'SA': 0.030948708977869836, 'QED': 0.012961027468867872, 'weight': 25.68298512003557, 'Novelty': 0.9409378169618475}
Epoch: 70:
	Train Loss: 0.316 --- Reconstruction Loss: 0.307 --- KL Loss: 20.995 --- Beta: 0.000442
	Validity: 0.49% --- Uniquene@1000: 0.99% --- Unique@10000: 0.90%

{'valid': 0.5047666666666666, 'unique@1000': 0.983, 'unique@10000': 0.8915, 'FCD/Test': 13.390491822667812, 'SNN/Test': 0.5371083114341709, 'Frag/Test': 0.9020062040061956, 'Scaf/Test': 0.27042075678047306, 'FCD/TestSF': 13.634145612141637, 'SNN/TestSF': 0.49825938096656075, 'Frag/TestSF': 0.8991912959785116, 'Scaf/TestSF': 0.06680427449827753, 'IntDiv': 0.8538756348151284, 'IntDiv2': 0.8437955230804263, 'Filters': 0.9636135508155583, 'logP': 0.18115880193756537, 'SA': 0.013073296683433194, 'QED': 0.014928568286654306, 'weight': 25.3467654452402, 'Novelty': 0.928273947246645}
Epoch: 71:
	Train Loss: 0.315 --- Reconstruction Loss: 0.305 --- KL Loss: 20.747 --- Beta: 0.000460
	Validity: 0.50% --- Uniquene@1000: 0.98% --- Unique@10000: 0.89%

{'valid': 0.5101, 'unique@1000': 0.985, 'unique@10000': 0.9014, 'FCD/Test': 13.601365026603816, 'SNN/Test': 0.5352125542678607, 'Frag/Test': 0.8993155619906913, 'Scaf/Test': 0.2702265025898869, 'FCD/TestSF': 14.224883931518235, 'SNN/TestSF': 0.4860875482871736, 'Frag/TestSF': 0.8932603801035716, 'Scaf/TestSF': 0.05618893302228867, 'IntDiv': 0.84987946366086, 'IntDiv2': 0.8402011598418795, 'Filters': 0.9665425080049663, 'logP': 0.17007354301959385, 'SA': 0.011341251636067163, 'QED': 0.016359827623700682, 'weight': 27.072697036302607, 'Novelty': 0.9361766030935575}
Epoch: 72:
	Train Loss: 0.313 --- Reconstruction Loss: 0.303 --- KL Loss: 20.274 --- Beta: 0.000478
	Validity: 0.51% --- Uniquene@1000: 0.98% --- Unique@10000: 0.90%

{'valid': 0.581, 'unique@1000': 0.983, 'unique@10000': 0.8986, 'FCD/Test': 13.964811738006539, 'SNN/Test': 0.5338376592885333, 'Frag/Test': 0.9145172148362218, 'Scaf/Test': 0.27057005190726224, 'FCD/TestSF': 14.404151928676185, 'SNN/TestSF': 0.4854970260813396, 'Frag/TestSF': 0.9083135778381782, 'Scaf/TestSF': 0.056326005011461566, 'IntDiv': 0.850315400145454, 'IntDiv2': 0.8404189556106144, 'Filters': 0.9671256454388985, 'logP': 0.1505050594356643, 'SA': 0.022054520591039586, 'QED': 0.01683999839679967, 'weight': 23.541151294205324, 'Novelty': 0.9412356610988126}
Epoch: 73:
	Train Loss: 0.312 --- Reconstruction Loss: 0.302 --- KL Loss: 19.960 --- Beta: 0.000496
	Validity: 0.58% --- Uniquene@1000: 0.98% --- Unique@10000: 0.90%

{'valid': 0.6394666666666666, 'unique@1000': 0.987, 'unique@10000': 0.9196, 'FCD/Test': 13.305542090466759, 'SNN/Test': 0.5381249117612951, 'Frag/Test': 0.9051588001091488, 'Scaf/Test': 0.3373354404434431, 'FCD/TestSF': 13.936123756706294, 'SNN/TestSF': 0.4919768132174619, 'Frag/TestSF': 0.8990558260699678, 'Scaf/TestSF': 0.05788053802223514, 'IntDiv': 0.850541186763559, 'IntDiv2': 0.8405930938767071, 'Filters': 0.9626251042535446, 'logP': 0.13221186880528818, 'SA': 0.022102547210974224, 'QED': 0.016322683436209108, 'weight': 23.298717226869147, 'Novelty': 0.9355548943766736}
Epoch: 74:
	Train Loss: 0.311 --- Reconstruction Loss: 0.301 --- KL Loss: 19.659 --- Beta: 0.000514
	Validity: 0.64% --- Uniquene@1000: 0.99% --- Unique@10000: 0.92%

{'valid': 0.6636333333333333, 'unique@1000': 0.992, 'unique@10000': 0.9274, 'FCD/Test': 13.589804038736546, 'SNN/Test': 0.5362072172371912, 'Frag/Test': 0.904670824207702, 'Scaf/Test': 0.3499270512368894, 'FCD/TestSF': 14.25838240441687, 'SNN/TestSF': 0.48687847406742374, 'Frag/TestSF': 0.8991844226148636, 'Scaf/TestSF': 0.06930907928156127, 'IntDiv': 0.848898628175303, 'IntDiv2': 0.8395255896392253, 'Filters': 0.9696117333869104, 'logP': 0.18991829658387008, 'SA': 0.023210961873887995, 'QED': 0.014500151772584796, 'weight': 21.63949134710864, 'Novelty': 0.9368990042674253}
Epoch: 75:
	Train Loss: 0.309 --- Reconstruction Loss: 0.298 --- KL Loss: 19.350 --- Beta: 0.000532
	Validity: 0.66% --- Uniquene@1000: 0.99% --- Unique@10000: 0.93%

{'valid': 0.5755, 'unique@1000': 0.986, 'unique@10000': 0.9149, 'FCD/Test': 13.282520664939938, 'SNN/Test': 0.5410219320845611, 'Frag/Test': 0.9160661796249321, 'Scaf/Test': 0.2845312182412447, 'FCD/TestSF': 13.78189575184129, 'SNN/TestSF': 0.4932243518550742, 'Frag/TestSF': 0.9101448336832744, 'Scaf/TestSF': 0.05940017276990961, 'IntDiv': 0.8476129919709339, 'IntDiv2': 0.8379667517439524, 'Filters': 0.9707500724008109, 'logP': 0.14331837604006975, 'SA': 0.018304701987216516, 'QED': 0.01861213444601599, 'weight': 19.17991024451682, 'Novelty': 0.929746877271826}
Epoch: 76:
	Train Loss: 0.308 --- Reconstruction Loss: 0.297 --- KL Loss: 19.120 --- Beta: 0.000550
	Validity: 0.58% --- Uniquene@1000: 0.99% --- Unique@10000: 0.91%

{'valid': 0.5465666666666666, 'unique@1000': 0.991, 'unique@10000': 0.9289, 'FCD/Test': 13.604835340922406, 'SNN/Test': 0.5242676726072861, 'Frag/Test': 0.9067561872959425, 'Scaf/Test': 0.29446751861488907, 'FCD/TestSF': 14.296681437187345, 'SNN/TestSF': 0.4748528603183327, 'Frag/TestSF': 0.8997585292081487, 'Scaf/TestSF': 0.04205278365793075, 'IntDiv': 0.8510168634234889, 'IntDiv2': 0.8416500925738456, 'Filters': 0.960114655119839, 'logP': 0.12445985846089865, 'SA': 0.04641633018312074, 'QED': 0.020513345715410233, 'weight': 19.705736894208354, 'Novelty': 0.9457737409340473}
Epoch: 77:
	Train Loss: 0.307 --- Reconstruction Loss: 0.296 --- KL Loss: 18.901 --- Beta: 0.000568
	Validity: 0.55% --- Uniquene@1000: 0.99% --- Unique@10000: 0.93%

{'valid': 0.5697666666666666, 'unique@1000': 0.983, 'unique@10000': 0.9142, 'FCD/Test': 13.342070672436279, 'SNN/Test': 0.5337478027487836, 'Frag/Test': 0.9111655257097154, 'Scaf/Test': 0.2792815424864249, 'FCD/TestSF': 13.950912727334106, 'SNN/TestSF': 0.48389369960533674, 'Frag/TestSF': 0.90304903110013, 'Scaf/TestSF': 0.058297400692053025, 'IntDiv': 0.8486556942147997, 'IntDiv2': 0.8388816088225133, 'Filters': 0.9683496168021998, 'logP': 0.11492079896113068, 'SA': 0.0268712699493508, 'QED': 0.022130199845786205, 'weight': 26.35271849506464, 'Novelty': 0.9379158903380357}
Epoch: 78:
	Train Loss: 0.305 --- Reconstruction Loss: 0.294 --- KL Loss: 18.643 --- Beta: 0.000586
	Validity: 0.57% --- Uniquene@1000: 0.98% --- Unique@10000: 0.91%

{'valid': 0.7345666666666666, 'unique@1000': 0.991, 'unique@10000': 0.9194, 'FCD/Test': 12.695980140600454, 'SNN/Test': 0.5475827295460102, 'Frag/Test': 0.926468767377706, 'Scaf/Test': 0.4162822710355035, 'FCD/TestSF': 13.33758081236354, 'SNN/TestSF': 0.49947295865511326, 'Frag/TestSF': 0.9203367701984049, 'Scaf/TestSF': 0.058471276556759655, 'IntDiv': 0.8484475278300349, 'IntDiv2': 0.8388049804462205, 'Filters': 0.9671007850433362, 'logP': 0.14596261573080047, 'SA': 0.050854039822802476, 'QED': 0.015237358950563358, 'weight': 23.20547934659256, 'Novelty': 0.9280105401844533}
Epoch: 79:
	Train Loss: 0.304 --- Reconstruction Loss: 0.293 --- KL Loss: 18.487 --- Beta: 0.000604
	Validity: 0.73% --- Uniquene@1000: 0.99% --- Unique@10000: 0.92%

{'valid': 0.6630333333333334, 'unique@1000': 0.993, 'unique@10000': 0.9293, 'FCD/Test': 13.482773215269333, 'SNN/Test': 0.5331960022314648, 'Frag/Test': 0.913468942589564, 'Scaf/Test': 0.3194930983661004, 'FCD/TestSF': 13.90520786681087, 'SNN/TestSF': 0.492058676620737, 'Frag/TestSF': 0.9092432923417277, 'Scaf/TestSF': 0.061648434812196284, 'IntDiv': 0.851951506626796, 'IntDiv2': 0.8424616627491065, 'Filters': 0.9598813533758986, 'logP': 0.20714245007379514, 'SA': 0.012271748405211409, 'QED': 0.016490924202003925, 'weight': 22.175519103081285, 'Novelty': 0.939574806730332}
Epoch: 80:
	Train Loss: 0.303 --- Reconstruction Loss: 0.292 --- KL Loss: 18.191 --- Beta: 0.000622
	Validity: 0.66% --- Uniquene@1000: 0.99% --- Unique@10000: 0.93%

{'valid': 0.7232000000000001, 'unique@1000': 0.993, 'unique@10000': 0.9373, 'FCD/Test': 13.03976746339049, 'SNN/Test': 0.5430812716249179, 'Frag/Test': 0.9239488741417903, 'Scaf/Test': 0.35489080762577907, 'FCD/TestSF': 13.62581533920617, 'SNN/TestSF': 0.49747345123541675, 'Frag/TestSF': 0.9193049945130009, 'Scaf/TestSF': 0.09216042614575592, 'IntDiv': 0.8481154360988398, 'IntDiv2': 0.8385433590830275, 'Filters': 0.9665837020648967, 'logP': 0.21408188830856273, 'SA': 0.04247975147967095, 'QED': 0.01584497031293972, 'weight': 18.746235340022547, 'Novelty': 0.9344338888023672}
Epoch: 81:
	Train Loss: 0.301 --- Reconstruction Loss: 0.289 --- KL Loss: 18.037 --- Beta: 0.000640
	Validity: 0.72% --- Uniquene@1000: 0.99% --- Unique@10000: 0.94%

{'valid': 0.48283333333333334, 'unique@1000': 0.979, 'unique@10000': 0.9102, 'FCD/Test': 12.925311411419244, 'SNN/Test': 0.5398302459525453, 'Frag/Test': 0.9272055507324705, 'Scaf/Test': 0.28216798892025063, 'FCD/TestSF': 13.394504928036099, 'SNN/TestSF': 0.49811505130088696, 'Frag/TestSF': 0.9213185968900967, 'Scaf/TestSF': 0.07299408059892687, 'IntDiv': 0.8488602056274133, 'IntDiv2': 0.838732980039105, 'Filters': 0.9672074559889541, 'logP': 0.10975362451224296, 'SA': 0.014730244430762835, 'QED': 0.014627535543134113, 'weight': 21.74313914509204, 'Novelty': 0.9384735812133073}
Epoch: 82:
	Train Loss: 0.300 --- Reconstruction Loss: 0.288 --- KL Loss: 17.797 --- Beta: 0.000658
	Validity: 0.48% --- Uniquene@1000: 0.98% --- Unique@10000: 0.91%

{'valid': 0.739, 'unique@1000': 0.994, 'unique@10000': 0.941, 'FCD/Test': 13.239702313819507, 'SNN/Test': 0.5349121267704422, 'Frag/Test': 0.9218573430043028, 'Scaf/Test': 0.3577968441012451, 'FCD/TestSF': 13.85867289218541, 'SNN/TestSF': 0.48929426054737835, 'Frag/TestSF': 0.9162305217622309, 'Scaf/TestSF': 0.06095830932203128, 'IntDiv': 0.8494892986141139, 'IntDiv2': 0.8402276067079093, 'Filters': 0.9683806946323861, 'logP': 0.28028111803963873, 'SA': 0.01668364704894875, 'QED': 0.019088425781935203, 'weight': 18.853234268443224, 'Novelty': 0.938912890585753}
Epoch: 83:
	Train Loss: 0.299 --- Reconstruction Loss: 0.287 --- KL Loss: 17.516 --- Beta: 0.000676
	Validity: 0.74% --- Uniquene@1000: 0.99% --- Unique@10000: 0.94%

{'valid': 0.5177333333333334, 'unique@1000': 0.99, 'unique@10000': 0.9201, 'FCD/Test': 13.198018293842338, 'SNN/Test': 0.5272487926620922, 'Frag/Test': 0.8773938206213306, 'Scaf/Test': 0.26626410999484285, 'FCD/TestSF': 13.570062657058443, 'SNN/TestSF': 0.490627704038084, 'Frag/TestSF': 0.8729856647028882, 'Scaf/TestSF': 0.09557426148473303, 'IntDiv': 0.8491810339360308, 'IntDiv2': 0.8394515545943868, 'Filters': 0.9580221478238475, 'logP': 0.18257301305618676, 'SA': 0.026581569351552647, 'QED': 0.024482884169776273, 'weight': 16.227761505276597, 'Novelty': 0.9461349870204788}
Epoch: 84:
	Train Loss: 0.298 --- Reconstruction Loss: 0.286 --- KL Loss: 17.340 --- Beta: 0.000694
	Validity: 0.52% --- Uniquene@1000: 0.99% --- Unique@10000: 0.92%

{'valid': 0.6073, 'unique@1000': 0.993, 'unique@10000': 0.9368, 'FCD/Test': 13.78959460131572, 'SNN/Test': 0.5251056552669391, 'Frag/Test': 0.8913587441722611, 'Scaf/Test': 0.3208779626740177, 'FCD/TestSF': 14.138456108281474, 'SNN/TestSF': 0.48523976997696705, 'Frag/TestSF': 0.8891064905797604, 'Scaf/TestSF': 0.05450912819481457, 'IntDiv': 0.8548405170201079, 'IntDiv2': 0.8453073635729201, 'Filters': 0.9603710412207037, 'logP': 0.3130479518231949, 'SA': 0.02648859369916175, 'QED': 0.014854599047234325, 'weight': 19.352833557234586, 'Novelty': 0.9455827810542956}
Epoch: 85:
	Train Loss: 0.297 --- Reconstruction Loss: 0.284 --- KL Loss: 17.195 --- Beta: 0.000712
	Validity: 0.61% --- Uniquene@1000: 0.99% --- Unique@10000: 0.94%

{'valid': 0.6809666666666667, 'unique@1000': 0.994, 'unique@10000': 0.9351, 'FCD/Test': 12.034179086667365, 'SNN/Test': 0.5415195876867319, 'Frag/Test': 0.9274837898880122, 'Scaf/Test': 0.34662688821428744, 'FCD/TestSF': 12.480965497336541, 'SNN/TestSF': 0.4997341138338038, 'Frag/TestSF': 0.923307428715572, 'Scaf/TestSF': 0.07286636325683105, 'IntDiv': 0.8527679729149771, 'IntDiv2': 0.8432219024943245, 'Filters': 0.9738606882373098, 'logP': 0.13209824728204841, 'SA': 0.02165538350280273, 'QED': 0.012582739006762553, 'weight': 22.384371941252578, 'Novelty': 0.9248624862486249}
Epoch: 86:
	Train Loss: 0.296 --- Reconstruction Loss: 0.284 --- KL Loss: 17.046 --- Beta: 0.000730
	Validity: 0.68% --- Uniquene@1000: 0.99% --- Unique@10000: 0.94%

{'valid': 0.7011333333333334, 'unique@1000': 0.989, 'unique@10000': 0.9335, 'FCD/Test': 12.809547245336205, 'SNN/Test': 0.5426823403943092, 'Frag/Test': 0.9244093425125709, 'Scaf/Test': 0.31428638739687853, 'FCD/TestSF': 13.195994490204313, 'SNN/TestSF': 0.5023683314726608, 'Frag/TestSF': 0.9213287835033469, 'Scaf/TestSF': 0.07799053155989144, 'IntDiv': 0.847080674123988, 'IntDiv2': 0.8377009642440936, 'Filters': 0.9644860701721023, 'logP': 0.17525941359519878, 'SA': 0.04055682046567804, 'QED': 0.014584796578350582, 'weight': 19.57635974108082, 'Novelty': 0.933981521272024}
Epoch: 87:
	Train Loss: 0.295 --- Reconstruction Loss: 0.282 --- KL Loss: 16.874 --- Beta: 0.000748
	Validity: 0.70% --- Uniquene@1000: 0.99% --- Unique@10000: 0.93%

{'valid': 0.6576666666666666, 'unique@1000': 0.99, 'unique@10000': 0.9351, 'FCD/Test': 11.35195437193326, 'SNN/Test': 0.5437471007581779, 'Frag/Test': 0.9215641464498628, 'Scaf/Test': 0.3793999269503341, 'FCD/TestSF': 12.053109670381446, 'SNN/TestSF': 0.5012458903613999, 'Frag/TestSF': 0.91761280497426, 'Scaf/TestSF': 0.08092816150430915, 'IntDiv': 0.8539202550990622, 'IntDiv2': 0.8441738210210143, 'Filters': 0.9668525088697415, 'logP': 0.08687444307976855, 'SA': 0.04641474661407412, 'QED': 0.01508084954140831, 'weight': 23.094965444785117, 'Novelty': 0.9250099043522554}
Epoch: 88:
	Train Loss: 0.293 --- Reconstruction Loss: 0.281 --- KL Loss: 16.714 --- Beta: 0.000766
	Validity: 0.66% --- Uniquene@1000: 0.99% --- Unique@10000: 0.94%

{'valid': 0.6258333333333334, 'unique@1000': 0.996, 'unique@10000': 0.9488, 'FCD/Test': 12.216071837844737, 'SNN/Test': 0.533094992221751, 'Frag/Test': 0.9044163709202235, 'Scaf/Test': 0.34990503072556667, 'FCD/TestSF': 12.624672332228933, 'SNN/TestSF': 0.4926909352634623, 'Frag/TestSF': 0.9008156018701384, 'Scaf/TestSF': 0.09147810721831451, 'IntDiv': 0.8537627816181357, 'IntDiv2': 0.8445119590434045, 'Filters': 0.9664980026631158, 'logP': 0.2210021057484168, 'SA': 0.013756307091116509, 'QED': 0.018625870294812382, 'weight': 16.71811429651804, 'Novelty': 0.9316209447259596}
Epoch: 89:
	Train Loss: 0.293 --- Reconstruction Loss: 0.280 --- KL Loss: 16.527 --- Beta: 0.000784
	Validity: 0.63% --- Uniquene@1000: 1.00% --- Unique@10000: 0.95%

{'valid': 0.6906333333333333, 'unique@1000': 0.988, 'unique@10000': 0.9357, 'FCD/Test': 12.220679702280421, 'SNN/Test': 0.5378491393623046, 'Frag/Test': 0.9199621283297192, 'Scaf/Test': 0.35151948999528726, 'FCD/TestSF': 12.609534741241532, 'SNN/TestSF': 0.5000237564029619, 'Frag/TestSF': 0.9175383345649976, 'Scaf/TestSF': 0.08309927981207954, 'IntDiv': 0.8520315624463237, 'IntDiv2': 0.8422674295066821, 'Filters': 0.9676142670978329, 'logP': 0.23176357365924954, 'SA': 0.02115103402331493, 'QED': 0.014384510092601173, 'weight': 17.927847975226232, 'Novelty': 0.9337583747568619}
Epoch: 90:
	Train Loss: 0.292 --- Reconstruction Loss: 0.279 --- KL Loss: 16.432 --- Beta: 0.000802
	Validity: 0.69% --- Uniquene@1000: 0.99% --- Unique@10000: 0.94%

{'valid': 0.7315, 'unique@1000': 0.993, 'unique@10000': 0.9335, 'FCD/Test': 11.97787935791007, 'SNN/Test': 0.5487956460970196, 'Frag/Test': 0.9302295001280411, 'Scaf/Test': 0.3711521244871492, 'FCD/TestSF': 12.584864960889306, 'SNN/TestSF': 0.508120807389459, 'Frag/TestSF': 0.9255899468478664, 'Scaf/TestSF': 0.08684771007580583, 'IntDiv': 0.8452986448718396, 'IntDiv2': 0.8359981686929656, 'Filters': 0.9619047619047619, 'logP': 0.10076100514744016, 'SA': 0.0646917535999694, 'QED': 0.016075412898398284, 'weight': 18.49011572744745, 'Novelty': 0.9282733034472098}
Epoch: 91:
	Train Loss: 0.291 --- Reconstruction Loss: 0.278 --- KL Loss: 16.274 --- Beta: 0.000820
	Validity: 0.73% --- Uniquene@1000: 0.99% --- Unique@10000: 0.93%

{'valid': 0.6351333333333333, 'unique@1000': 0.997, 'unique@10000': 0.9486, 'FCD/Test': 11.870519238209738, 'SNN/Test': 0.5206624849617225, 'Frag/Test': 0.9145759540441971, 'Scaf/Test': 0.3303429160200704, 'FCD/TestSF': 12.391548688116927, 'SNN/TestSF': 0.48412362578640433, 'Frag/TestSF': 0.9112202400602721, 'Scaf/TestSF': 0.08018106582102813, 'IntDiv': 0.8585471260958359, 'IntDiv2': 0.8495048683163222, 'Filters': 0.96079563346279, 'logP': 0.10167624981724867, 'SA': 0.09905019399091194, 'QED': 0.015320573645261931, 'weight': 19.685532871429857, 'Novelty': 0.9445773524720893}
Epoch: 92:
	Train Loss: 0.290 --- Reconstruction Loss: 0.277 --- KL Loss: 16.116 --- Beta: 0.000838
	Validity: 0.64% --- Uniquene@1000: 1.00% --- Unique@10000: 0.95%

{'valid': 0.49583333333333335, 'unique@1000': 0.99, 'unique@10000': 0.945, 'FCD/Test': 12.58592750383864, 'SNN/Test': 0.5168122043339144, 'Frag/Test': 0.9051981788383106, 'Scaf/Test': 0.3147786489182909, 'FCD/TestSF': 13.034443121748687, 'SNN/TestSF': 0.47914853812866853, 'Frag/TestSF': 0.9032224344734657, 'Scaf/TestSF': 0.07657172487427255, 'IntDiv': 0.8606614524085598, 'IntDiv2': 0.8514620909148383, 'Filters': 0.9614789915966386, 'logP': 0.14458200019662854, 'SA': 0.08148161841953791, 'QED': 0.015254808268426697, 'weight': 21.07162288450342, 'Novelty': 0.94496614981437}
Epoch: 93:
	Train Loss: 0.288 --- Reconstruction Loss: 0.275 --- KL Loss: 15.905 --- Beta: 0.000856
	Validity: 0.50% --- Uniquene@1000: 0.99% --- Unique@10000: 0.94%

{'valid': 0.6457333333333333, 'unique@1000': 0.994, 'unique@10000': 0.9454, 'FCD/Test': 12.72320522925142, 'SNN/Test': 0.5260065001595766, 'Frag/Test': 0.9067966204138256, 'Scaf/Test': 0.3767450122519409, 'FCD/TestSF': 13.306896376714477, 'SNN/TestSF': 0.4860149272995413, 'Frag/TestSF': 0.9028775001854794, 'Scaf/TestSF': 0.07799261332566276, 'IntDiv': 0.8528192115514487, 'IntDiv2': 0.8435637626315975, 'Filters': 0.9618521577534586, 'logP': 0.2317921531061532, 'SA': 0.02770268709082215, 'QED': 0.015287213548400947, 'weight': 15.601406529008411, 'Novelty': 0.9404964297857872}
Epoch: 94:
	Train Loss: 0.289 --- Reconstruction Loss: 0.275 --- KL Loss: 15.830 --- Beta: 0.000874
	Validity: 0.65% --- Uniquene@1000: 0.99% --- Unique@10000: 0.95%

{'valid': 0.7168333333333333, 'unique@1000': 0.991, 'unique@10000': 0.9523, 'FCD/Test': 13.167191281123507, 'SNN/Test': 0.5168674585743578, 'Frag/Test': 0.9010702685655055, 'Scaf/Test': 0.34249762418476903, 'FCD/TestSF': 13.835929191772955, 'SNN/TestSF': 0.4785033718364734, 'Frag/TestSF': 0.8980795122372947, 'Scaf/TestSF': 0.06875117380123008, 'IntDiv': 0.8556305483670301, 'IntDiv2': 0.846497332201509, 'Filters': 0.9650313880492909, 'logP': 0.09297379025732085, 'SA': 0.06429101003009353, 'QED': 0.015270672239039568, 'weight': 18.296737458427977, 'Novelty': 0.9469509422523115}
Epoch: 95:
	Train Loss: 0.287 --- Reconstruction Loss: 0.273 --- KL Loss: 15.700 --- Beta: 0.000892
	Validity: 0.72% --- Uniquene@1000: 0.99% --- Unique@10000: 0.95%

{'valid': 0.5720000000000001, 'unique@1000': 0.99, 'unique@10000': 0.9547, 'FCD/Test': 13.202992977442165, 'SNN/Test': 0.5147796539958819, 'Frag/Test': 0.8893839183763009, 'Scaf/Test': 0.3268715183694685, 'FCD/TestSF': 13.938242150558466, 'SNN/TestSF': 0.4710084484790241, 'Frag/TestSF': 0.8851486964453018, 'Scaf/TestSF': 0.07705504467072444, 'IntDiv': 0.851577969496594, 'IntDiv2': 0.8423330749977904, 'Filters': 0.967016317016317, 'logP': 0.18596956993233385, 'SA': 0.07123772535283081, 'QED': 0.019537255548097498, 'weight': 13.495292314747926, 'Novelty': 0.9502845350509662}
Epoch: 96:
	Train Loss: 0.287 --- Reconstruction Loss: 0.272 --- KL Loss: 15.616 --- Beta: 0.000910
	Validity: 0.57% --- Uniquene@1000: 0.99% --- Unique@10000: 0.95%

{'valid': 0.6381333333333333, 'unique@1000': 0.993, 'unique@10000': 0.9434, 'FCD/Test': 11.941205701076086, 'SNN/Test': 0.5209229151608179, 'Frag/Test': 0.9102519047172013, 'Scaf/Test': 0.3127884787371108, 'FCD/TestSF': 12.56583306544647, 'SNN/TestSF': 0.4835154506320665, 'Frag/TestSF': 0.9064241783427684, 'Scaf/TestSF': 0.07146857662308437, 'IntDiv': 0.8531109978733802, 'IntDiv2': 0.8437227948362538, 'Filters': 0.9608754701211868, 'logP': 0.09747319402620916, 'SA': 0.0728161261880274, 'QED': 0.014609670484238023, 'weight': 13.126876157255134, 'Novelty': 0.9454420679400664}
Epoch: 97:
	Train Loss: 0.285 --- Reconstruction Loss: 0.270 --- KL Loss: 15.445 --- Beta: 0.000928
	Validity: 0.64% --- Uniquene@1000: 0.99% --- Unique@10000: 0.94%

{'valid': 0.7466666666666666, 'unique@1000': 0.998, 'unique@10000': 0.9452, 'FCD/Test': 11.90997596899156, 'SNN/Test': 0.5303829159541056, 'Frag/Test': 0.8970692729681293, 'Scaf/Test': 0.3652737251905367, 'FCD/TestSF': 12.43544022221667, 'SNN/TestSF': 0.4958798903759037, 'Frag/TestSF': 0.8945824943372085, 'Scaf/TestSF': 0.07932652508530447, 'IntDiv': 0.8519598636605605, 'IntDiv2': 0.8423634678211294, 'Filters': 0.9648660714285714, 'logP': 0.16934684321005866, 'SA': 0.03255370657460392, 'QED': 0.015365683593803262, 'weight': 16.371962834391184, 'Novelty': 0.9429915799900941}
Epoch: 98:
	Train Loss: 0.285 --- Reconstruction Loss: 0.270 --- KL Loss: 15.337 --- Beta: 0.000946
	Validity: 0.75% --- Uniquene@1000: 1.00% --- Unique@10000: 0.95%

{'valid': 0.5948, 'unique@1000': 0.993, 'unique@10000': 0.9522, 'FCD/Test': 11.84546817706071, 'SNN/Test': 0.5253527547769137, 'Frag/Test': 0.8951185113640951, 'Scaf/Test': 0.34615091208582727, 'FCD/TestSF': 12.341398580038813, 'SNN/TestSF': 0.48988987925481003, 'Frag/TestSF': 0.8930763304617715, 'Scaf/TestSF': 0.08719241410746881, 'IntDiv': 0.8580078527693101, 'IntDiv2': 0.8486025886567384, 'Filters': 0.9680004483299709, 'logP': 0.18856982930303734, 'SA': 0.036291298791347446, 'QED': 0.013392832019439072, 'weight': 22.11646375286665, 'Novelty': 0.9403857745629898}
Epoch: 99:
	Train Loss: 0.283 --- Reconstruction Loss: 0.269 --- KL Loss: 15.164 --- Beta: 0.000964
	Validity: 0.59% --- Uniquene@1000: 0.99% --- Unique@10000: 0.95%

{'valid': 0.7748666666666667, 'unique@1000': 0.996, 'unique@10000': 0.945, 'FCD/Test': 11.59955766755128, 'SNN/Test': 0.5332126287947133, 'Frag/Test': 0.9211559560447549, 'Scaf/Test': 0.4193383001722809, 'FCD/TestSF': 12.318287166667716, 'SNN/TestSF': 0.48996593108108877, 'Frag/TestSF': 0.9163982480300138, 'Scaf/TestSF': 0.0904278718567012, 'IntDiv': 0.8549655234712112, 'IntDiv2': 0.845519636835412, 'Filters': 0.9635206056956035, 'logP': 0.14154831104743898, 'SA': 0.017587415264657947, 'QED': 0.014701863368405734, 'weight': 14.975134236258228, 'Novelty': 0.932618025751073}
Epoch: 100:
	Train Loss: 0.283 --- Reconstruction Loss: 0.269 --- KL Loss: 15.068 --- Beta: 0.000982
	Validity: 0.77% --- Uniquene@1000: 1.00% --- Unique@10000: 0.94%

