2024-02-15 06:02:30.168508: E external/local_xla/xla/stream_executor/cuda/cuda_dnn.cc:9261] Unable to register cuDNN factory: Attempting to register factory for plugin cuDNN when one has already been registered
2024-02-15 06:02:30.168576: E external/local_xla/xla/stream_executor/cuda/cuda_fft.cc:607] Unable to register cuFFT factory: Attempting to register factory for plugin cuFFT when one has already been registered
2024-02-15 06:02:30.215757: E external/local_xla/xla/stream_executor/cuda/cuda_blas.cc:1515] Unable to register cuBLAS factory: Attempting to register factory for plugin cuBLAS when one has already been registered
2024-02-15 06:02:30.311236: I tensorflow/core/platform/cpu_feature_guard.cc:182] This TensorFlow binary is optimized to use available CPU instructions in performance-critical operations.
To enable the following instructions: AVX2 FMA, in other operations, rebuild TensorFlow with the appropriate compiler flags.
2024-02-15 06:02:32.450284: W tensorflow/compiler/tf2tensorrt/utils/py_utils.cc:38] TF-TRT Warning: Could not find TensorRT

Arguments:
	data_path: data/moses_train.txt
	max_len: 30
	batch: 128
	d_model: 512
	d_latent: 256
	d_ff: 1024
	e_heads: 1
	d_heads: 8
	n_layers: 8
	dropout: 0.5
	lr: 0.0005
	n_epochs: 80
	kl_type: cyclic
	kl_w_start: 0.0001
	kl_w_end: 0.0005
	kl_cycle: 6
	kl_ratio: 1.0
	save_name: klcompare

Number of data: 88192

SMILES Vocab:
	 {'<START>': 0, '<END>': 1, '<PAD>': 2, 'C': 3, 'O': 4, 'c': 5, '1': 6, '(': 7, '=': 8, ')': 9, 'N': 10, 'n': 11, '2': 12, 'F': 13, 'Cl': 14, 'Br': 15, '#': 16, '3': 17, 'S': 18, 'o': 19, '-': 20, 's': 21, '[nH]': 22, '4': 23}

Graph Vocab:
	 {'C': 0, 'O': 1, 'N': 2, 'F': 3, 'Cl': 4, 'Br': 5, 'S': 6}


KL Annealer: [0.0001  0.00013 0.00016 0.00019 0.00022 0.00025 0.00028 0.00031 0.00034
 0.00037 0.0004  0.00043 0.00046 0.0001  0.00013 0.00016 0.00019 0.00022
 0.00025 0.00028 0.00031 0.00034 0.00037 0.0004  0.00043 0.00046 0.0001
 0.00013 0.00016 0.00019 0.00022 0.00025 0.00028 0.00031 0.00034 0.00037
 0.0004  0.00043 0.00046 0.00049 0.0001  0.00013 0.00016 0.00019 0.00022
 0.00025 0.00028 0.00031 0.00034 0.00037 0.0004  0.00043 0.00046 0.0001
 0.00013 0.00016 0.00019 0.00022 0.00025 0.00028 0.00031 0.00034 0.00037
 0.0004  0.00043 0.00046 0.0001  0.00013 0.00016 0.00019 0.00022 0.00025
 0.00028 0.00031 0.00034 0.00037 0.0004  0.00043 0.00046 0.00049]




#########################################################################
######################### START TRAINING ################################
#########################################################################




{'valid': 0.6679666666666666, 'unique@1000': 0.238, 'unique@10000': 0.0929, 'FCD/Test': 38.873880072265585, 'SNN/Test': 0.6203552779813948, 'Frag/Test': 0.8027190491257994, 'Scaf/Test': 0.16532079996898796, 'FCD/TestSF': 40.096887760744806, 'SNN/TestSF': 0.5419172428061645, 'Frag/TestSF': 0.7932466412694503, 'Scaf/TestSF': 0.0007254886852876563, 'IntDiv': 0.5825925208295357, 'IntDiv2': 0.5539681976838324, 'Filters': 0.9907680023953291, 'logP': 0.33890497283197435, 'SA': 0.5147412704292134, 'QED': 0.13801290370357452, 'weight': 10.559923143861223, 'Novelty': 0.9428353658536586}
Epoch: 31:
	Train Loss: 0.507 --- Reconstruction Loss: 0.484 --- KL Loss: 103.116 --- Beta: 0.000220
	Validity: 0.67% --- Uniquene@1000: 0.24% --- Unique@10000: 0.09%

{'valid': 0.7740666666666667, 'unique@1000': 0.309, 'unique@10000': 0.1086, 'FCD/Test': 37.53905500335596, 'SNN/Test': 0.6533048766282638, 'Frag/Test': 0.8230706712692119, 'Scaf/Test': 0.0888157882277858, 'FCD/TestSF': 39.089395887522485, 'SNN/TestSF': 0.5511762494380628, 'Frag/TestSF': 0.8130618344525858, 'Scaf/TestSF': 0.019505888949007177, 'IntDiv': 0.621207633731311, 'IntDiv2': 0.5923366744698819, 'Filters': 0.9951339247265524, 'logP': 0.33606898868200474, 'SA': 0.5601632966577271, 'QED': 0.10083343147440124, 'weight': 10.378033084794755, 'Novelty': 0.8953488372093024}
Epoch: 32:
	Train Loss: 0.499 --- Reconstruction Loss: 0.477 --- KL Loss: 86.790 --- Beta: 0.000250
	Validity: 0.77% --- Uniquene@1000: 0.31% --- Unique@10000: 0.11%

{'valid': 0.7207, 'unique@1000': 0.312, 'unique@10000': 0.1161, 'FCD/Test': 39.306014180649534, 'SNN/Test': 0.5878187138293466, 'Frag/Test': 0.7953182712530065, 'Scaf/Test': 0.05210074697447076, 'FCD/TestSF': 40.582787344122224, 'SNN/TestSF': 0.5327511585531763, 'Frag/TestSF': 0.7862034972617734, 'Scaf/TestSF': 0.0005101703903259702, 'IntDiv': 0.6089193179581902, 'IntDiv2': 0.5753817343710258, 'Filters': 0.987512140974053, 'logP': 0.31558570419606236, 'SA': 0.4152037908463077, 'QED': 0.1197919384328928, 'weight': 8.697707154437792, 'Novelty': 0.9596491228070175}
Epoch: 33:
	Train Loss: 0.535 --- Reconstruction Loss: 0.487 --- KL Loss: 168.507 --- Beta: 0.000280
	Validity: 0.72% --- Uniquene@1000: 0.31% --- Unique@10000: 0.12%

{'valid': 0.6807666666666667, 'unique@1000': 0.542, 'unique@10000': 0.2459, 'FCD/Test': 23.746306287857422, 'SNN/Test': 0.6166692176467202, 'Frag/Test': 0.893966471340463, 'Scaf/Test': 0.3689498543269195, 'FCD/TestSF': 25.247499933027072, 'SNN/TestSF': 0.51255202547306, 'Frag/TestSF': 0.8808995470089267, 'Scaf/TestSF': 0.012450354123319296, 'IntDiv': 0.7444102411498732, 'IntDiv2': 0.7207230365258483, 'Filters': 0.9744405816971062, 'logP': 0.4446328810209908, 'SA': 0.37470969575445684, 'QED': 0.06434952318559353, 'weight': 5.980864130565754, 'Novelty': 0.9138755980861244}
Epoch: 34:
	Train Loss: 0.483 --- Reconstruction Loss: 0.464 --- KL Loss: 59.175 --- Beta: 0.000310
	Validity: 0.68% --- Uniquene@1000: 0.54% --- Unique@10000: 0.25%

{'valid': 0.6690666666666667, 'unique@1000': 0.664, 'unique@10000': 0.293, 'FCD/Test': 20.723988871468848, 'SNN/Test': 0.6156219066454386, 'Frag/Test': 0.909251792228225, 'Scaf/Test': 0.31834012497133257, 'FCD/TestSF': 22.180584718321654, 'SNN/TestSF': 0.5271703718507038, 'Frag/TestSF': 0.8987688992416122, 'Scaf/TestSF': 0.019697685022516565, 'IntDiv': 0.785897270329236, 'IntDiv2': 0.7655722903533823, 'Filters': 0.9825129533678757, 'logP': 0.493296291075325, 'SA': 0.3578171851810846, 'QED': 0.035394007253252625, 'weight': 10.672856284568342, 'Novelty': 0.8981288981288982}
Epoch: 35:
	Train Loss: 0.474 --- Reconstruction Loss: 0.457 --- KL Loss: 50.708 --- Beta: 0.000340
	Validity: 0.67% --- Uniquene@1000: 0.66% --- Unique@10000: 0.29%

{'valid': 0.6820333333333333, 'unique@1000': 0.598, 'unique@10000': 0.2519, 'FCD/Test': 25.498458989595044, 'SNN/Test': 0.6295302437966034, 'Frag/Test': 0.8685528125806831, 'Scaf/Test': 0.30997863789823565, 'FCD/TestSF': 27.1886499000842, 'SNN/TestSF': 0.5198606152227097, 'Frag/TestSF': 0.8541687522220701, 'Scaf/TestSF': 0.00807143421663492, 'IntDiv': 0.7630301956336075, 'IntDiv2': 0.7412930787451224, 'Filters': 0.9941840574751967, 'logP': 0.4183467007063986, 'SA': 0.3881745323668497, 'QED': 0.05964220114237089, 'weight': 7.47554061828666, 'Novelty': 0.8964392497961402}
Epoch: 36:
	Train Loss: 0.466 --- Reconstruction Loss: 0.449 --- KL Loss: 45.693 --- Beta: 0.000370
	Validity: 0.68% --- Uniquene@1000: 0.60% --- Unique@10000: 0.25%

{'valid': 0.7230333333333333, 'unique@1000': 0.707, 'unique@10000': 0.3526, 'FCD/Test': 21.494934197920387, 'SNN/Test': 0.6226974061913666, 'Frag/Test': 0.901133154410786, 'Scaf/Test': 0.23786723965044787, 'FCD/TestSF': 22.854201648098872, 'SNN/TestSF': 0.5234539660091337, 'Frag/TestSF': 0.8885693201278743, 'Scaf/TestSF': 0.027849179439236038, 'IntDiv': 0.7880177943056286, 'IntDiv2': 0.7693016949766984, 'Filters': 0.9889355032040938, 'logP': 0.508518042288067, 'SA': 0.3531207840771282, 'QED': 0.037900212126773025, 'weight': 7.224196367458639, 'Novelty': 0.9159066034294053}
Epoch: 37:
	Train Loss: 0.458 --- Reconstruction Loss: 0.442 --- KL Loss: 41.771 --- Beta: 0.000400
	Validity: 0.72% --- Uniquene@1000: 0.71% --- Unique@10000: 0.35%

{'valid': 0.7572666666666666, 'unique@1000': 0.683, 'unique@10000': 0.3372, 'FCD/Test': 23.145402159682504, 'SNN/Test': 0.6184293875872999, 'Frag/Test': 0.9056622130827542, 'Scaf/Test': 0.17985160121776855, 'FCD/TestSF': 24.63566124577389, 'SNN/TestSF': 0.5179894776928434, 'Frag/TestSF': 0.8946849165637945, 'Scaf/TestSF': 0.009485953097527311, 'IntDiv': 0.7812520016596275, 'IntDiv2': 0.7615199567678421, 'Filters': 0.9938815036534906, 'logP': 0.6263792549102574, 'SA': 0.37593572163695116, 'QED': 0.019662570719648092, 'weight': 4.7242838186148735, 'Novelty': 0.9076016933554206}
Epoch: 38:
	Train Loss: 0.452 --- Reconstruction Loss: 0.436 --- KL Loss: 38.574 --- Beta: 0.000430
	Validity: 0.76% --- Uniquene@1000: 0.68% --- Unique@10000: 0.34%

{'valid': 0.8224, 'unique@1000': 0.743, 'unique@10000': 0.389, 'FCD/Test': 22.9707492002631, 'SNN/Test': 0.6286187924966506, 'Frag/Test': 0.892552196357647, 'Scaf/Test': 0.4641894682772276, 'FCD/TestSF': 24.385198589441757, 'SNN/TestSF': 0.5364892951269596, 'Frag/TestSF': 0.8807344930450969, 'Scaf/TestSF': 0.04763146212189728, 'IntDiv': 0.7739998026956474, 'IntDiv2': 0.7574084295436205, 'Filters': 0.9914883268482491, 'logP': 0.4974207474878985, 'SA': 0.38121582798188286, 'QED': 0.035106812842576676, 'weight': 5.513109851362923, 'Novelty': 0.8962010170505534}
Epoch: 39:
	Train Loss: 0.444 --- Reconstruction Loss: 0.428 --- KL Loss: 35.430 --- Beta: 0.000460
	Validity: 0.82% --- Uniquene@1000: 0.74% --- Unique@10000: 0.39%

{'valid': 0.7291666666666667, 'unique@1000': 0.75, 'unique@10000': 0.4114, 'FCD/Test': 25.292176157207358, 'SNN/Test': 0.6033496655675343, 'Frag/Test': 0.8095301112646812, 'Scaf/Test': 0.1694785502469578, 'FCD/TestSF': 26.797896647031934, 'SNN/TestSF': 0.509737671762194, 'Frag/TestSF': 0.7926353624828072, 'Scaf/TestSF': 0.01600926553445925, 'IntDiv': 0.7585218597592474, 'IntDiv2': 0.7418010055258784, 'Filters': 0.9807085714285714, 'logP': 0.1659105576599425, 'SA': 0.3054093010292733, 'QED': 0.05884792026778366, 'weight': 10.97394667816591, 'Novelty': 0.8959152798789712}
Epoch: 40:
	Train Loss: 0.438 --- Reconstruction Loss: 0.422 --- KL Loss: 32.949 --- Beta: 0.000490
	Validity: 0.73% --- Uniquene@1000: 0.75% --- Unique@10000: 0.41%

{'valid': 0.7946, 'unique@1000': 0.708, 'unique@10000': 0.328, 'FCD/Test': 25.37391511907991, 'SNN/Test': 0.6156483886575767, 'Frag/Test': 0.8525774696554151, 'Scaf/Test': 0.20023974202412687, 'FCD/TestSF': 26.77267615294049, 'SNN/TestSF': 0.5146917068827761, 'Frag/TestSF': 0.8398929274604839, 'Scaf/TestSF': 0.04635262968382037, 'IntDiv': 0.7569562176079908, 'IntDiv2': 0.7391220250248229, 'Filters': 0.9869955533182314, 'logP': 0.5187279049514413, 'SA': 0.315074311965672, 'QED': 0.06899703442629272, 'weight': 8.36172406925374, 'Novelty': 0.9144335612640917}
Epoch: 41:
	Train Loss: 0.418 --- Reconstruction Loss: 0.412 --- KL Loss: 55.529 --- Beta: 0.000100
	Validity: 0.79% --- Uniquene@1000: 0.71% --- Unique@10000: 0.33%

{'valid': 0.7266333333333334, 'unique@1000': 0.781, 'unique@10000': 0.3784, 'FCD/Test': 20.118851586097158, 'SNN/Test': 0.5922224855465629, 'Frag/Test': 0.8832281738621539, 'Scaf/Test': 0.19432020948996231, 'FCD/TestSF': 21.08894403362565, 'SNN/TestSF': 0.5128770950506453, 'Frag/TestSF': 0.8711012573304733, 'Scaf/TestSF': 0.052168999245848835, 'IntDiv': 0.7854776335400228, 'IntDiv2': 0.7690591059993883, 'Filters': 0.9881645947061792, 'logP': 0.5594194695017473, 'SA': 0.21169795886409612, 'QED': 0.0529841175242329, 'weight': 14.993511105267258, 'Novelty': 0.9208549006511939}
Epoch: 42:
	Train Loss: 0.412 --- Reconstruction Loss: 0.404 --- KL Loss: 56.330 --- Beta: 0.000130
	Validity: 0.73% --- Uniquene@1000: 0.78% --- Unique@10000: 0.38%

{'valid': 0.7678, 'unique@1000': 0.732, 'unique@10000': 0.377, 'FCD/Test': 24.0588222845698, 'SNN/Test': 0.6174237205420268, 'Frag/Test': 0.846433923862033, 'Scaf/Test': 0.15053095870798283, 'FCD/TestSF': 25.401177467104418, 'SNN/TestSF': 0.5181721521728598, 'Frag/TestSF': 0.8320565642674, 'Scaf/TestSF': 0.03814208712279987, 'IntDiv': 0.7723807481958511, 'IntDiv2': 0.7550840889671306, 'Filters': 0.9718676738734046, 'logP': 0.3432798301093596, 'SA': 0.3034102730643068, 'QED': 0.03537181687939533, 'weight': 16.071474334602, 'Novelty': 0.8779578606158833}
Epoch: 43:
	Train Loss: 0.407 --- Reconstruction Loss: 0.399 --- KL Loss: 53.033 --- Beta: 0.000160
	Validity: 0.77% --- Uniquene@1000: 0.73% --- Unique@10000: 0.38%

{'valid': 0.7274333333333334, 'unique@1000': 0.765, 'unique@10000': 0.4202, 'FCD/Test': 20.372697545612844, 'SNN/Test': 0.5903983169682919, 'Frag/Test': 0.8779480747397546, 'Scaf/Test': 0.18226096908189948, 'FCD/TestSF': 21.577717804866055, 'SNN/TestSF': 0.5102387581773231, 'Frag/TestSF': 0.8654573118089894, 'Scaf/TestSF': 0.04980754069643789, 'IntDiv': 0.7923755269584734, 'IntDiv2': 0.777200483178476, 'Filters': 0.9859322732896485, 'logP': 0.47372164394028315, 'SA': 0.2277230362869829, 'QED': 0.03339153142066376, 'weight': 16.073203952004768, 'Novelty': 0.9064089521871821}
Epoch: 44:
	Train Loss: 0.403 --- Reconstruction Loss: 0.394 --- KL Loss: 49.395 --- Beta: 0.000190
	Validity: 0.73% --- Uniquene@1000: 0.77% --- Unique@10000: 0.42%

{'valid': 0.8048666666666666, 'unique@1000': 0.776, 'unique@10000': 0.4319, 'FCD/Test': 19.478844216367705, 'SNN/Test': 0.5994661377095982, 'Frag/Test': 0.915659544548863, 'Scaf/Test': 0.15730949142570672, 'FCD/TestSF': 20.45243415093796, 'SNN/TestSF': 0.5239440486604017, 'Frag/TestSF': 0.9052888327988124, 'Scaf/TestSF': 0.06550404919833108, 'IntDiv': 0.7932355483396026, 'IntDiv2': 0.7792050781110997, 'Filters': 0.9819431789944504, 'logP': 0.3828191746881779, 'SA': 0.2390795782475547, 'QED': 0.021423082343266762, 'weight': 16.983810634530812, 'Novelty': 0.8881544156530936}
Epoch: 45:
	Train Loss: 0.399 --- Reconstruction Loss: 0.389 --- KL Loss: 45.332 --- Beta: 0.000220
	Validity: 0.80% --- Uniquene@1000: 0.78% --- Unique@10000: 0.43%

{'valid': 0.7432333333333334, 'unique@1000': 0.809, 'unique@10000': 0.4662, 'FCD/Test': 19.455406570834732, 'SNN/Test': 0.608454663760754, 'Frag/Test': 0.9074332699126202, 'Scaf/Test': 0.19276194053238827, 'FCD/TestSF': 20.402184405680487, 'SNN/TestSF': 0.5276032781419976, 'Frag/TestSF': 0.8968990069214435, 'Scaf/TestSF': 0.03366977738893928, 'IntDiv': 0.7985743940368374, 'IntDiv2': 0.7841460730304988, 'Filters': 0.9896847109476611, 'logP': 0.46906754843469556, 'SA': 0.24489473249325927, 'QED': 0.01300326748808532, 'weight': 18.782228176036895, 'Novelty': 0.8912606730286289}
Epoch: 46:
	Train Loss: 0.393 --- Reconstruction Loss: 0.383 --- KL Loss: 41.705 --- Beta: 0.000250
	Validity: 0.74% --- Uniquene@1000: 0.81% --- Unique@10000: 0.47%

{'valid': 0.8173666666666667, 'unique@1000': 0.833, 'unique@10000': 0.523, 'FCD/Test': 18.58461084172832, 'SNN/Test': 0.6138396393034481, 'Frag/Test': 0.9370545284485318, 'Scaf/Test': 0.22410831813141063, 'FCD/TestSF': 19.640820807745207, 'SNN/TestSF': 0.5307818629437969, 'Frag/TestSF': 0.927195842739631, 'Scaf/TestSF': 0.04319762247018355, 'IntDiv': 0.7973188729017987, 'IntDiv2': 0.7850077067391228, 'Filters': 0.9866237102891399, 'logP': 0.4209507731999329, 'SA': 0.26683662741414277, 'QED': 0.01731920001346647, 'weight': 17.436165827532133, 'Novelty': 0.8821015323673512}
Epoch: 47:
	Train Loss: 0.388 --- Reconstruction Loss: 0.377 --- KL Loss: 38.311 --- Beta: 0.000280
	Validity: 0.82% --- Uniquene@1000: 0.83% --- Unique@10000: 0.52%

{'valid': 0.6149666666666667, 'unique@1000': 0.839, 'unique@10000': 0.5511, 'FCD/Test': 18.54253924355025, 'SNN/Test': 0.5903290292907714, 'Frag/Test': 0.904569774623655, 'Scaf/Test': 0.16216772386597833, 'FCD/TestSF': 19.232801476016732, 'SNN/TestSF': 0.5177512928876614, 'Frag/TestSF': 0.8935377397082124, 'Scaf/TestSF': 0.029096073012849666, 'IntDiv': 0.8038101278848395, 'IntDiv2': 0.7896114043517671, 'Filters': 0.9810829855276709, 'logP': 0.3876097826980698, 'SA': 0.1674602189140135, 'QED': 0.0336436928041257, 'weight': 16.210422546825694, 'Novelty': 0.9051509769094138}
Epoch: 48:
	Train Loss: 0.382 --- Reconstruction Loss: 0.372 --- KL Loss: 35.110 --- Beta: 0.000310
	Validity: 0.61% --- Uniquene@1000: 0.84% --- Unique@10000: 0.55%

{'valid': 0.7682, 'unique@1000': 0.866, 'unique@10000': 0.6056, 'FCD/Test': 16.74817760997469, 'SNN/Test': 0.6111967208822972, 'Frag/Test': 0.9239543847224897, 'Scaf/Test': 0.19396233783920924, 'FCD/TestSF': 17.56180543904655, 'SNN/TestSF': 0.542316858239739, 'Frag/TestSF': 0.9152307243893392, 'Scaf/TestSF': 0.04180636933973236, 'IntDiv': 0.809096061831986, 'IntDiv2': 0.7968864349113471, 'Filters': 0.9905840492927189, 'logP': 0.39798832147386687, 'SA': 0.3058154086224458, 'QED': 0.016333611436877123, 'weight': 25.32651558895959, 'Novelty': 0.8803258145363408}
Epoch: 49:
	Train Loss: 0.377 --- Reconstruction Loss: 0.366 --- KL Loss: 32.249 --- Beta: 0.000340
	Validity: 0.77% --- Uniquene@1000: 0.87% --- Unique@10000: 0.61%

{'valid': 0.6004666666666667, 'unique@1000': 0.91, 'unique@10000': 0.6395, 'FCD/Test': 15.155558200326652, 'SNN/Test': 0.5775513825535881, 'Frag/Test': 0.9239512809260448, 'Scaf/Test': 0.171963213106878, 'FCD/TestSF': 15.762855373066337, 'SNN/TestSF': 0.5097600496975341, 'Frag/TestSF': 0.9163238187082358, 'Scaf/TestSF': 0.02971851853034957, 'IntDiv': 0.8168285197767277, 'IntDiv2': 0.804895001091013, 'Filters': 0.9692461418896414, 'logP': 0.4488334016153804, 'SA': 0.11981402825306536, 'QED': 0.021447457524365356, 'weight': 20.963988745962773, 'Novelty': 0.9164398750125995}
Epoch: 50:
	Train Loss: 0.374 --- Reconstruction Loss: 0.363 --- KL Loss: 29.901 --- Beta: 0.000370
	Validity: 0.60% --- Uniquene@1000: 0.91% --- Unique@10000: 0.64%

{'valid': 0.8359, 'unique@1000': 0.93, 'unique@10000': 0.7178, 'FCD/Test': 15.27311163997453, 'SNN/Test': 0.5843019629541365, 'Frag/Test': 0.9183934403340639, 'Scaf/Test': 0.18199776628723907, 'FCD/TestSF': 16.03854756642467, 'SNN/TestSF': 0.5159066369552125, 'Frag/TestSF': 0.9087883298293755, 'Scaf/TestSF': 0.03176949650502481, 'IntDiv': 0.8181819552271539, 'IntDiv2': 0.8069171496706843, 'Filters': 0.9771503768393348, 'logP': 0.44221349848030067, 'SA': 0.1680363443226701, 'QED': 0.025671319895539887, 'weight': 16.016133679386925, 'Novelty': 0.9096944651446379}
Epoch: 51:
	Train Loss: 0.369 --- Reconstruction Loss: 0.358 --- KL Loss: 27.893 --- Beta: 0.000400
	Validity: 0.84% --- Uniquene@1000: 0.93% --- Unique@10000: 0.72%

{'valid': 0.8597, 'unique@1000': 0.953, 'unique@10000': 0.7438, 'FCD/Test': 15.329298785991995, 'SNN/Test': 0.5902977907481058, 'Frag/Test': 0.9275974678382704, 'Scaf/Test': 0.24060903156543034, 'FCD/TestSF': 15.97075618050657, 'SNN/TestSF': 0.5243634565284413, 'Frag/TestSF': 0.9199097420523265, 'Scaf/TestSF': 0.042455691433249565, 'IntDiv': 0.8270988970483886, 'IntDiv2': 0.8164280298604752, 'Filters': 0.9811174440696367, 'logP': 0.47936929182540916, 'SA': 0.20046553412367651, 'QED': 0.0197095105220941, 'weight': 20.13729667555471, 'Novelty': 0.8856849929514289}
Epoch: 52:
	Train Loss: 0.366 --- Reconstruction Loss: 0.354 --- KL Loss: 26.356 --- Beta: 0.000430
	Validity: 0.86% --- Uniquene@1000: 0.95% --- Unique@10000: 0.74%

{'valid': 0.8216333333333333, 'unique@1000': 0.951, 'unique@10000': 0.745, 'FCD/Test': 16.090565552024927, 'SNN/Test': 0.5938195588223673, 'Frag/Test': 0.9011167411471307, 'Scaf/Test': 0.1798325007636592, 'FCD/TestSF': 16.820275179101692, 'SNN/TestSF': 0.516235518095324, 'Frag/TestSF': 0.890238073858115, 'Scaf/TestSF': 0.031988841245104704, 'IntDiv': 0.8142177417592038, 'IntDiv2': 0.8029548386690554, 'Filters': 0.981703111688101, 'logP': 0.37443445978222706, 'SA': 0.2266419564635832, 'QED': 0.020702723102549055, 'weight': 16.218550518039386, 'Novelty': 0.8968935888962326}
Epoch: 53:
	Train Loss: 0.362 --- Reconstruction Loss: 0.350 --- KL Loss: 24.970 --- Beta: 0.000460
	Validity: 0.82% --- Uniquene@1000: 0.95% --- Unique@10000: 0.74%

{'valid': 0.8059000000000001, 'unique@1000': 0.933, 'unique@10000': 0.662, 'FCD/Test': 17.125423519771658, 'SNN/Test': 0.5905363417614254, 'Frag/Test': 0.9281016064653995, 'Scaf/Test': 0.17654807092803426, 'FCD/TestSF': 17.917051565536084, 'SNN/TestSF': 0.5145390066443215, 'Frag/TestSF': 0.9163884872441015, 'Scaf/TestSF': 0.020236815703372657, 'IntDiv': 0.8018704060515756, 'IntDiv2': 0.7901957852036566, 'Filters': 0.9711709475948215, 'logP': 0.4792615099821594, 'SA': 0.1725684712553065, 'QED': 0.023491856865987672, 'weight': 21.047237235379313, 'Novelty': 0.9106596595811436}
Epoch: 54:
	Train Loss: 0.347 --- Reconstruction Loss: 0.343 --- KL Loss: 40.016 --- Beta: 0.000100
	Validity: 0.81% --- Uniquene@1000: 0.93% --- Unique@10000: 0.66%

{'valid': 0.7091000000000001, 'unique@1000': 0.894, 'unique@10000': 0.628, 'FCD/Test': 16.358082391477865, 'SNN/Test': 0.5798948746216077, 'Frag/Test': 0.9255419603459534, 'Scaf/Test': 0.1998032572667573, 'FCD/TestSF': 17.05360912512299, 'SNN/TestSF': 0.5147580899091901, 'Frag/TestSF': 0.9161221544887228, 'Scaf/TestSF': 0.03576981806390633, 'IntDiv': 0.8214848539942803, 'IntDiv2': 0.8106196158113415, 'Filters': 0.9787524091571476, 'logP': 0.3006498542673766, 'SA': 0.1527824974339248, 'QED': 0.012902335639299689, 'weight': 29.399133395940954, 'Novelty': 0.897275204359673}
Epoch: 55:
	Train Loss: 0.344 --- Reconstruction Loss: 0.339 --- KL Loss: 40.922 --- Beta: 0.000130
	Validity: 0.71% --- Uniquene@1000: 0.89% --- Unique@10000: 0.63%

{'valid': 0.7166666666666667, 'unique@1000': 0.942, 'unique@10000': 0.6993, 'FCD/Test': 15.20550114947963, 'SNN/Test': 0.5767185168841551, 'Frag/Test': 0.9426145962613738, 'Scaf/Test': 0.17132828488246976, 'FCD/TestSF': 15.9964613497674, 'SNN/TestSF': 0.508647385068411, 'Frag/TestSF': 0.9322525720553475, 'Scaf/TestSF': 0.04775395662397053, 'IntDiv': 0.8237439924397281, 'IntDiv2': 0.8129070248097033, 'Filters': 0.9715813953488373, 'logP': 0.3176559742183138, 'SA': 0.13097143381326032, 'QED': 0.00645055668017236, 'weight': 32.745928831815206, 'Novelty': 0.897429776398504}
Epoch: 56:
	Train Loss: 0.340 --- Reconstruction Loss: 0.334 --- KL Loss: 39.015 --- Beta: 0.000160
	Validity: 0.72% --- Uniquene@1000: 0.94% --- Unique@10000: 0.70%

slurmstepd: error: *** JOB 8257222 ON hpctpa3pc0006 CANCELLED AT 2024-02-15T10:04:48 ***
