2024-02-15 02:31:21.310202: E external/local_xla/xla/stream_executor/cuda/cuda_dnn.cc:9261] Unable to register cuDNN factory: Attempting to register factory for plugin cuDNN when one has already been registered
2024-02-15 02:31:21.310257: E external/local_xla/xla/stream_executor/cuda/cuda_fft.cc:607] Unable to register cuFFT factory: Attempting to register factory for plugin cuFFT when one has already been registered
2024-02-15 02:31:21.311439: E external/local_xla/xla/stream_executor/cuda/cuda_blas.cc:1515] Unable to register cuBLAS factory: Attempting to register factory for plugin cuBLAS when one has already been registered
2024-02-15 02:31:21.316675: I tensorflow/core/platform/cpu_feature_guard.cc:182] This TensorFlow binary is optimized to use available CPU instructions in performance-critical operations.
To enable the following instructions: AVX2 FMA, in other operations, rebuild TensorFlow with the appropriate compiler flags.
2024-02-15 02:31:22.262793: W tensorflow/compiler/tf2tensorrt/utils/py_utils.cc:38] TF-TRT Warning: Could not find TensorRT

Arguments:
	data_path: data/moses_train.txt
	max_len: 30
	batch: 128
	d_model: 512
	d_latent: 256
	d_ff: 1024
	e_heads: 1
	d_heads: 8
	n_layers: 6
	dropout: 0.5
	lr: 0.0005
	n_epochs: 100
	kl_type: cyclic
	kl_w_start: 0.0001
	kl_w_end: 0.0005
	kl_cycle: 6
	kl_ratio: 0.5
	save_name: klcompare

Number of data: 88192

SMILES Vocab:
	 {'<START>': 0, '<END>': 1, '<PAD>': 2, 'C': 3, 'O': 4, 'c': 5, '1': 6, '(': 7, '=': 8, ')': 9, 'N': 10, 'n': 11, '2': 12, 'F': 13, 'Cl': 14, 'Br': 15, '#': 16, '3': 17, 'S': 18, 'o': 19, '-': 20, 's': 21, '[nH]': 22, '4': 23}

Graph Vocab:
	 {'C': 0, 'O': 1, 'N': 2, 'F': 3, 'Cl': 4, 'Br': 5, 'S': 6}


KL Annealer: [0.0001   0.000148 0.000196 0.000244 0.000292 0.00034  0.000388 0.000436
 0.000484 0.0005   0.0005   0.0005   0.0005   0.0005   0.0005   0.0005
 0.0001   0.000148 0.000196 0.000244 0.000292 0.00034  0.000388 0.000436
 0.000484 0.0005   0.0005   0.0005   0.0005   0.0005   0.0005   0.0005
 0.0005   0.0001   0.000148 0.000196 0.000244 0.000292 0.00034  0.000388
 0.000436 0.000484 0.0005   0.0005   0.0005   0.0005   0.0005   0.0005
 0.0005   0.0005   0.0001   0.000148 0.000196 0.000244 0.000292 0.00034
 0.000388 0.000436 0.000484 0.0005   0.0005   0.0005   0.0005   0.0005
 0.0005   0.0005   0.0001   0.000148 0.000196 0.000244 0.000292 0.00034
 0.000388 0.000436 0.000484 0.0005   0.0005   0.0005   0.0005   0.0005
 0.0005   0.0005   0.0005   0.0001   0.000148 0.000196 0.000244 0.000292
 0.00034  0.000388 0.000436 0.000484 0.0005   0.0005   0.0005   0.0005
 0.0005   0.0005   0.0005   0.0005  ]




#########################################################################
######################### START TRAINING ################################
#########################################################################




{'valid': 0.6125333333333334, 'unique@1000': 0.857, 'unique@10000': 0.5386, 'FCD/Test': 21.521926957836143, 'SNN/Test': 0.6057348393023818, 'Frag/Test': 0.8760338707977121, 'Scaf/Test': 0.3832848834386039, 'FCD/TestSF': 22.64466304719938, 'SNN/TestSF': 0.527004178053901, 'Frag/TestSF': 0.8619733324518793, 'Scaf/TestSF': 0.03196577443752102, 'IntDiv': 0.781217758104038, 'IntDiv2': 0.7678780508463598, 'Filters': 0.9856878537222464, 'logP': 0.20630077918265688, 'SA': 0.2969032345811612, 'QED': 0.05661092257829746, 'weight': 11.208604666774361, 'Novelty': 0.9239653512993262}
Epoch: 31:
	Train Loss: 0.451 --- Reconstruction Loss: 0.439 --- KL Loss: 24.635 --- Beta: 0.000500
	Validity: 0.61% --- Uniquene@1000: 0.86% --- Unique@10000: 0.54%

{'valid': 0.6028666666666667, 'unique@1000': 0.869, 'unique@10000': 0.5849, 'FCD/Test': 20.558253376776072, 'SNN/Test': 0.6214021911590643, 'Frag/Test': 0.9090973521387121, 'Scaf/Test': 0.4434592261979402, 'FCD/TestSF': 21.594759261315005, 'SNN/TestSF': 0.5376421276854425, 'Frag/TestSF': 0.8973688452230938, 'Scaf/TestSF': 0.033586694601560385, 'IntDiv': 0.7810875325162325, 'IntDiv2': 0.7686302113503016, 'Filters': 0.9825832135353312, 'logP': 0.38019049140258687, 'SA': 0.30514908771986704, 'QED': 0.037327352465753735, 'weight': 9.705791973134579, 'Novelty': 0.9225589225589226}
Epoch: 32:
	Train Loss: 0.445 --- Reconstruction Loss: 0.433 --- KL Loss: 23.855 --- Beta: 0.000500
	Validity: 0.60% --- Uniquene@1000: 0.87% --- Unique@10000: 0.58%

{'valid': 0.3899666666666667, 'unique@1000': 0.854, 'unique@10000': 0.5793, 'FCD/Test': 18.42480529318094, 'SNN/Test': 0.5961783326342632, 'Frag/Test': 0.8844649214471398, 'Scaf/Test': 0.2868649414620561, 'FCD/TestSF': 19.31665272219351, 'SNN/TestSF': 0.5181697247853513, 'Frag/TestSF': 0.8719574701144949, 'Scaf/TestSF': 0.05715327371764756, 'IntDiv': 0.7934000646055689, 'IntDiv2': 0.7810463329708184, 'Filters': 0.9829899991452261, 'logP': 0.2100593895750855, 'SA': 0.13941872637480696, 'QED': 0.057707747029716844, 'weight': 8.679861729732238, 'Novelty': 0.92557781201849}
Epoch: 33:
	Train Loss: 0.440 --- Reconstruction Loss: 0.428 --- KL Loss: 23.474 --- Beta: 0.000500
	Validity: 0.39% --- Uniquene@1000: 0.85% --- Unique@10000: 0.58%

{'valid': 0.48196666666666665, 'unique@1000': 0.826, 'unique@10000': 0.5156, 'FCD/Test': 21.842885095097806, 'SNN/Test': 0.5938819004907443, 'Frag/Test': 0.8571782495195964, 'Scaf/Test': 0.13601747192097735, 'FCD/TestSF': 22.81226694773885, 'SNN/TestSF': 0.5084168858183593, 'Frag/TestSF': 0.8437155553388618, 'Scaf/TestSF': 0.01713778291676693, 'IntDiv': 0.7771394404525706, 'IntDiv2': 0.7628068175562731, 'Filters': 0.9688083546579985, 'logP': 0.35000406932935235, 'SA': 0.14679258508078707, 'QED': 0.07305936337570061, 'weight': 7.159626093041203, 'Novelty': 0.934044760634356}
Epoch: 34:
	Train Loss: 0.424 --- Reconstruction Loss: 0.420 --- KL Loss: 40.476 --- Beta: 0.000100
	Validity: 0.48% --- Uniquene@1000: 0.83% --- Unique@10000: 0.52%

{'valid': 0.40213333333333334, 'unique@1000': 0.832, 'unique@10000': 0.5359, 'FCD/Test': 21.522583867934394, 'SNN/Test': 0.5802564789437311, 'Frag/Test': 0.8759118915701998, 'Scaf/Test': 0.14445369942700603, 'FCD/TestSF': 22.745029375164236, 'SNN/TestSF': 0.49426880792840644, 'Frag/TestSF': 0.8608007639000106, 'Scaf/TestSF': 0.08605941346744805, 'IntDiv': 0.7821845542934233, 'IntDiv2': 0.7694924559222394, 'Filters': 0.9465351458885941, 'logP': 0.1968850357050583, 'SA': 0.0636880727216072, 'QED': 0.051520148047423504, 'weight': 11.586881034764675, 'Novelty': 0.930532853873815}
Epoch: 35:
	Train Loss: 0.419 --- Reconstruction Loss: 0.413 --- KL Loss: 40.443 --- Beta: 0.000148
	Validity: 0.40% --- Uniquene@1000: 0.83% --- Unique@10000: 0.54%

{'valid': 0.5293, 'unique@1000': 0.867, 'unique@10000': 0.5844, 'FCD/Test': 17.219574928402118, 'SNN/Test': 0.5859382898544467, 'Frag/Test': 0.9160508834482074, 'Scaf/Test': 0.19074884486514498, 'FCD/TestSF': 18.053728069207082, 'SNN/TestSF': 0.517217664116463, 'Frag/TestSF': 0.9055801353911122, 'Scaf/TestSF': 0.04820358442262607, 'IntDiv': 0.8036116475933329, 'IntDiv2': 0.7924603903615264, 'Filters': 0.9738648529504377, 'logP': 0.3786146057471367, 'SA': 0.15054687047031298, 'QED': 0.03333150635383765, 'weight': 13.069058642712134, 'Novelty': 0.9328634571735754}
Epoch: 36:
	Train Loss: 0.416 --- Reconstruction Loss: 0.408 --- KL Loss: 37.424 --- Beta: 0.000196
	Validity: 0.53% --- Uniquene@1000: 0.87% --- Unique@10000: 0.58%

{'valid': 0.5645, 'unique@1000': 0.901, 'unique@10000': 0.6239, 'FCD/Test': 18.06109796085225, 'SNN/Test': 0.5904293458458946, 'Frag/Test': 0.9344155030186271, 'Scaf/Test': 0.25947581189473257, 'FCD/TestSF': 18.89566570650927, 'SNN/TestSF': 0.5144169098029702, 'Frag/TestSF': 0.924687546703312, 'Scaf/TestSF': 0.06607616612421074, 'IntDiv': 0.8008895906682851, 'IntDiv2': 0.7898235456780369, 'Filters': 0.9821080602302923, 'logP': 0.4682100586885359, 'SA': 0.20559622683461193, 'QED': 0.022765710363989496, 'weight': 6.839640796832763, 'Novelty': 0.9320282762370854}
Epoch: 37:
	Train Loss: 0.411 --- Reconstruction Loss: 0.403 --- KL Loss: 34.024 --- Beta: 0.000244
	Validity: 0.56% --- Uniquene@1000: 0.90% --- Unique@10000: 0.62%

{'valid': 0.43889999999999996, 'unique@1000': 0.909, 'unique@10000': 0.655, 'FCD/Test': 16.25663836224325, 'SNN/Test': 0.5828109665943494, 'Frag/Test': 0.9434721631541074, 'Scaf/Test': 0.25694384879134824, 'FCD/TestSF': 16.762782523529467, 'SNN/TestSF': 0.521346251655342, 'Frag/TestSF': 0.9349768331121282, 'Scaf/TestSF': 0.052083571506449045, 'IntDiv': 0.8096236754356472, 'IntDiv2': 0.7990753862225444, 'Filters': 0.9760765550239234, 'logP': 0.529457825599508, 'SA': 0.2005778464739938, 'QED': 0.027189400533020436, 'weight': 11.734076367525532, 'Novelty': 0.9292557111274871}
Epoch: 38:
	Train Loss: 0.408 --- Reconstruction Loss: 0.399 --- KL Loss: 30.908 --- Beta: 0.000292
	Validity: 0.44% --- Uniquene@1000: 0.91% --- Unique@10000: 0.66%

{'valid': 0.4222, 'unique@1000': 0.943, 'unique@10000': 0.7374, 'FCD/Test': 14.910622817417647, 'SNN/Test': 0.569141912991856, 'Frag/Test': 0.9434154647480092, 'Scaf/Test': 0.22133931594710177, 'FCD/TestSF': 15.65069069681423, 'SNN/TestSF': 0.5072867564178183, 'Frag/TestSF': 0.9332871798016473, 'Scaf/TestSF': 0.08811288640149184, 'IntDiv': 0.8115992489739415, 'IntDiv2': 0.8022457005761953, 'Filters': 0.9664456024001263, 'logP': 0.3878070563942189, 'SA': 0.15997272115939604, 'QED': 0.027075375666771685, 'weight': 10.987756201196635, 'Novelty': 0.9350446428571428}
Epoch: 39:
	Train Loss: 0.404 --- Reconstruction Loss: 0.394 --- KL Loss: 28.589 --- Beta: 0.000340
	Validity: 0.42% --- Uniquene@1000: 0.94% --- Unique@10000: 0.74%

{'valid': 0.3528, 'unique@1000': 0.935, 'unique@10000': 0.7233, 'FCD/Test': 15.178722216023061, 'SNN/Test': 0.5678164318727663, 'Frag/Test': 0.928972843785995, 'Scaf/Test': 0.18882354357951348, 'FCD/TestSF': 15.480408560200978, 'SNN/TestSF': 0.5134307385048493, 'Frag/TestSF': 0.9214976585340279, 'Scaf/TestSF': 0.049233828825398285, 'IntDiv': 0.82219989464028, 'IntDiv2': 0.8114655105697176, 'Filters': 0.9618291761148904, 'logP': 0.46713220141395767, 'SA': 0.09397649101049729, 'QED': 0.030907165131146996, 'weight': 7.108077574899787, 'Novelty': 0.9268581971534001}
Epoch: 40:
	Train Loss: 0.401 --- Reconstruction Loss: 0.390 --- KL Loss: 26.588 --- Beta: 0.000388
	Validity: 0.35% --- Uniquene@1000: 0.94% --- Unique@10000: 0.72%

{'valid': 0.5477666666666667, 'unique@1000': 0.945, 'unique@10000': 0.7837, 'FCD/Test': 15.372551572621951, 'SNN/Test': 0.5711142583037514, 'Frag/Test': 0.9333345179287985, 'Scaf/Test': 0.20846931464193896, 'FCD/TestSF': 16.051097032533278, 'SNN/TestSF': 0.5094604347809548, 'Frag/TestSF': 0.9247967991612308, 'Scaf/TestSF': 0.04796126171003323, 'IntDiv': 0.820488630554011, 'IntDiv2': 0.810253202004069, 'Filters': 0.9721292521146474, 'logP': 0.49264902012922823, 'SA': 0.14858544168264598, 'QED': 0.02142483315396939, 'weight': 14.415105172825566, 'Novelty': 0.9370958259847149}
Epoch: 41:
	Train Loss: 0.396 --- Reconstruction Loss: 0.385 --- KL Loss: 24.670 --- Beta: 0.000436
	Validity: 0.55% --- Uniquene@1000: 0.94% --- Unique@10000: 0.78%

{'valid': 0.3753333333333333, 'unique@1000': 0.941, 'unique@10000': 0.7716, 'FCD/Test': 15.161033505190566, 'SNN/Test': 0.5520546088369024, 'Frag/Test': 0.9453828210335516, 'Scaf/Test': 0.20740254729945817, 'FCD/TestSF': 15.739776670856344, 'SNN/TestSF': 0.498735368848641, 'Frag/TestSF': 0.9356888354690863, 'Scaf/TestSF': 0.07446330850754024, 'IntDiv': 0.8225368151808807, 'IntDiv2': 0.8128531917030528, 'Filters': 0.9490230905861456, 'logP': 0.4095554755340134, 'SA': 0.08993296267598697, 'QED': 0.023606820551159702, 'weight': 13.864899156276774, 'Novelty': 0.937185635746871}
Epoch: 42:
	Train Loss: 0.393 --- Reconstruction Loss: 0.382 --- KL Loss: 22.961 --- Beta: 0.000484
	Validity: 0.38% --- Uniquene@1000: 0.94% --- Unique@10000: 0.77%

{'valid': 0.41666666666666663, 'unique@1000': 0.974, 'unique@10000': 0.8337, 'FCD/Test': 14.709085736152453, 'SNN/Test': 0.5549899471771718, 'Frag/Test': 0.9215886359844746, 'Scaf/Test': 0.22617989885118162, 'FCD/TestSF': 15.378038539744423, 'SNN/TestSF': 0.49245964990854263, 'Frag/TestSF': 0.9117666776319784, 'Scaf/TestSF': 0.063208493732547, 'IntDiv': 0.8261159571716796, 'IntDiv2': 0.816094649349004, 'Filters': 0.97144, 'logP': 0.45451930709975136, 'SA': 0.07942172968983502, 'QED': 0.025823255555659015, 'weight': 11.093037566185147, 'Novelty': 0.9351212778544665}
Epoch: 43:
	Train Loss: 0.389 --- Reconstruction Loss: 0.378 --- KL Loss: 22.122 --- Beta: 0.000500
	Validity: 0.42% --- Uniquene@1000: 0.97% --- Unique@10000: 0.83%

{'valid': 0.4988, 'unique@1000': 0.972, 'unique@10000': 0.8568, 'FCD/Test': 13.870393496995412, 'SNN/Test': 0.5544707879694953, 'Frag/Test': 0.9317254433301339, 'Scaf/Test': 0.22782078611622425, 'FCD/TestSF': 14.672072774486807, 'SNN/TestSF': 0.4934250224741169, 'Frag/TestSF': 0.9215933459337389, 'Scaf/TestSF': 0.06361416625378324, 'IntDiv': 0.8298105697967587, 'IntDiv2': 0.8202509488893883, 'Filters': 0.9616412723870623, 'logP': 0.35625776286338817, 'SA': 0.10946825502048647, 'QED': 0.016787688204998492, 'weight': 16.876240698786038, 'Novelty': 0.9354495623005809}
Epoch: 44:
	Train Loss: 0.385 --- Reconstruction Loss: 0.374 --- KL Loss: 21.788 --- Beta: 0.000500
	Validity: 0.50% --- Uniquene@1000: 0.97% --- Unique@10000: 0.86%

{'valid': 0.5336666666666667, 'unique@1000': 0.974, 'unique@10000': 0.8475, 'FCD/Test': 14.067509292074952, 'SNN/Test': 0.5535620375574194, 'Frag/Test': 0.905289669235027, 'Scaf/Test': 0.2531756276882726, 'FCD/TestSF': 14.798268804793196, 'SNN/TestSF': 0.4932643668873842, 'Frag/TestSF': 0.8958720057678953, 'Scaf/TestSF': 0.04701029503852905, 'IntDiv': 0.8323281933118164, 'IntDiv2': 0.8221855931574906, 'Filters': 0.9535290443472829, 'logP': 0.43528386319746043, 'SA': 0.10456050971403702, 'QED': 0.020266554864507187, 'weight': 16.558017107960076, 'Novelty': 0.9382035556245633}
Epoch: 45:
	Train Loss: 0.380 --- Reconstruction Loss: 0.370 --- KL Loss: 21.495 --- Beta: 0.000500
	Validity: 0.53% --- Uniquene@1000: 0.97% --- Unique@10000: 0.85%

{'valid': 0.6036666666666667, 'unique@1000': 0.971, 'unique@10000': 0.8591, 'FCD/Test': 13.953219038437716, 'SNN/Test': 0.5591913075069576, 'Frag/Test': 0.9271628709565259, 'Scaf/Test': 0.25354564271550284, 'FCD/TestSF': 14.676734218787082, 'SNN/TestSF': 0.4962811535511275, 'Frag/TestSF': 0.9195080235128518, 'Scaf/TestSF': 0.03604397165975615, 'IntDiv': 0.8337077542388986, 'IntDiv2': 0.8239591982686014, 'Filters': 0.9688017669795693, 'logP': 0.3569775906278414, 'SA': 0.11335466196203307, 'QED': 0.011536558933845578, 'weight': 19.226538198831104, 'Novelty': 0.9320085854739321}
Epoch: 46:
	Train Loss: 0.377 --- Reconstruction Loss: 0.366 --- KL Loss: 21.370 --- Beta: 0.000500
	Validity: 0.60% --- Uniquene@1000: 0.97% --- Unique@10000: 0.86%

{'valid': 0.6933666666666667, 'unique@1000': 0.978, 'unique@10000': 0.8728, 'FCD/Test': 14.238584091985196, 'SNN/Test': 0.5595227590649295, 'Frag/Test': 0.9249643669105737, 'Scaf/Test': 0.24120527022778604, 'FCD/TestSF': 15.155013757502317, 'SNN/TestSF': 0.4945046425562032, 'Frag/TestSF': 0.9149403586402036, 'Scaf/TestSF': 0.055906184315850926, 'IntDiv': 0.823343307716565, 'IntDiv2': 0.81374292238076, 'Filters': 0.9714436805922793, 'logP': 0.31601635184063676, 'SA': 0.1181415099567489, 'QED': 0.02741283993954742, 'weight': 15.671243623606548, 'Novelty': 0.936878278169651}
Epoch: 47:
	Train Loss: 0.373 --- Reconstruction Loss: 0.363 --- KL Loss: 20.970 --- Beta: 0.000500
	Validity: 0.69% --- Uniquene@1000: 0.98% --- Unique@10000: 0.87%

{'valid': 0.6119333333333333, 'unique@1000': 0.98, 'unique@10000': 0.8739, 'FCD/Test': 14.707571695908207, 'SNN/Test': 0.552559049870859, 'Frag/Test': 0.908393406220619, 'Scaf/Test': 0.2515358422932781, 'FCD/TestSF': 15.556626543618542, 'SNN/TestSF': 0.4882619268847247, 'Frag/TestSF': 0.8976683827992624, 'Scaf/TestSF': 0.03378529073175429, 'IntDiv': 0.8310070320746779, 'IntDiv2': 0.8205751373575784, 'Filters': 0.9646475650942369, 'logP': 0.4006670614564831, 'SA': 0.1061840378602727, 'QED': 0.027138316221262226, 'weight': 18.121807122250686, 'Novelty': 0.9405301012253596}
Epoch: 48:
	Train Loss: 0.370 --- Reconstruction Loss: 0.359 --- KL Loss: 20.994 --- Beta: 0.000500
	Validity: 0.61% --- Uniquene@1000: 0.98% --- Unique@10000: 0.87%

{'valid': 0.486, 'unique@1000': 0.98, 'unique@10000': 0.8896, 'FCD/Test': 13.43629033104137, 'SNN/Test': 0.5241670948201573, 'Frag/Test': 0.9251078278613343, 'Scaf/Test': 0.19988612329999378, 'FCD/TestSF': 14.076998701250474, 'SNN/TestSF': 0.4741953557768558, 'Frag/TestSF': 0.9170568308231203, 'Scaf/TestSF': 0.05138322626594061, 'IntDiv': 0.8394029376077654, 'IntDiv2': 0.830118486064502, 'Filters': 0.9596707818930041, 'logP': 0.2854099683112178, 'SA': 0.025242233483218326, 'QED': 0.027026875166137828, 'weight': 21.31441570665367, 'Novelty': 0.9553728245249881}
Epoch: 49:
	Train Loss: 0.366 --- Reconstruction Loss: 0.356 --- KL Loss: 20.904 --- Beta: 0.000500
	Validity: 0.49% --- Uniquene@1000: 0.98% --- Unique@10000: 0.89%

{'valid': 0.5409333333333333, 'unique@1000': 0.979, 'unique@10000': 0.8668, 'FCD/Test': 13.429277215950549, 'SNN/Test': 0.5555181165044681, 'Frag/Test': 0.9391708429323452, 'Scaf/Test': 0.2617035576010428, 'FCD/TestSF': 14.231218751170815, 'SNN/TestSF': 0.4972316398895269, 'Frag/TestSF': 0.9296165829601857, 'Scaf/TestSF': 0.07288009010082286, 'IntDiv': 0.8286255875754323, 'IntDiv2': 0.8190896823224333, 'Filters': 0.961301454276559, 'logP': 0.21514958896091677, 'SA': 0.11364436229266055, 'QED': 0.014098450307945433, 'weight': 23.24605208000015, 'Novelty': 0.9390326209223847}
Epoch: 50:
	Train Loss: 0.363 --- Reconstruction Loss: 0.352 --- KL Loss: 20.735 --- Beta: 0.000500
	Validity: 0.54% --- Uniquene@1000: 0.98% --- Unique@10000: 0.87%

{'valid': 0.5534, 'unique@1000': 0.973, 'unique@10000': 0.8442, 'FCD/Test': 12.809214786084276, 'SNN/Test': 0.5467745471032625, 'Frag/Test': 0.9405310499090529, 'Scaf/Test': 0.2544419819000596, 'FCD/TestSF': 13.54615429689207, 'SNN/TestSF': 0.49234078038802936, 'Frag/TestSF': 0.9314181306281972, 'Scaf/TestSF': 0.048235148942194384, 'IntDiv': 0.8368226910611491, 'IntDiv2': 0.8272239695061102, 'Filters': 0.9645223467052162, 'logP': 0.16581324394633332, 'SA': 0.06487765868974947, 'QED': 0.008005083157586143, 'weight': 25.433516879839367, 'Novelty': 0.9330154405086285}
Epoch: 51:
	Train Loss: 0.350 --- Reconstruction Loss: 0.347 --- KL Loss: 32.291 --- Beta: 0.000100
	Validity: 0.55% --- Uniquene@1000: 0.97% --- Unique@10000: 0.84%

{'valid': 0.6773333333333333, 'unique@1000': 0.974, 'unique@10000': 0.8545, 'FCD/Test': 13.61089189726529, 'SNN/Test': 0.5450775125173954, 'Frag/Test': 0.9171269543773923, 'Scaf/Test': 0.22905731133186125, 'FCD/TestSF': 14.569299737352047, 'SNN/TestSF': 0.48214634566633835, 'Frag/TestSF': 0.9057544242992034, 'Scaf/TestSF': 0.03280104460165201, 'IntDiv': 0.8298432611722297, 'IntDiv2': 0.8204126782750052, 'Filters': 0.9623523622047244, 'logP': 0.3114801416399426, 'SA': 0.05008590846943961, 'QED': 0.024209980443299965, 'weight': 21.30027975972816, 'Novelty': 0.9399519109086307}
Epoch: 52:
	Train Loss: 0.348 --- Reconstruction Loss: 0.343 --- KL Loss: 32.365 --- Beta: 0.000148
	Validity: 0.68% --- Uniquene@1000: 0.97% --- Unique@10000: 0.85%

{'valid': 0.7065666666666667, 'unique@1000': 0.954, 'unique@10000': 0.8471, 'FCD/Test': 14.007935495215477, 'SNN/Test': 0.5465422287163669, 'Frag/Test': 0.9196813362691667, 'Scaf/Test': 0.22035908983396313, 'FCD/TestSF': 14.552704505087561, 'SNN/TestSF': 0.4914417030959274, 'Frag/TestSF': 0.9104103921796535, 'Scaf/TestSF': 0.04147143781629603, 'IntDiv': 0.8358842187324418, 'IntDiv2': 0.8261892725172351, 'Filters': 0.9624475161579469, 'logP': 0.18211455014109498, 'SA': 0.07764225219430654, 'QED': 0.013878903037792841, 'weight': 27.371657154944014, 'Novelty': 0.9397995355091064}
Epoch: 53:
	Train Loss: 0.347 --- Reconstruction Loss: 0.341 --- KL Loss: 30.441 --- Beta: 0.000196
	Validity: 0.71% --- Uniquene@1000: 0.95% --- Unique@10000: 0.85%

{'valid': 0.5978333333333333, 'unique@1000': 0.98, 'unique@10000': 0.8777, 'FCD/Test': 13.26301525521076, 'SNN/Test': 0.5286790445152019, 'Frag/Test': 0.9314322564634954, 'Scaf/Test': 0.2584270661878527, 'FCD/TestSF': 13.767358463574261, 'SNN/TestSF': 0.4800221512360529, 'Frag/TestSF': 0.9240681892742508, 'Scaf/TestSF': 0.06329771778131432, 'IntDiv': 0.8493262713242722, 'IntDiv2': 0.8400618523767744, 'Filters': 0.960245330359632, 'logP': 0.3042678305131572, 'SA': 0.017456621741154865, 'QED': 0.013545184458297416, 'weight': 26.87224565740175, 'Novelty': 0.9412798162037975}
Epoch: 54:
	Train Loss: 0.345 --- Reconstruction Loss: 0.338 --- KL Loss: 28.388 --- Beta: 0.000244
	Validity: 0.60% --- Uniquene@1000: 0.98% --- Unique@10000: 0.88%

{'valid': 0.6881666666666666, 'unique@1000': 0.973, 'unique@10000': 0.8646, 'FCD/Test': 13.603384436875885, 'SNN/Test': 0.5333566290193563, 'Frag/Test': 0.9470649099510816, 'Scaf/Test': 0.27303371348899774, 'FCD/TestSF': 14.201746523896787, 'SNN/TestSF': 0.48253774795889653, 'Frag/TestSF': 0.9398972118502295, 'Scaf/TestSF': 0.04847986573140617, 'IntDiv': 0.8432050289676825, 'IntDiv2': 0.8339415607996382, 'Filters': 0.9596028093969484, 'logP': 0.276352630439081, 'SA': 0.015620559782611534, 'QED': 0.013936394485198103, 'weight': 28.04297443113247, 'Novelty': 0.9403440283030376}
Epoch: 55:
	Train Loss: 0.344 --- Reconstruction Loss: 0.336 --- KL Loss: 26.676 --- Beta: 0.000292
	Validity: 0.69% --- Uniquene@1000: 0.97% --- Unique@10000: 0.86%

{'valid': 0.6946, 'unique@1000': 0.985, 'unique@10000': 0.8883, 'FCD/Test': 12.917137245557669, 'SNN/Test': 0.5372404459313636, 'Frag/Test': 0.942577014806161, 'Scaf/Test': 0.31613902373378155, 'FCD/TestSF': 13.563683342176617, 'SNN/TestSF': 0.4841922923317568, 'Frag/TestSF': 0.9348815989287118, 'Scaf/TestSF': 0.04983274249373548, 'IntDiv': 0.8479608267804224, 'IntDiv2': 0.8384294816044944, 'Filters': 0.9628563201842787, 'logP': 0.18446701995688128, 'SA': 0.03905628070824867, 'QED': 0.011120444876529316, 'weight': 32.23990064993017, 'Novelty': 0.9325809846801544}
Epoch: 56:
	Train Loss: 0.342 --- Reconstruction Loss: 0.334 --- KL Loss: 25.073 --- Beta: 0.000340
	Validity: 0.69% --- Uniquene@1000: 0.98% --- Unique@10000: 0.89%

{'valid': 0.7054, 'unique@1000': 0.969, 'unique@10000': 0.8499, 'FCD/Test': 13.144456415208495, 'SNN/Test': 0.5562866089405933, 'Frag/Test': 0.9284426535688497, 'Scaf/Test': 0.2363387252778716, 'FCD/TestSF': 13.71962613114421, 'SNN/TestSF': 0.503035825528553, 'Frag/TestSF': 0.9185821744609836, 'Scaf/TestSF': 0.04203538377085758, 'IntDiv': 0.8384987196321184, 'IntDiv2': 0.8283437333010667, 'Filters': 0.9634722616009829, 'logP': 0.19361334235595182, 'SA': 0.111189841166568, 'QED': 0.008129143797939206, 'weight': 32.99025626103887, 'Novelty': 0.9249939068973921}
Epoch: 57:
	Train Loss: 0.341 --- Reconstruction Loss: 0.332 --- KL Loss: 23.718 --- Beta: 0.000388
	Validity: 0.71% --- Uniquene@1000: 0.97% --- Unique@10000: 0.85%

{'valid': 0.6545333333333334, 'unique@1000': 0.987, 'unique@10000': 0.8963, 'FCD/Test': 13.036261265172428, 'SNN/Test': 0.5434535577981287, 'Frag/Test': 0.9285420372287403, 'Scaf/Test': 0.30081135420408356, 'FCD/TestSF': 13.748985219887167, 'SNN/TestSF': 0.4877430514870168, 'Frag/TestSF': 0.9202312045918131, 'Scaf/TestSF': 0.0706200766981151, 'IntDiv': 0.8401188087962403, 'IntDiv2': 0.8305334507426458, 'Filters': 0.9541658178855164, 'logP': 0.2951408787667179, 'SA': 0.059666824623305775, 'QED': 0.007668122011152504, 'weight': 21.836222873649984, 'Novelty': 0.9295877417001095}
Epoch: 58:
	Train Loss: 0.339 --- Reconstruction Loss: 0.329 --- KL Loss: 22.492 --- Beta: 0.000436
	Validity: 0.65% --- Uniquene@1000: 0.99% --- Unique@10000: 0.90%

{'valid': 0.6914666666666667, 'unique@1000': 0.986, 'unique@10000': 0.8921, 'FCD/Test': 13.86323212384422, 'SNN/Test': 0.5369800216609212, 'Frag/Test': 0.9398062246165536, 'Scaf/Test': 0.25461020628711606, 'FCD/TestSF': 14.279117148384259, 'SNN/TestSF': 0.490850938927286, 'Frag/TestSF': 0.9332341619070246, 'Scaf/TestSF': 0.06712088269278271, 'IntDiv': 0.8457677310925692, 'IntDiv2': 0.8363253991311703, 'Filters': 0.9635557269571925, 'logP': 0.34996358663806143, 'SA': 0.0519508564553031, 'QED': 0.01333815452470881, 'weight': 25.616966918215812, 'Novelty': 0.932872655478776}
Epoch: 59:
	Train Loss: 0.338 --- Reconstruction Loss: 0.327 --- KL Loss: 21.490 --- Beta: 0.000484
	Validity: 0.69% --- Uniquene@1000: 0.99% --- Unique@10000: 0.89%

{'valid': 0.6614666666666666, 'unique@1000': 0.991, 'unique@10000': 0.9007, 'FCD/Test': 12.651408860490548, 'SNN/Test': 0.5330886882691344, 'Frag/Test': 0.924161640526493, 'Scaf/Test': 0.2560625142357431, 'FCD/TestSF': 13.191447349232789, 'SNN/TestSF': 0.48340446717558044, 'Frag/TestSF': 0.9173775704027678, 'Scaf/TestSF': 0.05878156229216591, 'IntDiv': 0.8480334195513798, 'IntDiv2': 0.8384613890318752, 'Filters': 0.9582241483571861, 'logP': 0.3045752967029492, 'SA': 0.0270290895950078, 'QED': 0.009839002919782621, 'weight': 20.15174326925756, 'Novelty': 0.9331832721241559}
Epoch: 60:
	Train Loss: 0.336 --- Reconstruction Loss: 0.326 --- KL Loss: 20.875 --- Beta: 0.000500
	Validity: 0.66% --- Uniquene@1000: 0.99% --- Unique@10000: 0.90%

{'valid': 0.7376, 'unique@1000': 0.979, 'unique@10000': 0.9059, 'FCD/Test': 12.278307845776553, 'SNN/Test': 0.5431699736538091, 'Frag/Test': 0.939742804038328, 'Scaf/Test': 0.3146388735497466, 'FCD/TestSF': 12.930800745328646, 'SNN/TestSF': 0.49233358420447776, 'Frag/TestSF': 0.9311636006133249, 'Scaf/TestSF': 0.07094029887350184, 'IntDiv': 0.8418348340098223, 'IntDiv2': 0.8325046725906382, 'Filters': 0.9566160520607375, 'logP': 0.15258412962431295, 'SA': 0.028866808269383985, 'QED': 0.009035673592235187, 'weight': 26.680496103868794, 'Novelty': 0.934128852739726}
Epoch: 61:
	Train Loss: 0.334 --- Reconstruction Loss: 0.323 --- KL Loss: 20.779 --- Beta: 0.000500
	Validity: 0.74% --- Uniquene@1000: 0.98% --- Unique@10000: 0.91%

{'valid': 0.6595666666666666, 'unique@1000': 0.987, 'unique@10000': 0.8993, 'FCD/Test': 13.252001646053046, 'SNN/Test': 0.5311699547199276, 'Frag/Test': 0.9369033875613636, 'Scaf/Test': 0.3393511559046487, 'FCD/TestSF': 13.912056611034515, 'SNN/TestSF': 0.4793624863259721, 'Frag/TestSF': 0.9282570320006736, 'Scaf/TestSF': 0.07024818545906586, 'IntDiv': 0.84575691678058, 'IntDiv2': 0.8361057471860276, 'Filters': 0.9526456764542376, 'logP': 0.27584054009988634, 'SA': 0.023850535029819413, 'QED': 0.010902509982872425, 'weight': 25.877636023680058, 'Novelty': 0.9343386369033484}
Epoch: 62:
	Train Loss: 0.332 --- Reconstruction Loss: 0.322 --- KL Loss: 20.616 --- Beta: 0.000500
	Validity: 0.66% --- Uniquene@1000: 0.99% --- Unique@10000: 0.90%

{'valid': 0.6129, 'unique@1000': 0.987, 'unique@10000': 0.9059, 'FCD/Test': 12.484608693174906, 'SNN/Test': 0.5348087503664086, 'Frag/Test': 0.9249961506535468, 'Scaf/Test': 0.2864745944697984, 'FCD/TestSF': 13.22502322450407, 'SNN/TestSF': 0.4870692746245842, 'Frag/TestSF': 0.9174776891499213, 'Scaf/TestSF': 0.0589560437629596, 'IntDiv': 0.8458870973181511, 'IntDiv2': 0.8360200250834462, 'Filters': 0.9663892967857726, 'logP': 0.1767917000504299, 'SA': 0.03769277061175252, 'QED': 0.006773572011684593, 'weight': 27.63932349614875, 'Novelty': 0.9336333671399595}
Epoch: 63:
	Train Loss: 0.330 --- Reconstruction Loss: 0.320 --- KL Loss: 20.636 --- Beta: 0.000500
	Validity: 0.61% --- Uniquene@1000: 0.99% --- Unique@10000: 0.91%

{'valid': 0.6664, 'unique@1000': 0.991, 'unique@10000': 0.9204, 'FCD/Test': 13.159150221510103, 'SNN/Test': 0.5220554053363036, 'Frag/Test': 0.909193901626911, 'Scaf/Test': 0.3049524553622365, 'FCD/TestSF': 13.831942774604506, 'SNN/TestSF': 0.4730508453300258, 'Frag/TestSF': 0.9000792192236493, 'Scaf/TestSF': 0.0697820679539245, 'IntDiv': 0.8521758198209168, 'IntDiv2': 0.8425986844618392, 'Filters': 0.9568327330932372, 'logP': 0.21845985633477807, 'SA': 0.022095848337618757, 'QED': 0.009054196377739476, 'weight': 27.24576104412939, 'Novelty': 0.9401416495316427}
Epoch: 64:
	Train Loss: 0.328 --- Reconstruction Loss: 0.318 --- KL Loss: 20.485 --- Beta: 0.000500
	Validity: 0.67% --- Uniquene@1000: 0.99% --- Unique@10000: 0.92%

{'valid': 0.7038333333333333, 'unique@1000': 0.987, 'unique@10000': 0.9046, 'FCD/Test': 12.954482357943618, 'SNN/Test': 0.5377539135115197, 'Frag/Test': 0.9294661616300861, 'Scaf/Test': 0.2807514983928535, 'FCD/TestSF': 13.756690881468081, 'SNN/TestSF': 0.48401642636667913, 'Frag/TestSF': 0.9196907694785167, 'Scaf/TestSF': 0.058443343930566716, 'IntDiv': 0.8439602401200088, 'IntDiv2': 0.8341691704387778, 'Filters': 0.9690741179256452, 'logP': 0.15729030487426574, 'SA': 0.036182508993148677, 'QED': 0.018429505633051662, 'weight': 26.902662391513125, 'Novelty': 0.938407415680143}
Epoch: 65:
	Train Loss: 0.326 --- Reconstruction Loss: 0.316 --- KL Loss: 20.378 --- Beta: 0.000500
	Validity: 0.70% --- Uniquene@1000: 0.99% --- Unique@10000: 0.90%

{'valid': 0.5758, 'unique@1000': 0.989, 'unique@10000': 0.9145, 'FCD/Test': 11.812128031293923, 'SNN/Test': 0.525690351981966, 'Frag/Test': 0.9145491815896292, 'Scaf/Test': 0.30073331126079883, 'FCD/TestSF': 12.450066991498161, 'SNN/TestSF': 0.4766373911339182, 'Frag/TestSF': 0.9079465642992769, 'Scaf/TestSF': 0.05406458090721877, 'IntDiv': 0.8567156314696309, 'IntDiv2': 0.8471096788148003, 'Filters': 0.9667708695148779, 'logP': 0.1994187082680914, 'SA': 0.03734547222672058, 'QED': 0.007020760770780666, 'weight': 31.239074787801375, 'Novelty': 0.9338114349628265}
Epoch: 66:
	Train Loss: 0.324 --- Reconstruction Loss: 0.314 --- KL Loss: 20.301 --- Beta: 0.000500
	Validity: 0.58% --- Uniquene@1000: 0.99% --- Unique@10000: 0.91%

{'valid': 0.6609666666666667, 'unique@1000': 0.985, 'unique@10000': 0.9111, 'FCD/Test': 13.413030976294152, 'SNN/Test': 0.5196903951703177, 'Frag/Test': 0.9059152831329805, 'Scaf/Test': 0.28484550549188326, 'FCD/TestSF': 14.207451943240436, 'SNN/TestSF': 0.4699829404562046, 'Frag/TestSF': 0.8970586873745097, 'Scaf/TestSF': 0.05562808922599494, 'IntDiv': 0.8530293357076298, 'IntDiv2': 0.8431419617933196, 'Filters': 0.9635886832417166, 'logP': 0.17879890448939662, 'SA': 0.039449917945003826, 'QED': 0.022512855987755688, 'weight': 32.89507156549141, 'Novelty': 0.9474361976118005}
Epoch: 67:
	Train Loss: 0.312 --- Reconstruction Loss: 0.309 --- KL Loss: 30.487 --- Beta: 0.000100
	Validity: 0.66% --- Uniquene@1000: 0.98% --- Unique@10000: 0.91%

{'valid': 0.6887666666666667, 'unique@1000': 0.989, 'unique@10000': 0.8781, 'FCD/Test': 13.5235929333477, 'SNN/Test': 0.5425379578697885, 'Frag/Test': 0.9273953627552641, 'Scaf/Test': 0.2789717759116801, 'FCD/TestSF': 14.276475237592251, 'SNN/TestSF': 0.49118476746528034, 'Frag/TestSF': 0.91805431393749, 'Scaf/TestSF': 0.07060511167940486, 'IntDiv': 0.8404014568322512, 'IntDiv2': 0.8302979079691161, 'Filters': 0.9609446837342109, 'logP': 0.23004816155482868, 'SA': 0.0665697286607028, 'QED': 0.01023961747895981, 'weight': 29.87768644744543, 'Novelty': 0.9294507575757576}
Epoch: 68:
	Train Loss: 0.311 --- Reconstruction Loss: 0.307 --- KL Loss: 30.898 --- Beta: 0.000148
	Validity: 0.69% --- Uniquene@1000: 0.99% --- Unique@10000: 0.88%

{'valid': 0.7799, 'unique@1000': 0.987, 'unique@10000': 0.9093, 'FCD/Test': 13.072070249056473, 'SNN/Test': 0.5251487254741055, 'Frag/Test': 0.9088919744966645, 'Scaf/Test': 0.24102681554891248, 'FCD/TestSF': 13.828767809834702, 'SNN/TestSF': 0.47512430886865736, 'Frag/TestSF': 0.8990871992194208, 'Scaf/TestSF': 0.044275709716759315, 'IntDiv': 0.8512093125280702, 'IntDiv2': 0.8414705704655413, 'Filters': 0.9720904389451639, 'logP': 0.1468494775058975, 'SA': 0.0237204034888914, 'QED': 0.022319392270320253, 'weight': 31.792189247855344, 'Novelty': 0.9395698707592892}
Epoch: 69:
	Train Loss: 0.311 --- Reconstruction Loss: 0.306 --- KL Loss: 29.215 --- Beta: 0.000196
	Validity: 0.78% --- Uniquene@1000: 0.99% --- Unique@10000: 0.91%

{'valid': 0.7727333333333333, 'unique@1000': 0.98, 'unique@10000': 0.9111, 'FCD/Test': 13.202752892099, 'SNN/Test': 0.5215727914455442, 'Frag/Test': 0.9162139276703778, 'Scaf/Test': 0.23129168321165028, 'FCD/TestSF': 13.874125518934441, 'SNN/TestSF': 0.4727548028540646, 'Frag/TestSF': 0.9069055545120792, 'Scaf/TestSF': 0.05519149593066763, 'IntDiv': 0.8510083014131941, 'IntDiv2': 0.841282613325885, 'Filters': 0.9585885600897248, 'logP': 0.22204763036629396, 'SA': 0.023287297751504503, 'QED': 0.013648542678623334, 'weight': 27.72347170987457, 'Novelty': 0.944314957438184}
Epoch: 70:
	Train Loss: 0.311 --- Reconstruction Loss: 0.305 --- KL Loss: 27.387 --- Beta: 0.000244
	Validity: 0.77% --- Uniquene@1000: 0.98% --- Unique@10000: 0.91%

{'valid': 0.7171333333333334, 'unique@1000': 0.992, 'unique@10000': 0.9146, 'FCD/Test': 13.20677620255455, 'SNN/Test': 0.5269486444572916, 'Frag/Test': 0.9103669640363354, 'Scaf/Test': 0.3003438002106229, 'FCD/TestSF': 13.928140241392185, 'SNN/TestSF': 0.47605999611041755, 'Frag/TestSF': 0.9019788060787787, 'Scaf/TestSF': 0.060971710300935844, 'IntDiv': 0.8528585388108316, 'IntDiv2': 0.8425940026417886, 'Filters': 0.9696941526447894, 'logP': 0.2604289906156606, 'SA': 0.028403609086302708, 'QED': 0.016469432801019285, 'weight': 31.714049396314717, 'Novelty': 0.9333808141127485}
Epoch: 71:
	Train Loss: 0.310 --- Reconstruction Loss: 0.302 --- KL Loss: 25.933 --- Beta: 0.000292
	Validity: 0.72% --- Uniquene@1000: 0.99% --- Unique@10000: 0.91%

{'valid': 0.7443, 'unique@1000': 0.988, 'unique@10000': 0.922, 'FCD/Test': 12.349447362560014, 'SNN/Test': 0.5279597308800519, 'Frag/Test': 0.9178622753018895, 'Scaf/Test': 0.27429072419160383, 'FCD/TestSF': 13.070290316431752, 'SNN/TestSF': 0.47835774822019206, 'Frag/TestSF': 0.9110358724716573, 'Scaf/TestSF': 0.04422837991022577, 'IntDiv': 0.8521172966295335, 'IntDiv2': 0.8425598902093592, 'Filters': 0.9709346589636795, 'logP': 0.21655096039345187, 'SA': 0.015494141546734393, 'QED': 0.010745614693666444, 'weight': 29.85454830824092, 'Novelty': 0.9345021329726355}
Epoch: 72:
	Train Loss: 0.309 --- Reconstruction Loss: 0.301 --- KL Loss: 24.612 --- Beta: 0.000340
	Validity: 0.74% --- Uniquene@1000: 0.99% --- Unique@10000: 0.92%

{'valid': 0.6972666666666667, 'unique@1000': 0.983, 'unique@10000': 0.9116, 'FCD/Test': 13.120014151312695, 'SNN/Test': 0.5313470851284834, 'Frag/Test': 0.9137830497036452, 'Scaf/Test': 0.2592047921132441, 'FCD/TestSF': 13.790725759303996, 'SNN/TestSF': 0.4812854689584486, 'Frag/TestSF': 0.905975214265485, 'Scaf/TestSF': 0.06298543655784339, 'IntDiv': 0.8526579109048107, 'IntDiv2': 0.8426186482099887, 'Filters': 0.957070465627689, 'logP': 0.2687231962855141, 'SA': 0.025140478804326422, 'QED': 0.009929393312313703, 'weight': 30.778174733412683, 'Novelty': 0.9335364165051232}
Epoch: 73:
	Train Loss: 0.309 --- Reconstruction Loss: 0.300 --- KL Loss: 23.387 --- Beta: 0.000388
	Validity: 0.70% --- Uniquene@1000: 0.98% --- Unique@10000: 0.91%

{'valid': 0.7890666666666667, 'unique@1000': 0.992, 'unique@10000': 0.9283, 'FCD/Test': 12.658031872878169, 'SNN/Test': 0.5302805382734459, 'Frag/Test': 0.9049322123258431, 'Scaf/Test': 0.34065165350985405, 'FCD/TestSF': 13.454072835075067, 'SNN/TestSF': 0.4810406788900349, 'Frag/TestSF': 0.8963834384320346, 'Scaf/TestSF': 0.06051784004777416, 'IntDiv': 0.851866759747971, 'IntDiv2': 0.8420209001988879, 'Filters': 0.9684437309901994, 'logP': 0.17840326141389484, 'SA': 0.019007518776984846, 'QED': 0.007914352804577954, 'weight': 31.15205494380768, 'Novelty': 0.9360031028798603}
Epoch: 74:
	Train Loss: 0.308 --- Reconstruction Loss: 0.299 --- KL Loss: 22.262 --- Beta: 0.000436
	Validity: 0.79% --- Uniquene@1000: 0.99% --- Unique@10000: 0.93%

{'valid': 0.7494000000000001, 'unique@1000': 0.994, 'unique@10000': 0.9324, 'FCD/Test': 11.642344503847696, 'SNN/Test': 0.530179459027321, 'Frag/Test': 0.9138584599810624, 'Scaf/Test': 0.31625995936482365, 'FCD/TestSF': 12.419803417337434, 'SNN/TestSF': 0.4810098752401953, 'Frag/TestSF': 0.9055163339729893, 'Scaf/TestSF': 0.05898189762153372, 'IntDiv': 0.8521978957380505, 'IntDiv2': 0.8425572665478959, 'Filters': 0.9724223823503247, 'logP': 0.23455162694306125, 'SA': 0.03358030024459867, 'QED': 0.012092415574474264, 'weight': 29.546612290587493, 'Novelty': 0.9322705117790414}
Epoch: 75:
	Train Loss: 0.307 --- Reconstruction Loss: 0.297 --- KL Loss: 21.406 --- Beta: 0.000484
	Validity: 0.75% --- Uniquene@1000: 0.99% --- Unique@10000: 0.93%

{'valid': 0.7697, 'unique@1000': 0.992, 'unique@10000': 0.9366, 'FCD/Test': 11.94375435364715, 'SNN/Test': 0.5307442268001672, 'Frag/Test': 0.9356738766408271, 'Scaf/Test': 0.33466841094137956, 'FCD/TestSF': 12.700629864020499, 'SNN/TestSF': 0.4815830656196508, 'Frag/TestSF': 0.9277902408008115, 'Scaf/TestSF': 0.05758832132601255, 'IntDiv': 0.8516363409619749, 'IntDiv2': 0.8421070823894519, 'Filters': 0.9673898921657789, 'logP': 0.174499776825784, 'SA': 0.018912998502062645, 'QED': 0.01162954436081658, 'weight': 25.874197603366852, 'Novelty': 0.9337503694217318}
Epoch: 76:
	Train Loss: 0.306 --- Reconstruction Loss: 0.296 --- KL Loss: 21.011 --- Beta: 0.000500
	Validity: 0.77% --- Uniquene@1000: 0.99% --- Unique@10000: 0.94%

{'valid': 0.6243333333333334, 'unique@1000': 0.99, 'unique@10000': 0.9375, 'FCD/Test': 12.621309720910943, 'SNN/Test': 0.5243361267474521, 'Frag/Test': 0.9002684016267616, 'Scaf/Test': 0.28051148355971756, 'FCD/TestSF': 13.465426975388596, 'SNN/TestSF': 0.4735034292934734, 'Frag/TestSF': 0.8916557048167568, 'Scaf/TestSF': 0.054541218434847716, 'IntDiv': 0.8517475678247952, 'IntDiv2': 0.8421897753187304, 'Filters': 0.9641751201281367, 'logP': 0.22486300076578014, 'SA': 0.03260412803930187, 'QED': 0.01424654958278479, 'weight': 29.37669496476576, 'Novelty': 0.9335068622811169}
Epoch: 77:
	Train Loss: 0.304 --- Reconstruction Loss: 0.294 --- KL Loss: 20.779 --- Beta: 0.000500
	Validity: 0.62% --- Uniquene@1000: 0.99% --- Unique@10000: 0.94%

{'valid': 0.7790333333333334, 'unique@1000': 0.986, 'unique@10000': 0.9334, 'FCD/Test': 13.01268159142331, 'SNN/Test': 0.5283009555173427, 'Frag/Test': 0.8883424247983358, 'Scaf/Test': 0.32176649657701983, 'FCD/TestSF': 13.785059833478684, 'SNN/TestSF': 0.47875732545226085, 'Frag/TestSF': 0.8799598339234538, 'Scaf/TestSF': 0.07776855408110217, 'IntDiv': 0.8498244847892289, 'IntDiv2': 0.8399539038450129, 'Filters': 0.9663257883702023, 'logP': 0.15786350989316383, 'SA': 0.023323769379634846, 'QED': 0.01401366848692875, 'weight': 29.150461317310764, 'Novelty': 0.9372929253556812}
Epoch: 78:
	Train Loss: 0.303 --- Reconstruction Loss: 0.292 --- KL Loss: 20.658 --- Beta: 0.000500
	Validity: 0.78% --- Uniquene@1000: 0.99% --- Unique@10000: 0.93%

{'valid': 0.7953666666666667, 'unique@1000': 0.99, 'unique@10000': 0.9386, 'FCD/Test': 11.741400968006417, 'SNN/Test': 0.5351322872329151, 'Frag/Test': 0.9116514988608247, 'Scaf/Test': 0.3082014192434467, 'FCD/TestSF': 12.615877404479136, 'SNN/TestSF': 0.48475811726878804, 'Frag/TestSF': 0.9016982117379079, 'Scaf/TestSF': 0.0570879041003598, 'IntDiv': 0.8472553561089593, 'IntDiv2': 0.8379258389465221, 'Filters': 0.9674783118896945, 'logP': 0.1949067077353898, 'SA': 0.03310306439264587, 'QED': 0.014231977909340497, 'weight': 28.555118059809047, 'Novelty': 0.9290676244033835}
Epoch: 79:
	Train Loss: 0.301 --- Reconstruction Loss: 0.291 --- KL Loss: 20.702 --- Beta: 0.000500
	Validity: 0.80% --- Uniquene@1000: 0.99% --- Unique@10000: 0.94%

{'valid': 0.7087666666666667, 'unique@1000': 0.991, 'unique@10000': 0.942, 'FCD/Test': 11.805911605664257, 'SNN/Test': 0.5254675662757783, 'Frag/Test': 0.9222004230510104, 'Scaf/Test': 0.2777306223719075, 'FCD/TestSF': 12.534095845234347, 'SNN/TestSF': 0.48121058030615227, 'Frag/TestSF': 0.9146157532925584, 'Scaf/TestSF': 0.05718656164673763, 'IntDiv': 0.8539933000185322, 'IntDiv2': 0.8444984552939936, 'Filters': 0.9701359168508678, 'logP': 0.231004369763357, 'SA': 0.04656452743775318, 'QED': 0.01059132786252736, 'weight': 31.35820746615173, 'Novelty': 0.9327875690895818}
Epoch: 80:
	Train Loss: 0.300 --- Reconstruction Loss: 0.290 --- KL Loss: 20.592 --- Beta: 0.000500
	Validity: 0.71% --- Uniquene@1000: 0.99% --- Unique@10000: 0.94%

{'valid': 0.6138, 'unique@1000': 0.987, 'unique@10000': 0.9268, 'FCD/Test': 12.09002226426216, 'SNN/Test': 0.5343785166547821, 'Frag/Test': 0.9132257318684281, 'Scaf/Test': 0.34304779362844995, 'FCD/TestSF': 12.819297091756738, 'SNN/TestSF': 0.48769614361675684, 'Frag/TestSF': 0.9068181600451076, 'Scaf/TestSF': 0.06357158302138988, 'IntDiv': 0.8549374364671087, 'IntDiv2': 0.845056281389677, 'Filters': 0.9719778429455849, 'logP': 0.25153519793852575, 'SA': 0.03486377342715406, 'QED': 0.00874786696865478, 'weight': 29.851216850911133, 'Novelty': 0.9259620068192889}
Epoch: 81:
	Train Loss: 0.299 --- Reconstruction Loss: 0.288 --- KL Loss: 20.534 --- Beta: 0.000500
	Validity: 0.61% --- Uniquene@1000: 0.99% --- Unique@10000: 0.93%

{'valid': 0.7397, 'unique@1000': 0.994, 'unique@10000': 0.9493, 'FCD/Test': 12.815688910619656, 'SNN/Test': 0.5216620453522949, 'Frag/Test': 0.9078764256360974, 'Scaf/Test': 0.3020808046814969, 'FCD/TestSF': 13.623315767787147, 'SNN/TestSF': 0.4743831962236905, 'Frag/TestSF': 0.9007605272673436, 'Scaf/TestSF': 0.06354442199353172, 'IntDiv': 0.8555287375238894, 'IntDiv2': 0.8459338925582089, 'Filters': 0.9683204902888558, 'logP': 0.2831001994708473, 'SA': 0.02137205470971478, 'QED': 0.012739245171273445, 'weight': 28.081423461952955, 'Novelty': 0.938046068308181}
Epoch: 82:
	Train Loss: 0.297 --- Reconstruction Loss: 0.287 --- KL Loss: 20.576 --- Beta: 0.000500
	Validity: 0.74% --- Uniquene@1000: 0.99% --- Unique@10000: 0.95%

{'valid': 0.7759333333333334, 'unique@1000': 0.993, 'unique@10000': 0.9453, 'FCD/Test': 12.956805739242597, 'SNN/Test': 0.5238182381114268, 'Frag/Test': 0.8920503305449552, 'Scaf/Test': 0.34006991113336316, 'FCD/TestSF': 13.823615537541691, 'SNN/TestSF': 0.4743599054610128, 'Frag/TestSF': 0.8833245940230288, 'Scaf/TestSF': 0.05889143120798823, 'IntDiv': 0.8527546782498397, 'IntDiv2': 0.8429848956207077, 'Filters': 0.9678666552109287, 'logP': 0.31601624006786905, 'SA': 0.03877094890975655, 'QED': 0.012704476281036417, 'weight': 27.497493279862883, 'Novelty': 0.9323727185398655}
Epoch: 83:
	Train Loss: 0.296 --- Reconstruction Loss: 0.286 --- KL Loss: 20.517 --- Beta: 0.000500
	Validity: 0.78% --- Uniquene@1000: 0.99% --- Unique@10000: 0.95%

{'valid': 0.5866666666666667, 'unique@1000': 0.988, 'unique@10000': 0.9299, 'FCD/Test': 12.90343420919313, 'SNN/Test': 0.49320329066789287, 'Frag/Test': 0.900266558891118, 'Scaf/Test': 0.2399918188481125, 'FCD/TestSF': 13.481901070650366, 'SNN/TestSF': 0.4524744854858992, 'Frag/TestSF': 0.8937864788083661, 'Scaf/TestSF': 0.05234246597069492, 'IntDiv': 0.8634569453333282, 'IntDiv2': 0.8542554381535861, 'Filters': 0.9507386363636363, 'logP': 0.14800958314618745, 'SA': 0.18110624032345302, 'QED': 0.01034783789024025, 'weight': 29.99980913028436, 'Novelty': 0.9552436942916745}
Epoch: 84:
	Train Loss: 0.285 --- Reconstruction Loss: 0.282 --- KL Loss: 30.045 --- Beta: 0.000100
	Validity: 0.59% --- Uniquene@1000: 0.99% --- Unique@10000: 0.93%

{'valid': 0.7827333333333333, 'unique@1000': 0.996, 'unique@10000': 0.9425, 'FCD/Test': 13.057740063271957, 'SNN/Test': 0.5060964312263835, 'Frag/Test': 0.8672887483991856, 'Scaf/Test': 0.28404667937969696, 'FCD/TestSF': 13.810948127498257, 'SNN/TestSF': 0.4616833596757878, 'Frag/TestSF': 0.8599953045852368, 'Scaf/TestSF': 0.04742897500951637, 'IntDiv': 0.860119142439981, 'IntDiv2': 0.850558869683922, 'Filters': 0.9678051273315731, 'logP': 0.24565184165453527, 'SA': 0.09003263342888806, 'QED': 0.01555156047111679, 'weight': 29.760387818999536, 'Novelty': 0.9466540104413859}
Epoch: 85:
	Train Loss: 0.285 --- Reconstruction Loss: 0.280 --- KL Loss: 30.777 --- Beta: 0.000148
	Validity: 0.78% --- Uniquene@1000: 1.00% --- Unique@10000: 0.94%

{'valid': 0.7778666666666667, 'unique@1000': 0.995, 'unique@10000': 0.932, 'FCD/Test': 12.055077612908562, 'SNN/Test': 0.5205993162117513, 'Frag/Test': 0.9068231894492718, 'Scaf/Test': 0.2671072871153055, 'FCD/TestSF': 12.906545398736554, 'SNN/TestSF': 0.4731264601534703, 'Frag/TestSF': 0.897936862232524, 'Scaf/TestSF': 0.051005402469002314, 'IntDiv': 0.8564528731028689, 'IntDiv2': 0.8466976887568122, 'Filters': 0.9727888241343846, 'logP': 0.16178335094079213, 'SA': 0.030265638492681424, 'QED': 0.0194490699630846, 'weight': 35.6076993959091, 'Novelty': 0.934573507152971}
Epoch: 86:
	Train Loss: 0.285 --- Reconstruction Loss: 0.279 --- KL Loss: 28.957 --- Beta: 0.000196
	Validity: 0.78% --- Uniquene@1000: 0.99% --- Unique@10000: 0.93%

{'valid': 0.7196666666666667, 'unique@1000': 0.993, 'unique@10000': 0.9411, 'FCD/Test': 11.733335936933798, 'SNN/Test': 0.512708186837549, 'Frag/Test': 0.9081723474439131, 'Scaf/Test': 0.26797831541233397, 'FCD/TestSF': 12.498856828423882, 'SNN/TestSF': 0.468833518357479, 'Frag/TestSF': 0.9011106796726067, 'Scaf/TestSF': 0.07232488806689652, 'IntDiv': 0.85823021120307, 'IntDiv2': 0.8489117906100674, 'Filters': 0.9744789254284391, 'logP': 0.23952129610537937, 'SA': 0.07721207651413838, 'QED': 0.01077006650656096, 'weight': 32.96894837609941, 'Novelty': 0.9399761769123207}
Epoch: 87:
	Train Loss: 0.285 --- Reconstruction Loss: 0.278 --- KL Loss: 27.410 --- Beta: 0.000244
	Validity: 0.72% --- Uniquene@1000: 0.99% --- Unique@10000: 0.94%

{'valid': 0.7542, 'unique@1000': 0.995, 'unique@10000': 0.9384, 'FCD/Test': 11.635032544841707, 'SNN/Test': 0.519958233997696, 'Frag/Test': 0.8873594189610858, 'Scaf/Test': 0.3099637535310452, 'FCD/TestSF': 12.509244035588353, 'SNN/TestSF': 0.4743333251814748, 'Frag/TestSF': 0.8786375384716301, 'Scaf/TestSF': 0.05717038510845396, 'IntDiv': 0.8548325930908122, 'IntDiv2': 0.8451558198870138, 'Filters': 0.9674268540616989, 'logP': 0.15137611298643752, 'SA': 0.01813241138579591, 'QED': 0.015589242977582301, 'weight': 34.681836738965835, 'Novelty': 0.9378503050443926}
Epoch: 88:
	Train Loss: 0.285 --- Reconstruction Loss: 0.277 --- KL Loss: 25.939 --- Beta: 0.000292
	Validity: 0.75% --- Uniquene@1000: 0.99% --- Unique@10000: 0.94%

{'valid': 0.8314333333333334, 'unique@1000': 0.99, 'unique@10000': 0.939, 'FCD/Test': 12.872193589394186, 'SNN/Test': 0.520551181976885, 'Frag/Test': 0.8978510959665316, 'Scaf/Test': 0.28823132487268976, 'FCD/TestSF': 13.648632615207354, 'SNN/TestSF': 0.47540753793241847, 'Frag/TestSF': 0.8900829510556145, 'Scaf/TestSF': 0.06483864561901032, 'IntDiv': 0.8568211932516042, 'IntDiv2': 0.8472083983757983, 'Filters': 0.9753437838271258, 'logP': 0.2725629310057824, 'SA': 0.03089627755351116, 'QED': 0.011021420922267272, 'weight': 31.42721085636781, 'Novelty': 0.9343641527295676}
Epoch: 89:
	Train Loss: 0.285 --- Reconstruction Loss: 0.277 --- KL Loss: 24.464 --- Beta: 0.000340
	Validity: 0.83% --- Uniquene@1000: 0.99% --- Unique@10000: 0.94%

{'valid': 0.7839333333333334, 'unique@1000': 0.996, 'unique@10000': 0.951, 'FCD/Test': 12.194645980973732, 'SNN/Test': 0.5148741242090337, 'Frag/Test': 0.8862856321024773, 'Scaf/Test': 0.2951815949709101, 'FCD/TestSF': 12.940804520816016, 'SNN/TestSF': 0.4713959964490411, 'Frag/TestSF': 0.8796176936456044, 'Scaf/TestSF': 0.07366694736260737, 'IntDiv': 0.8602545645356287, 'IntDiv2': 0.8507381634538382, 'Filters': 0.9731269665787907, 'logP': 0.2702176936804696, 'SA': 0.0835312239111355, 'QED': 0.013502617115973534, 'weight': 26.896605385877, 'Novelty': 0.9379207180254301}
Epoch: 90:
	Train Loss: 0.285 --- Reconstruction Loss: 0.276 --- KL Loss: 23.490 --- Beta: 0.000388
	Validity: 0.78% --- Uniquene@1000: 1.00% --- Unique@10000: 0.95%

{'valid': 0.8142666666666667, 'unique@1000': 0.994, 'unique@10000': 0.9498, 'FCD/Test': 12.285088389041157, 'SNN/Test': 0.5189924085452062, 'Frag/Test': 0.8985320867347162, 'Scaf/Test': 0.3706254905306219, 'FCD/TestSF': 13.158185637869437, 'SNN/TestSF': 0.4713506256978192, 'Frag/TestSF': 0.890457647213348, 'Scaf/TestSF': 0.07294440830277682, 'IntDiv': 0.8568923214173909, 'IntDiv2': 0.8472911138563035, 'Filters': 0.9681103651547405, 'logP': 0.280915917466107, 'SA': 0.036459117329205745, 'QED': 0.01485710709427892, 'weight': 27.696051865510686, 'Novelty': 0.9354001638896476}
Epoch: 91:
	Train Loss: 0.284 --- Reconstruction Loss: 0.274 --- KL Loss: 22.558 --- Beta: 0.000436
	Validity: 0.81% --- Uniquene@1000: 0.99% --- Unique@10000: 0.95%

{'valid': 0.7785333333333333, 'unique@1000': 0.991, 'unique@10000': 0.9577, 'FCD/Test': 11.164511329252804, 'SNN/Test': 0.5108602365916223, 'Frag/Test': 0.9133346157148724, 'Scaf/Test': 0.3008319919331315, 'FCD/TestSF': 11.94972302383701, 'SNN/TestSF': 0.46829022578786633, 'Frag/TestSF': 0.9074836747869627, 'Scaf/TestSF': 0.07690054474057528, 'IntDiv': 0.8624277661681401, 'IntDiv2': 0.853370461362533, 'Filters': 0.9671604726836787, 'logP': 0.1972988905403342, 'SA': 0.08322287929606333, 'QED': 0.012376265953185094, 'weight': 32.407689489916066, 'Novelty': 0.9364952898720532}
Epoch: 92:
	Train Loss: 0.284 --- Reconstruction Loss: 0.273 --- KL Loss: 21.597 --- Beta: 0.000484
	Validity: 0.78% --- Uniquene@1000: 0.99% --- Unique@10000: 0.96%

{'valid': 0.8071333333333334, 'unique@1000': 0.991, 'unique@10000': 0.9605, 'FCD/Test': 11.58580233715297, 'SNN/Test': 0.5113946146074724, 'Frag/Test': 0.8796439105822231, 'Scaf/Test': 0.32767338043716865, 'FCD/TestSF': 12.458766739918971, 'SNN/TestSF': 0.46554326735350143, 'Frag/TestSF': 0.8724527318448211, 'Scaf/TestSF': 0.07113022062839058, 'IntDiv': 0.8597568377788543, 'IntDiv2': 0.8506999765098147, 'Filters': 0.9739406954654333, 'logP': 0.1826391629114228, 'SA': 0.06836964948196697, 'QED': 0.018353262628624533, 'weight': 29.054384562136725, 'Novelty': 0.9439005855795449}
Epoch: 93:
	Train Loss: 0.283 --- Reconstruction Loss: 0.272 --- KL Loss: 21.113 --- Beta: 0.000500
	Validity: 0.81% --- Uniquene@1000: 0.99% --- Unique@10000: 0.96%

{'valid': 0.8275, 'unique@1000': 0.993, 'unique@10000': 0.9569, 'FCD/Test': 11.316963052506395, 'SNN/Test': 0.5199087504359771, 'Frag/Test': 0.8831328668226505, 'Scaf/Test': 0.2739426408001723, 'FCD/TestSF': 12.247397267267687, 'SNN/TestSF': 0.4717178258662978, 'Frag/TestSF': 0.8739801270628744, 'Scaf/TestSF': 0.052712548602630194, 'IntDiv': 0.8559759071285189, 'IntDiv2': 0.8466906927533937, 'Filters': 0.9736958710976837, 'logP': 0.23453363591664594, 'SA': 0.060719732423113064, 'QED': 0.0187666520528528, 'weight': 26.07918317126599, 'Novelty': 0.9393136345567775}
Epoch: 94:
	Train Loss: 0.282 --- Reconstruction Loss: 0.272 --- KL Loss: 20.923 --- Beta: 0.000500
	Validity: 0.83% --- Uniquene@1000: 0.99% --- Unique@10000: 0.96%

{'valid': 0.8152333333333334, 'unique@1000': 0.996, 'unique@10000': 0.9596, 'FCD/Test': 11.562164024706789, 'SNN/Test': 0.5135861835758738, 'Frag/Test': 0.8794078475896837, 'Scaf/Test': 0.3161767054103256, 'FCD/TestSF': 12.510247845326859, 'SNN/TestSF': 0.4678012539881319, 'Frag/TestSF': 0.8708335173440719, 'Scaf/TestSF': 0.06424494608420395, 'IntDiv': 0.8580028969801725, 'IntDiv2': 0.8488206805351572, 'Filters': 0.9735454062231672, 'logP': 0.18802724202324167, 'SA': 0.08213162985894408, 'QED': 0.022585721913124173, 'weight': 27.106322870182613, 'Novelty': 0.9385455029507033}
Epoch: 95:
	Train Loss: 0.281 --- Reconstruction Loss: 0.270 --- KL Loss: 20.851 --- Beta: 0.000500
	Validity: 0.82% --- Uniquene@1000: 1.00% --- Unique@10000: 0.96%

{'valid': 0.7191333333333334, 'unique@1000': 0.996, 'unique@10000': 0.9561, 'FCD/Test': 12.532112464188565, 'SNN/Test': 0.5024542172529274, 'Frag/Test': 0.8578410122672593, 'Scaf/Test': 0.2798290121687903, 'FCD/TestSF': 13.427916498291829, 'SNN/TestSF': 0.45748152948872445, 'Frag/TestSF': 0.8499302648565739, 'Scaf/TestSF': 0.06642828598520278, 'IntDiv': 0.8607442133700902, 'IntDiv2': 0.851621426901401, 'Filters': 0.9658848614072495, 'logP': 0.354572341615262, 'SA': 0.09759300017369577, 'QED': 0.01857396535317107, 'weight': 28.192343380277755, 'Novelty': 0.9470487853844609}
Epoch: 96:
	Train Loss: 0.280 --- Reconstruction Loss: 0.269 --- KL Loss: 20.906 --- Beta: 0.000500
	Validity: 0.72% --- Uniquene@1000: 1.00% --- Unique@10000: 0.96%

{'valid': 0.6746, 'unique@1000': 0.994, 'unique@10000': 0.9501, 'FCD/Test': 12.728976163350602, 'SNN/Test': 0.5046096484898661, 'Frag/Test': 0.8657788221066094, 'Scaf/Test': 0.2983987887767925, 'FCD/TestSF': 13.552923362360097, 'SNN/TestSF': 0.4605042535948982, 'Frag/TestSF': 0.8585700506670042, 'Scaf/TestSF': 0.06582853976425884, 'IntDiv': 0.8562449213157396, 'IntDiv2': 0.8471514419846837, 'Filters': 0.961508054155549, 'logP': 0.29459638629666796, 'SA': 0.09866664328438839, 'QED': 0.010855348358417734, 'weight': 24.267926188431858, 'Novelty': 0.94759237315523}
Epoch: 97:
	Train Loss: 0.279 --- Reconstruction Loss: 0.268 --- KL Loss: 20.824 --- Beta: 0.000500
	Validity: 0.67% --- Uniquene@1000: 0.99% --- Unique@10000: 0.95%

{'valid': 0.7772, 'unique@1000': 0.995, 'unique@10000': 0.974, 'FCD/Test': 11.456060433742536, 'SNN/Test': 0.505697308334131, 'Frag/Test': 0.8840520851902592, 'Scaf/Test': 0.3377186124707632, 'FCD/TestSF': 12.229010879092918, 'SNN/TestSF': 0.4653407939514639, 'Frag/TestSF': 0.8787386637013425, 'Scaf/TestSF': 0.07247000877651333, 'IntDiv': 0.8638082970484283, 'IntDiv2': 0.8545409540572413, 'Filters': 0.9684336936009608, 'logP': 0.2537983020134192, 'SA': 0.09310265243475328, 'QED': 0.013603517634261283, 'weight': 28.843019971385687, 'Novelty': 0.9457683943457774}
Epoch: 98:
	Train Loss: 0.277 --- Reconstruction Loss: 0.267 --- KL Loss: 20.838 --- Beta: 0.000500
	Validity: 0.78% --- Uniquene@1000: 0.99% --- Unique@10000: 0.97%

{'valid': 0.7618333333333334, 'unique@1000': 0.993, 'unique@10000': 0.9602, 'FCD/Test': 11.353584316595402, 'SNN/Test': 0.5183679115150251, 'Frag/Test': 0.8945643183492046, 'Scaf/Test': 0.31211091324943574, 'FCD/TestSF': 12.257271152080115, 'SNN/TestSF': 0.4738570432594114, 'Frag/TestSF': 0.8870609493008492, 'Scaf/TestSF': 0.05424909832027691, 'IntDiv': 0.8579655644758748, 'IntDiv2': 0.8485670842203816, 'Filters': 0.9684532924961715, 'logP': 0.13711879162524568, 'SA': 0.06682277838960216, 'QED': 0.010361994881304308, 'weight': 31.341505123993926, 'Novelty': 0.9387338648443432}
Epoch: 99:
	Train Loss: 0.276 --- Reconstruction Loss: 0.266 --- KL Loss: 20.804 --- Beta: 0.000500
	Validity: 0.76% --- Uniquene@1000: 0.99% --- Unique@10000: 0.96%

slurmstepd: error: *** JOB 8257196 ON hpctpa3pc0053 CANCELLED AT 2024-02-15T10:04:48 ***
