2024-02-15 02:31:21.194695: E external/local_xla/xla/stream_executor/cuda/cuda_dnn.cc:9261] Unable to register cuDNN factory: Attempting to register factory for plugin cuDNN when one has already been registered
2024-02-15 02:31:21.194750: E external/local_xla/xla/stream_executor/cuda/cuda_fft.cc:607] Unable to register cuFFT factory: Attempting to register factory for plugin cuFFT when one has already been registered
2024-02-15 02:31:21.196291: E external/local_xla/xla/stream_executor/cuda/cuda_blas.cc:1515] Unable to register cuBLAS factory: Attempting to register factory for plugin cuBLAS when one has already been registered
2024-02-15 02:31:21.202312: I tensorflow/core/platform/cpu_feature_guard.cc:182] This TensorFlow binary is optimized to use available CPU instructions in performance-critical operations.
To enable the following instructions: AVX2 FMA, in other operations, rebuild TensorFlow with the appropriate compiler flags.
2024-02-15 02:31:22.020131: W tensorflow/compiler/tf2tensorrt/utils/py_utils.cc:38] TF-TRT Warning: Could not find TensorRT

Arguments:
	data_path: data/moses_train.txt
	max_len: 30
	batch: 128
	d_model: 512
	d_latent: 256
	d_ff: 1024
	e_heads: 1
	d_heads: 8
	n_layers: 6
	dropout: 0.5
	lr: 0.0005
	n_epochs: 80
	kl_type: cyclic
	kl_w_start: 0.0001
	kl_w_end: 0.001
	kl_cycle: 4
	kl_ratio: 0.5
	save_name: klcompare

Number of data: 88192

SMILES Vocab:
	 {'<START>': 0, '<END>': 1, '<PAD>': 2, 'C': 3, 'O': 4, 'c': 5, '1': 6, '(': 7, '=': 8, ')': 9, 'N': 10, 'n': 11, '2': 12, 'F': 13, 'Cl': 14, 'Br': 15, '#': 16, '3': 17, 'S': 18, 'o': 19, '-': 20, 's': 21, '[nH]': 22, '4': 23}

Graph Vocab:
	 {'C': 0, 'O': 1, 'N': 2, 'F': 3, 'Cl': 4, 'Br': 5, 'S': 6}


KL Annealer: [0.0001  0.00019 0.00028 0.00037 0.00046 0.00055 0.00064 0.00073 0.00082
 0.00091 0.001   0.001   0.001   0.001   0.001   0.001   0.001   0.001
 0.001   0.001   0.0001  0.00019 0.00028 0.00037 0.00046 0.00055 0.00064
 0.00073 0.00082 0.00091 0.001   0.001   0.001   0.001   0.001   0.001
 0.001   0.001   0.001   0.001   0.0001  0.00019 0.00028 0.00037 0.00046
 0.00055 0.00064 0.00073 0.00082 0.00091 0.001   0.001   0.001   0.001
 0.001   0.001   0.001   0.001   0.001   0.001   0.0001  0.00019 0.00028
 0.00037 0.00046 0.00055 0.00064 0.00073 0.00082 0.00091 0.001   0.001
 0.001   0.001   0.001   0.001   0.001   0.001   0.001   0.001  ]




#########################################################################
######################### START TRAINING ################################
#########################################################################




{'valid': 0.5742, 'unique@1000': 0.858, 'unique@10000': 0.5416, 'FCD/Test': 20.684402084148424, 'SNN/Test': 0.6050248812171732, 'Frag/Test': 0.8696150909030214, 'Scaf/Test': 0.2935675483335882, 'FCD/TestSF': 22.06843613163847, 'SNN/TestSF': 0.5185843557153971, 'Frag/TestSF': 0.8562714493962572, 'Scaf/TestSF': 0.03875507883320295, 'IntDiv': 0.784413478638754, 'IntDiv2': 0.7711126089851811, 'Filters': 0.9716707302914199, 'logP': 0.13317182398436556, 'SA': 0.2831020009888165, 'QED': 0.069604080294033, 'weight': 16.215474292463583, 'Novelty': 0.9362137287485619}
Epoch: 31:
	Train Loss: 0.465 --- Reconstruction Loss: 0.449 --- KL Loss: 16.453 --- Beta: 0.001000
	Validity: 0.57% --- Uniquene@1000: 0.86% --- Unique@10000: 0.54%

{'valid': 0.4532666666666667, 'unique@1000': 0.884, 'unique@10000': 0.6057, 'FCD/Test': 21.944140762171983, 'SNN/Test': 0.591535974387641, 'Frag/Test': 0.8615956012579686, 'Scaf/Test': 0.18275238989226017, 'FCD/TestSF': 23.081179492633765, 'SNN/TestSF': 0.511301415744889, 'Frag/TestSF': 0.8490810214116591, 'Scaf/TestSF': 0.04283386958147006, 'IntDiv': 0.7779401832317064, 'IntDiv2': 0.7645647376647353, 'Filters': 0.9886012648918958, 'logP': 0.24010849061645115, 'SA': 0.21696123229843953, 'QED': 0.09452507802092201, 'weight': 10.727428659884884, 'Novelty': 0.9481230448383733}
Epoch: 32:
	Train Loss: 0.459 --- Reconstruction Loss: 0.444 --- KL Loss: 15.428 --- Beta: 0.001000
	Validity: 0.45% --- Uniquene@1000: 0.88% --- Unique@10000: 0.61%

{'valid': 0.5292333333333333, 'unique@1000': 0.909, 'unique@10000': 0.6227, 'FCD/Test': 22.99289894989873, 'SNN/Test': 0.584328670441117, 'Frag/Test': 0.8277030285563693, 'Scaf/Test': 0.2601212256698848, 'FCD/TestSF': 24.312799096989032, 'SNN/TestSF': 0.4986281486982106, 'Frag/TestSF': 0.8121066626275276, 'Scaf/TestSF': 0.03691151174680629, 'IntDiv': 0.7755487585943677, 'IntDiv2': 0.7618258143505797, 'Filters': 0.9863324305599295, 'logP': 0.18663773521904073, 'SA': 0.20078658491214232, 'QED': 0.11201125974583634, 'weight': 8.188875202852739, 'Novelty': 0.9599954540288669}
Epoch: 33:
	Train Loss: 0.455 --- Reconstruction Loss: 0.440 --- KL Loss: 14.798 --- Beta: 0.001000
	Validity: 0.53% --- Uniquene@1000: 0.91% --- Unique@10000: 0.62%

{'valid': 0.5051333333333333, 'unique@1000': 0.922, 'unique@10000': 0.6614, 'FCD/Test': 19.899135696758997, 'SNN/Test': 0.5780667043131859, 'Frag/Test': 0.8335987228392782, 'Scaf/Test': 0.2157527862737616, 'FCD/TestSF': 21.171217509849143, 'SNN/TestSF': 0.49447493145793725, 'Frag/TestSF': 0.8176458100809582, 'Scaf/TestSF': 0.04367476258780756, 'IntDiv': 0.7833763562740168, 'IntDiv2': 0.7703557153997138, 'Filters': 0.975320047512208, 'logP': 0.1638348560772413, 'SA': 0.1498502172179695, 'QED': 0.12244190187348872, 'weight': 9.28657110083291, 'Novelty': 0.9574914430826985}
Epoch: 34:
	Train Loss: 0.449 --- Reconstruction Loss: 0.435 --- KL Loss: 14.391 --- Beta: 0.001000
	Validity: 0.51% --- Uniquene@1000: 0.92% --- Unique@10000: 0.66%

{'valid': 0.5589, 'unique@1000': 0.895, 'unique@10000': 0.6508, 'FCD/Test': 20.225005193161408, 'SNN/Test': 0.585124365950289, 'Frag/Test': 0.8659499543242046, 'Scaf/Test': 0.22146006487860326, 'FCD/TestSF': 21.299576077622817, 'SNN/TestSF': 0.5096696538087144, 'Frag/TestSF': 0.8543986915500894, 'Scaf/TestSF': 0.019963562886590958, 'IntDiv': 0.7952656485467424, 'IntDiv2': 0.7803357267374496, 'Filters': 0.9869386294507068, 'logP': 0.3070076369617095, 'SA': 0.1713800578777645, 'QED': 0.09635754417366323, 'weight': 11.58589791262524, 'Novelty': 0.957150179395182}
Epoch: 35:
	Train Loss: 0.443 --- Reconstruction Loss: 0.429 --- KL Loss: 14.001 --- Beta: 0.001000
	Validity: 0.56% --- Uniquene@1000: 0.90% --- Unique@10000: 0.65%

{'valid': 0.5813666666666666, 'unique@1000': 0.88, 'unique@10000': 0.6527, 'FCD/Test': 17.481506803813957, 'SNN/Test': 0.5966470525318873, 'Frag/Test': 0.8863132033079879, 'Scaf/Test': 0.45001536623297844, 'FCD/TestSF': 18.591439295159866, 'SNN/TestSF': 0.5205885235062775, 'Frag/TestSF': 0.8742228014128879, 'Scaf/TestSF': 0.03148515912116101, 'IntDiv': 0.7995759679518436, 'IntDiv2': 0.7869031218238178, 'Filters': 0.9789002924144258, 'logP': 0.3859142794625878, 'SA': 0.2698507754971369, 'QED': 0.07103035417277064, 'weight': 12.004619214063693, 'Novelty': 0.946623414921852}
Epoch: 36:
	Train Loss: 0.439 --- Reconstruction Loss: 0.425 --- KL Loss: 13.864 --- Beta: 0.001000
	Validity: 0.58% --- Uniquene@1000: 0.88% --- Unique@10000: 0.65%

/home/80027464/graphvae/metrics.py:527: UserWarning: Can't compute unique@10000.gen contains only 9691 molecules
  warnings.warn(
{'valid': 0.3230333333333333, 'unique@1000': 0.941, 'unique@10000': 0.7380043339180683, 'FCD/Test': 15.831133736075756, 'SNN/Test': 0.566184048790851, 'Frag/Test': 0.8714706272819664, 'Scaf/Test': 0.2584011383845899, 'FCD/TestSF': 16.83556906271059, 'SNN/TestSF': 0.49731160526415374, 'Frag/TestSF': 0.8586973105276613, 'Scaf/TestSF': 0.017599629338703404, 'IntDiv': 0.8142064440036187, 'IntDiv2': 0.802501500576672, 'Filters': 0.9355071716025178, 'logP': 0.4793617328777551, 'SA': 0.12120383005268173, 'QED': 0.07625829443889502, 'weight': 6.235259449280562, 'Novelty': 0.9621085011185683}
Epoch: 37:
	Train Loss: 0.433 --- Reconstruction Loss: 0.419 --- KL Loss: 13.653 --- Beta: 0.001000
	Validity: 0.32% --- Uniquene@1000: 0.94% --- Unique@10000: 0.74%

{'valid': 0.5388333333333333, 'unique@1000': 0.95, 'unique@10000': 0.7403, 'FCD/Test': 16.294524845322016, 'SNN/Test': 0.5914577833388636, 'Frag/Test': 0.9050774438147191, 'Scaf/Test': 0.35725885131249047, 'FCD/TestSF': 17.08487792202243, 'SNN/TestSF': 0.5327081495556638, 'Frag/TestSF': 0.8964235823331486, 'Scaf/TestSF': 0.033115265225143964, 'IntDiv': 0.8045931837118574, 'IntDiv2': 0.7932515379684246, 'Filters': 0.9695638725641819, 'logP': 0.46356049970612634, 'SA': 0.2761396782236526, 'QED': 0.04799133699388299, 'weight': 9.193010090965727, 'Novelty': 0.9444190511015632}
Epoch: 38:
	Train Loss: 0.428 --- Reconstruction Loss: 0.414 --- KL Loss: 13.617 --- Beta: 0.001000
	Validity: 0.54% --- Uniquene@1000: 0.95% --- Unique@10000: 0.74%

{'valid': 0.4242666666666667, 'unique@1000': 0.948, 'unique@10000': 0.7818, 'FCD/Test': 14.369386863508595, 'SNN/Test': 0.5756804039965235, 'Frag/Test': 0.898437086000903, 'Scaf/Test': 0.25069423927052403, 'FCD/TestSF': 15.19765999977546, 'SNN/TestSF': 0.5166433072449331, 'Frag/TestSF': 0.8888082233472401, 'Scaf/TestSF': 0.0381891948295322, 'IntDiv': 0.8135485097383263, 'IntDiv2': 0.8034271777593639, 'Filters': 0.9703802639849152, 'logP': 0.37686165865130183, 'SA': 0.17482157315817856, 'QED': 0.06226639300163867, 'weight': 7.640995428703899, 'Novelty': 0.948394495412844}
Epoch: 39:
	Train Loss: 0.423 --- Reconstruction Loss: 0.409 --- KL Loss: 13.476 --- Beta: 0.001000
	Validity: 0.42% --- Uniquene@1000: 0.95% --- Unique@10000: 0.78%

{'valid': 0.3596666666666667, 'unique@1000': 0.963, 'unique@10000': 0.8031, 'FCD/Test': 15.787395029886824, 'SNN/Test': 0.5523473790914952, 'Frag/Test': 0.8901196418176754, 'Scaf/Test': 0.23786732914325914, 'FCD/TestSF': 16.537446132992194, 'SNN/TestSF': 0.5028043774140445, 'Frag/TestSF': 0.8823896744907617, 'Scaf/TestSF': 0.040049508591154304, 'IntDiv': 0.8196768888010457, 'IntDiv2': 0.8082700559888966, 'Filters': 0.9642261353104726, 'logP': 0.39446212147531773, 'SA': 0.1119754938968962, 'QED': 0.07391548280467646, 'weight': 4.933965860725869, 'Novelty': 0.9653367453762941}
Epoch: 40:
	Train Loss: 0.418 --- Reconstruction Loss: 0.405 --- KL Loss: 13.295 --- Beta: 0.001000
	Validity: 0.36% --- Uniquene@1000: 0.96% --- Unique@10000: 0.80%

{'valid': 0.5363, 'unique@1000': 0.943, 'unique@10000': 0.7448, 'FCD/Test': 15.70859009152511, 'SNN/Test': 0.5712299410746254, 'Frag/Test': 0.9205334932180046, 'Scaf/Test': 0.2655763320097372, 'FCD/TestSF': 16.61433347702487, 'SNN/TestSF': 0.507262555581445, 'Frag/TestSF': 0.9118941523113911, 'Scaf/TestSF': 0.029918280457799762, 'IntDiv': 0.8118844221849086, 'IntDiv2': 0.8017508231386274, 'Filters': 0.9696687177574741, 'logP': 0.48420629264457093, 'SA': 0.1388230789246736, 'QED': 0.04815528669113628, 'weight': 12.859304607757956, 'Novelty': 0.9514395043731778}
Epoch: 41:
	Train Loss: 0.399 --- Reconstruction Loss: 0.396 --- KL Loss: 27.802 --- Beta: 0.000100
	Validity: 0.54% --- Uniquene@1000: 0.94% --- Unique@10000: 0.74%

{'valid': 0.5069, 'unique@1000': 0.94, 'unique@10000': 0.7607, 'FCD/Test': 15.17050534116791, 'SNN/Test': 0.5586622019434395, 'Frag/Test': 0.9135492978259963, 'Scaf/Test': 0.20872236534598598, 'FCD/TestSF': 16.038247187986542, 'SNN/TestSF': 0.4982389287831179, 'Frag/TestSF': 0.9046229613051826, 'Scaf/TestSF': 0.03914958418774328, 'IntDiv': 0.8110332519080043, 'IntDiv2': 0.8013890747923972, 'Filters': 0.9585717103965279, 'logP': 0.4230411942774592, 'SA': 0.11756783402541926, 'QED': 0.06291270133907284, 'weight': 14.58274886951423, 'Novelty': 0.9597272140816515}
Epoch: 42:
	Train Loss: 0.396 --- Reconstruction Loss: 0.391 --- KL Loss: 27.064 --- Beta: 0.000190
	Validity: 0.51% --- Uniquene@1000: 0.94% --- Unique@10000: 0.76%

{'valid': 0.46453333333333335, 'unique@1000': 0.959, 'unique@10000': 0.7785, 'FCD/Test': 16.190601794090604, 'SNN/Test': 0.5600168193614562, 'Frag/Test': 0.883408098714883, 'Scaf/Test': 0.2253611487168612, 'FCD/TestSF': 17.285753883615563, 'SNN/TestSF': 0.4921638756171382, 'Frag/TestSF': 0.8730043865445247, 'Scaf/TestSF': 0.023295987467612633, 'IntDiv': 0.8132309694563489, 'IntDiv2': 0.8033746985839687, 'Filters': 0.9580223880597015, 'logP': 0.33442927571989983, 'SA': 0.08235446567803821, 'QED': 0.06123985567009995, 'weight': 14.781300922738229, 'Novelty': 0.9587319996134145}
Epoch: 43:
	Train Loss: 0.394 --- Reconstruction Loss: 0.387 --- KL Loss: 24.388 --- Beta: 0.000280
	Validity: 0.46% --- Uniquene@1000: 0.96% --- Unique@10000: 0.78%

{'valid': 0.34409999999999996, 'unique@1000': 0.965, 'unique@10000': 0.7951, 'FCD/Test': 15.469692523664946, 'SNN/Test': 0.549626364595239, 'Frag/Test': 0.9072389942690248, 'Scaf/Test': 0.19610946541942342, 'FCD/TestSF': 16.358175878128527, 'SNN/TestSF': 0.48732614699091825, 'Frag/TestSF': 0.8997413927975797, 'Scaf/TestSF': 0.03101096063932207, 'IntDiv': 0.8269419707451635, 'IntDiv2': 0.8164597631158734, 'Filters': 0.95543931027802, 'logP': 0.45194826503173424, 'SA': 0.08008081430180541, 'QED': 0.020678407951694913, 'weight': 18.109475372708054, 'Novelty': 0.9488213020642482}
Epoch: 44:
	Train Loss: 0.392 --- Reconstruction Loss: 0.384 --- KL Loss: 22.093 --- Beta: 0.000370
	Validity: 0.34% --- Uniquene@1000: 0.96% --- Unique@10000: 0.80%

{'valid': 0.5264666666666666, 'unique@1000': 0.97, 'unique@10000': 0.8068, 'FCD/Test': 14.989268246057904, 'SNN/Test': 0.5672035837408952, 'Frag/Test': 0.9020822057726968, 'Scaf/Test': 0.2755391746076542, 'FCD/TestSF': 15.86439120441424, 'SNN/TestSF': 0.5123678118988685, 'Frag/TestSF': 0.8942950323772635, 'Scaf/TestSF': 0.045335024645949074, 'IntDiv': 0.8187466843787069, 'IntDiv2': 0.8089251691588633, 'Filters': 0.9630872483221476, 'logP': 0.32897879799329477, 'SA': 0.1406435580009118, 'QED': 0.04321318740963864, 'weight': 17.447585194838123, 'Novelty': 0.9444116903899604}
Epoch: 45:
	Train Loss: 0.390 --- Reconstruction Loss: 0.380 --- KL Loss: 20.355 --- Beta: 0.000460
	Validity: 0.53% --- Uniquene@1000: 0.97% --- Unique@10000: 0.81%

{'valid': 0.6446666666666667, 'unique@1000': 0.97, 'unique@10000': 0.8126, 'FCD/Test': 14.860692407525598, 'SNN/Test': 0.5606234925093115, 'Frag/Test': 0.9166025693950896, 'Scaf/Test': 0.23534820763754538, 'FCD/TestSF': 15.597185274418578, 'SNN/TestSF': 0.5091703715490519, 'Frag/TestSF': 0.908940221714757, 'Scaf/TestSF': 0.04637274899080501, 'IntDiv': 0.8220234280540849, 'IntDiv2': 0.8120714802589979, 'Filters': 0.9631334022750776, 'logP': 0.30874640892692984, 'SA': 0.11351309478330206, 'QED': 0.02281967940101787, 'weight': 18.168021069146842, 'Novelty': 0.9497191206047576}
Epoch: 46:
	Train Loss: 0.387 --- Reconstruction Loss: 0.376 --- KL Loss: 18.851 --- Beta: 0.000550
	Validity: 0.64% --- Uniquene@1000: 0.97% --- Unique@10000: 0.81%

{'valid': 0.36819999999999997, 'unique@1000': 0.962, 'unique@10000': 0.8106, 'FCD/Test': 14.303547395357668, 'SNN/Test': 0.5516479968816911, 'Frag/Test': 0.8978266069880803, 'Scaf/Test': 0.21865216341629345, 'FCD/TestSF': 14.893687805725179, 'SNN/TestSF': 0.5059179813600571, 'Frag/TestSF': 0.8908654142290169, 'Scaf/TestSF': 0.0548519932691528, 'IntDiv': 0.8274696348507173, 'IntDiv2': 0.8168109427390208, 'Filters': 0.9692196270143039, 'logP': 0.29418851719188427, 'SA': 0.08035341676536813, 'QED': 0.02651593452895391, 'weight': 19.01373977544147, 'Novelty': 0.9495589233205157}
Epoch: 47:
	Train Loss: 0.384 --- Reconstruction Loss: 0.373 --- KL Loss: 17.635 --- Beta: 0.000640
	Validity: 0.37% --- Uniquene@1000: 0.96% --- Unique@10000: 0.81%

{'valid': 0.4455, 'unique@1000': 0.974, 'unique@10000': 0.8591, 'FCD/Test': 14.97507838696707, 'SNN/Test': 0.553698109030679, 'Frag/Test': 0.8849147454296383, 'Scaf/Test': 0.27566331791831034, 'FCD/TestSF': 15.785402489719104, 'SNN/TestSF': 0.5019713209656977, 'Frag/TestSF': 0.8765623055165517, 'Scaf/TestSF': 0.03657034712352192, 'IntDiv': 0.8267676737617615, 'IntDiv2': 0.8165221344917595, 'Filters': 0.9675271230826786, 'logP': 0.304142463902963, 'SA': 0.07318065144015681, 'QED': 0.04185736837867244, 'weight': 13.806726605843627, 'Novelty': 0.9516459987510036}
Epoch: 48:
	Train Loss: 0.381 --- Reconstruction Loss: 0.369 --- KL Loss: 16.584 --- Beta: 0.000730
	Validity: 0.45% --- Uniquene@1000: 0.97% --- Unique@10000: 0.86%

{'valid': 0.3555666666666667, 'unique@1000': 0.976, 'unique@10000': 0.8541, 'FCD/Test': 13.485453846329804, 'SNN/Test': 0.5304302665010951, 'Frag/Test': 0.8949242202274226, 'Scaf/Test': 0.21617883349134515, 'FCD/TestSF': 14.08217833862939, 'SNN/TestSF': 0.488153032259339, 'Frag/TestSF': 0.889780097982264, 'Scaf/TestSF': 0.0344434597027643, 'IntDiv': 0.8440698064718578, 'IntDiv2': 0.8337842685379974, 'Filters': 0.9640948720352489, 'logP': 0.2790630921297912, 'SA': 0.0599547736326087, 'QED': 0.0309437165344296, 'weight': 19.656496948029048, 'Novelty': 0.961878453038674}
Epoch: 49:
	Train Loss: 0.379 --- Reconstruction Loss: 0.366 --- KL Loss: 15.612 --- Beta: 0.000820
	Validity: 0.36% --- Uniquene@1000: 0.98% --- Unique@10000: 0.85%

{'valid': 0.5437333333333334, 'unique@1000': 0.971, 'unique@10000': 0.864, 'FCD/Test': 13.870399830813966, 'SNN/Test': 0.5648004251955668, 'Frag/Test': 0.9218321231709706, 'Scaf/Test': 0.2558736823813055, 'FCD/TestSF': 14.623882627624056, 'SNN/TestSF': 0.5124011736001423, 'Frag/TestSF': 0.9141976059879099, 'Scaf/TestSF': 0.044174456472277246, 'IntDiv': 0.8273157586455726, 'IntDiv2': 0.8173771744475591, 'Filters': 0.9686733692986759, 'logP': 0.18502758957765056, 'SA': 0.12083488179345407, 'QED': 0.02045398011180181, 'weight': 19.27091092798241, 'Novelty': 0.9356879283078545}
Epoch: 50:
	Train Loss: 0.376 --- Reconstruction Loss: 0.363 --- KL Loss: 14.790 --- Beta: 0.000910
	Validity: 0.54% --- Uniquene@1000: 0.97% --- Unique@10000: 0.86%

{'valid': 0.6921999999999999, 'unique@1000': 0.982, 'unique@10000': 0.8876, 'FCD/Test': 13.953472944601998, 'SNN/Test': 0.5601477574183569, 'Frag/Test': 0.9061202717325096, 'Scaf/Test': 0.3729023322891636, 'FCD/TestSF': 14.626887153279057, 'SNN/TestSF': 0.512888576896029, 'Frag/TestSF': 0.8993652713845393, 'Scaf/TestSF': 0.054340038364435794, 'IntDiv': 0.8332998287548774, 'IntDiv2': 0.8231444750730442, 'Filters': 0.972840219589714, 'logP': 0.2148591761080399, 'SA': 0.12743525193862124, 'QED': 0.02792144648975085, 'weight': 17.439741280653795, 'Novelty': 0.940781796966161}
Epoch: 51:
	Train Loss: 0.374 --- Reconstruction Loss: 0.360 --- KL Loss: 14.034 --- Beta: 0.001000
	Validity: 0.69% --- Uniquene@1000: 0.98% --- Unique@10000: 0.89%

{'valid': 0.4376333333333333, 'unique@1000': 0.982, 'unique@10000': 0.8918, 'FCD/Test': 14.089375669824989, 'SNN/Test': 0.5384814165244871, 'Frag/Test': 0.8835042992835563, 'Scaf/Test': 0.2810245805219508, 'FCD/TestSF': 14.82169828804821, 'SNN/TestSF': 0.49057571341839973, 'Frag/TestSF': 0.876109736081877, 'Scaf/TestSF': 0.043157353348869276, 'IntDiv': 0.8368051915435175, 'IntDiv2': 0.8268520990692347, 'Filters': 0.9545281438037931, 'logP': 0.31996649207747885, 'SA': 0.04313681118558721, 'QED': 0.04304496980573883, 'weight': 16.465285006887406, 'Novelty': 0.957000524383849}
Epoch: 52:
	Train Loss: 0.371 --- Reconstruction Loss: 0.357 --- KL Loss: 13.885 --- Beta: 0.001000
	Validity: 0.44% --- Uniquene@1000: 0.98% --- Unique@10000: 0.89%

{'valid': 0.5063333333333333, 'unique@1000': 0.981, 'unique@10000': 0.8852, 'FCD/Test': 13.90645474596485, 'SNN/Test': 0.5538339647584012, 'Frag/Test': 0.8865641651319147, 'Scaf/Test': 0.32996063973750533, 'FCD/TestSF': 14.489833974588926, 'SNN/TestSF': 0.5022436103611262, 'Frag/TestSF': 0.8796051289800846, 'Scaf/TestSF': 0.04561012283744925, 'IntDiv': 0.8357409547423751, 'IntDiv2': 0.826091028317253, 'Filters': 0.9635944700460829, 'logP': 0.2192527307289623, 'SA': 0.09199465963916126, 'QED': 0.03814406292823706, 'weight': 16.42751466762851, 'Novelty': 0.9429607903673973}
Epoch: 53:
	Train Loss: 0.368 --- Reconstruction Loss: 0.354 --- KL Loss: 13.784 --- Beta: 0.001000
	Validity: 0.51% --- Uniquene@1000: 0.98% --- Unique@10000: 0.89%

{'valid': 0.6605333333333333, 'unique@1000': 0.985, 'unique@10000': 0.8878, 'FCD/Test': 14.026719990147456, 'SNN/Test': 0.5585748885160776, 'Frag/Test': 0.9124191943265728, 'Scaf/Test': 0.3855435040841485, 'FCD/TestSF': 14.60889452520476, 'SNN/TestSF': 0.5135346306288644, 'Frag/TestSF': 0.9058325747299927, 'Scaf/TestSF': 0.065951152222685, 'IntDiv': 0.8309739549713115, 'IntDiv2': 0.8210607010977843, 'Filters': 0.960284618490109, 'logP': 0.23403652784945544, 'SA': 0.09648783800521947, 'QED': 0.023855326046270862, 'weight': 15.879882649282862, 'Novelty': 0.9425001516346212}
Epoch: 54:
	Train Loss: 0.364 --- Reconstruction Loss: 0.351 --- KL Loss: 13.723 --- Beta: 0.001000
	Validity: 0.66% --- Uniquene@1000: 0.98% --- Unique@10000: 0.89%

/home/80027464/graphvae/metrics.py:527: UserWarning: Can't compute unique@10000.gen contains only 8594 molecules
  warnings.warn(
{'valid': 0.28646666666666665, 'unique@1000': 0.974, 'unique@10000': 0.8643239469397254, 'FCD/Test': 13.687692627760683, 'SNN/Test': 0.544551025868877, 'Frag/Test': 0.9001252624285965, 'Scaf/Test': 0.2380946759773369, 'FCD/TestSF': 14.30237622791686, 'SNN/TestSF': 0.5030307011106193, 'Frag/TestSF': 0.8941666655884554, 'Scaf/TestSF': 0.04674735560653498, 'IntDiv': 0.8362332014265015, 'IntDiv2': 0.8257001104829328, 'Filters': 0.9489178496625553, 'logP': 0.13982855683939555, 'SA': 0.04859083667463668, 'QED': 0.027275217246949365, 'weight': 20.03150059361482, 'Novelty': 0.9421109316101238}
Epoch: 55:
	Train Loss: 0.361 --- Reconstruction Loss: 0.348 --- KL Loss: 13.743 --- Beta: 0.001000
	Validity: 0.29% --- Uniquene@1000: 0.97% --- Unique@10000: 0.86%

{'valid': 0.5918, 'unique@1000': 0.987, 'unique@10000': 0.9033, 'FCD/Test': 13.669198484553846, 'SNN/Test': 0.5499389550894234, 'Frag/Test': 0.9013908841195013, 'Scaf/Test': 0.41292767632414384, 'FCD/TestSF': 14.286854146126572, 'SNN/TestSF': 0.506976689324597, 'Frag/TestSF': 0.8965884859994762, 'Scaf/TestSF': 0.0647351951666516, 'IntDiv': 0.8398941405547274, 'IntDiv2': 0.8300299057228587, 'Filters': 0.9681198603131689, 'logP': 0.2367594263922419, 'SA': 0.0842945107635566, 'QED': 0.02534675160007897, 'weight': 21.8396118795077, 'Novelty': 0.9382279806308075}
Epoch: 56:
	Train Loss: 0.359 --- Reconstruction Loss: 0.346 --- KL Loss: 13.714 --- Beta: 0.001000
	Validity: 0.59% --- Uniquene@1000: 0.99% --- Unique@10000: 0.90%

{'valid': 0.6995333333333333, 'unique@1000': 0.984, 'unique@10000': 0.8875, 'FCD/Test': 14.073834507340543, 'SNN/Test': 0.5626408352916795, 'Frag/Test': 0.90125707764273, 'Scaf/Test': 0.37570368801862086, 'FCD/TestSF': 14.638798943107027, 'SNN/TestSF': 0.5161987991837941, 'Frag/TestSF': 0.8959349705318078, 'Scaf/TestSF': 0.04506603054440861, 'IntDiv': 0.8340021317799683, 'IntDiv2': 0.82383992283467, 'Filters': 0.9578290288763938, 'logP': 0.31035166867541225, 'SA': 0.10753788813891137, 'QED': 0.016783508615207, 'weight': 19.21916383585077, 'Novelty': 0.9355544047413545}
Epoch: 57:
	Train Loss: 0.356 --- Reconstruction Loss: 0.343 --- KL Loss: 13.672 --- Beta: 0.001000
	Validity: 0.70% --- Uniquene@1000: 0.98% --- Unique@10000: 0.89%

{'valid': 0.6427333333333334, 'unique@1000': 0.985, 'unique@10000': 0.9026, 'FCD/Test': 14.053847248633978, 'SNN/Test': 0.5580514213473097, 'Frag/Test': 0.882507390037942, 'Scaf/Test': 0.4434134356907393, 'FCD/TestSF': 14.637662895911681, 'SNN/TestSF': 0.5144142309332609, 'Frag/TestSF': 0.8783418015125086, 'Scaf/TestSF': 0.06866725341374036, 'IntDiv': 0.836474178707575, 'IntDiv2': 0.826495065912651, 'Filters': 0.9660304947619541, 'logP': 0.3882147524458832, 'SA': 0.12458081950481792, 'QED': 0.01681511268711566, 'weight': 15.840655623726905, 'Novelty': 0.9308061478646498}
Epoch: 58:
	Train Loss: 0.353 --- Reconstruction Loss: 0.340 --- KL Loss: 13.723 --- Beta: 0.001000
	Validity: 0.64% --- Uniquene@1000: 0.98% --- Unique@10000: 0.90%

{'valid': 0.6647333333333334, 'unique@1000': 0.992, 'unique@10000': 0.9211, 'FCD/Test': 13.472237536269454, 'SNN/Test': 0.5491519458849731, 'Frag/Test': 0.8946343568806014, 'Scaf/Test': 0.4308170146189725, 'FCD/TestSF': 14.11507667796107, 'SNN/TestSF': 0.5026091992453064, 'Frag/TestSF': 0.8894612177584011, 'Scaf/TestSF': 0.06380488957975705, 'IntDiv': 0.8378552544204133, 'IntDiv2': 0.8282488310087786, 'Filters': 0.9675559121452212, 'logP': 0.22699496901466107, 'SA': 0.07643075081481018, 'QED': 0.035548044877608494, 'weight': 19.578822099379526, 'Novelty': 0.9403002243055156}
Epoch: 59:
	Train Loss: 0.351 --- Reconstruction Loss: 0.337 --- KL Loss: 13.690 --- Beta: 0.001000
	Validity: 0.66% --- Uniquene@1000: 0.99% --- Unique@10000: 0.92%

{'valid': 0.40803333333333336, 'unique@1000': 0.982, 'unique@10000': 0.9075, 'FCD/Test': 12.63765117198183, 'SNN/Test': 0.5300952430466657, 'Frag/Test': 0.8978999948307684, 'Scaf/Test': 0.36656747523896616, 'FCD/TestSF': 13.186464395694443, 'SNN/TestSF': 0.48979310020859185, 'Frag/TestSF': 0.892938049678833, 'Scaf/TestSF': 0.049738705603267874, 'IntDiv': 0.8484060739955802, 'IntDiv2': 0.8383205577880459, 'Filters': 0.9577648884895025, 'logP': 0.21359737062762493, 'SA': 0.051842176719679625, 'QED': 0.03807059905767416, 'weight': 19.69207385837583, 'Novelty': 0.9499726127442031}
Epoch: 60:
	Train Loss: 0.349 --- Reconstruction Loss: 0.335 --- KL Loss: 13.689 --- Beta: 0.001000
	Validity: 0.41% --- Uniquene@1000: 0.98% --- Unique@10000: 0.91%

{'valid': 0.46573333333333333, 'unique@1000': 0.982, 'unique@10000': 0.8708, 'FCD/Test': 12.631604626131562, 'SNN/Test': 0.5552541543520302, 'Frag/Test': 0.9308100509494817, 'Scaf/Test': 0.2571607927139493, 'FCD/TestSF': 13.218960975696554, 'SNN/TestSF': 0.5111774551974663, 'Frag/TestSF': 0.9238753747811306, 'Scaf/TestSF': 0.044336445462524465, 'IntDiv': 0.8411790452295602, 'IntDiv2': 0.8309499383385893, 'Filters': 0.9696535929000859, 'logP': 0.15919300889900553, 'SA': 0.0638030298515093, 'QED': 0.011286684635718195, 'weight': 29.926786115974956, 'Novelty': 0.9289305496378355}
Epoch: 61:
	Train Loss: 0.331 --- Reconstruction Loss: 0.328 --- KL Loss: 25.920 --- Beta: 0.000100
	Validity: 0.47% --- Uniquene@1000: 0.98% --- Unique@10000: 0.87%

{'valid': 0.6196333333333333, 'unique@1000': 0.967, 'unique@10000': 0.8576, 'FCD/Test': 13.062157611253426, 'SNN/Test': 0.5647997911651752, 'Frag/Test': 0.9301314306042652, 'Scaf/Test': 0.342046320368252, 'FCD/TestSF': 13.702359243310951, 'SNN/TestSF': 0.515739237088136, 'Frag/TestSF': 0.9224822897009073, 'Scaf/TestSF': 0.05787465689595095, 'IntDiv': 0.8319958916212387, 'IntDiv2': 0.8217029617567454, 'Filters': 0.9721340577761042, 'logP': 0.17019053671901735, 'SA': 0.11844808531895419, 'QED': 0.016620163557608873, 'weight': 27.00021383698783, 'Novelty': 0.9292326267775691}
Epoch: 62:
	Train Loss: 0.331 --- Reconstruction Loss: 0.326 --- KL Loss: 25.200 --- Beta: 0.000190
	Validity: 0.62% --- Uniquene@1000: 0.97% --- Unique@10000: 0.86%

{'valid': 0.7241, 'unique@1000': 0.978, 'unique@10000': 0.8631, 'FCD/Test': 13.764404221695983, 'SNN/Test': 0.5574962290138773, 'Frag/Test': 0.9157642331635044, 'Scaf/Test': 0.33512357052282404, 'FCD/TestSF': 14.415588808293663, 'SNN/TestSF': 0.5112592156492687, 'Frag/TestSF': 0.9099777757846813, 'Scaf/TestSF': 0.07177350198188615, 'IntDiv': 0.833823333135943, 'IntDiv2': 0.8235798372047523, 'Filters': 0.9721493348064264, 'logP': 0.19320938983255997, 'SA': 0.10050469156661244, 'QED': 0.01796169042759942, 'weight': 22.270282240058883, 'Novelty': 0.931561809512734}
Epoch: 63:
	Train Loss: 0.330 --- Reconstruction Loss: 0.324 --- KL Loss: 23.049 --- Beta: 0.000280
	Validity: 0.72% --- Uniquene@1000: 0.98% --- Unique@10000: 0.86%

{'valid': 0.5358333333333334, 'unique@1000': 0.976, 'unique@10000': 0.8698, 'FCD/Test': 14.117886749611927, 'SNN/Test': 0.5435324748038874, 'Frag/Test': 0.9072126907395357, 'Scaf/Test': 0.3437150779726099, 'FCD/TestSF': 14.531719907510194, 'SNN/TestSF': 0.5020644332980665, 'Frag/TestSF': 0.903044979012456, 'Scaf/TestSF': 0.05024389137461682, 'IntDiv': 0.8454950769807574, 'IntDiv2': 0.8350238916821244, 'Filters': 0.9631104199066874, 'logP': 0.24419026281074635, 'SA': 0.056426744908282284, 'QED': 0.014718939996322096, 'weight': 24.164263502346547, 'Novelty': 0.9384234605865147}
Epoch: 64:
	Train Loss: 0.330 --- Reconstruction Loss: 0.322 --- KL Loss: 21.073 --- Beta: 0.000370
	Validity: 0.54% --- Uniquene@1000: 0.98% --- Unique@10000: 0.87%

{'valid': 0.5879666666666667, 'unique@1000': 0.977, 'unique@10000': 0.8811, 'FCD/Test': 14.073136133274183, 'SNN/Test': 0.556680674620061, 'Frag/Test': 0.9233035497956282, 'Scaf/Test': 0.40485951074557525, 'FCD/TestSF': 14.892477937627092, 'SNN/TestSF': 0.5067273546551974, 'Frag/TestSF': 0.9158815336661204, 'Scaf/TestSF': 0.05838165378606541, 'IntDiv': 0.8347861861578538, 'IntDiv2': 0.8245772804327121, 'Filters': 0.9688190940529509, 'logP': 0.18885709654827532, 'SA': 0.0928078119118951, 'QED': 0.027603006897516012, 'weight': 23.596757539845182, 'Novelty': 0.9284540599753526}
Epoch: 65:
	Train Loss: 0.330 --- Reconstruction Loss: 0.321 --- KL Loss: 19.507 --- Beta: 0.000460
	Validity: 0.59% --- Uniquene@1000: 0.98% --- Unique@10000: 0.88%

{'valid': 0.5846, 'unique@1000': 0.975, 'unique@10000': 0.8987, 'FCD/Test': 13.131692263554555, 'SNN/Test': 0.5435044875909916, 'Frag/Test': 0.9120135347082249, 'Scaf/Test': 0.3220229309626552, 'FCD/TestSF': 13.749661426023081, 'SNN/TestSF': 0.4951138608773631, 'Frag/TestSF': 0.9054933578047418, 'Scaf/TestSF': 0.056603643637474166, 'IntDiv': 0.8449327688869335, 'IntDiv2': 0.8351428370668015, 'Filters': 0.9690956779564375, 'logP': 0.14906302395594698, 'SA': 0.029643584334179292, 'QED': 0.016529270217491867, 'weight': 26.567214515356103, 'Novelty': 0.9344405009040381}
Epoch: 66:
	Train Loss: 0.330 --- Reconstruction Loss: 0.320 --- KL Loss: 18.344 --- Beta: 0.000550
	Validity: 0.58% --- Uniquene@1000: 0.97% --- Unique@10000: 0.90%

{'valid': 0.6124666666666667, 'unique@1000': 0.988, 'unique@10000': 0.9005, 'FCD/Test': 13.624015786002744, 'SNN/Test': 0.5393840983344576, 'Frag/Test': 0.8918102921428399, 'Scaf/Test': 0.3398619825808106, 'FCD/TestSF': 14.140010046493806, 'SNN/TestSF': 0.49286752536972367, 'Frag/TestSF': 0.8866530877411405, 'Scaf/TestSF': 0.06630311380017195, 'IntDiv': 0.8467795272989382, 'IntDiv2': 0.8368973547849087, 'Filters': 0.9616305649287036, 'logP': 0.28804975956332085, 'SA': 0.055239347123036596, 'QED': 0.036388824893496735, 'weight': 21.450536571945815, 'Novelty': 0.939729867482161}
Epoch: 67:
	Train Loss: 0.330 --- Reconstruction Loss: 0.319 --- KL Loss: 17.175 --- Beta: 0.000640
	Validity: 0.61% --- Uniquene@1000: 0.99% --- Unique@10000: 0.90%

{'valid': 0.6007, 'unique@1000': 0.982, 'unique@10000': 0.8844, 'FCD/Test': 13.152202902274432, 'SNN/Test': 0.5548524682534455, 'Frag/Test': 0.9203496255392773, 'Scaf/Test': 0.3865426317712026, 'FCD/TestSF': 13.84612820843089, 'SNN/TestSF': 0.5056468548341965, 'Frag/TestSF': 0.913451136381334, 'Scaf/TestSF': 0.05512553344801219, 'IntDiv': 0.8409955877567268, 'IntDiv2': 0.8308107992350542, 'Filters': 0.9652627490150381, 'logP': 0.13695923555058395, 'SA': 0.07073582284418026, 'QED': 0.016027696737041762, 'weight': 21.338964035368104, 'Novelty': 0.9315450501294735}
Epoch: 68:
	Train Loss: 0.329 --- Reconstruction Loss: 0.317 --- KL Loss: 16.261 --- Beta: 0.000730
	Validity: 0.60% --- Uniquene@1000: 0.98% --- Unique@10000: 0.88%

{'valid': 0.5439, 'unique@1000': 0.994, 'unique@10000': 0.9274, 'FCD/Test': 13.595632235759169, 'SNN/Test': 0.5286987137599429, 'Frag/Test': 0.8862154763433344, 'Scaf/Test': 0.3245324446304516, 'FCD/TestSF': 14.080546436974117, 'SNN/TestSF': 0.4862374127287414, 'Frag/TestSF': 0.8813536009016039, 'Scaf/TestSF': 0.06208664385832163, 'IntDiv': 0.8507055724181505, 'IntDiv2': 0.8412241985083132, 'Filters': 0.9675798247226819, 'logP': 0.12211634633030626, 'SA': 0.041171618270701524, 'QED': 0.029864550824423033, 'weight': 19.010775321292833, 'Novelty': 0.9487056895020832}
Epoch: 69:
	Train Loss: 0.328 --- Reconstruction Loss: 0.315 --- KL Loss: 15.511 --- Beta: 0.000820
	Validity: 0.54% --- Uniquene@1000: 0.99% --- Unique@10000: 0.93%

{'valid': 0.6120666666666666, 'unique@1000': 0.982, 'unique@10000': 0.9389, 'FCD/Test': 13.170508295058362, 'SNN/Test': 0.5398467222317711, 'Frag/Test': 0.8973941865196856, 'Scaf/Test': 0.37791645216237457, 'FCD/TestSF': 13.740463964400647, 'SNN/TestSF': 0.49617889783355407, 'Frag/TestSF': 0.8918941354773487, 'Scaf/TestSF': 0.06434783018656365, 'IntDiv': 0.8447694633037949, 'IntDiv2': 0.835253213615908, 'Filters': 0.9675961224267509, 'logP': 0.17704875237809367, 'SA': 0.0435792850245448, 'QED': 0.03860845999539212, 'weight': 19.349185927669858, 'Novelty': 0.9386912710938449}
Epoch: 70:
	Train Loss: 0.327 --- Reconstruction Loss: 0.314 --- KL Loss: 14.803 --- Beta: 0.000910
	Validity: 0.61% --- Uniquene@1000: 0.98% --- Unique@10000: 0.94%

{'valid': 0.6284000000000001, 'unique@1000': 0.992, 'unique@10000': 0.9316, 'FCD/Test': 13.020227907772181, 'SNN/Test': 0.5359750573361107, 'Frag/Test': 0.8747987270851317, 'Scaf/Test': 0.3841357002016228, 'FCD/TestSF': 13.582373068357647, 'SNN/TestSF': 0.49290503362782967, 'Frag/TestSF': 0.8704690857377309, 'Scaf/TestSF': 0.0613468443757611, 'IntDiv': 0.8491321542138277, 'IntDiv2': 0.8396934897518578, 'Filters': 0.9722045406322937, 'logP': 0.1795187442190107, 'SA': 0.03525748606831854, 'QED': 0.033170226807872905, 'weight': 26.129941500491785, 'Novelty': 0.9355357142857142}
Epoch: 71:
	Train Loss: 0.327 --- Reconstruction Loss: 0.313 --- KL Loss: 14.255 --- Beta: 0.001000
	Validity: 0.63% --- Uniquene@1000: 0.99% --- Unique@10000: 0.93%

{'valid': 0.6756666666666666, 'unique@1000': 0.992, 'unique@10000': 0.9395, 'FCD/Test': 13.618131642455936, 'SNN/Test': 0.5316135231671982, 'Frag/Test': 0.8706536717892196, 'Scaf/Test': 0.34678003434891, 'FCD/TestSF': 14.182524925514898, 'SNN/TestSF': 0.48607965201271774, 'Frag/TestSF': 0.8655171115373377, 'Scaf/TestSF': 0.058204338082431306, 'IntDiv': 0.8495823276226586, 'IntDiv2': 0.8400984297544019, 'Filters': 0.9647755303404045, 'logP': 0.26256756845817947, 'SA': 0.024938900193221612, 'QED': 0.0338394496896446, 'weight': 21.418828873392325, 'Novelty': 0.941160296948034}
Epoch: 72:
	Train Loss: 0.325 --- Reconstruction Loss: 0.311 --- KL Loss: 14.077 --- Beta: 0.001000
	Validity: 0.68% --- Uniquene@1000: 0.99% --- Unique@10000: 0.94%

{'valid': 0.5608333333333333, 'unique@1000': 0.987, 'unique@10000': 0.9363, 'FCD/Test': 14.154156559230806, 'SNN/Test': 0.5152388964560198, 'Frag/Test': 0.840759968817122, 'Scaf/Test': 0.3205559621780151, 'FCD/TestSF': 14.616973531836734, 'SNN/TestSF': 0.47322474897704897, 'Frag/TestSF': 0.8368341062903849, 'Scaf/TestSF': 0.05222818554903119, 'IntDiv': 0.8556569601671518, 'IntDiv2': 0.8462562725782155, 'Filters': 0.9594056463595839, 'logP': 0.27885412526535486, 'SA': 0.05502979227544748, 'QED': 0.043866771024093934, 'weight': 20.715682838544495, 'Novelty': 0.9512211048713596}
Epoch: 73:
	Train Loss: 0.324 --- Reconstruction Loss: 0.309 --- KL Loss: 14.081 --- Beta: 0.001000
	Validity: 0.56% --- Uniquene@1000: 0.99% --- Unique@10000: 0.94%

{'valid': 0.5419333333333334, 'unique@1000': 0.992, 'unique@10000': 0.9352, 'FCD/Test': 13.299286620508255, 'SNN/Test': 0.5255058736318459, 'Frag/Test': 0.8504177421711079, 'Scaf/Test': 0.3088001599232404, 'FCD/TestSF': 13.827266047159135, 'SNN/TestSF': 0.48626333653288933, 'Frag/TestSF': 0.8471601727159794, 'Scaf/TestSF': 0.053513557261096745, 'IntDiv': 0.8512968383862242, 'IntDiv2': 0.8419855847002278, 'Filters': 0.9621724689383688, 'logP': 0.1875487655071031, 'SA': 0.035900998721725745, 'QED': 0.030028737052252005, 'weight': 22.100636404779255, 'Novelty': 0.9458491076257436}
Epoch: 74:
	Train Loss: 0.321 --- Reconstruction Loss: 0.307 --- KL Loss: 13.980 --- Beta: 0.001000
	Validity: 0.54% --- Uniquene@1000: 0.99% --- Unique@10000: 0.94%

{'valid': 0.6851333333333334, 'unique@1000': 0.987, 'unique@10000': 0.9278, 'FCD/Test': 12.308236331026912, 'SNN/Test': 0.5360117387543094, 'Frag/Test': 0.8908863853447225, 'Scaf/Test': 0.3535508889551434, 'FCD/TestSF': 12.91908300369348, 'SNN/TestSF': 0.49565298962456206, 'Frag/TestSF': 0.8873587945897061, 'Scaf/TestSF': 0.06646437786930393, 'IntDiv': 0.8477873966902996, 'IntDiv2': 0.838423122838424, 'Filters': 0.9697382504621972, 'logP': 0.21118787926429133, 'SA': 0.04749768197330449, 'QED': 0.031303759133023405, 'weight': 26.69346093827977, 'Novelty': 0.9438473349418732}
Epoch: 75:
	Train Loss: 0.319 --- Reconstruction Loss: 0.305 --- KL Loss: 13.879 --- Beta: 0.001000
	Validity: 0.69% --- Uniquene@1000: 0.99% --- Unique@10000: 0.93%

{'valid': 0.5670999999999999, 'unique@1000': 0.992, 'unique@10000': 0.949, 'FCD/Test': 13.354847128959307, 'SNN/Test': 0.516648328161349, 'Frag/Test': 0.8931423227843693, 'Scaf/Test': 0.3381415786920624, 'FCD/TestSF': 13.900252321244402, 'SNN/TestSF': 0.47617801981670743, 'Frag/TestSF': 0.8882828910284047, 'Scaf/TestSF': 0.06550109510874735, 'IntDiv': 0.8522866460311678, 'IntDiv2': 0.8429829486771467, 'Filters': 0.9611473579027803, 'logP': 0.16586974036779936, 'SA': 0.07008335791174468, 'QED': 0.034157758111676456, 'weight': 18.182122031794762, 'Novelty': 0.9511150872260208}
Epoch: 76:
	Train Loss: 0.318 --- Reconstruction Loss: 0.304 --- KL Loss: 13.889 --- Beta: 0.001000
	Validity: 0.57% --- Uniquene@1000: 0.99% --- Unique@10000: 0.95%

{'valid': 0.7062666666666666, 'unique@1000': 0.995, 'unique@10000': 0.9494, 'FCD/Test': 12.320713918174405, 'SNN/Test': 0.5369976544216464, 'Frag/Test': 0.8918264637187842, 'Scaf/Test': 0.3735618077251568, 'FCD/TestSF': 13.053091710605955, 'SNN/TestSF': 0.4928485132544271, 'Frag/TestSF': 0.8859716159527375, 'Scaf/TestSF': 0.062189221807407824, 'IntDiv': 0.8445843527759793, 'IntDiv2': 0.8354652790810857, 'Filters': 0.9672456107230508, 'logP': 0.14998932376460886, 'SA': 0.04277964173727413, 'QED': 0.03548972468234043, 'weight': 21.02243814125952, 'Novelty': 0.9450119879078495}
Epoch: 77:
	Train Loss: 0.316 --- Reconstruction Loss: 0.302 --- KL Loss: 13.943 --- Beta: 0.001000
	Validity: 0.71% --- Uniquene@1000: 0.99% --- Unique@10000: 0.95%

{'valid': 0.6521666666666667, 'unique@1000': 0.996, 'unique@10000': 0.9423, 'FCD/Test': 13.936319330720764, 'SNN/Test': 0.5200537259282281, 'Frag/Test': 0.853959570357001, 'Scaf/Test': 0.359264413372843, 'FCD/TestSF': 14.6551260732803, 'SNN/TestSF': 0.47478613224962984, 'Frag/TestSF': 0.8496363800229028, 'Scaf/TestSF': 0.056327901617666654, 'IntDiv': 0.8522406471143564, 'IntDiv2': 0.8425642329671394, 'Filters': 0.9741374904165602, 'logP': 0.2571206509606333, 'SA': 0.04328192248969072, 'QED': 0.03460600225118502, 'weight': 25.278597196067206, 'Novelty': 0.9500677812923634}
Epoch: 78:
	Train Loss: 0.315 --- Reconstruction Loss: 0.301 --- KL Loss: 13.969 --- Beta: 0.001000
	Validity: 0.65% --- Uniquene@1000: 1.00% --- Unique@10000: 0.94%

{'valid': 0.6075333333333333, 'unique@1000': 0.989, 'unique@10000': 0.9225, 'FCD/Test': 12.177367759810394, 'SNN/Test': 0.5352053670078748, 'Frag/Test': 0.895891457953229, 'Scaf/Test': 0.449959299790171, 'FCD/TestSF': 12.817153870108797, 'SNN/TestSF': 0.49412673972665605, 'Frag/TestSF': 0.8902961756995708, 'Scaf/TestSF': 0.05439364318286655, 'IntDiv': 0.8493233707873099, 'IntDiv2': 0.8394195522106003, 'Filters': 0.9625260616701415, 'logP': 0.16226145969240308, 'SA': 0.05638199335015295, 'QED': 0.027998931682926, 'weight': 23.668204473699998, 'Novelty': 0.9384234930448223}
Epoch: 79:
	Train Loss: 0.314 --- Reconstruction Loss: 0.300 --- KL Loss: 13.946 --- Beta: 0.001000
	Validity: 0.61% --- Uniquene@1000: 0.99% --- Unique@10000: 0.92%

{'valid': 0.7519, 'unique@1000': 0.996, 'unique@10000': 0.9505, 'FCD/Test': 13.288094584228972, 'SNN/Test': 0.5275506371743778, 'Frag/Test': 0.8830675574089062, 'Scaf/Test': 0.33333145248330065, 'FCD/TestSF': 13.865047366830929, 'SNN/TestSF': 0.4865979085686983, 'Frag/TestSF': 0.8782101055191031, 'Scaf/TestSF': 0.06951087150799329, 'IntDiv': 0.8516648525421813, 'IntDiv2': 0.8425530067100397, 'Filters': 0.9672828833621492, 'logP': 0.2760592750039513, 'SA': 0.024422574742096706, 'QED': 0.017926090317615623, 'weight': 21.501963324481405, 'Novelty': 0.9400457443184583}
Epoch: 80:
	Train Loss: 0.312 --- Reconstruction Loss: 0.298 --- KL Loss: 13.990 --- Beta: 0.001000
	Validity: 0.75% --- Uniquene@1000: 1.00% --- Unique@10000: 0.95%

