2024-02-15 02:31:21.290767: E external/local_xla/xla/stream_executor/cuda/cuda_dnn.cc:9261] Unable to register cuDNN factory: Attempting to register factory for plugin cuDNN when one has already been registered
2024-02-15 02:31:21.290862: E external/local_xla/xla/stream_executor/cuda/cuda_fft.cc:607] Unable to register cuFFT factory: Attempting to register factory for plugin cuFFT when one has already been registered
2024-02-15 02:31:21.291694: E external/local_xla/xla/stream_executor/cuda/cuda_blas.cc:1515] Unable to register cuBLAS factory: Attempting to register factory for plugin cuBLAS when one has already been registered
2024-02-15 02:31:21.296020: I tensorflow/core/platform/cpu_feature_guard.cc:182] This TensorFlow binary is optimized to use available CPU instructions in performance-critical operations.
To enable the following instructions: AVX2 FMA, in other operations, rebuild TensorFlow with the appropriate compiler flags.
2024-02-15 02:31:22.237628: W tensorflow/compiler/tf2tensorrt/utils/py_utils.cc:38] TF-TRT Warning: Could not find TensorRT

Arguments:
	data_path: data/moses_train.txt
	max_len: 30
	batch: 128
	d_model: 512
	d_latent: 256
	d_ff: 1024
	e_heads: 1
	d_heads: 8
	n_layers: 6
	dropout: 0.5
	lr: 0.0005
	n_epochs: 60
	kl_type: cyclic
	kl_w_start: 0.0001
	kl_w_end: 0.0005
	kl_cycle: 6
	kl_ratio: 1.0
	save_name: klcompare

Number of data: 88192

SMILES Vocab:
	 {'<START>': 0, '<END>': 1, '<PAD>': 2, 'C': 3, 'O': 4, 'c': 5, '1': 6, '(': 7, '=': 8, ')': 9, 'N': 10, 'n': 11, '2': 12, 'F': 13, 'Cl': 14, 'Br': 15, '#': 16, '3': 17, 'S': 18, 'o': 19, '-': 20, 's': 21, '[nH]': 22, '4': 23}

Graph Vocab:
	 {'C': 0, 'O': 1, 'N': 2, 'F': 3, 'Cl': 4, 'Br': 5, 'S': 6}


KL Annealer: [0.0001  0.00014 0.00018 0.00022 0.00026 0.0003  0.00034 0.00038 0.00042
 0.00046 0.0001  0.00014 0.00018 0.00022 0.00026 0.0003  0.00034 0.00038
 0.00042 0.00046 0.0001  0.00014 0.00018 0.00022 0.00026 0.0003  0.00034
 0.00038 0.00042 0.00046 0.0001  0.00014 0.00018 0.00022 0.00026 0.0003
 0.00034 0.00038 0.00042 0.00046 0.0001  0.00014 0.00018 0.00022 0.00026
 0.0003  0.00034 0.00038 0.00042 0.00046 0.0001  0.00014 0.00018 0.00022
 0.00026 0.0003  0.00034 0.00038 0.00042 0.00046]




#########################################################################
######################### START TRAINING ################################
#########################################################################




{'valid': 0.6243333333333334, 'unique@1000': 0.526, 'unique@10000': 0.2183, 'FCD/Test': 29.521283522902387, 'SNN/Test': 0.6074039068854689, 'Frag/Test': 0.814843365529074, 'Scaf/Test': 0.2334801612700126, 'FCD/TestSF': 30.97570895857592, 'SNN/TestSF': 0.5064115028997442, 'Frag/TestSF': 0.7999932212352786, 'Scaf/TestSF': 0.016972498080345177, 'IntDiv': 0.7138933522206796, 'IntDiv2': 0.6916897776306918, 'Filters': 0.990176187933796, 'logP': 0.38350201436293047, 'SA': 0.3554723245637111, 'QED': 0.1470969004784629, 'weight': 5.564207731614282, 'Novelty': 0.9471041178439906}
Epoch: 31:
	Train Loss: 0.479 --- Reconstruction Loss: 0.474 --- KL Loss: 55.315 --- Beta: 0.000100
	Validity: 0.62% --- Uniquene@1000: 0.53% --- Unique@10000: 0.22%

{'valid': 0.5860333333333334, 'unique@1000': 0.584, 'unique@10000': 0.2512, 'FCD/Test': 31.125886810162285, 'SNN/Test': 0.5971174985026277, 'Frag/Test': 0.8138747919139433, 'Scaf/Test': 0.11387794838924503, 'FCD/TestSF': 32.47598468062246, 'SNN/TestSF': 0.5083863815769157, 'Frag/TestSF': 0.8013644497305367, 'Scaf/TestSF': 0.03213818842650973, 'IntDiv': 0.7265417813615548, 'IntDiv2': 0.7075875257980141, 'Filters': 0.9931175701040896, 'logP': 0.569449483592093, 'SA': 0.24812265473037515, 'QED': 0.09680850832505984, 'weight': 5.06669321039935, 'Novelty': 0.9437834622248662}
Epoch: 32:
	Train Loss: 0.471 --- Reconstruction Loss: 0.464 --- KL Loss: 55.071 --- Beta: 0.000140
	Validity: 0.59% --- Uniquene@1000: 0.58% --- Unique@10000: 0.25%

{'valid': 0.61, 'unique@1000': 0.653, 'unique@10000': 0.3249, 'FCD/Test': 28.51486682978134, 'SNN/Test': 0.6094601991544656, 'Frag/Test': 0.8238194076609867, 'Scaf/Test': 0.32129018790525254, 'FCD/TestSF': 30.00508225441169, 'SNN/TestSF': 0.5103614531367854, 'Frag/TestSF': 0.810887705235376, 'Scaf/TestSF': 0.046999542280503515, 'IntDiv': 0.7462342819264443, 'IntDiv2': 0.7283363990633258, 'Filters': 0.9886338797814208, 'logP': 0.46992837856880365, 'SA': 0.2905532059364568, 'QED': 0.08146146716741837, 'weight': 8.286331933232143, 'Novelty': 0.9421451787648971}
Epoch: 33:
	Train Loss: 0.466 --- Reconstruction Loss: 0.457 --- KL Loss: 49.795 --- Beta: 0.000180
	Validity: 0.61% --- Uniquene@1000: 0.65% --- Unique@10000: 0.32%

{'valid': 0.624, 'unique@1000': 0.7, 'unique@10000': 0.3477, 'FCD/Test': 26.813482326148346, 'SNN/Test': 0.6042076445638369, 'Frag/Test': 0.8320297146101426, 'Scaf/Test': 0.18895500501644258, 'FCD/TestSF': 28.207102915508045, 'SNN/TestSF': 0.5176770238317231, 'Frag/TestSF': 0.8184169098082013, 'Scaf/TestSF': 0.039035718345517445, 'IntDiv': 0.7453834108371402, 'IntDiv2': 0.7284413465825297, 'Filters': 0.989957264957265, 'logP': 0.47063926671442996, 'SA': 0.24984552204445037, 'QED': 0.09084259838180576, 'weight': 5.260764182911054, 'Novelty': 0.9449596774193548}
Epoch: 34:
	Train Loss: 0.460 --- Reconstruction Loss: 0.451 --- KL Loss: 44.363 --- Beta: 0.000220
	Validity: 0.62% --- Uniquene@1000: 0.70% --- Unique@10000: 0.35%

{'valid': 0.4557333333333333, 'unique@1000': 0.741, 'unique@10000': 0.3849, 'FCD/Test': 26.309257179864474, 'SNN/Test': 0.5988496019215594, 'Frag/Test': 0.8447390296666867, 'Scaf/Test': 0.27962709974809297, 'FCD/TestSF': 27.721306792279293, 'SNN/TestSF': 0.5058194799681133, 'Frag/TestSF': 0.8328779311350603, 'Scaf/TestSF': 0.018963289350737544, 'IntDiv': 0.7585886569214739, 'IntDiv2': 0.7410955729561475, 'Filters': 0.9848595669982446, 'logP': 0.7487748100886685, 'SA': 0.23597119014078302, 'QED': 0.06747053273251603, 'weight': 7.14097791764744, 'Novelty': 0.9524625267665953}
Epoch: 35:
	Train Loss: 0.455 --- Reconstruction Loss: 0.445 --- KL Loss: 39.210 --- Beta: 0.000260
	Validity: 0.46% --- Uniquene@1000: 0.74% --- Unique@10000: 0.38%

{'valid': 0.5181333333333333, 'unique@1000': 0.721, 'unique@10000': 0.3913, 'FCD/Test': 22.09628425187563, 'SNN/Test': 0.5975565998036102, 'Frag/Test': 0.8541963342497153, 'Scaf/Test': 0.20749826440865715, 'FCD/TestSF': 23.5257486443299, 'SNN/TestSF': 0.4940663652146562, 'Frag/TestSF': 0.8390807629902945, 'Scaf/TestSF': 0.007624370034760131, 'IntDiv': 0.7634860128066443, 'IntDiv2': 0.7462524388202291, 'Filters': 0.9909289758106021, 'logP': 0.5545379986754743, 'SA': 0.17172120783227082, 'QED': 0.08872064413310603, 'weight': 8.46407914807506, 'Novelty': 0.9467000192418703}
Epoch: 36:
	Train Loss: 0.451 --- Reconstruction Loss: 0.441 --- KL Loss: 34.929 --- Beta: 0.000300
	Validity: 0.52% --- Uniquene@1000: 0.72% --- Unique@10000: 0.39%

{'valid': 0.5967, 'unique@1000': 0.78, 'unique@10000': 0.4575, 'FCD/Test': 26.36435017505172, 'SNN/Test': 0.5993473461906801, 'Frag/Test': 0.8306530612955776, 'Scaf/Test': 0.15986150375683894, 'FCD/TestSF': 27.734606053577764, 'SNN/TestSF': 0.4953486471261121, 'Frag/TestSF': 0.8179983499711606, 'Scaf/TestSF': 0.013498990822645274, 'IntDiv': 0.7603869750094516, 'IntDiv2': 0.7433714939826901, 'Filters': 0.9937433662923859, 'logP': 0.6099936375871124, 'SA': 0.2314992729534443, 'QED': 0.06100371937236171, 'weight': 4.0107402429058965, 'Novelty': 0.9497510185604345}
Epoch: 37:
	Train Loss: 0.445 --- Reconstruction Loss: 0.434 --- KL Loss: 31.380 --- Beta: 0.000340
	Validity: 0.60% --- Uniquene@1000: 0.78% --- Unique@10000: 0.46%

{'valid': 0.6249, 'unique@1000': 0.842, 'unique@10000': 0.5328, 'FCD/Test': 21.108770736618858, 'SNN/Test': 0.591980560707901, 'Frag/Test': 0.8737213661278264, 'Scaf/Test': 0.26012943201962346, 'FCD/TestSF': 22.200495569400346, 'SNN/TestSF': 0.5088312283405503, 'Frag/TestSF': 0.8612234763213311, 'Scaf/TestSF': 0.05433716522246179, 'IntDiv': 0.7813904164381725, 'IntDiv2': 0.7672436650289348, 'Filters': 0.9881047634288153, 'logP': 0.6444103658429186, 'SA': 0.25274040178216156, 'QED': 0.05954968573845717, 'weight': 4.895016463511298, 'Novelty': 0.9412906356137797}
Epoch: 38:
	Train Loss: 0.441 --- Reconstruction Loss: 0.430 --- KL Loss: 28.601 --- Beta: 0.000380
	Validity: 0.62% --- Uniquene@1000: 0.84% --- Unique@10000: 0.53%

{'valid': 0.5562, 'unique@1000': 0.89, 'unique@10000': 0.5598, 'FCD/Test': 18.475689055886548, 'SNN/Test': 0.5923750593036639, 'Frag/Test': 0.9006243604568674, 'Scaf/Test': 0.27448248881026116, 'FCD/TestSF': 19.55305514325393, 'SNN/TestSF': 0.5210534729519851, 'Frag/TestSF': 0.8896687885724037, 'Scaf/TestSF': 0.055562018136926294, 'IntDiv': 0.7969905854391303, 'IntDiv2': 0.7851484006260192, 'Filters': 0.9772264173558672, 'logP': 0.4584326044820644, 'SA': 0.2144047282582314, 'QED': 0.028799904429309502, 'weight': 10.975189800826774, 'Novelty': 0.9155505952380952}
Epoch: 39:
	Train Loss: 0.436 --- Reconstruction Loss: 0.425 --- KL Loss: 26.638 --- Beta: 0.000420
	Validity: 0.56% --- Uniquene@1000: 0.89% --- Unique@10000: 0.56%

{'valid': 0.6802666666666667, 'unique@1000': 0.885, 'unique@10000': 0.6436, 'FCD/Test': 19.7802292787529, 'SNN/Test': 0.5966665064839347, 'Frag/Test': 0.8880499958846347, 'Scaf/Test': 0.2864304233797975, 'FCD/TestSF': 20.728038198181167, 'SNN/TestSF': 0.5277302512641294, 'Frag/TestSF': 0.8775203173356008, 'Scaf/TestSF': 0.0689538392920589, 'IntDiv': 0.7902061087191162, 'IntDiv2': 0.7772795508767834, 'Filters': 0.9851528812230498, 'logP': 0.4999765175611537, 'SA': 0.2525987659480058, 'QED': 0.06230237952064933, 'weight': 6.582091255402535, 'Novelty': 0.9291743119266055}
Epoch: 40:
	Train Loss: 0.431 --- Reconstruction Loss: 0.419 --- KL Loss: 24.701 --- Beta: 0.000460
	Validity: 0.68% --- Uniquene@1000: 0.89% --- Unique@10000: 0.64%

{'valid': 0.7169, 'unique@1000': 0.851, 'unique@10000': 0.5386, 'FCD/Test': 21.357006715829662, 'SNN/Test': 0.5920236758517439, 'Frag/Test': 0.8899326061866955, 'Scaf/Test': 0.2521297711133892, 'FCD/TestSF': 22.633955805157427, 'SNN/TestSF': 0.5077532476883206, 'Frag/TestSF': 0.8792740325251556, 'Scaf/TestSF': 0.037287570506624235, 'IntDiv': 0.7925509898793229, 'IntDiv2': 0.7794718309189247, 'Filters': 0.9789370902496861, 'logP': 0.5620244246218585, 'SA': 0.20725386693906322, 'QED': 0.02288052719376886, 'weight': 15.339751854248432, 'Novelty': 0.9281547104580813}
Epoch: 41:
	Train Loss: 0.416 --- Reconstruction Loss: 0.412 --- KL Loss: 40.146 --- Beta: 0.000100
	Validity: 0.72% --- Uniquene@1000: 0.85% --- Unique@10000: 0.54%

{'valid': 0.7482, 'unique@1000': 0.865, 'unique@10000': 0.595, 'FCD/Test': 18.427111287011385, 'SNN/Test': 0.5768210308777821, 'Frag/Test': 0.8866761125230295, 'Scaf/Test': 0.2221482868906851, 'FCD/TestSF': 19.363845662735287, 'SNN/TestSF': 0.5099106896803106, 'Frag/TestSF': 0.8758502643976928, 'Scaf/TestSF': 0.06963829133290278, 'IntDiv': 0.7971151078804101, 'IntDiv2': 0.7855188343479881, 'Filters': 0.9802637440969437, 'logP': 0.5678554365392872, 'SA': 0.22678190425695588, 'QED': 0.04230280689026738, 'weight': 17.54812853859085, 'Novelty': 0.9346700555398664}
Epoch: 42:
	Train Loss: 0.411 --- Reconstruction Loss: 0.405 --- KL Loss: 39.996 --- Beta: 0.000140
	Validity: 0.75% --- Uniquene@1000: 0.86% --- Unique@10000: 0.59%

{'valid': 0.6766666666666667, 'unique@1000': 0.895, 'unique@10000': 0.6246, 'FCD/Test': 18.612999263868204, 'SNN/Test': 0.5767786932879775, 'Frag/Test': 0.887575751284577, 'Scaf/Test': 0.18313498571097364, 'FCD/TestSF': 19.64638588645883, 'SNN/TestSF': 0.5055191235222253, 'Frag/TestSF': 0.8778136020743054, 'Scaf/TestSF': 0.03148599208996328, 'IntDiv': 0.8069141601953468, 'IntDiv2': 0.7944727603717462, 'Filters': 0.9769458128078817, 'logP': 0.6078900910548867, 'SA': 0.15652781488090167, 'QED': 0.016614813134849374, 'weight': 15.229876468989689, 'Novelty': 0.9379652605459057}
Epoch: 43:
	Train Loss: 0.407 --- Reconstruction Loss: 0.400 --- KL Loss: 37.164 --- Beta: 0.000180
	Validity: 0.68% --- Uniquene@1000: 0.90% --- Unique@10000: 0.62%

{'valid': 0.7293000000000001, 'unique@1000': 0.906, 'unique@10000': 0.6533, 'FCD/Test': 17.171620819015217, 'SNN/Test': 0.5686282140534715, 'Frag/Test': 0.9064433155654221, 'Scaf/Test': 0.19584318916179455, 'FCD/TestSF': 18.089967655104665, 'SNN/TestSF': 0.5001331321536538, 'Frag/TestSF': 0.8966041909295528, 'Scaf/TestSF': 0.0524873579075783, 'IntDiv': 0.8086756518246005, 'IntDiv2': 0.7978918861203973, 'Filters': 0.9668174962292609, 'logP': 0.47181016082977034, 'SA': 0.13396526317398377, 'QED': 0.015103864974374987, 'weight': 17.99496838575933, 'Novelty': 0.9358657695255941}
Epoch: 44:
	Train Loss: 0.403 --- Reconstruction Loss: 0.395 --- KL Loss: 34.649 --- Beta: 0.000220
	Validity: 0.73% --- Uniquene@1000: 0.91% --- Unique@10000: 0.65%

{'valid': 0.7115, 'unique@1000': 0.895, 'unique@10000': 0.6456, 'FCD/Test': 18.21635593963277, 'SNN/Test': 0.5817879458191691, 'Frag/Test': 0.9036546640625135, 'Scaf/Test': 0.2538954401978122, 'FCD/TestSF': 19.179866387656467, 'SNN/TestSF': 0.5102159240250567, 'Frag/TestSF': 0.894743077129468, 'Scaf/TestSF': 0.028626734077780047, 'IntDiv': 0.8090168170047547, 'IntDiv2': 0.7973527276130092, 'Filters': 0.9810728507847271, 'logP': 0.6118340218342502, 'SA': 0.19557714395832085, 'QED': 0.022271422760670588, 'weight': 17.732689236754393, 'Novelty': 0.9203579021970234}
Epoch: 45:
	Train Loss: 0.400 --- Reconstruction Loss: 0.391 --- KL Loss: 31.625 --- Beta: 0.000260
	Validity: 0.71% --- Uniquene@1000: 0.90% --- Unique@10000: 0.65%

{'valid': 0.6446000000000001, 'unique@1000': 0.892, 'unique@10000': 0.6442, 'FCD/Test': 16.512208852116245, 'SNN/Test': 0.5761106877506538, 'Frag/Test': 0.9138509511716225, 'Scaf/Test': 0.2584836136251163, 'FCD/TestSF': 17.32470809651322, 'SNN/TestSF': 0.5078712738245149, 'Frag/TestSF': 0.9045944816198886, 'Scaf/TestSF': 0.047478440161358826, 'IntDiv': 0.810419461260815, 'IntDiv2': 0.7989332920727881, 'Filters': 0.9708346261247285, 'logP': 0.5473641816918788, 'SA': 0.17063758683554414, 'QED': 0.009083217667013001, 'weight': 17.64562538122539, 'Novelty': 0.9265184633987537}
Epoch: 46:
	Train Loss: 0.396 --- Reconstruction Loss: 0.387 --- KL Loss: 29.460 --- Beta: 0.000300
	Validity: 0.64% --- Uniquene@1000: 0.89% --- Unique@10000: 0.64%

{'valid': 0.7368666666666667, 'unique@1000': 0.932, 'unique@10000': 0.7307, 'FCD/Test': 17.113897589569312, 'SNN/Test': 0.5694063315588479, 'Frag/Test': 0.9059977662224471, 'Scaf/Test': 0.26870558655973675, 'FCD/TestSF': 18.184140250271135, 'SNN/TestSF': 0.49839485546215556, 'Frag/TestSF': 0.8952725356896076, 'Scaf/TestSF': 0.03730335562240805, 'IntDiv': 0.8079554800834482, 'IntDiv2': 0.7965432120621956, 'Filters': 0.9723604451280196, 'logP': 0.4132452303759576, 'SA': 0.16356391043045376, 'QED': 0.03355341046479789, 'weight': 21.09111272808713, 'Novelty': 0.9313883594780824}
Epoch: 47:
	Train Loss: 0.392 --- Reconstruction Loss: 0.383 --- KL Loss: 27.404 --- Beta: 0.000340
	Validity: 0.74% --- Uniquene@1000: 0.93% --- Unique@10000: 0.73%

{'valid': 0.6380333333333333, 'unique@1000': 0.955, 'unique@10000': 0.7757, 'FCD/Test': 16.120842442530332, 'SNN/Test': 0.5678882318400993, 'Frag/Test': 0.8947983447998547, 'Scaf/Test': 0.24331012547524444, 'FCD/TestSF': 17.056015687408006, 'SNN/TestSF': 0.49802939905812516, 'Frag/TestSF': 0.8836380013954198, 'Scaf/TestSF': 0.03063721233711081, 'IntDiv': 0.815997808965643, 'IntDiv2': 0.8048566648556794, 'Filters': 0.9706911864583877, 'logP': 0.393344706181933, 'SA': 0.14045073447211687, 'QED': 0.04762021045219205, 'weight': 15.508056252327338, 'Novelty': 0.9292506656523393}
Epoch: 48:
	Train Loss: 0.388 --- Reconstruction Loss: 0.379 --- KL Loss: 25.699 --- Beta: 0.000380
	Validity: 0.64% --- Uniquene@1000: 0.95% --- Unique@10000: 0.78%

{'valid': 0.5651666666666666, 'unique@1000': 0.942, 'unique@10000': 0.7796, 'FCD/Test': 14.89258083097225, 'SNN/Test': 0.5458140231372333, 'Frag/Test': 0.9195247330389027, 'Scaf/Test': 0.18551041082211028, 'FCD/TestSF': 15.508677104575646, 'SNN/TestSF': 0.486358080403146, 'Frag/TestSF': 0.9116547741690366, 'Scaf/TestSF': 0.03719388077769048, 'IntDiv': 0.8345570890655017, 'IntDiv2': 0.8242078027785198, 'Filters': 0.9627248599233265, 'logP': 0.45686161091052857, 'SA': 0.045382948320107676, 'QED': 0.01699224572843715, 'weight': 23.80272539719511, 'Novelty': 0.9352975158867707}
Epoch: 49:
	Train Loss: 0.385 --- Reconstruction Loss: 0.375 --- KL Loss: 24.287 --- Beta: 0.000420
	Validity: 0.57% --- Uniquene@1000: 0.94% --- Unique@10000: 0.78%

{'valid': 0.6780999999999999, 'unique@1000': 0.962, 'unique@10000': 0.799, 'FCD/Test': 14.943015502317245, 'SNN/Test': 0.5749779613588327, 'Frag/Test': 0.9309916842139817, 'Scaf/Test': 0.20893168118072913, 'FCD/TestSF': 15.818978153264524, 'SNN/TestSF': 0.5085236052852262, 'Frag/TestSF': 0.9212083389003509, 'Scaf/TestSF': 0.05878258419460425, 'IntDiv': 0.821667122579802, 'IntDiv2': 0.811257268737141, 'Filters': 0.9706532959740451, 'logP': 0.23652237146162478, 'SA': 0.14944221333587568, 'QED': 0.010952650728694223, 'weight': 22.51221567659203, 'Novelty': 0.9121546190343288}
Epoch: 50:
	Train Loss: 0.382 --- Reconstruction Loss: 0.371 --- KL Loss: 22.920 --- Beta: 0.000460
	Validity: 0.68% --- Uniquene@1000: 0.96% --- Unique@10000: 0.80%

{'valid': 0.7456333333333334, 'unique@1000': 0.929, 'unique@10000': 0.7165, 'FCD/Test': 16.1881468188273, 'SNN/Test': 0.5753991180411597, 'Frag/Test': 0.9280518602344002, 'Scaf/Test': 0.20340186053038878, 'FCD/TestSF': 17.121900235211022, 'SNN/TestSF': 0.508524298135652, 'Frag/TestSF': 0.9166461150265568, 'Scaf/TestSF': 0.05475258849453646, 'IntDiv': 0.8151970739917992, 'IntDiv2': 0.8046811682956828, 'Filters': 0.9774688184541106, 'logP': 0.20706331086140967, 'SA': 0.1858994427843558, 'QED': 0.013919586918710996, 'weight': 26.567223441181937, 'Novelty': 0.9149514848573949}
Epoch: 51:
	Train Loss: 0.369 --- Reconstruction Loss: 0.366 --- KL Loss: 35.120 --- Beta: 0.000100
	Validity: 0.75% --- Uniquene@1000: 0.93% --- Unique@10000: 0.72%

{'valid': 0.6801666666666666, 'unique@1000': 0.925, 'unique@10000': 0.7333, 'FCD/Test': 16.88453619430615, 'SNN/Test': 0.5649301657786822, 'Frag/Test': 0.9116296690692435, 'Scaf/Test': 0.1875239684710842, 'FCD/TestSF': 17.943868175336334, 'SNN/TestSF': 0.4915896394240509, 'Frag/TestSF': 0.8988914087534995, 'Scaf/TestSF': 0.016416212791760088, 'IntDiv': 0.81228360854116, 'IntDiv2': 0.8013972898095443, 'Filters': 0.9624601813281058, 'logP': 0.2509730679199236, 'SA': 0.1377731853868662, 'QED': 0.028981799366879696, 'weight': 27.37382880986001, 'Novelty': 0.9357741712175986}
Epoch: 52:
	Train Loss: 0.367 --- Reconstruction Loss: 0.362 --- KL Loss: 35.436 --- Beta: 0.000140
	Validity: 0.68% --- Uniquene@1000: 0.93% --- Unique@10000: 0.73%

{'valid': 0.7099666666666666, 'unique@1000': 0.936, 'unique@10000': 0.7176, 'FCD/Test': 15.11604013956206, 'SNN/Test': 0.5710004054202659, 'Frag/Test': 0.9344402339681936, 'Scaf/Test': 0.21337966888756388, 'FCD/TestSF': 15.914913985163075, 'SNN/TestSF': 0.5022108270767245, 'Frag/TestSF': 0.9240523708715143, 'Scaf/TestSF': 0.025569086707047606, 'IntDiv': 0.8202493464316443, 'IntDiv2': 0.8091776566538265, 'Filters': 0.9792948025728907, 'logP': 0.2542880623576114, 'SA': 0.1938091182827969, 'QED': 0.007062478917921893, 'weight': 33.96134927555548, 'Novelty': 0.9196865817825661}
Epoch: 53:
	Train Loss: 0.364 --- Reconstruction Loss: 0.358 --- KL Loss: 33.605 --- Beta: 0.000180
	Validity: 0.71% --- Uniquene@1000: 0.94% --- Unique@10000: 0.72%

{'valid': 0.7835666666666666, 'unique@1000': 0.952, 'unique@10000': 0.7585, 'FCD/Test': 15.584412100825794, 'SNN/Test': 0.5650825321657865, 'Frag/Test': 0.9271423113602361, 'Scaf/Test': 0.22881177284574294, 'FCD/TestSF': 16.552625127361082, 'SNN/TestSF': 0.49840781846354576, 'Frag/TestSF': 0.9156138004156659, 'Scaf/TestSF': 0.04474249763134097, 'IntDiv': 0.8253111596420766, 'IntDiv2': 0.814733916065302, 'Filters': 0.9765176330454758, 'logP': 0.2660202979951578, 'SA': 0.12917303161506022, 'QED': 0.0054854845094073484, 'weight': 33.31954495293973, 'Novelty': 0.9207098232088262}
Epoch: 54:
	Train Loss: 0.361 --- Reconstruction Loss: 0.354 --- KL Loss: 31.638 --- Beta: 0.000220
	Validity: 0.78% --- Uniquene@1000: 0.95% --- Unique@10000: 0.76%

{'valid': 0.6283333333333334, 'unique@1000': 0.921, 'unique@10000': 0.7201, 'FCD/Test': 15.631474421722999, 'SNN/Test': 0.5690447982489588, 'Frag/Test': 0.9260871586124068, 'Scaf/Test': 0.2109314630387885, 'FCD/TestSF': 16.53516746150669, 'SNN/TestSF': 0.5032693066908447, 'Frag/TestSF': 0.9142679370175267, 'Scaf/TestSF': 0.029319375299007078, 'IntDiv': 0.8198095337916363, 'IntDiv2': 0.8089415573097019, 'Filters': 0.9697612732095491, 'logP': 0.22198970806255844, 'SA': 0.14828236535946945, 'QED': 0.0058799824007096145, 'weight': 34.00214646475417, 'Novelty': 0.9136242947228675}
Epoch: 55:
	Train Loss: 0.360 --- Reconstruction Loss: 0.352 --- KL Loss: 29.834 --- Beta: 0.000260
	Validity: 0.63% --- Uniquene@1000: 0.92% --- Unique@10000: 0.72%

{'valid': 0.73, 'unique@1000': 0.966, 'unique@10000': 0.8016, 'FCD/Test': 14.25098319683157, 'SNN/Test': 0.5567014991223268, 'Frag/Test': 0.9378117531709975, 'Scaf/Test': 0.26222396854134666, 'FCD/TestSF': 15.165487098219572, 'SNN/TestSF': 0.4944180297545374, 'Frag/TestSF': 0.9272763522553978, 'Scaf/TestSF': 0.05232457466107987, 'IntDiv': 0.8317343117119922, 'IntDiv2': 0.821529418221003, 'Filters': 0.9740639269406393, 'logP': 0.18116112072519547, 'SA': 0.11616441962989271, 'QED': 0.014708056682676161, 'weight': 37.97955813281291, 'Novelty': 0.9218881890786312}
Epoch: 56:
	Train Loss: 0.357 --- Reconstruction Loss: 0.348 --- KL Loss: 27.879 --- Beta: 0.000300
	Validity: 0.73% --- Uniquene@1000: 0.97% --- Unique@10000: 0.80%

{'valid': 0.6474666666666666, 'unique@1000': 0.962, 'unique@10000': 0.7797, 'FCD/Test': 15.366032653029208, 'SNN/Test': 0.5648978315646679, 'Frag/Test': 0.9157983334860569, 'Scaf/Test': 0.2161809682739918, 'FCD/TestSF': 16.321674939588846, 'SNN/TestSF': 0.49747290976554204, 'Frag/TestSF': 0.9029803182822168, 'Scaf/TestSF': 0.02906676702944866, 'IntDiv': 0.823978459063296, 'IntDiv2': 0.8133381219778313, 'Filters': 0.9723023064250412, 'logP': 0.2191667781148207, 'SA': 0.12873337647953423, 'QED': 0.021020070406947134, 'weight': 33.02544799675611, 'Novelty': 0.9215541982485834}
Epoch: 57:
	Train Loss: 0.354 --- Reconstruction Loss: 0.345 --- KL Loss: 26.451 --- Beta: 0.000340
	Validity: 0.65% --- Uniquene@1000: 0.96% --- Unique@10000: 0.78%

{'valid': 0.5345, 'unique@1000': 0.927, 'unique@10000': 0.7682, 'FCD/Test': 14.27687135232086, 'SNN/Test': 0.5723537512200251, 'Frag/Test': 0.9289382846231404, 'Scaf/Test': 0.24446901352360806, 'FCD/TestSF': 15.195111411505707, 'SNN/TestSF': 0.5052230230355731, 'Frag/TestSF': 0.9174253363906933, 'Scaf/TestSF': 0.034329928675232435, 'IntDiv': 0.8290088925895108, 'IntDiv2': 0.8182309615509451, 'Filters': 0.9726223885251013, 'logP': 0.21699702838994706, 'SA': 0.14789585795557864, 'QED': 0.0073765541605905855, 'weight': 34.50362477786197, 'Novelty': 0.9147841255996512}
Epoch: 58:
	Train Loss: 0.352 --- Reconstruction Loss: 0.342 --- KL Loss: 25.213 --- Beta: 0.000380
	Validity: 0.53% --- Uniquene@1000: 0.93% --- Unique@10000: 0.77%

{'valid': 0.7803333333333333, 'unique@1000': 0.969, 'unique@10000': 0.8158, 'FCD/Test': 15.077135845316533, 'SNN/Test': 0.5631753603632202, 'Frag/Test': 0.9401914357143117, 'Scaf/Test': 0.24246725251103174, 'FCD/TestSF': 15.933559510002496, 'SNN/TestSF': 0.49836380489421983, 'Frag/TestSF': 0.9302956554500434, 'Scaf/TestSF': 0.04818267133951426, 'IntDiv': 0.8267590722715574, 'IntDiv2': 0.8168191758014729, 'Filters': 0.9774455360956856, 'logP': 0.26973288493260367, 'SA': 0.13264712249883104, 'QED': 0.009508978795166358, 'weight': 31.331605846379805, 'Novelty': 0.924359278595159}
Epoch: 59:
	Train Loss: 0.349 --- Reconstruction Loss: 0.339 --- KL Loss: 24.088 --- Beta: 0.000420
	Validity: 0.78% --- Uniquene@1000: 0.97% --- Unique@10000: 0.82%

{'valid': 0.8012666666666667, 'unique@1000': 0.971, 'unique@10000': 0.8351, 'FCD/Test': 14.014769244200117, 'SNN/Test': 0.5571675891765978, 'Frag/Test': 0.9335125861772628, 'Scaf/Test': 0.27699025374310937, 'FCD/TestSF': 14.76094794999824, 'SNN/TestSF': 0.5001671097262032, 'Frag/TestSF': 0.9241592310915793, 'Scaf/TestSF': 0.0828355128174495, 'IntDiv': 0.8337234263120016, 'IntDiv2': 0.8239406797174623, 'Filters': 0.9772859638905067, 'logP': 0.3105817558877436, 'SA': 0.12988286684310452, 'QED': 0.007992313895506226, 'weight': 31.016034961117175, 'Novelty': 0.9226340209067024}
Epoch: 60:
	Train Loss: 0.348 --- Reconstruction Loss: 0.337 --- KL Loss: 23.041 --- Beta: 0.000460
	Validity: 0.80% --- Uniquene@1000: 0.97% --- Unique@10000: 0.84%

