2024-02-15 02:31:20.994620: E external/local_xla/xla/stream_executor/cuda/cuda_dnn.cc:9261] Unable to register cuDNN factory: Attempting to register factory for plugin cuDNN when one has already been registered
2024-02-15 02:31:20.994684: E external/local_xla/xla/stream_executor/cuda/cuda_fft.cc:607] Unable to register cuFFT factory: Attempting to register factory for plugin cuFFT when one has already been registered
2024-02-15 02:31:20.995668: E external/local_xla/xla/stream_executor/cuda/cuda_blas.cc:1515] Unable to register cuBLAS factory: Attempting to register factory for plugin cuBLAS when one has already been registered
2024-02-15 02:31:21.000289: I tensorflow/core/platform/cpu_feature_guard.cc:182] This TensorFlow binary is optimized to use available CPU instructions in performance-critical operations.
To enable the following instructions: AVX2 FMA, in other operations, rebuild TensorFlow with the appropriate compiler flags.
2024-02-15 02:31:21.787711: W tensorflow/compiler/tf2tensorrt/utils/py_utils.cc:38] TF-TRT Warning: Could not find TensorRT

Arguments:
	data_path: data/moses_train.txt
	max_len: 30
	batch: 128
	d_model: 512
	d_latent: 256
	d_ff: 1024
	e_heads: 1
	d_heads: 8
	n_layers: 6
	dropout: 0.5
	lr: 0.0005
	n_epochs: 60
	kl_type: cyclic
	kl_w_start: 0.0001
	kl_w_end: 0.0005
	kl_cycle: 2
	kl_ratio: 1.0
	save_name: klcompare

Number of data: 88192

SMILES Vocab:
	 {'<START>': 0, '<END>': 1, '<PAD>': 2, 'C': 3, 'O': 4, 'c': 5, '1': 6, '(': 7, '=': 8, ')': 9, 'N': 10, 'n': 11, '2': 12, 'F': 13, 'Cl': 14, 'Br': 15, '#': 16, '3': 17, 'S': 18, 'o': 19, '-': 20, 's': 21, '[nH]': 22, '4': 23}

Graph Vocab:
	 {'C': 0, 'O': 1, 'N': 2, 'F': 3, 'Cl': 4, 'Br': 5, 'S': 6}


KL Annealer: [0.0001     0.00011333 0.00012667 0.00014    0.00015333 0.00016667
 0.00018    0.00019333 0.00020667 0.00022    0.00023333 0.00024667
 0.00026    0.00027333 0.00028667 0.0003     0.00031333 0.00032667
 0.00034    0.00035333 0.00036667 0.00038    0.00039333 0.00040667
 0.00042    0.00043333 0.00044667 0.00046    0.00047333 0.00048667
 0.0001     0.00011333 0.00012667 0.00014    0.00015333 0.00016667
 0.00018    0.00019333 0.00020667 0.00022    0.00023333 0.00024667
 0.00026    0.00027333 0.00028667 0.0003     0.00031333 0.00032667
 0.00034    0.00035333 0.00036667 0.00038    0.00039333 0.00040667
 0.00042    0.00043333 0.00044667 0.00046    0.00047333 0.00048667]




#########################################################################
######################### START TRAINING ################################
#########################################################################




{'valid': 0.7405333333333333, 'unique@1000': 0.802, 'unique@10000': 0.4233, 'FCD/Test': 24.13394809075117, 'SNN/Test': 0.6001578172079234, 'Frag/Test': 0.8404880851053983, 'Scaf/Test': 0.1610093051010817, 'FCD/TestSF': 25.568282683730004, 'SNN/TestSF': 0.5050083104136032, 'Frag/TestSF': 0.8252643108408924, 'Scaf/TestSF': 0.036660569888780414, 'IntDiv': 0.7676029883023685, 'IntDiv2': 0.7528615334497568, 'Filters': 0.9878465970471733, 'logP': 0.22226149779728935, 'SA': 0.1938867023219317, 'QED': 0.08283100962107312, 'weight': 11.948973262998736, 'Novelty': 0.9257725861304155}
Epoch: 31:
	Train Loss: 0.447 --- Reconstruction Loss: 0.442 --- KL Loss: 47.153 --- Beta: 0.000100
	Validity: 0.74% --- Uniquene@1000: 0.80% --- Unique@10000: 0.42%

{'valid': 0.6145, 'unique@1000': 0.716, 'unique@10000': 0.3778, 'FCD/Test': 24.615892163028903, 'SNN/Test': 0.6373094952192156, 'Frag/Test': 0.8872948603941536, 'Scaf/Test': 0.10393346989091401, 'FCD/TestSF': 25.86825628559845, 'SNN/TestSF': 0.5203258380111977, 'Frag/TestSF': 0.8746648368077438, 'Scaf/TestSF': 0.01618608762578, 'IntDiv': 0.7561652906626493, 'IntDiv2': 0.7400276603869755, 'Filters': 0.991917548142121, 'logP': 0.5741880411424062, 'SA': 0.2677003356699389, 'QED': 0.036514117418456525, 'weight': 4.4178039341116175, 'Novelty': 0.9171391988293397}
Epoch: 32:
	Train Loss: 0.441 --- Reconstruction Loss: 0.435 --- KL Loss: 50.602 --- Beta: 0.000113
	Validity: 0.61% --- Uniquene@1000: 0.72% --- Unique@10000: 0.38%

{'valid': 0.6505000000000001, 'unique@1000': 0.815, 'unique@10000': 0.4445, 'FCD/Test': 28.190753329534047, 'SNN/Test': 0.6153773939704211, 'Frag/Test': 0.8449022942049647, 'Scaf/Test': 0.13901480362739727, 'FCD/TestSF': 29.511091492872737, 'SNN/TestSF': 0.5111907483582737, 'Frag/TestSF': 0.8317608887242989, 'Scaf/TestSF': 0.046967092056622306, 'IntDiv': 0.7434034660741464, 'IntDiv2': 0.7278461451429852, 'Filters': 0.994619523443505, 'logP': 0.34581823042249416, 'SA': 0.23919016625276532, 'QED': 0.06247639169086179, 'weight': 7.2310876398936745, 'Novelty': 0.9360636417206836}
Epoch: 33:
	Train Loss: 0.436 --- Reconstruction Loss: 0.430 --- KL Loss: 49.824 --- Beta: 0.000127
	Validity: 0.65% --- Uniquene@1000: 0.81% --- Unique@10000: 0.44%

{'valid': 0.6865, 'unique@1000': 0.784, 'unique@10000': 0.4305, 'FCD/Test': 26.402173042236683, 'SNN/Test': 0.6079472604018445, 'Frag/Test': 0.8428951902535969, 'Scaf/Test': 0.08724960591035213, 'FCD/TestSF': 27.78411623145351, 'SNN/TestSF': 0.5208465362990126, 'Frag/TestSF': 0.8309688736107791, 'Scaf/TestSF': 0.08246867789058154, 'IntDiv': 0.7666489212041028, 'IntDiv2': 0.751586754854916, 'Filters': 0.9886865744112648, 'logP': 0.27216499730180876, 'SA': 0.21877847216001883, 'QED': 0.041484756555136906, 'weight': 15.831409392313313, 'Novelty': 0.915886483323581}
Epoch: 34:
	Train Loss: 0.431 --- Reconstruction Loss: 0.424 --- KL Loss: 48.495 --- Beta: 0.000140
	Validity: 0.69% --- Uniquene@1000: 0.78% --- Unique@10000: 0.43%

{'valid': 0.6406333333333334, 'unique@1000': 0.845, 'unique@10000': 0.5174, 'FCD/Test': 22.853344301812953, 'SNN/Test': 0.6018440508728959, 'Frag/Test': 0.8826115707469676, 'Scaf/Test': 0.19179119341447037, 'FCD/TestSF': 24.151202004506153, 'SNN/TestSF': 0.5121520039513479, 'Frag/TestSF': 0.8687245364837037, 'Scaf/TestSF': 0.02518456368717359, 'IntDiv': 0.7821979943546001, 'IntDiv2': 0.7687186460849755, 'Filters': 0.9887090899630574, 'logP': 0.2617072989603638, 'SA': 0.18862430537277924, 'QED': 0.05280503978624746, 'weight': 17.069817515976126, 'Novelty': 0.9234069400630914}
Epoch: 35:
	Train Loss: 0.426 --- Reconstruction Loss: 0.419 --- KL Loss: 46.302 --- Beta: 0.000153
	Validity: 0.64% --- Uniquene@1000: 0.84% --- Unique@10000: 0.52%

{'valid': 0.36573333333333335, 'unique@1000': 0.824, 'unique@10000': 0.4958, 'FCD/Test': 19.01534737493222, 'SNN/Test': 0.5789315081396722, 'Frag/Test': 0.9149896423408802, 'Scaf/Test': 0.15291714079319085, 'FCD/TestSF': 20.067887223155104, 'SNN/TestSF': 0.5059531653572228, 'Frag/TestSF': 0.903392812370138, 'Scaf/TestSF': 0.044299612151980305, 'IntDiv': 0.8075300167862183, 'IntDiv2': 0.794574719227198, 'Filters': 0.9707437112650383, 'logP': 0.31503188374404256, 'SA': 0.06393100289079964, 'QED': 0.02298845741021599, 'weight': 19.694522591516716, 'Novelty': 0.9247637051039698}
Epoch: 36:
	Train Loss: 0.421 --- Reconstruction Loss: 0.414 --- KL Loss: 44.325 --- Beta: 0.000167
	Validity: 0.37% --- Uniquene@1000: 0.82% --- Unique@10000: 0.50%

{'valid': 0.6611666666666667, 'unique@1000': 0.822, 'unique@10000': 0.5348, 'FCD/Test': 21.241098444284887, 'SNN/Test': 0.6029428519813786, 'Frag/Test': 0.9236032756228132, 'Scaf/Test': 0.15867175332213168, 'FCD/TestSF': 22.107448273627682, 'SNN/TestSF': 0.5302438496303763, 'Frag/TestSF': 0.9139822596639001, 'Scaf/TestSF': 0.0415132283665165, 'IntDiv': 0.7977407452611363, 'IntDiv2': 0.7840595741732506, 'Filters': 0.9892109906730527, 'logP': 0.3958499739167436, 'SA': 0.23563896731539694, 'QED': 0.02115842277783865, 'weight': 15.647025840405446, 'Novelty': 0.922536023054755}
Epoch: 37:
	Train Loss: 0.416 --- Reconstruction Loss: 0.408 --- KL Loss: 42.245 --- Beta: 0.000180
	Validity: 0.66% --- Uniquene@1000: 0.82% --- Unique@10000: 0.53%

{'valid': 0.6592666666666667, 'unique@1000': 0.873, 'unique@10000': 0.6082, 'FCD/Test': 20.17936051934086, 'SNN/Test': 0.5957041685649799, 'Frag/Test': 0.8898782826527961, 'Scaf/Test': 0.2074134879472863, 'FCD/TestSF': 21.249266028302223, 'SNN/TestSF': 0.5174499991028636, 'Frag/TestSF': 0.876728182945718, 'Scaf/TestSF': 0.0653886540745865, 'IntDiv': 0.7919557735277163, 'IntDiv2': 0.7793580625024272, 'Filters': 0.9794215795328143, 'logP': 0.3304673707747993, 'SA': 0.22485938876786746, 'QED': 0.01875421073529976, 'weight': 16.91611505141906, 'Novelty': 0.9198253621750347}
Epoch: 38:
	Train Loss: 0.411 --- Reconstruction Loss: 0.403 --- KL Loss: 40.300 --- Beta: 0.000193
	Validity: 0.66% --- Uniquene@1000: 0.87% --- Unique@10000: 0.61%

{'valid': 0.6771, 'unique@1000': 0.911, 'unique@10000': 0.6427, 'FCD/Test': 18.846737087588238, 'SNN/Test': 0.5918976605776253, 'Frag/Test': 0.9287031754383082, 'Scaf/Test': 0.1886731886946531, 'FCD/TestSF': 19.77181711937989, 'SNN/TestSF': 0.5166674593711764, 'Frag/TestSF': 0.9172312196712162, 'Scaf/TestSF': 0.039746692153960095, 'IntDiv': 0.7999227479765841, 'IntDiv2': 0.7886990665130318, 'Filters': 0.9842957711810171, 'logP': 0.39543540055709353, 'SA': 0.22515638743252153, 'QED': 0.012260667395646763, 'weight': 18.588308081598978, 'Novelty': 0.9146773168739222}
Epoch: 39:
	Train Loss: 0.406 --- Reconstruction Loss: 0.398 --- KL Loss: 38.642 --- Beta: 0.000207
	Validity: 0.68% --- Uniquene@1000: 0.91% --- Unique@10000: 0.64%

{'valid': 0.6010333333333333, 'unique@1000': 0.903, 'unique@10000': 0.6527, 'FCD/Test': 16.213265127547047, 'SNN/Test': 0.5894805810216276, 'Frag/Test': 0.9230579502383812, 'Scaf/Test': 0.2227812202409133, 'FCD/TestSF': 16.64286957097616, 'SNN/TestSF': 0.5242491190129446, 'Frag/TestSF': 0.9150084539735648, 'Scaf/TestSF': 0.03655979748974636, 'IntDiv': 0.8126849497206713, 'IntDiv2': 0.8010138051580509, 'Filters': 0.9630636126670734, 'logP': 0.5176089772456923, 'SA': 0.19455478400870388, 'QED': 0.02491078813159044, 'weight': 10.98206168897594, 'Novelty': 0.9112723754233188}
Epoch: 40:
	Train Loss: 0.400 --- Reconstruction Loss: 0.392 --- KL Loss: 36.728 --- Beta: 0.000220
	Validity: 0.60% --- Uniquene@1000: 0.90% --- Unique@10000: 0.65%

{'valid': 0.5792999999999999, 'unique@1000': 0.932, 'unique@10000': 0.6995, 'FCD/Test': 17.0972640890799, 'SNN/Test': 0.5761608002604793, 'Frag/Test': 0.9072331228791145, 'Scaf/Test': 0.21955523566547863, 'FCD/TestSF': 18.043082106829097, 'SNN/TestSF': 0.5016770316947555, 'Frag/TestSF': 0.8959467362887038, 'Scaf/TestSF': 0.05474431264414725, 'IntDiv': 0.8087758350327978, 'IntDiv2': 0.7975275747028429, 'Filters': 0.9817020542033489, 'logP': 0.4902379663265254, 'SA': 0.1485786817002258, 'QED': 0.023946450861212314, 'weight': 13.481192020354063, 'Novelty': 0.9340852362022742}
Epoch: 41:
	Train Loss: 0.396 --- Reconstruction Loss: 0.388 --- KL Loss: 35.393 --- Beta: 0.000233
	Validity: 0.58% --- Uniquene@1000: 0.93% --- Unique@10000: 0.70%

{'valid': 0.5994333333333333, 'unique@1000': 0.934, 'unique@10000': 0.7254, 'FCD/Test': 16.341036589836435, 'SNN/Test': 0.5701473669905568, 'Frag/Test': 0.9308477515500119, 'Scaf/Test': 0.18487074392622793, 'FCD/TestSF': 16.94174052458888, 'SNN/TestSF': 0.5151537879700723, 'Frag/TestSF': 0.9207950532792687, 'Scaf/TestSF': 0.07813121203205498, 'IntDiv': 0.8120432242564519, 'IntDiv2': 0.8015201269256684, 'Filters': 0.9690263026191402, 'logP': 0.5111218353196625, 'SA': 0.1794062127290422, 'QED': 0.021592787974597554, 'weight': 15.129192379172824, 'Novelty': 0.9361756884275543}
Epoch: 42:
	Train Loss: 0.392 --- Reconstruction Loss: 0.383 --- KL Loss: 33.848 --- Beta: 0.000247
	Validity: 0.60% --- Uniquene@1000: 0.93% --- Unique@10000: 0.73%

{'valid': 0.6104333333333334, 'unique@1000': 0.934, 'unique@10000': 0.7573, 'FCD/Test': 16.15992941659914, 'SNN/Test': 0.5639809766398926, 'Frag/Test': 0.9244172358008175, 'Scaf/Test': 0.22955954620000762, 'FCD/TestSF': 16.865328378782287, 'SNN/TestSF': 0.5043049966192764, 'Frag/TestSF': 0.9156816862314676, 'Scaf/TestSF': 0.0666371607731574, 'IntDiv': 0.8214199234692301, 'IntDiv2': 0.8109503923107735, 'Filters': 0.9885873423251242, 'logP': 0.4345291908796223, 'SA': 0.13431166462994132, 'QED': 0.011435933531691977, 'weight': 16.05078792939197, 'Novelty': 0.9320997586484312}
Epoch: 43:
	Train Loss: 0.387 --- Reconstruction Loss: 0.379 --- KL Loss: 32.525 --- Beta: 0.000260
	Validity: 0.61% --- Uniquene@1000: 0.93% --- Unique@10000: 0.76%

{'valid': 0.7705666666666666, 'unique@1000': 0.961, 'unique@10000': 0.7888, 'FCD/Test': 15.530119813565676, 'SNN/Test': 0.5708426545526906, 'Frag/Test': 0.9269124026691119, 'Scaf/Test': 0.2714440159520203, 'FCD/TestSF': 16.333132863767922, 'SNN/TestSF': 0.5045816994287844, 'Frag/TestSF': 0.9167363911898789, 'Scaf/TestSF': 0.06664376837589725, 'IntDiv': 0.8213256531098585, 'IntDiv2': 0.8115258711087052, 'Filters': 0.9775489899208375, 'logP': 0.38468882740473853, 'SA': 0.14644952567279912, 'QED': 0.015396165747341043, 'weight': 19.19763860993801, 'Novelty': 0.9236756213909114}
Epoch: 44:
	Train Loss: 0.383 --- Reconstruction Loss: 0.374 --- KL Loss: 31.483 --- Beta: 0.000273
	Validity: 0.77% --- Uniquene@1000: 0.96% --- Unique@10000: 0.79%

{'valid': 0.7835, 'unique@1000': 0.964, 'unique@10000': 0.7844, 'FCD/Test': 15.273060704864221, 'SNN/Test': 0.572622725087971, 'Frag/Test': 0.9274541150715542, 'Scaf/Test': 0.2600015972755938, 'FCD/TestSF': 16.13792423847184, 'SNN/TestSF': 0.507804416641482, 'Frag/TestSF': 0.9170713812441712, 'Scaf/TestSF': 0.05034184058923208, 'IntDiv': 0.8205513449527466, 'IntDiv2': 0.8104987956478757, 'Filters': 0.9775792384599021, 'logP': 0.3663893805192746, 'SA': 0.18399383467072117, 'QED': 0.012184166152085311, 'weight': 21.36579799492798, 'Novelty': 0.9236940180658202}
Epoch: 45:
	Train Loss: 0.379 --- Reconstruction Loss: 0.370 --- KL Loss: 30.431 --- Beta: 0.000287
	Validity: 0.78% --- Uniquene@1000: 0.96% --- Unique@10000: 0.78%

{'valid': 0.7412666666666667, 'unique@1000': 0.957, 'unique@10000': 0.8034, 'FCD/Test': 16.141845085920707, 'SNN/Test': 0.5590993914787038, 'Frag/Test': 0.9278756246066785, 'Scaf/Test': 0.27371637321411724, 'FCD/TestSF': 17.015479524597126, 'SNN/TestSF': 0.4913927211403332, 'Frag/TestSF': 0.9175533191031363, 'Scaf/TestSF': 0.04644584126933737, 'IntDiv': 0.8230154256610099, 'IntDiv2': 0.8128803964233392, 'Filters': 0.9694666786581527, 'logP': 0.3380892170080139, 'SA': 0.11066327905964549, 'QED': 0.013005552285604516, 'weight': 16.546222419599058, 'Novelty': 0.9354489951666243}
Epoch: 46:
	Train Loss: 0.375 --- Reconstruction Loss: 0.366 --- KL Loss: 29.532 --- Beta: 0.000300
	Validity: 0.74% --- Uniquene@1000: 0.96% --- Unique@10000: 0.80%

{'valid': 0.7064666666666667, 'unique@1000': 0.969, 'unique@10000': 0.8485, 'FCD/Test': 15.721561398703017, 'SNN/Test': 0.5561370525311904, 'Frag/Test': 0.9173079794670148, 'Scaf/Test': 0.24617861144330577, 'FCD/TestSF': 16.65051950808251, 'SNN/TestSF': 0.48901191316182924, 'Frag/TestSF': 0.9060634423054901, 'Scaf/TestSF': 0.04592474688551329, 'IntDiv': 0.8225669101900237, 'IntDiv2': 0.8123683283748636, 'Filters': 0.9765971501368311, 'logP': 0.3677165319040042, 'SA': 0.12064338075277098, 'QED': 0.029792272407128444, 'weight': 19.894502471658914, 'Novelty': 0.9395496818404308}
Epoch: 47:
	Train Loss: 0.371 --- Reconstruction Loss: 0.362 --- KL Loss: 28.627 --- Beta: 0.000313
	Validity: 0.71% --- Uniquene@1000: 0.97% --- Unique@10000: 0.85%

{'valid': 0.4250333333333334, 'unique@1000': 0.972, 'unique@10000': 0.8517, 'FCD/Test': 14.480787912185178, 'SNN/Test': 0.5438057307416004, 'Frag/Test': 0.9049717090804167, 'Scaf/Test': 0.2309855895352022, 'FCD/TestSF': 15.338173427404463, 'SNN/TestSF': 0.4823453055205191, 'Frag/TestSF': 0.8932584542108094, 'Scaf/TestSF': 0.05252518211990809, 'IntDiv': 0.837237788880743, 'IntDiv2': 0.8268759312219487, 'Filters': 0.9698847149243197, 'logP': 0.2572159680569647, 'SA': 0.0651817892920329, 'QED': 0.015156247382988377, 'weight': 24.089729013634294, 'Novelty': 0.9335424985738734}
Epoch: 48:
	Train Loss: 0.367 --- Reconstruction Loss: 0.358 --- KL Loss: 27.813 --- Beta: 0.000327
	Validity: 0.43% --- Uniquene@1000: 0.97% --- Unique@10000: 0.85%

{'valid': 0.6903333333333334, 'unique@1000': 0.978, 'unique@10000': 0.8513, 'FCD/Test': 14.798738936653578, 'SNN/Test': 0.5471991400840143, 'Frag/Test': 0.9388915674444559, 'Scaf/Test': 0.24628683756492875, 'FCD/TestSF': 15.306190006542195, 'SNN/TestSF': 0.4945955326884107, 'Frag/TestSF': 0.9311546168224811, 'Scaf/TestSF': 0.05448532215939983, 'IntDiv': 0.8374626458706158, 'IntDiv2': 0.8280159498920637, 'Filters': 0.9726219217769194, 'logP': 0.3550571777618282, 'SA': 0.06352421060669644, 'QED': 0.013520895766096868, 'weight': 22.580844126763548, 'Novelty': 0.930957545708088}
Epoch: 49:
	Train Loss: 0.365 --- Reconstruction Loss: 0.356 --- KL Loss: 27.138 --- Beta: 0.000340
	Validity: 0.69% --- Uniquene@1000: 0.98% --- Unique@10000: 0.85%

{'valid': 0.6239666666666667, 'unique@1000': 0.975, 'unique@10000': 0.8534, 'FCD/Test': 14.25267318114578, 'SNN/Test': 0.5610515248893934, 'Frag/Test': 0.9329995764212179, 'Scaf/Test': 0.3069062812173946, 'FCD/TestSF': 15.147460060055153, 'SNN/TestSF': 0.4961302775350912, 'Frag/TestSF': 0.9232024401864337, 'Scaf/TestSF': 0.05208874773385164, 'IntDiv': 0.8320937314709751, 'IntDiv2': 0.821891039832302, 'Filters': 0.9740904962871948, 'logP': 0.3778689956677639, 'SA': 0.13668146216533023, 'QED': 0.009854790660894267, 'weight': 23.31872374738139, 'Novelty': 0.9302909066250763}
Epoch: 50:
	Train Loss: 0.361 --- Reconstruction Loss: 0.351 --- KL Loss: 26.615 --- Beta: 0.000353
	Validity: 0.62% --- Uniquene@1000: 0.97% --- Unique@10000: 0.85%

{'valid': 0.7997333333333333, 'unique@1000': 0.974, 'unique@10000': 0.8823, 'FCD/Test': 14.142530473267165, 'SNN/Test': 0.5523254070176348, 'Frag/Test': 0.9262114200292858, 'Scaf/Test': 0.268095158033971, 'FCD/TestSF': 14.82831176542571, 'SNN/TestSF': 0.4966409445254902, 'Frag/TestSF': 0.9169452059157368, 'Scaf/TestSF': 0.05447395550914147, 'IntDiv': 0.8368119479254057, 'IntDiv2': 0.8274336785529948, 'Filters': 0.9782427475825275, 'logP': 0.27585061544507583, 'SA': 0.11326686557581336, 'QED': 0.015895854728078168, 'weight': 24.457651564827646, 'Novelty': 0.9299984269309423}
Epoch: 51:
	Train Loss: 0.357 --- Reconstruction Loss: 0.348 --- KL Loss: 26.080 --- Beta: 0.000367
	Validity: 0.80% --- Uniquene@1000: 0.97% --- Unique@10000: 0.88%

{'valid': 0.40459999999999996, 'unique@1000': 0.967, 'unique@10000': 0.8389, 'FCD/Test': 13.752917846216633, 'SNN/Test': 0.5322434521350972, 'Frag/Test': 0.9131715207291468, 'Scaf/Test': 0.20463107814225112, 'FCD/TestSF': 14.31128126685698, 'SNN/TestSF': 0.48053313450343643, 'Frag/TestSF': 0.9048454097663466, 'Scaf/TestSF': 0.025330687600927382, 'IntDiv': 0.8435358685622124, 'IntDiv2': 0.8333284256982239, 'Filters': 0.9618553303674411, 'logP': 0.3266591205040866, 'SA': 0.04282656384222287, 'QED': 0.01001101228941048, 'weight': 27.516125489306717, 'Novelty': 0.9387571299909937}
Epoch: 52:
	Train Loss: 0.355 --- Reconstruction Loss: 0.345 --- KL Loss: 25.656 --- Beta: 0.000380
	Validity: 0.40% --- Uniquene@1000: 0.97% --- Unique@10000: 0.84%

{'valid': 0.6495666666666666, 'unique@1000': 0.975, 'unique@10000': 0.8591, 'FCD/Test': 13.895261156841052, 'SNN/Test': 0.5624831034596156, 'Frag/Test': 0.929892141634653, 'Scaf/Test': 0.2902554828718008, 'FCD/TestSF': 14.608466191734301, 'SNN/TestSF': 0.5026018507902904, 'Frag/TestSF': 0.9208125265975481, 'Scaf/TestSF': 0.0508077138560038, 'IntDiv': 0.8333798700188794, 'IntDiv2': 0.8234231033649086, 'Filters': 0.9680812849592035, 'logP': 0.23578637567026953, 'SA': 0.130518592313399, 'QED': 0.010963902477544758, 'weight': 26.42179403446302, 'Novelty': 0.9280409731113957}
Epoch: 53:
	Train Loss: 0.352 --- Reconstruction Loss: 0.342 --- KL Loss: 25.061 --- Beta: 0.000393
	Validity: 0.65% --- Uniquene@1000: 0.97% --- Unique@10000: 0.86%

{'valid': 0.5603, 'unique@1000': 0.983, 'unique@10000': 0.8906, 'FCD/Test': 14.380729301139276, 'SNN/Test': 0.5320360529732325, 'Frag/Test': 0.9149648458727413, 'Scaf/Test': 0.2634777998974148, 'FCD/TestSF': 15.061967979666086, 'SNN/TestSF': 0.48356701482150094, 'Frag/TestSF': 0.9074395948514575, 'Scaf/TestSF': 0.05115906490615052, 'IntDiv': 0.8452980055743778, 'IntDiv2': 0.8357928547947416, 'Filters': 0.965375691593789, 'logP': 0.25896931893950825, 'SA': 0.015186311716270589, 'QED': 0.011298475820542189, 'weight': 26.59252166058504, 'Novelty': 0.9398359161349134}
Epoch: 54:
	Train Loss: 0.348 --- Reconstruction Loss: 0.338 --- KL Loss: 24.590 --- Beta: 0.000407
	Validity: 0.56% --- Uniquene@1000: 0.98% --- Unique@10000: 0.89%

{'valid': 0.6658999999999999, 'unique@1000': 0.983, 'unique@10000': 0.8939, 'FCD/Test': 13.75442263878601, 'SNN/Test': 0.5476151201891734, 'Frag/Test': 0.9329330664371386, 'Scaf/Test': 0.28514602879955087, 'FCD/TestSF': 14.417461547073628, 'SNN/TestSF': 0.4937918994939559, 'Frag/TestSF': 0.9249842800641078, 'Scaf/TestSF': 0.07086153664115047, 'IntDiv': 0.8380768306595878, 'IntDiv2': 0.829006618942733, 'Filters': 0.9654102217550182, 'logP': 0.2557861069154213, 'SA': 0.07209569447063564, 'QED': 0.010639254071652008, 'weight': 24.28070923814625, 'Novelty': 0.9276957119789486}
Epoch: 55:
	Train Loss: 0.346 --- Reconstruction Loss: 0.336 --- KL Loss: 24.143 --- Beta: 0.000420
	Validity: 0.67% --- Uniquene@1000: 0.98% --- Unique@10000: 0.89%

{'valid': 0.6665333333333333, 'unique@1000': 0.978, 'unique@10000': 0.8891, 'FCD/Test': 13.82918602987241, 'SNN/Test': 0.5448054363375414, 'Frag/Test': 0.927985692024969, 'Scaf/Test': 0.29630942205538013, 'FCD/TestSF': 14.602803530884927, 'SNN/TestSF': 0.4877063216193303, 'Frag/TestSF': 0.9197974459782486, 'Scaf/TestSF': 0.05013422576346793, 'IntDiv': 0.8420403049383032, 'IntDiv2': 0.8324450842361762, 'Filters': 0.9728945789157831, 'logP': 0.22309219782274442, 'SA': 0.050644389526818163, 'QED': 0.013587975202582446, 'weight': 23.81298191598976, 'Novelty': 0.9296832414753801}
Epoch: 56:
	Train Loss: 0.344 --- Reconstruction Loss: 0.334 --- KL Loss: 23.695 --- Beta: 0.000433
	Validity: 0.67% --- Uniquene@1000: 0.98% --- Unique@10000: 0.89%

{'valid': 0.6589666666666667, 'unique@1000': 0.985, 'unique@10000': 0.9061, 'FCD/Test': 13.13738503852484, 'SNN/Test': 0.545926019881026, 'Frag/Test': 0.9237382237800126, 'Scaf/Test': 0.30675540064267914, 'FCD/TestSF': 13.806271271030447, 'SNN/TestSF': 0.49104187425571383, 'Frag/TestSF': 0.9135997151809238, 'Scaf/TestSF': 0.047456148734214665, 'IntDiv': 0.8423630098451569, 'IntDiv2': 0.8329890266262245, 'Filters': 0.9637816783853508, 'logP': 0.24176619942349944, 'SA': 0.0636227225930488, 'QED': 0.011822607429984202, 'weight': 24.03705052767558, 'Novelty': 0.9301883429386252}
Epoch: 57:
	Train Loss: 0.340 --- Reconstruction Loss: 0.330 --- KL Loss: 23.181 --- Beta: 0.000447
	Validity: 0.66% --- Uniquene@1000: 0.98% --- Unique@10000: 0.91%

{'valid': 0.514, 'unique@1000': 0.979, 'unique@10000': 0.8809, 'FCD/Test': 13.642625125731186, 'SNN/Test': 0.5512260081838386, 'Frag/Test': 0.9206990111330332, 'Scaf/Test': 0.30013669708266755, 'FCD/TestSF': 14.295134783603721, 'SNN/TestSF': 0.49758482715731, 'Frag/TestSF': 0.9124267097897855, 'Scaf/TestSF': 0.05576005114451488, 'IntDiv': 0.8437075357366175, 'IntDiv2': 0.8340697030446815, 'Filters': 0.9651102464332036, 'logP': 0.2841781781242359, 'SA': 0.09540961094721714, 'QED': 0.012808993627037002, 'weight': 26.631797055295745, 'Novelty': 0.9231240898290795}
Epoch: 58:
	Train Loss: 0.339 --- Reconstruction Loss: 0.328 --- KL Loss: 22.907 --- Beta: 0.000460
	Validity: 0.51% --- Uniquene@1000: 0.98% --- Unique@10000: 0.88%

{'valid': 0.7656333333333334, 'unique@1000': 0.982, 'unique@10000': 0.9058, 'FCD/Test': 13.63352839704357, 'SNN/Test': 0.5515937460033774, 'Frag/Test': 0.9296922800424468, 'Scaf/Test': 0.3391003401730799, 'FCD/TestSF': 14.49905705606784, 'SNN/TestSF': 0.4936353309218918, 'Frag/TestSF': 0.9201080752580064, 'Scaf/TestSF': 0.05316354919011301, 'IntDiv': 0.8378847581578753, 'IntDiv2': 0.8286513650582507, 'Filters': 0.9737036875789107, 'logP': 0.1774143308382589, 'SA': 0.09266086069341167, 'QED': 0.010212483747391574, 'weight': 27.3108526689994, 'Novelty': 0.9285343035343036}
Epoch: 59:
	Train Loss: 0.337 --- Reconstruction Loss: 0.326 --- KL Loss: 22.493 --- Beta: 0.000473
	Validity: 0.77% --- Uniquene@1000: 0.98% --- Unique@10000: 0.91%

{'valid': 0.5510999999999999, 'unique@1000': 0.986, 'unique@10000': 0.9142, 'FCD/Test': 13.472695628077744, 'SNN/Test': 0.5223406666390354, 'Frag/Test': 0.9102321363302541, 'Scaf/Test': 0.2723523992144743, 'FCD/TestSF': 14.05240432911765, 'SNN/TestSF': 0.4762158111978888, 'Frag/TestSF': 0.9031714721388986, 'Scaf/TestSF': 0.057169966472238376, 'IntDiv': 0.8542326925436978, 'IntDiv2': 0.8447105853682847, 'Filters': 0.9568741305268251, 'logP': 0.16598655585754057, 'SA': 0.03210922337266384, 'QED': 0.010453454082108488, 'weight': 27.448611913310312, 'Novelty': 0.9400950216897336}
Epoch: 60:
	Train Loss: 0.334 --- Reconstruction Loss: 0.324 --- KL Loss: 22.164 --- Beta: 0.000487
	Validity: 0.55% --- Uniquene@1000: 0.99% --- Unique@10000: 0.91%

