2024-02-15 02:31:21.221109: E external/local_xla/xla/stream_executor/cuda/cuda_dnn.cc:9261] Unable to register cuDNN factory: Attempting to register factory for plugin cuDNN when one has already been registered
2024-02-15 02:31:21.221169: E external/local_xla/xla/stream_executor/cuda/cuda_fft.cc:607] Unable to register cuFFT factory: Attempting to register factory for plugin cuFFT when one has already been registered
2024-02-15 02:31:21.222896: E external/local_xla/xla/stream_executor/cuda/cuda_blas.cc:1515] Unable to register cuBLAS factory: Attempting to register factory for plugin cuBLAS when one has already been registered
2024-02-15 02:31:21.229168: I tensorflow/core/platform/cpu_feature_guard.cc:182] This TensorFlow binary is optimized to use available CPU instructions in performance-critical operations.
To enable the following instructions: AVX2 FMA, in other operations, rebuild TensorFlow with the appropriate compiler flags.
2024-02-15 02:31:22.049631: W tensorflow/compiler/tf2tensorrt/utils/py_utils.cc:38] TF-TRT Warning: Could not find TensorRT

Arguments:
	data_path: data/moses_train.txt
	max_len: 30
	batch: 128
	d_model: 512
	d_latent: 256
	d_ff: 1024
	e_heads: 1
	d_heads: 8
	n_layers: 8
	dropout: 0.5
	lr: 0.0005
	n_epochs: 60
	kl_type: monotonic
	kl_w_start: 0.0001
	kl_w_end: 0.01
	kl_cycle: 4
	kl_ratio: 0.9
	save_name: klcompare

Number of data: 88192

SMILES Vocab:
	 {'<START>': 0, '<END>': 1, '<PAD>': 2, 'C': 3, 'O': 4, 'c': 5, '1': 6, '(': 7, '=': 8, ')': 9, 'N': 10, 'n': 11, '2': 12, 'F': 13, 'Cl': 14, 'Br': 15, '#': 16, '3': 17, 'S': 18, 'o': 19, '-': 20, 's': 21, '[nH]': 22, '4': 23}

Graph Vocab:
	 {'C': 0, 'O': 1, 'N': 2, 'F': 3, 'Cl': 4, 'Br': 5, 'S': 6}


KL Annealer: [0.0001, 0.00026500000000000004, 0.00043000000000000004, 0.0005950000000000002, 0.0007600000000000002, 0.0009250000000000001, 0.0010900000000000003, 0.0012550000000000003, 0.0014200000000000003, 0.0015850000000000003, 0.0017500000000000003, 0.0019150000000000003, 0.0020800000000000003, 0.002245, 0.0024100000000000002, 0.002575, 0.0027400000000000002, 0.0029050000000000005, 0.0030700000000000002, 0.0032350000000000005, 0.0034000000000000002, 0.0035650000000000005, 0.0037300000000000002, 0.0038950000000000005, 0.004060000000000001, 0.004225000000000001, 0.004390000000000001, 0.004555000000000001, 0.004720000000000001, 0.004885000000000001, 0.005050000000000001, 0.005215000000000001, 0.005380000000000001, 0.005545000000000001, 0.0057100000000000015, 0.005875000000000001, 0.006040000000000001, 0.006205000000000001, 0.0063700000000000015, 0.006535000000000001, 0.006700000000000001, 0.006865000000000001, 0.0070300000000000015, 0.007195000000000002, 0.007360000000000001, 0.007525000000000001, 0.0076900000000000015, 0.007855000000000001, 0.008020000000000001, 0.008185000000000001, 0.008350000000000002, 0.008515, 0.00868, 0.008845, 0.00901, 0.009175, 0.009340000000000001, 0.009505000000000001, 0.009670000000000002, 0.009835000000000002]




#########################################################################
######################### START TRAINING ################################
#########################################################################




{'valid': 0.661, 'unique@1000': 0.704, 'unique@10000': 0.3763, 'FCD/Test': 21.113193005412462, 'SNN/Test': 0.5981022039628425, 'Frag/Test': 0.8524128406905565, 'Scaf/Test': 0.19693653802771227, 'FCD/TestSF': 21.833445815583126, 'SNN/TestSF': 0.5222364028430141, 'Frag/TestSF': 0.8430691964717434, 'Scaf/TestSF': 0.010100638055881128, 'IntDiv': 0.807703444965366, 'IntDiv2': 0.7851090946970466, 'Filters': 0.9937972768532527, 'logP': 0.795921319475278, 'SA': 0.2937040128968941, 'QED': 0.08243151297270207, 'weight': 11.432534138517312, 'Novelty': 0.9317339918856942}
Epoch: 31:
	Train Loss: 0.549 --- Reconstruction Loss: 0.507 --- KL Loss: 8.341 --- Beta: 0.005050
	Validity: 0.66% --- Uniquene@1000: 0.70% --- Unique@10000: 0.38%

{'valid': 0.7135666666666667, 'unique@1000': 0.718, 'unique@10000': 0.3926, 'FCD/Test': 19.222927925577842, 'SNN/Test': 0.6084602484020564, 'Frag/Test': 0.8727120878550563, 'Scaf/Test': 0.1774837703321599, 'FCD/TestSF': 20.29934785996835, 'SNN/TestSF': 0.5332060469320634, 'Frag/TestSF': 0.865200928821011, 'Scaf/TestSF': 0.00905012718050724, 'IntDiv': 0.80536333228892, 'IntDiv2': 0.7810821640991751, 'Filters': 0.9907974027187368, 'logP': 0.6952682795882632, 'SA': 0.35258390474770074, 'QED': 0.058671297563074314, 'weight': 15.516494496278193, 'Novelty': 0.9039910242025966}
Epoch: 32:
	Train Loss: 0.539 --- Reconstruction Loss: 0.501 --- KL Loss: 7.284 --- Beta: 0.005215
	Validity: 0.71% --- Uniquene@1000: 0.72% --- Unique@10000: 0.39%

{'valid': 0.6977666666666666, 'unique@1000': 0.801, 'unique@10000': 0.4419, 'FCD/Test': 20.25896979414364, 'SNN/Test': 0.5933823641974215, 'Frag/Test': 0.8438020629045139, 'Scaf/Test': 0.18690155628040206, 'FCD/TestSF': 21.39834932573754, 'SNN/TestSF': 0.5142574533610157, 'Frag/TestSF': 0.8329551164413622, 'Scaf/TestSF': 0.004509367453608082, 'IntDiv': 0.8040091547930027, 'IntDiv2': 0.7838221729972865, 'Filters': 0.9945062819471647, 'logP': 0.5778000461153325, 'SA': 0.28376480138936044, 'QED': 0.09038203760443497, 'weight': 14.110949143850835, 'Novelty': 0.9384790657932213}
Epoch: 33:
	Train Loss: 0.529 --- Reconstruction Loss: 0.494 --- KL Loss: 6.557 --- Beta: 0.005380
	Validity: 0.70% --- Uniquene@1000: 0.80% --- Unique@10000: 0.44%

{'valid': 0.7754333333333333, 'unique@1000': 0.783, 'unique@10000': 0.4632, 'FCD/Test': 19.370525407334995, 'SNN/Test': 0.6025669371836297, 'Frag/Test': 0.8783402820210984, 'Scaf/Test': 0.2459419674241321, 'FCD/TestSF': 20.5470024174964, 'SNN/TestSF': 0.5204827012947797, 'Frag/TestSF': 0.8691252438119187, 'Scaf/TestSF': 0.011040546482810498, 'IntDiv': 0.8137257421913942, 'IntDiv2': 0.7926987709883957, 'Filters': 0.9922194042041009, 'logP': 0.8054475586996319, 'SA': 0.3172851416170211, 'QED': 0.04246677449778014, 'weight': 16.95604039520797, 'Novelty': 0.9209262224411874}
Epoch: 34:
	Train Loss: 0.521 --- Reconstruction Loss: 0.488 --- KL Loss: 6.050 --- Beta: 0.005545
	Validity: 0.78% --- Uniquene@1000: 0.78% --- Unique@10000: 0.46%

{'valid': 0.7049000000000001, 'unique@1000': 0.828, 'unique@10000': 0.5008, 'FCD/Test': 19.814125187844155, 'SNN/Test': 0.592804776525511, 'Frag/Test': 0.8766518166468089, 'Scaf/Test': 0.23167928649509273, 'FCD/TestSF': 20.82072065166414, 'SNN/TestSF': 0.5245189215520564, 'Frag/TestSF': 0.8708367581163746, 'Scaf/TestSF': 0.02348244396414856, 'IntDiv': 0.8176995107173167, 'IntDiv2': 0.8001207554830894, 'Filters': 0.9904951056887502, 'logP': 0.745788587755195, 'SA': 0.32163803099832616, 'QED': 0.02085834933124686, 'weight': 20.924383317921276, 'Novelty': 0.9070555488321433}
Epoch: 35:
	Train Loss: 0.515 --- Reconstruction Loss: 0.482 --- KL Loss: 5.704 --- Beta: 0.005710
	Validity: 0.70% --- Uniquene@1000: 0.83% --- Unique@10000: 0.50%

{'valid': 0.7644, 'unique@1000': 0.813, 'unique@10000': 0.4902, 'FCD/Test': 19.20694256759399, 'SNN/Test': 0.5993170801016666, 'Frag/Test': 0.8527502952017989, 'Scaf/Test': 0.1797262498123694, 'FCD/TestSF': 20.523348598727253, 'SNN/TestSF': 0.522734793110676, 'Frag/TestSF': 0.8424550239318869, 'Scaf/TestSF': 0.010511060201839784, 'IntDiv': 0.8173150113378602, 'IntDiv2': 0.7980544656507806, 'Filters': 0.9851299494156637, 'logP': 0.5650230590072637, 'SA': 0.2862383545255977, 'QED': 0.03070963519344217, 'weight': 15.999014298631863, 'Novelty': 0.9037856726849155}
Epoch: 36:
	Train Loss: 0.507 --- Reconstruction Loss: 0.476 --- KL Loss: 5.341 --- Beta: 0.005875
	Validity: 0.76% --- Uniquene@1000: 0.81% --- Unique@10000: 0.49%

{'valid': 0.7945666666666666, 'unique@1000': 0.856, 'unique@10000': 0.5423, 'FCD/Test': 18.044184658894494, 'SNN/Test': 0.594588362107157, 'Frag/Test': 0.8743868841652109, 'Scaf/Test': 0.22496265708606633, 'FCD/TestSF': 19.224964708687978, 'SNN/TestSF': 0.5211771946428065, 'Frag/TestSF': 0.8665095435875769, 'Scaf/TestSF': 0.015806146136246424, 'IntDiv': 0.8180658001701959, 'IntDiv2': 0.8006137654519905, 'Filters': 0.9944623904014767, 'logP': 0.6150553016233351, 'SA': 0.290446004328974, 'QED': 0.03594460771733757, 'weight': 12.460512926971035, 'Novelty': 0.9165828134433488}
Epoch: 37:
	Train Loss: 0.502 --- Reconstruction Loss: 0.470 --- KL Loss: 5.250 --- Beta: 0.006040
	Validity: 0.79% --- Uniquene@1000: 0.86% --- Unique@10000: 0.54%

{'valid': 0.8384666666666667, 'unique@1000': 0.836, 'unique@10000': 0.5253, 'FCD/Test': 18.770682464478867, 'SNN/Test': 0.6057057874261683, 'Frag/Test': 0.867190648254908, 'Scaf/Test': 0.22021258723172177, 'FCD/TestSF': 19.800748359044796, 'SNN/TestSF': 0.5331673294731143, 'Frag/TestSF': 0.8605632038796268, 'Scaf/TestSF': 0.015236000820336604, 'IntDiv': 0.8161813168654248, 'IntDiv2': 0.7977863598540982, 'Filters': 0.9931621213325912, 'logP': 0.7983259121109159, 'SA': 0.33324363547271585, 'QED': 0.030070202538894607, 'weight': 11.075563024139297, 'Novelty': 0.9117499749574276}
Epoch: 38:
	Train Loss: 0.495 --- Reconstruction Loss: 0.464 --- KL Loss: 5.005 --- Beta: 0.006205
	Validity: 0.84% --- Uniquene@1000: 0.84% --- Unique@10000: 0.53%

{'valid': 0.7902, 'unique@1000': 0.852, 'unique@10000': 0.5946, 'FCD/Test': 17.309445677943806, 'SNN/Test': 0.5955680236723225, 'Frag/Test': 0.8790822876954498, 'Scaf/Test': 0.2667823054858669, 'FCD/TestSF': 18.203134541608023, 'SNN/TestSF': 0.5176577677194865, 'Frag/TestSF': 0.8716626950236506, 'Scaf/TestSF': 0.011370064529209523, 'IntDiv': 0.8318222169234486, 'IntDiv2': 0.815572716972515, 'Filters': 0.987176242301527, 'logP': 0.6623737409115908, 'SA': 0.24659076801474808, 'QED': 0.017200665700930956, 'weight': 14.893270096515861, 'Novelty': 0.9077571978727306}
Epoch: 39:
	Train Loss: 0.489 --- Reconstruction Loss: 0.458 --- KL Loss: 4.884 --- Beta: 0.006370
	Validity: 0.79% --- Uniquene@1000: 0.85% --- Unique@10000: 0.59%

{'valid': 0.7995666666666666, 'unique@1000': 0.898, 'unique@10000': 0.6168, 'FCD/Test': 16.853438507560625, 'SNN/Test': 0.5885432619728372, 'Frag/Test': 0.8399597866232934, 'Scaf/Test': 0.21876602529331446, 'FCD/TestSF': 17.832132630336247, 'SNN/TestSF': 0.5083757966518273, 'Frag/TestSF': 0.8322530657267608, 'Scaf/TestSF': 0.02289746432544182, 'IntDiv': 0.8322587648977422, 'IntDiv2': 0.8171103078687854, 'Filters': 0.9865343727852587, 'logP': 0.5684503139417499, 'SA': 0.17135371482381395, 'QED': 0.04291871581206479, 'weight': 13.974472039098062, 'Novelty': 0.9122342696149578}
Epoch: 40:
	Train Loss: 0.481 --- Reconstruction Loss: 0.451 --- KL Loss: 4.631 --- Beta: 0.006535
	Validity: 0.80% --- Uniquene@1000: 0.90% --- Unique@10000: 0.62%

{'valid': 0.8638333333333333, 'unique@1000': 0.849, 'unique@10000': 0.5918, 'FCD/Test': 16.67423488429445, 'SNN/Test': 0.6016955841175268, 'Frag/Test': 0.8446417799951502, 'Scaf/Test': 0.244493189286081, 'FCD/TestSF': 17.689108134313024, 'SNN/TestSF': 0.5271626389862694, 'Frag/TestSF': 0.8367827080657114, 'Scaf/TestSF': 0.0261188578124395, 'IntDiv': 0.825871002843801, 'IntDiv2': 0.809322332206186, 'Filters': 0.9906231912020066, 'logP': 0.41331910188643206, 'SA': 0.25092858252410993, 'QED': 0.0466526926323135, 'weight': 18.18609922272194, 'Novelty': 0.901889962200756}
Epoch: 41:
	Train Loss: 0.476 --- Reconstruction Loss: 0.445 --- KL Loss: 4.617 --- Beta: 0.006700
	Validity: 0.86% --- Uniquene@1000: 0.85% --- Unique@10000: 0.59%

{'valid': 0.7824666666666666, 'unique@1000': 0.886, 'unique@10000': 0.6103, 'FCD/Test': 16.96530609139242, 'SNN/Test': 0.5999020520638005, 'Frag/Test': 0.8581221856323378, 'Scaf/Test': 0.2781922591852841, 'FCD/TestSF': 17.61450225790668, 'SNN/TestSF': 0.5373060244042006, 'Frag/TestSF': 0.8544203073558951, 'Scaf/TestSF': 0.03583914763267215, 'IntDiv': 0.8255547470664051, 'IntDiv2': 0.811364554481887, 'Filters': 0.9892221180880975, 'logP': 0.5535092099192752, 'SA': 0.24973479166132798, 'QED': 0.02395961123151497, 'weight': 13.692077223049429, 'Novelty': 0.9057907627711687}
Epoch: 42:
	Train Loss: 0.470 --- Reconstruction Loss: 0.439 --- KL Loss: 4.518 --- Beta: 0.006865
	Validity: 0.78% --- Uniquene@1000: 0.89% --- Unique@10000: 0.61%

{'valid': 0.8595666666666667, 'unique@1000': 0.889, 'unique@10000': 0.6367, 'FCD/Test': 18.107091837520464, 'SNN/Test': 0.5952373960741217, 'Frag/Test': 0.8606016110758898, 'Scaf/Test': 0.21146044026143596, 'FCD/TestSF': 18.606424647530517, 'SNN/TestSF': 0.5326687438316637, 'Frag/TestSF': 0.8578049976331832, 'Scaf/TestSF': 0.031946541927286964, 'IntDiv': 0.8339114494156402, 'IntDiv2': 0.818709458651673, 'Filters': 0.98386784038469, 'logP': 0.7055043483183223, 'SA': 0.2499617038950695, 'QED': 0.021768920488221835, 'weight': 11.883434485315165, 'Novelty': 0.9085941768792444}
Epoch: 43:
	Train Loss: 0.464 --- Reconstruction Loss: 0.433 --- KL Loss: 4.357 --- Beta: 0.007030
	Validity: 0.86% --- Uniquene@1000: 0.89% --- Unique@10000: 0.64%

{'valid': 0.8242333333333334, 'unique@1000': 0.883, 'unique@10000': 0.6161, 'FCD/Test': 17.343573506814373, 'SNN/Test': 0.5990442362187505, 'Frag/Test': 0.8356589708498027, 'Scaf/Test': 0.25153169109701845, 'FCD/TestSF': 17.97027719270818, 'SNN/TestSF': 0.5333036509120913, 'Frag/TestSF': 0.8316120973703635, 'Scaf/TestSF': 0.024693069269245305, 'IntDiv': 0.8283091713478896, 'IntDiv2': 0.8133355726862064, 'Filters': 0.9895256197678651, 'logP': 0.7237927323846315, 'SA': 0.25543901499294336, 'QED': 0.03210385822031044, 'weight': 12.728670882035804, 'Novelty': 0.9014736842105263}
Epoch: 44:
	Train Loss: 0.459 --- Reconstruction Loss: 0.429 --- KL Loss: 4.251 --- Beta: 0.007195
	Validity: 0.82% --- Uniquene@1000: 0.88% --- Unique@10000: 0.62%

{'valid': 0.7651666666666667, 'unique@1000': 0.905, 'unique@10000': 0.6596, 'FCD/Test': 17.177392450677075, 'SNN/Test': 0.5838070270582056, 'Frag/Test': 0.8388032689092588, 'Scaf/Test': 0.20340359628812077, 'FCD/TestSF': 17.766398316299487, 'SNN/TestSF': 0.5229667174766797, 'Frag/TestSF': 0.8367664082474484, 'Scaf/TestSF': 0.030841024364073877, 'IntDiv': 0.8289586218569833, 'IntDiv2': 0.8148287719188715, 'Filters': 0.9814419516445219, 'logP': 0.670035307461156, 'SA': 0.19084842024528517, 'QED': 0.022610640972293754, 'weight': 11.696969937827411, 'Novelty': 0.9162006645595268}
Epoch: 45:
	Train Loss: 0.454 --- Reconstruction Loss: 0.424 --- KL Loss: 4.117 --- Beta: 0.007360
	Validity: 0.77% --- Uniquene@1000: 0.91% --- Unique@10000: 0.66%

{'valid': 0.852, 'unique@1000': 0.922, 'unique@10000': 0.681, 'FCD/Test': 15.927006564030982, 'SNN/Test': 0.5891715318401795, 'Frag/Test': 0.8800065836947105, 'Scaf/Test': 0.24292120016788976, 'FCD/TestSF': 16.76378097270276, 'SNN/TestSF': 0.5193576360217562, 'Frag/TestSF': 0.876519772924148, 'Scaf/TestSF': 0.02141185121147615, 'IntDiv': 0.8372298991165934, 'IntDiv2': 0.8239379445301138, 'Filters': 0.9846635367762129, 'logP': 0.5959413249074946, 'SA': 0.19725729168815, 'QED': 0.01670518126121814, 'weight': 13.992817708311073, 'Novelty': 0.9023420865862314}
Epoch: 46:
	Train Loss: 0.450 --- Reconstruction Loss: 0.420 --- KL Loss: 4.055 --- Beta: 0.007525
	Validity: 0.85% --- Uniquene@1000: 0.92% --- Unique@10000: 0.68%

{'valid': 0.7695333333333334, 'unique@1000': 0.894, 'unique@10000': 0.6563, 'FCD/Test': 17.294363690542554, 'SNN/Test': 0.5940567195050165, 'Frag/Test': 0.8711617982140495, 'Scaf/Test': 0.2332384916620679, 'FCD/TestSF': 18.051686948009504, 'SNN/TestSF': 0.5241631634612798, 'Frag/TestSF': 0.8686498967423559, 'Scaf/TestSF': 0.02581214239090668, 'IntDiv': 0.8292039930128339, 'IntDiv2': 0.8152144363276611, 'Filters': 0.9835831239712379, 'logP': 0.6777819975341083, 'SA': 0.24330186851530636, 'QED': 0.015707445602719892, 'weight': 15.924602781759065, 'Novelty': 0.9092147435897436}
Epoch: 47:
	Train Loss: 0.446 --- Reconstruction Loss: 0.416 --- KL Loss: 3.908 --- Beta: 0.007690
	Validity: 0.77% --- Uniquene@1000: 0.89% --- Unique@10000: 0.66%

{'valid': 0.8632666666666666, 'unique@1000': 0.931, 'unique@10000': 0.7232, 'FCD/Test': 16.491368576602426, 'SNN/Test': 0.5758704540121738, 'Frag/Test': 0.8417362260401836, 'Scaf/Test': 0.2564672502122851, 'FCD/TestSF': 17.36286470247989, 'SNN/TestSF': 0.5108986111870327, 'Frag/TestSF': 0.8394996926610654, 'Scaf/TestSF': 0.026661148480184194, 'IntDiv': 0.8404174118927246, 'IntDiv2': 0.8274360223278658, 'Filters': 0.9821221715962623, 'logP': 0.7400850385766347, 'SA': 0.1936601571245926, 'QED': 0.029289621084181636, 'weight': 15.854780638068029, 'Novelty': 0.91814550455111}
Epoch: 48:
	Train Loss: 0.442 --- Reconstruction Loss: 0.412 --- KL Loss: 3.863 --- Beta: 0.007855
	Validity: 0.86% --- Uniquene@1000: 0.93% --- Unique@10000: 0.72%

{'valid': 0.8385, 'unique@1000': 0.942, 'unique@10000': 0.7416, 'FCD/Test': 15.658110934341885, 'SNN/Test': 0.5804873724991748, 'Frag/Test': 0.8729260718216075, 'Scaf/Test': 0.26934455531330825, 'FCD/TestSF': 16.55658625394019, 'SNN/TestSF': 0.5150423363659733, 'Frag/TestSF': 0.8697834473516945, 'Scaf/TestSF': 0.033324977528885524, 'IntDiv': 0.8442654955480031, 'IntDiv2': 0.8310294107697981, 'Filters': 0.9800437288809382, 'logP': 0.502612327127982, 'SA': 0.18816833984400336, 'QED': 0.013246485332792712, 'weight': 21.50616555916244, 'Novelty': 0.9017997898055702}
Epoch: 49:
	Train Loss: 0.438 --- Reconstruction Loss: 0.408 --- KL Loss: 3.784 --- Beta: 0.008020
	Validity: 0.84% --- Uniquene@1000: 0.94% --- Unique@10000: 0.74%

{'valid': 0.8713, 'unique@1000': 0.937, 'unique@10000': 0.6994, 'FCD/Test': 16.191264737201394, 'SNN/Test': 0.58839699549294, 'Frag/Test': 0.874421603376992, 'Scaf/Test': 0.2499937632562832, 'FCD/TestSF': 17.06409273939461, 'SNN/TestSF': 0.5175405669433074, 'Frag/TestSF': 0.8715889454744262, 'Scaf/TestSF': 0.022686258414000182, 'IntDiv': 0.8386582812907155, 'IntDiv2': 0.8245069756771115, 'Filters': 0.9820957190405142, 'logP': 0.6085279511330176, 'SA': 0.20204811479392043, 'QED': 0.01999342464341688, 'weight': 21.864635800666584, 'Novelty': 0.9042603791533601}
Epoch: 50:
	Train Loss: 0.436 --- Reconstruction Loss: 0.406 --- KL Loss: 3.725 --- Beta: 0.008185
	Validity: 0.87% --- Uniquene@1000: 0.94% --- Unique@10000: 0.70%

{'valid': 0.8271333333333333, 'unique@1000': 0.938, 'unique@10000': 0.734, 'FCD/Test': 15.373036541745975, 'SNN/Test': 0.5795915316833279, 'Frag/Test': 0.8501011563670384, 'Scaf/Test': 0.25016280167364446, 'FCD/TestSF': 16.160826516470948, 'SNN/TestSF': 0.5156223947943299, 'Frag/TestSF': 0.8467819039868193, 'Scaf/TestSF': 0.034118217319332955, 'IntDiv': 0.8447224368033874, 'IntDiv2': 0.8313210535689833, 'Filters': 0.9845651648263077, 'logP': 0.6077581891937491, 'SA': 0.14574122836466322, 'QED': 0.018157304382059803, 'weight': 20.54186947213726, 'Novelty': 0.9011061364234922}
Epoch: 51:
	Train Loss: 0.432 --- Reconstruction Loss: 0.401 --- KL Loss: 3.661 --- Beta: 0.008350
	Validity: 0.83% --- Uniquene@1000: 0.94% --- Unique@10000: 0.73%

{'valid': 0.7638333333333334, 'unique@1000': 0.957, 'unique@10000': 0.7788, 'FCD/Test': 15.77313159377298, 'SNN/Test': 0.5686507467077259, 'Frag/Test': 0.8528265059254776, 'Scaf/Test': 0.31818763457013477, 'FCD/TestSF': 16.43055244453015, 'SNN/TestSF': 0.5089315870625989, 'Frag/TestSF': 0.8513037947375965, 'Scaf/TestSF': 0.043660736242363885, 'IntDiv': 0.8534620063963877, 'IntDiv2': 0.8412407086943456, 'Filters': 0.9814531965961161, 'logP': 0.5854550201227956, 'SA': 0.12361018916420712, 'QED': 0.014775052744321398, 'weight': 18.256243412448967, 'Novelty': 0.9080906575306364}
Epoch: 52:
	Train Loss: 0.430 --- Reconstruction Loss: 0.399 --- KL Loss: 3.608 --- Beta: 0.008515
	Validity: 0.76% --- Uniquene@1000: 0.96% --- Unique@10000: 0.78%

{'valid': 0.7476666666666667, 'unique@1000': 0.935, 'unique@10000': 0.7731, 'FCD/Test': 16.20497365494284, 'SNN/Test': 0.5578050476489352, 'Frag/Test': 0.8504841223674791, 'Scaf/Test': 0.23345303249102067, 'FCD/TestSF': 17.23711950253802, 'SNN/TestSF': 0.48835644640470266, 'Frag/TestSF': 0.844126729406384, 'Scaf/TestSF': 0.04207054008072297, 'IntDiv': 0.8499475280675772, 'IntDiv2': 0.8364030484351104, 'Filters': 0.9759696834596523, 'logP': 0.536480781894697, 'SA': 0.08993399463019283, 'QED': 0.030812174397679856, 'weight': 18.106932310383478, 'Novelty': 0.9207178250970939}
Epoch: 53:
	Train Loss: 0.427 --- Reconstruction Loss: 0.396 --- KL Loss: 3.555 --- Beta: 0.008680
	Validity: 0.75% --- Uniquene@1000: 0.94% --- Unique@10000: 0.77%

{'valid': 0.7885333333333333, 'unique@1000': 0.955, 'unique@10000': 0.7739, 'FCD/Test': 16.21806163685541, 'SNN/Test': 0.5582331129137803, 'Frag/Test': 0.8510546434736125, 'Scaf/Test': 0.2398250907050571, 'FCD/TestSF': 17.04097922960071, 'SNN/TestSF': 0.49636657543714724, 'Frag/TestSF': 0.8479349253409753, 'Scaf/TestSF': 0.04661697151537092, 'IntDiv': 0.8495601371542998, 'IntDiv2': 0.8371490133049778, 'Filters': 0.9677882989516402, 'logP': 0.7264495656465296, 'SA': 0.1029434520581353, 'QED': 0.02241359196320747, 'weight': 13.049809556131835, 'Novelty': 0.9172816530834884}
Epoch: 54:
	Train Loss: 0.425 --- Reconstruction Loss: 0.394 --- KL Loss: 3.513 --- Beta: 0.008845
	Validity: 0.79% --- Uniquene@1000: 0.95% --- Unique@10000: 0.77%

{'valid': 0.6795333333333333, 'unique@1000': 0.94, 'unique@10000': 0.739, 'FCD/Test': 16.129874596307552, 'SNN/Test': 0.5657257159908176, 'Frag/Test': 0.8558302223201576, 'Scaf/Test': 0.28221905275803316, 'FCD/TestSF': 16.855899633262332, 'SNN/TestSF': 0.5033730302167911, 'Frag/TestSF': 0.8559093250033288, 'Scaf/TestSF': 0.043147097829987935, 'IntDiv': 0.8489957767492539, 'IntDiv2': 0.836503818165647, 'Filters': 0.9698812910821152, 'logP': 0.7134307625687576, 'SA': 0.08490439486097887, 'QED': 0.016139524692380787, 'weight': 14.320155963358694, 'Novelty': 0.9075604293767858}
Epoch: 55:
	Train Loss: 0.422 --- Reconstruction Loss: 0.391 --- KL Loss: 3.441 --- Beta: 0.009010
	Validity: 0.68% --- Uniquene@1000: 0.94% --- Unique@10000: 0.74%

{'valid': 0.7801, 'unique@1000': 0.954, 'unique@10000': 0.7685, 'FCD/Test': 15.881432402535012, 'SNN/Test': 0.5576701178221612, 'Frag/Test': 0.8064637525352748, 'Scaf/Test': 0.2274865292956575, 'FCD/TestSF': 16.474950337319974, 'SNN/TestSF': 0.4993665270144087, 'Frag/TestSF': 0.8061454203762403, 'Scaf/TestSF': 0.058518024585766826, 'IntDiv': 0.8558601113541924, 'IntDiv2': 0.8431268727881751, 'Filters': 0.9700893047899842, 'logP': 0.7176486331380142, 'SA': 0.07169235202191557, 'QED': 0.0264572769443115, 'weight': 13.335813327162354, 'Novelty': 0.9226370448271329}
Epoch: 56:
	Train Loss: 0.419 --- Reconstruction Loss: 0.388 --- KL Loss: 3.398 --- Beta: 0.009175
	Validity: 0.78% --- Uniquene@1000: 0.95% --- Unique@10000: 0.77%

{'valid': 0.786, 'unique@1000': 0.943, 'unique@10000': 0.7424, 'FCD/Test': 16.269018303070702, 'SNN/Test': 0.5638919770983036, 'Frag/Test': 0.849149293316822, 'Scaf/Test': 0.2558321306902913, 'FCD/TestSF': 16.86031545379894, 'SNN/TestSF': 0.5080890587982078, 'Frag/TestSF': 0.8502021108300474, 'Scaf/TestSF': 0.03248292869357006, 'IntDiv': 0.8477953077462579, 'IntDiv2': 0.8349630682637732, 'Filters': 0.9740458015267176, 'logP': 0.7954896528535221, 'SA': 0.13271306558451612, 'QED': 0.01744128461697311, 'weight': 12.988550101683007, 'Novelty': 0.9168738660036287}
Epoch: 57:
	Train Loss: 0.417 --- Reconstruction Loss: 0.386 --- KL Loss: 3.373 --- Beta: 0.009340
	Validity: 0.79% --- Uniquene@1000: 0.94% --- Unique@10000: 0.74%

{'valid': 0.8228, 'unique@1000': 0.955, 'unique@10000': 0.7699, 'FCD/Test': 16.276999889841562, 'SNN/Test': 0.5623580070571369, 'Frag/Test': 0.8353436824841914, 'Scaf/Test': 0.2570517152334626, 'FCD/TestSF': 16.955944912302357, 'SNN/TestSF': 0.4980003598234127, 'Frag/TestSF': 0.8349784778208292, 'Scaf/TestSF': 0.0452504241237216, 'IntDiv': 0.8525021551195048, 'IntDiv2': 0.840425011280249, 'Filters': 0.9684005833738454, 'logP': 0.7426532693250092, 'SA': 0.09885099866634534, 'QED': 0.01925697177698563, 'weight': 16.264884273893202, 'Novelty': 0.9143927567905089}
Epoch: 58:
	Train Loss: 0.416 --- Reconstruction Loss: 0.384 --- KL Loss: 3.338 --- Beta: 0.009505
	Validity: 0.82% --- Uniquene@1000: 0.95% --- Unique@10000: 0.77%

{'valid': 0.7684666666666666, 'unique@1000': 0.954, 'unique@10000': 0.801, 'FCD/Test': 15.060929546061786, 'SNN/Test': 0.5631811321867591, 'Frag/Test': 0.8645394937089144, 'Scaf/Test': 0.32691945337147854, 'FCD/TestSF': 15.671079026133697, 'SNN/TestSF': 0.4994450189063987, 'Frag/TestSF': 0.8630321387883496, 'Scaf/TestSF': 0.04561348604376947, 'IntDiv': 0.8549532597975796, 'IntDiv2': 0.8429896818797027, 'Filters': 0.9703305283248026, 'logP': 0.618996541760512, 'SA': 0.07993162901893391, 'QED': 0.01577597182185835, 'weight': 17.702562640945978, 'Novelty': 0.9049339646150012}
Epoch: 59:
	Train Loss: 0.414 --- Reconstruction Loss: 0.382 --- KL Loss: 3.288 --- Beta: 0.009670
	Validity: 0.77% --- Uniquene@1000: 0.95% --- Unique@10000: 0.80%

{'valid': 0.7761666666666667, 'unique@1000': 0.964, 'unique@10000': 0.8102, 'FCD/Test': 15.576034125637022, 'SNN/Test': 0.5395222380440559, 'Frag/Test': 0.8367835637866422, 'Scaf/Test': 0.2743756971869118, 'FCD/TestSF': 16.456706831467322, 'SNN/TestSF': 0.4784449521662571, 'Frag/TestSF': 0.8339763828865489, 'Scaf/TestSF': 0.052760267276636186, 'IntDiv': 0.8625865083102219, 'IntDiv2': 0.8507459615933238, 'Filters': 0.9526733948894138, 'logP': 0.6421026627739261, 'SA': 0.04695993245807917, 'QED': 0.029520026239712945, 'weight': 18.167988399044347, 'Novelty': 0.923306530214425}
Epoch: 60:
	Train Loss: 0.412 --- Reconstruction Loss: 0.380 --- KL Loss: 3.266 --- Beta: 0.009835
	Validity: 0.78% --- Uniquene@1000: 0.96% --- Unique@10000: 0.81%

