2024-02-15 02:31:21.149407: E external/local_xla/xla/stream_executor/cuda/cuda_dnn.cc:9261] Unable to register cuDNN factory: Attempting to register factory for plugin cuDNN when one has already been registered
2024-02-15 02:31:21.149492: E external/local_xla/xla/stream_executor/cuda/cuda_fft.cc:607] Unable to register cuFFT factory: Attempting to register factory for plugin cuFFT when one has already been registered
2024-02-15 02:31:21.150189: E external/local_xla/xla/stream_executor/cuda/cuda_blas.cc:1515] Unable to register cuBLAS factory: Attempting to register factory for plugin cuBLAS when one has already been registered
2024-02-15 02:31:21.154184: I tensorflow/core/platform/cpu_feature_guard.cc:182] This TensorFlow binary is optimized to use available CPU instructions in performance-critical operations.
To enable the following instructions: AVX2 FMA, in other operations, rebuild TensorFlow with the appropriate compiler flags.
2024-02-15 02:31:21.990037: W tensorflow/compiler/tf2tensorrt/utils/py_utils.cc:38] TF-TRT Warning: Could not find TensorRT

Arguments:
	data_path: data/moses_train.txt
	max_len: 30
	batch: 128
	d_model: 512
	d_latent: 256
	d_ff: 1024
	e_heads: 1
	d_heads: 8
	n_layers: 6
	dropout: 0.5
	lr: 0.0005
	n_epochs: 60
	kl_type: cyclic
	kl_w_start: 0.0001
	kl_w_end: 0.001
	kl_cycle: 6
	kl_ratio: 1.0
	save_name: klcompare

Number of data: 88192

SMILES Vocab:
	 {'<START>': 0, '<END>': 1, '<PAD>': 2, 'C': 3, 'O': 4, 'c': 5, '1': 6, '(': 7, '=': 8, ')': 9, 'N': 10, 'n': 11, '2': 12, 'F': 13, 'Cl': 14, 'Br': 15, '#': 16, '3': 17, 'S': 18, 'o': 19, '-': 20, 's': 21, '[nH]': 22, '4': 23}

Graph Vocab:
	 {'C': 0, 'O': 1, 'N': 2, 'F': 3, 'Cl': 4, 'Br': 5, 'S': 6}


KL Annealer: [0.0001  0.00019 0.00028 0.00037 0.00046 0.00055 0.00064 0.00073 0.00082
 0.00091 0.0001  0.00019 0.00028 0.00037 0.00046 0.00055 0.00064 0.00073
 0.00082 0.00091 0.0001  0.00019 0.00028 0.00037 0.00046 0.00055 0.00064
 0.00073 0.00082 0.00091 0.0001  0.00019 0.00028 0.00037 0.00046 0.00055
 0.00064 0.00073 0.00082 0.00091 0.0001  0.00019 0.00028 0.00037 0.00046
 0.00055 0.00064 0.00073 0.00082 0.00091 0.0001  0.00019 0.00028 0.00037
 0.00046 0.00055 0.00064 0.00073 0.00082 0.00091]




#########################################################################
######################### START TRAINING ################################
#########################################################################




{'valid': 0.671, 'unique@1000': 0.787, 'unique@10000': 0.4356, 'FCD/Test': 26.115390973017192, 'SNN/Test': 0.5868718315150924, 'Frag/Test': 0.8342034589847787, 'Scaf/Test': 0.20018871375141423, 'FCD/TestSF': 27.471120126094533, 'SNN/TestSF': 0.49613827949309314, 'Frag/TestSF': 0.8183315211256985, 'Scaf/TestSF': 0.03190803109124818, 'IntDiv': 0.7576554173126178, 'IntDiv2': 0.741071580262262, 'Filters': 0.9673621460506706, 'logP': 0.17445399995587932, 'SA': 0.2056816697050329, 'QED': 0.11391747921654549, 'weight': 10.141680448757501, 'Novelty': 0.9569280186888597}
Epoch: 31:
	Train Loss: 0.446 --- Reconstruction Loss: 0.442 --- KL Loss: 37.837 --- Beta: 0.000100
	Validity: 0.67% --- Uniquene@1000: 0.79% --- Unique@10000: 0.44%

{'valid': 0.6129, 'unique@1000': 0.777, 'unique@10000': 0.4793, 'FCD/Test': 24.653551938824577, 'SNN/Test': 0.6048475272725378, 'Frag/Test': 0.860441311261277, 'Scaf/Test': 0.15864591119211213, 'FCD/TestSF': 25.79886470216031, 'SNN/TestSF': 0.5085865310388968, 'Frag/TestSF': 0.8481451439234876, 'Scaf/TestSF': 0.020964588818578656, 'IntDiv': 0.7737470762157506, 'IntDiv2': 0.7586231604099746, 'Filters': 0.9836841246532877, 'logP': 0.47350170102749484, 'SA': 0.23573967124444073, 'QED': 0.04748926291492425, 'weight': 9.554067662191642, 'Novelty': 0.9495298672566371}
Epoch: 32:
	Train Loss: 0.443 --- Reconstruction Loss: 0.437 --- KL Loss: 34.974 --- Beta: 0.000190
	Validity: 0.61% --- Uniquene@1000: 0.78% --- Unique@10000: 0.48%

{'valid': 0.573, 'unique@1000': 0.791, 'unique@10000': 0.4787, 'FCD/Test': 23.555108294998448, 'SNN/Test': 0.593883557120959, 'Frag/Test': 0.8735139475346752, 'Scaf/Test': 0.2120061960849957, 'FCD/TestSF': 24.760129215963836, 'SNN/TestSF': 0.5086537772413601, 'Frag/TestSF': 0.8611497308660341, 'Scaf/TestSF': 0.030067691968932775, 'IntDiv': 0.7696980879336478, 'IntDiv2': 0.7540113641831909, 'Filters': 0.9867364746945899, 'logP': 0.33633574277396583, 'SA': 0.24913595791643262, 'QED': 0.05583937888793544, 'weight': 5.541368082379149, 'Novelty': 0.9494038964815353}
Epoch: 33:
	Train Loss: 0.442 --- Reconstruction Loss: 0.433 --- KL Loss: 30.855 --- Beta: 0.000280
	Validity: 0.57% --- Uniquene@1000: 0.79% --- Unique@10000: 0.48%

{'valid': 0.6154999999999999, 'unique@1000': 0.885, 'unique@10000': 0.5865, 'FCD/Test': 20.909716059944948, 'SNN/Test': 0.5824337006519069, 'Frag/Test': 0.8783485060912185, 'Scaf/Test': 0.15827932328382066, 'FCD/TestSF': 21.88901342718411, 'SNN/TestSF': 0.5063189468279202, 'Frag/TestSF': 0.866665251307914, 'Scaf/TestSF': 0.029601451288292058, 'IntDiv': 0.7885999578581485, 'IntDiv2': 0.7744254820599111, 'Filters': 0.9764419171405362, 'logP': 0.37934951878427503, 'SA': 0.20381355520695474, 'QED': 0.0660024449469446, 'weight': 7.855854752338545, 'Novelty': 0.9502361858727892}
Epoch: 34:
	Train Loss: 0.438 --- Reconstruction Loss: 0.428 --- KL Loss: 27.427 --- Beta: 0.000370
	Validity: 0.62% --- Uniquene@1000: 0.89% --- Unique@10000: 0.59%

{'valid': 0.5568, 'unique@1000': 0.923, 'unique@10000': 0.6505, 'FCD/Test': 20.331510404765822, 'SNN/Test': 0.5863224429549414, 'Frag/Test': 0.8789359255304403, 'Scaf/Test': 0.2231137786496783, 'FCD/TestSF': 21.587232229638005, 'SNN/TestSF': 0.5034682083459235, 'Frag/TestSF': 0.8663395994560277, 'Scaf/TestSF': 0.01960989742879704, 'IntDiv': 0.7903659861640433, 'IntDiv2': 0.7774987355379033, 'Filters': 0.9730004789272031, 'logP': 0.2825813427616949, 'SA': 0.18972627455859228, 'QED': 0.06957236007145778, 'weight': 10.98276755605594, 'Novelty': 0.9486672219908372}
Epoch: 35:
	Train Loss: 0.434 --- Reconstruction Loss: 0.423 --- KL Loss: 24.546 --- Beta: 0.000460
	Validity: 0.56% --- Uniquene@1000: 0.92% --- Unique@10000: 0.65%

{'valid': 0.5516333333333333, 'unique@1000': 0.897, 'unique@10000': 0.6589, 'FCD/Test': 17.60996775650817, 'SNN/Test': 0.588145691381674, 'Frag/Test': 0.9053535621166975, 'Scaf/Test': 0.3253203689225568, 'FCD/TestSF': 18.867469079709352, 'SNN/TestSF': 0.5109409406574998, 'Frag/TestSF': 0.8929993713732405, 'Scaf/TestSF': 0.01508962952548254, 'IntDiv': 0.80691425550536, 'IntDiv2': 0.7952909354745318, 'Filters': 0.9708743730739018, 'logP': 0.3036107771423643, 'SA': 0.22819791273214526, 'QED': 0.03793408600591189, 'weight': 16.643036596827, 'Novelty': 0.9338493292053663}
Epoch: 36:
	Train Loss: 0.429 --- Reconstruction Loss: 0.417 --- KL Loss: 22.068 --- Beta: 0.000550
	Validity: 0.55% --- Uniquene@1000: 0.90% --- Unique@10000: 0.66%

{'valid': 0.4683333333333334, 'unique@1000': 0.929, 'unique@10000': 0.6977, 'FCD/Test': 17.204689681910658, 'SNN/Test': 0.5822802851611609, 'Frag/Test': 0.9073644548119552, 'Scaf/Test': 0.2364115957795192, 'FCD/TestSF': 18.07956104961079, 'SNN/TestSF': 0.5116630929952415, 'Frag/TestSF': 0.8990626296454988, 'Scaf/TestSF': 0.03335943265652386, 'IntDiv': 0.8104276645119654, 'IntDiv2': 0.7989009156236933, 'Filters': 0.9720996441281139, 'logP': 0.45927625930690685, 'SA': 0.15182022477995058, 'QED': 0.019128412161112128, 'weight': 8.423669525351235, 'Novelty': 0.9421820557491289}
Epoch: 37:
	Train Loss: 0.425 --- Reconstruction Loss: 0.413 --- KL Loss: 19.827 --- Beta: 0.000640
	Validity: 0.47% --- Uniquene@1000: 0.93% --- Unique@10000: 0.70%

{'valid': 0.6042333333333334, 'unique@1000': 0.949, 'unique@10000': 0.7397, 'FCD/Test': 16.627446127773837, 'SNN/Test': 0.5848417860139993, 'Frag/Test': 0.9089466275031529, 'Scaf/Test': 0.3181498192759271, 'FCD/TestSF': 17.140608239607943, 'SNN/TestSF': 0.531763327967945, 'Frag/TestSF': 0.9024301360061225, 'Scaf/TestSF': 0.037528412842489756, 'IntDiv': 0.8188171127362903, 'IntDiv2': 0.8074207252385104, 'Filters': 0.9656865449329729, 'logP': 0.46216724523940345, 'SA': 0.24269369781098044, 'QED': 0.019795145030899658, 'weight': 10.30427640462978, 'Novelty': 0.9275735905538001}
Epoch: 38:
	Train Loss: 0.422 --- Reconstruction Loss: 0.409 --- KL Loss: 18.003 --- Beta: 0.000730
	Validity: 0.60% --- Uniquene@1000: 0.95% --- Unique@10000: 0.74%

{'valid': 0.5405666666666666, 'unique@1000': 0.918, 'unique@10000': 0.7453, 'FCD/Test': 15.784412059350771, 'SNN/Test': 0.5918870550863045, 'Frag/Test': 0.9149223281889464, 'Scaf/Test': 0.2556634323964688, 'FCD/TestSF': 16.70561300315537, 'SNN/TestSF': 0.5249737942721213, 'Frag/TestSF': 0.9065982971149774, 'Scaf/TestSF': 0.0369683898570502, 'IntDiv': 0.8101570590455885, 'IntDiv2': 0.7991682687390375, 'Filters': 0.974101251772831, 'logP': 0.438603951826769, 'SA': 0.23750337467902627, 'QED': 0.02246834907041681, 'weight': 12.183788061211335, 'Novelty': 0.9226089290507292}
Epoch: 39:
	Train Loss: 0.419 --- Reconstruction Loss: 0.405 --- KL Loss: 16.754 --- Beta: 0.000820
	Validity: 0.54% --- Uniquene@1000: 0.92% --- Unique@10000: 0.75%

{'valid': 0.5062666666666666, 'unique@1000': 0.934, 'unique@10000': 0.7823, 'FCD/Test': 16.08037112799488, 'SNN/Test': 0.5697950250244719, 'Frag/Test': 0.9067209564737709, 'Scaf/Test': 0.3042441743201896, 'FCD/TestSF': 16.59899188007909, 'SNN/TestSF': 0.5199917344661459, 'Frag/TestSF': 0.9001067712920183, 'Scaf/TestSF': 0.028035605902779315, 'IntDiv': 0.8261194871850077, 'IntDiv2': 0.8145798328323444, 'Filters': 0.9676060047405847, 'logP': 0.3967830758332815, 'SA': 0.15089909609204452, 'QED': 0.01947218512024413, 'weight': 8.950587851870297, 'Novelty': 0.9389156411628322}
Epoch: 40:
	Train Loss: 0.415 --- Reconstruction Loss: 0.401 --- KL Loss: 15.558 --- Beta: 0.000910
	Validity: 0.51% --- Uniquene@1000: 0.93% --- Unique@10000: 0.78%

{'valid': 0.4734666666666667, 'unique@1000': 0.941, 'unique@10000': 0.7305, 'FCD/Test': 16.500939062833567, 'SNN/Test': 0.5611486274196175, 'Frag/Test': 0.9207703453758139, 'Scaf/Test': 0.20645034484080915, 'FCD/TestSF': 17.32288576125874, 'SNN/TestSF': 0.49893800428667495, 'Frag/TestSF': 0.9130166450613402, 'Scaf/TestSF': 0.03339724261959287, 'IntDiv': 0.8176662721295366, 'IntDiv2': 0.8069938540717982, 'Filters': 0.9640946212334554, 'logP': 0.46210196303786844, 'SA': 0.10925617854609006, 'QED': 0.02551761310657523, 'weight': 12.02856664871285, 'Novelty': 0.9530090684253916}
Epoch: 41:
	Train Loss: 0.396 --- Reconstruction Loss: 0.392 --- KL Loss: 31.116 --- Beta: 0.000100
	Validity: 0.47% --- Uniquene@1000: 0.94% --- Unique@10000: 0.73%

{'valid': 0.6500666666666667, 'unique@1000': 0.93, 'unique@10000': 0.7352, 'FCD/Test': 16.31084114033998, 'SNN/Test': 0.5669959988382006, 'Frag/Test': 0.9220246178871255, 'Scaf/Test': 0.18203130329927286, 'FCD/TestSF': 17.070919894836166, 'SNN/TestSF': 0.5098370239459519, 'Frag/TestSF': 0.913696349824069, 'Scaf/TestSF': 0.03629008433440761, 'IntDiv': 0.8165122192964482, 'IntDiv2': 0.8060103330659838, 'Filters': 0.9672341298328376, 'logP': 0.2910705038779909, 'SA': 0.1753260202285109, 'QED': 0.018489674250571148, 'weight': 22.340163290319882, 'Novelty': 0.941369349676009}
Epoch: 42:
	Train Loss: 0.393 --- Reconstruction Loss: 0.387 --- KL Loss: 29.663 --- Beta: 0.000190
	Validity: 0.65% --- Uniquene@1000: 0.93% --- Unique@10000: 0.74%

{'valid': 0.48150000000000004, 'unique@1000': 0.929, 'unique@10000': 0.729, 'FCD/Test': 17.29890629014622, 'SNN/Test': 0.5704391743122562, 'Frag/Test': 0.9147704929088831, 'Scaf/Test': 0.262604087542901, 'FCD/TestSF': 18.190174085835586, 'SNN/TestSF': 0.5042160599103391, 'Frag/TestSF': 0.9071842339582923, 'Scaf/TestSF': 0.030489570590525594, 'IntDiv': 0.8185214995443075, 'IntDiv2': 0.8074432033253894, 'Filters': 0.9696088611976462, 'logP': 0.5125097166869366, 'SA': 0.1772194997286218, 'QED': 0.018332287574161506, 'weight': 14.630931873280609, 'Novelty': 0.9301026109925835}
Epoch: 43:
	Train Loss: 0.391 --- Reconstruction Loss: 0.384 --- KL Loss: 26.649 --- Beta: 0.000280
	Validity: 0.48% --- Uniquene@1000: 0.93% --- Unique@10000: 0.73%

{'valid': 0.5196333333333334, 'unique@1000': 0.956, 'unique@10000': 0.7795, 'FCD/Test': 15.387071917581984, 'SNN/Test': 0.56913569895924, 'Frag/Test': 0.9085459757952599, 'Scaf/Test': 0.20674812122007136, 'FCD/TestSF': 16.258298634420157, 'SNN/TestSF': 0.5091250619999035, 'Frag/TestSF': 0.9002028608022055, 'Scaf/TestSF': 0.05089766113943306, 'IntDiv': 0.8238249815492344, 'IntDiv2': 0.8136305797218841, 'Filters': 0.96580922445314, 'logP': 0.30931319897975557, 'SA': 0.13787555781432764, 'QED': 0.018517290990524342, 'weight': 19.461758369883192, 'Novelty': 0.9257857205739942}
Epoch: 44:
	Train Loss: 0.390 --- Reconstruction Loss: 0.381 --- KL Loss: 23.939 --- Beta: 0.000370
	Validity: 0.52% --- Uniquene@1000: 0.96% --- Unique@10000: 0.78%

{'valid': 0.5936666666666667, 'unique@1000': 0.956, 'unique@10000': 0.8118, 'FCD/Test': 15.359474223255098, 'SNN/Test': 0.5634208355649076, 'Frag/Test': 0.8994812000932682, 'Scaf/Test': 0.26876094237694226, 'FCD/TestSF': 16.20387575308323, 'SNN/TestSF': 0.5059968526069868, 'Frag/TestSF': 0.8922420643302836, 'Scaf/TestSF': 0.03731587972003381, 'IntDiv': 0.8270570876289575, 'IntDiv2': 0.816471898209747, 'Filters': 0.954014598540146, 'logP': 0.42812299316307595, 'SA': 0.15282173427651677, 'QED': 0.015462331541560443, 'weight': 15.794986384947777, 'Novelty': 0.936060994942251}
Epoch: 45:
	Train Loss: 0.387 --- Reconstruction Loss: 0.377 --- KL Loss: 21.827 --- Beta: 0.000460
	Validity: 0.59% --- Uniquene@1000: 0.96% --- Unique@10000: 0.81%

{'valid': 0.5723333333333334, 'unique@1000': 0.969, 'unique@10000': 0.8286, 'FCD/Test': 15.309682879437261, 'SNN/Test': 0.5546710827016317, 'Frag/Test': 0.9010615690402037, 'Scaf/Test': 0.20628597040173569, 'FCD/TestSF': 16.027051263681443, 'SNN/TestSF': 0.4989102744091092, 'Frag/TestSF': 0.8947050676489134, 'Scaf/TestSF': 0.03543397575896934, 'IntDiv': 0.8283616479533726, 'IntDiv2': 0.8183301193363828, 'Filters': 0.9673849737914968, 'logP': 0.3875701700237968, 'SA': 0.10621665556830535, 'QED': 0.01587870951523092, 'weight': 17.41967035930037, 'Novelty': 0.9354863164278675}
Epoch: 46:
	Train Loss: 0.385 --- Reconstruction Loss: 0.374 --- KL Loss: 20.034 --- Beta: 0.000550
	Validity: 0.57% --- Uniquene@1000: 0.97% --- Unique@10000: 0.83%

{'valid': 0.5258, 'unique@1000': 0.976, 'unique@10000': 0.826, 'FCD/Test': 16.05762094583701, 'SNN/Test': 0.5561900555603825, 'Frag/Test': 0.8968505540911861, 'Scaf/Test': 0.2241897014590326, 'FCD/TestSF': 16.866253151946665, 'SNN/TestSF': 0.5000623972134489, 'Frag/TestSF': 0.8906428274203602, 'Scaf/TestSF': 0.03376455291894298, 'IntDiv': 0.8248847503598533, 'IntDiv2': 0.8138662047363854, 'Filters': 0.9712184607582097, 'logP': 0.3492728585462226, 'SA': 0.12185590652786317, 'QED': 0.0150251511160367, 'weight': 16.86881894364821, 'Novelty': 0.9395523607253716}
Epoch: 47:
	Train Loss: 0.382 --- Reconstruction Loss: 0.370 --- KL Loss: 18.487 --- Beta: 0.000640
	Validity: 0.53% --- Uniquene@1000: 0.98% --- Unique@10000: 0.83%

{'valid': 0.40926666666666667, 'unique@1000': 0.973, 'unique@10000': 0.8633, 'FCD/Test': 15.379491708983956, 'SNN/Test': 0.5476052582137727, 'Frag/Test': 0.8986072161225407, 'Scaf/Test': 0.23833705171403652, 'FCD/TestSF': 16.018094806107506, 'SNN/TestSF': 0.4955925936467058, 'Frag/TestSF': 0.8916579332829583, 'Scaf/TestSF': 0.03548111998118786, 'IntDiv': 0.8326257737637597, 'IntDiv2': 0.8222679497894274, 'Filters': 0.9629418472063854, 'logP': 0.34988542430422936, 'SA': 0.04832659668196134, 'QED': 0.019466021971853445, 'weight': 14.349771744749654, 'Novelty': 0.9455125108685151}
Epoch: 48:
	Train Loss: 0.380 --- Reconstruction Loss: 0.367 --- KL Loss: 17.218 --- Beta: 0.000730
	Validity: 0.41% --- Uniquene@1000: 0.97% --- Unique@10000: 0.86%

{'valid': 0.5927333333333333, 'unique@1000': 0.983, 'unique@10000': 0.8934, 'FCD/Test': 14.273120916030848, 'SNN/Test': 0.5422501608875173, 'Frag/Test': 0.9099608951271836, 'Scaf/Test': 0.2624089117592394, 'FCD/TestSF': 14.688091313904543, 'SNN/TestSF': 0.49850425231934076, 'Frag/TestSF': 0.906499791587028, 'Scaf/TestSF': 0.05472821183247134, 'IntDiv': 0.8386398084763741, 'IntDiv2': 0.8291466371954671, 'Filters': 0.9575413339331909, 'logP': 0.36268727250999394, 'SA': 0.04728389742810929, 'QED': 0.0170468762153387, 'weight': 17.049150418284793, 'Novelty': 0.9447145806967295}
Epoch: 49:
	Train Loss: 0.378 --- Reconstruction Loss: 0.365 --- KL Loss: 16.165 --- Beta: 0.000820
	Validity: 0.59% --- Uniquene@1000: 0.98% --- Unique@10000: 0.89%

{'valid': 0.5589666666666666, 'unique@1000': 0.98, 'unique@10000': 0.8622, 'FCD/Test': 14.551000551441831, 'SNN/Test': 0.5600074016055834, 'Frag/Test': 0.8792050643276913, 'Scaf/Test': 0.2532627195964531, 'FCD/TestSF': 15.1399392986349, 'SNN/TestSF': 0.507872973112601, 'Frag/TestSF': 0.8740822150697609, 'Scaf/TestSF': 0.03872553996964201, 'IntDiv': 0.8338280625204965, 'IntDiv2': 0.8234535406544681, 'Filters': 0.9680958912278609, 'logP': 0.2820682538398542, 'SA': 0.14035411358596098, 'QED': 0.017485421305797975, 'weight': 15.824155805187901, 'Novelty': 0.9295629820051414}
Epoch: 50:
	Train Loss: 0.375 --- Reconstruction Loss: 0.361 --- KL Loss: 15.279 --- Beta: 0.000910
	Validity: 0.56% --- Uniquene@1000: 0.98% --- Unique@10000: 0.86%

{'valid': 0.46619999999999995, 'unique@1000': 0.967, 'unique@10000': 0.8342, 'FCD/Test': 14.91993566705819, 'SNN/Test': 0.5438546930432712, 'Frag/Test': 0.9296652462282624, 'Scaf/Test': 0.22050048830129576, 'FCD/TestSF': 15.566008857690157, 'SNN/TestSF': 0.49017542025616934, 'Frag/TestSF': 0.9238627634791476, 'Scaf/TestSF': 0.03308762447163771, 'IntDiv': 0.840790825424544, 'IntDiv2': 0.8306678989989651, 'Filters': 0.9515229515229515, 'logP': 0.1878487952398843, 'SA': 0.036097457087536707, 'QED': 0.016778850807131894, 'weight': 24.58010995804792, 'Novelty': 0.9373549883990719}
Epoch: 51:
	Train Loss: 0.357 --- Reconstruction Loss: 0.355 --- KL Loss: 28.942 --- Beta: 0.000100
	Validity: 0.47% --- Uniquene@1000: 0.97% --- Unique@10000: 0.83%

{'valid': 0.5992333333333333, 'unique@1000': 0.978, 'unique@10000': 0.8379, 'FCD/Test': 14.94634268566778, 'SNN/Test': 0.5538843360570936, 'Frag/Test': 0.9296347724625016, 'Scaf/Test': 0.20294461740141334, 'FCD/TestSF': 15.66758615222561, 'SNN/TestSF': 0.4993311237219928, 'Frag/TestSF': 0.9227138283193885, 'Scaf/TestSF': 0.0342332678633005, 'IntDiv': 0.8304012360991422, 'IntDiv2': 0.8204460148454177, 'Filters': 0.968237191967514, 'logP': 0.30610827408136915, 'SA': 0.09733809148676263, 'QED': 0.016458371808429118, 'weight': 21.073315332499327, 'Novelty': 0.9322726295420339}
Epoch: 52:
	Train Loss: 0.356 --- Reconstruction Loss: 0.350 --- KL Loss: 28.108 --- Beta: 0.000190
	Validity: 0.60% --- Uniquene@1000: 0.98% --- Unique@10000: 0.84%

{'valid': 0.6798, 'unique@1000': 0.972, 'unique@10000': 0.8449, 'FCD/Test': 14.432964731288742, 'SNN/Test': 0.5614942856292999, 'Frag/Test': 0.92673964096461, 'Scaf/Test': 0.24008729773194337, 'FCD/TestSF': 15.14753441440891, 'SNN/TestSF': 0.5053266979365989, 'Frag/TestSF': 0.9197164584792415, 'Scaf/TestSF': 0.058119160666231906, 'IntDiv': 0.830851183588023, 'IntDiv2': 0.8211432559739409, 'Filters': 0.9661665195645778, 'logP': 0.2091154603434472, 'SA': 0.1457524398714099, 'QED': 0.01516808166853856, 'weight': 25.28327941221279, 'Novelty': 0.9270170526851617}
Epoch: 53:
	Train Loss: 0.355 --- Reconstruction Loss: 0.348 --- KL Loss: 25.444 --- Beta: 0.000280
	Validity: 0.68% --- Uniquene@1000: 0.97% --- Unique@10000: 0.84%

{'valid': 0.6611333333333334, 'unique@1000': 0.978, 'unique@10000': 0.8842, 'FCD/Test': 13.269269331095842, 'SNN/Test': 0.5375603888823559, 'Frag/Test': 0.9425379628968478, 'Scaf/Test': 0.25080657793942407, 'FCD/TestSF': 13.92744459581806, 'SNN/TestSF': 0.4869491475526936, 'Frag/TestSF': 0.9369284905377284, 'Scaf/TestSF': 0.055127344343902096, 'IntDiv': 0.8423086236380022, 'IntDiv2': 0.8330645462584765, 'Filters': 0.9605223353836846, 'logP': 0.23268049953919775, 'SA': 0.01819343078168293, 'QED': 0.01648953119856938, 'weight': 24.546155490190362, 'Novelty': 0.9435681095622401}
Epoch: 54:
	Train Loss: 0.354 --- Reconstruction Loss: 0.345 --- KL Loss: 23.059 --- Beta: 0.000370
	Validity: 0.66% --- Uniquene@1000: 0.98% --- Unique@10000: 0.88%

{'valid': 0.5357333333333334, 'unique@1000': 0.979, 'unique@10000': 0.8603, 'FCD/Test': 14.176189463829687, 'SNN/Test': 0.549586674917977, 'Frag/Test': 0.9286024004985799, 'Scaf/Test': 0.2736924672568821, 'FCD/TestSF': 14.741404645757477, 'SNN/TestSF': 0.4998806226477509, 'Frag/TestSF': 0.923396486368258, 'Scaf/TestSF': 0.046940869697941534, 'IntDiv': 0.8365060431817934, 'IntDiv2': 0.8271879179713542, 'Filters': 0.9588103534096566, 'logP': 0.27056194919586535, 'SA': 0.0692111060977008, 'QED': 0.018394920303930303, 'weight': 24.398800132311674, 'Novelty': 0.9299762761154052}
Epoch: 55:
	Train Loss: 0.354 --- Reconstruction Loss: 0.344 --- KL Loss: 21.051 --- Beta: 0.000460
	Validity: 0.54% --- Uniquene@1000: 0.98% --- Unique@10000: 0.86%

{'valid': 0.48786666666666667, 'unique@1000': 0.976, 'unique@10000': 0.867, 'FCD/Test': 13.45466789807039, 'SNN/Test': 0.5520517512988966, 'Frag/Test': 0.9295665570064634, 'Scaf/Test': 0.3076053387286204, 'FCD/TestSF': 14.119210965987762, 'SNN/TestSF': 0.5054050702209696, 'Frag/TestSF': 0.9238364063804348, 'Scaf/TestSF': 0.04930117617126184, 'IntDiv': 0.8386680360384581, 'IntDiv2': 0.8285154304666238, 'Filters': 0.955588958731894, 'logP': 0.17068139802894391, 'SA': 0.06941693297880824, 'QED': 0.015272495554560735, 'weight': 22.09895629747661, 'Novelty': 0.9283958708831722}
Epoch: 56:
	Train Loss: 0.352 --- Reconstruction Loss: 0.341 --- KL Loss: 19.586 --- Beta: 0.000550
	Validity: 0.49% --- Uniquene@1000: 0.98% --- Unique@10000: 0.87%

{'valid': 0.5942333333333334, 'unique@1000': 0.984, 'unique@10000': 0.8846, 'FCD/Test': 14.004777139900284, 'SNN/Test': 0.5512720999186362, 'Frag/Test': 0.9169855825601477, 'Scaf/Test': 0.3016942895065413, 'FCD/TestSF': 14.621446349537763, 'SNN/TestSF': 0.4989739221090716, 'Frag/TestSF': 0.9101853970340381, 'Scaf/TestSF': 0.06287151401988855, 'IntDiv': 0.8396347518704992, 'IntDiv2': 0.8298503748035462, 'Filters': 0.9649408201043361, 'logP': 0.39384334282272465, 'SA': 0.09005107099564398, 'QED': 0.013607427312295504, 'weight': 20.04031229949439, 'Novelty': 0.933780610533378}
Epoch: 57:
	Train Loss: 0.351 --- Reconstruction Loss: 0.339 --- KL Loss: 18.243 --- Beta: 0.000640
	Validity: 0.59% --- Uniquene@1000: 0.98% --- Unique@10000: 0.88%

{'valid': 0.4736, 'unique@1000': 0.983, 'unique@10000': 0.8942, 'FCD/Test': 13.388493948224315, 'SNN/Test': 0.5451882664032431, 'Frag/Test': 0.9115554330577594, 'Scaf/Test': 0.21808154258240697, 'FCD/TestSF': 13.854069837096375, 'SNN/TestSF': 0.4969999150977143, 'Frag/TestSF': 0.9072299363508076, 'Scaf/TestSF': 0.03110860498316792, 'IntDiv': 0.844612890694004, 'IntDiv2': 0.834897193118494, 'Filters': 0.9569960585585585, 'logP': 0.2748044274135782, 'SA': 0.033041576013185754, 'QED': 0.015851886194817807, 'weight': 19.394629019416115, 'Novelty': 0.9355604683533939}
Epoch: 58:
	Train Loss: 0.349 --- Reconstruction Loss: 0.336 --- KL Loss: 17.100 --- Beta: 0.000730
	Validity: 0.47% --- Uniquene@1000: 0.98% --- Unique@10000: 0.89%

/home/80027464/graphvae/metrics.py:527: UserWarning: Can't compute unique@10000.gen contains only 5630 molecules
  warnings.warn(
{'valid': 0.18766666666666665, 'unique@1000': 0.988, 'unique@10000': 0.9204262877442273, 'FCD/Test': 12.61915138236769, 'SNN/Test': 0.5149644967135485, 'Frag/Test': 0.9051717164443928, 'Scaf/Test': 0.1912381794092417, 'FCD/TestSF': 13.204171124475849, 'SNN/TestSF': 0.47623875708605423, 'Frag/TestSF': 0.9015970913354199, 'Scaf/TestSF': 0.042421682435999974, 'IntDiv': 0.8547536887115356, 'IntDiv2': 0.8444976140073168, 'Filters': 0.9522202486678508, 'logP': 0.14710958463949989, 'SA': 0.15041716023013435, 'QED': 0.01598420000338772, 'weight': 21.849898987913463, 'Novelty': 0.95021227325357}
Epoch: 59:
	Train Loss: 0.348 --- Reconstruction Loss: 0.335 --- KL Loss: 16.107 --- Beta: 0.000820
	Validity: 0.19% --- Uniquene@1000: 0.99% --- Unique@10000: 0.92%

{'valid': 0.49396666666666667, 'unique@1000': 0.98, 'unique@10000': 0.9131, 'FCD/Test': 12.769738144937662, 'SNN/Test': 0.5359599666541883, 'Frag/Test': 0.90843610743942, 'Scaf/Test': 0.3720632925129692, 'FCD/TestSF': 13.449379270760936, 'SNN/TestSF': 0.4892537447464467, 'Frag/TestSF': 0.9031573973600809, 'Scaf/TestSF': 0.0519228732840914, 'IntDiv': 0.8483771889629104, 'IntDiv2': 0.8383779713125763, 'Filters': 0.9648424320129564, 'logP': 0.16073474665917803, 'SA': 0.041136757522170234, 'QED': 0.012394164238141209, 'weight': 20.64592384726979, 'Novelty': 0.9411407306144148}
Epoch: 60:
	Train Loss: 0.347 --- Reconstruction Loss: 0.333 --- KL Loss: 15.365 --- Beta: 0.000910
	Validity: 0.49% --- Uniquene@1000: 0.98% --- Unique@10000: 0.91%

