2024-02-15 07:05:01.513323: E external/local_xla/xla/stream_executor/cuda/cuda_dnn.cc:9261] Unable to register cuDNN factory: Attempting to register factory for plugin cuDNN when one has already been registered
2024-02-15 07:05:01.513382: E external/local_xla/xla/stream_executor/cuda/cuda_fft.cc:607] Unable to register cuFFT factory: Attempting to register factory for plugin cuFFT when one has already been registered
2024-02-15 07:05:01.514265: E external/local_xla/xla/stream_executor/cuda/cuda_blas.cc:1515] Unable to register cuBLAS factory: Attempting to register factory for plugin cuBLAS when one has already been registered
2024-02-15 07:05:01.518475: I tensorflow/core/platform/cpu_feature_guard.cc:182] This TensorFlow binary is optimized to use available CPU instructions in performance-critical operations.
To enable the following instructions: AVX2 FMA, in other operations, rebuild TensorFlow with the appropriate compiler flags.
2024-02-15 07:05:02.645512: W tensorflow/compiler/tf2tensorrt/utils/py_utils.cc:38] TF-TRT Warning: Could not find TensorRT

Arguments:
	data_path: data/moses_train.txt
	max_len: 30
	batch: 128
	d_model: 512
	d_latent: 256
	d_ff: 1024
	e_heads: 1
	d_heads: 8
	n_layers: 8
	dropout: 0.5
	lr: 0.0005
	n_epochs: 100
	kl_type: cyclic
	kl_w_start: 0.0001
	kl_w_end: 0.001
	kl_cycle: 4
	kl_ratio: 1.0
	save_name: klcompare

Number of data: 88192

SMILES Vocab:
	 {'<START>': 0, '<END>': 1, '<PAD>': 2, 'C': 3, 'O': 4, 'c': 5, '1': 6, '(': 7, '=': 8, ')': 9, 'N': 10, 'n': 11, '2': 12, 'F': 13, 'Cl': 14, 'Br': 15, '#': 16, '3': 17, 'S': 18, 'o': 19, '-': 20, 's': 21, '[nH]': 22, '4': 23}

Graph Vocab:
	 {'C': 0, 'O': 1, 'N': 2, 'F': 3, 'Cl': 4, 'Br': 5, 'S': 6}


KL Annealer: [0.0001   0.000136 0.000172 0.000208 0.000244 0.00028  0.000316 0.000352
 0.000388 0.000424 0.00046  0.000496 0.000532 0.000568 0.000604 0.00064
 0.000676 0.000712 0.000748 0.000784 0.00082  0.000856 0.000892 0.000928
 0.000964 0.0001   0.000136 0.000172 0.000208 0.000244 0.00028  0.000316
 0.000352 0.000388 0.000424 0.00046  0.000496 0.000532 0.000568 0.000604
 0.00064  0.000676 0.000712 0.000748 0.000784 0.00082  0.000856 0.000892
 0.000928 0.000964 0.0001   0.000136 0.000172 0.000208 0.000244 0.00028
 0.000316 0.000352 0.000388 0.000424 0.00046  0.000496 0.000532 0.000568
 0.000604 0.00064  0.000676 0.000712 0.000748 0.000784 0.00082  0.000856
 0.000892 0.000928 0.000964 0.0001   0.000136 0.000172 0.000208 0.000244
 0.00028  0.000316 0.000352 0.000388 0.000424 0.00046  0.000496 0.000532
 0.000568 0.000604 0.00064  0.000676 0.000712 0.000748 0.000784 0.00082
 0.000856 0.000892 0.000928 0.000964]




#########################################################################
######################### START TRAINING ################################
#########################################################################




{'valid': 0.7224666666666666, 'unique@1000': 0.358, 'unique@10000': 0.1422, 'FCD/Test': 33.40141057096106, 'SNN/Test': 0.6596663688710225, 'Frag/Test': 0.8187347080912036, 'Scaf/Test': 0.20379477785616262, 'FCD/TestSF': 34.98904865593837, 'SNN/TestSF': 0.5311096927919896, 'Frag/TestSF': 0.8054858297889732, 'Scaf/TestSF': 0.002986283919811261, 'IntDiv': 0.6722130322820525, 'IntDiv2': 0.64238881914169, 'Filters': 0.9946941035341884, 'logP': 0.22558284609722834, 'SA': 0.5423591068643046, 'QED': 0.07649054923787915, 'weight': 7.230597583719887, 'Novelty': 0.9152863227638429}
Epoch: 31:
	Train Loss: 0.498 --- Reconstruction Loss: 0.479 --- KL Loss: 70.060 --- Beta: 0.000280
	Validity: 0.72% --- Uniquene@1000: 0.36% --- Unique@10000: 0.14%

{'valid': 0.7276333333333334, 'unique@1000': 0.396, 'unique@10000': 0.1559, 'FCD/Test': 29.74546150032255, 'SNN/Test': 0.6743164684622968, 'Frag/Test': 0.8566432717636042, 'Scaf/Test': 0.10563223577088032, 'FCD/TestSF': 31.38338680198619, 'SNN/TestSF': 0.5250740339817831, 'Frag/TestSF': 0.8434141885720526, 'Scaf/TestSF': 0.009314888454895254, 'IntDiv': 0.712436781887199, 'IntDiv2': 0.6798813459192732, 'Filters': 0.9980759540061386, 'logP': 0.19544045515629638, 'SA': 0.4781254084016884, 'QED': 0.04362921254813498, 'weight': 14.418569810742952, 'Novelty': 0.8776132404181185}
Epoch: 32:
	Train Loss: 0.492 --- Reconstruction Loss: 0.472 --- KL Loss: 62.962 --- Beta: 0.000316
	Validity: 0.73% --- Uniquene@1000: 0.40% --- Unique@10000: 0.16%

{'valid': 0.6617666666666666, 'unique@1000': 0.39, 'unique@10000': 0.1578, 'FCD/Test': 33.678102946369634, 'SNN/Test': 0.5931394166780204, 'Frag/Test': 0.7929454119054109, 'Scaf/Test': 0.1317852828857634, 'FCD/TestSF': 34.90415152018565, 'SNN/TestSF': 0.5418266361440537, 'Frag/TestSF': 0.7833828815488142, 'Scaf/TestSF': 0.001750766808005122, 'IntDiv': 0.6708400834918198, 'IntDiv2': 0.6415744049908263, 'Filters': 0.9978844507127387, 'logP': 0.42249509355965525, 'SA': 0.3422858517012985, 'QED': 0.11340975297781324, 'weight': 23.71333158497724, 'Novelty': 0.9154557463672391}
Epoch: 33:
	Train Loss: 0.630 --- Reconstruction Loss: 0.501 --- KL Loss: 365.535 --- Beta: 0.000352
	Validity: 0.66% --- Uniquene@1000: 0.39% --- Unique@10000: 0.16%

{'valid': 0.5525333333333333, 'unique@1000': 0.502, 'unique@10000': 0.221, 'FCD/Test': 27.804945887774693, 'SNN/Test': 0.6299623968852792, 'Frag/Test': 0.8254242602557094, 'Scaf/Test': 0.12245239057412838, 'FCD/TestSF': 29.289456730078783, 'SNN/TestSF': 0.5329660291075131, 'Frag/TestSF': 0.8114202722539848, 'Scaf/TestSF': 0.005825685749940912, 'IntDiv': 0.7063693419187209, 'IntDiv2': 0.6842734356852186, 'Filters': 0.9928812741312741, 'logP': 0.3062323412923792, 'SA': 0.4123757106640708, 'QED': 0.10617396994281682, 'weight': 22.98205584612812, 'Novelty': 0.9128532974427994}
Epoch: 34:
	Train Loss: 0.492 --- Reconstruction Loss: 0.464 --- KL Loss: 71.745 --- Beta: 0.000388
	Validity: 0.55% --- Uniquene@1000: 0.50% --- Unique@10000: 0.22%

{'valid': 0.5399666666666667, 'unique@1000': 0.622, 'unique@10000': 0.2777, 'FCD/Test': 22.958231553278267, 'SNN/Test': 0.6198129740491518, 'Frag/Test': 0.8743349982199992, 'Scaf/Test': 0.17195491051086642, 'FCD/TestSF': 24.111992620522003, 'SNN/TestSF': 0.5391586360202704, 'Frag/TestSF': 0.8640860246395193, 'Scaf/TestSF': 0.05365883792356696, 'IntDiv': 0.7783659872589528, 'IntDiv2': 0.7557445670566304, 'Filters': 0.9964195320698809, 'logP': 0.39365979761269543, 'SA': 0.3538612614320918, 'QED': 0.057851897245049466, 'weight': 22.56227552065233, 'Novelty': 0.8774211400110681}
Epoch: 35:
	Train Loss: 0.478 --- Reconstruction Loss: 0.456 --- KL Loss: 54.122 --- Beta: 0.000424
	Validity: 0.54% --- Uniquene@1000: 0.62% --- Unique@10000: 0.28%

{'valid': 0.48619999999999997, 'unique@1000': 0.641, 'unique@10000': 0.2764, 'FCD/Test': 23.5829954901388, 'SNN/Test': 0.6402523968464289, 'Frag/Test': 0.8361763502350458, 'Scaf/Test': 0.17304330355138198, 'FCD/TestSF': 24.780545247860474, 'SNN/TestSF': 0.5515018698018584, 'Frag/TestSF': 0.8222692875328066, 'Scaf/TestSF': 0.021910124663139685, 'IntDiv': 0.782975022834512, 'IntDiv2': 0.7620224768378447, 'Filters': 0.9958179075826135, 'logP': 0.2256942885418624, 'SA': 0.325451518818358, 'QED': 0.05432282881044181, 'weight': 24.506012197998068, 'Novelty': 0.8793955245568149}
Epoch: 36:
	Train Loss: 0.469 --- Reconstruction Loss: 0.448 --- KL Loss: 46.184 --- Beta: 0.000460
	Validity: 0.49% --- Uniquene@1000: 0.64% --- Unique@10000: 0.28%

{'valid': 0.5784666666666667, 'unique@1000': 0.634, 'unique@10000': 0.3263, 'FCD/Test': 23.68195447528464, 'SNN/Test': 0.6086166177056167, 'Frag/Test': 0.8825416347395855, 'Scaf/Test': 0.11301942854727443, 'FCD/TestSF': 24.474499945587937, 'SNN/TestSF': 0.5284097153971213, 'Frag/TestSF': 0.8735272977930687, 'Scaf/TestSF': 0.022527908232721106, 'IntDiv': 0.7955927585713474, 'IntDiv2': 0.7691383153607432, 'Filters': 0.9959087242134378, 'logP': 0.6131676197708225, 'SA': 0.31171344918384297, 'QED': 0.034505477020796975, 'weight': 16.09217714448719, 'Novelty': 0.9176236749116607}
Epoch: 37:
	Train Loss: 0.460 --- Reconstruction Loss: 0.440 --- KL Loss: 39.618 --- Beta: 0.000496
	Validity: 0.58% --- Uniquene@1000: 0.63% --- Unique@10000: 0.33%

{'valid': 0.6826333333333333, 'unique@1000': 0.647, 'unique@10000': 0.3483, 'FCD/Test': 24.105235534042777, 'SNN/Test': 0.6082870972590775, 'Frag/Test': 0.8915655522512723, 'Scaf/Test': 0.12554360869563086, 'FCD/TestSF': 24.884077189902115, 'SNN/TestSF': 0.5299193788054423, 'Frag/TestSF': 0.88310238141452, 'Scaf/TestSF': 0.004242714990298269, 'IntDiv': 0.78640276137746, 'IntDiv2': 0.7610212303488385, 'Filters': 0.9908198642511842, 'logP': 0.6599594113187364, 'SA': 0.3218449781464706, 'QED': 0.03150962123537412, 'weight': 15.613178337852379, 'Novelty': 0.911143481427531}
Epoch: 38:
	Train Loss: 0.452 --- Reconstruction Loss: 0.433 --- KL Loss: 34.800 --- Beta: 0.000532
	Validity: 0.68% --- Uniquene@1000: 0.65% --- Unique@10000: 0.35%

{'valid': 0.7391666666666667, 'unique@1000': 0.718, 'unique@10000': 0.3901, 'FCD/Test': 20.736858833383423, 'SNN/Test': 0.6274957343946046, 'Frag/Test': 0.8966305464994662, 'Scaf/Test': 0.2231289375235025, 'FCD/TestSF': 21.296059190735306, 'SNN/TestSF': 0.5643534215569093, 'Frag/TestSF': 0.8885243539133497, 'Scaf/TestSF': 0.044763804866291834, 'IntDiv': 0.7934094176767366, 'IntDiv2': 0.775681705602694, 'Filters': 0.9792559188275085, 'logP': 0.4746241784315091, 'SA': 0.3412572813468888, 'QED': 0.034648573342651846, 'weight': 17.50951823094061, 'Novelty': 0.8960190136660725}
Epoch: 39:
	Train Loss: 0.444 --- Reconstruction Loss: 0.426 --- KL Loss: 31.100 --- Beta: 0.000568
	Validity: 0.74% --- Uniquene@1000: 0.72% --- Unique@10000: 0.39%

{'valid': 0.5456333333333334, 'unique@1000': 0.712, 'unique@10000': 0.3622, 'FCD/Test': 24.655326249145375, 'SNN/Test': 0.5978784528121419, 'Frag/Test': 0.7737499580438271, 'Scaf/Test': 0.14755218603136333, 'FCD/TestSF': 25.647024581753996, 'SNN/TestSF': 0.5219798163985994, 'Frag/TestSF': 0.7587058274846397, 'Scaf/TestSF': 0.038659961272822674, 'IntDiv': 0.7738898163078402, 'IntDiv2': 0.7550658916527366, 'Filters': 0.971592644633148, 'logP': 0.2557554315282517, 'SA': 0.23812063662559071, 'QED': 0.08327488482126037, 'weight': 10.23299503601144, 'Novelty': 0.9187091503267973}
Epoch: 40:
	Train Loss: 0.437 --- Reconstruction Loss: 0.420 --- KL Loss: 28.203 --- Beta: 0.000604
	Validity: 0.55% --- Uniquene@1000: 0.71% --- Unique@10000: 0.36%

{'valid': 0.6225333333333334, 'unique@1000': 0.693, 'unique@10000': 0.3974, 'FCD/Test': 22.97719846126749, 'SNN/Test': 0.6052014193375722, 'Frag/Test': 0.8640559134618373, 'Scaf/Test': 0.17703637684584672, 'FCD/TestSF': 23.65294938842184, 'SNN/TestSF': 0.5387757920537803, 'Frag/TestSF': 0.8545934012953406, 'Scaf/TestSF': 0.028937148742072427, 'IntDiv': 0.7928835055537558, 'IntDiv2': 0.7682782660875243, 'Filters': 0.9922360248447205, 'logP': 0.5313289339075936, 'SA': 0.31251119347233886, 'QED': 0.03915825940848163, 'weight': 12.238329397049268, 'Novelty': 0.9179229480737019}
Epoch: 41:
	Train Loss: 0.430 --- Reconstruction Loss: 0.414 --- KL Loss: 26.066 --- Beta: 0.000640
	Validity: 0.62% --- Uniquene@1000: 0.69% --- Unique@10000: 0.40%

{'valid': 0.5334333333333333, 'unique@1000': 0.795, 'unique@10000': 0.4774, 'FCD/Test': 21.05662042785376, 'SNN/Test': 0.6111128145211608, 'Frag/Test': 0.8965891309214336, 'Scaf/Test': 0.2370248883384719, 'FCD/TestSF': 21.642985339584236, 'SNN/TestSF': 0.5430023284235693, 'Frag/TestSF': 0.8884245640108309, 'Scaf/TestSF': 0.03482076491407138, 'IntDiv': 0.7999445567065055, 'IntDiv2': 0.7842315290561941, 'Filters': 0.987627319877523, 'logP': 0.5999689369318182, 'SA': 0.29440089215320686, 'QED': 0.04084430142624321, 'weight': 7.921529489605926, 'Novelty': 0.9166161309884778}
Epoch: 42:
	Train Loss: 0.424 --- Reconstruction Loss: 0.408 --- KL Loss: 24.383 --- Beta: 0.000676
	Validity: 0.53% --- Uniquene@1000: 0.80% --- Unique@10000: 0.48%

{'valid': 0.7709333333333334, 'unique@1000': 0.799, 'unique@10000': 0.5026, 'FCD/Test': 21.15491066246028, 'SNN/Test': 0.6197341241597077, 'Frag/Test': 0.9036547165169306, 'Scaf/Test': 0.22729844284769762, 'FCD/TestSF': 21.807594042815182, 'SNN/TestSF': 0.5501665724405973, 'Frag/TestSF': 0.8970023250455469, 'Scaf/TestSF': 0.03724575406299169, 'IntDiv': 0.8029170283091218, 'IntDiv2': 0.7876466409730276, 'Filters': 0.9885420269802836, 'logP': 0.4983030183998867, 'SA': 0.3542075533049434, 'QED': 0.024773749242038207, 'weight': 14.5191752899423, 'Novelty': 0.8848625886524822}
Epoch: 43:
	Train Loss: 0.417 --- Reconstruction Loss: 0.401 --- KL Loss: 22.887 --- Beta: 0.000712
	Validity: 0.77% --- Uniquene@1000: 0.80% --- Unique@10000: 0.50%

{'valid': 0.7221333333333333, 'unique@1000': 0.815, 'unique@10000': 0.5379, 'FCD/Test': 20.004625361833796, 'SNN/Test': 0.6312106864023376, 'Frag/Test': 0.9105256345643502, 'Scaf/Test': 0.2720690876176546, 'FCD/TestSF': 20.66877581337009, 'SNN/TestSF': 0.5558201168365281, 'Frag/TestSF': 0.9024502429353837, 'Scaf/TestSF': 0.043929349070269796, 'IntDiv': 0.7911260409844418, 'IntDiv2': 0.776410851383869, 'Filters': 0.9937684638109305, 'logP': 0.5376217122850264, 'SA': 0.37022830744964397, 'QED': 0.03343029829210512, 'weight': 11.971205092942254, 'Novelty': 0.8880645161290323}
Epoch: 44:
	Train Loss: 0.410 --- Reconstruction Loss: 0.394 --- KL Loss: 21.228 --- Beta: 0.000748
	Validity: 0.72% --- Uniquene@1000: 0.81% --- Unique@10000: 0.54%

{'valid': 0.7903, 'unique@1000': 0.868, 'unique@10000': 0.5815, 'FCD/Test': 18.63430663419865, 'SNN/Test': 0.6202572867619333, 'Frag/Test': 0.8979166537515648, 'Scaf/Test': 0.2350000682731046, 'FCD/TestSF': 19.461661103244367, 'SNN/TestSF': 0.5457135093808451, 'Frag/TestSF': 0.8889492964461102, 'Scaf/TestSF': 0.027433015825357843, 'IntDiv': 0.79923873234453, 'IntDiv2': 0.7858151343250475, 'Filters': 0.9822008519971319, 'logP': 0.46071492923968926, 'SA': 0.31902737122244657, 'QED': 0.027226495812134252, 'weight': 13.067981654875492, 'Novelty': 0.9031517044932463}
Epoch: 45:
	Train Loss: 0.404 --- Reconstruction Loss: 0.388 --- KL Loss: 20.064 --- Beta: 0.000784
	Validity: 0.79% --- Uniquene@1000: 0.87% --- Unique@10000: 0.58%

{'valid': 0.7721333333333333, 'unique@1000': 0.881, 'unique@10000': 0.63, 'FCD/Test': 18.183827289773035, 'SNN/Test': 0.6269248689876548, 'Frag/Test': 0.9297265508700601, 'Scaf/Test': 0.24550170424682904, 'FCD/TestSF': 18.775020525807733, 'SNN/TestSF': 0.5562379220560093, 'Frag/TestSF': 0.9232766181321402, 'Scaf/TestSF': 0.030914481574307207, 'IntDiv': 0.8041032316416195, 'IntDiv2': 0.7910309008334977, 'Filters': 0.9869193576238992, 'logP': 0.5843797100870454, 'SA': 0.3322924299585322, 'QED': 0.026750471566298128, 'weight': 9.412256998762587, 'Novelty': 0.899313692668229}
Epoch: 46:
	Train Loss: 0.398 --- Reconstruction Loss: 0.382 --- KL Loss: 18.855 --- Beta: 0.000820
	Validity: 0.77% --- Uniquene@1000: 0.88% --- Unique@10000: 0.63%

{'valid': 0.7691, 'unique@1000': 0.891, 'unique@10000': 0.629, 'FCD/Test': 18.41370090924972, 'SNN/Test': 0.6280164802578952, 'Frag/Test': 0.9300158180148818, 'Scaf/Test': 0.2887009428177103, 'FCD/TestSF': 19.08755906574943, 'SNN/TestSF': 0.5546509858401809, 'Frag/TestSF': 0.9245042427828476, 'Scaf/TestSF': 0.022350081902923313, 'IntDiv': 0.8035396988300558, 'IntDiv2': 0.7906544323560958, 'Filters': 0.9831404672127595, 'logP': 0.5988998024570525, 'SA': 0.33975971664051485, 'QED': 0.030885295020808345, 'weight': 12.770588122092049, 'Novelty': 0.8808859582382281}
Epoch: 47:
	Train Loss: 0.393 --- Reconstruction Loss: 0.378 --- KL Loss: 17.719 --- Beta: 0.000856
	Validity: 0.77% --- Uniquene@1000: 0.89% --- Unique@10000: 0.63%

{'valid': 0.8687, 'unique@1000': 0.912, 'unique@10000': 0.6606, 'FCD/Test': 18.06852736208898, 'SNN/Test': 0.60887506298521, 'Frag/Test': 0.8836110340554911, 'Scaf/Test': 0.19687650069033125, 'FCD/TestSF': 18.865751444222575, 'SNN/TestSF': 0.5319703644884368, 'Frag/TestSF': 0.8732224103048967, 'Scaf/TestSF': 0.023634926181353544, 'IntDiv': 0.8027021818208608, 'IntDiv2': 0.788751525324946, 'Filters': 0.9812747016614866, 'logP': 0.347840599782046, 'SA': 0.2791231927977676, 'QED': 0.03517053980800238, 'weight': 12.690553859747281, 'Novelty': 0.9016548808048407}
Epoch: 48:
	Train Loss: 0.388 --- Reconstruction Loss: 0.373 --- KL Loss: 17.015 --- Beta: 0.000892
	Validity: 0.87% --- Uniquene@1000: 0.91% --- Unique@10000: 0.66%

slurmstepd: error: *** JOB 8257231 ON hpctpa3pc0060 CANCELLED AT 2024-02-15T10:04:48 ***
