2024-02-15 06:55:50.878069: E external/local_xla/xla/stream_executor/cuda/cuda_dnn.cc:9261] Unable to register cuDNN factory: Attempting to register factory for plugin cuDNN when one has already been registered
2024-02-15 06:55:50.878121: E external/local_xla/xla/stream_executor/cuda/cuda_fft.cc:607] Unable to register cuFFT factory: Attempting to register factory for plugin cuFFT when one has already been registered
2024-02-15 06:55:50.879048: E external/local_xla/xla/stream_executor/cuda/cuda_blas.cc:1515] Unable to register cuBLAS factory: Attempting to register factory for plugin cuBLAS when one has already been registered
2024-02-15 06:55:50.883540: I tensorflow/core/platform/cpu_feature_guard.cc:182] This TensorFlow binary is optimized to use available CPU instructions in performance-critical operations.
To enable the following instructions: AVX2 FMA, in other operations, rebuild TensorFlow with the appropriate compiler flags.
2024-02-15 06:55:52.325883: W tensorflow/compiler/tf2tensorrt/utils/py_utils.cc:38] TF-TRT Warning: Could not find TensorRT

Arguments:
	data_path: data/moses_train.txt
	max_len: 30
	batch: 128
	d_model: 512
	d_latent: 256
	d_ff: 1024
	e_heads: 1
	d_heads: 8
	n_layers: 8
	dropout: 0.5
	lr: 0.0005
	n_epochs: 100
	kl_type: cyclic
	kl_w_start: 0.0001
	kl_w_end: 0.001
	kl_cycle: 2
	kl_ratio: 1.0
	save_name: klcompare

Number of data: 88192

SMILES Vocab:
	 {'<START>': 0, '<END>': 1, '<PAD>': 2, 'C': 3, 'O': 4, 'c': 5, '1': 6, '(': 7, '=': 8, ')': 9, 'N': 10, 'n': 11, '2': 12, 'F': 13, 'Cl': 14, 'Br': 15, '#': 16, '3': 17, 'S': 18, 'o': 19, '-': 20, 's': 21, '[nH]': 22, '4': 23}

Graph Vocab:
	 {'C': 0, 'O': 1, 'N': 2, 'F': 3, 'Cl': 4, 'Br': 5, 'S': 6}


KL Annealer: [0.0001   0.000118 0.000136 0.000154 0.000172 0.00019  0.000208 0.000226
 0.000244 0.000262 0.00028  0.000298 0.000316 0.000334 0.000352 0.00037
 0.000388 0.000406 0.000424 0.000442 0.00046  0.000478 0.000496 0.000514
 0.000532 0.00055  0.000568 0.000586 0.000604 0.000622 0.00064  0.000658
 0.000676 0.000694 0.000712 0.00073  0.000748 0.000766 0.000784 0.000802
 0.00082  0.000838 0.000856 0.000874 0.000892 0.00091  0.000928 0.000946
 0.000964 0.000982 0.0001   0.000118 0.000136 0.000154 0.000172 0.00019
 0.000208 0.000226 0.000244 0.000262 0.00028  0.000298 0.000316 0.000334
 0.000352 0.00037  0.000388 0.000406 0.000424 0.000442 0.00046  0.000478
 0.000496 0.000514 0.000532 0.00055  0.000568 0.000586 0.000604 0.000622
 0.00064  0.000658 0.000676 0.000694 0.000712 0.00073  0.000748 0.000766
 0.000784 0.000802 0.00082  0.000838 0.000856 0.000874 0.000892 0.00091
 0.000928 0.000946 0.000964 0.000982]




#########################################################################
######################### START TRAINING ################################
#########################################################################




{'valid': 0.5715666666666667, 'unique@1000': 0.454, 'unique@10000': 0.1895, 'FCD/Test': 27.691509763842504, 'SNN/Test': 0.6229076927508558, 'Frag/Test': 0.8600505585857664, 'Scaf/Test': 0.1916144428591423, 'FCD/TestSF': 28.377344524916836, 'SNN/TestSF': 0.584892146888541, 'Frag/TestSF': 0.8522627408557258, 'Scaf/TestSF': 0.022798339363170106, 'IntDiv': 0.7402585336143792, 'IntDiv2': 0.7088517212007373, 'Filters': 0.9918353064676037, 'logP': 0.7592508685005099, 'SA': 0.46349958798592206, 'QED': 0.09617134007971101, 'weight': 10.458690594750715, 'Novelty': 0.9206924315619968}
Epoch: 31:
	Train Loss: 0.537 --- Reconstruction Loss: 0.485 --- KL Loss: 82.638 --- Beta: 0.000640
	Validity: 0.57% --- Uniquene@1000: 0.45% --- Unique@10000: 0.19%

{'valid': 0.7639333333333334, 'unique@1000': 0.481, 'unique@10000': 0.1932, 'FCD/Test': 27.69324511855021, 'SNN/Test': 0.630940080187075, 'Frag/Test': 0.8667332307096366, 'Scaf/Test': 0.13102545585443437, 'FCD/TestSF': 28.25530730262625, 'SNN/TestSF': 0.5719726677444013, 'Frag/TestSF': 0.8585194614182231, 'Scaf/TestSF': 0.01771717733604483, 'IntDiv': 0.7447098043168534, 'IntDiv2': 0.7080813948411724, 'Filters': 0.9946766733571865, 'logP': 0.7991445904142218, 'SA': 0.4405478217626107, 'QED': 0.06945842020732422, 'weight': 12.2212140354407, 'Novelty': 0.898976109215017}
Epoch: 32:
	Train Loss: 0.515 --- Reconstruction Loss: 0.479 --- KL Loss: 54.806 --- Beta: 0.000658
	Validity: 0.76% --- Uniquene@1000: 0.48% --- Unique@10000: 0.19%

{'valid': 0.7897000000000001, 'unique@1000': 0.5, 'unique@10000': 0.2291, 'FCD/Test': 27.515043202405067, 'SNN/Test': 0.6214426808915572, 'Frag/Test': 0.8310192863752037, 'Scaf/Test': 0.19161375276788406, 'FCD/TestSF': 28.73169455624687, 'SNN/TestSF': 0.5447350134511308, 'Frag/TestSF': 0.82010682202362, 'Scaf/TestSF': 0.00645291012550564, 'IntDiv': 0.7108301102834813, 'IntDiv2': 0.682989198250795, 'Filters': 0.9758980203452788, 'logP': 0.21337922091046232, 'SA': 0.41806075564703843, 'QED': 0.12126778061067345, 'weight': 9.551420375142962, 'Novelty': 0.9263952547856565}
Epoch: 33:
	Train Loss: 0.499 --- Reconstruction Loss: 0.471 --- KL Loss: 41.003 --- Beta: 0.000676
	Validity: 0.79% --- Uniquene@1000: 0.50% --- Unique@10000: 0.23%

{'valid': 0.8313, 'unique@1000': 0.54, 'unique@10000': 0.2365, 'FCD/Test': 27.050913871766625, 'SNN/Test': 0.630139597610223, 'Frag/Test': 0.8854432724331741, 'Scaf/Test': 0.2006938848741635, 'FCD/TestSF': 27.814607812020895, 'SNN/TestSF': 0.5545956864346574, 'Frag/TestSF': 0.8770064226056868, 'Scaf/TestSF': 0.0062999630122059225, 'IntDiv': 0.761602525359361, 'IntDiv2': 0.733055094994796, 'Filters': 0.9943462047395646, 'logP': 0.6338619995858359, 'SA': 0.4406959653479687, 'QED': 0.034037283569207946, 'weight': 14.521499874242512, 'Novelty': 0.8992028799177166}
Epoch: 34:
	Train Loss: 0.488 --- Reconstruction Loss: 0.464 --- KL Loss: 35.326 --- Beta: 0.000694
	Validity: 0.83% --- Uniquene@1000: 0.54% --- Unique@10000: 0.24%

{'valid': 0.7252666666666667, 'unique@1000': 0.648, 'unique@10000': 0.2876, 'FCD/Test': 22.91564918950928, 'SNN/Test': 0.625649858881461, 'Frag/Test': 0.8595984025654522, 'Scaf/Test': 0.21940294987637377, 'FCD/TestSF': 24.029810561747695, 'SNN/TestSF': 0.5406515322764663, 'Frag/TestSF': 0.8481069434340917, 'Scaf/TestSF': 0.012104099800310575, 'IntDiv': 0.77533686188042, 'IntDiv2': 0.7500486707963475, 'Filters': 0.9936575052854123, 'logP': 0.2852914272923617, 'SA': 0.4019505125470857, 'QED': 0.06437694852774334, 'weight': 12.29582233257385, 'Novelty': 0.890683779597256}
Epoch: 35:
	Train Loss: 0.478 --- Reconstruction Loss: 0.456 --- KL Loss: 31.282 --- Beta: 0.000712
	Validity: 0.73% --- Uniquene@1000: 0.65% --- Unique@10000: 0.29%

{'valid': 0.7707666666666666, 'unique@1000': 0.704, 'unique@10000': 0.353, 'FCD/Test': 22.74284480853494, 'SNN/Test': 0.6198511335713452, 'Frag/Test': 0.8450446246108292, 'Scaf/Test': 0.1875097343415575, 'FCD/TestSF': 23.731217157103956, 'SNN/TestSF': 0.5413579314319453, 'Frag/TestSF': 0.8349236483995591, 'Scaf/TestSF': 0.008030257947602593, 'IntDiv': 0.7826666899403469, 'IntDiv2': 0.7592363400792601, 'Filters': 0.9897937118885958, 'logP': 0.49396782185400345, 'SA': 0.3617402480427277, 'QED': 0.046368083333657044, 'weight': 8.38635594124806, 'Novelty': 0.9155677342010619}
Epoch: 36:
	Train Loss: 0.469 --- Reconstruction Loss: 0.449 --- KL Loss: 27.953 --- Beta: 0.000730
	Validity: 0.77% --- Uniquene@1000: 0.70% --- Unique@10000: 0.35%

{'valid': 0.7683333333333333, 'unique@1000': 0.721, 'unique@10000': 0.3689, 'FCD/Test': 22.095860621807972, 'SNN/Test': 0.6307750868344772, 'Frag/Test': 0.8785127013130283, 'Scaf/Test': 0.24002369587662464, 'FCD/TestSF': 22.9653938862676, 'SNN/TestSF': 0.560558673209327, 'Frag/TestSF': 0.8703097651121825, 'Scaf/TestSF': 0.017262681903355226, 'IntDiv': 0.788583092331836, 'IntDiv2': 0.7677883408622871, 'Filters': 0.9928416485900217, 'logP': 0.5214012329793161, 'SA': 0.39638475917692817, 'QED': 0.03214859548935727, 'weight': 15.690568817669535, 'Novelty': 0.9025188092901537}
Epoch: 37:
	Train Loss: 0.461 --- Reconstruction Loss: 0.441 --- KL Loss: 26.404 --- Beta: 0.000748
	Validity: 0.77% --- Uniquene@1000: 0.72% --- Unique@10000: 0.37%

{'valid': 0.8425, 'unique@1000': 0.682, 'unique@10000': 0.3639, 'FCD/Test': 22.939001524437913, 'SNN/Test': 0.6359250740681864, 'Frag/Test': 0.8880774189830837, 'Scaf/Test': 0.21166082613025372, 'FCD/TestSF': 23.74671729093835, 'SNN/TestSF': 0.5659142868820685, 'Frag/TestSF': 0.8822065233086168, 'Scaf/TestSF': 0.015551324799979116, 'IntDiv': 0.7772883512619857, 'IntDiv2': 0.758659080122003, 'Filters': 0.993353115727003, 'logP': 0.5255335769513803, 'SA': 0.3869636409076915, 'QED': 0.035803625406779956, 'weight': 10.253948269799405, 'Novelty': 0.90171875}
Epoch: 38:
	Train Loss: 0.452 --- Reconstruction Loss: 0.434 --- KL Loss: 24.568 --- Beta: 0.000766
	Validity: 0.84% --- Uniquene@1000: 0.68% --- Unique@10000: 0.36%

{'valid': 0.8718666666666667, 'unique@1000': 0.715, 'unique@10000': 0.4067, 'FCD/Test': 21.761260276959746, 'SNN/Test': 0.6414695682260746, 'Frag/Test': 0.8974846968117285, 'Scaf/Test': 0.36372276160338524, 'FCD/TestSF': 22.37552078674407, 'SNN/TestSF': 0.5696749170166233, 'Frag/TestSF': 0.889163691954185, 'Scaf/TestSF': 0.018244277359716343, 'IntDiv': 0.7826919168780182, 'IntDiv2': 0.764882329959706, 'Filters': 0.9845924453280318, 'logP': 0.5777700627387657, 'SA': 0.43132358666591886, 'QED': 0.03357299271312371, 'weight': 14.01536411992424, 'Novelty': 0.8783284998681782}
Epoch: 39:
	Train Loss: 0.443 --- Reconstruction Loss: 0.425 --- KL Loss: 23.243 --- Beta: 0.000784
	Validity: 0.87% --- Uniquene@1000: 0.71% --- Unique@10000: 0.41%

{'valid': 0.6605, 'unique@1000': 0.798, 'unique@10000': 0.4712, 'FCD/Test': 22.040915422871066, 'SNN/Test': 0.6110581769520305, 'Frag/Test': 0.8217565198997908, 'Scaf/Test': 0.2394267973314661, 'FCD/TestSF': 23.12451445368471, 'SNN/TestSF': 0.5239987951748726, 'Frag/TestSF': 0.8089765486523561, 'Scaf/TestSF': 0.022166509736301743, 'IntDiv': 0.7861053774629517, 'IntDiv2': 0.7704935495646891, 'Filters': 0.9884430986626294, 'logP': 0.15111437625986301, 'SA': 0.22603024300144808, 'QED': 0.055503829877844954, 'weight': 12.83698878643149, 'Novelty': 0.9020274867328888}
Epoch: 40:
	Train Loss: 0.435 --- Reconstruction Loss: 0.417 --- KL Loss: 22.534 --- Beta: 0.000802
	Validity: 0.66% --- Uniquene@1000: 0.80% --- Unique@10000: 0.47%

{'valid': 0.8348666666666666, 'unique@1000': 0.795, 'unique@10000': 0.4669, 'FCD/Test': 19.016265767280686, 'SNN/Test': 0.6324851028963294, 'Frag/Test': 0.9041225399487933, 'Scaf/Test': 0.3480116613233918, 'FCD/TestSF': 19.876576000918618, 'SNN/TestSF': 0.5600429299296943, 'Frag/TestSF': 0.8955199073937624, 'Scaf/TestSF': 0.0329309484674708, 'IntDiv': 0.7941953548805458, 'IntDiv2': 0.7778691435456219, 'Filters': 0.9899784396710053, 'logP': 0.3919165242287529, 'SA': 0.368324306125538, 'QED': 0.030125372937326037, 'weight': 15.1631784188706, 'Novelty': 0.8779806909386996}
Epoch: 41:
	Train Loss: 0.428 --- Reconstruction Loss: 0.410 --- KL Loss: 21.841 --- Beta: 0.000820
	Validity: 0.83% --- Uniquene@1000: 0.80% --- Unique@10000: 0.47%

{'valid': 0.7130333333333334, 'unique@1000': 0.815, 'unique@10000': 0.547, 'FCD/Test': 17.672614982800155, 'SNN/Test': 0.6290917154794254, 'Frag/Test': 0.9254556680580661, 'Scaf/Test': 0.25949380981573433, 'FCD/TestSF': 18.127408962467705, 'SNN/TestSF': 0.578208102876656, 'Frag/TestSF': 0.9184670790089654, 'Scaf/TestSF': 0.05632623648466084, 'IntDiv': 0.7969671608001367, 'IntDiv2': 0.7839790877648823, 'Filters': 0.9871441260343135, 'logP': 0.38690040626820404, 'SA': 0.35618862401461365, 'QED': 0.02990627441802811, 'weight': 18.90320772172141, 'Novelty': 0.8842939790014999}
Epoch: 42:
	Train Loss: 0.419 --- Reconstruction Loss: 0.402 --- KL Loss: 20.810 --- Beta: 0.000838
	Validity: 0.71% --- Uniquene@1000: 0.81% --- Unique@10000: 0.55%

{'valid': 0.7211333333333334, 'unique@1000': 0.836, 'unique@10000': 0.5459, 'FCD/Test': 17.99433269561242, 'SNN/Test': 0.6224482435789216, 'Frag/Test': 0.9156409247023967, 'Scaf/Test': 0.23322398480868956, 'FCD/TestSF': 18.57188195400787, 'SNN/TestSF': 0.5571515718570553, 'Frag/TestSF': 0.9088889016987344, 'Scaf/TestSF': 0.044046235050814286, 'IntDiv': 0.801933315695665, 'IntDiv2': 0.7872640280059645, 'Filters': 0.9873809743921604, 'logP': 0.31094461802663, 'SA': 0.31855428300283584, 'QED': 0.02890227040781292, 'weight': 11.12834560075583, 'Novelty': 0.888693675072344}
Epoch: 43:
	Train Loss: 0.412 --- Reconstruction Loss: 0.395 --- KL Loss: 20.081 --- Beta: 0.000856
	Validity: 0.72% --- Uniquene@1000: 0.84% --- Unique@10000: 0.55%

{'valid': 0.7402333333333333, 'unique@1000': 0.839, 'unique@10000': 0.5547, 'FCD/Test': 17.862758184724527, 'SNN/Test': 0.6274815305430677, 'Frag/Test': 0.9078236678287536, 'Scaf/Test': 0.2165569087513628, 'FCD/TestSF': 18.299170375014462, 'SNN/TestSF': 0.5657195995548819, 'Frag/TestSF': 0.9010069739515296, 'Scaf/TestSF': 0.03178229564493129, 'IntDiv': 0.7980769570701629, 'IntDiv2': 0.783896936617639, 'Filters': 0.9870311163146755, 'logP': 0.31742183894248205, 'SA': 0.3315974555471662, 'QED': 0.031555309818320984, 'weight': 18.073891516240636, 'Novelty': 0.8862399841725196}
Epoch: 44:
	Train Loss: 0.405 --- Reconstruction Loss: 0.389 --- KL Loss: 19.034 --- Beta: 0.000874
	Validity: 0.74% --- Uniquene@1000: 0.84% --- Unique@10000: 0.55%

{'valid': 0.7385999999999999, 'unique@1000': 0.878, 'unique@10000': 0.5912, 'FCD/Test': 16.5937622839202, 'SNN/Test': 0.6174949583932804, 'Frag/Test': 0.8996301715258833, 'Scaf/Test': 0.2461719929431896, 'FCD/TestSF': 17.106564547914154, 'SNN/TestSF': 0.553407190750734, 'Frag/TestSF': 0.8903837997540784, 'Scaf/TestSF': 0.050632292923148636, 'IntDiv': 0.801026567311038, 'IntDiv2': 0.7887459638380487, 'Filters': 0.9906580016246954, 'logP': 0.20465829314618952, 'SA': 0.2705345452173179, 'QED': 0.029162442135310922, 'weight': 14.85565149972132, 'Novelty': 0.8863271284134934}
Epoch: 45:
	Train Loss: 0.399 --- Reconstruction Loss: 0.383 --- KL Loss: 18.377 --- Beta: 0.000892
	Validity: 0.74% --- Uniquene@1000: 0.88% --- Unique@10000: 0.59%

{'valid': 0.7922, 'unique@1000': 0.879, 'unique@10000': 0.6185, 'FCD/Test': 17.478341677898584, 'SNN/Test': 0.6234447821481937, 'Frag/Test': 0.9127446681495506, 'Scaf/Test': 0.2785385855253406, 'FCD/TestSF': 18.014367145342824, 'SNN/TestSF': 0.5591749988949621, 'Frag/TestSF': 0.9058631956452711, 'Scaf/TestSF': 0.02886024882373095, 'IntDiv': 0.8028932065320387, 'IntDiv2': 0.7897864550158326, 'Filters': 0.9857780021879997, 'logP': 0.31975093638243224, 'SA': 0.3135231589333691, 'QED': 0.021724172529444606, 'weight': 14.889930153529095, 'Novelty': 0.8833571608779749}
Epoch: 46:
	Train Loss: 0.395 --- Reconstruction Loss: 0.378 --- KL Loss: 17.848 --- Beta: 0.000910
	Validity: 0.79% --- Uniquene@1000: 0.88% --- Unique@10000: 0.62%

{'valid': 0.8103666666666667, 'unique@1000': 0.89, 'unique@10000': 0.6591, 'FCD/Test': 16.291750113381298, 'SNN/Test': 0.6176563428356991, 'Frag/Test': 0.9232531983323026, 'Scaf/Test': 0.25276224934244773, 'FCD/TestSF': 16.800997004172487, 'SNN/TestSF': 0.5533952353009075, 'Frag/TestSF': 0.9167334170262081, 'Scaf/TestSF': 0.029936965797442983, 'IntDiv': 0.8081124281794081, 'IntDiv2': 0.7956436265126692, 'Filters': 0.9826416025667394, 'logP': 0.3494953587852256, 'SA': 0.28137503504221645, 'QED': 0.022005080144944174, 'weight': 14.503710452164073, 'Novelty': 0.8843379101698859}
Epoch: 47:
	Train Loss: 0.389 --- Reconstruction Loss: 0.374 --- KL Loss: 17.105 --- Beta: 0.000928
	Validity: 0.81% --- Uniquene@1000: 0.89% --- Unique@10000: 0.66%

{'valid': 0.723, 'unique@1000': 0.925, 'unique@10000': 0.6811, 'FCD/Test': 16.056470875874744, 'SNN/Test': 0.6087607483027881, 'Frag/Test': 0.9021386530424879, 'Scaf/Test': 0.26224068096654607, 'FCD/TestSF': 16.674575610171225, 'SNN/TestSF': 0.5449912952114053, 'Frag/TestSF': 0.8942568275700565, 'Scaf/TestSF': 0.048615258439847375, 'IntDiv': 0.8193965657525812, 'IntDiv2': 0.8070230580516461, 'Filters': 0.983402489626556, 'logP': 0.3235969814979822, 'SA': 0.2613565929459254, 'QED': 0.023721425666427827, 'weight': 16.649816605694117, 'Novelty': 0.8893716308633036}
Epoch: 48:
	Train Loss: 0.385 --- Reconstruction Loss: 0.369 --- KL Loss: 16.611 --- Beta: 0.000946
	Validity: 0.72% --- Uniquene@1000: 0.93% --- Unique@10000: 0.68%

slurmstepd: error: *** JOB 8257230 ON hpctpa3pc0057 CANCELLED AT 2024-02-15T10:04:48 ***
