2024-02-15 02:31:21.151061: E external/local_xla/xla/stream_executor/cuda/cuda_dnn.cc:9261] Unable to register cuDNN factory: Attempting to register factory for plugin cuDNN when one has already been registered
2024-02-15 02:31:21.151122: E external/local_xla/xla/stream_executor/cuda/cuda_fft.cc:607] Unable to register cuFFT factory: Attempting to register factory for plugin cuFFT when one has already been registered
2024-02-15 02:31:21.152427: E external/local_xla/xla/stream_executor/cuda/cuda_blas.cc:1515] Unable to register cuBLAS factory: Attempting to register factory for plugin cuBLAS when one has already been registered
2024-02-15 02:31:21.157906: I tensorflow/core/platform/cpu_feature_guard.cc:182] This TensorFlow binary is optimized to use available CPU instructions in performance-critical operations.
To enable the following instructions: AVX2 FMA, in other operations, rebuild TensorFlow with the appropriate compiler flags.
2024-02-15 02:31:21.976740: W tensorflow/compiler/tf2tensorrt/utils/py_utils.cc:38] TF-TRT Warning: Could not find TensorRT

Arguments:
	data_path: data/moses_train.txt
	max_len: 30
	batch: 128
	d_model: 512
	d_latent: 256
	d_ff: 1024
	e_heads: 1
	d_heads: 8
	n_layers: 6
	dropout: 0.5
	lr: 0.0005
	n_epochs: 100
	kl_type: cyclic
	kl_w_start: 0.0001
	kl_w_end: 0.001
	kl_cycle: 4
	kl_ratio: 0.5
	save_name: klcompare

Number of data: 88192

SMILES Vocab:
	 {'<START>': 0, '<END>': 1, '<PAD>': 2, 'C': 3, 'O': 4, 'c': 5, '1': 6, '(': 7, '=': 8, ')': 9, 'N': 10, 'n': 11, '2': 12, 'F': 13, 'Cl': 14, 'Br': 15, '#': 16, '3': 17, 'S': 18, 'o': 19, '-': 20, 's': 21, '[nH]': 22, '4': 23}

Graph Vocab:
	 {'C': 0, 'O': 1, 'N': 2, 'F': 3, 'Cl': 4, 'Br': 5, 'S': 6}


KL Annealer: [0.0001   0.000172 0.000244 0.000316 0.000388 0.00046  0.000532 0.000604
 0.000676 0.000748 0.00082  0.000892 0.000964 0.001    0.001    0.001
 0.001    0.001    0.001    0.001    0.001    0.001    0.001    0.001
 0.001    0.0001   0.000172 0.000244 0.000316 0.000388 0.00046  0.000532
 0.000604 0.000676 0.000748 0.00082  0.000892 0.000964 0.001    0.001
 0.001    0.001    0.001    0.001    0.001    0.001    0.001    0.001
 0.001    0.001    0.0001   0.000172 0.000244 0.000316 0.000388 0.00046
 0.000532 0.000604 0.000676 0.000748 0.00082  0.000892 0.000964 0.001
 0.001    0.001    0.001    0.001    0.001    0.001    0.001    0.001
 0.001    0.001    0.001    0.0001   0.000172 0.000244 0.000316 0.000388
 0.00046  0.000532 0.000604 0.000676 0.000748 0.00082  0.000892 0.000964
 0.001    0.001    0.001    0.001    0.001    0.001    0.001    0.001
 0.001    0.001    0.001    0.001   ]




#########################################################################
######################### START TRAINING ################################
#########################################################################




{'valid': 0.5133, 'unique@1000': 0.76, 'unique@10000': 0.4183, 'FCD/Test': 23.940141344233467, 'SNN/Test': 0.5850436394545884, 'Frag/Test': 0.8346193525516463, 'Scaf/Test': 0.14707045390491513, 'FCD/TestSF': 25.316551585265074, 'SNN/TestSF': 0.49635576774713414, 'Frag/TestSF': 0.8187278569962534, 'Scaf/TestSF': 0.036153733596556936, 'IntDiv': 0.77102428132643, 'IntDiv2': 0.7548747972503942, 'Filters': 0.9887655042535229, 'logP': 0.14962817676924464, 'SA': 0.12290841588689039, 'QED': 0.07622152263554725, 'weight': 13.902611674038596, 'Novelty': 0.9419894526277505}
Epoch: 31:
	Train Loss: 0.461 --- Reconstruction Loss: 0.450 --- KL Loss: 25.391 --- Beta: 0.000460
	Validity: 0.51% --- Uniquene@1000: 0.76% --- Unique@10000: 0.42%

{'valid': 0.4965333333333334, 'unique@1000': 0.833, 'unique@10000': 0.5116, 'FCD/Test': 20.583699128860488, 'SNN/Test': 0.6053281410704302, 'Frag/Test': 0.8915647047698787, 'Scaf/Test': 0.2970810480498256, 'FCD/TestSF': 21.706831393110853, 'SNN/TestSF': 0.5318649757181311, 'Frag/TestSF': 0.8806573458522182, 'Scaf/TestSF': 0.029479860329962415, 'IntDiv': 0.7887575951293737, 'IntDiv2': 0.7762523633777276, 'Filters': 0.9875134264232008, 'logP': 0.3220080853197091, 'SA': 0.2814746180453688, 'QED': 0.030602237331322463, 'weight': 15.758579676768028, 'Novelty': 0.9199704142011834}
Epoch: 32:
	Train Loss: 0.456 --- Reconstruction Loss: 0.444 --- KL Loss: 22.275 --- Beta: 0.000532
	Validity: 0.50% --- Uniquene@1000: 0.83% --- Unique@10000: 0.51%

{'valid': 0.43376666666666663, 'unique@1000': 0.84, 'unique@10000': 0.5382, 'FCD/Test': 18.626329533886818, 'SNN/Test': 0.6017879702475457, 'Frag/Test': 0.8995230903750758, 'Scaf/Test': 0.32978916710454365, 'FCD/TestSF': 19.64691550890997, 'SNN/TestSF': 0.5260168426566145, 'Frag/TestSF': 0.8881478923489989, 'Scaf/TestSF': 0.030343087887586884, 'IntDiv': 0.7954958645184288, 'IntDiv2': 0.7823614925320306, 'Filters': 0.9690309690309691, 'logP': 0.2952353976796498, 'SA': 0.21601696022635947, 'QED': 0.013513912789011944, 'weight': 12.194178031467004, 'Novelty': 0.9172052939365959}
Epoch: 33:
	Train Loss: 0.452 --- Reconstruction Loss: 0.440 --- KL Loss: 20.021 --- Beta: 0.000604
	Validity: 0.43% --- Uniquene@1000: 0.84% --- Unique@10000: 0.54%

{'valid': 0.4742666666666666, 'unique@1000': 0.911, 'unique@10000': 0.6112, 'FCD/Test': 21.12646053168895, 'SNN/Test': 0.5869548784981024, 'Frag/Test': 0.8557907855703883, 'Scaf/Test': 0.21269928017298645, 'FCD/TestSF': 22.464195814376616, 'SNN/TestSF': 0.5050423090875836, 'Frag/TestSF': 0.8421874966124788, 'Scaf/TestSF': 0.05937044540789893, 'IntDiv': 0.777068259942256, 'IntDiv2': 0.7637918037390319, 'Filters': 0.978703964014619, 'logP': 0.34322581683199144, 'SA': 0.20688043484707264, 'QED': 0.09352821572327243, 'weight': 11.719002848702116, 'Novelty': 0.9409143002674137}
Epoch: 34:
	Train Loss: 0.448 --- Reconstruction Loss: 0.436 --- KL Loss: 18.214 --- Beta: 0.000676
	Validity: 0.47% --- Uniquene@1000: 0.91% --- Unique@10000: 0.61%

{'valid': 0.5365, 'unique@1000': 0.924, 'unique@10000': 0.66, 'FCD/Test': 22.053460503900695, 'SNN/Test': 0.5989145485686012, 'Frag/Test': 0.864565945967782, 'Scaf/Test': 0.3368029315161378, 'FCD/TestSF': 23.33410582696154, 'SNN/TestSF': 0.5137147551841638, 'Frag/TestSF': 0.8510418674315914, 'Scaf/TestSF': 0.03866063525712471, 'IntDiv': 0.7760455835368857, 'IntDiv2': 0.761995192072693, 'Filters': 0.9727244485865175, 'logP': 0.4481073824852332, 'SA': 0.2600306423204596, 'QED': 0.08699127401784508, 'weight': 8.240474013685613, 'Novelty': 0.9458460888841972}
Epoch: 35:
	Train Loss: 0.444 --- Reconstruction Loss: 0.431 --- KL Loss: 16.783 --- Beta: 0.000748
	Validity: 0.54% --- Uniquene@1000: 0.92% --- Unique@10000: 0.66%

{'valid': 0.4794333333333334, 'unique@1000': 0.909, 'unique@10000': 0.6534, 'FCD/Test': 15.992305794512475, 'SNN/Test': 0.5970862906317149, 'Frag/Test': 0.9214369908651987, 'Scaf/Test': 0.4336775536723956, 'FCD/TestSF': 16.909265477425734, 'SNN/TestSF': 0.5346157074042988, 'Frag/TestSF': 0.9117640582678335, 'Scaf/TestSF': 0.07188567158744585, 'IntDiv': 0.8042479215867373, 'IntDiv2': 0.7925914457028028, 'Filters': 0.9833831606757978, 'logP': 0.4447577487437494, 'SA': 0.26546970693036825, 'QED': 0.04157532964175337, 'weight': 10.524872006407893, 'Novelty': 0.9332790886899919}
Epoch: 36:
	Train Loss: 0.440 --- Reconstruction Loss: 0.427 --- KL Loss: 15.631 --- Beta: 0.000820
	Validity: 0.48% --- Uniquene@1000: 0.91% --- Unique@10000: 0.65%

{'valid': 0.49473333333333336, 'unique@1000': 0.903, 'unique@10000': 0.6825, 'FCD/Test': 17.451512545298698, 'SNN/Test': 0.5932680860557352, 'Frag/Test': 0.8982085233763056, 'Scaf/Test': 0.362234670364428, 'FCD/TestSF': 18.397438919030293, 'SNN/TestSF': 0.536748610604582, 'Frag/TestSF': 0.8894932799690471, 'Scaf/TestSF': 0.0371210133188391, 'IntDiv': 0.8105352437822967, 'IntDiv2': 0.7975448343642615, 'Filters': 0.9712976687777928, 'logP': 0.4593270018238864, 'SA': 0.26802221819521693, 'QED': 0.024628638255300754, 'weight': 15.760306957269, 'Novelty': 0.9340962068234796}
Epoch: 37:
	Train Loss: 0.436 --- Reconstruction Loss: 0.423 --- KL Loss: 14.842 --- Beta: 0.000892
	Validity: 0.49% --- Uniquene@1000: 0.90% --- Unique@10000: 0.68%

{'valid': 0.6283000000000001, 'unique@1000': 0.947, 'unique@10000': 0.7294, 'FCD/Test': 16.34454129530701, 'SNN/Test': 0.5932924624575349, 'Frag/Test': 0.8973248416054787, 'Scaf/Test': 0.35964261723454927, 'FCD/TestSF': 17.131492373112565, 'SNN/TestSF': 0.5365890091569413, 'Frag/TestSF': 0.8877239444200924, 'Scaf/TestSF': 0.08980002106134366, 'IntDiv': 0.8098221502876659, 'IntDiv2': 0.7988621259563786, 'Filters': 0.9843493023502573, 'logP': 0.4129069211328172, 'SA': 0.2862170469856811, 'QED': 0.03246999250715451, 'weight': 11.703170391246315, 'Novelty': 0.9288185862580326}
Epoch: 38:
	Train Loss: 0.433 --- Reconstruction Loss: 0.419 --- KL Loss: 14.216 --- Beta: 0.000964
	Validity: 0.63% --- Uniquene@1000: 0.95% --- Unique@10000: 0.73%

{'valid': 0.5664333333333333, 'unique@1000': 0.919, 'unique@10000': 0.7431, 'FCD/Test': 15.304387850270786, 'SNN/Test': 0.5981067411703702, 'Frag/Test': 0.9028853571317592, 'Scaf/Test': 0.30668727456898637, 'FCD/TestSF': 16.103964441636023, 'SNN/TestSF': 0.5399592933816907, 'Frag/TestSF': 0.893084039475411, 'Scaf/TestSF': 0.0519942438563985, 'IntDiv': 0.8069074141373939, 'IntDiv2': 0.796265221930575, 'Filters': 0.9693991643617961, 'logP': 0.35455121164884873, 'SA': 0.2721348133278564, 'QED': 0.02760953923043351, 'weight': 12.739130838461241, 'Novelty': 0.9228033654263162}
Epoch: 39:
	Train Loss: 0.428 --- Reconstruction Loss: 0.414 --- KL Loss: 13.781 --- Beta: 0.001000
	Validity: 0.57% --- Uniquene@1000: 0.92% --- Unique@10000: 0.74%

{'valid': 0.5530333333333333, 'unique@1000': 0.957, 'unique@10000': 0.7733, 'FCD/Test': 15.329424847269436, 'SNN/Test': 0.5845419393458179, 'Frag/Test': 0.9091082278951902, 'Scaf/Test': 0.3248093649960617, 'FCD/TestSF': 15.906498536278434, 'SNN/TestSF': 0.5308559804581783, 'Frag/TestSF': 0.8999976276733563, 'Scaf/TestSF': 0.04342178460183721, 'IntDiv': 0.8167502086042722, 'IntDiv2': 0.8053485939705913, 'Filters': 0.9711289253209572, 'logP': 0.49298107116185297, 'SA': 0.22675786602916523, 'QED': 0.03641644729770939, 'weight': 10.451130580954132, 'Novelty': 0.9369216402071483}
Epoch: 40:
	Train Loss: 0.423 --- Reconstruction Loss: 0.409 --- KL Loss: 13.520 --- Beta: 0.001000
	Validity: 0.55% --- Uniquene@1000: 0.96% --- Unique@10000: 0.77%

{'valid': 0.5535666666666667, 'unique@1000': 0.959, 'unique@10000': 0.8053, 'FCD/Test': 15.17406273988805, 'SNN/Test': 0.5841527323237374, 'Frag/Test': 0.9183426558288272, 'Scaf/Test': 0.4029145639926659, 'FCD/TestSF': 15.969482483174666, 'SNN/TestSF': 0.5291195400411406, 'Frag/TestSF': 0.9095649426325185, 'Scaf/TestSF': 0.06760090844354627, 'IntDiv': 0.8113056030049874, 'IntDiv2': 0.8013427469864511, 'Filters': 0.9768772204492082, 'logP': 0.3306721600716017, 'SA': 0.22836111341046086, 'QED': 0.030426746935608047, 'weight': 13.502388972171902, 'Novelty': 0.9389473684210526}
Epoch: 41:
	Train Loss: 0.418 --- Reconstruction Loss: 0.405 --- KL Loss: 13.412 --- Beta: 0.001000
	Validity: 0.55% --- Uniquene@1000: 0.96% --- Unique@10000: 0.81%

{'valid': 0.5387333333333333, 'unique@1000': 0.971, 'unique@10000': 0.823, 'FCD/Test': 15.078437038382617, 'SNN/Test': 0.5705876689371518, 'Frag/Test': 0.9156281988475744, 'Scaf/Test': 0.28602069951718345, 'FCD/TestSF': 15.923852835733172, 'SNN/TestSF': 0.5133937297739497, 'Frag/TestSF': 0.9066142940381603, 'Scaf/TestSF': 0.05042882310078556, 'IntDiv': 0.8164772722558349, 'IntDiv2': 0.8064770120854527, 'Filters': 0.9604009404776637, 'logP': 0.3653786505847207, 'SA': 0.198825162973898, 'QED': 0.04978968839665442, 'weight': 12.358175167369298, 'Novelty': 0.9484494563028595}
Epoch: 42:
	Train Loss: 0.414 --- Reconstruction Loss: 0.401 --- KL Loss: 13.291 --- Beta: 0.001000
	Validity: 0.54% --- Uniquene@1000: 0.97% --- Unique@10000: 0.82%

{'valid': 0.5624666666666667, 'unique@1000': 0.966, 'unique@10000': 0.8075, 'FCD/Test': 15.825355848270668, 'SNN/Test': 0.5884406650830774, 'Frag/Test': 0.8976251053805631, 'Scaf/Test': 0.4238320884755755, 'FCD/TestSF': 16.64660563258232, 'SNN/TestSF': 0.5362870693259773, 'Frag/TestSF': 0.8898471224791555, 'Scaf/TestSF': 0.07119243992367474, 'IntDiv': 0.8074132106001158, 'IntDiv2': 0.7963977386036978, 'Filters': 0.9723835486547351, 'logP': 0.4767135702728199, 'SA': 0.26456056647816295, 'QED': 0.03661932404389954, 'weight': 13.321512656195313, 'Novelty': 0.9334928229665072}
Epoch: 43:
	Train Loss: 0.408 --- Reconstruction Loss: 0.395 --- KL Loss: 13.163 --- Beta: 0.001000
	Validity: 0.56% --- Uniquene@1000: 0.97% --- Unique@10000: 0.81%

{'valid': 0.5452666666666667, 'unique@1000': 0.966, 'unique@10000': 0.8155, 'FCD/Test': 14.641791901201493, 'SNN/Test': 0.582454391892374, 'Frag/Test': 0.9059295400106219, 'Scaf/Test': 0.3702160858224247, 'FCD/TestSF': 15.420997488104234, 'SNN/TestSF': 0.5325931682390198, 'Frag/TestSF': 0.8978693583667103, 'Scaf/TestSF': 0.06437020946448069, 'IntDiv': 0.8180938956602853, 'IntDiv2': 0.8070463263220635, 'Filters': 0.9723071280107592, 'logP': 0.31423530146530293, 'SA': 0.21609820130623023, 'QED': 0.02586379689465668, 'weight': 14.052181123569442, 'Novelty': 0.9294585987261147}
Epoch: 44:
	Train Loss: 0.404 --- Reconstruction Loss: 0.391 --- KL Loss: 13.159 --- Beta: 0.001000
	Validity: 0.55% --- Uniquene@1000: 0.97% --- Unique@10000: 0.82%

{'valid': 0.6678333333333333, 'unique@1000': 0.98, 'unique@10000': 0.8391, 'FCD/Test': 14.809505654984754, 'SNN/Test': 0.5763627918656996, 'Frag/Test': 0.8888156357378469, 'Scaf/Test': 0.3505258548682295, 'FCD/TestSF': 15.421913974482806, 'SNN/TestSF': 0.5285264743922922, 'Frag/TestSF': 0.8815992022595279, 'Scaf/TestSF': 0.06521819974450926, 'IntDiv': 0.8201542769377881, 'IntDiv2': 0.8094764605822957, 'Filters': 0.953730970801098, 'logP': 0.43261217104126504, 'SA': 0.2161576308597835, 'QED': 0.042120437871940114, 'weight': 11.690713258295837, 'Novelty': 0.9404246952418404}
Epoch: 45:
	Train Loss: 0.400 --- Reconstruction Loss: 0.387 --- KL Loss: 13.075 --- Beta: 0.001000
	Validity: 0.67% --- Uniquene@1000: 0.98% --- Unique@10000: 0.84%

{'valid': 0.4827, 'unique@1000': 0.967, 'unique@10000': 0.8153, 'FCD/Test': 14.191934434741611, 'SNN/Test': 0.5714713782576284, 'Frag/Test': 0.8913951400089695, 'Scaf/Test': 0.37851261692951843, 'FCD/TestSF': 14.788964330993828, 'SNN/TestSF': 0.5290354867383151, 'Frag/TestSF': 0.8836330200474642, 'Scaf/TestSF': 0.052055334988357016, 'IntDiv': 0.824174187734044, 'IntDiv2': 0.812770324181357, 'Filters': 0.9616048615427112, 'logP': 0.37699911162840494, 'SA': 0.1641035861860755, 'QED': 0.02798388695846321, 'weight': 13.644468879952848, 'Novelty': 0.9372713482644776}
Epoch: 46:
	Train Loss: 0.396 --- Reconstruction Loss: 0.383 --- KL Loss: 12.984 --- Beta: 0.001000
	Validity: 0.48% --- Uniquene@1000: 0.97% --- Unique@10000: 0.82%

{'valid': 0.5433333333333333, 'unique@1000': 0.973, 'unique@10000': 0.8408, 'FCD/Test': 14.950563552395792, 'SNN/Test': 0.5663776084926962, 'Frag/Test': 0.8956510895767064, 'Scaf/Test': 0.31661772525668586, 'FCD/TestSF': 15.479048342850007, 'SNN/TestSF': 0.5226738443275902, 'Frag/TestSF': 0.88902233342246, 'Scaf/TestSF': 0.05964545328115178, 'IntDiv': 0.8254397571519643, 'IntDiv2': 0.8144042380355739, 'Filters': 0.9552760736196318, 'logP': 0.39785641452741843, 'SA': 0.1615837200191055, 'QED': 0.03007966044384768, 'weight': 14.04932671681687, 'Novelty': 0.9415650011655917}
Epoch: 47:
	Train Loss: 0.393 --- Reconstruction Loss: 0.380 --- KL Loss: 13.078 --- Beta: 0.001000
	Validity: 0.54% --- Uniquene@1000: 0.97% --- Unique@10000: 0.84%

{'valid': 0.5888, 'unique@1000': 0.974, 'unique@10000': 0.8375, 'FCD/Test': 15.51832352153393, 'SNN/Test': 0.5736613351871948, 'Frag/Test': 0.8855946235754121, 'Scaf/Test': 0.3252144637302593, 'FCD/TestSF': 16.190408697900217, 'SNN/TestSF': 0.525704869494328, 'Frag/TestSF': 0.8768529274650714, 'Scaf/TestSF': 0.06345303305705574, 'IntDiv': 0.8149218040893457, 'IntDiv2': 0.8037436208896621, 'Filters': 0.970504981884058, 'logP': 0.293585725301156, 'SA': 0.19609315047843645, 'QED': 0.05564933016667876, 'weight': 9.662696017872134, 'Novelty': 0.9382384922073215}
Epoch: 48:
	Train Loss: 0.389 --- Reconstruction Loss: 0.376 --- KL Loss: 12.938 --- Beta: 0.001000
	Validity: 0.59% --- Uniquene@1000: 0.97% --- Unique@10000: 0.84%

{'valid': 0.5823666666666667, 'unique@1000': 0.974, 'unique@10000': 0.8428, 'FCD/Test': 14.64799814913674, 'SNN/Test': 0.5668390242846759, 'Frag/Test': 0.8984200631015816, 'Scaf/Test': 0.33014418127199385, 'FCD/TestSF': 15.150873843664513, 'SNN/TestSF': 0.5262968015405692, 'Frag/TestSF': 0.8930930049424239, 'Scaf/TestSF': 0.05938650158900227, 'IntDiv': 0.8275408863529788, 'IntDiv2': 0.8166589997323953, 'Filters': 0.9725259000629615, 'logP': 0.46492438258254964, 'SA': 0.17317609697088057, 'QED': 0.021848308718383398, 'weight': 12.124119934509736, 'Novelty': 0.9367883211678832}
Epoch: 49:
	Train Loss: 0.385 --- Reconstruction Loss: 0.372 --- KL Loss: 12.935 --- Beta: 0.001000
	Validity: 0.58% --- Uniquene@1000: 0.97% --- Unique@10000: 0.84%

{'valid': 0.5983333333333334, 'unique@1000': 0.973, 'unique@10000': 0.8414, 'FCD/Test': 14.84062984940062, 'SNN/Test': 0.5809081222868231, 'Frag/Test': 0.9111198893563367, 'Scaf/Test': 0.3802293728853585, 'FCD/TestSF': 15.48764388907297, 'SNN/TestSF': 0.532109261550279, 'Frag/TestSF': 0.9040996790104376, 'Scaf/TestSF': 0.07774098307150812, 'IntDiv': 0.8214483964026034, 'IntDiv2': 0.8106908296153239, 'Filters': 0.9728133704735376, 'logP': 0.3307558170492511, 'SA': 0.19226369240141555, 'QED': 0.013359434018409907, 'weight': 12.201444727826061, 'Novelty': 0.9197059453286703}
Epoch: 50:
	Train Loss: 0.382 --- Reconstruction Loss: 0.369 --- KL Loss: 12.911 --- Beta: 0.001000
	Validity: 0.60% --- Uniquene@1000: 0.97% --- Unique@10000: 0.84%

{'valid': 0.7111333333333334, 'unique@1000': 0.974, 'unique@10000': 0.8161, 'FCD/Test': 14.371131985866697, 'SNN/Test': 0.5807083444551976, 'Frag/Test': 0.9247456519605332, 'Scaf/Test': 0.283585272562378, 'FCD/TestSF': 14.87282151972628, 'SNN/TestSF': 0.5312067163552698, 'Frag/TestSF': 0.9177798872676527, 'Scaf/TestSF': 0.07097736252385745, 'IntDiv': 0.824654569430249, 'IntDiv2': 0.8144489742362336, 'Filters': 0.9743133027092903, 'logP': 0.24496428035231302, 'SA': 0.18952840659197728, 'QED': 0.01863466395815434, 'weight': 18.317441860531478, 'Novelty': 0.9182886876084024}
Epoch: 51:
	Train Loss: 0.364 --- Reconstruction Loss: 0.362 --- KL Loss: 25.644 --- Beta: 0.000100
	Validity: 0.71% --- Uniquene@1000: 0.97% --- Unique@10000: 0.82%

{'valid': 0.5597333333333334, 'unique@1000': 0.962, 'unique@10000': 0.7912, 'FCD/Test': 14.531664948876433, 'SNN/Test': 0.584061958035077, 'Frag/Test': 0.9190541450597678, 'Scaf/Test': 0.28457206046423045, 'FCD/TestSF': 15.342428236914515, 'SNN/TestSF': 0.5241638650206326, 'Frag/TestSF': 0.910121861016516, 'Scaf/TestSF': 0.04191458961086436, 'IntDiv': 0.8206721538291755, 'IntDiv2': 0.8095992244277542, 'Filters': 0.9679013816102906, 'logP': 0.3080169883368423, 'SA': 0.17260318493115012, 'QED': 0.01127954405329342, 'weight': 19.34936760837986, 'Novelty': 0.9227294724955638}
Epoch: 52:
	Train Loss: 0.363 --- Reconstruction Loss: 0.358 --- KL Loss: 25.708 --- Beta: 0.000172
	Validity: 0.56% --- Uniquene@1000: 0.96% --- Unique@10000: 0.79%

{'valid': 0.6149333333333333, 'unique@1000': 0.966, 'unique@10000': 0.8004, 'FCD/Test': 14.381462989331219, 'SNN/Test': 0.5780958960734224, 'Frag/Test': 0.9208845799148824, 'Scaf/Test': 0.27332630163089977, 'FCD/TestSF': 14.892347831719334, 'SNN/TestSF': 0.5267607221963063, 'Frag/TestSF': 0.9121493302206246, 'Scaf/TestSF': 0.06233381299500851, 'IntDiv': 0.8247104783106908, 'IntDiv2': 0.813961229956356, 'Filters': 0.9746856027753686, 'logP': 0.24096237788380218, 'SA': 0.1627112350520224, 'QED': 0.020021816563578303, 'weight': 19.836254782713254, 'Novelty': 0.9195672970785194}
Epoch: 53:
	Train Loss: 0.361 --- Reconstruction Loss: 0.356 --- KL Loss: 23.536 --- Beta: 0.000244
	Validity: 0.61% --- Uniquene@1000: 0.97% --- Unique@10000: 0.80%

{'valid': 0.5071333333333333, 'unique@1000': 0.967, 'unique@10000': 0.8131, 'FCD/Test': 13.830917949938694, 'SNN/Test': 0.565172526290496, 'Frag/Test': 0.9333359440768845, 'Scaf/Test': 0.27811021443979533, 'FCD/TestSF': 14.366425500738941, 'SNN/TestSF': 0.5227335204593264, 'Frag/TestSF': 0.9263774857135927, 'Scaf/TestSF': 0.08667913579965836, 'IntDiv': 0.8358707510377028, 'IntDiv2': 0.8252638443874797, 'Filters': 0.9607598264756145, 'logP': 0.22736012982946832, 'SA': 0.09658227772355944, 'QED': 0.01426480492567036, 'weight': 26.870309486767844, 'Novelty': 0.925865893192288}
Epoch: 54:
	Train Loss: 0.359 --- Reconstruction Loss: 0.352 --- KL Loss: 21.937 --- Beta: 0.000316
	Validity: 0.51% --- Uniquene@1000: 0.97% --- Unique@10000: 0.81%

{'valid': 0.6239, 'unique@1000': 0.97, 'unique@10000': 0.8352, 'FCD/Test': 15.106210913236126, 'SNN/Test': 0.5695552595265052, 'Frag/Test': 0.9296195414701232, 'Scaf/Test': 0.33729063573020035, 'FCD/TestSF': 15.533651775013723, 'SNN/TestSF': 0.5232614364194177, 'Frag/TestSF': 0.9230996477937113, 'Scaf/TestSF': 0.09523480483311253, 'IntDiv': 0.831543420214754, 'IntDiv2': 0.8213549937465283, 'Filters': 0.9683709996260085, 'logP': 0.31456662866429946, 'SA': 0.14061080074878485, 'QED': 0.019882783710760406, 'weight': 23.223130337010648, 'Novelty': 0.917660105350707}
Epoch: 55:
	Train Loss: 0.357 --- Reconstruction Loss: 0.349 --- KL Loss: 20.542 --- Beta: 0.000388
	Validity: 0.62% --- Uniquene@1000: 0.97% --- Unique@10000: 0.84%

{'valid': 0.5538666666666667, 'unique@1000': 0.977, 'unique@10000': 0.8278, 'FCD/Test': 13.981750384268466, 'SNN/Test': 0.5616717494891479, 'Frag/Test': 0.9391815483637505, 'Scaf/Test': 0.29227928229963507, 'FCD/TestSF': 14.33283708908639, 'SNN/TestSF': 0.517659358167281, 'Frag/TestSF': 0.9338843336213652, 'Scaf/TestSF': 0.07430048357100327, 'IntDiv': 0.8403028823551, 'IntDiv2': 0.8296540832789899, 'Filters': 0.9684641309581127, 'logP': 0.2441517476479749, 'SA': 0.1076235877213758, 'QED': 0.019886631193290483, 'weight': 27.78867783959921, 'Novelty': 0.9181593576281656}
Epoch: 56:
	Train Loss: 0.355 --- Reconstruction Loss: 0.346 --- KL Loss: 19.318 --- Beta: 0.000460
	Validity: 0.55% --- Uniquene@1000: 0.98% --- Unique@10000: 0.83%

{'valid': 0.5993333333333333, 'unique@1000': 0.968, 'unique@10000': 0.8419, 'FCD/Test': 13.912368069911082, 'SNN/Test': 0.5753447224842893, 'Frag/Test': 0.9317750552637081, 'Scaf/Test': 0.3339067064248247, 'FCD/TestSF': 14.420845744753692, 'SNN/TestSF': 0.5227119561562417, 'Frag/TestSF': 0.924756220116914, 'Scaf/TestSF': 0.05844453648589154, 'IntDiv': 0.8326721350569364, 'IntDiv2': 0.8220764682673644, 'Filters': 0.9691879866518354, 'logP': 0.2946407916560086, 'SA': 0.152554143369639, 'QED': 0.016841970367474337, 'weight': 23.103210241289517, 'Novelty': 0.9145675157879799}
Epoch: 57:
	Train Loss: 0.354 --- Reconstruction Loss: 0.344 --- KL Loss: 18.226 --- Beta: 0.000532
	Validity: 0.60% --- Uniquene@1000: 0.97% --- Unique@10000: 0.84%

{'valid': 0.5148333333333333, 'unique@1000': 0.972, 'unique@10000': 0.827, 'FCD/Test': 14.137039498531472, 'SNN/Test': 0.5656575875621507, 'Frag/Test': 0.9249174221065465, 'Scaf/Test': 0.3443970708313411, 'FCD/TestSF': 14.420301853560808, 'SNN/TestSF': 0.5235929331798004, 'Frag/TestSF': 0.9207526124233301, 'Scaf/TestSF': 0.0682140348343141, 'IntDiv': 0.8389703181563507, 'IntDiv2': 0.8280726349052374, 'Filters': 0.9605050178051149, 'logP': 0.2893261595421749, 'SA': 0.1365262329273696, 'QED': 0.01798899148579606, 'weight': 21.927818480162205, 'Novelty': 0.9117281392457521}
Epoch: 58:
	Train Loss: 0.352 --- Reconstruction Loss: 0.342 --- KL Loss: 17.310 --- Beta: 0.000604
	Validity: 0.51% --- Uniquene@1000: 0.97% --- Unique@10000: 0.83%

{'valid': 0.7984, 'unique@1000': 0.985, 'unique@10000': 0.8867, 'FCD/Test': 14.100500253521659, 'SNN/Test': 0.566262894748656, 'Frag/Test': 0.9355971052356354, 'Scaf/Test': 0.39763840298368947, 'FCD/TestSF': 14.590867818994404, 'SNN/TestSF': 0.5164853132739862, 'Frag/TestSF': 0.9301027256782791, 'Scaf/TestSF': 0.06474121475759742, 'IntDiv': 0.8394651772391997, 'IntDiv2': 0.8291641742899729, 'Filters': 0.9709001336005344, 'logP': 0.2635089432860918, 'SA': 0.14116726287308232, 'QED': 0.01604262464156682, 'weight': 23.856547282390192, 'Novelty': 0.9203206034889203}
Epoch: 59:
	Train Loss: 0.351 --- Reconstruction Loss: 0.340 --- KL Loss: 16.441 --- Beta: 0.000676
	Validity: 0.80% --- Uniquene@1000: 0.98% --- Unique@10000: 0.89%

{'valid': 0.4981333333333333, 'unique@1000': 0.971, 'unique@10000': 0.8464, 'FCD/Test': 14.308312633035229, 'SNN/Test': 0.5620648683431684, 'Frag/Test': 0.9201245241521154, 'Scaf/Test': 0.37164104233534245, 'FCD/TestSF': 14.675055638911864, 'SNN/TestSF': 0.5215375128569085, 'Frag/TestSF': 0.9152147442059979, 'Scaf/TestSF': 0.09205414482283358, 'IntDiv': 0.8349471037101392, 'IntDiv2': 0.8236474388820609, 'Filters': 0.9706905781584583, 'logP': 0.2898635766224172, 'SA': 0.1398179742937568, 'QED': 0.014303124920776062, 'weight': 16.624103871806565, 'Novelty': 0.9262966333030027}
Epoch: 60:
	Train Loss: 0.349 --- Reconstruction Loss: 0.337 --- KL Loss: 15.748 --- Beta: 0.000748
	Validity: 0.50% --- Uniquene@1000: 0.97% --- Unique@10000: 0.85%

{'valid': 0.5528333333333333, 'unique@1000': 0.992, 'unique@10000': 0.9008, 'FCD/Test': 13.249756694675007, 'SNN/Test': 0.5472972393826544, 'Frag/Test': 0.9095449646238822, 'Scaf/Test': 0.38429068415826495, 'FCD/TestSF': 13.688993182924797, 'SNN/TestSF': 0.5051740082553039, 'Frag/TestSF': 0.904790320868373, 'Scaf/TestSF': 0.07124064461833857, 'IntDiv': 0.8462066172721886, 'IntDiv2': 0.8360568495751681, 'Filters': 0.9606873681037081, 'logP': 0.32652949339885334, 'SA': 0.05118789186734691, 'QED': 0.015638805710288372, 'weight': 21.09275056331064, 'Novelty': 0.9337757596926302}
Epoch: 61:
	Train Loss: 0.348 --- Reconstruction Loss: 0.335 --- KL Loss: 15.094 --- Beta: 0.000820
	Validity: 0.55% --- Uniquene@1000: 0.99% --- Unique@10000: 0.90%

{'valid': 0.4578333333333333, 'unique@1000': 0.98, 'unique@10000': 0.8865, 'FCD/Test': 13.302661003596413, 'SNN/Test': 0.5556130500546272, 'Frag/Test': 0.9023144051604702, 'Scaf/Test': 0.3599305731896725, 'FCD/TestSF': 13.869730469287013, 'SNN/TestSF': 0.509351644473246, 'Frag/TestSF': 0.8962455986714628, 'Scaf/TestSF': 0.07180490826982022, 'IntDiv': 0.8446363964922654, 'IntDiv2': 0.8340369540617861, 'Filters': 0.957699308336367, 'logP': 0.23794258384112418, 'SA': 0.07726312354520451, 'QED': 0.012435081788119525, 'weight': 24.11528192938572, 'Novelty': 0.9203345442257329}
Epoch: 62:
	Train Loss: 0.346 --- Reconstruction Loss: 0.333 --- KL Loss: 14.569 --- Beta: 0.000892
	Validity: 0.46% --- Uniquene@1000: 0.98% --- Unique@10000: 0.89%

{'valid': 0.5479666666666667, 'unique@1000': 0.988, 'unique@10000': 0.8847, 'FCD/Test': 12.95972985152639, 'SNN/Test': 0.5616457208703706, 'Frag/Test': 0.9045575164326062, 'Scaf/Test': 0.31769953241349425, 'FCD/TestSF': 13.387093801242429, 'SNN/TestSF': 0.5210370434933868, 'Frag/TestSF': 0.9001965829082448, 'Scaf/TestSF': 0.06993320403468772, 'IntDiv': 0.8395303142245129, 'IntDiv2': 0.8286371726392575, 'Filters': 0.9711052983758136, 'logP': 0.24529959181496802, 'SA': 0.10407127847987294, 'QED': 0.013361223216038212, 'weight': 21.489043293308313, 'Novelty': 0.9289752137991013}
Epoch: 63:
	Train Loss: 0.345 --- Reconstruction Loss: 0.331 --- KL Loss: 14.108 --- Beta: 0.000964
	Validity: 0.55% --- Uniquene@1000: 0.99% --- Unique@10000: 0.88%

{'valid': 0.49373333333333336, 'unique@1000': 0.982, 'unique@10000': 0.8993, 'FCD/Test': 13.474619122457455, 'SNN/Test': 0.5437896145231541, 'Frag/Test': 0.8849645307575151, 'Scaf/Test': 0.24366819301543963, 'FCD/TestSF': 13.79866062102596, 'SNN/TestSF': 0.5059127564281185, 'Frag/TestSF': 0.8808614030003727, 'Scaf/TestSF': 0.07254771607115251, 'IntDiv': 0.8484463035412042, 'IntDiv2': 0.8378527218608964, 'Filters': 0.9681339454496354, 'logP': 0.16543054838020887, 'SA': 0.06143611695365921, 'QED': 0.012532100041579168, 'weight': 23.864702761206342, 'Novelty': 0.94075682382134}
Epoch: 64:
	Train Loss: 0.343 --- Reconstruction Loss: 0.329 --- KL Loss: 13.741 --- Beta: 0.001000
	Validity: 0.49% --- Uniquene@1000: 0.98% --- Unique@10000: 0.90%

{'valid': 0.5802333333333334, 'unique@1000': 0.993, 'unique@10000': 0.9167, 'FCD/Test': 13.966888772505833, 'SNN/Test': 0.5387693614524367, 'Frag/Test': 0.8979590310359838, 'Scaf/Test': 0.2981632458841147, 'FCD/TestSF': 14.321629424153414, 'SNN/TestSF': 0.49631429711235736, 'Frag/TestSF': 0.8941900896971092, 'Scaf/TestSF': 0.04940757021441833, 'IntDiv': 0.8501772459934771, 'IntDiv2': 0.8401445579649274, 'Filters': 0.9705865456425576, 'logP': 0.2865182918302507, 'SA': 0.05080137020097961, 'QED': 0.017100108612464596, 'weight': 20.192284782241778, 'Novelty': 0.9351931048095269}
Epoch: 65:
	Train Loss: 0.341 --- Reconstruction Loss: 0.328 --- KL Loss: 13.684 --- Beta: 0.001000
	Validity: 0.58% --- Uniquene@1000: 0.99% --- Unique@10000: 0.92%

{'valid': 0.5236666666666667, 'unique@1000': 0.99, 'unique@10000': 0.9184, 'FCD/Test': 12.588117932977312, 'SNN/Test': 0.5460209321740477, 'Frag/Test': 0.909263944599617, 'Scaf/Test': 0.3599798724367571, 'FCD/TestSF': 13.245722731220397, 'SNN/TestSF': 0.5009453448252948, 'Frag/TestSF': 0.9047356016540534, 'Scaf/TestSF': 0.06549332900950278, 'IntDiv': 0.8500871576293255, 'IntDiv2': 0.8400348821681218, 'Filters': 0.9689369828134946, 'logP': 0.20242996126932983, 'SA': 0.0644790075603185, 'QED': 0.013443912685997537, 'weight': 24.60118133760122, 'Novelty': 0.9299112256586484}
Epoch: 66:
	Train Loss: 0.339 --- Reconstruction Loss: 0.325 --- KL Loss: 13.655 --- Beta: 0.001000
	Validity: 0.52% --- Uniquene@1000: 0.99% --- Unique@10000: 0.92%

{'valid': 0.5040666666666667, 'unique@1000': 0.988, 'unique@10000': 0.9158, 'FCD/Test': 13.622962661397253, 'SNN/Test': 0.541634267809222, 'Frag/Test': 0.8942162561904746, 'Scaf/Test': 0.3062435728945594, 'FCD/TestSF': 14.105011256641184, 'SNN/TestSF': 0.49914451796626025, 'Frag/TestSF': 0.8896210336293947, 'Scaf/TestSF': 0.07023661281598159, 'IntDiv': 0.8475533721627664, 'IntDiv2': 0.8376094402405967, 'Filters': 0.96442269541066, 'logP': 0.17145765272626773, 'SA': 0.06419652979350815, 'QED': 0.02059693221343911, 'weight': 20.510845825788632, 'Novelty': 0.9368397559886922}
Epoch: 67:
	Train Loss: 0.337 --- Reconstruction Loss: 0.323 --- KL Loss: 13.623 --- Beta: 0.001000
	Validity: 0.50% --- Uniquene@1000: 0.99% --- Unique@10000: 0.92%

{'valid': 0.593, 'unique@1000': 0.985, 'unique@10000': 0.895, 'FCD/Test': 13.242092201768706, 'SNN/Test': 0.5527450565334583, 'Frag/Test': 0.904872954381545, 'Scaf/Test': 0.2984505426256292, 'FCD/TestSF': 13.624957862165616, 'SNN/TestSF': 0.5131574416224243, 'Frag/TestSF': 0.9014290204985331, 'Scaf/TestSF': 0.07458424606932645, 'IntDiv': 0.8417719466858218, 'IntDiv2': 0.8312156489939646, 'Filters': 0.963575042158516, 'logP': 0.37657160265204326, 'SA': 0.10020042084403886, 'QED': 0.016527889893577088, 'weight': 16.375094424593705, 'Novelty': 0.9305573944128162}
Epoch: 68:
	Train Loss: 0.334 --- Reconstruction Loss: 0.321 --- KL Loss: 13.651 --- Beta: 0.001000
	Validity: 0.59% --- Uniquene@1000: 0.98% --- Unique@10000: 0.90%

{'valid': 0.7311666666666667, 'unique@1000': 0.991, 'unique@10000': 0.9157, 'FCD/Test': 13.914647502422952, 'SNN/Test': 0.5425118724027309, 'Frag/Test': 0.8718404320420986, 'Scaf/Test': 0.3123823759035276, 'FCD/TestSF': 14.361556647960242, 'SNN/TestSF': 0.5028071251794856, 'Frag/TestSF': 0.8668552395308451, 'Scaf/TestSF': 0.07283066873140454, 'IntDiv': 0.8441185785749521, 'IntDiv2': 0.8339066001494921, 'Filters': 0.9718714383405517, 'logP': 0.20476095669517178, 'SA': 0.07108714642859651, 'QED': 0.029155463972519786, 'weight': 17.526005257247803, 'Novelty': 0.9407317331077508}
Epoch: 69:
	Train Loss: 0.332 --- Reconstruction Loss: 0.319 --- KL Loss: 13.581 --- Beta: 0.001000
	Validity: 0.73% --- Uniquene@1000: 0.99% --- Unique@10000: 0.92%

{'valid': 0.6096666666666667, 'unique@1000': 0.985, 'unique@10000': 0.9134, 'FCD/Test': 13.469337145148572, 'SNN/Test': 0.5485354961015736, 'Frag/Test': 0.8976475035359357, 'Scaf/Test': 0.3396172974166696, 'FCD/TestSF': 14.001734726185191, 'SNN/TestSF': 0.5079088926559723, 'Frag/TestSF': 0.8935460313962907, 'Scaf/TestSF': 0.08415329605020783, 'IntDiv': 0.8475639271017812, 'IntDiv2': 0.8371906388878839, 'Filters': 0.9727720065609623, 'logP': 0.22889021404304444, 'SA': 0.0787507248832281, 'QED': 0.017978033561897016, 'weight': 19.19119697510691, 'Novelty': 0.9271339347675226}
Epoch: 70:
	Train Loss: 0.331 --- Reconstruction Loss: 0.317 --- KL Loss: 13.524 --- Beta: 0.001000
	Validity: 0.61% --- Uniquene@1000: 0.98% --- Unique@10000: 0.91%

{'valid': 0.6861999999999999, 'unique@1000': 0.984, 'unique@10000': 0.9174, 'FCD/Test': 13.61260061902972, 'SNN/Test': 0.5535864089772627, 'Frag/Test': 0.8987584292253047, 'Scaf/Test': 0.40455359077907016, 'FCD/TestSF': 14.12612815469852, 'SNN/TestSF': 0.5100261011876345, 'Frag/TestSF': 0.8950972632180025, 'Scaf/TestSF': 0.0659835940087915, 'IntDiv': 0.8430260860266181, 'IntDiv2': 0.8328869736751352, 'Filters': 0.9750801515593122, 'logP': 0.2876648921117048, 'SA': 0.11780363210327942, 'QED': 0.015488447153777169, 'weight': 17.055763591628935, 'Novelty': 0.9253168121655871}
Epoch: 71:
	Train Loss: 0.329 --- Reconstruction Loss: 0.315 --- KL Loss: 13.574 --- Beta: 0.001000
	Validity: 0.69% --- Uniquene@1000: 0.98% --- Unique@10000: 0.92%

{'valid': 0.6767333333333334, 'unique@1000': 0.993, 'unique@10000': 0.9188, 'FCD/Test': 13.542154194855193, 'SNN/Test': 0.5451493071471631, 'Frag/Test': 0.886492110709315, 'Scaf/Test': 0.3294010419286637, 'FCD/TestSF': 14.125841565065286, 'SNN/TestSF': 0.49994535048528677, 'Frag/TestSF': 0.8813627073603492, 'Scaf/TestSF': 0.07407657006538404, 'IntDiv': 0.8480524164842451, 'IntDiv2': 0.837946346477842, 'Filters': 0.970988079992119, 'logP': 0.35802933497715084, 'SA': 0.08802094697251621, 'QED': 0.021033491640480795, 'weight': 21.416397460571503, 'Novelty': 0.9314625850340136}
Epoch: 72:
	Train Loss: 0.327 --- Reconstruction Loss: 0.313 --- KL Loss: 13.591 --- Beta: 0.001000
	Validity: 0.68% --- Uniquene@1000: 0.99% --- Unique@10000: 0.92%

{'valid': 0.5125666666666666, 'unique@1000': 0.979, 'unique@10000': 0.8929, 'FCD/Test': 13.957647373551701, 'SNN/Test': 0.5422021448941692, 'Frag/Test': 0.9080550499340054, 'Scaf/Test': 0.2761885953709271, 'FCD/TestSF': 14.357817487973676, 'SNN/TestSF': 0.49899098825383387, 'Frag/TestSF': 0.9033344088499927, 'Scaf/TestSF': 0.05615785397024209, 'IntDiv': 0.8459196372782241, 'IntDiv2': 0.8348776887537837, 'Filters': 0.9735318982896534, 'logP': 0.1700576134504159, 'SA': 0.05536350693832339, 'QED': 0.015591860633584876, 'weight': 18.247791235701985, 'Novelty': 0.9384708645904373}
Epoch: 73:
	Train Loss: 0.325 --- Reconstruction Loss: 0.312 --- KL Loss: 13.600 --- Beta: 0.001000
	Validity: 0.51% --- Uniquene@1000: 0.98% --- Unique@10000: 0.89%

{'valid': 0.3876333333333334, 'unique@1000': 0.984, 'unique@10000': 0.9187, 'FCD/Test': 12.48650090561739, 'SNN/Test': 0.5364348490862068, 'Frag/Test': 0.9026905993839833, 'Scaf/Test': 0.2854438177377745, 'FCD/TestSF': 13.03976179828021, 'SNN/TestSF': 0.4978276182557743, 'Frag/TestSF': 0.8983145867683848, 'Scaf/TestSF': 0.05869240927653585, 'IntDiv': 0.8515580549390229, 'IntDiv2': 0.8414035230030721, 'Filters': 0.9653452575457907, 'logP': 0.1435572216199968, 'SA': 0.03568697943447358, 'QED': 0.01420609644386822, 'weight': 22.180633496913487, 'Novelty': 0.9365650444991479}
Epoch: 74:
	Train Loss: 0.323 --- Reconstruction Loss: 0.310 --- KL Loss: 13.531 --- Beta: 0.001000
	Validity: 0.39% --- Uniquene@1000: 0.98% --- Unique@10000: 0.92%

{'valid': 0.6155666666666666, 'unique@1000': 0.986, 'unique@10000': 0.928, 'FCD/Test': 13.001548497699346, 'SNN/Test': 0.5472720372545807, 'Frag/Test': 0.8932439465179223, 'Scaf/Test': 0.3839501508443035, 'FCD/TestSF': 13.84691497844203, 'SNN/TestSF': 0.49938082730188493, 'Frag/TestSF': 0.886587270090773, 'Scaf/TestSF': 0.09183923358137625, 'IntDiv': 0.8444941108916287, 'IntDiv2': 0.8348463825354, 'Filters': 0.9803974657497158, 'logP': 0.10445972004146514, 'SA': 0.06868907552525845, 'QED': 0.02093071935165085, 'weight': 24.551877845076195, 'Novelty': 0.9269115212459378}
Epoch: 75:
	Train Loss: 0.322 --- Reconstruction Loss: 0.308 --- KL Loss: 13.540 --- Beta: 0.001000
	Validity: 0.62% --- Uniquene@1000: 0.99% --- Unique@10000: 0.93%

{'valid': 0.6331666666666667, 'unique@1000': 0.992, 'unique@10000': 0.8954, 'FCD/Test': 12.959967423801828, 'SNN/Test': 0.5570328776547393, 'Frag/Test': 0.9252746358948496, 'Scaf/Test': 0.3377221965766686, 'FCD/TestSF': 13.552132500229654, 'SNN/TestSF': 0.5132363278204028, 'Frag/TestSF': 0.9187703374016364, 'Scaf/TestSF': 0.05392245009469132, 'IntDiv': 0.840986292878092, 'IntDiv2': 0.8308570270724059, 'Filters': 0.9686233219268229, 'logP': 0.1919876518654666, 'SA': 0.09049268778836203, 'QED': 0.01592752694838244, 'weight': 21.938474559413702, 'Novelty': 0.9251871893286352}
Epoch: 76:
	Train Loss: 0.306 --- Reconstruction Loss: 0.303 --- KL Loss: 25.148 --- Beta: 0.000100
	Validity: 0.63% --- Uniquene@1000: 0.99% --- Unique@10000: 0.90%

/home/80027464/graphvae/metrics.py:527: UserWarning: Can't compute unique@10000.gen contains only 8949 molecules
  warnings.warn(
{'valid': 0.2983, 'unique@1000': 0.987, 'unique@10000': 0.9049055760420158, 'FCD/Test': 12.651803280697749, 'SNN/Test': 0.5173575742619173, 'Frag/Test': 0.9081154204353074, 'Scaf/Test': 0.2675195326380282, 'FCD/TestSF': 13.126707224242764, 'SNN/TestSF': 0.4759140167223407, 'Frag/TestSF': 0.9036077234405996, 'Scaf/TestSF': 0.046819058836480965, 'IntDiv': 0.8552845913818538, 'IntDiv2': 0.8455691078203623, 'Filters': 0.9560844787127053, 'logP': 0.08969619699124672, 'SA': 0.11874870200061627, 'QED': 0.013883649337171074, 'weight': 24.508928671864933, 'Novelty': 0.9456655964435663}
Epoch: 77:
	Train Loss: 0.305 --- Reconstruction Loss: 0.300 --- KL Loss: 25.696 --- Beta: 0.000172
	Validity: 0.30% --- Uniquene@1000: 0.99% --- Unique@10000: 0.90%

{'valid': 0.6956333333333333, 'unique@1000': 0.988, 'unique@10000': 0.8985, 'FCD/Test': 13.285806347116115, 'SNN/Test': 0.5579300148358051, 'Frag/Test': 0.9136518536176522, 'Scaf/Test': 0.3154466880340343, 'FCD/TestSF': 13.880638578308393, 'SNN/TestSF': 0.5088055101638098, 'Frag/TestSF': 0.9058670635065049, 'Scaf/TestSF': 0.07451570504706506, 'IntDiv': 0.838423203328184, 'IntDiv2': 0.8286591114900567, 'Filters': 0.970770041688629, 'logP': 0.13018347084422874, 'SA': 0.10131320556751622, 'QED': 0.01865196490596912, 'weight': 24.907864547804635, 'Novelty': 0.9211143527258167}
Epoch: 78:
	Train Loss: 0.305 --- Reconstruction Loss: 0.299 --- KL Loss: 23.671 --- Beta: 0.000244
	Validity: 0.70% --- Uniquene@1000: 0.99% --- Unique@10000: 0.90%

{'valid': 0.7092666666666667, 'unique@1000': 0.977, 'unique@10000': 0.8893, 'FCD/Test': 13.185657911462862, 'SNN/Test': 0.558682752671446, 'Frag/Test': 0.9192296713248248, 'Scaf/Test': 0.40057599745206596, 'FCD/TestSF': 13.86035653874228, 'SNN/TestSF': 0.5089211758716022, 'Frag/TestSF': 0.9107248946723241, 'Scaf/TestSF': 0.05798364758445851, 'IntDiv': 0.8389394255875755, 'IntDiv2': 0.8290385720568604, 'Filters': 0.9740107152927907, 'logP': 0.24778045900009604, 'SA': 0.08532693822192092, 'QED': 0.018245524587451753, 'weight': 20.464123219285508, 'Novelty': 0.9196601664956096}
Epoch: 79:
	Train Loss: 0.305 --- Reconstruction Loss: 0.298 --- KL Loss: 21.971 --- Beta: 0.000316
	Validity: 0.71% --- Uniquene@1000: 0.98% --- Unique@10000: 0.89%

{'valid': 0.7299666666666667, 'unique@1000': 0.993, 'unique@10000': 0.9166, 'FCD/Test': 13.881656592002315, 'SNN/Test': 0.5373371040907085, 'Frag/Test': 0.9149342604888685, 'Scaf/Test': 0.2931432423725764, 'FCD/TestSF': 14.350744712454308, 'SNN/TestSF': 0.49502885756106013, 'Frag/TestSF': 0.9104085861697448, 'Scaf/TestSF': 0.06183512543217662, 'IntDiv': 0.8468072082962119, 'IntDiv2': 0.8370577361497891, 'Filters': 0.9670761221973606, 'logP': 0.2762902304710743, 'SA': 0.029700142870105438, 'QED': 0.019463915707638366, 'weight': 18.031083576135376, 'Novelty': 0.9342700516259513}
Epoch: 80:
	Train Loss: 0.305 --- Reconstruction Loss: 0.297 --- KL Loss: 20.572 --- Beta: 0.000388
	Validity: 0.73% --- Uniquene@1000: 0.99% --- Unique@10000: 0.92%

{'valid': 0.6020666666666667, 'unique@1000': 0.989, 'unique@10000': 0.9098, 'FCD/Test': 12.684335306462685, 'SNN/Test': 0.5513305154938117, 'Frag/Test': 0.9141671605701464, 'Scaf/Test': 0.3379396245565759, 'FCD/TestSF': 13.42380045268709, 'SNN/TestSF': 0.504077635629571, 'Frag/TestSF': 0.9080641303225195, 'Scaf/TestSF': 0.06255839428491561, 'IntDiv': 0.8459587031689138, 'IntDiv2': 0.8361599140737626, 'Filters': 0.9672240062008637, 'logP': 0.14132656393638493, 'SA': 0.0619638460049068, 'QED': 0.016416730392564877, 'weight': 23.865867512999614, 'Novelty': 0.9220016595391587}
Epoch: 81:
	Train Loss: 0.305 --- Reconstruction Loss: 0.296 --- KL Loss: 19.436 --- Beta: 0.000460
	Validity: 0.60% --- Uniquene@1000: 0.99% --- Unique@10000: 0.91%

{'valid': 0.6840333333333333, 'unique@1000': 0.989, 'unique@10000': 0.9249, 'FCD/Test': 12.408927577086516, 'SNN/Test': 0.5402453108597415, 'Frag/Test': 0.9182650317229251, 'Scaf/Test': 0.3424321979999425, 'FCD/TestSF': 12.938421039769224, 'SNN/TestSF': 0.49577244045464747, 'Frag/TestSF': 0.9130236719415616, 'Scaf/TestSF': 0.06398802174602558, 'IntDiv': 0.8509125455746392, 'IntDiv2': 0.8414667052491837, 'Filters': 0.9749524876955314, 'logP': 0.21499466082742627, 'SA': 0.03325080042785361, 'QED': 0.01770302803287768, 'weight': 23.949739115955666, 'Novelty': 0.9319426769213744}
Epoch: 82:
	Train Loss: 0.304 --- Reconstruction Loss: 0.294 --- KL Loss: 18.437 --- Beta: 0.000532
	Validity: 0.68% --- Uniquene@1000: 0.99% --- Unique@10000: 0.92%

{'valid': 0.6367, 'unique@1000': 0.989, 'unique@10000': 0.9272, 'FCD/Test': 12.756552592967992, 'SNN/Test': 0.5444516912886724, 'Frag/Test': 0.9056782673922513, 'Scaf/Test': 0.37075298547971447, 'FCD/TestSF': 13.45209718310096, 'SNN/TestSF': 0.4974796663230392, 'Frag/TestSF': 0.89940744313219, 'Scaf/TestSF': 0.07025256904206467, 'IntDiv': 0.8475413024963727, 'IntDiv2': 0.837824066572428, 'Filters': 0.9697398041987331, 'logP': 0.15557070728147446, 'SA': 0.05623929805699971, 'QED': 0.01720163462886104, 'weight': 23.5728348252603, 'Novelty': 0.9311970402195966}
Epoch: 83:
	Train Loss: 0.305 --- Reconstruction Loss: 0.294 --- KL Loss: 17.625 --- Beta: 0.000604
	Validity: 0.64% --- Uniquene@1000: 0.99% --- Unique@10000: 0.93%

{'valid': 0.5344666666666666, 'unique@1000': 0.994, 'unique@10000': 0.9249, 'FCD/Test': 12.666727088336629, 'SNN/Test': 0.5230011966693308, 'Frag/Test': 0.8999942298659851, 'Scaf/Test': 0.30594564521285217, 'FCD/TestSF': 13.47622750716404, 'SNN/TestSF': 0.47802146273081153, 'Frag/TestSF': 0.8947655335752137, 'Scaf/TestSF': 0.05556592646816705, 'IntDiv': 0.8535019634978102, 'IntDiv2': 0.8439123413737462, 'Filters': 0.9652613196956468, 'logP': 0.0768090494743181, 'SA': 0.041866644651102534, 'QED': 0.01577350709564671, 'weight': 23.38246407470489, 'Novelty': 0.9439031180400891}
Epoch: 84:
	Train Loss: 0.304 --- Reconstruction Loss: 0.292 --- KL Loss: 16.920 --- Beta: 0.000676
	Validity: 0.53% --- Uniquene@1000: 0.99% --- Unique@10000: 0.92%

{'valid': 0.7364333333333333, 'unique@1000': 0.994, 'unique@10000': 0.9372, 'FCD/Test': 12.363964878736823, 'SNN/Test': 0.5468045780193659, 'Frag/Test': 0.8947087874312154, 'Scaf/Test': 0.3774831449860294, 'FCD/TestSF': 13.176161198101738, 'SNN/TestSF': 0.4998804798142084, 'Frag/TestSF': 0.8881974315091079, 'Scaf/TestSF': 0.05589480915520384, 'IntDiv': 0.8440455416999466, 'IntDiv2': 0.8345267293634059, 'Filters': 0.9630652242791835, 'logP': 0.20416511954899633, 'SA': 0.06156537900979985, 'QED': 0.018633936958762882, 'weight': 18.993840017760196, 'Novelty': 0.9346204923894167}
Epoch: 85:
	Train Loss: 0.304 --- Reconstruction Loss: 0.292 --- KL Loss: 16.160 --- Beta: 0.000748
	Validity: 0.74% --- Uniquene@1000: 0.99% --- Unique@10000: 0.94%

{'valid': 0.7532, 'unique@1000': 0.99, 'unique@10000': 0.9378, 'FCD/Test': 11.60955338912909, 'SNN/Test': 0.5478872051385044, 'Frag/Test': 0.9093773921557596, 'Scaf/Test': 0.37605120117853597, 'FCD/TestSF': 12.363369792508706, 'SNN/TestSF': 0.5024235278894246, 'Frag/TestSF': 0.9032924837374086, 'Scaf/TestSF': 0.06185202015944136, 'IntDiv': 0.8467002168816344, 'IntDiv2': 0.8373040387046807, 'Filters': 0.976456009913259, 'logP': 0.09351103519492754, 'SA': 0.073971034422931, 'QED': 0.020247343672427507, 'weight': 23.254976746442573, 'Novelty': 0.9288496105452366}
Epoch: 86:
	Train Loss: 0.303 --- Reconstruction Loss: 0.291 --- KL Loss: 15.551 --- Beta: 0.000820
	Validity: 0.75% --- Uniquene@1000: 0.99% --- Unique@10000: 0.94%

{'valid': 0.63, 'unique@1000': 0.994, 'unique@10000': 0.9376, 'FCD/Test': 12.889280177223725, 'SNN/Test': 0.5333121819967631, 'Frag/Test': 0.9035537453226484, 'Scaf/Test': 0.3611872513963317, 'FCD/TestSF': 13.485994472853818, 'SNN/TestSF': 0.49267195053280344, 'Frag/TestSF': 0.8998219552573357, 'Scaf/TestSF': 0.06059072377325825, 'IntDiv': 0.8484090827253944, 'IntDiv2': 0.8387987705916684, 'Filters': 0.9711111111111111, 'logP': 0.2712436232798704, 'SA': 0.03650194758020203, 'QED': 0.018016286113170906, 'weight': 17.9831557773196, 'Novelty': 0.9375515980658097}
Epoch: 87:
	Train Loss: 0.303 --- Reconstruction Loss: 0.290 --- KL Loss: 15.020 --- Beta: 0.000892
	Validity: 0.63% --- Uniquene@1000: 0.99% --- Unique@10000: 0.94%

{'valid': 0.6881999999999999, 'unique@1000': 0.992, 'unique@10000': 0.9493, 'FCD/Test': 12.415380217923314, 'SNN/Test': 0.5290386896372234, 'Frag/Test': 0.8764479352330272, 'Scaf/Test': 0.3490292450373289, 'FCD/TestSF': 13.084147204439532, 'SNN/TestSF': 0.4880517834252042, 'Frag/TestSF': 0.8722392987595724, 'Scaf/TestSF': 0.06405313641427379, 'IntDiv': 0.849360950108141, 'IntDiv2': 0.840048375194616, 'Filters': 0.9622202848009299, 'logP': 0.08782964183411802, 'SA': 0.02456966318024324, 'QED': 0.03297536121584057, 'weight': 18.613141724654067, 'Novelty': 0.9434808133639323}
Epoch: 88:
	Train Loss: 0.303 --- Reconstruction Loss: 0.289 --- KL Loss: 14.472 --- Beta: 0.000964
	Validity: 0.69% --- Uniquene@1000: 0.99% --- Unique@10000: 0.95%

{'valid': 0.6247666666666667, 'unique@1000': 0.996, 'unique@10000': 0.9495, 'FCD/Test': 12.347524721185536, 'SNN/Test': 0.5325327180276296, 'Frag/Test': 0.8877306320869817, 'Scaf/Test': 0.3724163214767128, 'FCD/TestSF': 12.843470201588104, 'SNN/TestSF': 0.4923382770525114, 'Frag/TestSF': 0.8833063943534333, 'Scaf/TestSF': 0.07194500234017143, 'IntDiv': 0.8543843562133283, 'IntDiv2': 0.8450555699547246, 'Filters': 0.9726831350370805, 'logP': 0.18552348522661902, 'SA': 0.028095206241255336, 'QED': 0.01952370651371257, 'weight': 19.58901549935453, 'Novelty': 0.9318512483268346}
Epoch: 89:
	Train Loss: 0.302 --- Reconstruction Loss: 0.288 --- KL Loss: 14.155 --- Beta: 0.001000
	Validity: 0.62% --- Uniquene@1000: 1.00% --- Unique@10000: 0.95%

{'valid': 0.5467666666666666, 'unique@1000': 0.993, 'unique@10000': 0.9366, 'FCD/Test': 13.102076429408413, 'SNN/Test': 0.5274599184415721, 'Frag/Test': 0.8647600941882775, 'Scaf/Test': 0.2860083720704447, 'FCD/TestSF': 13.644664880010765, 'SNN/TestSF': 0.4859977911458047, 'Frag/TestSF': 0.8626615477005329, 'Scaf/TestSF': 0.06198834769978723, 'IntDiv': 0.8546986264783208, 'IntDiv2': 0.8448420207231865, 'Filters': 0.966774370541974, 'logP': 0.2069876688762864, 'SA': 0.03291987610933412, 'QED': 0.01625771783941464, 'weight': 19.52477342954735, 'Novelty': 0.942845669923705}
Epoch: 90:
	Train Loss: 0.301 --- Reconstruction Loss: 0.286 --- KL Loss: 14.198 --- Beta: 0.001000
	Validity: 0.55% --- Uniquene@1000: 0.99% --- Unique@10000: 0.94%

{'valid': 0.6285000000000001, 'unique@1000': 0.999, 'unique@10000': 0.9517, 'FCD/Test': 12.207038881466033, 'SNN/Test': 0.5333773293385484, 'Frag/Test': 0.8883930228058832, 'Scaf/Test': 0.34906733895208863, 'FCD/TestSF': 12.80143965831762, 'SNN/TestSF': 0.492107598743177, 'Frag/TestSF': 0.8843506309640498, 'Scaf/TestSF': 0.059979326356327856, 'IntDiv': 0.8497713096389728, 'IntDiv2': 0.8406365398600636, 'Filters': 0.9704057279236277, 'logP': 0.18001511785902433, 'SA': 0.02178276131825859, 'QED': 0.024183463944917247, 'weight': 21.023091479363348, 'Novelty': 0.9409796342237351}
Epoch: 91:
	Train Loss: 0.299 --- Reconstruction Loss: 0.285 --- KL Loss: 14.092 --- Beta: 0.001000
	Validity: 0.63% --- Uniquene@1000: 1.00% --- Unique@10000: 0.95%

{'valid': 0.6327666666666667, 'unique@1000': 0.996, 'unique@10000': 0.9542, 'FCD/Test': 12.549333643500091, 'SNN/Test': 0.5237902861231968, 'Frag/Test': 0.8879283721642046, 'Scaf/Test': 0.35279476465725956, 'FCD/TestSF': 13.228618870210859, 'SNN/TestSF': 0.48377255719328355, 'Frag/TestSF': 0.8839863189473857, 'Scaf/TestSF': 0.08162135388858838, 'IntDiv': 0.8545513520184305, 'IntDiv2': 0.8453617697337574, 'Filters': 0.9684454511931728, 'logP': 0.1242264340375142, 'SA': 0.028698374361030288, 'QED': 0.020587144933648133, 'weight': 22.364684719878348, 'Novelty': 0.9415825203947744}
Epoch: 92:
	Train Loss: 0.299 --- Reconstruction Loss: 0.285 --- KL Loss: 14.138 --- Beta: 0.001000
	Validity: 0.63% --- Uniquene@1000: 1.00% --- Unique@10000: 0.95%

{'valid': 0.7162333333333333, 'unique@1000': 0.991, 'unique@10000': 0.9476, 'FCD/Test': 13.137313042582633, 'SNN/Test': 0.5297396957254312, 'Frag/Test': 0.8743446598152497, 'Scaf/Test': 0.3631534081376533, 'FCD/TestSF': 13.727392085717014, 'SNN/TestSF': 0.4897088357012707, 'Frag/TestSF': 0.8717545806466566, 'Scaf/TestSF': 0.07078852968230986, 'IntDiv': 0.8523608768696082, 'IntDiv2': 0.8428942544328848, 'Filters': 0.9678875599199516, 'logP': 0.18368054858071314, 'SA': 0.02818655904981628, 'QED': 0.020880395669416987, 'weight': 19.937959301848927, 'Novelty': 0.9424898857991499}
Epoch: 93:
	Train Loss: 0.297 --- Reconstruction Loss: 0.283 --- KL Loss: 14.090 --- Beta: 0.001000
	Validity: 0.72% --- Uniquene@1000: 0.99% --- Unique@10000: 0.95%

{'valid': 0.6375333333333333, 'unique@1000': 0.991, 'unique@10000': 0.9575, 'FCD/Test': 12.883487450859242, 'SNN/Test': 0.5205297266964531, 'Frag/Test': 0.8753998514920922, 'Scaf/Test': 0.37337786944900964, 'FCD/TestSF': 13.63773103682395, 'SNN/TestSF': 0.4766506963938983, 'Frag/TestSF': 0.8712642805876964, 'Scaf/TestSF': 0.05993479526354517, 'IntDiv': 0.8533794268059552, 'IntDiv2': 0.8441526493169713, 'Filters': 0.9673742549409181, 'logP': 0.1815768386506332, 'SA': 0.024246796054363803, 'QED': 0.03431159548417636, 'weight': 15.263040331298843, 'Novelty': 0.9461469130238847}
Epoch: 94:
	Train Loss: 0.296 --- Reconstruction Loss: 0.282 --- KL Loss: 14.092 --- Beta: 0.001000
	Validity: 0.64% --- Uniquene@1000: 0.99% --- Unique@10000: 0.96%

{'valid': 0.7129333333333333, 'unique@1000': 0.993, 'unique@10000': 0.9519, 'FCD/Test': 11.902404377729027, 'SNN/Test': 0.5321103659405683, 'Frag/Test': 0.9007828686578266, 'Scaf/Test': 0.3736968875490674, 'FCD/TestSF': 12.571720843481458, 'SNN/TestSF': 0.49230113004412474, 'Frag/TestSF': 0.8961826749896958, 'Scaf/TestSF': 0.08476020072560231, 'IntDiv': 0.8515012397430556, 'IntDiv2': 0.8423571117636361, 'Filters': 0.9717598653450533, 'logP': 0.16366390566339767, 'SA': 0.023936410078546556, 'QED': 0.019608906551412928, 'weight': 18.575411216325396, 'Novelty': 0.9409330131316744}
Epoch: 95:
	Train Loss: 0.295 --- Reconstruction Loss: 0.281 --- KL Loss: 14.142 --- Beta: 0.001000
	Validity: 0.71% --- Uniquene@1000: 0.99% --- Unique@10000: 0.95%

{'valid': 0.6555, 'unique@1000': 0.994, 'unique@10000': 0.9496, 'FCD/Test': 12.430546200192808, 'SNN/Test': 0.5288911384926053, 'Frag/Test': 0.8879602980562892, 'Scaf/Test': 0.34653803761743995, 'FCD/TestSF': 13.170114582239279, 'SNN/TestSF': 0.4860342952440084, 'Frag/TestSF': 0.8842274721423921, 'Scaf/TestSF': 0.0766391722833325, 'IntDiv': 0.8529997880551439, 'IntDiv2': 0.8436401852533311, 'Filters': 0.9702008644800407, 'logP': 0.1613280310315144, 'SA': 0.017954227739093345, 'QED': 0.018265011551449002, 'weight': 20.107150868005995, 'Novelty': 0.939552197344297}
Epoch: 96:
	Train Loss: 0.294 --- Reconstruction Loss: 0.280 --- KL Loss: 14.148 --- Beta: 0.001000
	Validity: 0.66% --- Uniquene@1000: 0.99% --- Unique@10000: 0.95%

{'valid': 0.7308666666666667, 'unique@1000': 0.991, 'unique@10000': 0.9489, 'FCD/Test': 13.511984286566232, 'SNN/Test': 0.533069663126272, 'Frag/Test': 0.879774786504216, 'Scaf/Test': 0.400468029342012, 'FCD/TestSF': 14.158268105757628, 'SNN/TestSF': 0.4898700407722087, 'Frag/TestSF': 0.8759231406072263, 'Scaf/TestSF': 0.09526040504521505, 'IntDiv': 0.8497412308416912, 'IntDiv2': 0.8402834380310508, 'Filters': 0.9724527957675818, 'logP': 0.20443666897235757, 'SA': 0.04447206590502598, 'QED': 0.019842421555034084, 'weight': 19.068755753257417, 'Novelty': 0.9365127276385954}
Epoch: 97:
	Train Loss: 0.292 --- Reconstruction Loss: 0.278 --- KL Loss: 14.074 --- Beta: 0.001000
	Validity: 0.73% --- Uniquene@1000: 0.99% --- Unique@10000: 0.95%

{'valid': 0.7081666666666666, 'unique@1000': 0.99, 'unique@10000': 0.9521, 'FCD/Test': 11.750501508216715, 'SNN/Test': 0.5346014362429136, 'Frag/Test': 0.893994578930828, 'Scaf/Test': 0.39561367229074584, 'FCD/TestSF': 12.41261840130889, 'SNN/TestSF': 0.49398588596175325, 'Frag/TestSF': 0.8904921995241762, 'Scaf/TestSF': 0.06646260059845432, 'IntDiv': 0.8539420168373798, 'IntDiv2': 0.8443943165816951, 'Filters': 0.970157684160979, 'logP': 0.1984231128498111, 'SA': 0.030151571301483764, 'QED': 0.016080614637403488, 'weight': 21.439602125632327, 'Novelty': 0.9377548387096775}
Epoch: 98:
	Train Loss: 0.292 --- Reconstruction Loss: 0.277 --- KL Loss: 14.166 --- Beta: 0.001000
	Validity: 0.71% --- Uniquene@1000: 0.99% --- Unique@10000: 0.95%

{'valid': 0.5320666666666667, 'unique@1000': 0.995, 'unique@10000': 0.9562, 'FCD/Test': 12.26673952194362, 'SNN/Test': 0.5183676233793572, 'Frag/Test': 0.8879798868314105, 'Scaf/Test': 0.3273401291509128, 'FCD/TestSF': 13.022508450624272, 'SNN/TestSF': 0.47746277395054715, 'Frag/TestSF': 0.8839010645962743, 'Scaf/TestSF': 0.07129134856991526, 'IntDiv': 0.8559323427436324, 'IntDiv2': 0.8468661376690756, 'Filters': 0.9642275404084701, 'logP': 0.08037491246585435, 'SA': 0.0441271606589188, 'QED': 0.020614236947476584, 'weight': 23.222687503358607, 'Novelty': 0.9442394148829095}
Epoch: 99:
	Train Loss: 0.290 --- Reconstruction Loss: 0.276 --- KL Loss: 14.126 --- Beta: 0.001000
	Validity: 0.53% --- Uniquene@1000: 0.99% --- Unique@10000: 0.96%

{'valid': 0.7754666666666666, 'unique@1000': 0.994, 'unique@10000': 0.958, 'FCD/Test': 12.483349610364343, 'SNN/Test': 0.5206485211047276, 'Frag/Test': 0.8711845687762267, 'Scaf/Test': 0.3551731518798207, 'FCD/TestSF': 13.067592422255771, 'SNN/TestSF': 0.4822056654986747, 'Frag/TestSF': 0.867692032482668, 'Scaf/TestSF': 0.06620651546283018, 'IntDiv': 0.8550847055468739, 'IntDiv2': 0.8461401550601575, 'Filters': 0.9696096973865199, 'logP': 0.1946432035919919, 'SA': 0.02961395133494018, 'QED': 0.019553607144729722, 'weight': 18.62725443538506, 'Novelty': 0.9468477297120724}
Epoch: 100:
	Train Loss: 0.289 --- Reconstruction Loss: 0.275 --- KL Loss: 14.158 --- Beta: 0.001000
	Validity: 0.78% --- Uniquene@1000: 0.99% --- Unique@10000: 0.96%

