2024-02-15 02:31:21.114483: E external/local_xla/xla/stream_executor/cuda/cuda_dnn.cc:9261] Unable to register cuDNN factory: Attempting to register factory for plugin cuDNN when one has already been registered
2024-02-15 02:31:21.114543: E external/local_xla/xla/stream_executor/cuda/cuda_fft.cc:607] Unable to register cuFFT factory: Attempting to register factory for plugin cuFFT when one has already been registered
2024-02-15 02:31:21.115985: E external/local_xla/xla/stream_executor/cuda/cuda_blas.cc:1515] Unable to register cuBLAS factory: Attempting to register factory for plugin cuBLAS when one has already been registered
2024-02-15 02:31:21.121881: I tensorflow/core/platform/cpu_feature_guard.cc:182] This TensorFlow binary is optimized to use available CPU instructions in performance-critical operations.
To enable the following instructions: AVX2 FMA, in other operations, rebuild TensorFlow with the appropriate compiler flags.
2024-02-15 02:31:21.947484: W tensorflow/compiler/tf2tensorrt/utils/py_utils.cc:38] TF-TRT Warning: Could not find TensorRT

Arguments:
	data_path: data/moses_train.txt
	max_len: 30
	batch: 128
	d_model: 512
	d_latent: 256
	d_ff: 1024
	e_heads: 1
	d_heads: 8
	n_layers: 6
	dropout: 0.5
	lr: 0.0005
	n_epochs: 80
	kl_type: cyclic
	kl_w_start: 0.0001
	kl_w_end: 0.001
	kl_cycle: 2
	kl_ratio: 0.5
	save_name: klcompare

Number of data: 88192

SMILES Vocab:
	 {'<START>': 0, '<END>': 1, '<PAD>': 2, 'C': 3, 'O': 4, 'c': 5, '1': 6, '(': 7, '=': 8, ')': 9, 'N': 10, 'n': 11, '2': 12, 'F': 13, 'Cl': 14, 'Br': 15, '#': 16, '3': 17, 'S': 18, 'o': 19, '-': 20, 's': 21, '[nH]': 22, '4': 23}

Graph Vocab:
	 {'C': 0, 'O': 1, 'N': 2, 'F': 3, 'Cl': 4, 'Br': 5, 'S': 6}


KL Annealer: [0.0001   0.000145 0.00019  0.000235 0.00028  0.000325 0.00037  0.000415
 0.00046  0.000505 0.00055  0.000595 0.00064  0.000685 0.00073  0.000775
 0.00082  0.000865 0.00091  0.000955 0.001    0.001    0.001    0.001
 0.001    0.001    0.001    0.001    0.001    0.001    0.001    0.001
 0.001    0.001    0.001    0.001    0.001    0.001    0.001    0.001
 0.0001   0.000145 0.00019  0.000235 0.00028  0.000325 0.00037  0.000415
 0.00046  0.000505 0.00055  0.000595 0.00064  0.000685 0.00073  0.000775
 0.00082  0.000865 0.00091  0.000955 0.001    0.001    0.001    0.001
 0.001    0.001    0.001    0.001    0.001    0.001    0.001    0.001
 0.001    0.001    0.001    0.001    0.001    0.001    0.001    0.001   ]




#########################################################################
######################### START TRAINING ################################
#########################################################################




{'valid': 0.6262, 'unique@1000': 0.843, 'unique@10000': 0.5565, 'FCD/Test': 22.045672831595397, 'SNN/Test': 0.6139940547437684, 'Frag/Test': 0.8435064096927894, 'Scaf/Test': 0.2734577377961922, 'FCD/TestSF': 23.130447756476826, 'SNN/TestSF': 0.5464695909487977, 'Frag/TestSF': 0.8321003108730345, 'Scaf/TestSF': 0.05062046750225879, 'IntDiv': 0.7790995261839395, 'IntDiv2': 0.764845885640488, 'Filters': 0.9782284680080912, 'logP': 0.1584451707011924, 'SA': 0.3035435760553398, 'QED': 0.0786997403672768, 'weight': 13.696636054726344, 'Novelty': 0.930623367775633}
Epoch: 31:
	Train Loss: 0.470 --- Reconstruction Loss: 0.456 --- KL Loss: 14.081 --- Beta: 0.001000
	Validity: 0.63% --- Uniquene@1000: 0.84% --- Unique@10000: 0.56%

/home/80027464/graphvae/metrics.py:527: UserWarning: Can't compute unique@10000.gen contains only 9771 molecules
  warnings.warn(
{'valid': 0.3257, 'unique@1000': 0.874, 'unique@10000': 0.5637089346023948, 'FCD/Test': 22.208740689375972, 'SNN/Test': 0.5793507244411626, 'Frag/Test': 0.8380469271109506, 'Scaf/Test': 0.14577104147285613, 'FCD/TestSF': 23.32073260787991, 'SNN/TestSF': 0.5140488841826835, 'Frag/TestSF': 0.825792115644007, 'Scaf/TestSF': 0.02873654948128268, 'IntDiv': 0.775271081561152, 'IntDiv2': 0.7618467445368815, 'Filters': 0.9836250127929588, 'logP': 0.16314345044464384, 'SA': 0.19925266419568952, 'QED': 0.10011667773323302, 'weight': 9.294310552129016, 'Novelty': 0.9576978939724038}
Epoch: 32:
	Train Loss: 0.465 --- Reconstruction Loss: 0.451 --- KL Loss: 13.788 --- Beta: 0.001000
	Validity: 0.33% --- Uniquene@1000: 0.87% --- Unique@10000: 0.56%

{'valid': 0.4163, 'unique@1000': 0.904, 'unique@10000': 0.6158, 'FCD/Test': 22.53827203939015, 'SNN/Test': 0.587242070718823, 'Frag/Test': 0.8238838893665161, 'Scaf/Test': 0.1846898040056909, 'FCD/TestSF': 23.711229734679726, 'SNN/TestSF': 0.5059970797315706, 'Frag/TestSF': 0.8094563679240113, 'Scaf/TestSF': 0.03649628626047052, 'IntDiv': 0.7792843466010284, 'IntDiv2': 0.7655639491018442, 'Filters': 0.987268796540956, 'logP': 0.1392992376952361, 'SA': 0.21203593768069934, 'QED': 0.10301462422548498, 'weight': 8.80986930932881, 'Novelty': 0.9457608546774414}
Epoch: 33:
	Train Loss: 0.459 --- Reconstruction Loss: 0.446 --- KL Loss: 13.269 --- Beta: 0.001000
	Validity: 0.42% --- Uniquene@1000: 0.90% --- Unique@10000: 0.62%

{'valid': 0.3746666666666667, 'unique@1000': 0.921, 'unique@10000': 0.6701, 'FCD/Test': 19.11769282482075, 'SNN/Test': 0.5666029424747963, 'Frag/Test': 0.8407047709602882, 'Scaf/Test': 0.1593580936253287, 'FCD/TestSF': 20.235203058252004, 'SNN/TestSF': 0.493494490084646, 'Frag/TestSF': 0.8260510353196333, 'Scaf/TestSF': 0.017095484700030306, 'IntDiv': 0.7979700423059966, 'IntDiv2': 0.7843713762754615, 'Filters': 0.9637900355871886, 'logP': 0.17231601370378818, 'SA': 0.14858415240154443, 'QED': 0.09178837215738579, 'weight': 7.86142684918106, 'Novelty': 0.9570786210655403}
Epoch: 34:
	Train Loss: 0.454 --- Reconstruction Loss: 0.441 --- KL Loss: 12.982 --- Beta: 0.001000
	Validity: 0.37% --- Uniquene@1000: 0.92% --- Unique@10000: 0.67%

{'valid': 0.45733333333333337, 'unique@1000': 0.916, 'unique@10000': 0.683, 'FCD/Test': 17.764367429248814, 'SNN/Test': 0.5888497720404634, 'Frag/Test': 0.8769477144008939, 'Scaf/Test': 0.34221289405279487, 'FCD/TestSF': 18.934883908765613, 'SNN/TestSF': 0.5225856118512396, 'Frag/TestSF': 0.8653023512597219, 'Scaf/TestSF': 0.031402958755515686, 'IntDiv': 0.8023662845462355, 'IntDiv2': 0.7896570425541494, 'Filters': 0.9831632653061224, 'logP': 0.19580916496661846, 'SA': 0.2200659686687003, 'QED': 0.08095263556367906, 'weight': 12.333492130741257, 'Novelty': 0.9457954545454546}
Epoch: 35:
	Train Loss: 0.449 --- Reconstruction Loss: 0.436 --- KL Loss: 12.771 --- Beta: 0.001000
	Validity: 0.46% --- Uniquene@1000: 0.92% --- Unique@10000: 0.68%

/home/80027464/graphvae/metrics.py:527: UserWarning: Can't compute unique@10000.gen contains only 8757 molecules
  warnings.warn(
{'valid': 0.29190000000000005, 'unique@1000': 0.93, 'unique@10000': 0.7085759963457805, 'FCD/Test': 17.972259468616173, 'SNN/Test': 0.5672331958842411, 'Frag/Test': 0.8354271548304626, 'Scaf/Test': 0.20535587953182177, 'FCD/TestSF': 19.154499817278456, 'SNN/TestSF': 0.49984700688525424, 'Frag/TestSF': 0.8221818637986049, 'Scaf/TestSF': 0.018756208331095148, 'IntDiv': 0.8036205359692395, 'IntDiv2': 0.7904865404603232, 'Filters': 0.9614023067260478, 'logP': 0.13666311769241044, 'SA': 0.14788707075314675, 'QED': 0.10202879331704494, 'weight': 11.9869161290253, 'Novelty': 0.9527800161160355}
Epoch: 36:
	Train Loss: 0.445 --- Reconstruction Loss: 0.432 --- KL Loss: 12.478 --- Beta: 0.001000
	Validity: 0.29% --- Uniquene@1000: 0.93% --- Unique@10000: 0.71%

{'valid': 0.4309666666666667, 'unique@1000': 0.906, 'unique@10000': 0.6979, 'FCD/Test': 17.74195562077324, 'SNN/Test': 0.5793889577717559, 'Frag/Test': 0.8590399092681236, 'Scaf/Test': 0.2347622052486007, 'FCD/TestSF': 18.786839050114878, 'SNN/TestSF': 0.5283012965195453, 'Frag/TestSF': 0.847513834517635, 'Scaf/TestSF': 0.040195735316285175, 'IntDiv': 0.8013698516720683, 'IntDiv2': 0.7886251308869345, 'Filters': 0.979658132879573, 'logP': 0.12287524814926469, 'SA': 0.20523699866952563, 'QED': 0.07053156832811992, 'weight': 12.402679717331726, 'Novelty': 0.9459491010973616}
Epoch: 37:
	Train Loss: 0.440 --- Reconstruction Loss: 0.427 --- KL Loss: 12.302 --- Beta: 0.001000
	Validity: 0.43% --- Uniquene@1000: 0.91% --- Unique@10000: 0.70%

{'valid': 0.3718, 'unique@1000': 0.938, 'unique@10000': 0.7466, 'FCD/Test': 15.335420509138594, 'SNN/Test': 0.5725696574931977, 'Frag/Test': 0.87685278728427, 'Scaf/Test': 0.2722993935082183, 'FCD/TestSF': 16.063411035697094, 'SNN/TestSF': 0.5200990017343854, 'Frag/TestSF': 0.8661400541852663, 'Scaf/TestSF': 0.03247595583685836, 'IntDiv': 0.813695078401617, 'IntDiv2': 0.8022255618463281, 'Filters': 0.9811726734803657, 'logP': 0.12496994594006272, 'SA': 0.16368625179770765, 'QED': 0.05816137875728513, 'weight': 14.41165069295395, 'Novelty': 0.9420041600391533}
Epoch: 38:
	Train Loss: 0.436 --- Reconstruction Loss: 0.424 --- KL Loss: 12.162 --- Beta: 0.001000
	Validity: 0.37% --- Uniquene@1000: 0.94% --- Unique@10000: 0.75%

/home/80027464/graphvae/metrics.py:527: UserWarning: Can't compute unique@10000.gen contains only 9848 molecules
  warnings.warn(
{'valid': 0.3282666666666667, 'unique@1000': 0.911, 'unique@10000': 0.6894800974817222, 'FCD/Test': 15.968401565246673, 'SNN/Test': 0.5681554483254323, 'Frag/Test': 0.8236276663723403, 'Scaf/Test': 0.2316044618484121, 'FCD/TestSF': 16.93890034469208, 'SNN/TestSF': 0.5073807689517882, 'Frag/TestSF': 0.8110402636393858, 'Scaf/TestSF': 0.04470423594002171, 'IntDiv': 0.8045543034844148, 'IntDiv2': 0.7925330593297122, 'Filters': 0.9506498781478473, 'logP': 0.0957323302224989, 'SA': 0.11765066648115223, 'QED': 0.08743265560832984, 'weight': 7.898772280275659, 'Novelty': 0.9490427098674521}
Epoch: 39:
	Train Loss: 0.432 --- Reconstruction Loss: 0.420 --- KL Loss: 11.979 --- Beta: 0.001000
	Validity: 0.33% --- Uniquene@1000: 0.91% --- Unique@10000: 0.69%

{'valid': 0.4618, 'unique@1000': 0.951, 'unique@10000': 0.7785, 'FCD/Test': 14.36269210665273, 'SNN/Test': 0.5715845642611116, 'Frag/Test': 0.8795394347853042, 'Scaf/Test': 0.27178267178931204, 'FCD/TestSF': 14.968957896498146, 'SNN/TestSF': 0.525728695637756, 'Frag/TestSF': 0.87061177467827, 'Scaf/TestSF': 0.048168151312812046, 'IntDiv': 0.8206754546516236, 'IntDiv2': 0.808995621619206, 'Filters': 0.9762523458928829, 'logP': 0.17073456999010148, 'SA': 0.13617499638263703, 'QED': 0.06154455119443383, 'weight': 8.930420080560554, 'Novelty': 0.9474398758727696}
Epoch: 40:
	Train Loss: 0.429 --- Reconstruction Loss: 0.417 --- KL Loss: 11.930 --- Beta: 0.001000
	Validity: 0.46% --- Uniquene@1000: 0.95% --- Unique@10000: 0.78%

{'valid': 0.4266333333333333, 'unique@1000': 0.926, 'unique@10000': 0.7175, 'FCD/Test': 16.86063485348138, 'SNN/Test': 0.5796635487236281, 'Frag/Test': 0.8856469525193158, 'Scaf/Test': 0.3215794004921666, 'FCD/TestSF': 17.87434888652288, 'SNN/TestSF': 0.5263137402096916, 'Frag/TestSF': 0.875386955594991, 'Scaf/TestSF': 0.08408629066109163, 'IntDiv': 0.8090398076243026, 'IntDiv2': 0.7976670257930761, 'Filters': 0.9652316587233377, 'logP': 0.13912651074636204, 'SA': 0.16452373999549855, 'QED': 0.04538221551787214, 'weight': 15.954412585732628, 'Novelty': 0.9393561550668783}
Epoch: 41:
	Train Loss: 0.411 --- Reconstruction Loss: 0.409 --- KL Loss: 24.572 --- Beta: 0.000100
	Validity: 0.43% --- Uniquene@1000: 0.93% --- Unique@10000: 0.72%

{'valid': 0.6132333333333333, 'unique@1000': 0.967, 'unique@10000': 0.7831, 'FCD/Test': 16.088849530969313, 'SNN/Test': 0.5674177250564308, 'Frag/Test': 0.9088877298045547, 'Scaf/Test': 0.30672367665294475, 'FCD/TestSF': 17.12149599321632, 'SNN/TestSF': 0.5050510926206663, 'Frag/TestSF': 0.8969990587284226, 'Scaf/TestSF': 0.05062794122965386, 'IntDiv': 0.8127524263682081, 'IntDiv2': 0.8012480964848897, 'Filters': 0.9765179105288906, 'logP': 0.32725370577858703, 'SA': 0.15728351362736515, 'QED': 0.059741025822142066, 'weight': 15.876527988796264, 'Novelty': 0.9460354118552733}
Epoch: 42:
	Train Loss: 0.407 --- Reconstruction Loss: 0.404 --- KL Loss: 25.322 --- Beta: 0.000145
	Validity: 0.61% --- Uniquene@1000: 0.97% --- Unique@10000: 0.78%

{'valid': 0.6251666666666666, 'unique@1000': 0.961, 'unique@10000': 0.7683, 'FCD/Test': 17.210175352332925, 'SNN/Test': 0.5772794407920754, 'Frag/Test': 0.8989993318886729, 'Scaf/Test': 0.24235801887667718, 'FCD/TestSF': 18.2981303021066, 'SNN/TestSF': 0.5060348024815758, 'Frag/TestSF': 0.8875182673541923, 'Scaf/TestSF': 0.027393181666837796, 'IntDiv': 0.8068779896553046, 'IntDiv2': 0.7953785282743276, 'Filters': 0.9745134630765129, 'logP': 0.18665886026401304, 'SA': 0.16678518795374692, 'QED': 0.04259564486872687, 'weight': 17.992434862991324, 'Novelty': 0.9383101671091676}
Epoch: 43:
	Train Loss: 0.403 --- Reconstruction Loss: 0.399 --- KL Loss: 24.776 --- Beta: 0.000190
	Validity: 0.63% --- Uniquene@1000: 0.96% --- Unique@10000: 0.77%

{'valid': 0.5928, 'unique@1000': 0.939, 'unique@10000': 0.7626, 'FCD/Test': 16.424597998506172, 'SNN/Test': 0.5693957341731841, 'Frag/Test': 0.9023441991064313, 'Scaf/Test': 0.31392082419869904, 'FCD/TestSF': 17.465059362870164, 'SNN/TestSF': 0.5109562728213825, 'Frag/TestSF': 0.8917128526644825, 'Scaf/TestSF': 0.03953937924039652, 'IntDiv': 0.8155780832668104, 'IntDiv2': 0.8046495703104153, 'Filters': 0.9686797121007648, 'logP': 0.20304706310524925, 'SA': 0.1224250266565528, 'QED': 0.023819600016511507, 'weight': 17.475478900385912, 'Novelty': 0.9390323635174894}
Epoch: 44:
	Train Loss: 0.400 --- Reconstruction Loss: 0.394 --- KL Loss: 23.935 --- Beta: 0.000235
	Validity: 0.59% --- Uniquene@1000: 0.94% --- Unique@10000: 0.76%

{'valid': 0.6176666666666666, 'unique@1000': 0.963, 'unique@10000': 0.7626, 'FCD/Test': 14.631236974143214, 'SNN/Test': 0.5717205243469635, 'Frag/Test': 0.9150351985353462, 'Scaf/Test': 0.25790268036348496, 'FCD/TestSF': 15.440893726952297, 'SNN/TestSF': 0.5149671695567567, 'Frag/TestSF': 0.905391379651341, 'Scaf/TestSF': 0.032885886997584546, 'IntDiv': 0.8229276206048497, 'IntDiv2': 0.8124067516834043, 'Filters': 0.9670264436049649, 'logP': 0.26181891045817035, 'SA': 0.13063665692305673, 'QED': 0.022170975090252974, 'weight': 23.39116818491438, 'Novelty': 0.933385641428011}
Epoch: 45:
	Train Loss: 0.396 --- Reconstruction Loss: 0.389 --- KL Loss: 22.858 --- Beta: 0.000280
	Validity: 0.62% --- Uniquene@1000: 0.96% --- Unique@10000: 0.76%

{'valid': 0.7131333333333334, 'unique@1000': 0.952, 'unique@10000': 0.7827, 'FCD/Test': 15.419273680113399, 'SNN/Test': 0.5717465340703896, 'Frag/Test': 0.9149778068170399, 'Scaf/Test': 0.28117184030322306, 'FCD/TestSF': 16.271647704549565, 'SNN/TestSF': 0.5117569353385841, 'Frag/TestSF': 0.9060229009819001, 'Scaf/TestSF': 0.0370784404077662, 'IntDiv': 0.8235760917842572, 'IntDiv2': 0.8126636060651028, 'Filters': 0.9697111339627933, 'logP': 0.26282776678539527, 'SA': 0.13941781200647044, 'QED': 0.020910235377618363, 'weight': 19.752684086574916, 'Novelty': 0.9296139680807529}
Epoch: 46:
	Train Loss: 0.392 --- Reconstruction Loss: 0.385 --- KL Loss: 21.793 --- Beta: 0.000325
	Validity: 0.71% --- Uniquene@1000: 0.95% --- Unique@10000: 0.78%

{'valid': 0.6398666666666666, 'unique@1000': 0.974, 'unique@10000': 0.8119, 'FCD/Test': 15.232115246657443, 'SNN/Test': 0.5588174498663094, 'Frag/Test': 0.8965055132183442, 'Scaf/Test': 0.21787989125008478, 'FCD/TestSF': 16.071921734397137, 'SNN/TestSF': 0.5028080307661394, 'Frag/TestSF': 0.8856046963395289, 'Scaf/TestSF': 0.04808962839592423, 'IntDiv': 0.819664982995655, 'IntDiv2': 0.8091536454925459, 'Filters': 0.9715565742863096, 'logP': 0.17883335544904339, 'SA': 0.1096669131613198, 'QED': 0.03963818137937833, 'weight': 17.90303883139537, 'Novelty': 0.9447740112994351}
Epoch: 47:
	Train Loss: 0.389 --- Reconstruction Loss: 0.381 --- KL Loss: 20.733 --- Beta: 0.000370
	Validity: 0.64% --- Uniquene@1000: 0.97% --- Unique@10000: 0.81%

{'valid': 0.6352, 'unique@1000': 0.959, 'unique@10000': 0.8031, 'FCD/Test': 15.841960347499523, 'SNN/Test': 0.567673265567248, 'Frag/Test': 0.8750284862774652, 'Scaf/Test': 0.2227308236927843, 'FCD/TestSF': 16.60275193153616, 'SNN/TestSF': 0.5165335043614196, 'Frag/TestSF': 0.8642256926334629, 'Scaf/TestSF': 0.03204491864477854, 'IntDiv': 0.8184125583597546, 'IntDiv2': 0.8071660416939769, 'Filters': 0.962164147774979, 'logP': 0.16837231332108007, 'SA': 0.11848348168938996, 'QED': 0.04980122953491462, 'weight': 15.541681755733793, 'Novelty': 0.9415644941564494}
Epoch: 48:
	Train Loss: 0.385 --- Reconstruction Loss: 0.377 --- KL Loss: 19.808 --- Beta: 0.000415
	Validity: 0.64% --- Uniquene@1000: 0.96% --- Unique@10000: 0.80%

{'valid': 0.6200666666666667, 'unique@1000': 0.976, 'unique@10000': 0.8234, 'FCD/Test': 14.722518177425556, 'SNN/Test': 0.5520090034898218, 'Frag/Test': 0.9167477858599814, 'Scaf/Test': 0.2523211719634695, 'FCD/TestSF': 15.357347063432528, 'SNN/TestSF': 0.5066155629061702, 'Frag/TestSF': 0.9088070782547234, 'Scaf/TestSF': 0.046937044723450394, 'IntDiv': 0.8308400949216194, 'IntDiv2': 0.8204363417967502, 'Filters': 0.9601655735942372, 'logP': 0.2870090902497396, 'SA': 0.054019495688718396, 'QED': 0.025792335701742445, 'weight': 18.87307274407638, 'Novelty': 0.9375576527354006}
Epoch: 49:
	Train Loss: 0.383 --- Reconstruction Loss: 0.374 --- KL Loss: 18.997 --- Beta: 0.000460
	Validity: 0.62% --- Uniquene@1000: 0.98% --- Unique@10000: 0.82%

{'valid': 0.6330666666666667, 'unique@1000': 0.957, 'unique@10000': 0.7998, 'FCD/Test': 14.865257312367689, 'SNN/Test': 0.5775546038087077, 'Frag/Test': 0.9297683250613215, 'Scaf/Test': 0.32109802671312815, 'FCD/TestSF': 15.542579874705197, 'SNN/TestSF': 0.5240778129527435, 'Frag/TestSF': 0.9211726867773692, 'Scaf/TestSF': 0.04513160381961634, 'IntDiv': 0.8228495584789416, 'IntDiv2': 0.8123268363847163, 'Filters': 0.9675126368997473, 'logP': 0.3211998750384976, 'SA': 0.16265740050592253, 'QED': 0.01653473430954701, 'weight': 20.407980664532882, 'Novelty': 0.9231936416184972}
Epoch: 50:
	Train Loss: 0.379 --- Reconstruction Loss: 0.370 --- KL Loss: 18.183 --- Beta: 0.000505
	Validity: 0.63% --- Uniquene@1000: 0.96% --- Unique@10000: 0.80%

{'valid': 0.6155333333333333, 'unique@1000': 0.974, 'unique@10000': 0.8468, 'FCD/Test': 13.389223626674898, 'SNN/Test': 0.5532304836316265, 'Frag/Test': 0.9177478893704699, 'Scaf/Test': 0.2307929219943432, 'FCD/TestSF': 14.106115227698815, 'SNN/TestSF': 0.5101011133106497, 'Frag/TestSF': 0.9083935584822801, 'Scaf/TestSF': 0.05194543398243501, 'IntDiv': 0.8348814493494255, 'IntDiv2': 0.8244236215776812, 'Filters': 0.9626340301093902, 'logP': 0.1355807718447253, 'SA': 0.05703031932027964, 'QED': 0.02396100722999593, 'weight': 22.617237733418293, 'Novelty': 0.941391436254568}
Epoch: 51:
	Train Loss: 0.377 --- Reconstruction Loss: 0.367 --- KL Loss: 17.478 --- Beta: 0.000550
	Validity: 0.62% --- Uniquene@1000: 0.97% --- Unique@10000: 0.85%

{'valid': 0.6858, 'unique@1000': 0.968, 'unique@10000': 0.8445, 'FCD/Test': 13.835573565965554, 'SNN/Test': 0.5703232968618087, 'Frag/Test': 0.896389411990159, 'Scaf/Test': 0.2332122796957149, 'FCD/TestSF': 14.596463268517205, 'SNN/TestSF': 0.5169877267354916, 'Frag/TestSF': 0.8869946885690563, 'Scaf/TestSF': 0.04308619495281263, 'IntDiv': 0.8312341764938005, 'IntDiv2': 0.8203961481223941, 'Filters': 0.9700592981432876, 'logP': 0.29949393416481884, 'SA': 0.13025704814893221, 'QED': 0.028563529405157127, 'weight': 18.17676588354973, 'Novelty': 0.9260173406746408}
Epoch: 52:
	Train Loss: 0.374 --- Reconstruction Loss: 0.364 --- KL Loss: 16.839 --- Beta: 0.000595
	Validity: 0.69% --- Uniquene@1000: 0.97% --- Unique@10000: 0.84%

{'valid': 0.7059333333333333, 'unique@1000': 0.978, 'unique@10000': 0.8638, 'FCD/Test': 13.52917224208204, 'SNN/Test': 0.5577875662175327, 'Frag/Test': 0.9015435286474718, 'Scaf/Test': 0.25365051708362507, 'FCD/TestSF': 14.169240160937647, 'SNN/TestSF': 0.5083381185481012, 'Frag/TestSF': 0.8933924324876127, 'Scaf/TestSF': 0.0485132782738501, 'IntDiv': 0.8365117852726714, 'IntDiv2': 0.8261972622049126, 'Filters': 0.9626971385399943, 'logP': 0.1650122813285672, 'SA': 0.0994146263267123, 'QED': 0.023041456386310256, 'weight': 21.792049422832125, 'Novelty': 0.9306883929625693}
Epoch: 53:
	Train Loss: 0.372 --- Reconstruction Loss: 0.361 --- KL Loss: 16.434 --- Beta: 0.000640
	Validity: 0.71% --- Uniquene@1000: 0.98% --- Unique@10000: 0.86%

{'valid': 0.7371, 'unique@1000': 0.975, 'unique@10000': 0.8465, 'FCD/Test': 13.742239270518773, 'SNN/Test': 0.5671338320839104, 'Frag/Test': 0.9131178251220716, 'Scaf/Test': 0.2531555626049147, 'FCD/TestSF': 14.487237857089788, 'SNN/TestSF': 0.5218399586413343, 'Frag/TestSF': 0.9054545731248201, 'Scaf/TestSF': 0.050364884446061464, 'IntDiv': 0.8288848013224716, 'IntDiv2': 0.8183485906430639, 'Filters': 0.9624655180210736, 'logP': 0.14915741557036916, 'SA': 0.10151909129050456, 'QED': 0.01919429000925994, 'weight': 22.276603174246723, 'Novelty': 0.9292342024900164}
Epoch: 54:
	Train Loss: 0.370 --- Reconstruction Loss: 0.359 --- KL Loss: 15.970 --- Beta: 0.000685
	Validity: 0.74% --- Uniquene@1000: 0.97% --- Unique@10000: 0.85%

{'valid': 0.5867333333333333, 'unique@1000': 0.983, 'unique@10000': 0.8711, 'FCD/Test': 13.27629720762134, 'SNN/Test': 0.5547145521210047, 'Frag/Test': 0.9198244806928254, 'Scaf/Test': 0.33815892313011164, 'FCD/TestSF': 13.97565866541224, 'SNN/TestSF': 0.508784364282902, 'Frag/TestSF': 0.9150076236491996, 'Scaf/TestSF': 0.05135606153983563, 'IntDiv': 0.8390581139817155, 'IntDiv2': 0.8282791628665989, 'Filters': 0.9548914896034542, 'logP': 0.14700732619851273, 'SA': 0.07121001208565031, 'QED': 0.013876864831182107, 'weight': 19.107372042297342, 'Novelty': 0.9325492909028018}
Epoch: 55:
	Train Loss: 0.367 --- Reconstruction Loss: 0.355 --- KL Loss: 15.501 --- Beta: 0.000730
	Validity: 0.59% --- Uniquene@1000: 0.98% --- Unique@10000: 0.87%

{'valid': 0.6953333333333334, 'unique@1000': 0.973, 'unique@10000': 0.8782, 'FCD/Test': 13.28955126788594, 'SNN/Test': 0.5589857928976345, 'Frag/Test': 0.9122124179723184, 'Scaf/Test': 0.29997639595933545, 'FCD/TestSF': 13.931986300544551, 'SNN/TestSF': 0.5126169303826781, 'Frag/TestSF': 0.9075619130302189, 'Scaf/TestSF': 0.05309279606387196, 'IntDiv': 0.8405691636090387, 'IntDiv2': 0.8293771815195812, 'Filters': 0.9692713326941514, 'logP': 0.2880164297445006, 'SA': 0.08865672537407837, 'QED': 0.015303209985585885, 'weight': 21.084988076848674, 'Novelty': 0.9237258140632374}
Epoch: 56:
	Train Loss: 0.364 --- Reconstruction Loss: 0.353 --- KL Loss: 15.098 --- Beta: 0.000775
	Validity: 0.70% --- Uniquene@1000: 0.97% --- Unique@10000: 0.88%

{'valid': 0.6469666666666667, 'unique@1000': 0.968, 'unique@10000': 0.8491, 'FCD/Test': 13.77435968789191, 'SNN/Test': 0.5666020702137093, 'Frag/Test': 0.8956231689132249, 'Scaf/Test': 0.25806058297275714, 'FCD/TestSF': 14.139600188305323, 'SNN/TestSF': 0.5242480237582618, 'Frag/TestSF': 0.8895901434000361, 'Scaf/TestSF': 0.0461205821665267, 'IntDiv': 0.8367064324309077, 'IntDiv2': 0.8257210834675641, 'Filters': 0.9703230460095832, 'logP': 0.1792249931858659, 'SA': 0.09251137438027228, 'QED': 0.014279236693598181, 'weight': 22.14247823585773, 'Novelty': 0.9253848673435965}
Epoch: 57:
	Train Loss: 0.362 --- Reconstruction Loss: 0.350 --- KL Loss: 14.761 --- Beta: 0.000820
	Validity: 0.65% --- Uniquene@1000: 0.97% --- Unique@10000: 0.85%

{'valid': 0.6812, 'unique@1000': 0.979, 'unique@10000': 0.8975, 'FCD/Test': 12.92452105897398, 'SNN/Test': 0.5569296333677067, 'Frag/Test': 0.8854211392452721, 'Scaf/Test': 0.31680578896490885, 'FCD/TestSF': 13.460076951942796, 'SNN/TestSF': 0.5129953648892838, 'Frag/TestSF': 0.8799738336026015, 'Scaf/TestSF': 0.06053648225853692, 'IntDiv': 0.840779410711861, 'IntDiv2': 0.8302636521439567, 'Filters': 0.9626639264043845, 'logP': 0.2474836317795998, 'SA': 0.07212286308340354, 'QED': 0.02713889728640741, 'weight': 16.348781669208382, 'Novelty': 0.9264723100339539}
Epoch: 58:
	Train Loss: 0.360 --- Reconstruction Loss: 0.347 --- KL Loss: 14.473 --- Beta: 0.000865
	Validity: 0.68% --- Uniquene@1000: 0.98% --- Unique@10000: 0.90%

{'valid': 0.6473666666666666, 'unique@1000': 0.992, 'unique@10000': 0.9031, 'FCD/Test': 13.300931387070214, 'SNN/Test': 0.5543120302500462, 'Frag/Test': 0.9097344514477064, 'Scaf/Test': 0.38014198824625645, 'FCD/TestSF': 13.925648795144127, 'SNN/TestSF': 0.5082567314770838, 'Frag/TestSF': 0.9046453281427455, 'Scaf/TestSF': 0.06766171682695166, 'IntDiv': 0.8414112699060826, 'IntDiv2': 0.8311943149575888, 'Filters': 0.9632871633798465, 'logP': 0.268418242214753, 'SA': 0.07219509261323098, 'QED': 0.013344181974621012, 'weight': 20.160905038884756, 'Novelty': 0.9277716928319338}
Epoch: 59:
	Train Loss: 0.357 --- Reconstruction Loss: 0.344 --- KL Loss: 14.125 --- Beta: 0.000910
	Validity: 0.65% --- Uniquene@1000: 0.99% --- Unique@10000: 0.90%

{'valid': 0.6714333333333333, 'unique@1000': 0.975, 'unique@10000': 0.8857, 'FCD/Test': 12.46062813881521, 'SNN/Test': 0.5620899599522481, 'Frag/Test': 0.9037349417833941, 'Scaf/Test': 0.30754289521919276, 'FCD/TestSF': 12.935680200881137, 'SNN/TestSF': 0.5221975427393714, 'Frag/TestSF': 0.8991906370329723, 'Scaf/TestSF': 0.08603893819792852, 'IntDiv': 0.8427172588777289, 'IntDiv2': 0.831702238295403, 'Filters': 0.9705108474407983, 'logP': 0.16184866669048614, 'SA': 0.09851151773981473, 'QED': 0.014541931664022692, 'weight': 21.618686963047544, 'Novelty': 0.9180170447725363}
Epoch: 60:
	Train Loss: 0.355 --- Reconstruction Loss: 0.342 --- KL Loss: 13.846 --- Beta: 0.000955
	Validity: 0.67% --- Uniquene@1000: 0.97% --- Unique@10000: 0.89%

{'valid': 0.7277666666666667, 'unique@1000': 0.983, 'unique@10000': 0.9035, 'FCD/Test': 12.619324381200656, 'SNN/Test': 0.5575282379376743, 'Frag/Test': 0.9157275389167787, 'Scaf/Test': 0.35051442806311517, 'FCD/TestSF': 13.2733737088965, 'SNN/TestSF': 0.5109848777751133, 'Frag/TestSF': 0.9095842284436805, 'Scaf/TestSF': 0.06569818982415643, 'IntDiv': 0.8428705545163081, 'IntDiv2': 0.8320993030660637, 'Filters': 0.9620757568817845, 'logP': 0.14568740231568714, 'SA': 0.07748199868643105, 'QED': 0.013280480171179191, 'weight': 20.4519930310085, 'Novelty': 0.9292989814260036}
Epoch: 61:
	Train Loss: 0.353 --- Reconstruction Loss: 0.340 --- KL Loss: 13.574 --- Beta: 0.001000
	Validity: 0.73% --- Uniquene@1000: 0.98% --- Unique@10000: 0.90%

{'valid': 0.6790333333333334, 'unique@1000': 0.98, 'unique@10000': 0.8978, 'FCD/Test': 12.603340155309397, 'SNN/Test': 0.5572585577526415, 'Frag/Test': 0.904882077270899, 'Scaf/Test': 0.37727581687363654, 'FCD/TestSF': 13.100126536138049, 'SNN/TestSF': 0.5133587580899662, 'Frag/TestSF': 0.9001850295125314, 'Scaf/TestSF': 0.06956157003327335, 'IntDiv': 0.8433136738741349, 'IntDiv2': 0.8328963354644376, 'Filters': 0.9666192135879437, 'logP': 0.2287007614865451, 'SA': 0.09318366843663851, 'QED': 0.017795713318706382, 'weight': 20.296638644885746, 'Novelty': 0.9182287737217805}
Epoch: 62:
	Train Loss: 0.351 --- Reconstruction Loss: 0.337 --- KL Loss: 13.549 --- Beta: 0.001000
	Validity: 0.68% --- Uniquene@1000: 0.98% --- Unique@10000: 0.90%

{'valid': 0.6399666666666667, 'unique@1000': 0.989, 'unique@10000': 0.9174, 'FCD/Test': 12.158047331860004, 'SNN/Test': 0.536056235275844, 'Frag/Test': 0.8854405878114062, 'Scaf/Test': 0.28453977125737395, 'FCD/TestSF': 12.748051064357469, 'SNN/TestSF': 0.4942058802048386, 'Frag/TestSF': 0.881060285561017, 'Scaf/TestSF': 0.06904853750594475, 'IntDiv': 0.8508964339763596, 'IntDiv2': 0.8406939430009974, 'Filters': 0.9706234699723943, 'logP': 0.19982178426114874, 'SA': 0.037997488111173594, 'QED': 0.026681024827262784, 'weight': 19.4593769510107, 'Novelty': 0.9375896700143472}
Epoch: 63:
	Train Loss: 0.348 --- Reconstruction Loss: 0.335 --- KL Loss: 13.590 --- Beta: 0.001000
	Validity: 0.64% --- Uniquene@1000: 0.99% --- Unique@10000: 0.92%

{'valid': 0.6490333333333334, 'unique@1000': 0.985, 'unique@10000': 0.9124, 'FCD/Test': 12.593837517155848, 'SNN/Test': 0.5356305824919588, 'Frag/Test': 0.870340860862122, 'Scaf/Test': 0.28629006542193847, 'FCD/TestSF': 12.987827355470017, 'SNN/TestSF': 0.49967007536065516, 'Frag/TestSF': 0.868026120299751, 'Scaf/TestSF': 0.08336482908200205, 'IntDiv': 0.8548542641286905, 'IntDiv2': 0.8444094252160247, 'Filters': 0.9701093934569359, 'logP': 0.1907176544568482, 'SA': 0.045595965657119125, 'QED': 0.02290235564709507, 'weight': 20.53713391120232, 'Novelty': 0.9369840232820573}
Epoch: 64:
	Train Loss: 0.346 --- Reconstruction Loss: 0.332 --- KL Loss: 13.490 --- Beta: 0.001000
	Validity: 0.65% --- Uniquene@1000: 0.98% --- Unique@10000: 0.91%

{'valid': 0.6843666666666667, 'unique@1000': 0.981, 'unique@10000': 0.9203, 'FCD/Test': 13.356992810186881, 'SNN/Test': 0.5326749859830906, 'Frag/Test': 0.8954142841001425, 'Scaf/Test': 0.3163087621345366, 'FCD/TestSF': 13.969239863273856, 'SNN/TestSF': 0.4894668700295157, 'Frag/TestSF': 0.8923279904326338, 'Scaf/TestSF': 0.05704217510362708, 'IntDiv': 0.8511621225103281, 'IntDiv2': 0.8409531847813444, 'Filters': 0.9658078028347377, 'logP': 0.2065246497223862, 'SA': 0.03800201495417091, 'QED': 0.0226856610177189, 'weight': 17.65676064437526, 'Novelty': 0.9411830607214878}
Epoch: 65:
	Train Loss: 0.343 --- Reconstruction Loss: 0.330 --- KL Loss: 13.511 --- Beta: 0.001000
	Validity: 0.68% --- Uniquene@1000: 0.98% --- Unique@10000: 0.92%

{'valid': 0.6672, 'unique@1000': 0.986, 'unique@10000': 0.9245, 'FCD/Test': 12.40537551398441, 'SNN/Test': 0.5333082374999766, 'Frag/Test': 0.9112884404034958, 'Scaf/Test': 0.3109368863385643, 'FCD/TestSF': 13.130685196677362, 'SNN/TestSF': 0.4864416841378839, 'Frag/TestSF': 0.9049852324819077, 'Scaf/TestSF': 0.0577724109281883, 'IntDiv': 0.852102184275888, 'IntDiv2': 0.8419608429237004, 'Filters': 0.9693245403677059, 'logP': 0.18764412835595873, 'SA': 0.049531808804853174, 'QED': 0.013317523318008541, 'weight': 22.063206912083185, 'Novelty': 0.9399371966885527}
Epoch: 66:
	Train Loss: 0.341 --- Reconstruction Loss: 0.328 --- KL Loss: 13.521 --- Beta: 0.001000
	Validity: 0.67% --- Uniquene@1000: 0.99% --- Unique@10000: 0.92%

{'valid': 0.5735, 'unique@1000': 0.988, 'unique@10000': 0.9159, 'FCD/Test': 12.992250846085483, 'SNN/Test': 0.531085320254011, 'Frag/Test': 0.8746496582642417, 'Scaf/Test': 0.2553092282828222, 'FCD/TestSF': 13.423519665277723, 'SNN/TestSF': 0.49046926345114306, 'Frag/TestSF': 0.8718421407438742, 'Scaf/TestSF': 0.06529773225617874, 'IntDiv': 0.8549370906132892, 'IntDiv2': 0.8449472077007614, 'Filters': 0.9654751525719267, 'logP': 0.18624812086115075, 'SA': 0.044937593185153564, 'QED': 0.01417476586457635, 'weight': 20.822594732500633, 'Novelty': 0.9334604510487211}
Epoch: 67:
	Train Loss: 0.338 --- Reconstruction Loss: 0.325 --- KL Loss: 13.567 --- Beta: 0.001000
	Validity: 0.57% --- Uniquene@1000: 0.99% --- Unique@10000: 0.92%

{'valid': 0.6726, 'unique@1000': 0.985, 'unique@10000': 0.9145, 'FCD/Test': 12.147076924966115, 'SNN/Test': 0.5445736546247728, 'Frag/Test': 0.9117540404216216, 'Scaf/Test': 0.38266555804959923, 'FCD/TestSF': 12.849479596596979, 'SNN/TestSF': 0.5013385927298164, 'Frag/TestSF': 0.9075850341173788, 'Scaf/TestSF': 0.07910616924121727, 'IntDiv': 0.849012710098085, 'IntDiv2': 0.8385605149568258, 'Filters': 0.9740806819308158, 'logP': 0.1305849772135224, 'SA': 0.07117444306291094, 'QED': 0.013290928857674402, 'weight': 17.412767808532998, 'Novelty': 0.9288945597958473}
Epoch: 68:
	Train Loss: 0.337 --- Reconstruction Loss: 0.323 --- KL Loss: 13.541 --- Beta: 0.001000
	Validity: 0.67% --- Uniquene@1000: 0.98% --- Unique@10000: 0.91%

{'valid': 0.7747333333333333, 'unique@1000': 0.988, 'unique@10000': 0.9266, 'FCD/Test': 12.597828044673236, 'SNN/Test': 0.5377997168690086, 'Frag/Test': 0.897694067187429, 'Scaf/Test': 0.3340381716910008, 'FCD/TestSF': 13.105451211843615, 'SNN/TestSF': 0.49847694580369395, 'Frag/TestSF': 0.8936468781560363, 'Scaf/TestSF': 0.06905066062736465, 'IntDiv': 0.8511363369898077, 'IntDiv2': 0.8410846201328928, 'Filters': 0.9688925221581619, 'logP': 0.1365485259660124, 'SA': 0.05216655076357878, 'QED': 0.02273477157491526, 'weight': 18.951979638413743, 'Novelty': 0.9366701219211214}
Epoch: 69:
	Train Loss: 0.335 --- Reconstruction Loss: 0.321 --- KL Loss: 13.519 --- Beta: 0.001000
	Validity: 0.77% --- Uniquene@1000: 0.99% --- Unique@10000: 0.93%

{'valid': 0.6955333333333333, 'unique@1000': 0.984, 'unique@10000': 0.9269, 'FCD/Test': 12.196318942820042, 'SNN/Test': 0.5366946003969045, 'Frag/Test': 0.8919888306773753, 'Scaf/Test': 0.2745027468855059, 'FCD/TestSF': 12.737054644719734, 'SNN/TestSF': 0.49702934956780265, 'Frag/TestSF': 0.887650331337241, 'Scaf/TestSF': 0.06903458458198042, 'IntDiv': 0.8510200268078157, 'IntDiv2': 0.8408520670703962, 'Filters': 0.970142816064411, 'logP': 0.10929460768833443, 'SA': 0.033635485017959474, 'QED': 0.022420819763755213, 'weight': 17.281157920015684, 'Novelty': 0.9394633507853403}
Epoch: 70:
	Train Loss: 0.333 --- Reconstruction Loss: 0.320 --- KL Loss: 13.566 --- Beta: 0.001000
	Validity: 0.70% --- Uniquene@1000: 0.98% --- Unique@10000: 0.93%

{'valid': 0.5630333333333333, 'unique@1000': 0.989, 'unique@10000': 0.9217, 'FCD/Test': 12.808474746059332, 'SNN/Test': 0.5276694021725145, 'Frag/Test': 0.869166663315555, 'Scaf/Test': 0.2731784217557387, 'FCD/TestSF': 13.13045205030285, 'SNN/TestSF': 0.4891387140432942, 'Frag/TestSF': 0.8673131258199267, 'Scaf/TestSF': 0.07667291048803815, 'IntDiv': 0.8579650952044189, 'IntDiv2': 0.8478562963503049, 'Filters': 0.965958202593097, 'logP': 0.22258451643786265, 'SA': 0.033994290839066445, 'QED': 0.014024787117406677, 'weight': 21.42733792800576, 'Novelty': 0.9379076267802475}
Epoch: 71:
	Train Loss: 0.331 --- Reconstruction Loss: 0.318 --- KL Loss: 13.560 --- Beta: 0.001000
	Validity: 0.56% --- Uniquene@1000: 0.99% --- Unique@10000: 0.92%

{'valid': 0.6767333333333334, 'unique@1000': 0.991, 'unique@10000': 0.9272, 'FCD/Test': 12.049300130883523, 'SNN/Test': 0.5339282740154486, 'Frag/Test': 0.890197328881153, 'Scaf/Test': 0.2881119684748421, 'FCD/TestSF': 12.757708641375928, 'SNN/TestSF': 0.4911844281235853, 'Frag/TestSF': 0.8869502380008206, 'Scaf/TestSF': 0.06185687559305231, 'IntDiv': 0.8550328252090349, 'IntDiv2': 0.8450097582121721, 'Filters': 0.9733523790759531, 'logP': 0.23411839624542088, 'SA': 0.05155939099956148, 'QED': 0.016895083836514578, 'weight': 21.683092519298345, 'Novelty': 0.9298482293423271}
Epoch: 72:
	Train Loss: 0.329 --- Reconstruction Loss: 0.316 --- KL Loss: 13.503 --- Beta: 0.001000
	Validity: 0.68% --- Uniquene@1000: 0.99% --- Unique@10000: 0.93%

{'valid': 0.6283333333333334, 'unique@1000': 0.987, 'unique@10000': 0.9103, 'FCD/Test': 12.253523893879589, 'SNN/Test': 0.5380970887685644, 'Frag/Test': 0.9002290020158906, 'Scaf/Test': 0.27832988727854036, 'FCD/TestSF': 12.742243931587083, 'SNN/TestSF': 0.5000131069127698, 'Frag/TestSF': 0.8965943352397939, 'Scaf/TestSF': 0.06350104083412089, 'IntDiv': 0.8563893522896433, 'IntDiv2': 0.8457151911896668, 'Filters': 0.9690185676392573, 'logP': 0.2634069366169259, 'SA': 0.057556233060665346, 'QED': 0.010704243575568713, 'weight': 20.189354313524277, 'Novelty': 0.9300024582104228}
Epoch: 73:
	Train Loss: 0.328 --- Reconstruction Loss: 0.314 --- KL Loss: 13.519 --- Beta: 0.001000
	Validity: 0.63% --- Uniquene@1000: 0.99% --- Unique@10000: 0.91%

{'valid': 0.5474666666666667, 'unique@1000': 0.997, 'unique@10000': 0.9262, 'FCD/Test': 11.377603016707312, 'SNN/Test': 0.5347264190637667, 'Frag/Test': 0.8833780278440314, 'Scaf/Test': 0.29286783369662117, 'FCD/TestSF': 11.70350982129105, 'SNN/TestSF': 0.5021424226905593, 'Frag/TestSF': 0.8820696356667684, 'Scaf/TestSF': 0.07065396864409978, 'IntDiv': 0.8560669783098229, 'IntDiv2': 0.8460845026105049, 'Filters': 0.967486604968339, 'logP': 0.1276477052217855, 'SA': 0.04210508418786692, 'QED': 0.024888571054023895, 'weight': 23.11126327931158, 'Novelty': 0.934277736157461}
Epoch: 74:
	Train Loss: 0.325 --- Reconstruction Loss: 0.312 --- KL Loss: 13.538 --- Beta: 0.001000
	Validity: 0.55% --- Uniquene@1000: 1.00% --- Unique@10000: 0.93%

{'valid': 0.7663666666666666, 'unique@1000': 0.991, 'unique@10000': 0.9314, 'FCD/Test': 12.620497002500045, 'SNN/Test': 0.5293629920232198, 'Frag/Test': 0.8624555570924056, 'Scaf/Test': 0.32100710869271876, 'FCD/TestSF': 13.175478572918578, 'SNN/TestSF': 0.49332635890514076, 'Frag/TestSF': 0.8598681818179925, 'Scaf/TestSF': 0.07736848753942449, 'IntDiv': 0.8509737819654313, 'IntDiv2': 0.8411914760567606, 'Filters': 0.9654647470749423, 'logP': 0.148928241263871, 'SA': 0.05350012396197483, 'QED': 0.027927164495397807, 'weight': 20.61264229826005, 'Novelty': 0.938400789733465}
Epoch: 75:
	Train Loss: 0.324 --- Reconstruction Loss: 0.310 --- KL Loss: 13.476 --- Beta: 0.001000
	Validity: 0.77% --- Uniquene@1000: 0.99% --- Unique@10000: 0.93%

{'valid': 0.6783, 'unique@1000': 0.994, 'unique@10000': 0.9375, 'FCD/Test': 12.073369813638791, 'SNN/Test': 0.5266665906824172, 'Frag/Test': 0.9081137078361368, 'Scaf/Test': 0.3290577618536098, 'FCD/TestSF': 12.521889392924692, 'SNN/TestSF': 0.4904092536803762, 'Frag/TestSF': 0.9056638744011877, 'Scaf/TestSF': 0.08149809446312095, 'IntDiv': 0.855192361389881, 'IntDiv2': 0.8454269838530881, 'Filters': 0.9624551575015972, 'logP': 0.11225177788766726, 'SA': 0.05417510569204233, 'QED': 0.01303752590004503, 'weight': 19.42915355564379, 'Novelty': 0.9349432131436762}
Epoch: 76:
	Train Loss: 0.323 --- Reconstruction Loss: 0.309 --- KL Loss: 13.536 --- Beta: 0.001000
	Validity: 0.68% --- Uniquene@1000: 0.99% --- Unique@10000: 0.94%

{'valid': 0.7068666666666666, 'unique@1000': 0.985, 'unique@10000': 0.9329, 'FCD/Test': 12.150640121798148, 'SNN/Test': 0.5363877829370505, 'Frag/Test': 0.8920144029887209, 'Scaf/Test': 0.3282577133237272, 'FCD/TestSF': 12.715109215269749, 'SNN/TestSF': 0.4980773067653972, 'Frag/TestSF': 0.8884805348200703, 'Scaf/TestSF': 0.05739105510433473, 'IntDiv': 0.8508582872437228, 'IntDiv2': 0.8408727561540448, 'Filters': 0.969348297651608, 'logP': 0.1261705380422459, 'SA': 0.0443815903764356, 'QED': 0.02383049734821371, 'weight': 17.75103629865386, 'Novelty': 0.9364418095390696}
Epoch: 77:
	Train Loss: 0.321 --- Reconstruction Loss: 0.307 --- KL Loss: 13.634 --- Beta: 0.001000
	Validity: 0.71% --- Uniquene@1000: 0.98% --- Unique@10000: 0.93%

{'valid': 0.7310666666666666, 'unique@1000': 0.988, 'unique@10000': 0.9281, 'FCD/Test': 11.781199852108188, 'SNN/Test': 0.5375785894335925, 'Frag/Test': 0.8866525402602836, 'Scaf/Test': 0.31103729572817507, 'FCD/TestSF': 12.382488779690618, 'SNN/TestSF': 0.49714435867526313, 'Frag/TestSF': 0.8824366473435642, 'Scaf/TestSF': 0.07485277878030216, 'IntDiv': 0.852250569425189, 'IntDiv2': 0.8423002720167495, 'Filters': 0.9699981761809229, 'logP': 0.11638641026322796, 'SA': 0.04550711967355266, 'QED': 0.016960362490420315, 'weight': 21.986786208622284, 'Novelty': 0.9307656323093716}
Epoch: 78:
	Train Loss: 0.319 --- Reconstruction Loss: 0.305 --- KL Loss: 13.597 --- Beta: 0.001000
	Validity: 0.73% --- Uniquene@1000: 0.99% --- Unique@10000: 0.93%

{'valid': 0.6548, 'unique@1000': 0.993, 'unique@10000': 0.9221, 'FCD/Test': 11.876376409565111, 'SNN/Test': 0.5379513424239571, 'Frag/Test': 0.8925769318310869, 'Scaf/Test': 0.3061541034184032, 'FCD/TestSF': 12.486661264741343, 'SNN/TestSF': 0.4974007929076587, 'Frag/TestSF': 0.8881532744369772, 'Scaf/TestSF': 0.04656484642633907, 'IntDiv': 0.853674757235861, 'IntDiv2': 0.8436753412921753, 'Filters': 0.9648238647933212, 'logP': 0.09883919584108218, 'SA': 0.05468729875445776, 'QED': 0.01614877438378281, 'weight': 15.370336941322966, 'Novelty': 0.9275882012724118}
Epoch: 79:
	Train Loss: 0.318 --- Reconstruction Loss: 0.304 --- KL Loss: 13.574 --- Beta: 0.001000
	Validity: 0.65% --- Uniquene@1000: 0.99% --- Unique@10000: 0.92%

{'valid': 0.6261666666666666, 'unique@1000': 0.993, 'unique@10000': 0.9342, 'FCD/Test': 12.131353128591357, 'SNN/Test': 0.5310417640025165, 'Frag/Test': 0.9042757438492258, 'Scaf/Test': 0.31994036261638303, 'FCD/TestSF': 12.648728500645376, 'SNN/TestSF': 0.4924330911025234, 'Frag/TestSF': 0.9016438683937854, 'Scaf/TestSF': 0.07318578439826184, 'IntDiv': 0.8565693476574721, 'IntDiv2': 0.8469374038682056, 'Filters': 0.9724780409901517, 'logP': 0.1745267776126136, 'SA': 0.043275347566850045, 'QED': 0.012438197168454661, 'weight': 18.463675670486392, 'Novelty': 0.9275353667999762}
Epoch: 80:
	Train Loss: 0.316 --- Reconstruction Loss: 0.303 --- KL Loss: 13.609 --- Beta: 0.001000
	Validity: 0.63% --- Uniquene@1000: 0.99% --- Unique@10000: 0.93%

