2024-02-15 07:47:43.623367: E external/local_xla/xla/stream_executor/cuda/cuda_dnn.cc:9261] Unable to register cuDNN factory: Attempting to register factory for plugin cuDNN when one has already been registered
2024-02-15 07:47:43.623420: E external/local_xla/xla/stream_executor/cuda/cuda_fft.cc:607] Unable to register cuFFT factory: Attempting to register factory for plugin cuFFT when one has already been registered
2024-02-15 07:47:43.624941: E external/local_xla/xla/stream_executor/cuda/cuda_blas.cc:1515] Unable to register cuBLAS factory: Attempting to register factory for plugin cuBLAS when one has already been registered
2024-02-15 07:47:43.630952: I tensorflow/core/platform/cpu_feature_guard.cc:182] This TensorFlow binary is optimized to use available CPU instructions in performance-critical operations.
To enable the following instructions: AVX2 FMA, in other operations, rebuild TensorFlow with the appropriate compiler flags.
2024-02-15 07:47:44.443847: W tensorflow/compiler/tf2tensorrt/utils/py_utils.cc:38] TF-TRT Warning: Could not find TensorRT

Arguments:
	data_path: data/moses_train.txt
	max_len: 30
	batch: 128
	d_model: 512
	d_latent: 256
	d_ff: 1024
	e_heads: 1
	d_heads: 8
	n_layers: 6
	dropout: 0.5
	lr: 0.0005
	n_epochs: 60
	kl_type: monotonic
	kl_w_start: 0.0001
	kl_w_end: 0.01
	kl_cycle: 4
	kl_ratio: 0.9
	save_name: klcompare

Number of data: 88192

SMILES Vocab:
	 {'<START>': 0, '<END>': 1, '<PAD>': 2, 'C': 3, 'O': 4, 'c': 5, '1': 6, '(': 7, '=': 8, ')': 9, 'N': 10, 'n': 11, '2': 12, 'F': 13, 'Cl': 14, 'Br': 15, '#': 16, '3': 17, 'S': 18, 'o': 19, '-': 20, 's': 21, '[nH]': 22, '4': 23}

Graph Vocab:
	 {'C': 0, 'O': 1, 'N': 2, 'F': 3, 'Cl': 4, 'Br': 5, 'S': 6}


KL Annealer: [0.0001, 0.00026500000000000004, 0.00043000000000000004, 0.0005950000000000002, 0.0007600000000000002, 0.0009250000000000001, 0.0010900000000000003, 0.0012550000000000003, 0.0014200000000000003, 0.0015850000000000003, 0.0017500000000000003, 0.0019150000000000003, 0.0020800000000000003, 0.002245, 0.0024100000000000002, 0.002575, 0.0027400000000000002, 0.0029050000000000005, 0.0030700000000000002, 0.0032350000000000005, 0.0034000000000000002, 0.0035650000000000005, 0.0037300000000000002, 0.0038950000000000005, 0.004060000000000001, 0.004225000000000001, 0.004390000000000001, 0.004555000000000001, 0.004720000000000001, 0.004885000000000001, 0.005050000000000001, 0.005215000000000001, 0.005380000000000001, 0.005545000000000001, 0.0057100000000000015, 0.005875000000000001, 0.006040000000000001, 0.006205000000000001, 0.0063700000000000015, 0.006535000000000001, 0.006700000000000001, 0.006865000000000001, 0.0070300000000000015, 0.007195000000000002, 0.007360000000000001, 0.007525000000000001, 0.0076900000000000015, 0.007855000000000001, 0.008020000000000001, 0.008185000000000001, 0.008350000000000002, 0.008515, 0.00868, 0.008845, 0.00901, 0.009175, 0.009340000000000001, 0.009505000000000001, 0.009670000000000002, 0.009835000000000002]




#########################################################################
######################### START TRAINING ################################
#########################################################################




{'valid': 0.5737666666666666, 'unique@1000': 0.896, 'unique@10000': 0.626, 'FCD/Test': 21.051113400564994, 'SNN/Test': 0.5921919508709744, 'Frag/Test': 0.8503753704729272, 'Scaf/Test': 0.304048297692076, 'FCD/TestSF': 22.378642030039018, 'SNN/TestSF': 0.5073722788913311, 'Frag/TestSF': 0.8390752335155358, 'Scaf/TestSF': 0.013689742743786204, 'IntDiv': 0.8090915945384283, 'IntDiv2': 0.7942146764943807, 'Filters': 0.9820484517515831, 'logP': 0.4076387502911589, 'SA': 0.20692277055518127, 'QED': 0.0244009467987945, 'weight': 16.357304684663653, 'Novelty': 0.9473964434032585}
Epoch: 31:
	Train Loss: 0.496 --- Reconstruction Loss: 0.470 --- KL Loss: 5.124 --- Beta: 0.005050
	Validity: 0.57% --- Uniquene@1000: 0.90% --- Unique@10000: 0.63%

{'valid': 0.33540000000000003, 'unique@1000': 0.917, 'unique@10000': 0.6242, 'FCD/Test': 20.388715590916846, 'SNN/Test': 0.587421729626096, 'Frag/Test': 0.8349475862448925, 'Scaf/Test': 0.15367472418974937, 'FCD/TestSF': 21.705849728124015, 'SNN/TestSF': 0.5032489907623664, 'Frag/TestSF': 0.8228870162843621, 'Scaf/TestSF': 0.008646354265652523, 'IntDiv': 0.8026359959026534, 'IntDiv2': 0.7870072205383017, 'Filters': 0.9704830053667263, 'logP': 0.40817633428361727, 'SA': 0.14898123886156783, 'QED': 0.08411081293674011, 'weight': 12.57603687252398, 'Novelty': 0.9430349449497367}
Epoch: 32:
	Train Loss: 0.490 --- Reconstruction Loss: 0.465 --- KL Loss: 4.889 --- Beta: 0.005215
	Validity: 0.34% --- Uniquene@1000: 0.92% --- Unique@10000: 0.62%

{'valid': 0.5613, 'unique@1000': 0.914, 'unique@10000': 0.6375, 'FCD/Test': 19.623104477668875, 'SNN/Test': 0.5864879602683724, 'Frag/Test': 0.786374439380741, 'Scaf/Test': 0.2764484755295027, 'FCD/TestSF': 21.05443048520266, 'SNN/TestSF': 0.5047082367314814, 'Frag/TestSF': 0.7745888936745194, 'Scaf/TestSF': 0.046758330548784977, 'IntDiv': 0.8066929446088382, 'IntDiv2': 0.792374949741872, 'Filters': 0.9875289506502761, 'logP': 0.21383221684000522, 'SA': 0.18819971829356139, 'QED': 0.07567806933512221, 'weight': 15.800790990276283, 'Novelty': 0.935335613510047}
Epoch: 33:
	Train Loss: 0.486 --- Reconstruction Loss: 0.460 --- KL Loss: 4.667 --- Beta: 0.005380
	Validity: 0.56% --- Uniquene@1000: 0.91% --- Unique@10000: 0.64%

{'valid': 0.34430000000000005, 'unique@1000': 0.904, 'unique@10000': 0.6519, 'FCD/Test': 16.992393486615242, 'SNN/Test': 0.5764728364402943, 'Frag/Test': 0.7971525127099665, 'Scaf/Test': 0.2784126955179691, 'FCD/TestSF': 18.06993657248725, 'SNN/TestSF': 0.5098692510262246, 'Frag/TestSF': 0.7874933983131248, 'Scaf/TestSF': 0.032429217901535634, 'IntDiv': 0.8206904892610689, 'IntDiv2': 0.8056617249349636, 'Filters': 0.9620486010262368, 'logP': 0.35792972296418396, 'SA': 0.11163749359096617, 'QED': 0.06383290435124646, 'weight': 12.537736231184194, 'Novelty': 0.937023186237846}
Epoch: 34:
	Train Loss: 0.481 --- Reconstruction Loss: 0.456 --- KL Loss: 4.531 --- Beta: 0.005545
	Validity: 0.34% --- Uniquene@1000: 0.90% --- Unique@10000: 0.65%

{'valid': 0.5099333333333333, 'unique@1000': 0.956, 'unique@10000': 0.7099, 'FCD/Test': 18.393854776603874, 'SNN/Test': 0.5726423272696223, 'Frag/Test': 0.8077979089072148, 'Scaf/Test': 0.21143619087234589, 'FCD/TestSF': 19.66791060605663, 'SNN/TestSF': 0.4945597994587035, 'Frag/TestSF': 0.7933922293003455, 'Scaf/TestSF': 0.04671321451138466, 'IntDiv': 0.814295849169518, 'IntDiv2': 0.8000918312041733, 'Filters': 0.9795398091253759, 'logP': 0.17156131291408167, 'SA': 0.11098401837110551, 'QED': 0.08200548735477506, 'weight': 10.390913334046346, 'Novelty': 0.9518641342578635}
Epoch: 35:
	Train Loss: 0.476 --- Reconstruction Loss: 0.451 --- KL Loss: 4.393 --- Beta: 0.005710
	Validity: 0.51% --- Uniquene@1000: 0.96% --- Unique@10000: 0.71%

{'valid': 0.5205, 'unique@1000': 0.94, 'unique@10000': 0.733, 'FCD/Test': 16.929871574006555, 'SNN/Test': 0.5658149791353603, 'Frag/Test': 0.7992305694205891, 'Scaf/Test': 0.2929303009649228, 'FCD/TestSF': 18.192527918061202, 'SNN/TestSF': 0.49433440965431225, 'Frag/TestSF': 0.786226343187769, 'Scaf/TestSF': 0.02462716403354115, 'IntDiv': 0.8175621897163171, 'IntDiv2': 0.8047314631003877, 'Filters': 0.9758565481908421, 'logP': 0.2480150369014499, 'SA': 0.11255534639743456, 'QED': 0.07995448189447096, 'weight': 8.244576793644368, 'Novelty': 0.9500190766882869}
Epoch: 36:
	Train Loss: 0.473 --- Reconstruction Loss: 0.448 --- KL Loss: 4.318 --- Beta: 0.005875
	Validity: 0.52% --- Uniquene@1000: 0.94% --- Unique@10000: 0.73%

{'valid': 0.6271, 'unique@1000': 0.927, 'unique@10000': 0.7111, 'FCD/Test': 17.905791364450515, 'SNN/Test': 0.5822135552820176, 'Frag/Test': 0.8374396441675036, 'Scaf/Test': 0.3073735640475035, 'FCD/TestSF': 18.904312057585088, 'SNN/TestSF': 0.5236922214450762, 'Frag/TestSF': 0.830588809606204, 'Scaf/TestSF': 0.04033687233620198, 'IntDiv': 0.8244802561970623, 'IntDiv2': 0.8106932469355155, 'Filters': 0.981980545367565, 'logP': 0.43411006232079946, 'SA': 0.1894988262453427, 'QED': 0.01935822459905207, 'weight': 10.919284828209653, 'Novelty': 0.9324163695024622}
Epoch: 37:
	Train Loss: 0.470 --- Reconstruction Loss: 0.445 --- KL Loss: 4.214 --- Beta: 0.006040
	Validity: 0.63% --- Uniquene@1000: 0.93% --- Unique@10000: 0.71%

{'valid': 0.3674333333333333, 'unique@1000': 0.944, 'unique@10000': 0.7456, 'FCD/Test': 14.708094716152601, 'SNN/Test': 0.558405478408297, 'Frag/Test': 0.846053942772211, 'Scaf/Test': 0.2629058309640926, 'FCD/TestSF': 15.54240847124344, 'SNN/TestSF': 0.4967981210696787, 'Frag/TestSF': 0.8376176775982211, 'Scaf/TestSF': 0.02759858408334237, 'IntDiv': 0.8344897712298753, 'IntDiv2': 0.8214983357368155, 'Filters': 0.9467477093350267, 'logP': 0.41731271895088007, 'SA': 0.08670502948115627, 'QED': 0.05334952847783349, 'weight': 8.955187648504966, 'Novelty': 0.9548434987009774}
Epoch: 38:
	Train Loss: 0.467 --- Reconstruction Loss: 0.441 --- KL Loss: 4.152 --- Beta: 0.006205
	Validity: 0.37% --- Uniquene@1000: 0.94% --- Unique@10000: 0.75%

/home/80027464/graphvae/metrics.py:527: UserWarning: Can't compute unique@10000.gen contains only 8267 molecules
  warnings.warn(
{'valid': 0.2755666666666666, 'unique@1000': 0.929, 'unique@10000': 0.7520261279787105, 'FCD/Test': 13.639730555606832, 'SNN/Test': 0.5507627963889996, 'Frag/Test': 0.8539310775482146, 'Scaf/Test': 0.2403355518264818, 'FCD/TestSF': 14.402593866746507, 'SNN/TestSF': 0.5007010621442405, 'Frag/TestSF': 0.8459091471789855, 'Scaf/TestSF': 0.021772753285157376, 'IntDiv': 0.838936961024128, 'IntDiv2': 0.8263098512157153, 'Filters': 0.8839966130397968, 'logP': 0.29857989891497005, 'SA': 0.06403979743667904, 'QED': 0.0471103443730248, 'weight': 10.620004004795943, 'Novelty': 0.9388772719961396}
Epoch: 39:
	Train Loss: 0.464 --- Reconstruction Loss: 0.438 --- KL Loss: 4.079 --- Beta: 0.006370
	Validity: 0.28% --- Uniquene@1000: 0.93% --- Unique@10000: 0.75%

{'valid': 0.44179999999999997, 'unique@1000': 0.947, 'unique@10000': 0.7615, 'FCD/Test': 15.226248562989355, 'SNN/Test': 0.5599385953307494, 'Frag/Test': 0.8568431055223632, 'Scaf/Test': 0.27385236138650804, 'FCD/TestSF': 16.138621195148723, 'SNN/TestSF': 0.5035508906942913, 'Frag/TestSF': 0.8487190411440363, 'Scaf/TestSF': 0.036225413891095126, 'IntDiv': 0.8374721725835832, 'IntDiv2': 0.8249505539362997, 'Filters': 0.9530707710879734, 'logP': 0.3445170841095717, 'SA': 0.045931176271550994, 'QED': 0.040543069726644114, 'weight': 10.189483166718134, 'Novelty': 0.9484974093264249}
Epoch: 40:
	Train Loss: 0.461 --- Reconstruction Loss: 0.435 --- KL Loss: 4.010 --- Beta: 0.006535
	Validity: 0.44% --- Uniquene@1000: 0.95% --- Unique@10000: 0.76%

{'valid': 0.5031333333333333, 'unique@1000': 0.949, 'unique@10000': 0.758, 'FCD/Test': 16.497149045096272, 'SNN/Test': 0.5726651782067513, 'Frag/Test': 0.8559306519407627, 'Scaf/Test': 0.4085213133767146, 'FCD/TestSF': 17.66476532768774, 'SNN/TestSF': 0.5087189539621346, 'Frag/TestSF': 0.8473792798893506, 'Scaf/TestSF': 0.02741287690034222, 'IntDiv': 0.8309321712672352, 'IntDiv2': 0.8184593053862963, 'Filters': 0.9752881939843646, 'logP': 0.3105728017098885, 'SA': 0.11501422360340398, 'QED': 0.036367108579244446, 'weight': 16.190724424709526, 'Novelty': 0.9391402502116452}
Epoch: 41:
	Train Loss: 0.458 --- Reconstruction Loss: 0.431 --- KL Loss: 3.958 --- Beta: 0.006700
	Validity: 0.50% --- Uniquene@1000: 0.95% --- Unique@10000: 0.76%

{'valid': 0.6091666666666666, 'unique@1000': 0.962, 'unique@10000': 0.7963, 'FCD/Test': 14.94930078448634, 'SNN/Test': 0.5658625368698514, 'Frag/Test': 0.8703282376659117, 'Scaf/Test': 0.3097646855138205, 'FCD/TestSF': 15.990605070588131, 'SNN/TestSF': 0.5100598600388552, 'Frag/TestSF': 0.8617781053023688, 'Scaf/TestSF': 0.04393809334106524, 'IntDiv': 0.8321044926459824, 'IntDiv2': 0.8199840906273697, 'Filters': 0.973515731874145, 'logP': 0.3144048604051928, 'SA': 0.15105599973342032, 'QED': 0.03806313358246299, 'weight': 13.843197522072844, 'Novelty': 0.9403355654202091}
Epoch: 42:
	Train Loss: 0.455 --- Reconstruction Loss: 0.428 --- KL Loss: 3.893 --- Beta: 0.006865
	Validity: 0.61% --- Uniquene@1000: 0.96% --- Unique@10000: 0.80%

{'valid': 0.4993666666666666, 'unique@1000': 0.95, 'unique@10000': 0.7656, 'FCD/Test': 15.99583598009616, 'SNN/Test': 0.5725783651521708, 'Frag/Test': 0.8725709101316688, 'Scaf/Test': 0.23212101201667223, 'FCD/TestSF': 16.976863990149795, 'SNN/TestSF': 0.5123023669546305, 'Frag/TestSF': 0.862565187097935, 'Scaf/TestSF': 0.0195163725256694, 'IntDiv': 0.8300080843038216, 'IntDiv2': 0.8172610699601248, 'Filters': 0.975302049262399, 'logP': 0.22752972890348483, 'SA': 0.14411112739380855, 'QED': 0.03822979033603983, 'weight': 12.93396168094523, 'Novelty': 0.9376987839101965}
Epoch: 43:
	Train Loss: 0.452 --- Reconstruction Loss: 0.425 --- KL Loss: 3.835 --- Beta: 0.007030
	Validity: 0.50% --- Uniquene@1000: 0.95% --- Unique@10000: 0.77%

{'valid': 0.5696666666666667, 'unique@1000': 0.963, 'unique@10000': 0.798, 'FCD/Test': 16.41924128070123, 'SNN/Test': 0.5522642886877548, 'Frag/Test': 0.8357608695599941, 'Scaf/Test': 0.3016808566739715, 'FCD/TestSF': 17.612324979003525, 'SNN/TestSF': 0.48874244090407265, 'Frag/TestSF': 0.8222004809368568, 'Scaf/TestSF': 0.03807058601989233, 'IntDiv': 0.8263898202865202, 'IntDiv2': 0.8140485078875282, 'Filters': 0.9607957870099474, 'logP': 0.19647032704459025, 'SA': 0.06651031923437646, 'QED': 0.05862013714521174, 'weight': 9.970381252533787, 'Novelty': 0.9593231111464209}
Epoch: 44:
	Train Loss: 0.450 --- Reconstruction Loss: 0.423 --- KL Loss: 3.778 --- Beta: 0.007195
	Validity: 0.57% --- Uniquene@1000: 0.96% --- Unique@10000: 0.80%

{'valid': 0.5114000000000001, 'unique@1000': 0.952, 'unique@10000': 0.806, 'FCD/Test': 15.439559807602087, 'SNN/Test': 0.5401967047883547, 'Frag/Test': 0.8540760164626808, 'Scaf/Test': 0.2780224170738369, 'FCD/TestSF': 16.47294753673569, 'SNN/TestSF': 0.4817822435842843, 'Frag/TestSF': 0.8450473890496885, 'Scaf/TestSF': 0.025493262009177675, 'IntDiv': 0.8401418919296773, 'IntDiv2': 0.8285456354138638, 'Filters': 0.9487680876026594, 'logP': 0.19876087565391032, 'SA': 0.03873406788975898, 'QED': 0.04875708606870426, 'weight': 12.200291751774657, 'Novelty': 0.9570272132276955}
Epoch: 45:
	Train Loss: 0.447 --- Reconstruction Loss: 0.420 --- KL Loss: 3.745 --- Beta: 0.007360
	Validity: 0.51% --- Uniquene@1000: 0.95% --- Unique@10000: 0.81%

{'valid': 0.6324666666666667, 'unique@1000': 0.964, 'unique@10000': 0.8107, 'FCD/Test': 15.821530221861352, 'SNN/Test': 0.5595476804853831, 'Frag/Test': 0.8617470731773224, 'Scaf/Test': 0.3349360543042015, 'FCD/TestSF': 16.793376346238148, 'SNN/TestSF': 0.5082058232790856, 'Frag/TestSF': 0.8546921931257766, 'Scaf/TestSF': 0.03850063161701922, 'IntDiv': 0.8367880300833366, 'IntDiv2': 0.8249752866519037, 'Filters': 0.9719616317065458, 'logP': 0.41145744570124987, 'SA': 0.08630528189350296, 'QED': 0.028065330842959053, 'weight': 16.369300018146784, 'Novelty': 0.9332379248658318}
Epoch: 46:
	Train Loss: 0.445 --- Reconstruction Loss: 0.417 --- KL Loss: 3.696 --- Beta: 0.007525
	Validity: 0.63% --- Uniquene@1000: 0.96% --- Unique@10000: 0.81%

{'valid': 0.6384666666666667, 'unique@1000': 0.966, 'unique@10000': 0.8122, 'FCD/Test': 16.620538657630547, 'SNN/Test': 0.5574778770846851, 'Frag/Test': 0.8519782002512414, 'Scaf/Test': 0.2477399268112318, 'FCD/TestSF': 17.82119615548733, 'SNN/TestSF': 0.49503662656275776, 'Frag/TestSF': 0.8436842456686285, 'Scaf/TestSF': 0.032412188160664046, 'IntDiv': 0.8353116665479293, 'IntDiv2': 0.822852541322786, 'Filters': 0.9789077999373499, 'logP': 0.3018969162938236, 'SA': 0.0995975953819775, 'QED': 0.04501413976726504, 'weight': 13.987690973808746, 'Novelty': 0.9468988954970263}
Epoch: 47:
	Train Loss: 0.443 --- Reconstruction Loss: 0.415 --- KL Loss: 3.648 --- Beta: 0.007690
	Validity: 0.64% --- Uniquene@1000: 0.97% --- Unique@10000: 0.81%

{'valid': 0.6391333333333333, 'unique@1000': 0.966, 'unique@10000': 0.8109, 'FCD/Test': 18.713920413714035, 'SNN/Test': 0.5499366621614199, 'Frag/Test': 0.8403954115632455, 'Scaf/Test': 0.22471239816077382, 'FCD/TestSF': 19.677748133603004, 'SNN/TestSF': 0.502775824399024, 'Frag/TestSF': 0.8324211222568205, 'Scaf/TestSF': 0.037065962140989894, 'IntDiv': 0.8324528108152085, 'IntDiv2': 0.8202045702982372, 'Filters': 0.9667257744862835, 'logP': 0.13393308376032026, 'SA': 0.07797043576956725, 'QED': 0.04924851842891358, 'weight': 12.993047519758475, 'Novelty': 0.9521844314785826}
Epoch: 48:
	Train Loss: 0.441 --- Reconstruction Loss: 0.413 --- KL Loss: 3.613 --- Beta: 0.007855
	Validity: 0.64% --- Uniquene@1000: 0.97% --- Unique@10000: 0.81%

slurmstepd: error: *** JOB 8257239 ON hpctpa3pc0049 CANCELLED AT 2024-02-15T10:04:48 ***
