2024-02-15 06:09:21.541298: E external/local_xla/xla/stream_executor/cuda/cuda_dnn.cc:9261] Unable to register cuDNN factory: Attempting to register factory for plugin cuDNN when one has already been registered
2024-02-15 06:09:21.541359: E external/local_xla/xla/stream_executor/cuda/cuda_fft.cc:607] Unable to register cuFFT factory: Attempting to register factory for plugin cuFFT when one has already been registered
2024-02-15 06:09:21.542281: E external/local_xla/xla/stream_executor/cuda/cuda_blas.cc:1515] Unable to register cuBLAS factory: Attempting to register factory for plugin cuBLAS when one has already been registered
2024-02-15 06:09:21.546732: I tensorflow/core/platform/cpu_feature_guard.cc:182] This TensorFlow binary is optimized to use available CPU instructions in performance-critical operations.
To enable the following instructions: AVX2 FMA, in other operations, rebuild TensorFlow with the appropriate compiler flags.
2024-02-15 06:09:22.930287: W tensorflow/compiler/tf2tensorrt/utils/py_utils.cc:38] TF-TRT Warning: Could not find TensorRT

Arguments:
	data_path: data/moses_train.txt
	max_len: 30
	batch: 128
	d_model: 512
	d_latent: 256
	d_ff: 1024
	e_heads: 1
	d_heads: 8
	n_layers: 8
	dropout: 0.5
	lr: 0.0005
	n_epochs: 80
	kl_type: cyclic
	kl_w_start: 0.0001
	kl_w_end: 0.001
	kl_cycle: 4
	kl_ratio: 1.0
	save_name: klcompare

Number of data: 88192

SMILES Vocab:
	 {'<START>': 0, '<END>': 1, '<PAD>': 2, 'C': 3, 'O': 4, 'c': 5, '1': 6, '(': 7, '=': 8, ')': 9, 'N': 10, 'n': 11, '2': 12, 'F': 13, 'Cl': 14, 'Br': 15, '#': 16, '3': 17, 'S': 18, 'o': 19, '-': 20, 's': 21, '[nH]': 22, '4': 23}

Graph Vocab:
	 {'C': 0, 'O': 1, 'N': 2, 'F': 3, 'Cl': 4, 'Br': 5, 'S': 6}


KL Annealer: [0.0001   0.000145 0.00019  0.000235 0.00028  0.000325 0.00037  0.000415
 0.00046  0.000505 0.00055  0.000595 0.00064  0.000685 0.00073  0.000775
 0.00082  0.000865 0.00091  0.000955 0.0001   0.000145 0.00019  0.000235
 0.00028  0.000325 0.00037  0.000415 0.00046  0.000505 0.00055  0.000595
 0.00064  0.000685 0.00073  0.000775 0.00082  0.000865 0.00091  0.000955
 0.0001   0.000145 0.00019  0.000235 0.00028  0.000325 0.00037  0.000415
 0.00046  0.000505 0.00055  0.000595 0.00064  0.000685 0.00073  0.000775
 0.00082  0.000865 0.00091  0.000955 0.0001   0.000145 0.00019  0.000235
 0.00028  0.000325 0.00037  0.000415 0.00046  0.000505 0.00055  0.000595
 0.00064  0.000685 0.00073  0.000775 0.00082  0.000865 0.00091  0.000955]




#########################################################################
######################### START TRAINING ################################
#########################################################################




{'valid': 0.7261333333333333, 'unique@1000': 0.513, 'unique@10000': 0.219, 'FCD/Test': 28.596762897753095, 'SNN/Test': 0.6328316078744651, 'Frag/Test': 0.858465066188133, 'Scaf/Test': 0.17563345943427122, 'FCD/TestSF': 29.77702379269781, 'SNN/TestSF': 0.5477330594135806, 'Frag/TestSF': 0.8461849088100282, 'Scaf/TestSF': 0.007190292264139364, 'IntDiv': 0.7618440484059229, 'IntDiv2': 0.7274171058985377, 'Filters': 0.9947668013220713, 'logP': 0.3655934984633638, 'SA': 0.4415197709729584, 'QED': 0.05188453723550046, 'weight': 8.7546954698005, 'Novelty': 0.9134615384615384}
Epoch: 31:
	Train Loss: 0.503 --- Reconstruction Loss: 0.478 --- KL Loss: 45.400 --- Beta: 0.000550
	Validity: 0.73% --- Uniquene@1000: 0.51% --- Unique@10000: 0.22%

{'valid': 0.7741666666666667, 'unique@1000': 0.492, 'unique@10000': 0.2113, 'FCD/Test': 26.071231997472538, 'SNN/Test': 0.646103436460536, 'Frag/Test': 0.8624008497881516, 'Scaf/Test': 0.20007527762811916, 'FCD/TestSF': 27.493987653476438, 'SNN/TestSF': 0.5486473040008443, 'Frag/TestSF': 0.852285076812506, 'Scaf/TestSF': 0.01564405808249425, 'IntDiv': 0.7347148555398761, 'IntDiv2': 0.7025376574879297, 'Filters': 0.9981054897739505, 'logP': 0.3548725073285425, 'SA': 0.4706569933954527, 'QED': 0.07628502679872158, 'weight': 8.75294037207594, 'Novelty': 0.8964691801316577}
Epoch: 32:
	Train Loss: 0.495 --- Reconstruction Loss: 0.472 --- KL Loss: 39.948 --- Beta: 0.000595
	Validity: 0.77% --- Uniquene@1000: 0.49% --- Unique@10000: 0.21%

{'valid': 0.8812333333333333, 'unique@1000': 0.605, 'unique@10000': 0.2795, 'FCD/Test': 27.72544842337436, 'SNN/Test': 0.6128991041461418, 'Frag/Test': 0.8325271615952062, 'Scaf/Test': 0.19841700211879254, 'FCD/TestSF': 29.0972377834241, 'SNN/TestSF': 0.5365406091181572, 'Frag/TestSF': 0.8203817844426979, 'Scaf/TestSF': 0.015455377871241072, 'IntDiv': 0.7284373926431337, 'IntDiv2': 0.7064458695283703, 'Filters': 0.9933048379165563, 'logP': 0.23658040270608624, 'SA': 0.4059781903706552, 'QED': 0.11570866140299987, 'weight': 8.057630638665783, 'Novelty': 0.9340822382365409}
Epoch: 33:
	Train Loss: 0.488 --- Reconstruction Loss: 0.465 --- KL Loss: 35.124 --- Beta: 0.000640
	Validity: 0.88% --- Uniquene@1000: 0.60% --- Unique@10000: 0.28%

{'valid': 0.7805666666666666, 'unique@1000': 0.648, 'unique@10000': 0.323, 'FCD/Test': 21.018617147641194, 'SNN/Test': 0.6296233013078202, 'Frag/Test': 0.8961687801386947, 'Scaf/Test': 0.332521429313112, 'FCD/TestSF': 22.25786132584585, 'SNN/TestSF': 0.5318947051005374, 'Frag/TestSF': 0.88393797572824, 'Scaf/TestSF': 0.010723724473475915, 'IntDiv': 0.7833305560918554, 'IntDiv2': 0.7586178573845819, 'Filters': 0.9935516932143315, 'logP': 0.5034339794918118, 'SA': 0.3876802975680456, 'QED': 0.05127779361522866, 'weight': 10.820094867436119, 'Novelty': 0.91354304012055}
Epoch: 34:
	Train Loss: 0.480 --- Reconstruction Loss: 0.459 --- KL Loss: 30.585 --- Beta: 0.000685
	Validity: 0.78% --- Uniquene@1000: 0.65% --- Unique@10000: 0.32%

{'valid': 0.8210999999999999, 'unique@1000': 0.702, 'unique@10000': 0.3649, 'FCD/Test': 21.41971376538519, 'SNN/Test': 0.615829384003178, 'Frag/Test': 0.8717852572188874, 'Scaf/Test': 0.22344863041749297, 'FCD/TestSF': 22.622094961069635, 'SNN/TestSF': 0.5414976414008886, 'Frag/TestSF': 0.8602350100432483, 'Scaf/TestSF': 0.022326020080199016, 'IntDiv': 0.7907309315116641, 'IntDiv2': 0.7700403081653854, 'Filters': 0.9956156375593715, 'logP': 0.3286804742932958, 'SA': 0.373556285867076, 'QED': 0.05482162409497105, 'weight': 12.614407154811081, 'Novelty': 0.8951431328401416}
Epoch: 35:
	Train Loss: 0.473 --- Reconstruction Loss: 0.453 --- KL Loss: 27.382 --- Beta: 0.000730
	Validity: 0.82% --- Uniquene@1000: 0.70% --- Unique@10000: 0.36%

{'valid': 0.7744, 'unique@1000': 0.74, 'unique@10000': 0.3813, 'FCD/Test': 21.01470641542015, 'SNN/Test': 0.6143836195480602, 'Frag/Test': 0.8524270630275956, 'Scaf/Test': 0.19391873637047385, 'FCD/TestSF': 22.28119943560617, 'SNN/TestSF': 0.5235671020817196, 'Frag/TestSF': 0.8388469696764674, 'Scaf/TestSF': 0.012558325187492891, 'IntDiv': 0.8031163956383882, 'IntDiv2': 0.7824518020629131, 'Filters': 0.9942320936639119, 'logP': 0.48490451578832366, 'SA': 0.33588014338930333, 'QED': 0.05116690119902045, 'weight': 8.067747413047899, 'Novelty': 0.9079883570504528}
Epoch: 36:
	Train Loss: 0.466 --- Reconstruction Loss: 0.447 --- KL Loss: 24.711 --- Beta: 0.000775
	Validity: 0.77% --- Uniquene@1000: 0.74% --- Unique@10000: 0.38%

{'valid': 0.8014333333333333, 'unique@1000': 0.766, 'unique@10000': 0.4289, 'FCD/Test': 21.23618442105625, 'SNN/Test': 0.6138223583957189, 'Frag/Test': 0.8871813347572142, 'Scaf/Test': 0.30034989978390403, 'FCD/TestSF': 22.479827211269082, 'SNN/TestSF': 0.5318056607818572, 'Frag/TestSF': 0.8766086456656348, 'Scaf/TestSF': 0.014898494180102473, 'IntDiv': 0.7938546301620066, 'IntDiv2': 0.7758518319938944, 'Filters': 0.9953832716383146, 'logP': 0.5482769407565523, 'SA': 0.37004442811571386, 'QED': 0.03726195243114911, 'weight': 7.632887023334168, 'Novelty': 0.9142355483522421}
Epoch: 37:
	Train Loss: 0.460 --- Reconstruction Loss: 0.441 --- KL Loss: 22.374 --- Beta: 0.000820
	Validity: 0.80% --- Uniquene@1000: 0.77% --- Unique@10000: 0.43%

{'valid': 0.832, 'unique@1000': 0.784, 'unique@10000': 0.4316, 'FCD/Test': 20.16964832279072, 'SNN/Test': 0.6153526593059397, 'Frag/Test': 0.8933568108810228, 'Scaf/Test': 0.299956104804453, 'FCD/TestSF': 21.47374425479383, 'SNN/TestSF': 0.5361616489453576, 'Frag/TestSF': 0.8834475440178828, 'Scaf/TestSF': 0.017222900433910393, 'IntDiv': 0.7947031473552589, 'IntDiv2': 0.7782640742626445, 'Filters': 0.9945512820512821, 'logP': 0.5133578450281544, 'SA': 0.35027734347155964, 'QED': 0.01880807065546747, 'weight': 6.837974856760509, 'Novelty': 0.9026168467647442}
Epoch: 38:
	Train Loss: 0.455 --- Reconstruction Loss: 0.437 --- KL Loss: 20.895 --- Beta: 0.000865
	Validity: 0.83% --- Uniquene@1000: 0.78% --- Unique@10000: 0.43%

{'valid': 0.8643666666666667, 'unique@1000': 0.807, 'unique@10000': 0.4884, 'FCD/Test': 17.531643956755794, 'SNN/Test': 0.6289310064424657, 'Frag/Test': 0.8922310025035901, 'Scaf/Test': 0.4091722292432407, 'FCD/TestSF': 18.455889419873785, 'SNN/TestSF': 0.5569571743294293, 'Frag/TestSF': 0.8815290027403639, 'Scaf/TestSF': 0.04384082013892754, 'IntDiv': 0.7986134001209946, 'IntDiv2': 0.7837443823814171, 'Filters': 0.9903204658516833, 'logP': 0.3943511688679435, 'SA': 0.36270036825563057, 'QED': 0.02748507599765775, 'weight': 9.529760473658184, 'Novelty': 0.8874379451759119}
Epoch: 39:
	Train Loss: 0.447 --- Reconstruction Loss: 0.429 --- KL Loss: 19.162 --- Beta: 0.000910
	Validity: 0.86% --- Uniquene@1000: 0.81% --- Unique@10000: 0.49%

{'valid': 0.8520333333333333, 'unique@1000': 0.809, 'unique@10000': 0.5069, 'FCD/Test': 20.224287813526004, 'SNN/Test': 0.6047050941077193, 'Frag/Test': 0.8399845390960033, 'Scaf/Test': 0.19915787328001544, 'FCD/TestSF': 21.419329812955155, 'SNN/TestSF': 0.5238339149307409, 'Frag/TestSF': 0.8277579306769342, 'Scaf/TestSF': 0.02007806672705781, 'IntDiv': 0.7935923317090356, 'IntDiv2': 0.7777302272019202, 'Filters': 0.9887719572786667, 'logP': 0.27263049618365515, 'SA': 0.2557548013511215, 'QED': 0.043891185047600416, 'weight': 8.438398461948362, 'Novelty': 0.9081375838926175}
Epoch: 40:
	Train Loss: 0.441 --- Reconstruction Loss: 0.424 --- KL Loss: 17.966 --- Beta: 0.000955
	Validity: 0.85% --- Uniquene@1000: 0.81% --- Unique@10000: 0.51%

{'valid': 0.8485333333333334, 'unique@1000': 0.768, 'unique@10000': 0.4057, 'FCD/Test': 20.176466718666305, 'SNN/Test': 0.6073329837818348, 'Frag/Test': 0.8563954391729333, 'Scaf/Test': 0.27613563300575894, 'FCD/TestSF': 21.598736115571, 'SNN/TestSF': 0.5223459865614575, 'Frag/TestSF': 0.843075285256251, 'Scaf/TestSF': 0.034594563554423585, 'IntDiv': 0.7960058464628272, 'IntDiv2': 0.7801080191003231, 'Filters': 0.989982715273413, 'logP': 0.38214444233310835, 'SA': 0.2855637652832828, 'QED': 0.04607348366089553, 'weight': 13.238382463617379, 'Novelty': 0.8962673004333845}
Epoch: 41:
	Train Loss: 0.419 --- Reconstruction Loss: 0.415 --- KL Loss: 39.312 --- Beta: 0.000100
	Validity: 0.85% --- Uniquene@1000: 0.77% --- Unique@10000: 0.41%

{'valid': 0.7523333333333333, 'unique@1000': 0.81, 'unique@10000': 0.455, 'FCD/Test': 18.501530665061253, 'SNN/Test': 0.6007126518620503, 'Frag/Test': 0.9155512769812185, 'Scaf/Test': 0.2416816023584457, 'FCD/TestSF': 19.724196111065332, 'SNN/TestSF': 0.5185114050339321, 'Frag/TestSF': 0.9041803117685318, 'Scaf/TestSF': 0.03426137492966419, 'IntDiv': 0.7992341770854168, 'IntDiv2': 0.7858223666013442, 'Filters': 0.9911386796632699, 'logP': 0.4068631982656335, 'SA': 0.22871979101283393, 'QED': 0.03048833144935306, 'weight': 12.534099613668912, 'Novelty': 0.9093754074846786}
Epoch: 42:
	Train Loss: 0.413 --- Reconstruction Loss: 0.407 --- KL Loss: 39.728 --- Beta: 0.000145
	Validity: 0.75% --- Uniquene@1000: 0.81% --- Unique@10000: 0.46%

{'valid': 0.8991333333333333, 'unique@1000': 0.784, 'unique@10000': 0.4079, 'FCD/Test': 22.09188518418616, 'SNN/Test': 0.6010597395567223, 'Frag/Test': 0.8471719505498054, 'Scaf/Test': 0.202813108839776, 'FCD/TestSF': 23.403945702257396, 'SNN/TestSF': 0.5184634438362805, 'Frag/TestSF': 0.8342608376263435, 'Scaf/TestSF': 0.036038002059702756, 'IntDiv': 0.7940347526951225, 'IntDiv2': 0.776910076303071, 'Filters': 0.9872099058352488, 'logP': 0.35825075171255516, 'SA': 0.20030585684847552, 'QED': 0.040275117727855005, 'weight': 20.42729435824663, 'Novelty': 0.8870642078341634}
Epoch: 43:
	Train Loss: 0.409 --- Reconstruction Loss: 0.402 --- KL Loss: 38.279 --- Beta: 0.000190
	Validity: 0.90% --- Uniquene@1000: 0.78% --- Unique@10000: 0.41%

{'valid': 0.8127, 'unique@1000': 0.781, 'unique@10000': 0.4409, 'FCD/Test': 19.181501385911673, 'SNN/Test': 0.5920320092130689, 'Frag/Test': 0.8751831200683275, 'Scaf/Test': 0.1869405423375834, 'FCD/TestSF': 20.386626956482942, 'SNN/TestSF': 0.5203169092201657, 'Frag/TestSF': 0.8631558328221065, 'Scaf/TestSF': 0.04511286614080723, 'IntDiv': 0.7994157626315256, 'IntDiv2': 0.7851501184624519, 'Filters': 0.9895820515975555, 'logP': 0.48034182316856294, 'SA': 0.2608674488518563, 'QED': 0.030057289770465685, 'weight': 18.223256455597515, 'Novelty': 0.8950341565948502}
Epoch: 44:
	Train Loss: 0.405 --- Reconstruction Loss: 0.397 --- KL Loss: 35.313 --- Beta: 0.000235
	Validity: 0.81% --- Uniquene@1000: 0.78% --- Unique@10000: 0.44%

{'valid': 0.8814333333333333, 'unique@1000': 0.814, 'unique@10000': 0.4817, 'FCD/Test': 18.628552137421593, 'SNN/Test': 0.610236576147575, 'Frag/Test': 0.9119615617016231, 'Scaf/Test': 0.27016138925077415, 'FCD/TestSF': 19.620420049349008, 'SNN/TestSF': 0.5315686009165803, 'Frag/TestSF': 0.9021831913167767, 'Scaf/TestSF': 0.03459476237223935, 'IntDiv': 0.798860609295557, 'IntDiv2': 0.7861438148790669, 'Filters': 0.9941005180955262, 'logP': 0.4645321406156022, 'SA': 0.2800316691070473, 'QED': 0.02250978341342845, 'weight': 15.664933647645446, 'Novelty': 0.8807640144665461}
Epoch: 45:
	Train Loss: 0.401 --- Reconstruction Loss: 0.392 --- KL Loss: 32.456 --- Beta: 0.000280
	Validity: 0.88% --- Uniquene@1000: 0.81% --- Unique@10000: 0.48%

{'valid': 0.8654, 'unique@1000': 0.831, 'unique@10000': 0.5145, 'FCD/Test': 19.513795906481235, 'SNN/Test': 0.6057220559204757, 'Frag/Test': 0.9168364770109556, 'Scaf/Test': 0.26475195884094127, 'FCD/TestSF': 20.51133430551674, 'SNN/TestSF': 0.5322490282004901, 'Frag/TestSF': 0.9070788167944207, 'Scaf/TestSF': 0.04564398792838009, 'IntDiv': 0.8026113935644064, 'IntDiv2': 0.789629795237511, 'Filters': 0.994877128110315, 'logP': 0.5384041279968895, 'SA': 0.26860363275155874, 'QED': 0.009971744778736559, 'weight': 16.303963222253387, 'Novelty': 0.8856753641412554}
Epoch: 46:
	Train Loss: 0.398 --- Reconstruction Loss: 0.388 --- KL Loss: 29.977 --- Beta: 0.000325
	Validity: 0.87% --- Uniquene@1000: 0.83% --- Unique@10000: 0.51%

{'valid': 0.8189666666666666, 'unique@1000': 0.881, 'unique@10000': 0.56, 'FCD/Test': 18.246893091388927, 'SNN/Test': 0.6076754479745189, 'Frag/Test': 0.9274261758513215, 'Scaf/Test': 0.24909582060161561, 'FCD/TestSF': 19.36338182284652, 'SNN/TestSF': 0.5279547826381795, 'Frag/TestSF': 0.9175779610040607, 'Scaf/TestSF': 0.03287103726180918, 'IntDiv': 0.8014085479990585, 'IntDiv2': 0.7897507262676, 'Filters': 0.9878708942162888, 'logP': 0.46066321965143703, 'SA': 0.2529525535694321, 'QED': 0.014522696166103573, 'weight': 14.837283882140895, 'Novelty': 0.8884329070433289}
Epoch: 47:
	Train Loss: 0.394 --- Reconstruction Loss: 0.384 --- KL Loss: 27.078 --- Beta: 0.000370
	Validity: 0.82% --- Uniquene@1000: 0.88% --- Unique@10000: 0.56%

{'valid': 0.7109, 'unique@1000': 0.867, 'unique@10000': 0.5961, 'FCD/Test': 18.44551973990214, 'SNN/Test': 0.5958275408413517, 'Frag/Test': 0.888872559429436, 'Scaf/Test': 0.24630997346466477, 'FCD/TestSF': 19.58938161765471, 'SNN/TestSF': 0.5185689895202067, 'Frag/TestSF': 0.8767338890116471, 'Scaf/TestSF': 0.03809824617727997, 'IntDiv': 0.8042962753286307, 'IntDiv2': 0.7913279804296618, 'Filters': 0.9898251043278473, 'logP': 0.32975177980175335, 'SA': 0.20316316849023097, 'QED': 0.04580633473293607, 'weight': 17.717100757498713, 'Novelty': 0.898779046868846}
Epoch: 48:
	Train Loss: 0.391 --- Reconstruction Loss: 0.381 --- KL Loss: 24.901 --- Beta: 0.000415
	Validity: 0.71% --- Uniquene@1000: 0.87% --- Unique@10000: 0.60%

{'valid': 0.6680333333333333, 'unique@1000': 0.896, 'unique@10000': 0.6004, 'FCD/Test': 15.614365222703391, 'SNN/Test': 0.6107463617758696, 'Frag/Test': 0.9109571022521137, 'Scaf/Test': 0.31539207588379403, 'FCD/TestSF': 16.608410541475344, 'SNN/TestSF': 0.540632842356297, 'Frag/TestSF': 0.9013120678293552, 'Scaf/TestSF': 0.052329360666924174, 'IntDiv': 0.8133319002115846, 'IntDiv2': 0.8020462317644504, 'Filters': 0.9921161618681702, 'logP': 0.3759651264459723, 'SA': 0.2578319406605839, 'QED': 0.012221669835861114, 'weight': 23.198199598009722, 'Novelty': 0.8771664651350262}
Epoch: 49:
	Train Loss: 0.387 --- Reconstruction Loss: 0.377 --- KL Loss: 23.090 --- Beta: 0.000460
	Validity: 0.67% --- Uniquene@1000: 0.90% --- Unique@10000: 0.60%

{'valid': 0.6614333333333333, 'unique@1000': 0.914, 'unique@10000': 0.6148, 'FCD/Test': 16.173071392291227, 'SNN/Test': 0.6027405660028559, 'Frag/Test': 0.9331196874900334, 'Scaf/Test': 0.33476146397332784, 'FCD/TestSF': 16.93337337885439, 'SNN/TestSF': 0.5314110237156042, 'Frag/TestSF': 0.926219038443986, 'Scaf/TestSF': 0.02991830997663436, 'IntDiv': 0.8153375583151913, 'IntDiv2': 0.8039201115158531, 'Filters': 0.9792874061381848, 'logP': 0.5222408235786158, 'SA': 0.208372286942729, 'QED': 0.019315195427893058, 'weight': 16.615225543281344, 'Novelty': 0.8889442727544612}
Epoch: 50:
	Train Loss: 0.384 --- Reconstruction Loss: 0.374 --- KL Loss: 21.483 --- Beta: 0.000505
	Validity: 0.66% --- Uniquene@1000: 0.91% --- Unique@10000: 0.61%

{'valid': 0.6718999999999999, 'unique@1000': 0.923, 'unique@10000': 0.6873, 'FCD/Test': 14.833638545157385, 'SNN/Test': 0.5929170811166542, 'Frag/Test': 0.9019206848007616, 'Scaf/Test': 0.26949012893614666, 'FCD/TestSF': 15.780106878428214, 'SNN/TestSF': 0.5244500252390544, 'Frag/TestSF': 0.8918715377923546, 'Scaf/TestSF': 0.041493429169668805, 'IntDiv': 0.8213876545242665, 'IntDiv2': 0.8101743542398735, 'Filters': 0.9838765689338691, 'logP': 0.3309597529299895, 'SA': 0.19193056616922033, 'QED': 0.021872930938313155, 'weight': 18.503205354497204, 'Novelty': 0.8962489343563512}
Epoch: 51:
	Train Loss: 0.381 --- Reconstruction Loss: 0.370 --- KL Loss: 20.023 --- Beta: 0.000550
	Validity: 0.67% --- Uniquene@1000: 0.92% --- Unique@10000: 0.69%

{'valid': 0.8646333333333334, 'unique@1000': 0.926, 'unique@10000': 0.6787, 'FCD/Test': 16.252362519647363, 'SNN/Test': 0.5994045383967708, 'Frag/Test': 0.9059355778152545, 'Scaf/Test': 0.30753861819276584, 'FCD/TestSF': 17.240071531615982, 'SNN/TestSF': 0.5292310408701842, 'Frag/TestSF': 0.897179788847288, 'Scaf/TestSF': 0.04375244331426742, 'IntDiv': 0.8201398071358819, 'IntDiv2': 0.8081877247593601, 'Filters': 0.9867766683372527, 'logP': 0.4316315186062509, 'SA': 0.24856264723163832, 'QED': 0.010297509905121715, 'weight': 18.399042755680103, 'Novelty': 0.8787747747747747}
Epoch: 52:
	Train Loss: 0.378 --- Reconstruction Loss: 0.367 --- KL Loss: 18.719 --- Beta: 0.000595
	Validity: 0.86% --- Uniquene@1000: 0.93% --- Unique@10000: 0.68%

{'valid': 0.7889666666666667, 'unique@1000': 0.937, 'unique@10000': 0.6932, 'FCD/Test': 16.49443101972558, 'SNN/Test': 0.6064011975169066, 'Frag/Test': 0.8961467592634638, 'Scaf/Test': 0.2614077195261809, 'FCD/TestSF': 17.48623094760825, 'SNN/TestSF': 0.5321070988638893, 'Frag/TestSF': 0.8848063717214815, 'Scaf/TestSF': 0.07778153623542405, 'IntDiv': 0.811371171101757, 'IntDiv2': 0.8001426744486644, 'Filters': 0.9854239722844227, 'logP': 0.23752752563688792, 'SA': 0.25332082690888186, 'QED': 0.02847928502669754, 'weight': 18.82050566024584, 'Novelty': 0.8773563479445833}
Epoch: 53:
	Train Loss: 0.375 --- Reconstruction Loss: 0.363 --- KL Loss: 17.671 --- Beta: 0.000640
	Validity: 0.79% --- Uniquene@1000: 0.94% --- Unique@10000: 0.69%

slurmstepd: error: *** JOB 8257225 ON hpctpa3pc0002 CANCELLED AT 2024-02-15T10:04:48 ***
