2024-02-15 02:31:21.047167: E external/local_xla/xla/stream_executor/cuda/cuda_dnn.cc:9261] Unable to register cuDNN factory: Attempting to register factory for plugin cuDNN when one has already been registered
2024-02-15 02:31:21.047249: E external/local_xla/xla/stream_executor/cuda/cuda_fft.cc:607] Unable to register cuFFT factory: Attempting to register factory for plugin cuFFT when one has already been registered
2024-02-15 02:31:21.048223: E external/local_xla/xla/stream_executor/cuda/cuda_blas.cc:1515] Unable to register cuBLAS factory: Attempting to register factory for plugin cuBLAS when one has already been registered
2024-02-15 02:31:21.052846: I tensorflow/core/platform/cpu_feature_guard.cc:182] This TensorFlow binary is optimized to use available CPU instructions in performance-critical operations.
To enable the following instructions: AVX2 FMA, in other operations, rebuild TensorFlow with the appropriate compiler flags.
2024-02-15 02:31:21.892001: W tensorflow/compiler/tf2tensorrt/utils/py_utils.cc:38] TF-TRT Warning: Could not find TensorRT

Arguments:
	data_path: data/moses_train.txt
	max_len: 30
	batch: 128
	d_model: 512
	d_latent: 256
	d_ff: 1024
	e_heads: 1
	d_heads: 8
	n_layers: 6
	dropout: 0.5
	lr: 0.0005
	n_epochs: 100
	kl_type: cyclic
	kl_w_start: 0.0001
	kl_w_end: 0.001
	kl_cycle: 4
	kl_ratio: 1.0
	save_name: klcompare

Number of data: 88192

SMILES Vocab:
	 {'<START>': 0, '<END>': 1, '<PAD>': 2, 'C': 3, 'O': 4, 'c': 5, '1': 6, '(': 7, '=': 8, ')': 9, 'N': 10, 'n': 11, '2': 12, 'F': 13, 'Cl': 14, 'Br': 15, '#': 16, '3': 17, 'S': 18, 'o': 19, '-': 20, 's': 21, '[nH]': 22, '4': 23}

Graph Vocab:
	 {'C': 0, 'O': 1, 'N': 2, 'F': 3, 'Cl': 4, 'Br': 5, 'S': 6}


KL Annealer: [0.0001   0.000136 0.000172 0.000208 0.000244 0.00028  0.000316 0.000352
 0.000388 0.000424 0.00046  0.000496 0.000532 0.000568 0.000604 0.00064
 0.000676 0.000712 0.000748 0.000784 0.00082  0.000856 0.000892 0.000928
 0.000964 0.0001   0.000136 0.000172 0.000208 0.000244 0.00028  0.000316
 0.000352 0.000388 0.000424 0.00046  0.000496 0.000532 0.000568 0.000604
 0.00064  0.000676 0.000712 0.000748 0.000784 0.00082  0.000856 0.000892
 0.000928 0.000964 0.0001   0.000136 0.000172 0.000208 0.000244 0.00028
 0.000316 0.000352 0.000388 0.000424 0.00046  0.000496 0.000532 0.000568
 0.000604 0.00064  0.000676 0.000712 0.000748 0.000784 0.00082  0.000856
 0.000892 0.000928 0.000964 0.0001   0.000136 0.000172 0.000208 0.000244
 0.00028  0.000316 0.000352 0.000388 0.000424 0.00046  0.000496 0.000532
 0.000568 0.000604 0.00064  0.000676 0.000712 0.000748 0.000784 0.00082
 0.000856 0.000892 0.000928 0.000964]




#########################################################################
######################### START TRAINING ################################
#########################################################################




{'valid': 0.44289999999999996, 'unique@1000': 0.769, 'unique@10000': 0.4242, 'FCD/Test': 22.331820398784195, 'SNN/Test': 0.6014636056686242, 'Frag/Test': 0.8860589395601474, 'Scaf/Test': 0.30825886811085, 'FCD/TestSF': 23.58735252627443, 'SNN/TestSF': 0.5104030496520383, 'Frag/TestSF': 0.8763789964763267, 'Scaf/TestSF': 0.018667684864040135, 'IntDiv': 0.783557832621282, 'IntDiv2': 0.7677827157293162, 'Filters': 0.9753894784375705, 'logP': 0.4866492211568974, 'SA': 0.22583837638017265, 'QED': 0.02543977127324538, 'weight': 12.39165374002699, 'Novelty': 0.9303286754575871}
Epoch: 31:
	Train Loss: 0.454 --- Reconstruction Loss: 0.444 --- KL Loss: 34.144 --- Beta: 0.000280
	Validity: 0.44% --- Uniquene@1000: 0.77% --- Unique@10000: 0.42%

{'valid': 0.38483333333333336, 'unique@1000': 0.703, 'unique@10000': 0.3844, 'FCD/Test': 25.47474302205252, 'SNN/Test': 0.6120485035719526, 'Frag/Test': 0.8749305480440474, 'Scaf/Test': 0.11961690877120312, 'FCD/TestSF': 26.522287502013924, 'SNN/TestSF': 0.5180318032084424, 'Frag/TestSF': 0.8645279143227947, 'Scaf/TestSF': 0.018622312503499883, 'IntDiv': 0.7606247759242204, 'IntDiv2': 0.7424785023247857, 'Filters': 0.9683845820701602, 'logP': 0.3918373346790002, 'SA': 0.25763721152324387, 'QED': 0.013913327030666743, 'weight': 6.589344339704462, 'Novelty': 0.9240596167494677}
Epoch: 32:
	Train Loss: 0.450 --- Reconstruction Loss: 0.440 --- KL Loss: 31.021 --- Beta: 0.000316
	Validity: 0.38% --- Uniquene@1000: 0.70% --- Unique@10000: 0.38%

{'valid': 0.3402666666666667, 'unique@1000': 0.802, 'unique@10000': 0.4756, 'FCD/Test': 18.01648848179444, 'SNN/Test': 0.5758029619497496, 'Frag/Test': 0.9181735437952898, 'Scaf/Test': 0.28459197259893143, 'FCD/TestSF': 18.89877244445001, 'SNN/TestSF': 0.5120540597099449, 'Frag/TestSF': 0.909671308677466, 'Scaf/TestSF': 0.04504459474000688, 'IntDiv': 0.8094355009212755, 'IntDiv2': 0.7957689999441042, 'Filters': 0.9579741379310345, 'logP': 0.37528266922087195, 'SA': 0.11631709422979637, 'QED': 0.0171868916910588, 'weight': 9.481775035093195, 'Novelty': 0.93507571043352}
Epoch: 33:
	Train Loss: 0.445 --- Reconstruction Loss: 0.435 --- KL Loss: 28.278 --- Beta: 0.000352
	Validity: 0.34% --- Uniquene@1000: 0.80% --- Unique@10000: 0.48%

{'valid': 0.34883333333333333, 'unique@1000': 0.846, 'unique@10000': 0.5321, 'FCD/Test': 19.396663310749062, 'SNN/Test': 0.5636527934956653, 'Frag/Test': 0.8725003494601056, 'Scaf/Test': 0.18482734372242793, 'FCD/TestSF': 20.466794250152894, 'SNN/TestSF': 0.4877728672373312, 'Frag/TestSF': 0.8601943436487891, 'Scaf/TestSF': 0.021871015197801102, 'IntDiv': 0.8019097069591492, 'IntDiv2': 0.7878813531365363, 'Filters': 0.9505972288580984, 'logP': 0.3504364210404445, 'SA': 0.05142661797566257, 'QED': 0.02137037220479499, 'weight': 8.64766782448208, 'Novelty': 0.9430023597749138}
Epoch: 34:
	Train Loss: 0.441 --- Reconstruction Loss: 0.431 --- KL Loss: 26.074 --- Beta: 0.000388
	Validity: 0.35% --- Uniquene@1000: 0.85% --- Unique@10000: 0.53%

/home/80027464/graphvae/metrics.py:527: UserWarning: Can't compute unique@10000.gen contains only 7573 molecules
  warnings.warn(
{'valid': 0.2524333333333333, 'unique@1000': 0.812, 'unique@10000': 0.5593556054403803, 'FCD/Test': 18.714611807771817, 'SNN/Test': 0.5335320457747256, 'Frag/Test': 0.8987775079527183, 'Scaf/Test': 0.42398104834063166, 'FCD/TestSF': 19.514261071326928, 'SNN/TestSF': 0.47503233600147615, 'Frag/TestSF': 0.8877480153852834, 'Scaf/TestSF': 0.021016764245943675, 'IntDiv': 0.814794658064795, 'IntDiv2': 0.7994632059403053, 'Filters': 0.7821206919318632, 'logP': 0.4369918868048729, 'SA': 0.13998278250428853, 'QED': 0.03123079382231421, 'weight': 7.35974356670959, 'Novelty': 0.9501888574126535}
Epoch: 35:
	Train Loss: 0.436 --- Reconstruction Loss: 0.426 --- KL Loss: 24.232 --- Beta: 0.000424
	Validity: 0.25% --- Uniquene@1000: 0.81% --- Unique@10000: 0.56%

{'valid': 0.5368999999999999, 'unique@1000': 0.892, 'unique@10000': 0.6272, 'FCD/Test': 18.41247371673319, 'SNN/Test': 0.5860635154742565, 'Frag/Test': 0.8651852174226514, 'Scaf/Test': 0.37218640513817636, 'FCD/TestSF': 19.62396561799467, 'SNN/TestSF': 0.503386596769248, 'Frag/TestSF': 0.8518776638692086, 'Scaf/TestSF': 0.04296788653057404, 'IntDiv': 0.8010983069370813, 'IntDiv2': 0.7879370706232091, 'Filters': 0.9849133916930527, 'logP': 0.3020030352701879, 'SA': 0.19278277088519052, 'QED': 0.047949641131567834, 'weight': 14.670476001568776, 'Novelty': 0.9312857302992938}
Epoch: 36:
	Train Loss: 0.432 --- Reconstruction Loss: 0.421 --- KL Loss: 22.825 --- Beta: 0.000460
	Validity: 0.54% --- Uniquene@1000: 0.89% --- Unique@10000: 0.63%

{'valid': 0.5428999999999999, 'unique@1000': 0.913, 'unique@10000': 0.6642, 'FCD/Test': 18.574966999725987, 'SNN/Test': 0.5915355440433889, 'Frag/Test': 0.9133307002926012, 'Scaf/Test': 0.3255206437383633, 'FCD/TestSF': 19.618099626213898, 'SNN/TestSF': 0.5192301878029159, 'Frag/TestSF': 0.9034574869144535, 'Scaf/TestSF': 0.028095066191923923, 'IntDiv': 0.8019357292615212, 'IntDiv2': 0.7898307776973814, 'Filters': 0.9681954933382452, 'logP': 0.47512892560297487, 'SA': 0.2314698631787949, 'QED': 0.01545273430876405, 'weight': 10.321102707579445, 'Novelty': 0.9309346567411083}
Epoch: 37:
	Train Loss: 0.427 --- Reconstruction Loss: 0.417 --- KL Loss: 21.439 --- Beta: 0.000496
	Validity: 0.54% --- Uniquene@1000: 0.91% --- Unique@10000: 0.66%

{'valid': 0.5891, 'unique@1000': 0.936, 'unique@10000': 0.7382, 'FCD/Test': 16.631802464016495, 'SNN/Test': 0.57936706701331, 'Frag/Test': 0.8943808813437941, 'Scaf/Test': 0.33980741769340717, 'FCD/TestSF': 17.48159968126427, 'SNN/TestSF': 0.5133334301162952, 'Frag/TestSF': 0.8831880041953397, 'Scaf/TestSF': 0.06270381656454815, 'IntDiv': 0.8081353311674029, 'IntDiv2': 0.79637587719221, 'Filters': 0.9735189271770497, 'logP': 0.4234196889445731, 'SA': 0.1998797948680153, 'QED': 0.03489284398772926, 'weight': 9.233282704246099, 'Novelty': 0.937097743070454}
Epoch: 38:
	Train Loss: 0.422 --- Reconstruction Loss: 0.411 --- KL Loss: 20.579 --- Beta: 0.000532
	Validity: 0.59% --- Uniquene@1000: 0.94% --- Unique@10000: 0.74%

{'valid': 0.5360333333333334, 'unique@1000': 0.924, 'unique@10000': 0.6794, 'FCD/Test': 16.882703471419113, 'SNN/Test': 0.5854891522014759, 'Frag/Test': 0.9082802121824773, 'Scaf/Test': 0.20629106216888382, 'FCD/TestSF': 17.481081533997994, 'SNN/TestSF': 0.5307460712223427, 'Frag/TestSF': 0.900716750513919, 'Scaf/TestSF': 0.04180408755935183, 'IntDiv': 0.810382492037352, 'IntDiv2': 0.7985769136219975, 'Filters': 0.9631241838194142, 'logP': 0.44921516583358545, 'SA': 0.1996654896792549, 'QED': 0.024402907470731042, 'weight': 10.523149712896855, 'Novelty': 0.9226642372709788}
Epoch: 39:
	Train Loss: 0.418 --- Reconstruction Loss: 0.407 --- KL Loss: 19.620 --- Beta: 0.000568
	Validity: 0.54% --- Uniquene@1000: 0.92% --- Unique@10000: 0.68%

{'valid': 0.4505, 'unique@1000': 0.926, 'unique@10000': 0.7228, 'FCD/Test': 16.222903941274552, 'SNN/Test': 0.5746987390068342, 'Frag/Test': 0.9013648893346108, 'Scaf/Test': 0.23099279258660466, 'FCD/TestSF': 16.79489237773818, 'SNN/TestSF': 0.5137502915035386, 'Frag/TestSF': 0.8926846316919849, 'Scaf/TestSF': 0.03326951522360999, 'IntDiv': 0.8155755466333238, 'IntDiv2': 0.8030314784126179, 'Filters': 0.9495375508694044, 'logP': 0.5217929264238998, 'SA': 0.13980100036896206, 'QED': 0.02748600616525409, 'weight': 7.703500560198585, 'Novelty': 0.9359085023737592}
Epoch: 40:
	Train Loss: 0.413 --- Reconstruction Loss: 0.402 --- KL Loss: 18.697 --- Beta: 0.000604
	Validity: 0.45% --- Uniquene@1000: 0.93% --- Unique@10000: 0.72%

{'valid': 0.45653333333333335, 'unique@1000': 0.91, 'unique@10000': 0.7275, 'FCD/Test': 15.977596727511504, 'SNN/Test': 0.5756949757510866, 'Frag/Test': 0.9270281479739466, 'Scaf/Test': 0.3644355604811469, 'FCD/TestSF': 16.70000985413357, 'SNN/TestSF': 0.5176638580932691, 'Frag/TestSF': 0.9202233795326814, 'Scaf/TestSF': 0.04970089420768531, 'IntDiv': 0.8199250449752098, 'IntDiv2': 0.8081124884268793, 'Filters': 0.9758323598130841, 'logP': 0.4557124958485757, 'SA': 0.17759104434548506, 'QED': 0.02155650678171743, 'weight': 12.342689981382728, 'Novelty': 0.9379836743347821}
Epoch: 41:
	Train Loss: 0.409 --- Reconstruction Loss: 0.398 --- KL Loss: 17.897 --- Beta: 0.000640
	Validity: 0.46% --- Uniquene@1000: 0.91% --- Unique@10000: 0.73%

{'valid': 0.5323, 'unique@1000': 0.948, 'unique@10000': 0.7841, 'FCD/Test': 15.754006183708483, 'SNN/Test': 0.5708962668140976, 'Frag/Test': 0.9183287663838344, 'Scaf/Test': 0.23390846418520617, 'FCD/TestSF': 16.29549565864083, 'SNN/TestSF': 0.5180428599247884, 'Frag/TestSF': 0.9116368271926472, 'Scaf/TestSF': 0.06820774521540085, 'IntDiv': 0.8206934194540978, 'IntDiv2': 0.8101432494035585, 'Filters': 0.9616757467593462, 'logP': 0.43005760978150365, 'SA': 0.17070625349853438, 'QED': 0.023631223211992725, 'weight': 13.396428632816315, 'Novelty': 0.9364381198792583}
Epoch: 42:
	Train Loss: 0.404 --- Reconstruction Loss: 0.393 --- KL Loss: 17.191 --- Beta: 0.000676
	Validity: 0.53% --- Uniquene@1000: 0.95% --- Unique@10000: 0.78%

{'valid': 0.43243333333333334, 'unique@1000': 0.96, 'unique@10000': 0.7917, 'FCD/Test': 15.65623461223997, 'SNN/Test': 0.5523403397225235, 'Frag/Test': 0.895685993663019, 'Scaf/Test': 0.19542396969795173, 'FCD/TestSF': 16.545929773075102, 'SNN/TestSF': 0.49365334440093633, 'Frag/TestSF': 0.8866016522957657, 'Scaf/TestSF': 0.02933369633820393, 'IntDiv': 0.8245537865045256, 'IntDiv2': 0.8134010660333942, 'Filters': 0.971941725121406, 'logP': 0.28109438301135514, 'SA': 0.06942272406153341, 'QED': 0.02595424191024394, 'weight': 14.045874185145266, 'Novelty': 0.952930458548436}
Epoch: 43:
	Train Loss: 0.400 --- Reconstruction Loss: 0.389 --- KL Loss: 16.602 --- Beta: 0.000712
	Validity: 0.43% --- Uniquene@1000: 0.96% --- Unique@10000: 0.79%

{'valid': 0.43000000000000005, 'unique@1000': 0.96, 'unique@10000': 0.7844, 'FCD/Test': 15.281709531029726, 'SNN/Test': 0.5547327103783456, 'Frag/Test': 0.9015605311100927, 'Scaf/Test': 0.19564002430479988, 'FCD/TestSF': 15.822698694687134, 'SNN/TestSF': 0.5054585564864236, 'Frag/TestSF': 0.8965707064035393, 'Scaf/TestSF': 0.03348154542537307, 'IntDiv': 0.8288499421378209, 'IntDiv2': 0.8174041571226484, 'Filters': 0.9707751937984496, 'logP': 0.3258729144863599, 'SA': 0.08666698451818802, 'QED': 0.018503921178193074, 'weight': 13.976765970811446, 'Novelty': 0.9446786632390746}
Epoch: 44:
	Train Loss: 0.397 --- Reconstruction Loss: 0.385 --- KL Loss: 16.105 --- Beta: 0.000748
	Validity: 0.43% --- Uniquene@1000: 0.96% --- Unique@10000: 0.78%

{'valid': 0.5800333333333334, 'unique@1000': 0.963, 'unique@10000': 0.8179, 'FCD/Test': 15.277244144200758, 'SNN/Test': 0.5610559993718905, 'Frag/Test': 0.9074718991032412, 'Scaf/Test': 0.21610848087459777, 'FCD/TestSF': 15.9888655321665, 'SNN/TestSF': 0.5050937063188349, 'Frag/TestSF': 0.90051698996615, 'Scaf/TestSF': 0.05333564430193971, 'IntDiv': 0.8260290025492236, 'IntDiv2': 0.8151272884773517, 'Filters': 0.9683351531521177, 'logP': 0.33456254706338817, 'SA': 0.12165022775534191, 'QED': 0.022216904356088366, 'weight': 12.98323304351304, 'Novelty': 0.9452504581551618}
Epoch: 45:
	Train Loss: 0.394 --- Reconstruction Loss: 0.381 --- KL Loss: 15.667 --- Beta: 0.000784
	Validity: 0.58% --- Uniquene@1000: 0.96% --- Unique@10000: 0.82%

/home/80027464/graphvae/metrics.py:527: UserWarning: Can't compute unique@10000.gen contains only 9314 molecules
  warnings.warn(
{'valid': 0.31046666666666667, 'unique@1000': 0.965, 'unique@10000': 0.7925703242430749, 'FCD/Test': 14.735758873367331, 'SNN/Test': 0.5343527679205811, 'Frag/Test': 0.900931040828122, 'Scaf/Test': 0.1478233930476739, 'FCD/TestSF': 15.29603686682212, 'SNN/TestSF': 0.48822172181606804, 'Frag/TestSF': 0.8941030115878366, 'Scaf/TestSF': 0.023601492099940113, 'IntDiv': 0.8351584289547423, 'IntDiv2': 0.8235686781352742, 'Filters': 0.9615632381361392, 'logP': 0.2442076080562702, 'SA': 0.04343630754410523, 'QED': 0.01643940843224619, 'weight': 15.97680195556993, 'Novelty': 0.9603088593876998}
Epoch: 46:
	Train Loss: 0.390 --- Reconstruction Loss: 0.377 --- KL Loss: 15.314 --- Beta: 0.000820
	Validity: 0.31% --- Uniquene@1000: 0.96% --- Unique@10000: 0.79%

{'valid': 0.39446666666666663, 'unique@1000': 0.984, 'unique@10000': 0.8535, 'FCD/Test': 15.249524982016865, 'SNN/Test': 0.5352623218294936, 'Frag/Test': 0.87621006232937, 'Scaf/Test': 0.19876558279685552, 'FCD/TestSF': 16.131693368834775, 'SNN/TestSF': 0.47499264539980457, 'Frag/TestSF': 0.8656605130625472, 'Scaf/TestSF': 0.025743283714795395, 'IntDiv': 0.8306863936934902, 'IntDiv2': 0.819648349925674, 'Filters': 0.958171370627007, 'logP': 0.27576199126764717, 'SA': 0.02518924306661528, 'QED': 0.037669925195917386, 'weight': 12.1424601117537, 'Novelty': 0.9626158806932689}
Epoch: 47:
	Train Loss: 0.387 --- Reconstruction Loss: 0.374 --- KL Loss: 14.883 --- Beta: 0.000856
	Validity: 0.39% --- Uniquene@1000: 0.98% --- Unique@10000: 0.85%

/home/80027464/graphvae/metrics.py:527: UserWarning: Can't compute unique@10000.gen contains only 9489 molecules
  warnings.warn(
{'valid': 0.3163, 'unique@1000': 0.973, 'unique@10000': 0.8472968700600696, 'FCD/Test': 13.793563461957497, 'SNN/Test': 0.5428810104898915, 'Frag/Test': 0.8812942741028609, 'Scaf/Test': 0.2531536194499695, 'FCD/TestSF': 14.434515963424893, 'SNN/TestSF': 0.4964497108497287, 'Frag/TestSF': 0.8740123347931201, 'Scaf/TestSF': 0.03590867537842524, 'IntDiv': 0.8352178148623474, 'IntDiv2': 0.824474075888301, 'Filters': 0.9543682158288544, 'logP': 0.28509258290786965, 'SA': 0.038032606738861954, 'QED': 0.016966745607197114, 'weight': 14.198747247507457, 'Novelty': 0.9509950248756219}
Epoch: 48:
	Train Loss: 0.385 --- Reconstruction Loss: 0.372 --- KL Loss: 14.604 --- Beta: 0.000892
	Validity: 0.32% --- Uniquene@1000: 0.97% --- Unique@10000: 0.85%

{'valid': 0.4085, 'unique@1000': 0.976, 'unique@10000': 0.863, 'FCD/Test': 14.056087687924034, 'SNN/Test': 0.5221264977556791, 'Frag/Test': 0.8867343099570397, 'Scaf/Test': 0.19284903957381028, 'FCD/TestSF': 14.644194529367894, 'SNN/TestSF': 0.47493388976480755, 'Frag/TestSF': 0.8805698457318677, 'Scaf/TestSF': 0.04929870386373747, 'IntDiv': 0.8413635190113682, 'IntDiv2': 0.8312405059368588, 'Filters': 0.9448388412892696, 'logP': 0.33539795293201985, 'SA': 0.06629029510834687, 'QED': 0.019426200515338346, 'weight': 13.45120089421901, 'Novelty': 0.9644993247154158}
Epoch: 49:
	Train Loss: 0.381 --- Reconstruction Loss: 0.368 --- KL Loss: 14.335 --- Beta: 0.000928
	Validity: 0.41% --- Uniquene@1000: 0.98% --- Unique@10000: 0.86%

{'valid': 0.379, 'unique@1000': 0.975, 'unique@10000': 0.8199, 'FCD/Test': 14.092451054208787, 'SNN/Test': 0.5423511115757121, 'Frag/Test': 0.9123037766831397, 'Scaf/Test': 0.21781802489568403, 'FCD/TestSF': 14.534970880339912, 'SNN/TestSF': 0.4968174920757297, 'Frag/TestSF': 0.9072031742618916, 'Scaf/TestSF': 0.05991463088223814, 'IntDiv': 0.8376361145535023, 'IntDiv2': 0.82669535243785, 'Filters': 0.9627968337730871, 'logP': 0.31344472017749925, 'SA': 0.03871667060099084, 'QED': 0.01712356260257327, 'weight': 17.83464647543303, 'Novelty': 0.940093671713321}
Epoch: 50:
	Train Loss: 0.378 --- Reconstruction Loss: 0.364 --- KL Loss: 14.068 --- Beta: 0.000964
	Validity: 0.38% --- Uniquene@1000: 0.97% --- Unique@10000: 0.82%

{'valid': 0.5089666666666667, 'unique@1000': 0.97, 'unique@10000': 0.8179, 'FCD/Test': 14.163732483268795, 'SNN/Test': 0.5485969456487886, 'Frag/Test': 0.9309138859868378, 'Scaf/Test': 0.21747774760783278, 'FCD/TestSF': 14.582433633690854, 'SNN/TestSF': 0.5017059184696235, 'Frag/TestSF': 0.9234895623415286, 'Scaf/TestSF': 0.070101438977489, 'IntDiv': 0.8334842651283576, 'IntDiv2': 0.8231701545647647, 'Filters': 0.9530421114676796, 'logP': 0.16009072139431438, 'SA': 0.049283458752101585, 'QED': 0.015116322222267862, 'weight': 20.252152957739764, 'Novelty': 0.9466486577747762}
Epoch: 51:
	Train Loss: 0.360 --- Reconstruction Loss: 0.357 --- KL Loss: 27.332 --- Beta: 0.000100
	Validity: 0.51% --- Uniquene@1000: 0.97% --- Unique@10000: 0.82%

{'valid': 0.48650000000000004, 'unique@1000': 0.962, 'unique@10000': 0.812, 'FCD/Test': 14.749737033327257, 'SNN/Test': 0.5482644906616571, 'Frag/Test': 0.9031456028080171, 'Scaf/Test': 0.2480895681756765, 'FCD/TestSF': 15.69877330165501, 'SNN/TestSF': 0.4861294842370776, 'Frag/TestSF': 0.8928543612547679, 'Scaf/TestSF': 0.034790918901428824, 'IntDiv': 0.8275258364802685, 'IntDiv2': 0.8171151011294232, 'Filters': 0.9636176772867421, 'logP': 0.27716664629621396, 'SA': 0.059867507014214956, 'QED': 0.016644204424572474, 'weight': 16.96338761993168, 'Novelty': 0.9404202500221651}
Epoch: 52:
	Train Loss: 0.357 --- Reconstruction Loss: 0.353 --- KL Loss: 29.326 --- Beta: 0.000136
	Validity: 0.49% --- Uniquene@1000: 0.96% --- Unique@10000: 0.81%

{'valid': 0.4718, 'unique@1000': 0.941, 'unique@10000': 0.7912, 'FCD/Test': 15.45196627063283, 'SNN/Test': 0.5413758869220918, 'Frag/Test': 0.8920869454326763, 'Scaf/Test': 0.2230310259649091, 'FCD/TestSF': 16.136970335123742, 'SNN/TestSF': 0.48329008482865093, 'Frag/TestSF': 0.8835301664192846, 'Scaf/TestSF': 0.026925473886275753, 'IntDiv': 0.8326700540471741, 'IntDiv2': 0.8215166527134412, 'Filters': 0.9614243323442137, 'logP': 0.19124016828586768, 'SA': 0.037143978656451394, 'QED': 0.013289110979090227, 'weight': 25.45936260143326, 'Novelty': 0.9468761690983913}
Epoch: 53:
	Train Loss: 0.355 --- Reconstruction Loss: 0.350 --- KL Loss: 28.480 --- Beta: 0.000172
	Validity: 0.47% --- Uniquene@1000: 0.94% --- Unique@10000: 0.79%

{'valid': 0.34186666666666665, 'unique@1000': 0.972, 'unique@10000': 0.8161, 'FCD/Test': 14.323530248842616, 'SNN/Test': 0.5355399351366527, 'Frag/Test': 0.918649148980756, 'Scaf/Test': 0.19068230800395525, 'FCD/TestSF': 15.120349123121805, 'SNN/TestSF': 0.48123068292734217, 'Frag/TestSF': 0.9087251084405594, 'Scaf/TestSF': 0.04008483186071654, 'IntDiv': 0.8391763911299178, 'IntDiv2': 0.8286491030329592, 'Filters': 0.9619734789391575, 'logP': 0.16608367171258737, 'SA': 0.04725384978693884, 'QED': 0.009172154778970447, 'weight': 29.0377435605052, 'Novelty': 0.9464028776978417}
Epoch: 54:
	Train Loss: 0.352 --- Reconstruction Loss: 0.347 --- KL Loss: 27.298 --- Beta: 0.000208
	Validity: 0.34% --- Uniquene@1000: 0.97% --- Unique@10000: 0.82%

{'valid': 0.39916666666666667, 'unique@1000': 0.951, 'unique@10000': 0.7939, 'FCD/Test': 15.662121164020803, 'SNN/Test': 0.5453075859479466, 'Frag/Test': 0.9283330283517227, 'Scaf/Test': 0.2219666469892656, 'FCD/TestSF': 16.61880898852006, 'SNN/TestSF': 0.48418917196653083, 'Frag/TestSF': 0.9179380171916446, 'Scaf/TestSF': 0.045862669439515, 'IntDiv': 0.8248198414317383, 'IntDiv2': 0.8148745485774345, 'Filters': 0.9539874739039665, 'logP': 0.17882126536205617, 'SA': 0.03516546502812084, 'QED': 0.009628302417957481, 'weight': 25.59937388651573, 'Novelty': 0.9384598745403417}
Epoch: 55:
	Train Loss: 0.350 --- Reconstruction Loss: 0.344 --- KL Loss: 26.430 --- Beta: 0.000244
	Validity: 0.40% --- Uniquene@1000: 0.95% --- Unique@10000: 0.79%

{'valid': 0.48883333333333334, 'unique@1000': 0.967, 'unique@10000': 0.818, 'FCD/Test': 14.810342544585971, 'SNN/Test': 0.5544451321539032, 'Frag/Test': 0.9383176173600422, 'Scaf/Test': 0.28734216677533864, 'FCD/TestSF': 15.643788927065941, 'SNN/TestSF': 0.4968997027141992, 'Frag/TestSF': 0.9295151173705227, 'Scaf/TestSF': 0.043169523807226495, 'IntDiv': 0.8328670140551832, 'IntDiv2': 0.8225832325661916, 'Filters': 0.9721104670985339, 'logP': 0.25434011029989917, 'SA': 0.11169921240450562, 'QED': 0.013652614520489484, 'weight': 30.21027862195579, 'Novelty': 0.932506766785995}
Epoch: 56:
	Train Loss: 0.348 --- Reconstruction Loss: 0.341 --- KL Loss: 25.350 --- Beta: 0.000280
	Validity: 0.49% --- Uniquene@1000: 0.97% --- Unique@10000: 0.82%

{'valid': 0.6118666666666667, 'unique@1000': 0.958, 'unique@10000': 0.8108, 'FCD/Test': 14.645387484033407, 'SNN/Test': 0.5671307159862531, 'Frag/Test': 0.9175335271632863, 'Scaf/Test': 0.2901606626037164, 'FCD/TestSF': 15.35633976885643, 'SNN/TestSF': 0.5092924669600891, 'Frag/TestSF': 0.9083165621366995, 'Scaf/TestSF': 0.03780855960877694, 'IntDiv': 0.8258961198680386, 'IntDiv2': 0.8157658637769596, 'Filters': 0.9734146872957071, 'logP': 0.2323857772853746, 'SA': 0.14871260264086217, 'QED': 0.01311741022406134, 'weight': 26.496683290632728, 'Novelty': 0.9265772697296109}
Epoch: 57:
	Train Loss: 0.345 --- Reconstruction Loss: 0.337 --- KL Loss: 24.283 --- Beta: 0.000316
	Validity: 0.61% --- Uniquene@1000: 0.96% --- Unique@10000: 0.81%

{'valid': 0.3499333333333333, 'unique@1000': 0.955, 'unique@10000': 0.7686, 'FCD/Test': 14.143072911530368, 'SNN/Test': 0.5519662793334676, 'Frag/Test': 0.9155603394152099, 'Scaf/Test': 0.2635271797929286, 'FCD/TestSF': 14.841600870803127, 'SNN/TestSF': 0.5056363226678013, 'Frag/TestSF': 0.9079478244667015, 'Scaf/TestSF': 0.031072794493660738, 'IntDiv': 0.8305891963455702, 'IntDiv2': 0.8190963363849719, 'Filters': 0.9518003429224614, 'logP': 0.15506453992803168, 'SA': 0.07928550566125848, 'QED': 0.016259687547412506, 'weight': 27.54789732418511, 'Novelty': 0.9309313053235257}
Epoch: 58:
	Train Loss: 0.343 --- Reconstruction Loss: 0.335 --- KL Loss: 23.416 --- Beta: 0.000352
	Validity: 0.35% --- Uniquene@1000: 0.95% --- Unique@10000: 0.77%

{'valid': 0.47440000000000004, 'unique@1000': 0.968, 'unique@10000': 0.8232, 'FCD/Test': 14.679347917980984, 'SNN/Test': 0.5459461491282751, 'Frag/Test': 0.9193883840863186, 'Scaf/Test': 0.2758552384641759, 'FCD/TestSF': 15.415135990229501, 'SNN/TestSF': 0.4893371848972695, 'Frag/TestSF': 0.9123490174400805, 'Scaf/TestSF': 0.04646828915624135, 'IntDiv': 0.8306429729194911, 'IntDiv2': 0.8206256924765924, 'Filters': 0.9709808881394042, 'logP': 0.3685985832379532, 'SA': 0.0887810034706894, 'QED': 0.014109861747205287, 'weight': 23.627244678221462, 'Novelty': 0.938005151434408}
Epoch: 59:
	Train Loss: 0.341 --- Reconstruction Loss: 0.332 --- KL Loss: 22.471 --- Beta: 0.000388
	Validity: 0.47% --- Uniquene@1000: 0.97% --- Unique@10000: 0.82%

{'valid': 0.49893333333333334, 'unique@1000': 0.976, 'unique@10000': 0.8613, 'FCD/Test': 13.333886368562474, 'SNN/Test': 0.5394335501971155, 'Frag/Test': 0.9276665690626595, 'Scaf/Test': 0.2542736413133544, 'FCD/TestSF': 13.972919053484539, 'SNN/TestSF': 0.4886043989589863, 'Frag/TestSF': 0.9194230244330454, 'Scaf/TestSF': 0.057673639562047074, 'IntDiv': 0.8375726513425088, 'IntDiv2': 0.8274900411486471, 'Filters': 0.9651256012827365, 'logP': 0.2228667525844838, 'SA': 0.05111769190675157, 'QED': 0.011736321902292112, 'weight': 21.828286225961232, 'Novelty': 0.9399304713396395}
Epoch: 60:
	Train Loss: 0.339 --- Reconstruction Loss: 0.330 --- KL Loss: 21.669 --- Beta: 0.000424
	Validity: 0.50% --- Uniquene@1000: 0.98% --- Unique@10000: 0.86%

/home/80027464/graphvae/metrics.py:527: UserWarning: Can't compute unique@10000.gen contains only 8953 molecules
  warnings.warn(
{'valid': 0.29843333333333333, 'unique@1000': 0.965, 'unique@10000': 0.8304478945604825, 'FCD/Test': 13.837546989016147, 'SNN/Test': 0.542754543647478, 'Frag/Test': 0.9227616440083024, 'Scaf/Test': 0.2355619801412261, 'FCD/TestSF': 14.534414952450085, 'SNN/TestSF': 0.4929593928407108, 'Frag/TestSF': 0.9129012590270307, 'Scaf/TestSF': 0.02786804098146345, 'IntDiv': 0.8326944376343904, 'IntDiv2': 0.821588847062992, 'Filters': 0.9562157935887412, 'logP': 0.21374306147616515, 'SA': 0.04948662888901636, 'QED': 0.013283574071155737, 'weight': 25.060512877939043, 'Novelty': 0.9412239408204438}
Epoch: 61:
	Train Loss: 0.338 --- Reconstruction Loss: 0.328 --- KL Loss: 20.872 --- Beta: 0.000460
	Validity: 0.30% --- Uniquene@1000: 0.96% --- Unique@10000: 0.83%

{'valid': 0.4242, 'unique@1000': 0.971, 'unique@10000': 0.8599, 'FCD/Test': 12.746911260736056, 'SNN/Test': 0.5385527218121618, 'Frag/Test': 0.9004831455008112, 'Scaf/Test': 0.22445436358932858, 'FCD/TestSF': 13.353205803491754, 'SNN/TestSF': 0.4876791470826525, 'Frag/TestSF': 0.8901940288894801, 'Scaf/TestSF': 0.03578995353014458, 'IntDiv': 0.84039942043623, 'IntDiv2': 0.8306984582579009, 'Filters': 0.961024673895961, 'logP': 0.16561070043404552, 'SA': 0.012360964911019833, 'QED': 0.013647372348523557, 'weight': 25.951185898695588, 'Novelty': 0.9406613879832324}
Epoch: 62:
	Train Loss: 0.336 --- Reconstruction Loss: 0.326 --- KL Loss: 20.259 --- Beta: 0.000496
	Validity: 0.42% --- Uniquene@1000: 0.97% --- Unique@10000: 0.86%

{'valid': 0.5319, 'unique@1000': 0.979, 'unique@10000': 0.8745, 'FCD/Test': 13.756696684689956, 'SNN/Test': 0.5406893440692386, 'Frag/Test': 0.908676115553875, 'Scaf/Test': 0.2927502723581801, 'FCD/TestSF': 14.514619878422849, 'SNN/TestSF': 0.48652029263649754, 'Frag/TestSF': 0.9004983565760302, 'Scaf/TestSF': 0.05042782985201899, 'IntDiv': 0.8372531562714418, 'IntDiv2': 0.8274071138658685, 'Filters': 0.9700444945791815, 'logP': 0.2882995292335438, 'SA': 0.04422703809361187, 'QED': 0.014953674189401583, 'weight': 21.813782202509895, 'Novelty': 0.9411142986561981}
Epoch: 63:
	Train Loss: 0.334 --- Reconstruction Loss: 0.324 --- KL Loss: 19.721 --- Beta: 0.000532
	Validity: 0.53% --- Uniquene@1000: 0.98% --- Unique@10000: 0.87%

{'valid': 0.524, 'unique@1000': 0.982, 'unique@10000': 0.8696, 'FCD/Test': 13.58379127984842, 'SNN/Test': 0.5533695509870544, 'Frag/Test': 0.9153809300331501, 'Scaf/Test': 0.2908469700447325, 'FCD/TestSF': 14.277545292994475, 'SNN/TestSF': 0.5042007940842678, 'Frag/TestSF': 0.9076259996052387, 'Scaf/TestSF': 0.049207415138027844, 'IntDiv': 0.8384857303980956, 'IntDiv2': 0.8283559114116613, 'Filters': 0.9704198473282443, 'logP': 0.16600180834500367, 'SA': 0.06748943066006487, 'QED': 0.01166689556858458, 'weight': 27.178564973126353, 'Novelty': 0.9276416539050536}
Epoch: 64:
	Train Loss: 0.332 --- Reconstruction Loss: 0.321 --- KL Loss: 19.063 --- Beta: 0.000568
	Validity: 0.52% --- Uniquene@1000: 0.98% --- Unique@10000: 0.87%

{'valid': 0.6552, 'unique@1000': 0.984, 'unique@10000': 0.903, 'FCD/Test': 13.054491158568048, 'SNN/Test': 0.5458238408390977, 'Frag/Test': 0.9195862668702566, 'Scaf/Test': 0.36645684799314115, 'FCD/TestSF': 13.790022759207858, 'SNN/TestSF': 0.4925378883590313, 'Frag/TestSF': 0.9119207333192697, 'Scaf/TestSF': 0.04676887823958442, 'IntDiv': 0.8399985797962444, 'IntDiv2': 0.8303997860907705, 'Filters': 0.9708994708994709, 'logP': 0.2907853596756186, 'SA': 0.04947515431442606, 'QED': 0.015182248915914172, 'weight': 15.773083010546047, 'Novelty': 0.9328313253012048}
Epoch: 65:
	Train Loss: 0.331 --- Reconstruction Loss: 0.320 --- KL Loss: 18.511 --- Beta: 0.000604
	Validity: 0.66% --- Uniquene@1000: 0.98% --- Unique@10000: 0.90%

{'valid': 0.5554, 'unique@1000': 0.99, 'unique@10000': 0.9143, 'FCD/Test': 13.347830215695417, 'SNN/Test': 0.5285544190334467, 'Frag/Test': 0.9065629844705664, 'Scaf/Test': 0.3341374164779052, 'FCD/TestSF': 14.252740824349573, 'SNN/TestSF': 0.4735797106443426, 'Frag/TestSF': 0.8999363631680397, 'Scaf/TestSF': 0.041934275762448014, 'IntDiv': 0.8472030471743096, 'IntDiv2': 0.8378211233033442, 'Filters': 0.9702916816708679, 'logP': 0.28438917122209684, 'SA': 0.01856977420278499, 'QED': 0.011643563107570408, 'weight': 22.271094107754845, 'Novelty': 0.941051912568306}
Epoch: 66:
	Train Loss: 0.329 --- Reconstruction Loss: 0.318 --- KL Loss: 18.034 --- Beta: 0.000640
	Validity: 0.56% --- Uniquene@1000: 0.99% --- Unique@10000: 0.91%

{'valid': 0.4893666666666666, 'unique@1000': 0.989, 'unique@10000': 0.9031, 'FCD/Test': 12.88345579746607, 'SNN/Test': 0.5468373751708934, 'Frag/Test': 0.9144390483418868, 'Scaf/Test': 0.3532425509762531, 'FCD/TestSF': 13.731387205384358, 'SNN/TestSF': 0.4930425672793484, 'Frag/TestSF': 0.9064023154415182, 'Scaf/TestSF': 0.06233656285356015, 'IntDiv': 0.8400525445501739, 'IntDiv2': 0.8303667029219174, 'Filters': 0.9739799741162046, 'logP': 0.23027005053104108, 'SA': 0.0576572963570753, 'QED': 0.021008539610197295, 'weight': 20.979853049706325, 'Novelty': 0.9391765439800375}
Epoch: 67:
	Train Loss: 0.327 --- Reconstruction Loss: 0.316 --- KL Loss: 17.578 --- Beta: 0.000676
	Validity: 0.49% --- Uniquene@1000: 0.99% --- Unique@10000: 0.90%

{'valid': 0.5347999999999999, 'unique@1000': 0.98, 'unique@10000': 0.9201, 'FCD/Test': 13.182099157992582, 'SNN/Test': 0.5376602116581196, 'Frag/Test': 0.9321004056709208, 'Scaf/Test': 0.37867417943954007, 'FCD/TestSF': 14.02124339866576, 'SNN/TestSF': 0.48543198210911925, 'Frag/TestSF': 0.9242123074884658, 'Scaf/TestSF': 0.05789113438507476, 'IntDiv': 0.8403341069461658, 'IntDiv2': 0.8310206437739858, 'Filters': 0.9668411867364747, 'logP': 0.24615204252686432, 'SA': 0.03981467179800504, 'QED': 0.012871972566342593, 'weight': 21.071259066745267, 'Novelty': 0.9394982784062961}
Epoch: 68:
	Train Loss: 0.327 --- Reconstruction Loss: 0.314 --- KL Loss: 17.208 --- Beta: 0.000712
	Validity: 0.53% --- Uniquene@1000: 0.98% --- Unique@10000: 0.92%

{'valid': 0.6067333333333333, 'unique@1000': 0.985, 'unique@10000': 0.9203, 'FCD/Test': 12.71398196862495, 'SNN/Test': 0.5293944081977794, 'Frag/Test': 0.9063431171534679, 'Scaf/Test': 0.3338338547690365, 'FCD/TestSF': 13.49918110812554, 'SNN/TestSF': 0.4801774887228298, 'Frag/TestSF': 0.8974101059748767, 'Scaf/TestSF': 0.044847214881549635, 'IntDiv': 0.8448620187273183, 'IntDiv2': 0.8352659799141882, 'Filters': 0.9670365893857817, 'logP': 0.1008894227938572, 'SA': 0.014452547621971085, 'QED': 0.023644059419741546, 'weight': 20.297815577603693, 'Novelty': 0.9477148534525583}
Epoch: 69:
	Train Loss: 0.325 --- Reconstruction Loss: 0.312 --- KL Loss: 16.789 --- Beta: 0.000748
	Validity: 0.61% --- Uniquene@1000: 0.98% --- Unique@10000: 0.92%

{'valid': 0.4769333333333333, 'unique@1000': 0.987, 'unique@10000': 0.9287, 'FCD/Test': 13.178888495669533, 'SNN/Test': 0.5266447368127143, 'Frag/Test': 0.9111676244093199, 'Scaf/Test': 0.27446912555856917, 'FCD/TestSF': 13.963771015566309, 'SNN/TestSF': 0.47995431001772254, 'Frag/TestSF': 0.9049908680505397, 'Scaf/TestSF': 0.05660931111178169, 'IntDiv': 0.8494436836342151, 'IntDiv2': 0.8398805943541672, 'Filters': 0.9742102320380207, 'logP': 0.19387978579812135, 'SA': 0.01211382902886757, 'QED': 0.01774867003518071, 'weight': 20.38153003634165, 'Novelty': 0.9501271872350266}
Epoch: 70:
	Train Loss: 0.324 --- Reconstruction Loss: 0.311 --- KL Loss: 16.399 --- Beta: 0.000784
	Validity: 0.48% --- Uniquene@1000: 0.99% --- Unique@10000: 0.93%

{'valid': 0.5347, 'unique@1000': 0.989, 'unique@10000': 0.9127, 'FCD/Test': 11.903457811190435, 'SNN/Test': 0.5455598303974214, 'Frag/Test': 0.9071625399340172, 'Scaf/Test': 0.3671471521868408, 'FCD/TestSF': 12.494012644266633, 'SNN/TestSF': 0.500918310989533, 'Frag/TestSF': 0.9006103279063657, 'Scaf/TestSF': 0.05956801403100209, 'IntDiv': 0.8448686576195104, 'IntDiv2': 0.8349966454838383, 'Filters': 0.9719468861043575, 'logP': 0.21242267533900056, 'SA': 0.05329515070193552, 'QED': 0.011895913246478979, 'weight': 21.667391353351768, 'Novelty': 0.9328331799844292}
Epoch: 71:
	Train Loss: 0.323 --- Reconstruction Loss: 0.310 --- KL Loss: 16.077 --- Beta: 0.000820
	Validity: 0.53% --- Uniquene@1000: 0.99% --- Unique@10000: 0.91%

{'valid': 0.6533666666666667, 'unique@1000': 0.991, 'unique@10000': 0.9247, 'FCD/Test': 12.300020956592078, 'SNN/Test': 0.5432230006398051, 'Frag/Test': 0.904704892568882, 'Scaf/Test': 0.3543956717371609, 'FCD/TestSF': 13.221760544299684, 'SNN/TestSF': 0.4942096475998143, 'Frag/TestSF': 0.8969660555342686, 'Scaf/TestSF': 0.06939419577942008, 'IntDiv': 0.8430964174427819, 'IntDiv2': 0.8335141484785001, 'Filters': 0.9768889342380491, 'logP': 0.18749942784152682, 'SA': 0.06126992602091879, 'QED': 0.015415822461438643, 'weight': 21.49599194753283, 'Novelty': 0.9348603738749135}
Epoch: 72:
	Train Loss: 0.321 --- Reconstruction Loss: 0.308 --- KL Loss: 15.700 --- Beta: 0.000856
	Validity: 0.65% --- Uniquene@1000: 0.99% --- Unique@10000: 0.92%

{'valid': 0.5634, 'unique@1000': 0.992, 'unique@10000': 0.93, 'FCD/Test': 12.475082916376039, 'SNN/Test': 0.5332179731978014, 'Frag/Test': 0.9132071702586361, 'Scaf/Test': 0.346736118748208, 'FCD/TestSF': 13.212244354448387, 'SNN/TestSF': 0.485965621052106, 'Frag/TestSF': 0.9062901134865976, 'Scaf/TestSF': 0.04909367427515254, 'IntDiv': 0.8501261255421779, 'IntDiv2': 0.8405768012272392, 'Filters': 0.9696485623003195, 'logP': 0.2342010677835302, 'SA': 0.028879893529764913, 'QED': 0.012661343137073318, 'weight': 18.53496763346137, 'Novelty': 0.9384959831423679}
Epoch: 73:
	Train Loss: 0.320 --- Reconstruction Loss: 0.306 --- KL Loss: 15.439 --- Beta: 0.000892
	Validity: 0.56% --- Uniquene@1000: 0.99% --- Unique@10000: 0.93%

{'valid': 0.43489999999999995, 'unique@1000': 0.994, 'unique@10000': 0.954, 'FCD/Test': 11.582727128824423, 'SNN/Test': 0.5224657650879081, 'Frag/Test': 0.9150068173462189, 'Scaf/Test': 0.3221434112103647, 'FCD/TestSF': 12.27686641187725, 'SNN/TestSF': 0.4784386080896808, 'Frag/TestSF': 0.908992782459642, 'Scaf/TestSF': 0.051580977161460595, 'IntDiv': 0.8504617766835261, 'IntDiv2': 0.8414543557236798, 'Filters': 0.962136889706446, 'logP': 0.19004202296434508, 'SA': 0.0479176825461364, 'QED': 0.016079520392316454, 'weight': 19.85229510592725, 'Novelty': 0.9580692345197465}
Epoch: 74:
	Train Loss: 0.319 --- Reconstruction Loss: 0.305 --- KL Loss: 15.148 --- Beta: 0.000928
	Validity: 0.43% --- Uniquene@1000: 0.99% --- Unique@10000: 0.95%

{'valid': 0.5044666666666666, 'unique@1000': 0.992, 'unique@10000': 0.9426, 'FCD/Test': 12.629680853982208, 'SNN/Test': 0.5193825486904172, 'Frag/Test': 0.8776224387476603, 'Scaf/Test': 0.31883725576674393, 'FCD/TestSF': 13.14526261400124, 'SNN/TestSF': 0.47729328819612726, 'Frag/TestSF': 0.8718741588705261, 'Scaf/TestSF': 0.053301145399492156, 'IntDiv': 0.8511356412129332, 'IntDiv2': 0.8418382906724802, 'Filters': 0.9655742037795692, 'logP': 0.3257259122284941, 'SA': 0.029258993597256346, 'QED': 0.021036542932152836, 'weight': 15.746982690918992, 'Novelty': 0.9516129032258065}
Epoch: 75:
	Train Loss: 0.318 --- Reconstruction Loss: 0.303 --- KL Loss: 14.880 --- Beta: 0.000964
	Validity: 0.50% --- Uniquene@1000: 0.99% --- Unique@10000: 0.94%

{'valid': 0.6509666666666667, 'unique@1000': 0.991, 'unique@10000': 0.9473, 'FCD/Test': 12.254822082347019, 'SNN/Test': 0.5252022946541366, 'Frag/Test': 0.9142662598272107, 'Scaf/Test': 0.3507696921194703, 'FCD/TestSF': 12.979734470301707, 'SNN/TestSF': 0.4755779618757027, 'Frag/TestSF': 0.9062736820883784, 'Scaf/TestSF': 0.06646517931691964, 'IntDiv': 0.8502306817048194, 'IntDiv2': 0.8411817885325201, 'Filters': 0.9738337856521071, 'logP': 0.31033896806824085, 'SA': 0.01823757581071958, 'QED': 0.012004657888436, 'weight': 18.440592738295003, 'Novelty': 0.937991068905093}
Epoch: 76:
	Train Loss: 0.300 --- Reconstruction Loss: 0.298 --- KL Loss: 26.273 --- Beta: 0.000100
	Validity: 0.65% --- Uniquene@1000: 0.99% --- Unique@10000: 0.95%

{'valid': 0.5655333333333333, 'unique@1000': 0.994, 'unique@10000': 0.9305, 'FCD/Test': 13.672266400936977, 'SNN/Test': 0.5089520339985916, 'Frag/Test': 0.8773983403046091, 'Scaf/Test': 0.26558193561226084, 'FCD/TestSF': 14.448697305774303, 'SNN/TestSF': 0.4564160050642697, 'Frag/TestSF': 0.8687151232952424, 'Scaf/TestSF': 0.03480165417036063, 'IntDiv': 0.8492242978466272, 'IntDiv2': 0.8401287603145282, 'Filters': 0.9659908051396912, 'logP': 0.27763016522876577, 'SA': 0.07206256987766226, 'QED': 0.018662622830275526, 'weight': 22.8783554265743, 'Novelty': 0.9561225159047682}
Epoch: 77:
	Train Loss: 0.299 --- Reconstruction Loss: 0.296 --- KL Loss: 28.056 --- Beta: 0.000136
	Validity: 0.57% --- Uniquene@1000: 0.99% --- Unique@10000: 0.93%

{'valid': 0.4945333333333334, 'unique@1000': 0.99, 'unique@10000': 0.9327, 'FCD/Test': 14.076929544644486, 'SNN/Test': 0.5009392264012089, 'Frag/Test': 0.8951769072659125, 'Scaf/Test': 0.2612763418163587, 'FCD/TestSF': 14.940747160982603, 'SNN/TestSF': 0.45079534382218617, 'Frag/TestSF': 0.8853195834265278, 'Scaf/TestSF': 0.06085189677838887, 'IntDiv': 0.8511724003840362, 'IntDiv2': 0.8419122691992325, 'Filters': 0.954435157724454, 'logP': 0.1526825458467297, 'SA': 0.13978730951385265, 'QED': 0.015069712283602921, 'weight': 25.49732218189408, 'Novelty': 0.9573660714285714}
Epoch: 78:
	Train Loss: 0.300 --- Reconstruction Loss: 0.295 --- KL Loss: 27.242 --- Beta: 0.000172
	Validity: 0.49% --- Uniquene@1000: 0.99% --- Unique@10000: 0.93%

{'valid': 0.5578666666666667, 'unique@1000': 0.994, 'unique@10000': 0.9192, 'FCD/Test': 12.752707059529314, 'SNN/Test': 0.5295520710783795, 'Frag/Test': 0.9120184380915084, 'Scaf/Test': 0.2938232688797717, 'FCD/TestSF': 13.665585331808273, 'SNN/TestSF': 0.47680275486230167, 'Frag/TestSF': 0.900671682386422, 'Scaf/TestSF': 0.04156672204569423, 'IntDiv': 0.8435457283718915, 'IntDiv2': 0.8342676259480674, 'Filters': 0.9690487571701721, 'logP': 0.10888694658961873, 'SA': 0.0484798746116734, 'QED': 0.015619932325066007, 'weight': 24.640300898698875, 'Novelty': 0.9420709143510732}
Epoch: 79:
	Train Loss: 0.298 --- Reconstruction Loss: 0.293 --- KL Loss: 26.275 --- Beta: 0.000208
	Validity: 0.56% --- Uniquene@1000: 0.99% --- Unique@10000: 0.92%

{'valid': 0.5056333333333334, 'unique@1000': 0.99, 'unique@10000': 0.9165, 'FCD/Test': 13.275571495376852, 'SNN/Test': 0.5155485177532844, 'Frag/Test': 0.9360007122939289, 'Scaf/Test': 0.31421538330242593, 'FCD/TestSF': 13.94867557393708, 'SNN/TestSF': 0.4683003202557163, 'Frag/TestSF': 0.9287351365348367, 'Scaf/TestSF': 0.03449861158492007, 'IntDiv': 0.8522225952866547, 'IntDiv2': 0.8430819520944881, 'Filters': 0.9684224405036588, 'logP': 0.31599765161141696, 'SA': 0.04887909043350301, 'QED': 0.010852718826505254, 'weight': 26.998893264128597, 'Novelty': 0.9432855764234281}
Epoch: 80:
	Train Loss: 0.298 --- Reconstruction Loss: 0.292 --- KL Loss: 25.280 --- Beta: 0.000244
	Validity: 0.51% --- Uniquene@1000: 0.99% --- Unique@10000: 0.92%

{'valid': 0.5795333333333333, 'unique@1000': 0.993, 'unique@10000': 0.9211, 'FCD/Test': 13.127933811767747, 'SNN/Test': 0.5193675470644608, 'Frag/Test': 0.9115075471500175, 'Scaf/Test': 0.2548087314433012, 'FCD/TestSF': 13.911385103571178, 'SNN/TestSF': 0.4721688652803431, 'Frag/TestSF': 0.9046122206802124, 'Scaf/TestSF': 0.05693720040788819, 'IntDiv': 0.8534832776238164, 'IntDiv2': 0.8440850439892538, 'Filters': 0.9713562636604164, 'logP': 0.23158527081813324, 'SA': 0.044548993788349964, 'QED': 0.010769652228916451, 'weight': 26.555743793522517, 'Novelty': 0.9415588636806864}
Epoch: 81:
	Train Loss: 0.297 --- Reconstruction Loss: 0.291 --- KL Loss: 24.322 --- Beta: 0.000280
	Validity: 0.58% --- Uniquene@1000: 0.99% --- Unique@10000: 0.92%

{'valid': 0.5496333333333333, 'unique@1000': 0.986, 'unique@10000': 0.9199, 'FCD/Test': 13.150706076612096, 'SNN/Test': 0.5222835137385511, 'Frag/Test': 0.9212445913627987, 'Scaf/Test': 0.23833196517294652, 'FCD/TestSF': 13.631088858015154, 'SNN/TestSF': 0.4768109762529078, 'Frag/TestSF': 0.9137510372089093, 'Scaf/TestSF': 0.05705745779054061, 'IntDiv': 0.8514604269418128, 'IntDiv2': 0.8421602244304786, 'Filters': 0.9704651585905756, 'logP': 0.2699468739647969, 'SA': 0.035168307615047925, 'QED': 0.012223828455544155, 'weight': 25.53961895933122, 'Novelty': 0.9384152182838374}
Epoch: 82:
	Train Loss: 0.297 --- Reconstruction Loss: 0.289 --- KL Loss: 23.412 --- Beta: 0.000316
	Validity: 0.55% --- Uniquene@1000: 0.99% --- Unique@10000: 0.92%

{'valid': 0.6344000000000001, 'unique@1000': 0.996, 'unique@10000': 0.9396, 'FCD/Test': 12.588295863156915, 'SNN/Test': 0.5212341455320705, 'Frag/Test': 0.9054917652528092, 'Scaf/Test': 0.34792685918948085, 'FCD/TestSF': 13.20943839858333, 'SNN/TestSF': 0.4740242977462593, 'Frag/TestSF': 0.8982294897602607, 'Scaf/TestSF': 0.06318765901205592, 'IntDiv': 0.8530849333870492, 'IntDiv2': 0.8442429160714127, 'Filters': 0.9706809583858764, 'logP': 0.3287911158542453, 'SA': 0.04266975203958561, 'QED': 0.011122229514676485, 'weight': 22.528711136654408, 'Novelty': 0.9372446001167543}
Epoch: 83:
	Train Loss: 0.296 --- Reconstruction Loss: 0.288 --- KL Loss: 22.554 --- Beta: 0.000352
	Validity: 0.63% --- Uniquene@1000: 1.00% --- Unique@10000: 0.94%

{'valid': 0.39559999999999995, 'unique@1000': 0.993, 'unique@10000': 0.9166, 'FCD/Test': 14.359115350517001, 'SNN/Test': 0.5024319832179637, 'Frag/Test': 0.8962730479352076, 'Scaf/Test': 0.21677792953662767, 'FCD/TestSF': 14.69945547752991, 'SNN/TestSF': 0.46286788796500644, 'Frag/TestSF': 0.891724456880161, 'Scaf/TestSF': 0.03538140251399602, 'IntDiv': 0.8567332143603255, 'IntDiv2': 0.8476342678971313, 'Filters': 0.9564374789349511, 'logP': 0.40480702819178455, 'SA': 0.11607445337709027, 'QED': 0.012771777527362272, 'weight': 22.155735867781118, 'Novelty': 0.9445632964375407}
Epoch: 84:
	Train Loss: 0.296 --- Reconstruction Loss: 0.287 --- KL Loss: 21.870 --- Beta: 0.000388
	Validity: 0.40% --- Uniquene@1000: 0.99% --- Unique@10000: 0.92%

{'valid': 0.6863, 'unique@1000': 0.992, 'unique@10000': 0.9476, 'FCD/Test': 11.951522071402565, 'SNN/Test': 0.5200639596537601, 'Frag/Test': 0.9014299145977933, 'Scaf/Test': 0.33285436026145776, 'FCD/TestSF': 12.690235618866446, 'SNN/TestSF': 0.47629289314721845, 'Frag/TestSF': 0.8955237169850605, 'Scaf/TestSF': 0.05830649062279125, 'IntDiv': 0.8534017068082618, 'IntDiv2': 0.8444177836436124, 'Filters': 0.9566758948953324, 'logP': 0.14421321409436988, 'SA': 0.0662767835255924, 'QED': 0.011956304851656023, 'weight': 25.31178426358104, 'Novelty': 0.9393743953563367}
Epoch: 85:
	Train Loss: 0.295 --- Reconstruction Loss: 0.286 --- KL Loss: 21.101 --- Beta: 0.000424
	Validity: 0.69% --- Uniquene@1000: 0.99% --- Unique@10000: 0.95%

{'valid': 0.47850000000000004, 'unique@1000': 0.993, 'unique@10000': 0.9396, 'FCD/Test': 11.49186795839367, 'SNN/Test': 0.5087852988652923, 'Frag/Test': 0.902453915268126, 'Scaf/Test': 0.26458815524222223, 'FCD/TestSF': 12.140094855149258, 'SNN/TestSF': 0.4656884374486906, 'Frag/TestSF': 0.8954976903093659, 'Scaf/TestSF': 0.03811425788901901, 'IntDiv': 0.8571752169455337, 'IntDiv2': 0.8479125622753516, 'Filters': 0.9626610936955765, 'logP': 0.10289704280515564, 'SA': 0.11017871430783396, 'QED': 0.011296714672131109, 'weight': 27.03862194141509, 'Novelty': 0.9524170328837702}
Epoch: 86:
	Train Loss: 0.294 --- Reconstruction Loss: 0.285 --- KL Loss: 20.420 --- Beta: 0.000460
	Validity: 0.48% --- Uniquene@1000: 0.99% --- Unique@10000: 0.94%

{'valid': 0.7277, 'unique@1000': 0.997, 'unique@10000': 0.9438, 'FCD/Test': 12.05075014645739, 'SNN/Test': 0.5225040424024894, 'Frag/Test': 0.9098429216003427, 'Scaf/Test': 0.3124744616593713, 'FCD/TestSF': 12.581217862488245, 'SNN/TestSF': 0.4803972062228401, 'Frag/TestSF': 0.9049106442001464, 'Scaf/TestSF': 0.06903914904313158, 'IntDiv': 0.8544557418722054, 'IntDiv2': 0.8454685996335332, 'Filters': 0.9710503412578444, 'logP': 0.26771246868046067, 'SA': 0.014339409486970168, 'QED': 0.011506401707032344, 'weight': 26.498328446628907, 'Novelty': 0.9355760886211649}
Epoch: 87:
	Train Loss: 0.293 --- Reconstruction Loss: 0.283 --- KL Loss: 19.920 --- Beta: 0.000496
	Validity: 0.73% --- Uniquene@1000: 1.00% --- Unique@10000: 0.94%

{'valid': 0.6155999999999999, 'unique@1000': 0.993, 'unique@10000': 0.9533, 'FCD/Test': 12.741510682800673, 'SNN/Test': 0.5061449158516363, 'Frag/Test': 0.8771481933030914, 'Scaf/Test': 0.3006302387419658, 'FCD/TestSF': 13.488493885081596, 'SNN/TestSF': 0.4590725640110544, 'Frag/TestSF': 0.8698712492308197, 'Scaf/TestSF': 0.06256778231730364, 'IntDiv': 0.8540781338607628, 'IntDiv2': 0.8450580813675748, 'Filters': 0.9529456356941737, 'logP': 0.2832416507924378, 'SA': 0.08498360635026178, 'QED': 0.01672188761737526, 'weight': 22.10176749580286, 'Novelty': 0.9538706256627784}
Epoch: 88:
	Train Loss: 0.293 --- Reconstruction Loss: 0.282 --- KL Loss: 19.337 --- Beta: 0.000532
	Validity: 0.62% --- Uniquene@1000: 0.99% --- Unique@10000: 0.95%

{'valid': 0.7577, 'unique@1000': 0.994, 'unique@10000': 0.9499, 'FCD/Test': 13.13028809690482, 'SNN/Test': 0.5134078176800047, 'Frag/Test': 0.9051606834367145, 'Scaf/Test': 0.3309748546054586, 'FCD/TestSF': 13.857192615120596, 'SNN/TestSF': 0.46818202715966084, 'Frag/TestSF': 0.8992714153282466, 'Scaf/TestSF': 0.060789553880190694, 'IntDiv': 0.8541083415484778, 'IntDiv2': 0.8450735148563246, 'Filters': 0.9707008050679689, 'logP': 0.24286490640704228, 'SA': 0.037238363962753464, 'QED': 0.012038180795380842, 'weight': 22.499461283294103, 'Novelty': 0.9413198167462715}
Epoch: 89:
	Train Loss: 0.293 --- Reconstruction Loss: 0.282 --- KL Loss: 18.843 --- Beta: 0.000568
	Validity: 0.76% --- Uniquene@1000: 0.99% --- Unique@10000: 0.95%

{'valid': 0.7873666666666667, 'unique@1000': 0.998, 'unique@10000': 0.96, 'FCD/Test': 12.30109519417239, 'SNN/Test': 0.5166741095303197, 'Frag/Test': 0.8774320154771725, 'Scaf/Test': 0.3222397271867421, 'FCD/TestSF': 12.94123154522623, 'SNN/TestSF': 0.47493087832378417, 'Frag/TestSF': 0.8717780048566557, 'Scaf/TestSF': 0.06513610392517954, 'IntDiv': 0.8536900833625961, 'IntDiv2': 0.844852103011677, 'Filters': 0.9726937894246644, 'logP': 0.1702925800949518, 'SA': 0.02111308713510632, 'QED': 0.017837152436300213, 'weight': 24.334573104839606, 'Novelty': 0.9451828006438262}
Epoch: 90:
	Train Loss: 0.292 --- Reconstruction Loss: 0.281 --- KL Loss: 18.525 --- Beta: 0.000604
	Validity: 0.79% --- Uniquene@1000: 1.00% --- Unique@10000: 0.96%

{'valid': 0.7271000000000001, 'unique@1000': 0.994, 'unique@10000': 0.9501, 'FCD/Test': 12.036577249051334, 'SNN/Test': 0.5181536960185369, 'Frag/Test': 0.9135910123192459, 'Scaf/Test': 0.3183292813584949, 'FCD/TestSF': 12.653416920801327, 'SNN/TestSF': 0.47589077767756127, 'Frag/TestSF': 0.9072339981338113, 'Scaf/TestSF': 0.05311382990889113, 'IntDiv': 0.8542562947596926, 'IntDiv2': 0.8452433275210335, 'Filters': 0.9590152661257049, 'logP': 0.1260755989208387, 'SA': 0.033160750996894445, 'QED': 0.010956830414762675, 'weight': 25.527943043086747, 'Novelty': 0.9421186011150532}
Epoch: 91:
	Train Loss: 0.291 --- Reconstruction Loss: 0.279 --- KL Loss: 18.056 --- Beta: 0.000640
	Validity: 0.73% --- Uniquene@1000: 0.99% --- Unique@10000: 0.95%

{'valid': 0.6937333333333333, 'unique@1000': 0.998, 'unique@10000': 0.9564, 'FCD/Test': 12.71393712342693, 'SNN/Test': 0.5066032876929492, 'Frag/Test': 0.9115591076322327, 'Scaf/Test': 0.37799694525962724, 'FCD/TestSF': 13.327058280498612, 'SNN/TestSF': 0.4677073545417441, 'Frag/TestSF': 0.9063890160137846, 'Scaf/TestSF': 0.07350260434608347, 'IntDiv': 0.8600136796910471, 'IntDiv2': 0.8506717031443549, 'Filters': 0.9564674226407842, 'logP': 0.22969248925521776, 'SA': 0.0971418754431416, 'QED': 0.014878056648992093, 'weight': 21.950518549464004, 'Novelty': 0.9491190686554752}
Epoch: 92:
	Train Loss: 0.291 --- Reconstruction Loss: 0.279 --- KL Loss: 17.705 --- Beta: 0.000676
	Validity: 0.69% --- Uniquene@1000: 1.00% --- Unique@10000: 0.96%

{'valid': 0.7449666666666667, 'unique@1000': 0.999, 'unique@10000': 0.9527, 'FCD/Test': 13.191349978336746, 'SNN/Test': 0.5126848594524369, 'Frag/Test': 0.8780525239481609, 'Scaf/Test': 0.3475804627806104, 'FCD/TestSF': 13.838053617406132, 'SNN/TestSF': 0.4702824227756246, 'Frag/TestSF': 0.8723169208800593, 'Scaf/TestSF': 0.06091718268752311, 'IntDiv': 0.8556467638325739, 'IntDiv2': 0.8465600076911158, 'Filters': 0.9706474562620252, 'logP': 0.2730657219611215, 'SA': 0.020893445581434675, 'QED': 0.01336313607684567, 'weight': 21.443798634478163, 'Novelty': 0.9472397437778104}
Epoch: 93:
	Train Loss: 0.290 --- Reconstruction Loss: 0.278 --- KL Loss: 17.255 --- Beta: 0.000712
	Validity: 0.74% --- Uniquene@1000: 1.00% --- Unique@10000: 0.95%

{'valid': 0.7585333333333333, 'unique@1000': 0.995, 'unique@10000': 0.9587, 'FCD/Test': 11.749331302870502, 'SNN/Test': 0.5149520014314969, 'Frag/Test': 0.8751191111486141, 'Scaf/Test': 0.35753117285333547, 'FCD/TestSF': 12.526031919047284, 'SNN/TestSF': 0.4715813877272845, 'Frag/TestSF': 0.8688874952663131, 'Scaf/TestSF': 0.06554780302106145, 'IntDiv': 0.853575796063973, 'IntDiv2': 0.8447241910128372, 'Filters': 0.9720073826683072, 'logP': 0.2301476920483663, 'SA': 0.028412518818094243, 'QED': 0.013142210483734975, 'weight': 20.973160175602885, 'Novelty': 0.9433296792335923}
Epoch: 94:
	Train Loss: 0.290 --- Reconstruction Loss: 0.277 --- KL Loss: 16.939 --- Beta: 0.000748
	Validity: 0.76% --- Uniquene@1000: 0.99% --- Unique@10000: 0.96%

{'valid': 0.7480666666666667, 'unique@1000': 0.996, 'unique@10000': 0.9691, 'FCD/Test': 12.301992532940588, 'SNN/Test': 0.5025708532846768, 'Frag/Test': 0.8860734415085855, 'Scaf/Test': 0.3085458872589393, 'FCD/TestSF': 12.934022387209161, 'SNN/TestSF': 0.46212573260833806, 'Frag/TestSF': 0.8800813826579169, 'Scaf/TestSF': 0.05374984742745392, 'IntDiv': 0.8584638268340885, 'IntDiv2': 0.8496243261061122, 'Filters': 0.9598520630959807, 'logP': 0.2181385365494042, 'SA': 0.10556612882677772, 'QED': 0.01755954403803611, 'weight': 21.705996672204158, 'Novelty': 0.9515209125475285}
Epoch: 95:
	Train Loss: 0.289 --- Reconstruction Loss: 0.276 --- KL Loss: 16.558 --- Beta: 0.000784
	Validity: 0.75% --- Uniquene@1000: 1.00% --- Unique@10000: 0.97%

{'valid': 0.6069666666666667, 'unique@1000': 0.992, 'unique@10000': 0.9559, 'FCD/Test': 14.204238073377141, 'SNN/Test': 0.4984296324744545, 'Frag/Test': 0.8352725203434472, 'Scaf/Test': 0.29232799431831447, 'FCD/TestSF': 14.962874541637916, 'SNN/TestSF': 0.4534204833905513, 'Frag/TestSF': 0.8296449520757858, 'Scaf/TestSF': 0.05667447470120468, 'IntDiv': 0.8573419388175169, 'IntDiv2': 0.8480578955588897, 'Filters': 0.9669394255587896, 'logP': 0.3880326323412, 'SA': 0.09906184767865085, 'QED': 0.00879838784060007, 'weight': 24.454074142317182, 'Novelty': 0.9545024257484321}
Epoch: 96:
	Train Loss: 0.289 --- Reconstruction Loss: 0.276 --- KL Loss: 16.344 --- Beta: 0.000820
	Validity: 0.61% --- Uniquene@1000: 0.99% --- Unique@10000: 0.96%

{'valid': 0.5905333333333334, 'unique@1000': 0.991, 'unique@10000': 0.9702, 'FCD/Test': 12.828656747094364, 'SNN/Test': 0.49575050835211487, 'Frag/Test': 0.8623690715968733, 'Scaf/Test': 0.2982173669829734, 'FCD/TestSF': 13.591690046997343, 'SNN/TestSF': 0.4512372935679904, 'Frag/TestSF': 0.8571946127967545, 'Scaf/TestSF': 0.06756981723830768, 'IntDiv': 0.8583550323156052, 'IntDiv2': 0.8494064253828663, 'Filters': 0.953770602844886, 'logP': 0.36836899998457506, 'SA': 0.12955887694111826, 'QED': 0.014351873510517636, 'weight': 15.405285518149476, 'Novelty': 0.9569745298738396}
Epoch: 97:
	Train Loss: 0.288 --- Reconstruction Loss: 0.274 --- KL Loss: 16.023 --- Beta: 0.000856
	Validity: 0.59% --- Uniquene@1000: 0.99% --- Unique@10000: 0.97%

{'valid': 0.7506666666666667, 'unique@1000': 0.994, 'unique@10000': 0.9714, 'FCD/Test': 12.041604298823415, 'SNN/Test': 0.504853924981866, 'Frag/Test': 0.9060802188662964, 'Scaf/Test': 0.3705830666538876, 'FCD/TestSF': 12.949651676308463, 'SNN/TestSF': 0.46156350900592746, 'Frag/TestSF': 0.9012180912184189, 'Scaf/TestSF': 0.07356186507014895, 'IntDiv': 0.8609529512006161, 'IntDiv2': 0.8520598854674968, 'Filters': 0.963632326820604, 'logP': 0.24430595328047233, 'SA': 0.11478864624676799, 'QED': 0.01210886487467844, 'weight': 21.002312163910165, 'Novelty': 0.9482107449721462}
Epoch: 98:
	Train Loss: 0.288 --- Reconstruction Loss: 0.274 --- KL Loss: 15.780 --- Beta: 0.000892
	Validity: 0.75% --- Uniquene@1000: 0.99% --- Unique@10000: 0.97%

{'valid': 0.6175999999999999, 'unique@1000': 0.997, 'unique@10000': 0.9605, 'FCD/Test': 12.235045017731295, 'SNN/Test': 0.5120859548098863, 'Frag/Test': 0.9080343141344576, 'Scaf/Test': 0.3912882189142677, 'FCD/TestSF': 12.912465975476948, 'SNN/TestSF': 0.4707425728533578, 'Frag/TestSF': 0.9037057605747334, 'Scaf/TestSF': 0.06315989458647997, 'IntDiv': 0.8602795334806347, 'IntDiv2': 0.8509992008620004, 'Filters': 0.9707469775474957, 'logP': 0.3067323023616274, 'SA': 0.06219402658232684, 'QED': 0.010671315042624007, 'weight': 24.466819261678072, 'Novelty': 0.941936227872917}
Epoch: 99:
	Train Loss: 0.288 --- Reconstruction Loss: 0.273 --- KL Loss: 15.470 --- Beta: 0.000928
	Validity: 0.62% --- Uniquene@1000: 1.00% --- Unique@10000: 0.96%

{'valid': 0.7963, 'unique@1000': 0.995, 'unique@10000': 0.9696, 'FCD/Test': 11.697145805591589, 'SNN/Test': 0.5119063467550828, 'Frag/Test': 0.8534446438585555, 'Scaf/Test': 0.35326313882229576, 'FCD/TestSF': 12.381910017177248, 'SNN/TestSF': 0.4712251225888961, 'Frag/TestSF': 0.8476052959090044, 'Scaf/TestSF': 0.07599302146095643, 'IntDiv': 0.8549611283434683, 'IntDiv2': 0.8462122096003422, 'Filters': 0.9678094520490602, 'logP': 0.2665356153007566, 'SA': 0.042106823016928675, 'QED': 0.01334204198883003, 'weight': 19.176341448658366, 'Novelty': 0.948521211580497}
Epoch: 100:
	Train Loss: 0.286 --- Reconstruction Loss: 0.272 --- KL Loss: 15.281 --- Beta: 0.000964
	Validity: 0.80% --- Uniquene@1000: 0.99% --- Unique@10000: 0.97%

