2024-02-15 02:31:21.201624: E external/local_xla/xla/stream_executor/cuda/cuda_dnn.cc:9261] Unable to register cuDNN factory: Attempting to register factory for plugin cuDNN when one has already been registered
2024-02-15 02:31:21.201706: E external/local_xla/xla/stream_executor/cuda/cuda_fft.cc:607] Unable to register cuFFT factory: Attempting to register factory for plugin cuFFT when one has already been registered
2024-02-15 02:31:21.202399: E external/local_xla/xla/stream_executor/cuda/cuda_blas.cc:1515] Unable to register cuBLAS factory: Attempting to register factory for plugin cuBLAS when one has already been registered
2024-02-15 02:31:21.206452: I tensorflow/core/platform/cpu_feature_guard.cc:182] This TensorFlow binary is optimized to use available CPU instructions in performance-critical operations.
To enable the following instructions: AVX2 FMA, in other operations, rebuild TensorFlow with the appropriate compiler flags.
2024-02-15 02:31:22.123946: W tensorflow/compiler/tf2tensorrt/utils/py_utils.cc:38] TF-TRT Warning: Could not find TensorRT

Arguments:
	data_path: data/moses_train.txt
	max_len: 30
	batch: 128
	d_model: 512
	d_latent: 256
	d_ff: 1024
	e_heads: 1
	d_heads: 8
	n_layers: 6
	dropout: 0.5
	lr: 0.0005
	n_epochs: 60
	kl_type: cyclic
	kl_w_start: 0.0001
	kl_w_end: 0.001
	kl_cycle: 4
	kl_ratio: 0.5
	save_name: klcompare

Number of data: 88192

SMILES Vocab:
	 {'<START>': 0, '<END>': 1, '<PAD>': 2, 'C': 3, 'O': 4, 'c': 5, '1': 6, '(': 7, '=': 8, ')': 9, 'N': 10, 'n': 11, '2': 12, 'F': 13, 'Cl': 14, 'Br': 15, '#': 16, '3': 17, 'S': 18, 'o': 19, '-': 20, 's': 21, '[nH]': 22, '4': 23}

Graph Vocab:
	 {'C': 0, 'O': 1, 'N': 2, 'F': 3, 'Cl': 4, 'Br': 5, 'S': 6}


KL Annealer: [0.0001  0.00022 0.00034 0.00046 0.00058 0.0007  0.00082 0.00094 0.001
 0.001   0.001   0.001   0.001   0.001   0.001   0.0001  0.00022 0.00034
 0.00046 0.00058 0.0007  0.00082 0.00094 0.001   0.001   0.001   0.001
 0.001   0.001   0.001   0.0001  0.00022 0.00034 0.00046 0.00058 0.0007
 0.00082 0.00094 0.001   0.001   0.001   0.001   0.001   0.001   0.001
 0.0001  0.00022 0.00034 0.00046 0.00058 0.0007  0.00082 0.00094 0.001
 0.001   0.001   0.001   0.001   0.001   0.001  ]




#########################################################################
######################### START TRAINING ################################
#########################################################################




{'valid': 0.7046, 'unique@1000': 0.845, 'unique@10000': 0.4889, 'FCD/Test': 21.889269367387406, 'SNN/Test': 0.6032892923059476, 'Frag/Test': 0.8691272069417154, 'Scaf/Test': 0.30266320805621416, 'FCD/TestSF': 23.241146192098363, 'SNN/TestSF': 0.5163062038953105, 'Frag/TestSF': 0.8554094008701767, 'Scaf/TestSF': 0.04807037461568797, 'IntDiv': 0.7728544979950069, 'IntDiv2': 0.7592823732074143, 'Filters': 0.9865171728640363, 'logP': 0.3338290454413026, 'SA': 0.28671917612032716, 'QED': 0.07158704625815526, 'weight': 12.442601971633056, 'Novelty': 0.9315736802601952}
Epoch: 31:
	Train Loss: 0.448 --- Reconstruction Loss: 0.444 --- KL Loss: 34.256 --- Beta: 0.000100
	Validity: 0.70% --- Uniquene@1000: 0.84% --- Unique@10000: 0.49%

{'valid': 0.604, 'unique@1000': 0.859, 'unique@10000': 0.5242, 'FCD/Test': 22.966933539599673, 'SNN/Test': 0.6008386861557597, 'Frag/Test': 0.8696344518739413, 'Scaf/Test': 0.3029612547939595, 'FCD/TestSF': 24.245560994700796, 'SNN/TestSF': 0.5104620980489465, 'Frag/TestSF': 0.8573012358868025, 'Scaf/TestSF': 0.02478232975210093, 'IntDiv': 0.7751861678472958, 'IntDiv2': 0.7617683489360798, 'Filters': 0.9864238410596027, 'logP': 0.37560159697711776, 'SA': 0.2503409245041979, 'QED': 0.07222762020006274, 'weight': 8.327886033772039, 'Novelty': 0.9417463352453792}
Epoch: 32:
	Train Loss: 0.447 --- Reconstruction Loss: 0.440 --- KL Loss: 29.997 --- Beta: 0.000220
	Validity: 0.60% --- Uniquene@1000: 0.86% --- Unique@10000: 0.52%

{'valid': 0.6441333333333333, 'unique@1000': 0.851, 'unique@10000': 0.5315, 'FCD/Test': 22.06713614290952, 'SNN/Test': 0.5933829110121165, 'Frag/Test': 0.8639813156389188, 'Scaf/Test': 0.24964034544854907, 'FCD/TestSF': 23.274801580744764, 'SNN/TestSF': 0.5128480274422251, 'Frag/TestSF': 0.8507957826134107, 'Scaf/TestSF': 0.04293763564994113, 'IntDiv': 0.783445099533721, 'IntDiv2': 0.7695442268500954, 'Filters': 0.9853549989650175, 'logP': 0.2367814597458938, 'SA': 0.2357380194006634, 'QED': 0.07581682655889954, 'weight': 7.605459578868979, 'Novelty': 0.9490917782026769}
Epoch: 33:
	Train Loss: 0.444 --- Reconstruction Loss: 0.436 --- KL Loss: 25.645 --- Beta: 0.000340
	Validity: 0.64% --- Uniquene@1000: 0.85% --- Unique@10000: 0.53%

{'valid': 0.5731666666666666, 'unique@1000': 0.882, 'unique@10000': 0.5926, 'FCD/Test': 19.51403090507459, 'SNN/Test': 0.5891795834107745, 'Frag/Test': 0.8578794056493476, 'Scaf/Test': 0.3020720494034259, 'FCD/TestSF': 20.773662764683294, 'SNN/TestSF': 0.5128698241142174, 'Frag/TestSF': 0.8437659972194571, 'Scaf/TestSF': 0.03837429380278734, 'IntDiv': 0.7941094564166469, 'IntDiv2': 0.7811488415754413, 'Filters': 0.9839488223320733, 'logP': 0.3223763833102169, 'SA': 0.2463011922069504, 'QED': 0.07206706871836141, 'weight': 9.106606291737904, 'Novelty': 0.9419428571428572}
Epoch: 34:
	Train Loss: 0.442 --- Reconstruction Loss: 0.432 --- KL Loss: 22.090 --- Beta: 0.000460
	Validity: 0.57% --- Uniquene@1000: 0.88% --- Unique@10000: 0.59%

{'valid': 0.6860999999999999, 'unique@1000': 0.915, 'unique@10000': 0.657, 'FCD/Test': 20.123882572678752, 'SNN/Test': 0.5886170044972112, 'Frag/Test': 0.8613977407005022, 'Scaf/Test': 0.2664073797864168, 'FCD/TestSF': 21.428402829635097, 'SNN/TestSF': 0.5043667922161043, 'Frag/TestSF': 0.8477434031946065, 'Scaf/TestSF': 0.02298232478656803, 'IntDiv': 0.7849985327512038, 'IntDiv2': 0.7723753975114066, 'Filters': 0.9812952436476704, 'logP': 0.21684605780870225, 'SA': 0.19734100768867577, 'QED': 0.09965305796355126, 'weight': 9.511075703729611, 'Novelty': 0.9456377618668788}
Epoch: 35:
	Train Loss: 0.440 --- Reconstruction Loss: 0.428 --- KL Loss: 19.471 --- Beta: 0.000580
	Validity: 0.69% --- Uniquene@1000: 0.92% --- Unique@10000: 0.66%

{'valid': 0.6163333333333334, 'unique@1000': 0.894, 'unique@10000': 0.6368, 'FCD/Test': 17.100451899962913, 'SNN/Test': 0.6040597203504465, 'Frag/Test': 0.9068701228775818, 'Scaf/Test': 0.4420313239284386, 'FCD/TestSF': 18.257970772274277, 'SNN/TestSF': 0.5270449672633729, 'Frag/TestSF': 0.8958010428389519, 'Scaf/TestSF': 0.036311462834084374, 'IntDiv': 0.8015415804937444, 'IntDiv2': 0.789465332196002, 'Filters': 0.9828015143320714, 'logP': 0.22637383205062886, 'SA': 0.23956499266321177, 'QED': 0.04060154565503866, 'weight': 14.640606354717278, 'Novelty': 0.9292690145013317}
Epoch: 36:
	Train Loss: 0.437 --- Reconstruction Loss: 0.425 --- KL Loss: 17.342 --- Beta: 0.000700
	Validity: 0.62% --- Uniquene@1000: 0.89% --- Unique@10000: 0.64%

{'valid': 0.5169333333333334, 'unique@1000': 0.875, 'unique@10000': 0.6424, 'FCD/Test': 17.930113043715117, 'SNN/Test': 0.5995971674552615, 'Frag/Test': 0.8889901131106871, 'Scaf/Test': 0.27469143699608023, 'FCD/TestSF': 19.044288724607384, 'SNN/TestSF': 0.5275009065349523, 'Frag/TestSF': 0.8796967243966715, 'Scaf/TestSF': 0.01184844648012029, 'IntDiv': 0.7992184839296775, 'IntDiv2': 0.7857212120956186, 'Filters': 0.9713696156822286, 'logP': 0.30868773567892277, 'SA': 0.26966283697096194, 'QED': 0.03778795757419653, 'weight': 12.450039662614584, 'Novelty': 0.9368444297228663}
Epoch: 37:
	Train Loss: 0.433 --- Reconstruction Loss: 0.420 --- KL Loss: 15.894 --- Beta: 0.000820
	Validity: 0.52% --- Uniquene@1000: 0.88% --- Unique@10000: 0.64%

{'valid': 0.4864666666666667, 'unique@1000': 0.942, 'unique@10000': 0.7379, 'FCD/Test': 15.990979605379103, 'SNN/Test': 0.5770377216487204, 'Frag/Test': 0.8838958774745469, 'Scaf/Test': 0.33015225785861213, 'FCD/TestSF': 16.961429914297035, 'SNN/TestSF': 0.5159453648266702, 'Frag/TestSF': 0.8732840394631358, 'Scaf/TestSF': 0.038032965232105975, 'IntDiv': 0.8135390910773582, 'IntDiv2': 0.8020514449345746, 'Filters': 0.9791695217212553, 'logP': 0.32859991790347415, 'SA': 0.2319127097419443, 'QED': 0.0398044522720639, 'weight': 12.134284394156717, 'Novelty': 0.945296270649916}
Epoch: 38:
	Train Loss: 0.430 --- Reconstruction Loss: 0.416 --- KL Loss: 14.729 --- Beta: 0.000940
	Validity: 0.49% --- Uniquene@1000: 0.94% --- Unique@10000: 0.74%

{'valid': 0.6440666666666667, 'unique@1000': 0.952, 'unique@10000': 0.7761, 'FCD/Test': 15.222268510346012, 'SNN/Test': 0.586956282613527, 'Frag/Test': 0.8926718462434206, 'Scaf/Test': 0.2632757752558291, 'FCD/TestSF': 16.103347054467662, 'SNN/TestSF': 0.5258138533398214, 'Frag/TestSF': 0.8835869837787971, 'Scaf/TestSF': 0.029149779299476264, 'IntDiv': 0.8085786721011863, 'IntDiv2': 0.798294527195635, 'Filters': 0.9724148638857261, 'logP': 0.3191268981808915, 'SA': 0.24217349272865069, 'QED': 0.04851598155522173, 'weight': 11.762099546143292, 'Novelty': 0.9427601976838533}
Epoch: 39:
	Train Loss: 0.426 --- Reconstruction Loss: 0.412 --- KL Loss: 14.006 --- Beta: 0.001000
	Validity: 0.64% --- Uniquene@1000: 0.95% --- Unique@10000: 0.78%

{'valid': 0.47319999999999995, 'unique@1000': 0.953, 'unique@10000': 0.7597, 'FCD/Test': 15.082084787862527, 'SNN/Test': 0.5802195689497397, 'Frag/Test': 0.8948519597715787, 'Scaf/Test': 0.323332482693081, 'FCD/TestSF': 15.474077144421202, 'SNN/TestSF': 0.5383465787499228, 'Frag/TestSF': 0.888391378239049, 'Scaf/TestSF': 0.0374229041557006, 'IntDiv': 0.8179171654593951, 'IntDiv2': 0.8068066249181891, 'Filters': 0.9700619892927586, 'logP': 0.38912150327979683, 'SA': 0.21384292460897517, 'QED': 0.030375912712543723, 'weight': 7.929999955629567, 'Novelty': 0.941688680168281}
Epoch: 40:
	Train Loss: 0.421 --- Reconstruction Loss: 0.407 --- KL Loss: 13.770 --- Beta: 0.001000
	Validity: 0.47% --- Uniquene@1000: 0.95% --- Unique@10000: 0.76%

{'valid': 0.41913333333333336, 'unique@1000': 0.934, 'unique@10000': 0.757, 'FCD/Test': 14.447833915252247, 'SNN/Test': 0.5826122272272016, 'Frag/Test': 0.9417041809324, 'Scaf/Test': 0.3230949735856452, 'FCD/TestSF': 15.103114349651776, 'SNN/TestSF': 0.5331166492111735, 'Frag/TestSF': 0.9353175775762912, 'Scaf/TestSF': 0.032740288445109345, 'IntDiv': 0.8149943754281995, 'IntDiv2': 0.8041995742997187, 'Filters': 0.9706537299188802, 'logP': 0.3166808483958188, 'SA': 0.22743717912588665, 'QED': 0.02598930619938649, 'weight': 15.802394278750315, 'Novelty': 0.9415535035306899}
Epoch: 41:
	Train Loss: 0.415 --- Reconstruction Loss: 0.402 --- KL Loss: 13.516 --- Beta: 0.001000
	Validity: 0.42% --- Uniquene@1000: 0.93% --- Unique@10000: 0.76%

{'valid': 0.7095333333333333, 'unique@1000': 0.963, 'unique@10000': 0.8158, 'FCD/Test': 15.133859674417742, 'SNN/Test': 0.5846264858765227, 'Frag/Test': 0.9154974594699015, 'Scaf/Test': 0.3384025409966982, 'FCD/TestSF': 15.819227952655623, 'SNN/TestSF': 0.5347856701912876, 'Frag/TestSF': 0.909229097970243, 'Scaf/TestSF': 0.046865101815711796, 'IntDiv': 0.8157025048711452, 'IntDiv2': 0.8054841448007795, 'Filters': 0.9723292304801278, 'logP': 0.25525310806697143, 'SA': 0.2588881689527025, 'QED': 0.03258466901014304, 'weight': 18.591708436316637, 'Novelty': 0.9388910330631673}
Epoch: 42:
	Train Loss: 0.411 --- Reconstruction Loss: 0.398 --- KL Loss: 13.375 --- Beta: 0.001000
	Validity: 0.71% --- Uniquene@1000: 0.96% --- Unique@10000: 0.82%

{'valid': 0.5178333333333334, 'unique@1000': 0.969, 'unique@10000': 0.8017, 'FCD/Test': 15.78421438960433, 'SNN/Test': 0.5797454622365824, 'Frag/Test': 0.9017104424094595, 'Scaf/Test': 0.26302901759460795, 'FCD/TestSF': 16.363556191233762, 'SNN/TestSF': 0.5344209317996795, 'Frag/TestSF': 0.8943819431951762, 'Scaf/TestSF': 0.07279976739474481, 'IntDiv': 0.8148525670539326, 'IntDiv2': 0.803963725615475, 'Filters': 0.9777920823945928, 'logP': 0.24463518299981915, 'SA': 0.20590437493061794, 'QED': 0.035231230926491455, 'weight': 13.914485023727813, 'Novelty': 0.9369323050556984}
Epoch: 43:
	Train Loss: 0.408 --- Reconstruction Loss: 0.394 --- KL Loss: 13.325 --- Beta: 0.001000
	Validity: 0.52% --- Uniquene@1000: 0.97% --- Unique@10000: 0.80%

{'valid': 0.529, 'unique@1000': 0.962, 'unique@10000': 0.8166, 'FCD/Test': 14.63818390642632, 'SNN/Test': 0.5761841653293983, 'Frag/Test': 0.9163111378474327, 'Scaf/Test': 0.2677415530440811, 'FCD/TestSF': 15.286924228398213, 'SNN/TestSF': 0.5269054346533038, 'Frag/TestSF': 0.9102563099517063, 'Scaf/TestSF': 0.048549936482629286, 'IntDiv': 0.8211721077924561, 'IntDiv2': 0.8108452974938775, 'Filters': 0.9705734089477001, 'logP': 0.24119351078477283, 'SA': 0.19884274330863835, 'QED': 0.02042131155046764, 'weight': 15.76810198299868, 'Novelty': 0.9415334153341534}
Epoch: 44:
	Train Loss: 0.403 --- Reconstruction Loss: 0.390 --- KL Loss: 13.254 --- Beta: 0.001000
	Validity: 0.53% --- Uniquene@1000: 0.96% --- Unique@10000: 0.82%

{'valid': 0.5438666666666667, 'unique@1000': 0.96, 'unique@10000': 0.8245, 'FCD/Test': 14.31643826960817, 'SNN/Test': 0.566367884925707, 'Frag/Test': 0.8935828510067543, 'Scaf/Test': 0.2922653901312855, 'FCD/TestSF': 14.69312081282817, 'SNN/TestSF': 0.5253285266720188, 'Frag/TestSF': 0.8889593979014874, 'Scaf/TestSF': 0.05618949680273011, 'IntDiv': 0.8298018065153522, 'IntDiv2': 0.8197742726398176, 'Filters': 0.9740745280706056, 'logP': 0.3002550087876689, 'SA': 0.17202483414606243, 'QED': 0.032067472903892426, 'weight': 15.045960939919746, 'Novelty': 0.9423229282205673}
Epoch: 45:
	Train Loss: 0.399 --- Reconstruction Loss: 0.386 --- KL Loss: 13.165 --- Beta: 0.001000
	Validity: 0.54% --- Uniquene@1000: 0.96% --- Unique@10000: 0.82%

{'valid': 0.41623333333333334, 'unique@1000': 0.962, 'unique@10000': 0.7973, 'FCD/Test': 14.411832776343566, 'SNN/Test': 0.5455254635069458, 'Frag/Test': 0.9043862653627268, 'Scaf/Test': 0.1582770618028465, 'FCD/TestSF': 15.11567732935793, 'SNN/TestSF': 0.49428318112031316, 'Frag/TestSF': 0.8971663089500732, 'Scaf/TestSF': 0.05292203430109177, 'IntDiv': 0.828547564048539, 'IntDiv2': 0.8185414960115929, 'Filters': 0.9640426043084808, 'logP': 0.3236679524817696, 'SA': 0.043647258499648, 'QED': 0.029632975852637775, 'weight': 15.348245191039691, 'Novelty': 0.953505304763886}
Epoch: 46:
	Train Loss: 0.381 --- Reconstruction Loss: 0.378 --- KL Loss: 26.882 --- Beta: 0.000100
	Validity: 0.42% --- Uniquene@1000: 0.96% --- Unique@10000: 0.80%

{'valid': 0.47296666666666665, 'unique@1000': 0.962, 'unique@10000': 0.8286, 'FCD/Test': 13.968293732755377, 'SNN/Test': 0.5483540768100861, 'Frag/Test': 0.9033421707391647, 'Scaf/Test': 0.20074357374525076, 'FCD/TestSF': 14.536898275658494, 'SNN/TestSF': 0.4992981933309879, 'Frag/TestSF': 0.8954842525778621, 'Scaf/TestSF': 0.07081904399559746, 'IntDiv': 0.8233400139355587, 'IntDiv2': 0.8136144806167032, 'Filters': 0.9644795263936853, 'logP': 0.27123872633309193, 'SA': 0.08373935552152798, 'QED': 0.03852505540845725, 'weight': 18.22282084231188, 'Novelty': 0.9535526433092627}
Epoch: 47:
	Train Loss: 0.380 --- Reconstruction Loss: 0.374 --- KL Loss: 25.248 --- Beta: 0.000220
	Validity: 0.47% --- Uniquene@1000: 0.96% --- Unique@10000: 0.83%

{'valid': 0.5297000000000001, 'unique@1000': 0.967, 'unique@10000': 0.8143, 'FCD/Test': 14.98385976334103, 'SNN/Test': 0.5595250604462649, 'Frag/Test': 0.902035435129543, 'Scaf/Test': 0.1771770767360148, 'FCD/TestSF': 15.548424498899792, 'SNN/TestSF': 0.510655557808841, 'Frag/TestSF': 0.8940837900904054, 'Scaf/TestSF': 0.05370257976200987, 'IntDiv': 0.8258091217768272, 'IntDiv2': 0.8156064249891981, 'Filters': 0.9679692907935309, 'logP': 0.2661646384431393, 'SA': 0.1302079297059415, 'QED': 0.029336158646763325, 'weight': 15.630095302726511, 'Novelty': 0.9396121430324851}
Epoch: 48:
	Train Loss: 0.379 --- Reconstruction Loss: 0.371 --- KL Loss: 22.408 --- Beta: 0.000340
	Validity: 0.53% --- Uniquene@1000: 0.97% --- Unique@10000: 0.81%

{'valid': 0.37316666666666665, 'unique@1000': 0.957, 'unique@10000': 0.8247, 'FCD/Test': 13.16358152427145, 'SNN/Test': 0.5378702379420379, 'Frag/Test': 0.9036493672007982, 'Scaf/Test': 0.17565369520442398, 'FCD/TestSF': 13.653091698912654, 'SNN/TestSF': 0.49202602452841016, 'Frag/TestSF': 0.8969997159134945, 'Scaf/TestSF': 0.0517137307037282, 'IntDiv': 0.833972398118575, 'IntDiv2': 0.824462340510094, 'Filters': 0.9625725770433229, 'logP': 0.2927549844765421, 'SA': 0.030650824787361104, 'QED': 0.031862124989872384, 'weight': 19.729873405956575, 'Novelty': 0.9567935080600943}
Epoch: 49:
	Train Loss: 0.378 --- Reconstruction Loss: 0.369 --- KL Loss: 19.912 --- Beta: 0.000460
	Validity: 0.37% --- Uniquene@1000: 0.96% --- Unique@10000: 0.82%

/home/80027464/graphvae/metrics.py:527: UserWarning: Can't compute unique@10000.gen contains only 8859 molecules
  warnings.warn(
{'valid': 0.2953, 'unique@1000': 0.947, 'unique@10000': 0.796139519133085, 'FCD/Test': 13.899335185064594, 'SNN/Test': 0.5545895646587695, 'Frag/Test': 0.9205870735829238, 'Scaf/Test': 0.19100383340393357, 'FCD/TestSF': 14.315894105320368, 'SNN/TestSF': 0.5110866429170888, 'Frag/TestSF': 0.9163880723232112, 'Scaf/TestSF': 0.030974064488445197, 'IntDiv': 0.8325774818300342, 'IntDiv2': 0.8217246390973297, 'Filters': 0.9593633592956315, 'logP': 0.31771683209952, 'SA': 0.07748422492415959, 'QED': 0.01673297391638954, 'weight': 18.35211061398479, 'Novelty': 0.9387494683113569}
Epoch: 50:
	Train Loss: 0.376 --- Reconstruction Loss: 0.366 --- KL Loss: 18.185 --- Beta: 0.000580
	Validity: 0.30% --- Uniquene@1000: 0.95% --- Unique@10000: 0.80%

{'valid': 0.5464666666666667, 'unique@1000': 0.98, 'unique@10000': 0.8695, 'FCD/Test': 14.513974584527872, 'SNN/Test': 0.5586947040827562, 'Frag/Test': 0.902641286704532, 'Scaf/Test': 0.2869811293913922, 'FCD/TestSF': 15.10720912982734, 'SNN/TestSF': 0.5094994511693894, 'Frag/TestSF': 0.897138958149259, 'Scaf/TestSF': 0.048564463603163244, 'IntDiv': 0.8342446852086519, 'IntDiv2': 0.8241183908543283, 'Filters': 0.9619372941319995, 'logP': 0.32741882372175707, 'SA': 0.14046495264266606, 'QED': 0.02524899932502403, 'weight': 16.13565324953644, 'Novelty': 0.9337028824833703}
Epoch: 51:
	Train Loss: 0.375 --- Reconstruction Loss: 0.363 --- KL Loss: 16.709 --- Beta: 0.000700
	Validity: 0.55% --- Uniquene@1000: 0.98% --- Unique@10000: 0.87%

{'valid': 0.47483333333333333, 'unique@1000': 0.968, 'unique@10000': 0.8553, 'FCD/Test': 14.100386614147979, 'SNN/Test': 0.5579042685810162, 'Frag/Test': 0.9045677255559075, 'Scaf/Test': 0.23488625099779004, 'FCD/TestSF': 14.681767172020017, 'SNN/TestSF': 0.5083818705427559, 'Frag/TestSF': 0.8969197380209484, 'Scaf/TestSF': 0.051599080038784995, 'IntDiv': 0.8302208912842539, 'IntDiv2': 0.8199140753876788, 'Filters': 0.961951561951562, 'logP': 0.25481276786344587, 'SA': 0.09621843017740064, 'QED': 0.021185129852929356, 'weight': 16.80959874979895, 'Novelty': 0.9374040593552788}
Epoch: 52:
	Train Loss: 0.374 --- Reconstruction Loss: 0.361 --- KL Loss: 15.659 --- Beta: 0.000820
	Validity: 0.47% --- Uniquene@1000: 0.97% --- Unique@10000: 0.86%

{'valid': 0.6337666666666666, 'unique@1000': 0.968, 'unique@10000': 0.8442, 'FCD/Test': 14.598889474345832, 'SNN/Test': 0.5683229228371242, 'Frag/Test': 0.8860352545346135, 'Scaf/Test': 0.28383179813912085, 'FCD/TestSF': 14.823329870739734, 'SNN/TestSF': 0.5235183932855455, 'Frag/TestSF': 0.8834771873857755, 'Scaf/TestSF': 0.0702362544430637, 'IntDiv': 0.8347963368148879, 'IntDiv2': 0.8247892007315958, 'Filters': 0.9705990637984537, 'logP': 0.27028606046961884, 'SA': 0.16393315557291105, 'QED': 0.022484464082184474, 'weight': 18.013224883292725, 'Novelty': 0.9217903575297941}
Epoch: 53:
	Train Loss: 0.372 --- Reconstruction Loss: 0.358 --- KL Loss: 14.614 --- Beta: 0.000940
	Validity: 0.63% --- Uniquene@1000: 0.97% --- Unique@10000: 0.84%

{'valid': 0.48673333333333335, 'unique@1000': 0.978, 'unique@10000': 0.8802, 'FCD/Test': 12.989473665871927, 'SNN/Test': 0.5472652803937583, 'Frag/Test': 0.911946659101998, 'Scaf/Test': 0.22378550506735173, 'FCD/TestSF': 13.18968630904888, 'SNN/TestSF': 0.508338819968302, 'Frag/TestSF': 0.9088057437297854, 'Scaf/TestSF': 0.060565228249602865, 'IntDiv': 0.8431250504379563, 'IntDiv2': 0.8329514638371158, 'Filters': 0.9700725927955075, 'logP': 0.24856595213406862, 'SA': 0.06400931293394972, 'QED': 0.013857410768693535, 'weight': 20.688404192499572, 'Novelty': 0.9402597402597402}
Epoch: 54:
	Train Loss: 0.368 --- Reconstruction Loss: 0.354 --- KL Loss: 14.099 --- Beta: 0.001000
	Validity: 0.49% --- Uniquene@1000: 0.98% --- Unique@10000: 0.88%

{'valid': 0.40713333333333335, 'unique@1000': 0.981, 'unique@10000': 0.8677, 'FCD/Test': 13.969657343626416, 'SNN/Test': 0.5479693857412185, 'Frag/Test': 0.9110847679133075, 'Scaf/Test': 0.27042670753870734, 'FCD/TestSF': 14.391673924122024, 'SNN/TestSF': 0.5055893106843263, 'Frag/TestSF': 0.9074751110175987, 'Scaf/TestSF': 0.0589029297816448, 'IntDiv': 0.8435982035228504, 'IntDiv2': 0.8333412556767678, 'Filters': 0.9679056820042574, 'logP': 0.23626663825994293, 'SA': 0.0585596372793255, 'QED': 0.016405580458330942, 'weight': 19.21296923457199, 'Novelty': 0.92803540504137}
Epoch: 55:
	Train Loss: 0.366 --- Reconstruction Loss: 0.352 --- KL Loss: 14.023 --- Beta: 0.001000
	Validity: 0.41% --- Uniquene@1000: 0.98% --- Unique@10000: 0.87%

{'valid': 0.5092666666666666, 'unique@1000': 0.993, 'unique@10000': 0.8799, 'FCD/Test': 14.141544824719738, 'SNN/Test': 0.5473014875497395, 'Frag/Test': 0.8764933049340919, 'Scaf/Test': 0.2648089143885326, 'FCD/TestSF': 14.54921272949614, 'SNN/TestSF': 0.5055316620258733, 'Frag/TestSF': 0.8740820598324316, 'Scaf/TestSF': 0.06442004311049077, 'IntDiv': 0.8456460441952437, 'IntDiv2': 0.8355408612197218, 'Filters': 0.9740149234192957, 'logP': 0.3011258201484843, 'SA': 0.09752359798096773, 'QED': 0.01585891836350865, 'weight': 23.927735456401834, 'Novelty': 0.9319712096586952}
Epoch: 56:
	Train Loss: 0.363 --- Reconstruction Loss: 0.349 --- KL Loss: 13.960 --- Beta: 0.001000
	Validity: 0.51% --- Uniquene@1000: 0.99% --- Unique@10000: 0.88%

{'valid': 0.4548333333333333, 'unique@1000': 0.974, 'unique@10000': 0.8757, 'FCD/Test': 12.749104737095053, 'SNN/Test': 0.551497156830138, 'Frag/Test': 0.9029274001870016, 'Scaf/Test': 0.2572682969712581, 'FCD/TestSF': 13.088645590213645, 'SNN/TestSF': 0.5080782098881969, 'Frag/TestSF': 0.8979445013737702, 'Scaf/TestSF': 0.05429988220287252, 'IntDiv': 0.8445736654920314, 'IntDiv2': 0.8346082235641872, 'Filters': 0.9686331989739831, 'logP': 0.1906957255520539, 'SA': 0.08353365754537677, 'QED': 0.013161387123187424, 'weight': 23.16126809185169, 'Novelty': 0.9317693563633239}
Epoch: 57:
	Train Loss: 0.359 --- Reconstruction Loss: 0.345 --- KL Loss: 13.861 --- Beta: 0.001000
	Validity: 0.45% --- Uniquene@1000: 0.97% --- Unique@10000: 0.88%

{'valid': 0.45399999999999996, 'unique@1000': 0.978, 'unique@10000': 0.8722, 'FCD/Test': 12.70076671599898, 'SNN/Test': 0.5614692983123174, 'Frag/Test': 0.9104274342835286, 'Scaf/Test': 0.2709809337314312, 'FCD/TestSF': 13.057742127515567, 'SNN/TestSF': 0.5179971592738765, 'Frag/TestSF': 0.9068008818296542, 'Scaf/TestSF': 0.05037013124010514, 'IntDiv': 0.8380727158263651, 'IntDiv2': 0.8278141338874083, 'Filters': 0.961453744493392, 'logP': 0.20010810558885628, 'SA': 0.10343031267062298, 'QED': 0.014439447133349778, 'weight': 19.794862070946802, 'Novelty': 0.9274934952298353}
Epoch: 58:
	Train Loss: 0.356 --- Reconstruction Loss: 0.342 --- KL Loss: 13.821 --- Beta: 0.001000
	Validity: 0.45% --- Uniquene@1000: 0.98% --- Unique@10000: 0.87%

{'valid': 0.4661333333333333, 'unique@1000': 0.978, 'unique@10000': 0.8811, 'FCD/Test': 13.20369496625365, 'SNN/Test': 0.5550855326815775, 'Frag/Test': 0.8991151007005401, 'Scaf/Test': 0.23892250584600727, 'FCD/TestSF': 13.374481916758171, 'SNN/TestSF': 0.511234885637885, 'Frag/TestSF': 0.8949114467169167, 'Scaf/TestSF': 0.06397806488614977, 'IntDiv': 0.8401909281800033, 'IntDiv2': 0.8304528641907704, 'Filters': 0.9657465675057209, 'logP': 0.20965353100913847, 'SA': 0.09200803141287073, 'QED': 0.016994737854037767, 'weight': 22.175503194262834, 'Novelty': 0.9261087866108787}
Epoch: 59:
	Train Loss: 0.354 --- Reconstruction Loss: 0.340 --- KL Loss: 13.852 --- Beta: 0.001000
	Validity: 0.47% --- Uniquene@1000: 0.98% --- Unique@10000: 0.88%

{'valid': 0.4376333333333333, 'unique@1000': 0.976, 'unique@10000': 0.8845, 'FCD/Test': 12.8252127759976, 'SNN/Test': 0.5492207605131546, 'Frag/Test': 0.9019253063057553, 'Scaf/Test': 0.2531796136938609, 'FCD/TestSF': 13.048289360362972, 'SNN/TestSF': 0.5110048828752236, 'Frag/TestSF': 0.8969666980524253, 'Scaf/TestSF': 0.07594277097824476, 'IntDiv': 0.8414165580601742, 'IntDiv2': 0.8312302533568598, 'Filters': 0.9636682154010207, 'logP': 0.20148556445759544, 'SA': 0.07499525752036705, 'QED': 0.016464684584593027, 'weight': 19.528433805289758, 'Novelty': 0.9357798165137615}
Epoch: 60:
	Train Loss: 0.351 --- Reconstruction Loss: 0.337 --- KL Loss: 13.946 --- Beta: 0.001000
	Validity: 0.44% --- Uniquene@1000: 0.98% --- Unique@10000: 0.88%

