2024-02-15 02:31:21.141196: E external/local_xla/xla/stream_executor/cuda/cuda_dnn.cc:9261] Unable to register cuDNN factory: Attempting to register factory for plugin cuDNN when one has already been registered
2024-02-15 02:31:21.141258: E external/local_xla/xla/stream_executor/cuda/cuda_fft.cc:607] Unable to register cuFFT factory: Attempting to register factory for plugin cuFFT when one has already been registered
2024-02-15 02:31:21.142912: E external/local_xla/xla/stream_executor/cuda/cuda_blas.cc:1515] Unable to register cuBLAS factory: Attempting to register factory for plugin cuBLAS when one has already been registered
2024-02-15 02:31:21.149343: I tensorflow/core/platform/cpu_feature_guard.cc:182] This TensorFlow binary is optimized to use available CPU instructions in performance-critical operations.
To enable the following instructions: AVX2 FMA, in other operations, rebuild TensorFlow with the appropriate compiler flags.
2024-02-15 02:31:21.978484: W tensorflow/compiler/tf2tensorrt/utils/py_utils.cc:38] TF-TRT Warning: Could not find TensorRT

Arguments:
	data_path: data/moses_train.txt
	max_len: 30
	batch: 128
	d_model: 512
	d_latent: 256
	d_ff: 1024
	e_heads: 1
	d_heads: 8
	n_layers: 6
	dropout: 0.5
	lr: 0.0005
	n_epochs: 60
	kl_type: cyclic
	kl_w_start: 0.0001
	kl_w_end: 0.001
	kl_cycle: 6
	kl_ratio: 0.5
	save_name: klcompare

Number of data: 88192

SMILES Vocab:
	 {'<START>': 0, '<END>': 1, '<PAD>': 2, 'C': 3, 'O': 4, 'c': 5, '1': 6, '(': 7, '=': 8, ')': 9, 'N': 10, 'n': 11, '2': 12, 'F': 13, 'Cl': 14, 'Br': 15, '#': 16, '3': 17, 'S': 18, 'o': 19, '-': 20, 's': 21, '[nH]': 22, '4': 23}

Graph Vocab:
	 {'C': 0, 'O': 1, 'N': 2, 'F': 3, 'Cl': 4, 'Br': 5, 'S': 6}


KL Annealer: [0.0001  0.00028 0.00046 0.00064 0.00082 0.001   0.001   0.001   0.001
 0.001   0.0001  0.00028 0.00046 0.00064 0.00082 0.001   0.001   0.001
 0.001   0.001   0.0001  0.00028 0.00046 0.00064 0.00082 0.001   0.001
 0.001   0.001   0.001   0.0001  0.00028 0.00046 0.00064 0.00082 0.001
 0.001   0.001   0.001   0.001   0.0001  0.00028 0.00046 0.00064 0.00082
 0.001   0.001   0.001   0.001   0.001   0.0001  0.00028 0.00046 0.00064
 0.00082 0.001   0.001   0.001   0.001   0.001  ]




#########################################################################
######################### START TRAINING ################################
#########################################################################




{'valid': 0.6591333333333333, 'unique@1000': 0.784, 'unique@10000': 0.4177, 'FCD/Test': 25.436378839020293, 'SNN/Test': 0.6061012475478452, 'Frag/Test': 0.8310812154618735, 'Scaf/Test': 0.27266003468769795, 'FCD/TestSF': 26.834497227706933, 'SNN/TestSF': 0.5024164967315013, 'Frag/TestSF': 0.8140192975828914, 'Scaf/TestSF': 0.04421950124128016, 'IntDiv': 0.7613159101164484, 'IntDiv2': 0.7461505051457229, 'Filters': 0.9841711338120764, 'logP': 0.1618797694705367, 'SA': 0.20032388402511678, 'QED': 0.07629722194651947, 'weight': 17.631650705473664, 'Novelty': 0.9307958477508651}
Epoch: 31:
	Train Loss: 0.447 --- Reconstruction Loss: 0.444 --- KL Loss: 34.826 --- Beta: 0.000100
	Validity: 0.66% --- Uniquene@1000: 0.78% --- Unique@10000: 0.42%

{'valid': 0.6482, 'unique@1000': 0.809, 'unique@10000': 0.4624, 'FCD/Test': 25.3543920287414, 'SNN/Test': 0.6153928512416357, 'Frag/Test': 0.877493156171227, 'Scaf/Test': 0.2151735233932187, 'FCD/TestSF': 26.558568073981384, 'SNN/TestSF': 0.5267242635367989, 'Frag/TestSF': 0.8653300838196405, 'Scaf/TestSF': 0.026530725985742354, 'IntDiv': 0.7593225410394225, 'IntDiv2': 0.745210024382374, 'Filters': 0.9910007199424046, 'logP': 0.267121235078661, 'SA': 0.2512216758643256, 'QED': 0.055752565146349686, 'weight': 11.301549955301683, 'Novelty': 0.9241592795835092}
Epoch: 32:
	Train Loss: 0.448 --- Reconstruction Loss: 0.440 --- KL Loss: 28.137 --- Beta: 0.000280
	Validity: 0.65% --- Uniquene@1000: 0.81% --- Unique@10000: 0.46%

{'valid': 0.5964333333333334, 'unique@1000': 0.849, 'unique@10000': 0.5361, 'FCD/Test': 22.507194626218464, 'SNN/Test': 0.6026286582129841, 'Frag/Test': 0.8572741844297189, 'Scaf/Test': 0.20242338224083634, 'FCD/TestSF': 23.661723292454482, 'SNN/TestSF': 0.5150521846266075, 'Frag/TestSF': 0.8439922239876609, 'Scaf/TestSF': 0.04469590022136127, 'IntDiv': 0.7705221403632092, 'IntDiv2': 0.7565426247055262, 'Filters': 0.9868663723243727, 'logP': 0.18887624621320034, 'SA': 0.19164588368505478, 'QED': 0.09090550286924909, 'weight': 9.464787160393204, 'Novelty': 0.945273631840796}
Epoch: 33:
	Train Loss: 0.447 --- Reconstruction Loss: 0.436 --- KL Loss: 22.843 --- Beta: 0.000460
	Validity: 0.60% --- Uniquene@1000: 0.85% --- Unique@10000: 0.54%

{'valid': 0.5881666666666667, 'unique@1000': 0.889, 'unique@10000': 0.5858, 'FCD/Test': 21.125614075720804, 'SNN/Test': 0.5871773808628752, 'Frag/Test': 0.8555441787171084, 'Scaf/Test': 0.23853668229574554, 'FCD/TestSF': 22.344508984307424, 'SNN/TestSF': 0.503309294489363, 'Frag/TestSF': 0.8411801869974558, 'Scaf/TestSF': 0.03531842184678635, 'IntDiv': 0.7787322483724777, 'IntDiv2': 0.7652905195278198, 'Filters': 0.9740436384244828, 'logP': 0.3143036090795703, 'SA': 0.15676591344586047, 'QED': 0.09447663933083562, 'weight': 7.875058608240647, 'Novelty': 0.9535831540812861}
Epoch: 34:
	Train Loss: 0.445 --- Reconstruction Loss: 0.433 --- KL Loss: 19.370 --- Beta: 0.000640
	Validity: 0.59% --- Uniquene@1000: 0.89% --- Unique@10000: 0.59%

{'valid': 0.5487666666666666, 'unique@1000': 0.929, 'unique@10000': 0.682, 'FCD/Test': 22.420083715494982, 'SNN/Test': 0.5857766572842439, 'Frag/Test': 0.8653259762087986, 'Scaf/Test': 0.2865661759059651, 'FCD/TestSF': 23.80714459542328, 'SNN/TestSF': 0.49988568467973094, 'Frag/TestSF': 0.8516853053066438, 'Scaf/TestSF': 0.02036790797607102, 'IntDiv': 0.7791390598984622, 'IntDiv2': 0.7661313487894139, 'Filters': 0.9852396282573043, 'logP': 0.3488018821808895, 'SA': 0.2364181094140175, 'QED': 0.10553061564986153, 'weight': 11.092910856103172, 'Novelty': 0.959563283461383}
Epoch: 35:
	Train Loss: 0.443 --- Reconstruction Loss: 0.429 --- KL Loss: 16.731 --- Beta: 0.000820
	Validity: 0.55% --- Uniquene@1000: 0.93% --- Unique@10000: 0.68%

{'valid': 0.5151, 'unique@1000': 0.921, 'unique@10000': 0.708, 'FCD/Test': 17.16074190411244, 'SNN/Test': 0.587008752011253, 'Frag/Test': 0.8866907213424492, 'Scaf/Test': 0.305352963608718, 'FCD/TestSF': 18.230130986937077, 'SNN/TestSF': 0.5153034937639788, 'Frag/TestSF': 0.8742468778215279, 'Scaf/TestSF': 0.044048787279162505, 'IntDiv': 0.8017534153091637, 'IntDiv2': 0.7895958652666577, 'Filters': 0.9763152785866822, 'logP': 0.3709180924904805, 'SA': 0.23452236608419774, 'QED': 0.06547191955732286, 'weight': 15.247228319341442, 'Novelty': 0.9383308345827086}
Epoch: 36:
	Train Loss: 0.440 --- Reconstruction Loss: 0.425 --- KL Loss: 14.871 --- Beta: 0.001000
	Validity: 0.52% --- Uniquene@1000: 0.92% --- Unique@10000: 0.71%

{'valid': 0.5990666666666666, 'unique@1000': 0.928, 'unique@10000': 0.7127, 'FCD/Test': 16.420008626660497, 'SNN/Test': 0.5949959526915951, 'Frag/Test': 0.9072361574047307, 'Scaf/Test': 0.3257524618141968, 'FCD/TestSF': 17.416295844698, 'SNN/TestSF': 0.5312187639855872, 'Frag/TestSF': 0.8981481703207846, 'Scaf/TestSF': 0.03226657800853072, 'IntDiv': 0.807705759129679, 'IntDiv2': 0.7959455259786716, 'Filters': 0.9779100823503227, 'logP': 0.44320985071101265, 'SA': 0.266988521882944, 'QED': 0.03653515879177593, 'weight': 11.358370687208122, 'Novelty': 0.9363494268843349}
Epoch: 37:
	Train Loss: 0.434 --- Reconstruction Loss: 0.419 --- KL Loss: 14.359 --- Beta: 0.001000
	Validity: 0.60% --- Uniquene@1000: 0.93% --- Unique@10000: 0.71%

{'valid': 0.6101666666666667, 'unique@1000': 0.94, 'unique@10000': 0.7565, 'FCD/Test': 17.215876984188967, 'SNN/Test': 0.5955666206030206, 'Frag/Test': 0.8992880814546911, 'Scaf/Test': 0.38335563484767654, 'FCD/TestSF': 18.07067092420236, 'SNN/TestSF': 0.5372837414061948, 'Frag/TestSF': 0.8895439667118828, 'Scaf/TestSF': 0.07565450745904234, 'IntDiv': 0.8061704169595675, 'IntDiv2': 0.7949422704875737, 'Filters': 0.9732313575525813, 'logP': 0.2637505885767618, 'SA': 0.28101182276162473, 'QED': 0.04753621889978246, 'weight': 12.005010086249264, 'Novelty': 0.9257856567284448}
Epoch: 38:
	Train Loss: 0.428 --- Reconstruction Loss: 0.414 --- KL Loss: 14.084 --- Beta: 0.001000
	Validity: 0.61% --- Uniquene@1000: 0.94% --- Unique@10000: 0.76%

{'valid': 0.5523, 'unique@1000': 0.937, 'unique@10000': 0.7466, 'FCD/Test': 16.150107150335863, 'SNN/Test': 0.5953080048888599, 'Frag/Test': 0.8977214165901515, 'Scaf/Test': 0.29363514321458917, 'FCD/TestSF': 17.009191735502746, 'SNN/TestSF': 0.5366826022278889, 'Frag/TestSF': 0.8898951320331678, 'Scaf/TestSF': 0.039356981650700784, 'IntDiv': 0.8061865783067796, 'IntDiv2': 0.7948232347569022, 'Filters': 0.9721166032953105, 'logP': 0.32518504779920115, 'SA': 0.25909338063941034, 'QED': 0.03609981670986601, 'weight': 9.569538933129126, 'Novelty': 0.933182135380321}
Epoch: 39:
	Train Loss: 0.424 --- Reconstruction Loss: 0.410 --- KL Loss: 13.851 --- Beta: 0.001000
	Validity: 0.55% --- Uniquene@1000: 0.94% --- Unique@10000: 0.75%

{'valid': 0.5125, 'unique@1000': 0.953, 'unique@10000': 0.7626, 'FCD/Test': 16.987977640837542, 'SNN/Test': 0.5849950526477845, 'Frag/Test': 0.8965753700010989, 'Scaf/Test': 0.3665638591878908, 'FCD/TestSF': 17.513512087421795, 'SNN/TestSF': 0.5325705632804855, 'Frag/TestSF': 0.889291174961366, 'Scaf/TestSF': 0.042294492111736415, 'IntDiv': 0.8186829992224988, 'IntDiv2': 0.8069789076234055, 'Filters': 0.975349593495935, 'logP': 0.4846956911397917, 'SA': 0.23162555442497954, 'QED': 0.032466531191563536, 'weight': 8.82071592011158, 'Novelty': 0.9394077865106928}
Epoch: 40:
	Train Loss: 0.419 --- Reconstruction Loss: 0.405 --- KL Loss: 13.730 --- Beta: 0.001000
	Validity: 0.51% --- Uniquene@1000: 0.95% --- Unique@10000: 0.76%

{'valid': 0.48506666666666665, 'unique@1000': 0.934, 'unique@10000': 0.7614, 'FCD/Test': 16.023899938052296, 'SNN/Test': 0.5630182903966549, 'Frag/Test': 0.9275821873334296, 'Scaf/Test': 0.281763942785796, 'FCD/TestSF': 16.925438792107585, 'SNN/TestSF': 0.5004849832488604, 'Frag/TestSF': 0.9213440439363787, 'Scaf/TestSF': 0.02127378269973834, 'IntDiv': 0.8247559560723687, 'IntDiv2': 0.8141368754368348, 'Filters': 0.9587685541506322, 'logP': 0.36008676056355154, 'SA': 0.13972169515025845, 'QED': 0.02397866978650769, 'weight': 16.681356338031534, 'Novelty': 0.9395393474088292}
Epoch: 41:
	Train Loss: 0.399 --- Reconstruction Loss: 0.396 --- KL Loss: 28.829 --- Beta: 0.000100
	Validity: 0.49% --- Uniquene@1000: 0.93% --- Unique@10000: 0.76%

{'valid': 0.4952333333333333, 'unique@1000': 0.946, 'unique@10000': 0.7912, 'FCD/Test': 16.424883707456935, 'SNN/Test': 0.569926248503147, 'Frag/Test': 0.9140618642294185, 'Scaf/Test': 0.3026524278092929, 'FCD/TestSF': 17.443502683773325, 'SNN/TestSF': 0.5065464848328898, 'Frag/TestSF': 0.905265082865441, 'Scaf/TestSF': 0.051105184820711136, 'IntDiv': 0.8111812513092332, 'IntDiv2': 0.8017793143920028, 'Filters': 0.9746247560072693, 'logP': 0.32053653513204994, 'SA': 0.1664969655141471, 'QED': 0.04209403158293272, 'weight': 13.461071594859392, 'Novelty': 0.9427797833935018}
Epoch: 42:
	Train Loss: 0.398 --- Reconstruction Loss: 0.392 --- KL Loss: 24.465 --- Beta: 0.000280
	Validity: 0.50% --- Uniquene@1000: 0.95% --- Unique@10000: 0.79%

{'valid': 0.4754666666666667, 'unique@1000': 0.957, 'unique@10000': 0.7841, 'FCD/Test': 17.70123770769918, 'SNN/Test': 0.5718901287210636, 'Frag/Test': 0.9061489580015276, 'Scaf/Test': 0.3270666604133259, 'FCD/TestSF': 18.801208404544447, 'SNN/TestSF': 0.5066661664864035, 'Frag/TestSF': 0.8972277232291387, 'Scaf/TestSF': 0.038618546623069405, 'IntDiv': 0.8114510544424945, 'IntDiv2': 0.8006000058615614, 'Filters': 0.9788278182837914, 'logP': 0.3303347992061727, 'SA': 0.1597325163100473, 'QED': 0.044262699276424976, 'weight': 11.30688406225324, 'Novelty': 0.941015218829757}
Epoch: 43:
	Train Loss: 0.398 --- Reconstruction Loss: 0.388 --- KL Loss: 20.490 --- Beta: 0.000460
	Validity: 0.48% --- Uniquene@1000: 0.96% --- Unique@10000: 0.78%

{'valid': 0.5108666666666667, 'unique@1000': 0.971, 'unique@10000': 0.8217, 'FCD/Test': 15.244406067335149, 'SNN/Test': 0.5756539147836754, 'Frag/Test': 0.9110059329341337, 'Scaf/Test': 0.3757192053211572, 'FCD/TestSF': 16.039260756658464, 'SNN/TestSF': 0.5249604447386866, 'Frag/TestSF': 0.9021709627874941, 'Scaf/TestSF': 0.055134559669389516, 'IntDiv': 0.8210443958298949, 'IntDiv2': 0.810366220262704, 'Filters': 0.970442385488712, 'logP': 0.20602291377906276, 'SA': 0.16916903164644537, 'QED': 0.02605214456757998, 'weight': 16.574987073327755, 'Novelty': 0.9319601553266925}
Epoch: 44:
	Train Loss: 0.397 --- Reconstruction Loss: 0.386 --- KL Loss: 17.647 --- Beta: 0.000640
	Validity: 0.51% --- Uniquene@1000: 0.97% --- Unique@10000: 0.82%

{'valid': 0.47050000000000003, 'unique@1000': 0.958, 'unique@10000': 0.8165, 'FCD/Test': 14.817807789741778, 'SNN/Test': 0.5683085890777813, 'Frag/Test': 0.9062781258704011, 'Scaf/Test': 0.2884132221771212, 'FCD/TestSF': 15.494302068275282, 'SNN/TestSF': 0.5118459103855308, 'Frag/TestSF': 0.8985537204866124, 'Scaf/TestSF': 0.05403973455379196, 'IntDiv': 0.8256517913341637, 'IntDiv2': 0.815372533549501, 'Filters': 0.9761955366631243, 'logP': 0.35253030835555743, 'SA': 0.15993288786053456, 'QED': 0.04044678772673774, 'weight': 12.096412679933389, 'Novelty': 0.9345523671585045}
Epoch: 45:
	Train Loss: 0.396 --- Reconstruction Loss: 0.383 --- KL Loss: 15.656 --- Beta: 0.000820
	Validity: 0.47% --- Uniquene@1000: 0.96% --- Unique@10000: 0.82%

{'valid': 0.3581333333333333, 'unique@1000': 0.975, 'unique@10000': 0.8555, 'FCD/Test': 15.836220115567741, 'SNN/Test': 0.552693950948503, 'Frag/Test': 0.8888808214756596, 'Scaf/Test': 0.22570069068829857, 'FCD/TestSF': 16.799111120721413, 'SNN/TestSF': 0.49695052618295377, 'Frag/TestSF': 0.8799657370833937, 'Scaf/TestSF': 0.02720585659963215, 'IntDiv': 0.8258347212264486, 'IntDiv2': 0.815399062361919, 'Filters': 0.9627699180938198, 'logP': 0.24175507446604208, 'SA': 0.07612131713787111, 'QED': 0.06487912548876744, 'weight': 12.554570263272103, 'Novelty': 0.9535980693286529}
Epoch: 46:
	Train Loss: 0.394 --- Reconstruction Loss: 0.380 --- KL Loss: 14.180 --- Beta: 0.001000
	Validity: 0.36% --- Uniquene@1000: 0.97% --- Unique@10000: 0.86%

{'valid': 0.4359333333333333, 'unique@1000': 0.983, 'unique@10000': 0.8845, 'FCD/Test': 15.473298153622736, 'SNN/Test': 0.5488541464871506, 'Frag/Test': 0.8905640743679987, 'Scaf/Test': 0.25966731053223246, 'FCD/TestSF': 16.479340584375194, 'SNN/TestSF': 0.48956192377228347, 'Frag/TestSF': 0.8804275884752976, 'Scaf/TestSF': 0.05171916735995574, 'IntDiv': 0.8243032299425181, 'IntDiv2': 0.8139886244023435, 'Filters': 0.9656675332619666, 'logP': 0.293406985488355, 'SA': 0.08728821490317601, 'QED': 0.06939450697229028, 'weight': 10.424579712524022, 'Novelty': 0.9520772433342192}
Epoch: 47:
	Train Loss: 0.391 --- Reconstruction Loss: 0.377 --- KL Loss: 13.889 --- Beta: 0.001000
	Validity: 0.44% --- Uniquene@1000: 0.98% --- Unique@10000: 0.88%

{'valid': 0.5435666666666666, 'unique@1000': 0.971, 'unique@10000': 0.8692, 'FCD/Test': 14.72020920684848, 'SNN/Test': 0.5577686141280648, 'Frag/Test': 0.8782788880652078, 'Scaf/Test': 0.33999420964919747, 'FCD/TestSF': 15.479667180609532, 'SNN/TestSF': 0.5119584078783493, 'Frag/TestSF': 0.8703382269777452, 'Scaf/TestSF': 0.04761595407527752, 'IntDiv': 0.8265411746362739, 'IntDiv2': 0.8156461228005609, 'Filters': 0.9634512785920157, 'logP': 0.29356743253705675, 'SA': 0.10812638562250633, 'QED': 0.053692192413832766, 'weight': 10.118207170394548, 'Novelty': 0.9498525073746312}
Epoch: 48:
	Train Loss: 0.386 --- Reconstruction Loss: 0.372 --- KL Loss: 13.855 --- Beta: 0.001000
	Validity: 0.54% --- Uniquene@1000: 0.97% --- Unique@10000: 0.87%

{'valid': 0.5079666666666667, 'unique@1000': 0.972, 'unique@10000': 0.8751, 'FCD/Test': 14.240212909641677, 'SNN/Test': 0.5481281062285335, 'Frag/Test': 0.901893457390889, 'Scaf/Test': 0.232957655281674, 'FCD/TestSF': 14.819997492238457, 'SNN/TestSF': 0.5012524112696268, 'Frag/TestSF': 0.8949760604467434, 'Scaf/TestSF': 0.04297855813019591, 'IntDiv': 0.8345649773671867, 'IntDiv2': 0.8245905313162295, 'Filters': 0.9603648533368331, 'logP': 0.2952270726845978, 'SA': 0.064799758100051, 'QED': 0.03428832868303813, 'weight': 15.281200332430538, 'Novelty': 0.9480377623468831}
Epoch: 49:
	Train Loss: 0.384 --- Reconstruction Loss: 0.370 --- KL Loss: 13.759 --- Beta: 0.001000
	Validity: 0.51% --- Uniquene@1000: 0.97% --- Unique@10000: 0.88%

{'valid': 0.6076666666666667, 'unique@1000': 0.972, 'unique@10000': 0.8784, 'FCD/Test': 14.469080706477286, 'SNN/Test': 0.5652661238023036, 'Frag/Test': 0.9119116226450077, 'Scaf/Test': 0.32657183723340233, 'FCD/TestSF': 15.216489178849244, 'SNN/TestSF': 0.5101690697403511, 'Frag/TestSF': 0.9038197403026211, 'Scaf/TestSF': 0.05098088209622764, 'IntDiv': 0.8306982168750184, 'IntDiv2': 0.8203632070530547, 'Filters': 0.9647284695556775, 'logP': 0.2201028655466702, 'SA': 0.12973091017393185, 'QED': 0.03088816740775409, 'weight': 17.915338541771945, 'Novelty': 0.9337893478549608}
Epoch: 50:
	Train Loss: 0.379 --- Reconstruction Loss: 0.366 --- KL Loss: 13.732 --- Beta: 0.001000
	Validity: 0.61% --- Uniquene@1000: 0.97% --- Unique@10000: 0.88%

{'valid': 0.5172666666666667, 'unique@1000': 0.979, 'unique@10000': 0.855, 'FCD/Test': 13.696027032088864, 'SNN/Test': 0.5605353883345543, 'Frag/Test': 0.9247511761019271, 'Scaf/Test': 0.3211716651458061, 'FCD/TestSF': 14.394194854960517, 'SNN/TestSF': 0.5094287066822093, 'Frag/TestSF': 0.9163896214281997, 'Scaf/TestSF': 0.0564973083425222, 'IntDiv': 0.8328568696049832, 'IntDiv2': 0.8231552606697431, 'Filters': 0.966554968423766, 'logP': 0.20258456376138956, 'SA': 0.12242257396615033, 'QED': 0.022245636797889524, 'weight': 21.621004980872065, 'Novelty': 0.9347136284309059}
Epoch: 51:
	Train Loss: 0.361 --- Reconstruction Loss: 0.358 --- KL Loss: 27.167 --- Beta: 0.000100
	Validity: 0.52% --- Uniquene@1000: 0.98% --- Unique@10000: 0.85%

{'valid': 0.3385666666666667, 'unique@1000': 0.969, 'unique@10000': 0.8432, 'FCD/Test': 14.776593722360062, 'SNN/Test': 0.5483468845523318, 'Frag/Test': 0.9139822133091513, 'Scaf/Test': 0.22498702104621704, 'FCD/TestSF': 15.570294089057029, 'SNN/TestSF': 0.49266637346635855, 'Frag/TestSF': 0.9035277987562828, 'Scaf/TestSF': 0.035994389422909556, 'IntDiv': 0.8290863169570117, 'IntDiv2': 0.8189310898858654, 'Filters': 0.9646549177906862, 'logP': 0.27634453176471124, 'SA': 0.04979195209297359, 'QED': 0.04525738153156803, 'weight': 15.586351578256316, 'Novelty': 0.9457246461574453}
Epoch: 52:
	Train Loss: 0.362 --- Reconstruction Loss: 0.355 --- KL Loss: 23.782 --- Beta: 0.000280
	Validity: 0.34% --- Uniquene@1000: 0.97% --- Unique@10000: 0.84%

{'valid': 0.6233333333333333, 'unique@1000': 0.982, 'unique@10000': 0.8942, 'FCD/Test': 14.076869159209352, 'SNN/Test': 0.5449456054617695, 'Frag/Test': 0.8964546959427812, 'Scaf/Test': 0.2897989112677626, 'FCD/TestSF': 14.783267270836518, 'SNN/TestSF': 0.4907008849092346, 'Frag/TestSF': 0.8881273048149748, 'Scaf/TestSF': 0.05724471233695094, 'IntDiv': 0.837402372621877, 'IntDiv2': 0.8276385112125393, 'Filters': 0.966096256684492, 'logP': 0.23941778496559443, 'SA': 0.053296972521879885, 'QED': 0.04061153275136762, 'weight': 18.364136850628995, 'Novelty': 0.9415650406504065}
Epoch: 53:
	Train Loss: 0.363 --- Reconstruction Loss: 0.353 --- KL Loss: 20.067 --- Beta: 0.000460
	Validity: 0.62% --- Uniquene@1000: 0.98% --- Unique@10000: 0.89%

{'valid': 0.5135000000000001, 'unique@1000': 0.987, 'unique@10000': 0.8987, 'FCD/Test': 13.136542258937112, 'SNN/Test': 0.5362709078375529, 'Frag/Test': 0.9129558812653238, 'Scaf/Test': 0.3148295427743607, 'FCD/TestSF': 13.703605806634151, 'SNN/TestSF': 0.49085839416484717, 'Frag/TestSF': 0.9074009223416052, 'Scaf/TestSF': 0.058730604028708555, 'IntDiv': 0.8435028534268562, 'IntDiv2': 0.833861924715118, 'Filters': 0.9593638429081467, 'logP': 0.21120669660934918, 'SA': 0.01463887241347706, 'QED': 0.021590506230322534, 'weight': 16.928717557779983, 'Novelty': 0.9411411861738022}
Epoch: 54:
	Train Loss: 0.362 --- Reconstruction Loss: 0.350 --- KL Loss: 17.682 --- Beta: 0.000640
	Validity: 0.51% --- Uniquene@1000: 0.99% --- Unique@10000: 0.90%

{'valid': 0.5063, 'unique@1000': 0.983, 'unique@10000': 0.8882, 'FCD/Test': 14.29878513073021, 'SNN/Test': 0.5411177479641583, 'Frag/Test': 0.9061210337823545, 'Scaf/Test': 0.30709223325711144, 'FCD/TestSF': 14.914871969390049, 'SNN/TestSF': 0.4917911442400273, 'Frag/TestSF': 0.89949766977492, 'Scaf/TestSF': 0.048492995783361525, 'IntDiv': 0.8406427653578618, 'IntDiv2': 0.8307432923702845, 'Filters': 0.9608269142142339, 'logP': 0.26093948810956485, 'SA': 0.05920411704153068, 'QED': 0.027309093788207648, 'weight': 18.425927207437006, 'Novelty': 0.9398148148148148}
Epoch: 55:
	Train Loss: 0.362 --- Reconstruction Loss: 0.349 --- KL Loss: 15.980 --- Beta: 0.000820
	Validity: 0.51% --- Uniquene@1000: 0.98% --- Unique@10000: 0.89%

{'valid': 0.6267, 'unique@1000': 0.983, 'unique@10000': 0.8965, 'FCD/Test': 13.838010052372361, 'SNN/Test': 0.5627642822537636, 'Frag/Test': 0.904729135601893, 'Scaf/Test': 0.44097168812073284, 'FCD/TestSF': 14.530494449191082, 'SNN/TestSF': 0.515452148801665, 'Frag/TestSF': 0.8981786741101742, 'Scaf/TestSF': 0.07349702591033758, 'IntDiv': 0.8347218506037895, 'IntDiv2': 0.8245355686507856, 'Filters': 0.9671825966703899, 'logP': 0.24916169812683767, 'SA': 0.16131566286756882, 'QED': 0.03318775088368401, 'weight': 20.21871983262969, 'Novelty': 0.9315716448032291}
Epoch: 56:
	Train Loss: 0.361 --- Reconstruction Loss: 0.346 --- KL Loss: 14.517 --- Beta: 0.001000
	Validity: 0.63% --- Uniquene@1000: 0.98% --- Unique@10000: 0.90%

{'valid': 0.492, 'unique@1000': 0.967, 'unique@10000': 0.8726, 'FCD/Test': 14.321908526424664, 'SNN/Test': 0.5563341333452602, 'Frag/Test': 0.8821323737338824, 'Scaf/Test': 0.28952719602058885, 'FCD/TestSF': 14.839495441943683, 'SNN/TestSF': 0.5127956029360856, 'Frag/TestSF': 0.8744816870445381, 'Scaf/TestSF': 0.0409127931975084, 'IntDiv': 0.835440140412216, 'IntDiv2': 0.824866294107959, 'Filters': 0.9607723577235773, 'logP': 0.2696672945659198, 'SA': 0.10359274659290453, 'QED': 0.027225495871737275, 'weight': 16.47444220902996, 'Novelty': 0.9365695792880259}
Epoch: 57:
	Train Loss: 0.358 --- Reconstruction Loss: 0.344 --- KL Loss: 14.250 --- Beta: 0.001000
	Validity: 0.49% --- Uniquene@1000: 0.97% --- Unique@10000: 0.87%

{'valid': 0.3391666666666666, 'unique@1000': 0.978, 'unique@10000': 0.8679, 'FCD/Test': 13.12816644836873, 'SNN/Test': 0.5453275936036497, 'Frag/Test': 0.9006568974724709, 'Scaf/Test': 0.275750923261593, 'FCD/TestSF': 13.745474577492011, 'SNN/TestSF': 0.5042683305494322, 'Frag/TestSF': 0.8940108184543342, 'Scaf/TestSF': 0.04664163337814797, 'IntDiv': 0.8404862093554879, 'IntDiv2': 0.8295940815632928, 'Filters': 0.9476167076167076, 'logP': 0.1516068287054257, 'SA': 0.05706406809069875, 'QED': 0.029446183396707855, 'weight': 19.3615829198473, 'Novelty': 0.937641723356009}
Epoch: 58:
	Train Loss: 0.355 --- Reconstruction Loss: 0.340 --- KL Loss: 14.124 --- Beta: 0.001000
	Validity: 0.34% --- Uniquene@1000: 0.98% --- Unique@10000: 0.87%

{'valid': 0.47886666666666666, 'unique@1000': 0.982, 'unique@10000': 0.9006, 'FCD/Test': 14.50171363544682, 'SNN/Test': 0.5408839336458345, 'Frag/Test': 0.8909419373740282, 'Scaf/Test': 0.33511822890805176, 'FCD/TestSF': 15.174720984906983, 'SNN/TestSF': 0.4936151678474122, 'Frag/TestSF': 0.8835199171861658, 'Scaf/TestSF': 0.05279021603383838, 'IntDiv': 0.8403987722391918, 'IntDiv2': 0.8301515825664245, 'Filters': 0.9632465543644717, 'logP': 0.2179031851962924, 'SA': 0.06747902655785532, 'QED': 0.039263819569940274, 'weight': 18.24383832885018, 'Novelty': 0.9404497941083307}
Epoch: 59:
	Train Loss: 0.353 --- Reconstruction Loss: 0.339 --- KL Loss: 14.088 --- Beta: 0.001000
	Validity: 0.48% --- Uniquene@1000: 0.98% --- Unique@10000: 0.90%

{'valid': 0.3843333333333333, 'unique@1000': 0.984, 'unique@10000': 0.8977, 'FCD/Test': 13.680194739404072, 'SNN/Test': 0.5293319160705118, 'Frag/Test': 0.882679542044995, 'Scaf/Test': 0.3037331715174496, 'FCD/TestSF': 14.335631786865747, 'SNN/TestSF': 0.4859641652092247, 'Frag/TestSF': 0.8765652978739616, 'Scaf/TestSF': 0.06323463658049877, 'IntDiv': 0.8507995606639494, 'IntDiv2': 0.8402119924901468, 'Filters': 0.9601040763226366, 'logP': 0.17451546099660403, 'SA': 0.03485528420462866, 'QED': 0.033506563821611705, 'weight': 19.38044682310063, 'Novelty': 0.9490483162518302}
Epoch: 60:
	Train Loss: 0.349 --- Reconstruction Loss: 0.335 --- KL Loss: 14.080 --- Beta: 0.001000
	Validity: 0.38% --- Uniquene@1000: 0.98% --- Unique@10000: 0.90%

