2024-02-15 02:31:21.034102: E external/local_xla/xla/stream_executor/cuda/cuda_dnn.cc:9261] Unable to register cuDNN factory: Attempting to register factory for plugin cuDNN when one has already been registered
2024-02-15 02:31:21.034167: E external/local_xla/xla/stream_executor/cuda/cuda_fft.cc:607] Unable to register cuFFT factory: Attempting to register factory for plugin cuFFT when one has already been registered
2024-02-15 02:31:21.035001: E external/local_xla/xla/stream_executor/cuda/cuda_blas.cc:1515] Unable to register cuBLAS factory: Attempting to register factory for plugin cuBLAS when one has already been registered
2024-02-15 02:31:21.039305: I tensorflow/core/platform/cpu_feature_guard.cc:182] This TensorFlow binary is optimized to use available CPU instructions in performance-critical operations.
To enable the following instructions: AVX2 FMA, in other operations, rebuild TensorFlow with the appropriate compiler flags.
2024-02-15 02:31:21.862719: W tensorflow/compiler/tf2tensorrt/utils/py_utils.cc:38] TF-TRT Warning: Could not find TensorRT

Arguments:
	data_path: data/moses_train.txt
	max_len: 30
	batch: 128
	d_model: 512
	d_latent: 256
	d_ff: 1024
	e_heads: 1
	d_heads: 8
	n_layers: 6
	dropout: 0.5
	lr: 0.0005
	n_epochs: 100
	kl_type: cyclic
	kl_w_start: 0.0001
	kl_w_end: 0.0005
	kl_cycle: 2
	kl_ratio: 1.0
	save_name: klcompare

Number of data: 88192

SMILES Vocab:
	 {'<START>': 0, '<END>': 1, '<PAD>': 2, 'C': 3, 'O': 4, 'c': 5, '1': 6, '(': 7, '=': 8, ')': 9, 'N': 10, 'n': 11, '2': 12, 'F': 13, 'Cl': 14, 'Br': 15, '#': 16, '3': 17, 'S': 18, 'o': 19, '-': 20, 's': 21, '[nH]': 22, '4': 23}

Graph Vocab:
	 {'C': 0, 'O': 1, 'N': 2, 'F': 3, 'Cl': 4, 'Br': 5, 'S': 6}


KL Annealer: [0.0001   0.000108 0.000116 0.000124 0.000132 0.00014  0.000148 0.000156
 0.000164 0.000172 0.00018  0.000188 0.000196 0.000204 0.000212 0.00022
 0.000228 0.000236 0.000244 0.000252 0.00026  0.000268 0.000276 0.000284
 0.000292 0.0003   0.000308 0.000316 0.000324 0.000332 0.00034  0.000348
 0.000356 0.000364 0.000372 0.00038  0.000388 0.000396 0.000404 0.000412
 0.00042  0.000428 0.000436 0.000444 0.000452 0.00046  0.000468 0.000476
 0.000484 0.000492 0.0001   0.000108 0.000116 0.000124 0.000132 0.00014
 0.000148 0.000156 0.000164 0.000172 0.00018  0.000188 0.000196 0.000204
 0.000212 0.00022  0.000228 0.000236 0.000244 0.000252 0.00026  0.000268
 0.000276 0.000284 0.000292 0.0003   0.000308 0.000316 0.000324 0.000332
 0.00034  0.000348 0.000356 0.000364 0.000372 0.00038  0.000388 0.000396
 0.000404 0.000412 0.00042  0.000428 0.000436 0.000444 0.000452 0.00046
 0.000468 0.000476 0.000484 0.000492]




#########################################################################
######################### START TRAINING ################################
#########################################################################




{'valid': 0.6029666666666667, 'unique@1000': 0.818, 'unique@10000': 0.4611, 'FCD/Test': 23.680157642704096, 'SNN/Test': 0.5817221422167492, 'Frag/Test': 0.8269037983872404, 'Scaf/Test': 0.22566936677748872, 'FCD/TestSF': 24.942184605853996, 'SNN/TestSF': 0.4927252522888083, 'Frag/TestSF': 0.8116169148100337, 'Scaf/TestSF': 0.023348950828848247, 'IntDiv': 0.7667073738308189, 'IntDiv2': 0.751021246139274, 'Filters': 0.9811487644424789, 'logP': 0.2588287905940652, 'SA': 0.1838944963457057, 'QED': 0.10462978706850554, 'weight': 8.223665497351668, 'Novelty': 0.9446733372572101}
Epoch: 31:
	Train Loss: 0.449 --- Reconstruction Loss: 0.438 --- KL Loss: 33.469 --- Beta: 0.000340
	Validity: 0.60% --- Uniquene@1000: 0.82% --- Unique@10000: 0.46%

{'valid': 0.6113, 'unique@1000': 0.879, 'unique@10000': 0.5547, 'FCD/Test': 20.082766899775137, 'SNN/Test': 0.6106614346179585, 'Frag/Test': 0.9041317159163322, 'Scaf/Test': 0.16962655440815166, 'FCD/TestSF': 21.10778798607734, 'SNN/TestSF': 0.5248147991736613, 'Frag/TestSF': 0.8934713605988499, 'Scaf/TestSF': 0.02070538875669159, 'IntDiv': 0.7873034195741868, 'IntDiv2': 0.7743237888094014, 'Filters': 0.9870767217405529, 'logP': 0.4058926895203467, 'SA': 0.24950073379446017, 'QED': 0.038265933962838214, 'weight': 11.523500392717487, 'Novelty': 0.9290881062492589}
Epoch: 32:
	Train Loss: 0.442 --- Reconstruction Loss: 0.431 --- KL Loss: 31.929 --- Beta: 0.000348
	Validity: 0.61% --- Uniquene@1000: 0.88% --- Unique@10000: 0.55%

{'valid': 0.5822, 'unique@1000': 0.905, 'unique@10000': 0.5786, 'FCD/Test': 21.526491633254125, 'SNN/Test': 0.6017622138298583, 'Frag/Test': 0.88009751909817, 'Scaf/Test': 0.2773534687584398, 'FCD/TestSF': 22.71557489212357, 'SNN/TestSF': 0.5164528579538485, 'Frag/TestSF': 0.8679369560034301, 'Scaf/TestSF': 0.034333960336479175, 'IntDiv': 0.7847222256917754, 'IntDiv2': 0.771432196421377, 'Filters': 0.9855719683957403, 'logP': 0.25221111758668063, 'SA': 0.22716591648272247, 'QED': 0.07529943164764716, 'weight': 8.091281892878895, 'Novelty': 0.9430082256169212}
Epoch: 33:
	Train Loss: 0.437 --- Reconstruction Loss: 0.426 --- KL Loss: 30.630 --- Beta: 0.000356
	Validity: 0.58% --- Uniquene@1000: 0.91% --- Unique@10000: 0.58%

{'valid': 0.5840333333333334, 'unique@1000': 0.899, 'unique@10000': 0.6317, 'FCD/Test': 22.71913384194125, 'SNN/Test': 0.584601906318043, 'Frag/Test': 0.8494269062190255, 'Scaf/Test': 0.11159891834338986, 'FCD/TestSF': 23.952498854372394, 'SNN/TestSF': 0.49636593780644944, 'Frag/TestSF': 0.8346477310523418, 'Scaf/TestSF': 0.020603483238465725, 'IntDiv': 0.7731306358779803, 'IntDiv2': 0.7593396824371821, 'Filters': 0.981450830432053, 'logP': 0.2649209521384894, 'SA': 0.16658069602440795, 'QED': 0.11096733163359077, 'weight': 6.838870416289511, 'Novelty': 0.9560323971810245}
Epoch: 34:
	Train Loss: 0.431 --- Reconstruction Loss: 0.420 --- KL Loss: 29.391 --- Beta: 0.000364
	Validity: 0.58% --- Uniquene@1000: 0.90% --- Unique@10000: 0.63%

{'valid': 0.5121, 'unique@1000': 0.889, 'unique@10000': 0.6289, 'FCD/Test': 20.494878187392644, 'SNN/Test': 0.6050499039894589, 'Frag/Test': 0.9026642955239393, 'Scaf/Test': 0.2966236822410131, 'FCD/TestSF': 21.721254482489712, 'SNN/TestSF': 0.5119989461110981, 'Frag/TestSF': 0.889879998482466, 'Scaf/TestSF': 0.017095969754293838, 'IntDiv': 0.7886798127952136, 'IntDiv2': 0.7755026485868283, 'Filters': 0.981318752847751, 'logP': 0.2639143567075098, 'SA': 0.22855193138753552, 'QED': 0.059029838930440115, 'weight': 11.155224636041087, 'Novelty': 0.9334946980175196}
Epoch: 35:
	Train Loss: 0.425 --- Reconstruction Loss: 0.414 --- KL Loss: 28.541 --- Beta: 0.000372
	Validity: 0.51% --- Uniquene@1000: 0.89% --- Unique@10000: 0.63%

{'valid': 0.40259999999999996, 'unique@1000': 0.89, 'unique@10000': 0.6108, 'FCD/Test': 17.365053150480875, 'SNN/Test': 0.5862580192989221, 'Frag/Test': 0.933874370464081, 'Scaf/Test': 0.1332447909617822, 'FCD/TestSF': 18.234704635153967, 'SNN/TestSF': 0.5181786194320328, 'Frag/TestSF': 0.924998226741474, 'Scaf/TestSF': 0.029948742197395073, 'IntDiv': 0.8087147538990885, 'IntDiv2': 0.7959801295832523, 'Filters': 0.9743334989236628, 'logP': 0.28077962196006345, 'SA': 0.16924304394505701, 'QED': 0.030804306527998357, 'weight': 14.067790477748405, 'Novelty': 0.9297971918876755}
Epoch: 36:
	Train Loss: 0.420 --- Reconstruction Loss: 0.410 --- KL Loss: 27.398 --- Beta: 0.000380
	Validity: 0.40% --- Uniquene@1000: 0.89% --- Unique@10000: 0.61%

{'valid': 0.5698666666666667, 'unique@1000': 0.87, 'unique@10000': 0.6319, 'FCD/Test': 18.277612203966925, 'SNN/Test': 0.5946065493409161, 'Frag/Test': 0.9235031660264226, 'Scaf/Test': 0.17759273089909378, 'FCD/TestSF': 18.948132281776793, 'SNN/TestSF': 0.5284589461025215, 'Frag/TestSF': 0.9163375078928546, 'Scaf/TestSF': 0.022338592758023412, 'IntDiv': 0.8082957568047575, 'IntDiv2': 0.7959048823920336, 'Filters': 0.9702269536733739, 'logP': 0.3729254165291016, 'SA': 0.2180167330231352, 'QED': 0.025010540317154, 'weight': 16.301799015464276, 'Novelty': 0.9261435165757449}
Epoch: 37:
	Train Loss: 0.415 --- Reconstruction Loss: 0.405 --- KL Loss: 26.757 --- Beta: 0.000388
	Validity: 0.57% --- Uniquene@1000: 0.87% --- Unique@10000: 0.63%

{'valid': 0.6185666666666667, 'unique@1000': 0.919, 'unique@10000': 0.6899, 'FCD/Test': 17.448064341270225, 'SNN/Test': 0.5941384294135899, 'Frag/Test': 0.9091601769328417, 'Scaf/Test': 0.21911259421153184, 'FCD/TestSF': 18.13104769782592, 'SNN/TestSF': 0.53674626910973, 'Frag/TestSF': 0.901062419063884, 'Scaf/TestSF': 0.06280293112147528, 'IntDiv': 0.8081043867874221, 'IntDiv2': 0.7966273653568142, 'Filters': 0.980923640674678, 'logP': 0.3229380030782367, 'SA': 0.2649967019008364, 'QED': 0.023075700994642293, 'weight': 10.539028845224808, 'Novelty': 0.9224951058907279}
Epoch: 38:
	Train Loss: 0.410 --- Reconstruction Loss: 0.400 --- KL Loss: 25.995 --- Beta: 0.000396
	Validity: 0.62% --- Uniquene@1000: 0.92% --- Unique@10000: 0.69%

/home/80027464/graphvae/metrics.py:527: UserWarning: Can't compute unique@10000.gen contains only 9828 molecules
  warnings.warn(
{'valid': 0.3276, 'unique@1000': 0.944, 'unique@10000': 0.745929995929996, 'FCD/Test': 16.430534728833834, 'SNN/Test': 0.5451548054592974, 'Frag/Test': 0.9184510296760727, 'Scaf/Test': 0.12703143777177073, 'FCD/TestSF': 17.233566676237473, 'SNN/TestSF': 0.48279918046910003, 'Frag/TestSF': 0.9080189716164093, 'Scaf/TestSF': 0.02416361750641971, 'IntDiv': 0.8153529264615379, 'IntDiv2': 0.8044529639191897, 'Filters': 0.9099511599511599, 'logP': 0.38469785880668556, 'SA': 0.06982619237832731, 'QED': 0.038100818362221595, 'weight': 7.829146582599464, 'Novelty': 0.9469376619833584}
Epoch: 39:
	Train Loss: 0.406 --- Reconstruction Loss: 0.395 --- KL Loss: 25.388 --- Beta: 0.000404
	Validity: 0.33% --- Uniquene@1000: 0.94% --- Unique@10000: 0.75%

{'valid': 0.3812333333333333, 'unique@1000': 0.954, 'unique@10000': 0.7578, 'FCD/Test': 15.49281696249355, 'SNN/Test': 0.5654640642625943, 'Frag/Test': 0.9270527931020985, 'Scaf/Test': 0.2138241575277039, 'FCD/TestSF': 15.94530140065202, 'SNN/TestSF': 0.515916716217828, 'Frag/TestSF': 0.9196658576729003, 'Scaf/TestSF': 0.03593643632664856, 'IntDiv': 0.8187804299438708, 'IntDiv2': 0.8077099353414601, 'Filters': 0.9592550494010668, 'logP': 0.4013564647961202, 'SA': 0.13327375876741654, 'QED': 0.02771665760587792, 'weight': 8.935206759227349, 'Novelty': 0.937206572769953}
Epoch: 40:
	Train Loss: 0.401 --- Reconstruction Loss: 0.391 --- KL Loss: 24.609 --- Beta: 0.000412
	Validity: 0.38% --- Uniquene@1000: 0.95% --- Unique@10000: 0.76%

{'valid': 0.4442666666666667, 'unique@1000': 0.953, 'unique@10000': 0.7995, 'FCD/Test': 15.565803731259308, 'SNN/Test': 0.5624191524731476, 'Frag/Test': 0.9159277699849204, 'Scaf/Test': 0.24707680874749094, 'FCD/TestSF': 16.41863483471184, 'SNN/TestSF': 0.4955730978254171, 'Frag/TestSF': 0.9068453231470085, 'Scaf/TestSF': 0.05556678346276711, 'IntDiv': 0.8167772823845998, 'IntDiv2': 0.8068420494292585, 'Filters': 0.9726890756302521, 'logP': 0.5008558435815832, 'SA': 0.11041824678768827, 'QED': 0.03691414507556096, 'weight': 8.671039073049977, 'Novelty': 0.9436399217221135}
Epoch: 41:
	Train Loss: 0.397 --- Reconstruction Loss: 0.387 --- KL Loss: 24.171 --- Beta: 0.000420
	Validity: 0.44% --- Uniquene@1000: 0.95% --- Unique@10000: 0.80%

{'valid': 0.5058333333333334, 'unique@1000': 0.958, 'unique@10000': 0.7503, 'FCD/Test': 15.627154073195314, 'SNN/Test': 0.5845525330118528, 'Frag/Test': 0.9427542536921997, 'Scaf/Test': 0.21949566604517634, 'FCD/TestSF': 16.11637202704786, 'SNN/TestSF': 0.5300187713025626, 'Frag/TestSF': 0.9358299710929069, 'Scaf/TestSF': 0.0640918545911866, 'IntDiv': 0.8124773950693915, 'IntDiv2': 0.8026107774376894, 'Filters': 0.9800988467874794, 'logP': 0.34261539222960397, 'SA': 0.23094250742895886, 'QED': 0.02494378991729574, 'weight': 13.28032626944353, 'Novelty': 0.924324831207802}
Epoch: 42:
	Train Loss: 0.392 --- Reconstruction Loss: 0.382 --- KL Loss: 23.545 --- Beta: 0.000428
	Validity: 0.51% --- Uniquene@1000: 0.96% --- Unique@10000: 0.75%

{'valid': 0.5763666666666667, 'unique@1000': 0.945, 'unique@10000': 0.7679, 'FCD/Test': 15.922307370429976, 'SNN/Test': 0.588954478152388, 'Frag/Test': 0.9233485349473763, 'Scaf/Test': 0.2587422386078665, 'FCD/TestSF': 16.464750165457936, 'SNN/TestSF': 0.5305751079052374, 'Frag/TestSF': 0.9161089132832958, 'Scaf/TestSF': 0.035339107170386796, 'IntDiv': 0.8103225104136556, 'IntDiv2': 0.7993794460041167, 'Filters': 0.9783124168642646, 'logP': 0.4868468138420765, 'SA': 0.22694811322541492, 'QED': 0.022449738049609286, 'weight': 10.936816227587235, 'Novelty': 0.9270336894001643}
Epoch: 43:
	Train Loss: 0.388 --- Reconstruction Loss: 0.378 --- KL Loss: 23.133 --- Beta: 0.000436
	Validity: 0.58% --- Uniquene@1000: 0.94% --- Unique@10000: 0.77%

{'valid': 0.46853333333333336, 'unique@1000': 0.958, 'unique@10000': 0.82, 'FCD/Test': 13.913879339214617, 'SNN/Test': 0.5719790006725369, 'Frag/Test': 0.9441159564676813, 'Scaf/Test': 0.31227291230438636, 'FCD/TestSF': 14.511159882961202, 'SNN/TestSF': 0.5197164365374014, 'Frag/TestSF': 0.9376806801060886, 'Scaf/TestSF': 0.07001040101358247, 'IntDiv': 0.8233589531942993, 'IntDiv2': 0.8134813139062949, 'Filters': 0.9572424587364826, 'logP': 0.3949530866303619, 'SA': 0.13810185329794722, 'QED': 0.02389575599520178, 'weight': 11.763317251677796, 'Novelty': 0.9272163443998541}
Epoch: 44:
	Train Loss: 0.384 --- Reconstruction Loss: 0.374 --- KL Loss: 22.812 --- Beta: 0.000444
	Validity: 0.47% --- Uniquene@1000: 0.96% --- Unique@10000: 0.82%

{'valid': 0.46009999999999995, 'unique@1000': 0.972, 'unique@10000': 0.8242, 'FCD/Test': 14.875751044517877, 'SNN/Test': 0.562325067734499, 'Frag/Test': 0.9083472762033834, 'Scaf/Test': 0.22940065570140544, 'FCD/TestSF': 15.615829112638998, 'SNN/TestSF': 0.5056636112058698, 'Frag/TestSF': 0.8998742375212706, 'Scaf/TestSF': 0.04022648204104862, 'IntDiv': 0.8259174504858676, 'IntDiv2': 0.81596503013834, 'Filters': 0.9552271245381438, 'logP': 0.19954445222489084, 'SA': 0.08841418353634042, 'QED': 0.025981976374488274, 'weight': 10.878435425519665, 'Novelty': 0.931797319625482}
Epoch: 45:
	Train Loss: 0.380 --- Reconstruction Loss: 0.370 --- KL Loss: 22.385 --- Beta: 0.000452
	Validity: 0.46% --- Uniquene@1000: 0.97% --- Unique@10000: 0.82%

{'valid': 0.5295000000000001, 'unique@1000': 0.972, 'unique@10000': 0.8475, 'FCD/Test': 13.89793323149621, 'SNN/Test': 0.5516359179377143, 'Frag/Test': 0.898993222981941, 'Scaf/Test': 0.24507113805373193, 'FCD/TestSF': 14.62709484603782, 'SNN/TestSF': 0.49396864167916765, 'Frag/TestSF': 0.8912552207793631, 'Scaf/TestSF': 0.05200097211080501, 'IntDiv': 0.832794952292242, 'IntDiv2': 0.8230869787288413, 'Filters': 0.9707900535096002, 'logP': 0.3062370614224322, 'SA': 0.07540924994916857, 'QED': 0.02332383862099277, 'weight': 16.663300139252076, 'Novelty': 0.9402949759444751}
Epoch: 46:
	Train Loss: 0.376 --- Reconstruction Loss: 0.366 --- KL Loss: 22.083 --- Beta: 0.000460
	Validity: 0.53% --- Uniquene@1000: 0.97% --- Unique@10000: 0.85%

{'valid': 0.5798666666666666, 'unique@1000': 0.977, 'unique@10000': 0.8524, 'FCD/Test': 14.319552036779626, 'SNN/Test': 0.5544622165752049, 'Frag/Test': 0.9136044966626606, 'Scaf/Test': 0.2656927974179246, 'FCD/TestSF': 15.198063461814115, 'SNN/TestSF': 0.4965103170150284, 'Frag/TestSF': 0.9054127310237953, 'Scaf/TestSF': 0.07175317877091336, 'IntDiv': 0.8258835882798798, 'IntDiv2': 0.8158701195281969, 'Filters': 0.9671188779029662, 'logP': 0.3342481609120193, 'SA': 0.12184900677789791, 'QED': 0.026597094769753818, 'weight': 14.64305592378445, 'Novelty': 0.9383872594941269}
Epoch: 47:
	Train Loss: 0.373 --- Reconstruction Loss: 0.363 --- KL Loss: 21.832 --- Beta: 0.000468
	Validity: 0.58% --- Uniquene@1000: 0.98% --- Unique@10000: 0.85%

{'valid': 0.6465000000000001, 'unique@1000': 0.98, 'unique@10000': 0.8639, 'FCD/Test': 14.991773938227439, 'SNN/Test': 0.5660185221268609, 'Frag/Test': 0.8994865185587783, 'Scaf/Test': 0.2510350468438376, 'FCD/TestSF': 15.682079711578751, 'SNN/TestSF': 0.5090878924025983, 'Frag/TestSF': 0.8910387116226425, 'Scaf/TestSF': 0.07304509580658147, 'IntDiv': 0.8295395867424465, 'IntDiv2': 0.818887703954861, 'Filters': 0.9737561227120392, 'logP': 0.26692295042121256, 'SA': 0.14732862670054767, 'QED': 0.03398236973652003, 'weight': 16.608996565227613, 'Novelty': 0.9256299542437327}
Epoch: 48:
	Train Loss: 0.369 --- Reconstruction Loss: 0.359 --- KL Loss: 21.543 --- Beta: 0.000476
	Validity: 0.65% --- Uniquene@1000: 0.98% --- Unique@10000: 0.86%

{'valid': 0.5573333333333333, 'unique@1000': 0.982, 'unique@10000': 0.8916, 'FCD/Test': 14.026875053825172, 'SNN/Test': 0.5457746627210287, 'Frag/Test': 0.9180515306472725, 'Scaf/Test': 0.24483348718296527, 'FCD/TestSF': 14.846081156115034, 'SNN/TestSF': 0.48976000798554226, 'Frag/TestSF': 0.9094873509126048, 'Scaf/TestSF': 0.06810141350180454, 'IntDiv': 0.8336632271825043, 'IntDiv2': 0.8241640399071022, 'Filters': 0.9651315789473685, 'logP': 0.3485012833835758, 'SA': 0.03968034974408199, 'QED': 0.03097553672657907, 'weight': 16.494769273133635, 'Novelty': 0.947524542693693}
Epoch: 49:
	Train Loss: 0.367 --- Reconstruction Loss: 0.356 --- KL Loss: 21.223 --- Beta: 0.000484
	Validity: 0.56% --- Uniquene@1000: 0.98% --- Unique@10000: 0.89%

{'valid': 0.6531, 'unique@1000': 0.982, 'unique@10000': 0.8711, 'FCD/Test': 13.269033331110968, 'SNN/Test': 0.5704762679353361, 'Frag/Test': 0.9234610976823471, 'Scaf/Test': 0.3166677351481709, 'FCD/TestSF': 14.234149601761104, 'SNN/TestSF': 0.5060100477487905, 'Frag/TestSF': 0.9140734911287801, 'Scaf/TestSF': 0.05708730535668338, 'IntDiv': 0.8280384052126959, 'IntDiv2': 0.8181144581497626, 'Filters': 0.9735619864237227, 'logP': 0.1855158107903883, 'SA': 0.12032388458432343, 'QED': 0.021357996733739643, 'weight': 18.879979066016706, 'Novelty': 0.9252419765664799}
Epoch: 50:
	Train Loss: 0.363 --- Reconstruction Loss: 0.353 --- KL Loss: 20.907 --- Beta: 0.000492
	Validity: 0.65% --- Uniquene@1000: 0.98% --- Unique@10000: 0.87%

{'valid': 0.7024666666666667, 'unique@1000': 0.979, 'unique@10000': 0.8578, 'FCD/Test': 14.063101313643699, 'SNN/Test': 0.5651843117084575, 'Frag/Test': 0.9291382609817469, 'Scaf/Test': 0.26996287052607304, 'FCD/TestSF': 14.850301429431596, 'SNN/TestSF': 0.5042479307794409, 'Frag/TestSF': 0.9201664674857553, 'Scaf/TestSF': 0.06417122786505458, 'IntDiv': 0.8315121751979571, 'IntDiv2': 0.82193497232463, 'Filters': 0.9706273132770238, 'logP': 0.1914277818809379, 'SA': 0.13151222089269402, 'QED': 0.012959151459681212, 'weight': 22.16419693154374, 'Novelty': 0.9177277179236043}
Epoch: 51:
	Train Loss: 0.351 --- Reconstruction Loss: 0.348 --- KL Loss: 32.322 --- Beta: 0.000100
	Validity: 0.70% --- Uniquene@1000: 0.98% --- Unique@10000: 0.86%

{'valid': 0.6688666666666667, 'unique@1000': 0.976, 'unique@10000': 0.8487, 'FCD/Test': 14.847165146258831, 'SNN/Test': 0.5513346256500914, 'Frag/Test': 0.9209919817720357, 'Scaf/Test': 0.197637611806193, 'FCD/TestSF': 15.860136450847236, 'SNN/TestSF': 0.4857196800019393, 'Frag/TestSF': 0.9090491876969317, 'Scaf/TestSF': 0.025202502684627648, 'IntDiv': 0.8269132420644765, 'IntDiv2': 0.8170903656202806, 'Filters': 0.9695006478620553, 'logP': 0.26739800124990154, 'SA': 0.07172280045178986, 'QED': 0.014016266739049363, 'weight': 20.844186220676306, 'Novelty': 0.9362279511533242}
Epoch: 52:
	Train Loss: 0.347 --- Reconstruction Loss: 0.343 --- KL Loss: 35.212 --- Beta: 0.000108
	Validity: 0.67% --- Uniquene@1000: 0.98% --- Unique@10000: 0.85%

{'valid': 0.5756333333333333, 'unique@1000': 0.964, 'unique@10000': 0.8195, 'FCD/Test': 14.98978832224114, 'SNN/Test': 0.5500283950364985, 'Frag/Test': 0.9214966344386556, 'Scaf/Test': 0.20814407038214422, 'FCD/TestSF': 15.837187172960206, 'SNN/TestSF': 0.4855352328115501, 'Frag/TestSF': 0.9114486140937913, 'Scaf/TestSF': 0.03858791297512154, 'IntDiv': 0.8302826789916262, 'IntDiv2': 0.8205291652537992, 'Filters': 0.9720308066477503, 'logP': 0.23511347186810344, 'SA': 0.0771217587225693, 'QED': 0.015646162220347332, 'weight': 25.707352919307713, 'Novelty': 0.9288048020667122}
Epoch: 53:
	Train Loss: 0.344 --- Reconstruction Loss: 0.340 --- KL Loss: 35.974 --- Beta: 0.000116
	Validity: 0.58% --- Uniquene@1000: 0.96% --- Unique@10000: 0.82%

{'valid': 0.5807, 'unique@1000': 0.981, 'unique@10000': 0.857, 'FCD/Test': 14.36500789968585, 'SNN/Test': 0.5282760728444635, 'Frag/Test': 0.9169096719406274, 'Scaf/Test': 0.20615118531823318, 'FCD/TestSF': 15.076834660872287, 'SNN/TestSF': 0.4753537632105415, 'Frag/TestSF': 0.9066985225260995, 'Scaf/TestSF': 0.0403471767975373, 'IntDiv': 0.8428191154155441, 'IntDiv2': 0.8330510056479477, 'Filters': 0.9608518454738534, 'logP': 0.19142744442978096, 'SA': 0.03572721067222507, 'QED': 0.0088062435145556, 'weight': 29.087414564995342, 'Novelty': 0.9456598948714307}
Epoch: 54:
	Train Loss: 0.342 --- Reconstruction Loss: 0.338 --- KL Loss: 35.958 --- Beta: 0.000124
	Validity: 0.58% --- Uniquene@1000: 0.98% --- Unique@10000: 0.86%

{'valid': 0.7027666666666667, 'unique@1000': 0.969, 'unique@10000': 0.8356, 'FCD/Test': 14.579110302228656, 'SNN/Test': 0.5489860086331234, 'Frag/Test': 0.9361034765794606, 'Scaf/Test': 0.25026354386913685, 'FCD/TestSF': 15.454116447225054, 'SNN/TestSF': 0.48800483752740537, 'Frag/TestSF': 0.9274904173716753, 'Scaf/TestSF': 0.04698305079203702, 'IntDiv': 0.8333158319357914, 'IntDiv2': 0.8239706469541822, 'Filters': 0.9671773466774178, 'logP': 0.22654281539025456, 'SA': 0.05054544079593882, 'QED': 0.010881672751953344, 'weight': 27.961937559662974, 'Novelty': 0.9313034254695202}
Epoch: 55:
	Train Loss: 0.340 --- Reconstruction Loss: 0.335 --- KL Loss: 35.970 --- Beta: 0.000132
	Validity: 0.70% --- Uniquene@1000: 0.97% --- Unique@10000: 0.84%

{'valid': 0.6012666666666666, 'unique@1000': 0.965, 'unique@10000': 0.8322, 'FCD/Test': 14.550946061582167, 'SNN/Test': 0.5338866059903904, 'Frag/Test': 0.9365997201414457, 'Scaf/Test': 0.22875423445622212, 'FCD/TestSF': 15.41188212241265, 'SNN/TestSF': 0.4742760663162923, 'Frag/TestSF': 0.9272480410014644, 'Scaf/TestSF': 0.03819991745395812, 'IntDiv': 0.8415052362159527, 'IntDiv2': 0.8319506601946465, 'Filters': 0.9715600399157335, 'logP': 0.18519158453721465, 'SA': 0.013783063366351975, 'QED': 0.006963568079651653, 'weight': 33.60144702957698, 'Novelty': 0.936054124836316}
Epoch: 56:
	Train Loss: 0.338 --- Reconstruction Loss: 0.333 --- KL Loss: 35.374 --- Beta: 0.000140
	Validity: 0.60% --- Uniquene@1000: 0.96% --- Unique@10000: 0.83%

{'valid': 0.6956666666666667, 'unique@1000': 0.976, 'unique@10000': 0.8241, 'FCD/Test': 14.642314007397808, 'SNN/Test': 0.549735288953147, 'Frag/Test': 0.9256787401846946, 'Scaf/Test': 0.23788025985073502, 'FCD/TestSF': 15.462387764952489, 'SNN/TestSF': 0.4896803799932747, 'Frag/TestSF': 0.915873909757711, 'Scaf/TestSF': 0.04707001521680054, 'IntDiv': 0.8371646013636795, 'IntDiv2': 0.8271417501132703, 'Filters': 0.9745567800670819, 'logP': 0.2552091099163076, 'SA': 0.06089303866347872, 'QED': 0.010062366938523293, 'weight': 31.80567760256955, 'Novelty': 0.9264620729588883}
Epoch: 57:
	Train Loss: 0.336 --- Reconstruction Loss: 0.331 --- KL Loss: 34.865 --- Beta: 0.000148
	Validity: 0.70% --- Uniquene@1000: 0.98% --- Unique@10000: 0.82%

{'valid': 0.6808333333333334, 'unique@1000': 0.964, 'unique@10000': 0.8552, 'FCD/Test': 14.752144685574699, 'SNN/Test': 0.5395389781237524, 'Frag/Test': 0.932478902153516, 'Scaf/Test': 0.25571271140228, 'FCD/TestSF': 15.669845467363032, 'SNN/TestSF': 0.478094213285382, 'Frag/TestSF': 0.9230377523766873, 'Scaf/TestSF': 0.03985787205084956, 'IntDiv': 0.8407300568426321, 'IntDiv2': 0.8310029942331995, 'Filters': 0.9645532435740514, 'logP': 0.18431251591023085, 'SA': 0.029659157102829823, 'QED': 0.008981546264772301, 'weight': 29.781436059895235, 'Novelty': 0.9377546542969974}
Epoch: 58:
	Train Loss: 0.334 --- Reconstruction Loss: 0.329 --- KL Loss: 34.166 --- Beta: 0.000156
	Validity: 0.68% --- Uniquene@1000: 0.96% --- Unique@10000: 0.86%

{'valid': 0.6444333333333334, 'unique@1000': 0.968, 'unique@10000': 0.8411, 'FCD/Test': 14.324028952862015, 'SNN/Test': 0.5329049152237282, 'Frag/Test': 0.9294275617277845, 'Scaf/Test': 0.21851357420619533, 'FCD/TestSF': 14.93942945624871, 'SNN/TestSF': 0.47734125697368585, 'Frag/TestSF': 0.9220345872176219, 'Scaf/TestSF': 0.06388694246548965, 'IntDiv': 0.8428666258070956, 'IntDiv2': 0.8333052752236659, 'Filters': 0.9710857083742823, 'logP': 0.2509828372205859, 'SA': 0.017876515224455332, 'QED': 0.009096259469426797, 'weight': 31.978878689529907, 'Novelty': 0.9389536821059646}
Epoch: 59:
	Train Loss: 0.332 --- Reconstruction Loss: 0.326 --- KL Loss: 33.783 --- Beta: 0.000164
	Validity: 0.64% --- Uniquene@1000: 0.97% --- Unique@10000: 0.84%

{'valid': 0.6960333333333333, 'unique@1000': 0.981, 'unique@10000': 0.8705, 'FCD/Test': 13.90581076515987, 'SNN/Test': 0.5311175279726408, 'Frag/Test': 0.9260642510096173, 'Scaf/Test': 0.22082563133893618, 'FCD/TestSF': 14.641228261699531, 'SNN/TestSF': 0.4763536648572813, 'Frag/TestSF': 0.9160898057254064, 'Scaf/TestSF': 0.04673284182958992, 'IntDiv': 0.8448950313374688, 'IntDiv2': 0.8353980966173538, 'Filters': 0.9733250323260381, 'logP': 0.16092348398143136, 'SA': 0.024028371723091305, 'QED': 0.007621208680099155, 'weight': 30.727980297810927, 'Novelty': 0.9380197427460365}
Epoch: 60:
	Train Loss: 0.329 --- Reconstruction Loss: 0.324 --- KL Loss: 33.234 --- Beta: 0.000172
	Validity: 0.70% --- Uniquene@1000: 0.98% --- Unique@10000: 0.87%

{'valid': 0.6824666666666667, 'unique@1000': 0.969, 'unique@10000': 0.847, 'FCD/Test': 14.544324439529774, 'SNN/Test': 0.5380027575158707, 'Frag/Test': 0.9422347180470664, 'Scaf/Test': 0.20077954715297885, 'FCD/TestSF': 15.41190820866835, 'SNN/TestSF': 0.4834534549015603, 'Frag/TestSF': 0.9320767440300104, 'Scaf/TestSF': 0.054282188447482005, 'IntDiv': 0.839604579203195, 'IntDiv2': 0.8297623133499212, 'Filters': 0.9573605548500538, 'logP': 0.1774097153053469, 'SA': 0.023815919682707385, 'QED': 0.007568485966100889, 'weight': 36.380831749182136, 'Novelty': 0.9340930674264007}
Epoch: 61:
	Train Loss: 0.327 --- Reconstruction Loss: 0.321 --- KL Loss: 32.699 --- Beta: 0.000180
	Validity: 0.68% --- Uniquene@1000: 0.97% --- Unique@10000: 0.85%

{'valid': 0.7210666666666667, 'unique@1000': 0.969, 'unique@10000': 0.8603, 'FCD/Test': 14.191411239386198, 'SNN/Test': 0.5363091413012965, 'Frag/Test': 0.9250420889456759, 'Scaf/Test': 0.23251077743332793, 'FCD/TestSF': 15.021811110397309, 'SNN/TestSF': 0.4773925614092753, 'Frag/TestSF': 0.9146975958229285, 'Scaf/TestSF': 0.047047631512089794, 'IntDiv': 0.8434040431993786, 'IntDiv2': 0.8338374189311917, 'Filters': 0.9682877218934911, 'logP': 0.1704678833698641, 'SA': 0.026788855634927496, 'QED': 0.007669297319751399, 'weight': 35.75396577688868, 'Novelty': 0.9367222975762222}
Epoch: 62:
	Train Loss: 0.325 --- Reconstruction Loss: 0.319 --- KL Loss: 32.116 --- Beta: 0.000188
	Validity: 0.72% --- Uniquene@1000: 0.97% --- Unique@10000: 0.86%

{'valid': 0.6973, 'unique@1000': 0.975, 'unique@10000': 0.8711, 'FCD/Test': 13.575007867116142, 'SNN/Test': 0.5368462326356367, 'Frag/Test': 0.9226991026710275, 'Scaf/Test': 0.2294196812625804, 'FCD/TestSF': 14.458865889351266, 'SNN/TestSF': 0.4811390177825138, 'Frag/TestSF': 0.9131818298058342, 'Scaf/TestSF': 0.056465315252300696, 'IntDiv': 0.8389882232468739, 'IntDiv2': 0.8296286157915215, 'Filters': 0.9701706582532625, 'logP': 0.1705575869207179, 'SA': 0.03744879845074666, 'QED': 0.010024012437089861, 'weight': 27.750154263664452, 'Novelty': 0.9350757846998449}
Epoch: 63:
	Train Loss: 0.323 --- Reconstruction Loss: 0.317 --- KL Loss: 31.821 --- Beta: 0.000196
	Validity: 0.70% --- Uniquene@1000: 0.97% --- Unique@10000: 0.87%

{'valid': 0.7319, 'unique@1000': 0.983, 'unique@10000': 0.8815, 'FCD/Test': 13.9363758985631, 'SNN/Test': 0.5375615855899563, 'Frag/Test': 0.9259806589876008, 'Scaf/Test': 0.2821051810376414, 'FCD/TestSF': 14.852619779578, 'SNN/TestSF': 0.4789181658765269, 'Frag/TestSF': 0.9164494594933811, 'Scaf/TestSF': 0.05334831148753527, 'IntDiv': 0.8427490929570313, 'IntDiv2': 0.8332430789822904, 'Filters': 0.9723550576126064, 'logP': 0.17453631034019393, 'SA': 0.015747700742387835, 'QED': 0.007414679757492598, 'weight': 32.06199679080973, 'Novelty': 0.932892356399819}
Epoch: 64:
	Train Loss: 0.322 --- Reconstruction Loss: 0.316 --- KL Loss: 31.357 --- Beta: 0.000204
	Validity: 0.73% --- Uniquene@1000: 0.98% --- Unique@10000: 0.88%

{'valid': 0.7646333333333333, 'unique@1000': 0.981, 'unique@10000': 0.8863, 'FCD/Test': 14.259353064672652, 'SNN/Test': 0.5345101054358168, 'Frag/Test': 0.9187378075098326, 'Scaf/Test': 0.23220397423362638, 'FCD/TestSF': 15.161034652988349, 'SNN/TestSF': 0.47471904569697715, 'Frag/TestSF': 0.906770136306269, 'Scaf/TestSF': 0.03036365980403999, 'IntDiv': 0.8415828085652443, 'IntDiv2': 0.831889292969644, 'Filters': 0.9753258642486595, 'logP': 0.18011476090066147, 'SA': 0.010980531426279, 'QED': 0.020091605143738315, 'weight': 30.96334886080519, 'Novelty': 0.9367893517271111}
Epoch: 65:
	Train Loss: 0.319 --- Reconstruction Loss: 0.313 --- KL Loss: 30.845 --- Beta: 0.000212
	Validity: 0.76% --- Uniquene@1000: 0.98% --- Unique@10000: 0.89%

{'valid': 0.6872, 'unique@1000': 0.986, 'unique@10000': 0.8915, 'FCD/Test': 13.632976598546648, 'SNN/Test': 0.5273435325172054, 'Frag/Test': 0.9202068823123951, 'Scaf/Test': 0.2387479626068414, 'FCD/TestSF': 14.733871409449385, 'SNN/TestSF': 0.46629874644310243, 'Frag/TestSF': 0.9093876418740511, 'Scaf/TestSF': 0.04257848102754014, 'IntDiv': 0.8432226113949335, 'IntDiv2': 0.833700736937115, 'Filters': 0.971429957314707, 'logP': 0.14985268623591722, 'SA': 0.02861866116569363, 'QED': 0.010693482472431662, 'weight': 31.82822825840883, 'Novelty': 0.9374044904196545}
Epoch: 66:
	Train Loss: 0.318 --- Reconstruction Loss: 0.311 --- KL Loss: 30.366 --- Beta: 0.000220
	Validity: 0.69% --- Uniquene@1000: 0.99% --- Unique@10000: 0.89%

{'valid': 0.729, 'unique@1000': 0.987, 'unique@10000': 0.8943, 'FCD/Test': 13.390287052008553, 'SNN/Test': 0.5336410944892164, 'Frag/Test': 0.932370964834008, 'Scaf/Test': 0.2599222844937421, 'FCD/TestSF': 14.17624431440617, 'SNN/TestSF': 0.48053657180256204, 'Frag/TestSF': 0.9243530307230943, 'Scaf/TestSF': 0.07252567563383172, 'IntDiv': 0.8454209146445542, 'IntDiv2': 0.8359152158127687, 'Filters': 0.973708276177412, 'logP': 0.23012841229320288, 'SA': 0.012407160019529885, 'QED': 0.013210911177452869, 'weight': 28.71790744260121, 'Novelty': 0.9311630495269895}
Epoch: 67:
	Train Loss: 0.317 --- Reconstruction Loss: 0.310 --- KL Loss: 29.933 --- Beta: 0.000228
	Validity: 0.73% --- Uniquene@1000: 0.99% --- Unique@10000: 0.89%

{'valid': 0.7538, 'unique@1000': 0.98, 'unique@10000': 0.8986, 'FCD/Test': 13.289934801855011, 'SNN/Test': 0.5323262532919769, 'Frag/Test': 0.923136933998731, 'Scaf/Test': 0.2525936549356843, 'FCD/TestSF': 14.168085392599963, 'SNN/TestSF': 0.473822539425649, 'Frag/TestSF': 0.9124484481711028, 'Scaf/TestSF': 0.04893676677561987, 'IntDiv': 0.8441887280253706, 'IntDiv2': 0.8347112708334, 'Filters': 0.9690015034934112, 'logP': 0.16059123918206555, 'SA': 0.022228709505464597, 'QED': 0.007739292301977101, 'weight': 29.28781907098863, 'Novelty': 0.9296916675557452}
Epoch: 68:
	Train Loss: 0.314 --- Reconstruction Loss: 0.307 --- KL Loss: 29.556 --- Beta: 0.000236
	Validity: 0.75% --- Uniquene@1000: 0.98% --- Unique@10000: 0.90%

{'valid': 0.7677333333333334, 'unique@1000': 0.989, 'unique@10000': 0.9191, 'FCD/Test': 13.649078082578377, 'SNN/Test': 0.529887207868836, 'Frag/Test': 0.9142907006812291, 'Scaf/Test': 0.2500680419367213, 'FCD/TestSF': 14.52488462292483, 'SNN/TestSF': 0.4758483926225719, 'Frag/TestSF': 0.9054172586533875, 'Scaf/TestSF': 0.051647830999622, 'IntDiv': 0.8469375109944086, 'IntDiv2': 0.8375818985032535, 'Filters': 0.968522056269538, 'logP': 0.1439247093355883, 'SA': 0.03036458705832349, 'QED': 0.014751998443080692, 'weight': 29.271637949114293, 'Novelty': 0.9420312022025085}
Epoch: 69:
	Train Loss: 0.313 --- Reconstruction Loss: 0.306 --- KL Loss: 29.062 --- Beta: 0.000244
	Validity: 0.77% --- Uniquene@1000: 0.99% --- Unique@10000: 0.92%

{'valid': 0.7167666666666667, 'unique@1000': 0.986, 'unique@10000': 0.9131, 'FCD/Test': 14.175880135743697, 'SNN/Test': 0.52376458070095, 'Frag/Test': 0.9012622412823416, 'Scaf/Test': 0.22912080105985255, 'FCD/TestSF': 15.115394449281318, 'SNN/TestSF': 0.4697495397385268, 'Frag/TestSF': 0.8906731476977405, 'Scaf/TestSF': 0.0500990918771167, 'IntDiv': 0.8490031584285409, 'IntDiv2': 0.8394287851146311, 'Filters': 0.9684695158815049, 'logP': 0.17967340059012818, 'SA': 0.03864230348008379, 'QED': 0.01518885182539917, 'weight': 35.371908235415354, 'Novelty': 0.942995854243945}
Epoch: 70:
	Train Loss: 0.312 --- Reconstruction Loss: 0.305 --- KL Loss: 28.768 --- Beta: 0.000252
	Validity: 0.72% --- Uniquene@1000: 0.99% --- Unique@10000: 0.91%

{'valid': 0.8391666666666666, 'unique@1000': 0.989, 'unique@10000': 0.9101, 'FCD/Test': 12.985741466339434, 'SNN/Test': 0.5412183674142993, 'Frag/Test': 0.9209535401581659, 'Scaf/Test': 0.32358407647153076, 'FCD/TestSF': 13.832999983530627, 'SNN/TestSF': 0.4872910836466256, 'Frag/TestSF': 0.9125284414228404, 'Scaf/TestSF': 0.07476926396092154, 'IntDiv': 0.8481962510256261, 'IntDiv2': 0.8384517468709537, 'Filters': 0.9757298907646474, 'logP': 0.20205973750331507, 'SA': 0.04290059444260185, 'QED': 0.009141888525263424, 'weight': 32.32547889838188, 'Novelty': 0.92180501286572}
Epoch: 71:
	Train Loss: 0.310 --- Reconstruction Loss: 0.302 --- KL Loss: 28.505 --- Beta: 0.000260
	Validity: 0.84% --- Uniquene@1000: 0.99% --- Unique@10000: 0.91%

{'valid': 0.7723, 'unique@1000': 0.99, 'unique@10000': 0.9092, 'FCD/Test': 13.860661005008957, 'SNN/Test': 0.5336533090861585, 'Frag/Test': 0.9137532220119874, 'Scaf/Test': 0.2934224721088248, 'FCD/TestSF': 14.873147022601593, 'SNN/TestSF': 0.475884541368149, 'Frag/TestSF': 0.9042931599369127, 'Scaf/TestSF': 0.055870747173811686, 'IntDiv': 0.8429438113332213, 'IntDiv2': 0.8334640091890674, 'Filters': 0.9764340282273728, 'logP': 0.17619685173858468, 'SA': 0.02057433735795961, 'QED': 0.015335005515050746, 'weight': 31.698367499358046, 'Novelty': 0.9331108829568788}
Epoch: 72:
	Train Loss: 0.308 --- Reconstruction Loss: 0.301 --- KL Loss: 27.936 --- Beta: 0.000268
	Validity: 0.77% --- Uniquene@1000: 0.99% --- Unique@10000: 0.91%

{'valid': 0.6835, 'unique@1000': 0.99, 'unique@10000': 0.913, 'FCD/Test': 13.675352090616613, 'SNN/Test': 0.5178355786748643, 'Frag/Test': 0.9203867534810256, 'Scaf/Test': 0.25019509417754904, 'FCD/TestSF': 14.472933385324723, 'SNN/TestSF': 0.46547568116688604, 'Frag/TestSF': 0.9111253568230951, 'Scaf/TestSF': 0.04538658117651129, 'IntDiv': 0.8495490309051357, 'IntDiv2': 0.84021701334897, 'Filters': 0.9645452328700317, 'logP': 0.14549753547620448, 'SA': 0.05901491201072914, 'QED': 0.008089718377935661, 'weight': 30.163920499593683, 'Novelty': 0.9447062162929322}
Epoch: 73:
	Train Loss: 0.307 --- Reconstruction Loss: 0.299 --- KL Loss: 27.701 --- Beta: 0.000276
	Validity: 0.68% --- Uniquene@1000: 0.99% --- Unique@10000: 0.91%

{'valid': 0.7959, 'unique@1000': 0.988, 'unique@10000': 0.9208, 'FCD/Test': 13.802942035496372, 'SNN/Test': 0.5301528681457635, 'Frag/Test': 0.9169849905294903, 'Scaf/Test': 0.277146052330866, 'FCD/TestSF': 14.598647271862369, 'SNN/TestSF': 0.4771246232150732, 'Frag/TestSF': 0.9087873469440811, 'Scaf/TestSF': 0.0675442803453743, 'IntDiv': 0.8497302297445444, 'IntDiv2': 0.8400947235324048, 'Filters': 0.9704736775976881, 'logP': 0.17991389039446498, 'SA': 0.010290139669115711, 'QED': 0.007562633601393308, 'weight': 32.99448642196135, 'Novelty': 0.9326008044736583}
Epoch: 74:
	Train Loss: 0.306 --- Reconstruction Loss: 0.298 --- KL Loss: 27.238 --- Beta: 0.000284
	Validity: 0.80% --- Uniquene@1000: 0.99% --- Unique@10000: 0.92%

{'valid': 0.8041333333333334, 'unique@1000': 0.992, 'unique@10000': 0.9269, 'FCD/Test': 12.994966308520517, 'SNN/Test': 0.5235523095086051, 'Frag/Test': 0.9276119354927209, 'Scaf/Test': 0.3142576691296224, 'FCD/TestSF': 13.90164809500731, 'SNN/TestSF': 0.47352340571919577, 'Frag/TestSF': 0.9196910523555467, 'Scaf/TestSF': 0.06988577635382553, 'IntDiv': 0.8501004317446348, 'IntDiv2': 0.8410590220188465, 'Filters': 0.9710247056872824, 'logP': 0.15813824109530097, 'SA': 0.03118842310546761, 'QED': 0.008502986899235208, 'weight': 32.84556059138907, 'Novelty': 0.9362874251497006}
Epoch: 75:
	Train Loss: 0.304 --- Reconstruction Loss: 0.296 --- KL Loss: 26.995 --- Beta: 0.000292
	Validity: 0.80% --- Uniquene@1000: 0.99% --- Unique@10000: 0.93%

{'valid': 0.6855, 'unique@1000': 0.987, 'unique@10000': 0.9253, 'FCD/Test': 12.946280614914947, 'SNN/Test': 0.5152349036184216, 'Frag/Test': 0.9295817574905653, 'Scaf/Test': 0.2660662487987747, 'FCD/TestSF': 13.73633940175987, 'SNN/TestSF': 0.46587144908912564, 'Frag/TestSF': 0.9207782531890796, 'Scaf/TestSF': 0.05009579913926898, 'IntDiv': 0.8540682661787804, 'IntDiv2': 0.8446811910873123, 'Filters': 0.9605154388524192, 'logP': 0.1590917146709731, 'SA': 0.07644629216038572, 'QED': 0.007894414674542154, 'weight': 30.00926902813375, 'Novelty': 0.9451013044684985}
Epoch: 76:
	Train Loss: 0.302 --- Reconstruction Loss: 0.294 --- KL Loss: 26.720 --- Beta: 0.000300
	Validity: 0.69% --- Uniquene@1000: 0.99% --- Unique@10000: 0.93%

{'valid': 0.7212666666666667, 'unique@1000': 0.989, 'unique@10000': 0.9387, 'FCD/Test': 13.686938186992023, 'SNN/Test': 0.503230520709075, 'Frag/Test': 0.9078447584016928, 'Scaf/Test': 0.2877501378400017, 'FCD/TestSF': 14.639297599157395, 'SNN/TestSF': 0.45116152616971983, 'Frag/TestSF': 0.899502679083051, 'Scaf/TestSF': 0.04554641492696321, 'IntDiv': 0.8572586092371624, 'IntDiv2': 0.84829020903323, 'Filters': 0.9621499214345134, 'logP': 0.2283591662347688, 'SA': 0.12006399754331241, 'QED': 0.007938941236461933, 'weight': 27.915718587388188, 'Novelty': 0.9469724485030873}
Epoch: 77:
	Train Loss: 0.300 --- Reconstruction Loss: 0.292 --- KL Loss: 26.398 --- Beta: 0.000308
	Validity: 0.72% --- Uniquene@1000: 0.99% --- Unique@10000: 0.94%

{'valid': 0.8096, 'unique@1000': 0.987, 'unique@10000': 0.9313, 'FCD/Test': 13.798799246464377, 'SNN/Test': 0.5195066419875493, 'Frag/Test': 0.9025728116019629, 'Scaf/Test': 0.28077071547145116, 'FCD/TestSF': 14.629574239170964, 'SNN/TestSF': 0.46756606757069036, 'Frag/TestSF': 0.893285348722645, 'Scaf/TestSF': 0.07173627361999779, 'IntDiv': 0.8516497333311447, 'IntDiv2': 0.8423515392058075, 'Filters': 0.9717967720685112, 'logP': 0.16196612638959057, 'SA': 0.04622379283383529, 'QED': 0.009304143517633364, 'weight': 30.311913338841403, 'Novelty': 0.9372044637790807}
Epoch: 78:
	Train Loss: 0.299 --- Reconstruction Loss: 0.291 --- KL Loss: 26.030 --- Beta: 0.000316
	Validity: 0.81% --- Uniquene@1000: 0.99% --- Unique@10000: 0.93%

{'valid': 0.7236333333333334, 'unique@1000': 0.99, 'unique@10000': 0.938, 'FCD/Test': 12.798437339632251, 'SNN/Test': 0.5182525901446234, 'Frag/Test': 0.9166896098988001, 'Scaf/Test': 0.29110030127998354, 'FCD/TestSF': 13.789174424977062, 'SNN/TestSF': 0.46820530072290456, 'Frag/TestSF': 0.9065627894025706, 'Scaf/TestSF': 0.05109185838386465, 'IntDiv': 0.8482646484690085, 'IntDiv2': 0.8393353222516755, 'Filters': 0.9628725413423004, 'logP': 0.1468133282279515, 'SA': 0.0730132426374391, 'QED': 0.013628489663090396, 'weight': 28.327842704739556, 'Novelty': 0.9401359132645121}
Epoch: 79:
	Train Loss: 0.299 --- Reconstruction Loss: 0.290 --- KL Loss: 25.858 --- Beta: 0.000324
	Validity: 0.72% --- Uniquene@1000: 0.99% --- Unique@10000: 0.94%

{'valid': 0.7693666666666666, 'unique@1000': 0.992, 'unique@10000': 0.9356, 'FCD/Test': 13.549704024260677, 'SNN/Test': 0.5191997383993092, 'Frag/Test': 0.9255585110225721, 'Scaf/Test': 0.2636297398060593, 'FCD/TestSF': 14.280924659624354, 'SNN/TestSF': 0.47256191611279647, 'Frag/TestSF': 0.9179540957442228, 'Scaf/TestSF': 0.04501534828011944, 'IntDiv': 0.8509765405726931, 'IntDiv2': 0.8418353869442703, 'Filters': 0.9707551665872363, 'logP': 0.21715935126582964, 'SA': 0.043207801526085825, 'QED': 0.010090142674226596, 'weight': 29.273255392443843, 'Novelty': 0.9380919494869772}
Epoch: 80:
	Train Loss: 0.297 --- Reconstruction Loss: 0.288 --- KL Loss: 25.655 --- Beta: 0.000332
	Validity: 0.77% --- Uniquene@1000: 0.99% --- Unique@10000: 0.94%

{'valid': 0.7186666666666667, 'unique@1000': 0.989, 'unique@10000': 0.9343, 'FCD/Test': 13.156494216597451, 'SNN/Test': 0.5235743382575893, 'Frag/Test': 0.9100438251275824, 'Scaf/Test': 0.3010609815997527, 'FCD/TestSF': 14.180534499223612, 'SNN/TestSF': 0.4702958198571802, 'Frag/TestSF': 0.9011118924939135, 'Scaf/TestSF': 0.06490864171960631, 'IntDiv': 0.8515771210777574, 'IntDiv2': 0.8423123345950283, 'Filters': 0.9588126159554731, 'logP': 0.15254480926959615, 'SA': 0.04026863278202109, 'QED': 0.010012433215947681, 'weight': 28.01743626586115, 'Novelty': 0.9359816494630383}
Epoch: 81:
	Train Loss: 0.295 --- Reconstruction Loss: 0.287 --- KL Loss: 25.339 --- Beta: 0.000340
	Validity: 0.72% --- Uniquene@1000: 0.99% --- Unique@10000: 0.93%

{'valid': 0.7939, 'unique@1000': 0.994, 'unique@10000': 0.9407, 'FCD/Test': 12.855063139342285, 'SNN/Test': 0.5285093905946573, 'Frag/Test': 0.9316915797105574, 'Scaf/Test': 0.3174165889001016, 'FCD/TestSF': 13.695563323624889, 'SNN/TestSF': 0.4760368696542232, 'Frag/TestSF': 0.923140995163217, 'Scaf/TestSF': 0.07248937528357491, 'IntDiv': 0.8500767996534994, 'IntDiv2': 0.8410625357509022, 'Filters': 0.9697694923793929, 'logP': 0.20094737324039072, 'SA': 0.012851367567706662, 'QED': 0.008847257382833418, 'weight': 26.635657258745482, 'Novelty': 0.9298877256146667}
Epoch: 82:
	Train Loss: 0.294 --- Reconstruction Loss: 0.285 --- KL Loss: 25.013 --- Beta: 0.000348
	Validity: 0.79% --- Uniquene@1000: 0.99% --- Unique@10000: 0.94%

{'valid': 0.7518, 'unique@1000': 0.992, 'unique@10000': 0.945, 'FCD/Test': 13.31404766895983, 'SNN/Test': 0.511331331994032, 'Frag/Test': 0.8992352176583087, 'Scaf/Test': 0.24328111417822784, 'FCD/TestSF': 14.242837634952274, 'SNN/TestSF': 0.4612549363224285, 'Frag/TestSF': 0.890419844936637, 'Scaf/TestSF': 0.057696374874093515, 'IntDiv': 0.8514490349291972, 'IntDiv2': 0.842495491134996, 'Filters': 0.969495433182584, 'logP': 0.22080917970508376, 'SA': 0.09656076035008251, 'QED': 0.013405291691800244, 'weight': 24.904074555753787, 'Novelty': 0.9431391905231984}
Epoch: 83:
	Train Loss: 0.293 --- Reconstruction Loss: 0.284 --- KL Loss: 24.798 --- Beta: 0.000356
	Validity: 0.75% --- Uniquene@1000: 0.99% --- Unique@10000: 0.94%

{'valid': 0.7225333333333334, 'unique@1000': 0.992, 'unique@10000': 0.9349, 'FCD/Test': 13.580698833119158, 'SNN/Test': 0.5085034070034312, 'Frag/Test': 0.9108957997792665, 'Scaf/Test': 0.22972817849280136, 'FCD/TestSF': 14.345470537143598, 'SNN/TestSF': 0.460633240885583, 'Frag/TestSF': 0.9038312893573288, 'Scaf/TestSF': 0.053323160189783225, 'IntDiv': 0.853847044741962, 'IntDiv2': 0.8447250082204244, 'Filters': 0.9629544196346189, 'logP': 0.1986233852190072, 'SA': 0.11569669454583878, 'QED': 0.009565240433560319, 'weight': 23.901622958130886, 'Novelty': 0.9430564230689152}
Epoch: 84:
	Train Loss: 0.292 --- Reconstruction Loss: 0.283 --- KL Loss: 24.542 --- Beta: 0.000364
	Validity: 0.72% --- Uniquene@1000: 0.99% --- Unique@10000: 0.93%

{'valid': 0.7505, 'unique@1000': 0.994, 'unique@10000': 0.9498, 'FCD/Test': 13.476954183452847, 'SNN/Test': 0.5098798007004637, 'Frag/Test': 0.8893888892193186, 'Scaf/Test': 0.27027181400143796, 'FCD/TestSF': 14.278797117299959, 'SNN/TestSF': 0.46279701287153957, 'Frag/TestSF': 0.8832057313719149, 'Scaf/TestSF': 0.05825178591687541, 'IntDiv': 0.8588406028054869, 'IntDiv2': 0.8495809755208166, 'Filters': 0.9695758383300023, 'logP': 0.23896406934876438, 'SA': 0.10568879194568798, 'QED': 0.010120420922920084, 'weight': 26.169066092486013, 'Novelty': 0.938719347388078}
Epoch: 85:
	Train Loss: 0.291 --- Reconstruction Loss: 0.282 --- KL Loss: 24.322 --- Beta: 0.000372
	Validity: 0.75% --- Uniquene@1000: 0.99% --- Unique@10000: 0.95%

{'valid': 0.7338333333333333, 'unique@1000': 0.994, 'unique@10000': 0.9326, 'FCD/Test': 12.76046689654573, 'SNN/Test': 0.5265898402281953, 'Frag/Test': 0.9050847107415463, 'Scaf/Test': 0.2503029694815577, 'FCD/TestSF': 13.509889853693565, 'SNN/TestSF': 0.4762073775712344, 'Frag/TestSF': 0.8957337553879074, 'Scaf/TestSF': 0.04398089641348246, 'IntDiv': 0.8537541065529624, 'IntDiv2': 0.8442691723989503, 'Filters': 0.9770156711333182, 'logP': 0.14501492247661057, 'SA': 0.007305674449518529, 'QED': 0.006795500886145684, 'weight': 31.774978129347716, 'Novelty': 0.9277015171844359}
Epoch: 86:
	Train Loss: 0.290 --- Reconstruction Loss: 0.280 --- KL Loss: 24.116 --- Beta: 0.000380
	Validity: 0.73% --- Uniquene@1000: 0.99% --- Unique@10000: 0.93%

{'valid': 0.7968999999999999, 'unique@1000': 0.99, 'unique@10000': 0.9375, 'FCD/Test': 12.638916720856173, 'SNN/Test': 0.5251012130984001, 'Frag/Test': 0.9101862189115362, 'Scaf/Test': 0.2803853933699674, 'FCD/TestSF': 13.46288603273625, 'SNN/TestSF': 0.475822806794022, 'Frag/TestSF': 0.9023402656760463, 'Scaf/TestSF': 0.04340624946237426, 'IntDiv': 0.8519239845692901, 'IntDiv2': 0.8425838850719467, 'Filters': 0.9691722089764504, 'logP': 0.30621651996058374, 'SA': 0.04253688338406047, 'QED': 0.009324169290817252, 'weight': 24.883037131275387, 'Novelty': 0.9285544177185044}
Epoch: 87:
	Train Loss: 0.288 --- Reconstruction Loss: 0.279 --- KL Loss: 23.950 --- Beta: 0.000388
	Validity: 0.80% --- Uniquene@1000: 0.99% --- Unique@10000: 0.94%

{'valid': 0.6760666666666666, 'unique@1000': 0.995, 'unique@10000': 0.9479, 'FCD/Test': 12.875755574547334, 'SNN/Test': 0.511608902969259, 'Frag/Test': 0.8964523189089588, 'Scaf/Test': 0.3293140514796755, 'FCD/TestSF': 13.889674104486488, 'SNN/TestSF': 0.46014597965757964, 'Frag/TestSF': 0.8869413789105086, 'Scaf/TestSF': 0.05406719248023306, 'IntDiv': 0.8543542644672512, 'IntDiv2': 0.8448824207214688, 'Filters': 0.9620846070407257, 'logP': 0.2022817597105883, 'SA': 0.07057136367839927, 'QED': 0.013776167512606215, 'weight': 27.422776805239867, 'Novelty': 0.941819559452292}
Epoch: 88:
	Train Loss: 0.287 --- Reconstruction Loss: 0.277 --- KL Loss: 23.681 --- Beta: 0.000396
	Validity: 0.68% --- Uniquene@1000: 0.99% --- Unique@10000: 0.95%

{'valid': 0.7982333333333334, 'unique@1000': 0.995, 'unique@10000': 0.9515, 'FCD/Test': 13.464127061495603, 'SNN/Test': 0.5167519274425292, 'Frag/Test': 0.8835329231146023, 'Scaf/Test': 0.2586961304463944, 'FCD/TestSF': 14.265336278371777, 'SNN/TestSF': 0.469133415370688, 'Frag/TestSF': 0.8750819557741796, 'Scaf/TestSF': 0.050026651553104706, 'IntDiv': 0.8558850082741071, 'IntDiv2': 0.8464891388662652, 'Filters': 0.9753204994362551, 'logP': 0.2326542677991306, 'SA': 0.041016209068421565, 'QED': 0.01252969732372902, 'weight': 27.834323059041434, 'Novelty': 0.9344941956882256}
Epoch: 89:
	Train Loss: 0.286 --- Reconstruction Loss: 0.277 --- KL Loss: 23.409 --- Beta: 0.000404
	Validity: 0.80% --- Uniquene@1000: 0.99% --- Unique@10000: 0.95%

{'valid': 0.8329, 'unique@1000': 0.999, 'unique@10000': 0.9542, 'FCD/Test': 12.931697831039031, 'SNN/Test': 0.5190722955418468, 'Frag/Test': 0.8755153542373395, 'Scaf/Test': 0.2997469118005778, 'FCD/TestSF': 13.829465351874205, 'SNN/TestSF': 0.4687117384410102, 'Frag/TestSF': 0.8672177732941709, 'Scaf/TestSF': 0.052746198642164455, 'IntDiv': 0.8576495864026215, 'IntDiv2': 0.8482544156970337, 'Filters': 0.9723856405330772, 'logP': 0.273118292171277, 'SA': 0.03509149425020917, 'QED': 0.016872273978441966, 'weight': 30.931213865952994, 'Novelty': 0.9347161281744449}
Epoch: 90:
	Train Loss: 0.285 --- Reconstruction Loss: 0.276 --- KL Loss: 23.271 --- Beta: 0.000412
	Validity: 0.83% --- Uniquene@1000: 1.00% --- Unique@10000: 0.95%

{'valid': 0.8147333333333333, 'unique@1000': 0.994, 'unique@10000': 0.9568, 'FCD/Test': 11.947575418755562, 'SNN/Test': 0.5252705897927704, 'Frag/Test': 0.9113302526497743, 'Scaf/Test': 0.3214608559168378, 'FCD/TestSF': 12.94164955225392, 'SNN/TestSF': 0.47259859616852423, 'Frag/TestSF': 0.9025124230298781, 'Scaf/TestSF': 0.05410058707929777, 'IntDiv': 0.855505047382205, 'IntDiv2': 0.846295015033488, 'Filters': 0.9745110874723836, 'logP': 0.1790158968814307, 'SA': 0.03046937431375835, 'QED': 0.008720513483159777, 'weight': 29.778181107379385, 'Novelty': 0.9337971274685817}
Epoch: 91:
	Train Loss: 0.284 --- Reconstruction Loss: 0.274 --- KL Loss: 23.018 --- Beta: 0.000420
	Validity: 0.81% --- Uniquene@1000: 0.99% --- Unique@10000: 0.96%

{'valid': 0.7543, 'unique@1000': 0.99, 'unique@10000': 0.9549, 'FCD/Test': 11.612385738458855, 'SNN/Test': 0.5106851748249304, 'Frag/Test': 0.924390629157965, 'Scaf/Test': 0.30336817496977375, 'FCD/TestSF': 12.334201489553024, 'SNN/TestSF': 0.4682509270253639, 'Frag/TestSF': 0.918200911458378, 'Scaf/TestSF': 0.060727863106980196, 'IntDiv': 0.861295660730238, 'IntDiv2': 0.8520859686250666, 'Filters': 0.963277210658889, 'logP': 0.21830457313696974, 'SA': 0.10643184045721345, 'QED': 0.007078397140333223, 'weight': 26.065948304899873, 'Novelty': 0.939055504741732}
Epoch: 92:
	Train Loss: 0.283 --- Reconstruction Loss: 0.273 --- KL Loss: 22.850 --- Beta: 0.000428
	Validity: 0.75% --- Uniquene@1000: 0.99% --- Unique@10000: 0.95%

{'valid': 0.8163666666666667, 'unique@1000': 0.997, 'unique@10000': 0.9513, 'FCD/Test': 12.719832814198142, 'SNN/Test': 0.5154816533920399, 'Frag/Test': 0.9073368025943708, 'Scaf/Test': 0.2898099134149321, 'FCD/TestSF': 13.43079838626113, 'SNN/TestSF': 0.4716570943351822, 'Frag/TestSF': 0.9008174056721137, 'Scaf/TestSF': 0.07024307051513856, 'IntDiv': 0.8587122134871001, 'IntDiv2': 0.8492833017660422, 'Filters': 0.9716630598995549, 'logP': 0.2880616056115109, 'SA': 0.03374399435327778, 'QED': 0.006996913856704163, 'weight': 27.462066840199498, 'Novelty': 0.9346065076707245}
Epoch: 93:
	Train Loss: 0.282 --- Reconstruction Loss: 0.272 --- KL Loss: 22.777 --- Beta: 0.000436
	Validity: 0.82% --- Uniquene@1000: 1.00% --- Unique@10000: 0.95%

{'valid': 0.7612666666666666, 'unique@1000': 0.993, 'unique@10000': 0.9558, 'FCD/Test': 12.663070218873628, 'SNN/Test': 0.5004860966907031, 'Frag/Test': 0.8775341032103138, 'Scaf/Test': 0.2247349919331758, 'FCD/TestSF': 13.50572969601599, 'SNN/TestSF': 0.45323783454303934, 'Frag/TestSF': 0.8693457301205243, 'Scaf/TestSF': 0.04767103092435465, 'IntDiv': 0.8586361757539722, 'IntDiv2': 0.849675611329584, 'Filters': 0.9657150363429372, 'logP': 0.31991291062329147, 'SA': 0.12878362339390417, 'QED': 0.01212072195921321, 'weight': 23.561246246021735, 'Novelty': 0.9447759056846928}
Epoch: 94:
	Train Loss: 0.281 --- Reconstruction Loss: 0.271 --- KL Loss: 22.461 --- Beta: 0.000444
	Validity: 0.76% --- Uniquene@1000: 0.99% --- Unique@10000: 0.96%

{'valid': 0.7829, 'unique@1000': 0.998, 'unique@10000': 0.9583, 'FCD/Test': 11.923415778908492, 'SNN/Test': 0.5108165764847229, 'Frag/Test': 0.8951214591590714, 'Scaf/Test': 0.26464776732087425, 'FCD/TestSF': 12.820747379562917, 'SNN/TestSF': 0.46337249338329944, 'Frag/TestSF': 0.8857674356206535, 'Scaf/TestSF': 0.05661493596946143, 'IntDiv': 0.8583814338259206, 'IntDiv2': 0.8494303477089262, 'Filters': 0.9693447439008813, 'logP': 0.1318717109601773, 'SA': 0.10036082600274857, 'QED': 0.015164253030759871, 'weight': 26.833809241588554, 'Novelty': 0.9440136619588295}
Epoch: 95:
	Train Loss: 0.280 --- Reconstruction Loss: 0.270 --- KL Loss: 22.290 --- Beta: 0.000452
	Validity: 0.78% --- Uniquene@1000: 1.00% --- Unique@10000: 0.96%

slurmstepd: error: *** JOB 8257174 ON hpctpa3pc0064 CANCELLED AT 2024-02-15T10:04:48 ***
