2024-02-15 02:31:21.222693: E external/local_xla/xla/stream_executor/cuda/cuda_dnn.cc:9261] Unable to register cuDNN factory: Attempting to register factory for plugin cuDNN when one has already been registered
2024-02-15 02:31:21.222752: E external/local_xla/xla/stream_executor/cuda/cuda_fft.cc:607] Unable to register cuFFT factory: Attempting to register factory for plugin cuFFT when one has already been registered
2024-02-15 02:31:21.223794: E external/local_xla/xla/stream_executor/cuda/cuda_blas.cc:1515] Unable to register cuBLAS factory: Attempting to register factory for plugin cuBLAS when one has already been registered
2024-02-15 02:31:21.228239: I tensorflow/core/platform/cpu_feature_guard.cc:182] This TensorFlow binary is optimized to use available CPU instructions in performance-critical operations.
To enable the following instructions: AVX2 FMA, in other operations, rebuild TensorFlow with the appropriate compiler flags.
2024-02-15 02:31:22.063956: W tensorflow/compiler/tf2tensorrt/utils/py_utils.cc:38] TF-TRT Warning: Could not find TensorRT

Arguments:
	data_path: data/moses_train.txt
	max_len: 30
	batch: 128
	d_model: 512
	d_latent: 256
	d_ff: 1024
	e_heads: 1
	d_heads: 8
	n_layers: 6
	dropout: 0.5
	lr: 0.0005
	n_epochs: 60
	kl_type: cyclic
	kl_w_start: 0.0001
	kl_w_end: 0.001
	kl_cycle: 2
	kl_ratio: 0.5
	save_name: klcompare

Number of data: 88192

SMILES Vocab:
	 {'<START>': 0, '<END>': 1, '<PAD>': 2, 'C': 3, 'O': 4, 'c': 5, '1': 6, '(': 7, '=': 8, ')': 9, 'N': 10, 'n': 11, '2': 12, 'F': 13, 'Cl': 14, 'Br': 15, '#': 16, '3': 17, 'S': 18, 'o': 19, '-': 20, 's': 21, '[nH]': 22, '4': 23}

Graph Vocab:
	 {'C': 0, 'O': 1, 'N': 2, 'F': 3, 'Cl': 4, 'Br': 5, 'S': 6}


KL Annealer: [0.0001  0.00016 0.00022 0.00028 0.00034 0.0004  0.00046 0.00052 0.00058
 0.00064 0.0007  0.00076 0.00082 0.00088 0.00094 0.001   0.001   0.001
 0.001   0.001   0.001   0.001   0.001   0.001   0.001   0.001   0.001
 0.001   0.001   0.001   0.0001  0.00016 0.00022 0.00028 0.00034 0.0004
 0.00046 0.00052 0.00058 0.00064 0.0007  0.00076 0.00082 0.00088 0.00094
 0.001   0.001   0.001   0.001   0.001   0.001   0.001   0.001   0.001
 0.001   0.001   0.001   0.001   0.001   0.001  ]




#########################################################################
######################### START TRAINING ################################
#########################################################################




{'valid': 0.4973666666666666, 'unique@1000': 0.752, 'unique@10000': 0.4175, 'FCD/Test': 22.300345991505296, 'SNN/Test': 0.6046446894770069, 'Frag/Test': 0.8704827416795465, 'Scaf/Test': 0.281846987717552, 'FCD/TestSF': 23.504919533218157, 'SNN/TestSF': 0.5187460742963238, 'Frag/TestSF': 0.8595546367911314, 'Scaf/TestSF': 0.059532915174331236, 'IntDiv': 0.7785550629287653, 'IntDiv2': 0.7615819272082848, 'Filters': 0.9850546210039541, 'logP': 0.39730902209755675, 'SA': 0.21449948037786412, 'QED': 0.08606307433690107, 'weight': 11.897533168989773, 'Novelty': 0.9411978221415608}
Epoch: 31:
	Train Loss: 0.451 --- Reconstruction Loss: 0.448 --- KL Loss: 31.889 --- Beta: 0.000100
	Validity: 0.50% --- Uniquene@1000: 0.75% --- Unique@10000: 0.42%

{'valid': 0.4191666666666667, 'unique@1000': 0.828, 'unique@10000': 0.4753, 'FCD/Test': 24.787395096157326, 'SNN/Test': 0.5790685333196022, 'Frag/Test': 0.8459527440242609, 'Scaf/Test': 0.1319467490637476, 'FCD/TestSF': 25.982528735857784, 'SNN/TestSF': 0.4935085214001995, 'Frag/TestSF': 0.8333713479668037, 'Scaf/TestSF': 0.021831664146790386, 'IntDiv': 0.7697532602671395, 'IntDiv2': 0.7546784816726709, 'Filters': 0.9911729622266402, 'logP': 0.6383843439591361, 'SA': 0.20123782608747184, 'QED': 0.06943988132516268, 'weight': 4.349956347157589, 'Novelty': 0.9509081100521489}
Epoch: 32:
	Train Loss: 0.447 --- Reconstruction Loss: 0.442 --- KL Loss: 31.364 --- Beta: 0.000160
	Validity: 0.42% --- Uniquene@1000: 0.83% --- Unique@10000: 0.48%

{'valid': 0.4384, 'unique@1000': 0.833, 'unique@10000': 0.4796, 'FCD/Test': 21.445390539375538, 'SNN/Test': 0.5888353793433168, 'Frag/Test': 0.8762617404606331, 'Scaf/Test': 0.2626766997331842, 'FCD/TestSF': 22.625424269939224, 'SNN/TestSF': 0.5049402653171687, 'Frag/TestSF': 0.8650720557040855, 'Scaf/TestSF': 0.040892396497494654, 'IntDiv': 0.7810135515569294, 'IntDiv2': 0.7666375309920421, 'Filters': 0.9733120437956204, 'logP': 0.3590311883023355, 'SA': 0.1761657248595037, 'QED': 0.04149049232123068, 'weight': 5.044070936328127, 'Novelty': 0.9392888117953165}
Epoch: 33:
	Train Loss: 0.444 --- Reconstruction Loss: 0.437 --- KL Loss: 29.069 --- Beta: 0.000220
	Validity: 0.44% --- Uniquene@1000: 0.83% --- Unique@10000: 0.48%

{'valid': 0.41656666666666664, 'unique@1000': 0.885, 'unique@10000': 0.5765, 'FCD/Test': 21.427611014509232, 'SNN/Test': 0.5738301053541874, 'Frag/Test': 0.8573559373870698, 'Scaf/Test': 0.16343928367563476, 'FCD/TestSF': 22.622764552866002, 'SNN/TestSF': 0.49417391010663164, 'Frag/TestSF': 0.8443923917439353, 'Scaf/TestSF': 0.026664247370206784, 'IntDiv': 0.7828637920386499, 'IntDiv2': 0.7691310649103458, 'Filters': 0.9839161398735696, 'logP': 0.5345063825962261, 'SA': 0.13976027469475744, 'QED': 0.06671144875755744, 'weight': 3.7844726268000426, 'Novelty': 0.956081081081081}
Epoch: 34:
	Train Loss: 0.440 --- Reconstruction Loss: 0.433 --- KL Loss: 26.393 --- Beta: 0.000280
	Validity: 0.42% --- Uniquene@1000: 0.89% --- Unique@10000: 0.58%

{'valid': 0.3942333333333333, 'unique@1000': 0.871, 'unique@10000': 0.5952, 'FCD/Test': 19.714761655649454, 'SNN/Test': 0.5681033637650249, 'Frag/Test': 0.8909199130127542, 'Scaf/Test': 0.2594533682629485, 'FCD/TestSF': 20.873957076790504, 'SNN/TestSF': 0.5008570568604089, 'Frag/TestSF': 0.8801216781899212, 'Scaf/TestSF': 0.03762974323152668, 'IntDiv': 0.8051362133464256, 'IntDiv2': 0.7908940871700423, 'Filters': 0.9722668470448973, 'logP': 0.5872410633973727, 'SA': 0.1284432886068453, 'QED': 0.03681499779632499, 'weight': 10.048068148902479, 'Novelty': 0.9423219860264606}
Epoch: 35:
	Train Loss: 0.437 --- Reconstruction Loss: 0.429 --- KL Loss: 24.123 --- Beta: 0.000340
	Validity: 0.39% --- Uniquene@1000: 0.87% --- Unique@10000: 0.60%

{'valid': 0.5893333333333333, 'unique@1000': 0.888, 'unique@10000': 0.6339, 'FCD/Test': 17.69822257084384, 'SNN/Test': 0.59212106525544, 'Frag/Test': 0.9096768617613128, 'Scaf/Test': 0.38731141200348784, 'FCD/TestSF': 18.83625259310594, 'SNN/TestSF': 0.5203483449784002, 'Frag/TestSF': 0.8990151326628972, 'Scaf/TestSF': 0.023651811057353478, 'IntDiv': 0.8065785131104267, 'IntDiv2': 0.794176185214067, 'Filters': 0.9850113122171946, 'logP': 0.3418664633700459, 'SA': 0.22007348744007013, 'QED': 0.0451354077558847, 'weight': 15.685808070106752, 'Novelty': 0.939772610877804}
Epoch: 36:
	Train Loss: 0.434 --- Reconstruction Loss: 0.425 --- KL Loss: 22.188 --- Beta: 0.000400
	Validity: 0.59% --- Uniquene@1000: 0.89% --- Unique@10000: 0.63%

{'valid': 0.5240666666666667, 'unique@1000': 0.902, 'unique@10000': 0.6613, 'FCD/Test': 19.501374598982373, 'SNN/Test': 0.5779247385813541, 'Frag/Test': 0.8881157906597391, 'Scaf/Test': 0.24413483706904127, 'FCD/TestSF': 20.547842083328717, 'SNN/TestSF': 0.5177266385736561, 'Frag/TestSF': 0.8798780694430453, 'Scaf/TestSF': 0.041852919383916776, 'IntDiv': 0.8071906693360479, 'IntDiv2': 0.7941436121676568, 'Filters': 0.9676249840987152, 'logP': 0.5418428747947811, 'SA': 0.20580400268104906, 'QED': 0.03289913164779521, 'weight': 9.029006925677583, 'Novelty': 0.9467007781686387}
Epoch: 37:
	Train Loss: 0.430 --- Reconstruction Loss: 0.421 --- KL Loss: 20.516 --- Beta: 0.000460
	Validity: 0.52% --- Uniquene@1000: 0.90% --- Unique@10000: 0.66%

{'valid': 0.4608, 'unique@1000': 0.923, 'unique@10000': 0.714, 'FCD/Test': 17.680896198063664, 'SNN/Test': 0.5752342649405667, 'Frag/Test': 0.8984222943260717, 'Scaf/Test': 0.3312239821962448, 'FCD/TestSF': 18.660642591326827, 'SNN/TestSF': 0.5063694108846701, 'Frag/TestSF': 0.888061413217596, 'Scaf/TestSF': 0.014208456238292033, 'IntDiv': 0.8125883198283492, 'IntDiv2': 0.8004586904021219, 'Filters': 0.9720052083333334, 'logP': 0.5220759355215668, 'SA': 0.2054144194522533, 'QED': 0.04626170834410254, 'weight': 10.429414364278083, 'Novelty': 0.9496107266435986}
Epoch: 38:
	Train Loss: 0.427 --- Reconstruction Loss: 0.417 --- KL Loss: 19.267 --- Beta: 0.000520
	Validity: 0.46% --- Uniquene@1000: 0.92% --- Unique@10000: 0.71%

{'valid': 0.4611666666666666, 'unique@1000': 0.952, 'unique@10000': 0.7808, 'FCD/Test': 15.40418093918813, 'SNN/Test': 0.5712588656161898, 'Frag/Test': 0.9167689712894398, 'Scaf/Test': 0.2699095746276685, 'FCD/TestSF': 16.257790160461532, 'SNN/TestSF': 0.5117174019247434, 'Frag/TestSF': 0.9057199429885371, 'Scaf/TestSF': 0.028125506681455748, 'IntDiv': 0.8116006588558466, 'IntDiv2': 0.8018729704625303, 'Filters': 0.972605710155403, 'logP': 0.366978303339765, 'SA': 0.19975170182198473, 'QED': 0.04344719056457027, 'weight': 10.62178043592566, 'Novelty': 0.9407219015944439}
Epoch: 39:
	Train Loss: 0.423 --- Reconstruction Loss: 0.412 --- KL Loss: 18.330 --- Beta: 0.000580
	Validity: 0.46% --- Uniquene@1000: 0.95% --- Unique@10000: 0.78%

{'valid': 0.5118333333333334, 'unique@1000': 0.937, 'unique@10000': 0.7418, 'FCD/Test': 15.384030377848148, 'SNN/Test': 0.5805247713061118, 'Frag/Test': 0.9040485295984257, 'Scaf/Test': 0.3755448028176235, 'FCD/TestSF': 16.015411956480335, 'SNN/TestSF': 0.5235117557129538, 'Frag/TestSF': 0.8949585089666073, 'Scaf/TestSF': 0.027604268984815383, 'IntDiv': 0.8141342081298877, 'IntDiv2': 0.8028740348834006, 'Filters': 0.9697167046564636, 'logP': 0.566062393223433, 'SA': 0.18486765956150472, 'QED': 0.03739340758325247, 'weight': 5.52491532938586, 'Novelty': 0.9465917745620716}
Epoch: 40:
	Train Loss: 0.418 --- Reconstruction Loss: 0.407 --- KL Loss: 17.237 --- Beta: 0.000640
	Validity: 0.51% --- Uniquene@1000: 0.94% --- Unique@10000: 0.74%

{'valid': 0.4146333333333333, 'unique@1000': 0.949, 'unique@10000': 0.7946, 'FCD/Test': 15.203224006688203, 'SNN/Test': 0.5638208455839708, 'Frag/Test': 0.9267356245647853, 'Scaf/Test': 0.43087135702011037, 'FCD/TestSF': 16.037587912011375, 'SNN/TestSF': 0.4996477605692491, 'Frag/TestSF': 0.9182223646598355, 'Scaf/TestSF': 0.01968150656063672, 'IntDiv': 0.819069157861464, 'IntDiv2': 0.8091944919437618, 'Filters': 0.9676822895731169, 'logP': 0.6236172059371673, 'SA': 0.14101068559066424, 'QED': 0.040971881154940076, 'weight': 6.645487688423898, 'Novelty': 0.9535102381947347}
Epoch: 41:
	Train Loss: 0.414 --- Reconstruction Loss: 0.402 --- KL Loss: 16.596 --- Beta: 0.000700
	Validity: 0.41% --- Uniquene@1000: 0.95% --- Unique@10000: 0.79%

{'valid': 0.37373333333333336, 'unique@1000': 0.953, 'unique@10000': 0.7958, 'FCD/Test': 14.955015824139586, 'SNN/Test': 0.5570955672741595, 'Frag/Test': 0.9127718614625387, 'Scaf/Test': 0.2703951333633282, 'FCD/TestSF': 15.595677310526995, 'SNN/TestSF': 0.5018144066774798, 'Frag/TestSF': 0.9046661135212641, 'Scaf/TestSF': 0.0267425944465306, 'IntDiv': 0.8209145206269586, 'IntDiv2': 0.8108683343439661, 'Filters': 0.9445237245808062, 'logP': 0.5647878908267707, 'SA': 0.1465439513822357, 'QED': 0.038855854366617225, 'weight': 10.609784212893858, 'Novelty': 0.9541211293260473}
Epoch: 42:
	Train Loss: 0.409 --- Reconstruction Loss: 0.397 --- KL Loss: 15.636 --- Beta: 0.000760
	Validity: 0.37% --- Uniquene@1000: 0.95% --- Unique@10000: 0.80%

{'valid': 0.4351666666666667, 'unique@1000': 0.968, 'unique@10000': 0.8267, 'FCD/Test': 14.130641997132898, 'SNN/Test': 0.5712906202300669, 'Frag/Test': 0.9069196827522763, 'Scaf/Test': 0.29508019650801165, 'FCD/TestSF': 14.818593467692779, 'SNN/TestSF': 0.5164100311864888, 'Frag/TestSF': 0.8989738907572329, 'Scaf/TestSF': 0.03232835471908735, 'IntDiv': 0.8214530086290839, 'IntDiv2': 0.8106672749851423, 'Filters': 0.9626196859440828, 'logP': 0.42471916010492666, 'SA': 0.1587540546360385, 'QED': 0.040861739561458645, 'weight': 8.244108398105862, 'Novelty': 0.9465040338071457}
Epoch: 43:
	Train Loss: 0.405 --- Reconstruction Loss: 0.393 --- KL Loss: 14.883 --- Beta: 0.000820
	Validity: 0.44% --- Uniquene@1000: 0.97% --- Unique@10000: 0.83%

{'valid': 0.3449, 'unique@1000': 0.982, 'unique@10000': 0.8534, 'FCD/Test': 12.935526573223932, 'SNN/Test': 0.5481980738287745, 'Frag/Test': 0.900675248257719, 'Scaf/Test': 0.28127140028058983, 'FCD/TestSF': 13.563623401936397, 'SNN/TestSF': 0.5056537812754096, 'Frag/TestSF': 0.8937598694405696, 'Scaf/TestSF': 0.0366272712965372, 'IntDiv': 0.8310784510410867, 'IntDiv2': 0.8209778403593488, 'Filters': 0.9497438871170387, 'logP': 0.4357478235713438, 'SA': 0.07144850118587456, 'QED': 0.02972423658972067, 'weight': 9.062995236861068, 'Novelty': 0.9569171308400591}
Epoch: 44:
	Train Loss: 0.402 --- Reconstruction Loss: 0.390 --- KL Loss: 14.375 --- Beta: 0.000880
	Validity: 0.34% --- Uniquene@1000: 0.98% --- Unique@10000: 0.85%

{'valid': 0.6105, 'unique@1000': 0.968, 'unique@10000': 0.8156, 'FCD/Test': 14.616797195032149, 'SNN/Test': 0.5675429752687923, 'Frag/Test': 0.8859200607681281, 'Scaf/Test': 0.30299720218793813, 'FCD/TestSF': 15.116934369765033, 'SNN/TestSF': 0.520758558532725, 'Frag/TestSF': 0.8801384564563257, 'Scaf/TestSF': 0.03805593499911719, 'IntDiv': 0.8252411214130079, 'IntDiv2': 0.8149493698171575, 'Filters': 0.9714441714441714, 'logP': 0.4179100844161519, 'SA': 0.1712014479503737, 'QED': 0.03071952649377201, 'weight': 12.790123524950818, 'Novelty': 0.941967189419672}
Epoch: 45:
	Train Loss: 0.399 --- Reconstruction Loss: 0.386 --- KL Loss: 13.894 --- Beta: 0.000940
	Validity: 0.61% --- Uniquene@1000: 0.97% --- Unique@10000: 0.82%

{'valid': 0.5003333333333333, 'unique@1000': 0.962, 'unique@10000': 0.8461, 'FCD/Test': 14.26960177165676, 'SNN/Test': 0.5476747949219878, 'Frag/Test': 0.8644665896013527, 'Scaf/Test': 0.28319149946110445, 'FCD/TestSF': 14.945758692440819, 'SNN/TestSF': 0.4975659528110601, 'Frag/TestSF': 0.85627257161357, 'Scaf/TestSF': 0.03119960643858377, 'IntDiv': 0.8301827372102468, 'IntDiv2': 0.819524677231865, 'Filters': 0.9554297135243172, 'logP': 0.5068290901418663, 'SA': 0.10256576677149408, 'QED': 0.05475631593308239, 'weight': 10.49979972158383, 'Novelty': 0.9612982744453574}
Epoch: 46:
	Train Loss: 0.395 --- Reconstruction Loss: 0.382 --- KL Loss: 13.318 --- Beta: 0.001000
	Validity: 0.50% --- Uniquene@1000: 0.96% --- Unique@10000: 0.85%

{'valid': 0.4759, 'unique@1000': 0.979, 'unique@10000': 0.856, 'FCD/Test': 14.868773298794125, 'SNN/Test': 0.5439489299982396, 'Frag/Test': 0.8838236958445165, 'Scaf/Test': 0.23047302304000195, 'FCD/TestSF': 15.59632402235713, 'SNN/TestSF': 0.4903511473552982, 'Frag/TestSF': 0.875977300131842, 'Scaf/TestSF': 0.031981193621913095, 'IntDiv': 0.8297585363099169, 'IntDiv2': 0.8190800912806937, 'Filters': 0.9672900469286264, 'logP': 0.46947570915040754, 'SA': 0.0739250842596855, 'QED': 0.05120929845600389, 'weight': 7.605771464246217, 'Novelty': 0.9596286517332425}
Epoch: 47:
	Train Loss: 0.391 --- Reconstruction Loss: 0.378 --- KL Loss: 13.244 --- Beta: 0.001000
	Validity: 0.48% --- Uniquene@1000: 0.98% --- Unique@10000: 0.86%

{'valid': 0.5126, 'unique@1000': 0.972, 'unique@10000': 0.8714, 'FCD/Test': 13.978546242392405, 'SNN/Test': 0.5521027249097437, 'Frag/Test': 0.8977820838094499, 'Scaf/Test': 0.23983409967736447, 'FCD/TestSF': 14.53732962464408, 'SNN/TestSF': 0.5059873507973323, 'Frag/TestSF': 0.8895282476901157, 'Scaf/TestSF': 0.03790926428912078, 'IntDiv': 0.8314331941987103, 'IntDiv2': 0.8210289502989512, 'Filters': 0.9553908180517623, 'logP': 0.24741314529025685, 'SA': 0.08132065534554317, 'QED': 0.05387682697001744, 'weight': 10.374354488322405, 'Novelty': 0.9537044265750644}
Epoch: 48:
	Train Loss: 0.388 --- Reconstruction Loss: 0.375 --- KL Loss: 13.196 --- Beta: 0.001000
	Validity: 0.51% --- Uniquene@1000: 0.97% --- Unique@10000: 0.87%

{'valid': 0.5476666666666667, 'unique@1000': 0.975, 'unique@10000': 0.8808, 'FCD/Test': 13.979613398834985, 'SNN/Test': 0.5406579222246706, 'Frag/Test': 0.8828619916489163, 'Scaf/Test': 0.21581008757084896, 'FCD/TestSF': 14.606290996188655, 'SNN/TestSF': 0.4936922340886809, 'Frag/TestSF': 0.8746798907624458, 'Scaf/TestSF': 0.03888279391025262, 'IntDiv': 0.8364335901576984, 'IntDiv2': 0.8264352916005234, 'Filters': 0.9713329275715156, 'logP': 0.3346845367834438, 'SA': 0.04732241549252387, 'QED': 0.044341219789285534, 'weight': 13.619081196917092, 'Novelty': 0.9529846421327152}
Epoch: 49:
	Train Loss: 0.385 --- Reconstruction Loss: 0.372 --- KL Loss: 13.117 --- Beta: 0.001000
	Validity: 0.55% --- Uniquene@1000: 0.97% --- Unique@10000: 0.88%

{'valid': 0.3892333333333333, 'unique@1000': 0.977, 'unique@10000': 0.8614, 'FCD/Test': 13.93757715646845, 'SNN/Test': 0.551289539659453, 'Frag/Test': 0.8951854060069595, 'Scaf/Test': 0.22885875696729907, 'FCD/TestSF': 14.747752678850333, 'SNN/TestSF': 0.49982280162361437, 'Frag/TestSF': 0.8861215299281935, 'Scaf/TestSF': 0.034169584811535314, 'IntDiv': 0.8285237829670891, 'IntDiv2': 0.818680692500686, 'Filters': 0.96034940481288, 'logP': 0.1937333901547547, 'SA': 0.07876417867764568, 'QED': 0.04684411989447859, 'weight': 14.406936366644173, 'Novelty': 0.9521357164495607}
Epoch: 50:
	Train Loss: 0.382 --- Reconstruction Loss: 0.369 --- KL Loss: 13.031 --- Beta: 0.001000
	Validity: 0.39% --- Uniquene@1000: 0.98% --- Unique@10000: 0.86%

{'valid': 0.5537666666666667, 'unique@1000': 0.98, 'unique@10000': 0.8649, 'FCD/Test': 15.096175226843869, 'SNN/Test': 0.55118624079287, 'Frag/Test': 0.8780971317362561, 'Scaf/Test': 0.2709406908613119, 'FCD/TestSF': 15.584269231239034, 'SNN/TestSF': 0.5069152469082627, 'Frag/TestSF': 0.872302878496261, 'Scaf/TestSF': 0.05330985533929977, 'IntDiv': 0.8348137754682101, 'IntDiv2': 0.8242773266149671, 'Filters': 0.960392463733221, 'logP': 0.2027069401256626, 'SA': 0.10422940346722004, 'QED': 0.039620006610317955, 'weight': 12.156112961875769, 'Novelty': 0.9456721239262903}
Epoch: 51:
	Train Loss: 0.378 --- Reconstruction Loss: 0.365 --- KL Loss: 12.898 --- Beta: 0.001000
	Validity: 0.55% --- Uniquene@1000: 0.98% --- Unique@10000: 0.86%

{'valid': 0.5513, 'unique@1000': 0.961, 'unique@10000': 0.8434, 'FCD/Test': 14.508893872188573, 'SNN/Test': 0.5682132627824693, 'Frag/Test': 0.8963692382125105, 'Scaf/Test': 0.25969971407327774, 'FCD/TestSF': 15.121731878831078, 'SNN/TestSF': 0.5194711233514837, 'Frag/TestSF': 0.8893010634160148, 'Scaf/TestSF': 0.03798380396328083, 'IntDiv': 0.8269971346693497, 'IntDiv2': 0.8162009523713258, 'Filters': 0.9670475844972489, 'logP': 0.25570057609219776, 'SA': 0.1593219158758295, 'QED': 0.03540967744582901, 'weight': 14.370021092616868, 'Novelty': 0.9348042595571899}
Epoch: 52:
	Train Loss: 0.375 --- Reconstruction Loss: 0.363 --- KL Loss: 12.898 --- Beta: 0.001000
	Validity: 0.55% --- Uniquene@1000: 0.96% --- Unique@10000: 0.84%

{'valid': 0.4804333333333334, 'unique@1000': 0.966, 'unique@10000': 0.8592, 'FCD/Test': 13.599158603626492, 'SNN/Test': 0.5520106813811763, 'Frag/Test': 0.8910059471554654, 'Scaf/Test': 0.19573064706479903, 'FCD/TestSF': 14.086173025120985, 'SNN/TestSF': 0.5096157819026466, 'Frag/TestSF': 0.8845381469313174, 'Scaf/TestSF': 0.052070841650178945, 'IntDiv': 0.8368928641899794, 'IntDiv2': 0.8262472981418746, 'Filters': 0.9673211683896482, 'logP': 0.11674155608733375, 'SA': 0.07305717642738552, 'QED': 0.031821997237501884, 'weight': 16.2055850071919, 'Novelty': 0.945541642154803}
Epoch: 53:
	Train Loss: 0.373 --- Reconstruction Loss: 0.360 --- KL Loss: 12.977 --- Beta: 0.001000
	Validity: 0.48% --- Uniquene@1000: 0.97% --- Unique@10000: 0.86%

{'valid': 0.6091666666666666, 'unique@1000': 0.976, 'unique@10000': 0.8858, 'FCD/Test': 13.655566177242065, 'SNN/Test': 0.5535379490594694, 'Frag/Test': 0.9047518617380506, 'Scaf/Test': 0.2884684438797349, 'FCD/TestSF': 14.311088544158636, 'SNN/TestSF': 0.5102984726339294, 'Frag/TestSF': 0.8993323667646025, 'Scaf/TestSF': 0.054940742302453716, 'IntDiv': 0.8315587451288289, 'IntDiv2': 0.8215717804466288, 'Filters': 0.9610396716826265, 'logP': 0.2450204981616906, 'SA': 0.09220210284261209, 'QED': 0.03517696232815225, 'weight': 14.346781076592825, 'Novelty': 0.9475330769732125}
Epoch: 54:
	Train Loss: 0.369 --- Reconstruction Loss: 0.356 --- KL Loss: 12.905 --- Beta: 0.001000
	Validity: 0.61% --- Uniquene@1000: 0.98% --- Unique@10000: 0.89%

/home/80027464/graphvae/metrics.py:527: UserWarning: Can't compute unique@10000.gen contains only 7586 molecules
  warnings.warn(
{'valid': 0.2528666666666667, 'unique@1000': 0.963, 'unique@10000': 0.8639599261798049, 'FCD/Test': 12.735005959393263, 'SNN/Test': 0.5255357677864896, 'Frag/Test': 0.881809006168746, 'Scaf/Test': 0.12126620465785298, 'FCD/TestSF': 13.133900467974371, 'SNN/TestSF': 0.4878487125895534, 'Frag/TestSF': 0.8758765448173069, 'Scaf/TestSF': 0.03489128904031358, 'IntDiv': 0.8447243557302844, 'IntDiv2': 0.8341962662541924, 'Filters': 0.9593988926970736, 'logP': 0.1364257033104994, 'SA': 0.10823918008191102, 'QED': 0.029212462962052, 'weight': 20.289081566129404, 'Novelty': 0.9642966127555691}
Epoch: 55:
	Train Loss: 0.367 --- Reconstruction Loss: 0.354 --- KL Loss: 12.899 --- Beta: 0.001000
	Validity: 0.25% --- Uniquene@1000: 0.96% --- Unique@10000: 0.86%

{'valid': 0.4651666666666666, 'unique@1000': 0.981, 'unique@10000': 0.8914, 'FCD/Test': 13.266983342776982, 'SNN/Test': 0.538066479955596, 'Frag/Test': 0.8942861773288545, 'Scaf/Test': 0.265561729609173, 'FCD/TestSF': 13.773121399051028, 'SNN/TestSF': 0.4999288159015144, 'Frag/TestSF': 0.889350142530235, 'Scaf/TestSF': 0.051961150244355214, 'IntDiv': 0.8439495042327221, 'IntDiv2': 0.8336155927817788, 'Filters': 0.9697599426728771, 'logP': 0.14514893195211523, 'SA': 0.04314128465328138, 'QED': 0.02956356173643649, 'weight': 19.564233323700243, 'Novelty': 0.9478347271673428}
Epoch: 56:
	Train Loss: 0.364 --- Reconstruction Loss: 0.351 --- KL Loss: 13.015 --- Beta: 0.001000
	Validity: 0.47% --- Uniquene@1000: 0.98% --- Unique@10000: 0.89%

{'valid': 0.5696666666666667, 'unique@1000': 0.97, 'unique@10000': 0.8389, 'FCD/Test': 14.659055965949591, 'SNN/Test': 0.5719743098865272, 'Frag/Test': 0.8800186329930233, 'Scaf/Test': 0.27439613824946263, 'FCD/TestSF': 15.146901162876823, 'SNN/TestSF': 0.5292950600045616, 'Frag/TestSF': 0.8736467444986274, 'Scaf/TestSF': 0.05897268486643514, 'IntDiv': 0.8265740276233569, 'IntDiv2': 0.8155260361944668, 'Filters': 0.9699824458747806, 'logP': 0.19448210267442154, 'SA': 0.15953007356762133, 'QED': 0.022786834751679835, 'weight': 17.950780483677185, 'Novelty': 0.9256064292560643}
Epoch: 57:
	Train Loss: 0.362 --- Reconstruction Loss: 0.349 --- KL Loss: 13.008 --- Beta: 0.001000
	Validity: 0.57% --- Uniquene@1000: 0.97% --- Unique@10000: 0.84%

{'valid': 0.4339666666666666, 'unique@1000': 0.981, 'unique@10000': 0.8831, 'FCD/Test': 12.721837712061145, 'SNN/Test': 0.5523834917730098, 'Frag/Test': 0.908896006225605, 'Scaf/Test': 0.28300837094053455, 'FCD/TestSF': 13.100237671752062, 'SNN/TestSF': 0.5141674749165767, 'Frag/TestSF': 0.9045479602483361, 'Scaf/TestSF': 0.05518746925536355, 'IntDiv': 0.8401616161623098, 'IntDiv2': 0.829883398792684, 'Filters': 0.9559105922113834, 'logP': 0.29158348194008776, 'SA': 0.04968070113404612, 'QED': 0.014013591170950133, 'weight': 17.933430118429794, 'Novelty': 0.9356074100463128}
Epoch: 58:
	Train Loss: 0.358 --- Reconstruction Loss: 0.345 --- KL Loss: 13.046 --- Beta: 0.001000
	Validity: 0.43% --- Uniquene@1000: 0.98% --- Unique@10000: 0.88%

/home/80027464/graphvae/metrics.py:527: UserWarning: Can't compute unique@10000.gen contains only 9654 molecules
  warnings.warn(
{'valid': 0.3218, 'unique@1000': 0.981, 'unique@10000': 0.8904081209861198, 'FCD/Test': 13.515317501804155, 'SNN/Test': 0.5235720140138274, 'Frag/Test': 0.8642677357850062, 'Scaf/Test': 0.1700551781311923, 'FCD/TestSF': 13.789083421642374, 'SNN/TestSF': 0.48691237457937797, 'Frag/TestSF': 0.859893938385787, 'Scaf/TestSF': 0.04287698379635729, 'IntDiv': 0.8469038137381046, 'IntDiv2': 0.8366794141087914, 'Filters': 0.9650921897659002, 'logP': 0.11682691127773862, 'SA': 0.049987506413310935, 'QED': 0.03709196132676786, 'weight': 17.306527093635502, 'Novelty': 0.9576547231270358}
Epoch: 59:
	Train Loss: 0.356 --- Reconstruction Loss: 0.343 --- KL Loss: 13.082 --- Beta: 0.001000
	Validity: 0.32% --- Uniquene@1000: 0.98% --- Unique@10000: 0.89%

/home/80027464/graphvae/metrics.py:527: UserWarning: Can't compute unique@10000.gen contains only 7855 molecules
  warnings.warn(
{'valid': 0.26183333333333336, 'unique@1000': 0.973, 'unique@10000': 0.8663271801400382, 'FCD/Test': 12.768340008318496, 'SNN/Test': 0.5329636502330429, 'Frag/Test': 0.8672681571815587, 'Scaf/Test': 0.1260039243329334, 'FCD/TestSF': 13.024820133589323, 'SNN/TestSF': 0.4990742635283024, 'Frag/TestSF': 0.8647169220915873, 'Scaf/TestSF': 0.04639667015046922, 'IntDiv': 0.8456198620017231, 'IntDiv2': 0.8344165171504704, 'Filters': 0.9632081476766391, 'logP': 0.171265428603456, 'SA': 0.06565076178695338, 'QED': 0.02825417260330128, 'weight': 17.421573352644053, 'Novelty': 0.9522409992652462}
Epoch: 60:
	Train Loss: 0.354 --- Reconstruction Loss: 0.341 --- KL Loss: 13.074 --- Beta: 0.001000
	Validity: 0.26% --- Uniquene@1000: 0.97% --- Unique@10000: 0.87%

