2024-02-15 02:31:21.376432: E external/local_xla/xla/stream_executor/cuda/cuda_dnn.cc:9261] Unable to register cuDNN factory: Attempting to register factory for plugin cuDNN when one has already been registered
2024-02-15 02:31:21.376512: E external/local_xla/xla/stream_executor/cuda/cuda_fft.cc:607] Unable to register cuFFT factory: Attempting to register factory for plugin cuFFT when one has already been registered
2024-02-15 02:31:21.377465: E external/local_xla/xla/stream_executor/cuda/cuda_blas.cc:1515] Unable to register cuBLAS factory: Attempting to register factory for plugin cuBLAS when one has already been registered
2024-02-15 02:31:21.382142: I tensorflow/core/platform/cpu_feature_guard.cc:182] This TensorFlow binary is optimized to use available CPU instructions in performance-critical operations.
To enable the following instructions: AVX2 FMA, in other operations, rebuild TensorFlow with the appropriate compiler flags.
2024-02-15 02:31:22.277028: W tensorflow/compiler/tf2tensorrt/utils/py_utils.cc:38] TF-TRT Warning: Could not find TensorRT

Arguments:
	data_path: data/moses_train.txt
	max_len: 30
	batch: 128
	d_model: 512
	d_latent: 256
	d_ff: 1024
	e_heads: 1
	d_heads: 8
	n_layers: 6
	dropout: 0.5
	lr: 0.0005
	n_epochs: 60
	kl_type: cyclic
	kl_w_start: 0.0001
	kl_w_end: 0.001
	kl_cycle: 4
	kl_ratio: 1.0
	save_name: klcompare

Number of data: 88192

SMILES Vocab:
	 {'<START>': 0, '<END>': 1, '<PAD>': 2, 'C': 3, 'O': 4, 'c': 5, '1': 6, '(': 7, '=': 8, ')': 9, 'N': 10, 'n': 11, '2': 12, 'F': 13, 'Cl': 14, 'Br': 15, '#': 16, '3': 17, 'S': 18, 'o': 19, '-': 20, 's': 21, '[nH]': 22, '4': 23}

Graph Vocab:
	 {'C': 0, 'O': 1, 'N': 2, 'F': 3, 'Cl': 4, 'Br': 5, 'S': 6}


KL Annealer: [0.0001  0.00016 0.00022 0.00028 0.00034 0.0004  0.00046 0.00052 0.00058
 0.00064 0.0007  0.00076 0.00082 0.00088 0.00094 0.0001  0.00016 0.00022
 0.00028 0.00034 0.0004  0.00046 0.00052 0.00058 0.00064 0.0007  0.00076
 0.00082 0.00088 0.00094 0.0001  0.00016 0.00022 0.00028 0.00034 0.0004
 0.00046 0.00052 0.00058 0.00064 0.0007  0.00076 0.00082 0.00088 0.00094
 0.0001  0.00016 0.00022 0.00028 0.00034 0.0004  0.00046 0.00052 0.00058
 0.00064 0.0007  0.00076 0.00082 0.00088 0.00094]




#########################################################################
######################### START TRAINING ################################
#########################################################################




{'valid': 0.5268666666666666, 'unique@1000': 0.768, 'unique@10000': 0.4194, 'FCD/Test': 21.367051193245032, 'SNN/Test': 0.6088480098745981, 'Frag/Test': 0.8948785992044451, 'Scaf/Test': 0.24878157271682988, 'FCD/TestSF': 22.632213038952372, 'SNN/TestSF': 0.5102418975968926, 'Frag/TestSF': 0.8816626985924529, 'Scaf/TestSF': 0.02083123431361822, 'IntDiv': 0.7766542066656396, 'IntDiv2': 0.7620662020331237, 'Filters': 0.979881057826142, 'logP': 0.2574050049113021, 'SA': 0.2116263364418693, 'QED': 0.05304194333868572, 'weight': 13.637655557014352, 'Novelty': 0.9372048277068392}
Epoch: 31:
	Train Loss: 0.446 --- Reconstruction Loss: 0.443 --- KL Loss: 35.937 --- Beta: 0.000100
	Validity: 0.53% --- Uniquene@1000: 0.77% --- Unique@10000: 0.42%

{'valid': 0.6131, 'unique@1000': 0.813, 'unique@10000': 0.4685, 'FCD/Test': 23.657193306502187, 'SNN/Test': 0.6103585957038761, 'Frag/Test': 0.8525515745292148, 'Scaf/Test': 0.16051833138724214, 'FCD/TestSF': 24.75532516993772, 'SNN/TestSF': 0.5100094168051249, 'Frag/TestSF': 0.8387496233870525, 'Scaf/TestSF': 0.037518228269482146, 'IntDiv': 0.762400465542012, 'IntDiv2': 0.7478477153243879, 'Filters': 0.9706953732398195, 'logP': 0.34134610994683984, 'SA': 0.20305121808496007, 'QED': 0.06791959948151825, 'weight': 11.377539362104162, 'Novelty': 0.9356741977262916}
Epoch: 32:
	Train Loss: 0.443 --- Reconstruction Loss: 0.437 --- KL Loss: 35.600 --- Beta: 0.000160
	Validity: 0.61% --- Uniquene@1000: 0.81% --- Unique@10000: 0.47%

{'valid': 0.3940666666666667, 'unique@1000': 0.767, 'unique@10000': 0.4578, 'FCD/Test': 19.29258381905168, 'SNN/Test': 0.5944906091744515, 'Frag/Test': 0.8963824454561311, 'Scaf/Test': 0.21112173935314538, 'FCD/TestSF': 20.135425615920482, 'SNN/TestSF': 0.5261437969348128, 'Frag/TestSF': 0.8857844784468423, 'Scaf/TestSF': 0.02883869488230617, 'IntDiv': 0.79235918833546, 'IntDiv2': 0.7785067566255409, 'Filters': 0.9824056843173744, 'logP': 0.341479398434096, 'SA': 0.15720967160693813, 'QED': 0.019010291181884322, 'weight': 10.34990329578213, 'Novelty': 0.9370886566008517}
Epoch: 33:
	Train Loss: 0.440 --- Reconstruction Loss: 0.433 --- KL Loss: 33.494 --- Beta: 0.000220
	Validity: 0.39% --- Uniquene@1000: 0.77% --- Unique@10000: 0.46%

{'valid': 0.4570333333333333, 'unique@1000': 0.816, 'unique@10000': 0.5176, 'FCD/Test': 22.211609070141975, 'SNN/Test': 0.5847110375637004, 'Frag/Test': 0.8274357680921633, 'Scaf/Test': 0.1538756820039422, 'FCD/TestSF': 23.363080122643055, 'SNN/TestSF': 0.49426778684615497, 'Frag/TestSF': 0.8139192157527577, 'Scaf/TestSF': 0.01812231958161048, 'IntDiv': 0.7756601593068512, 'IntDiv2': 0.7609949027957381, 'Filters': 0.976369338487346, 'logP': 0.37516186924203654, 'SA': 0.11913810077622405, 'QED': 0.08399991426913962, 'weight': 5.483491162409319, 'Novelty': 0.9575088203712225}
Epoch: 34:
	Train Loss: 0.436 --- Reconstruction Loss: 0.427 --- KL Loss: 30.942 --- Beta: 0.000280
	Validity: 0.46% --- Uniquene@1000: 0.82% --- Unique@10000: 0.52%

{'valid': 0.4686, 'unique@1000': 0.839, 'unique@10000': 0.5572, 'FCD/Test': 22.750315152980043, 'SNN/Test': 0.5858940084489095, 'Frag/Test': 0.8648784630308104, 'Scaf/Test': 0.11671294111433106, 'FCD/TestSF': 24.023610454576428, 'SNN/TestSF': 0.49436187087484673, 'Frag/TestSF': 0.8507236840491665, 'Scaf/TestSF': 0.007846434021574145, 'IntDiv': 0.7765892866467913, 'IntDiv2': 0.7625911795175887, 'Filters': 0.9690567648314127, 'logP': 0.40340041118359865, 'SA': 0.14709890506061238, 'QED': 0.06942190699763252, 'weight': 9.348557673309182, 'Novelty': 0.9474719101123595}
Epoch: 35:
	Train Loss: 0.431 --- Reconstruction Loss: 0.422 --- KL Loss: 28.260 --- Beta: 0.000340
	Validity: 0.47% --- Uniquene@1000: 0.84% --- Unique@10000: 0.56%

{'valid': 0.5533333333333333, 'unique@1000': 0.877, 'unique@10000': 0.6077, 'FCD/Test': 17.276962388269396, 'SNN/Test': 0.5936273577378457, 'Frag/Test': 0.9193856190271754, 'Scaf/Test': 0.2262372204882619, 'FCD/TestSF': 18.34542713567683, 'SNN/TestSF': 0.5226167765376438, 'Frag/TestSF': 0.9082290355348277, 'Scaf/TestSF': 0.043046583226171053, 'IntDiv': 0.799147805797872, 'IntDiv2': 0.7881635278081286, 'Filters': 0.973132530120482, 'logP': 0.24506083676334883, 'SA': 0.21412387615136538, 'QED': 0.023858432904904022, 'weight': 19.760247985255678, 'Novelty': 0.9281981367870938}
Epoch: 36:
	Train Loss: 0.427 --- Reconstruction Loss: 0.417 --- KL Loss: 25.476 --- Beta: 0.000400
	Validity: 0.55% --- Uniquene@1000: 0.88% --- Unique@10000: 0.61%

{'valid': 0.46676666666666666, 'unique@1000': 0.908, 'unique@10000': 0.6818, 'FCD/Test': 17.23486188989601, 'SNN/Test': 0.5800910390201044, 'Frag/Test': 0.9222153719066947, 'Scaf/Test': 0.2618199457743451, 'FCD/TestSF': 18.110519323300323, 'SNN/TestSF': 0.5132971471831993, 'Frag/TestSF': 0.9127313529215675, 'Scaf/TestSF': 0.021805203580197108, 'IntDiv': 0.8090311156074264, 'IntDiv2': 0.7972470079690525, 'Filters': 0.978076126544312, 'logP': 0.6090522400157182, 'SA': 0.20167234822429003, 'QED': 0.03444652339215843, 'weight': 12.602269670724498, 'Novelty': 0.9461064425770308}
Epoch: 37:
	Train Loss: 0.423 --- Reconstruction Loss: 0.412 --- KL Loss: 23.530 --- Beta: 0.000460
	Validity: 0.47% --- Uniquene@1000: 0.91% --- Unique@10000: 0.68%

{'valid': 0.48383333333333334, 'unique@1000': 0.909, 'unique@10000': 0.7016, 'FCD/Test': 16.146939871793926, 'SNN/Test': 0.5805344854259836, 'Frag/Test': 0.9229426219605219, 'Scaf/Test': 0.19807930387887784, 'FCD/TestSF': 16.766170581863115, 'SNN/TestSF': 0.5224258780284377, 'Frag/TestSF': 0.9156046208585873, 'Scaf/TestSF': 0.03478690968296183, 'IntDiv': 0.8172356954886113, 'IntDiv2': 0.8056723178394041, 'Filters': 0.9557698932139166, 'logP': 0.4778695132350741, 'SA': 0.18376563713010696, 'QED': 0.022890150943434964, 'weight': 17.433527002215456, 'Novelty': 0.9243082794445033}
Epoch: 38:
	Train Loss: 0.419 --- Reconstruction Loss: 0.408 --- KL Loss: 21.610 --- Beta: 0.000520
	Validity: 0.48% --- Uniquene@1000: 0.91% --- Unique@10000: 0.70%

{'valid': 0.5481333333333334, 'unique@1000': 0.951, 'unique@10000': 0.7332, 'FCD/Test': 16.13677135179993, 'SNN/Test': 0.5835691058767651, 'Frag/Test': 0.921585139843264, 'Scaf/Test': 0.21710064073744872, 'FCD/TestSF': 16.889865183142895, 'SNN/TestSF': 0.5232120424670348, 'Frag/TestSF': 0.9132260185509395, 'Scaf/TestSF': 0.0350610361862872, 'IntDiv': 0.8113577899836522, 'IntDiv2': 0.8010045802126085, 'Filters': 0.9731208951593286, 'logP': 0.40857937496684893, 'SA': 0.20180543789509045, 'QED': 0.025063641613512055, 'weight': 14.984784538688974, 'Novelty': 0.9236787046302193}
Epoch: 39:
	Train Loss: 0.415 --- Reconstruction Loss: 0.403 --- KL Loss: 20.048 --- Beta: 0.000580
	Validity: 0.55% --- Uniquene@1000: 0.95% --- Unique@10000: 0.73%

{'valid': 0.49373333333333336, 'unique@1000': 0.947, 'unique@10000': 0.7788, 'FCD/Test': 14.608333572681332, 'SNN/Test': 0.5727936428793775, 'Frag/Test': 0.9117524852115952, 'Scaf/Test': 0.23859761044991434, 'FCD/TestSF': 15.17327163866684, 'SNN/TestSF': 0.5114435430554773, 'Frag/TestSF': 0.9029732691210138, 'Scaf/TestSF': 0.03836989999962048, 'IntDiv': 0.8211075293267641, 'IntDiv2': 0.8100318282943713, 'Filters': 0.9704293815825007, 'logP': 0.43804326220496015, 'SA': 0.14767973167303144, 'QED': 0.03886873946550589, 'weight': 11.233140978247624, 'Novelty': 0.9460523905477194}
Epoch: 40:
	Train Loss: 0.411 --- Reconstruction Loss: 0.399 --- KL Loss: 18.807 --- Beta: 0.000640
	Validity: 0.49% --- Uniquene@1000: 0.95% --- Unique@10000: 0.78%

{'valid': 0.5915666666666667, 'unique@1000': 0.943, 'unique@10000': 0.7812, 'FCD/Test': 15.278485860473111, 'SNN/Test': 0.5768730557672862, 'Frag/Test': 0.9330037295158723, 'Scaf/Test': 0.3140825778103642, 'FCD/TestSF': 15.894557051631438, 'SNN/TestSF': 0.5221838550827379, 'Frag/TestSF': 0.9271069826021492, 'Scaf/TestSF': 0.03534259985219956, 'IntDiv': 0.8188817418466514, 'IntDiv2': 0.8084787381653809, 'Filters': 0.9723896996675494, 'logP': 0.4356075833439172, 'SA': 0.1945728109403101, 'QED': 0.020711950295108517, 'weight': 14.318146611806352, 'Novelty': 0.9388111888111889}
Epoch: 41:
	Train Loss: 0.407 --- Reconstruction Loss: 0.395 --- KL Loss: 17.745 --- Beta: 0.000700
	Validity: 0.59% --- Uniquene@1000: 0.94% --- Unique@10000: 0.78%

{'valid': 0.48706666666666665, 'unique@1000': 0.97, 'unique@10000': 0.8085, 'FCD/Test': 14.91565734513297, 'SNN/Test': 0.5752162549664085, 'Frag/Test': 0.9062481124247853, 'Scaf/Test': 0.2681701003930739, 'FCD/TestSF': 15.58790404467993, 'SNN/TestSF': 0.5202652244236399, 'Frag/TestSF': 0.8999112011522177, 'Scaf/TestSF': 0.039863992989039976, 'IntDiv': 0.816901795561549, 'IntDiv2': 0.8064167067802352, 'Filters': 0.9641390637831919, 'logP': 0.3675326600283096, 'SA': 0.18188790353873321, 'QED': 0.019606113453550154, 'weight': 17.274592283600537, 'Novelty': 0.9342702125767144}
Epoch: 42:
	Train Loss: 0.404 --- Reconstruction Loss: 0.391 --- KL Loss: 16.825 --- Beta: 0.000760
	Validity: 0.49% --- Uniquene@1000: 0.97% --- Unique@10000: 0.81%

{'valid': 0.5989666666666666, 'unique@1000': 0.956, 'unique@10000': 0.8089, 'FCD/Test': 15.148405574345595, 'SNN/Test': 0.5815804871779278, 'Frag/Test': 0.903779279035075, 'Scaf/Test': 0.2999337935628771, 'FCD/TestSF': 15.97427582528313, 'SNN/TestSF': 0.5277845384322434, 'Frag/TestSF': 0.8972362047209981, 'Scaf/TestSF': 0.02479564754103869, 'IntDiv': 0.8190912945567943, 'IntDiv2': 0.808021728407567, 'Filters': 0.9794646335355334, 'logP': 0.3586676465617907, 'SA': 0.2072063978731945, 'QED': 0.015469047584306422, 'weight': 17.255073502790474, 'Novelty': 0.9314380016502888}
Epoch: 43:
	Train Loss: 0.400 --- Reconstruction Loss: 0.387 --- KL Loss: 16.009 --- Beta: 0.000820
	Validity: 0.60% --- Uniquene@1000: 0.96% --- Unique@10000: 0.81%

{'valid': 0.5179666666666667, 'unique@1000': 0.967, 'unique@10000': 0.8389, 'FCD/Test': 14.051331267604944, 'SNN/Test': 0.5681716795842676, 'Frag/Test': 0.9142191373230938, 'Scaf/Test': 0.2667095157878827, 'FCD/TestSF': 14.792770312180721, 'SNN/TestSF': 0.5159348236316956, 'Frag/TestSF': 0.9068027507928325, 'Scaf/TestSF': 0.032515961138637084, 'IntDiv': 0.824551758759265, 'IntDiv2': 0.8140573938040361, 'Filters': 0.9604865177939378, 'logP': 0.2710227141013166, 'SA': 0.14816339638820308, 'QED': 0.016992044810520347, 'weight': 18.238773841794046, 'Novelty': 0.9408074634067879}
Epoch: 44:
	Train Loss: 0.397 --- Reconstruction Loss: 0.383 --- KL Loss: 15.376 --- Beta: 0.000880
	Validity: 0.52% --- Uniquene@1000: 0.97% --- Unique@10000: 0.84%

{'valid': 0.4561333333333333, 'unique@1000': 0.976, 'unique@10000': 0.8601, 'FCD/Test': 13.077268809380726, 'SNN/Test': 0.5585896166787967, 'Frag/Test': 0.898108362458191, 'Scaf/Test': 0.2778383972306313, 'FCD/TestSF': 13.841166124219676, 'SNN/TestSF': 0.5030114645281579, 'Frag/TestSF': 0.8900277420437863, 'Scaf/TestSF': 0.04315545269004317, 'IntDiv': 0.8291219696230541, 'IntDiv2': 0.8194032461226265, 'Filters': 0.969745688395206, 'logP': 0.32702380757680144, 'SA': 0.12153493959644736, 'QED': 0.0370697391270014, 'weight': 17.885992099061717, 'Novelty': 0.9430312665606784}
Epoch: 45:
	Train Loss: 0.394 --- Reconstruction Loss: 0.380 --- KL Loss: 14.807 --- Beta: 0.000940
	Validity: 0.46% --- Uniquene@1000: 0.98% --- Unique@10000: 0.86%

{'valid': 0.4303, 'unique@1000': 0.956, 'unique@10000': 0.7942, 'FCD/Test': 15.528025280227162, 'SNN/Test': 0.5473446133075062, 'Frag/Test': 0.8945632080572081, 'Scaf/Test': 0.15385785615257763, 'FCD/TestSF': 16.588518017336312, 'SNN/TestSF': 0.4827157322452129, 'Frag/TestSF': 0.8843711697294101, 'Scaf/TestSF': 0.033274606053907085, 'IntDiv': 0.8251807614187026, 'IntDiv2': 0.8144438026864688, 'Filters': 0.9713378263227206, 'logP': 0.2697919008266234, 'SA': 0.0540837737895888, 'QED': 0.02795593750043588, 'weight': 18.085415328508844, 'Novelty': 0.9544580508045745}
Epoch: 46:
	Train Loss: 0.375 --- Reconstruction Loss: 0.372 --- KL Loss: 29.440 --- Beta: 0.000100
	Validity: 0.43% --- Uniquene@1000: 0.96% --- Unique@10000: 0.79%

{'valid': 0.5487, 'unique@1000': 0.977, 'unique@10000': 0.834, 'FCD/Test': 14.974902505638205, 'SNN/Test': 0.5390501813871966, 'Frag/Test': 0.8986821372001609, 'Scaf/Test': 0.20333980344281066, 'FCD/TestSF': 15.853242389300767, 'SNN/TestSF': 0.4844670505857824, 'Frag/TestSF': 0.8902902985530359, 'Scaf/TestSF': 0.047702818535685365, 'IntDiv': 0.8295598596054198, 'IntDiv2': 0.8197220358702982, 'Filters': 0.974667395662475, 'logP': 0.3849839240041221, 'SA': 0.05597474548250889, 'QED': 0.03402240396413731, 'weight': 20.931173164672895, 'Novelty': 0.9555277168806765}
Epoch: 47:
	Train Loss: 0.373 --- Reconstruction Loss: 0.368 --- KL Loss: 29.818 --- Beta: 0.000160
	Validity: 0.55% --- Uniquene@1000: 0.98% --- Unique@10000: 0.83%

{'valid': 0.5406, 'unique@1000': 0.947, 'unique@10000': 0.7888, 'FCD/Test': 14.413018700432886, 'SNN/Test': 0.5626679701724407, 'Frag/Test': 0.9264505767730886, 'Scaf/Test': 0.22574956158303494, 'FCD/TestSF': 15.11266057314102, 'SNN/TestSF': 0.5035771859566502, 'Frag/TestSF': 0.9190992215277723, 'Scaf/TestSF': 0.036805866068757465, 'IntDiv': 0.8291242166872927, 'IntDiv2': 0.818723848869236, 'Filters': 0.9749660870637563, 'logP': 0.26222716856684686, 'SA': 0.10406691438741855, 'QED': 0.012885029092410039, 'weight': 24.329391177200637, 'Novelty': 0.9312674153508401}
Epoch: 48:
	Train Loss: 0.370 --- Reconstruction Loss: 0.364 --- KL Loss: 27.869 --- Beta: 0.000220
	Validity: 0.54% --- Uniquene@1000: 0.95% --- Unique@10000: 0.79%

{'valid': 0.5055333333333334, 'unique@1000': 0.958, 'unique@10000': 0.8262, 'FCD/Test': 14.570361948603896, 'SNN/Test': 0.5339014260858577, 'Frag/Test': 0.9092099317084791, 'Scaf/Test': 0.1603177287898011, 'FCD/TestSF': 15.2750354388561, 'SNN/TestSF': 0.48377940885513354, 'Frag/TestSF': 0.9028052244548646, 'Scaf/TestSF': 0.05130018144792281, 'IntDiv': 0.8387808628673245, 'IntDiv2': 0.8288767683040683, 'Filters': 0.9656468416194118, 'logP': 0.375114532262273, 'SA': 0.03004095376266143, 'QED': 0.0121493606336574, 'weight': 25.692472198214595, 'Novelty': 0.9516552366438066}
Epoch: 49:
	Train Loss: 0.369 --- Reconstruction Loss: 0.361 --- KL Loss: 25.948 --- Beta: 0.000280
	Validity: 0.51% --- Uniquene@1000: 0.96% --- Unique@10000: 0.83%

{'valid': 0.6589666666666667, 'unique@1000': 0.944, 'unique@10000': 0.7969, 'FCD/Test': 15.33001646608409, 'SNN/Test': 0.5812773655511534, 'Frag/Test': 0.9388919996794224, 'Scaf/Test': 0.29636967962444294, 'FCD/TestSF': 16.192088494507495, 'SNN/TestSF': 0.5132369204260425, 'Frag/TestSF': 0.9298241501664604, 'Scaf/TestSF': 0.06327243107151936, 'IntDiv': 0.8221417818941452, 'IntDiv2': 0.8120514446860265, 'Filters': 0.9811826597197633, 'logP': 0.31662472156452637, 'SA': 0.20517604969671155, 'QED': 0.013928122713154458, 'weight': 26.248592637271138, 'Novelty': 0.9122881355932203}
Epoch: 50:
	Train Loss: 0.366 --- Reconstruction Loss: 0.358 --- KL Loss: 24.116 --- Beta: 0.000340
	Validity: 0.66% --- Uniquene@1000: 0.94% --- Unique@10000: 0.80%

{'valid': 0.5679000000000001, 'unique@1000': 0.972, 'unique@10000': 0.8459, 'FCD/Test': 13.57386591994441, 'SNN/Test': 0.5554926060754564, 'Frag/Test': 0.9195905545646933, 'Scaf/Test': 0.2777022692457396, 'FCD/TestSF': 14.360239535062206, 'SNN/TestSF': 0.5012035590044985, 'Frag/TestSF': 0.9105415077939802, 'Scaf/TestSF': 0.06243848456209622, 'IntDiv': 0.8326142578145895, 'IntDiv2': 0.8229621813177519, 'Filters': 0.9775195163467747, 'logP': 0.1877533764509697, 'SA': 0.09465343664021572, 'QED': 0.01710814927866159, 'weight': 21.031504284454925, 'Novelty': 0.9344005956813105}
Epoch: 51:
	Train Loss: 0.364 --- Reconstruction Loss: 0.355 --- KL Loss: 22.751 --- Beta: 0.000400
	Validity: 0.57% --- Uniquene@1000: 0.97% --- Unique@10000: 0.85%

{'valid': 0.6400333333333333, 'unique@1000': 0.98, 'unique@10000': 0.8468, 'FCD/Test': 13.974823350111684, 'SNN/Test': 0.5549033733837481, 'Frag/Test': 0.9142735932238303, 'Scaf/Test': 0.2340355121190303, 'FCD/TestSF': 14.811365112796224, 'SNN/TestSF': 0.49894211116147397, 'Frag/TestSF': 0.9055609109077376, 'Scaf/TestSF': 0.039840352813063085, 'IntDiv': 0.8280634858641949, 'IntDiv2': 0.8183995180463854, 'Filters': 0.961512421228061, 'logP': 0.23096824736142674, 'SA': 0.09183350941565377, 'QED': 0.01792797904359484, 'weight': 23.506075871833673, 'Novelty': 0.9409680438561305}
Epoch: 52:
	Train Loss: 0.361 --- Reconstruction Loss: 0.351 --- KL Loss: 21.260 --- Beta: 0.000460
	Validity: 0.64% --- Uniquene@1000: 0.98% --- Unique@10000: 0.85%

{'valid': 0.5633, 'unique@1000': 0.974, 'unique@10000': 0.8676, 'FCD/Test': 13.993862579482688, 'SNN/Test': 0.5532729142866895, 'Frag/Test': 0.9024441363845832, 'Scaf/Test': 0.256051070613013, 'FCD/TestSF': 14.614692707040334, 'SNN/TestSF': 0.4971903317940645, 'Frag/TestSF': 0.8949103092328086, 'Scaf/TestSF': 0.08070967644409766, 'IntDiv': 0.8383675984222765, 'IntDiv2': 0.8283825977020908, 'Filters': 0.9754423338659092, 'logP': 0.35711217832768327, 'SA': 0.09941010354688991, 'QED': 0.011846972006141415, 'weight': 24.30185743101606, 'Novelty': 0.9329524085057139}
Epoch: 53:
	Train Loss: 0.360 --- Reconstruction Loss: 0.350 --- KL Loss: 20.163 --- Beta: 0.000520
	Validity: 0.56% --- Uniquene@1000: 0.97% --- Unique@10000: 0.87%

{'valid': 0.6628000000000001, 'unique@1000': 0.987, 'unique@10000': 0.883, 'FCD/Test': 13.468236121340176, 'SNN/Test': 0.5517987229748347, 'Frag/Test': 0.9298896680387824, 'Scaf/Test': 0.25740684170946315, 'FCD/TestSF': 14.043079197189762, 'SNN/TestSF': 0.5015458462741492, 'Frag/TestSF': 0.9230200828455903, 'Scaf/TestSF': 0.04529382587958242, 'IntDiv': 0.8401619532860194, 'IntDiv2': 0.8302506514175748, 'Filters': 0.966153691410179, 'logP': 0.23816333497798603, 'SA': 0.068143267127754, 'QED': 0.012434399474498729, 'weight': 25.76665847470839, 'Novelty': 0.9333414798069286}
Epoch: 54:
	Train Loss: 0.358 --- Reconstruction Loss: 0.346 --- KL Loss: 19.158 --- Beta: 0.000580
	Validity: 0.66% --- Uniquene@1000: 0.99% --- Unique@10000: 0.88%

{'valid': 0.4702333333333333, 'unique@1000': 0.978, 'unique@10000': 0.8584, 'FCD/Test': 13.49403199186358, 'SNN/Test': 0.549357408632451, 'Frag/Test': 0.9302803215220173, 'Scaf/Test': 0.26006313711832596, 'FCD/TestSF': 14.125046936906934, 'SNN/TestSF': 0.5010793195618722, 'Frag/TestSF': 0.92410518762745, 'Scaf/TestSF': 0.04696702543808473, 'IntDiv': 0.8345974597227572, 'IntDiv2': 0.8251373092597922, 'Filters': 0.9621464521159708, 'logP': 0.15932616844985653, 'SA': 0.06558574031795966, 'QED': 0.013630280231991148, 'weight': 23.514663114330368, 'Novelty': 0.9365296024569186}
Epoch: 55:
	Train Loss: 0.356 --- Reconstruction Loss: 0.344 --- KL Loss: 18.302 --- Beta: 0.000640
	Validity: 0.47% --- Uniquene@1000: 0.98% --- Unique@10000: 0.86%

{'valid': 0.4897, 'unique@1000': 0.978, 'unique@10000': 0.8622, 'FCD/Test': 13.620766852472144, 'SNN/Test': 0.5539949112049726, 'Frag/Test': 0.9174685930643471, 'Scaf/Test': 0.2516656686312766, 'FCD/TestSF': 14.27475556585874, 'SNN/TestSF': 0.5014916598222747, 'Frag/TestSF': 0.9115970705829921, 'Scaf/TestSF': 0.028905342507347553, 'IntDiv': 0.8390029117941943, 'IntDiv2': 0.8285743232373699, 'Filters': 0.9669865904295146, 'logP': 0.20384126938920316, 'SA': 0.09053975082828634, 'QED': 0.010249679151331572, 'weight': 30.783719337587538, 'Novelty': 0.9326241134751773}
Epoch: 56:
	Train Loss: 0.354 --- Reconstruction Loss: 0.342 --- KL Loss: 17.616 --- Beta: 0.000700
	Validity: 0.49% --- Uniquene@1000: 0.98% --- Unique@10000: 0.86%

{'valid': 0.6097, 'unique@1000': 0.979, 'unique@10000': 0.8824, 'FCD/Test': 13.300019042782715, 'SNN/Test': 0.5621293101413509, 'Frag/Test': 0.9010095522809419, 'Scaf/Test': 0.330477808063248, 'FCD/TestSF': 14.189806470358945, 'SNN/TestSF': 0.5058718139217013, 'Frag/TestSF': 0.8919297740532091, 'Scaf/TestSF': 0.0492342584771569, 'IntDiv': 0.8324832529139645, 'IntDiv2': 0.8224914463363877, 'Filters': 0.9698212235525668, 'logP': 0.26529778246233965, 'SA': 0.12898026418407277, 'QED': 0.02169685366944104, 'weight': 24.86161014015296, 'Novelty': 0.9284918398112342}
Epoch: 57:
	Train Loss: 0.352 --- Reconstruction Loss: 0.340 --- KL Loss: 16.862 --- Beta: 0.000760
	Validity: 0.61% --- Uniquene@1000: 0.98% --- Unique@10000: 0.88%

{'valid': 0.6366, 'unique@1000': 0.981, 'unique@10000': 0.8934, 'FCD/Test': 13.09285365461696, 'SNN/Test': 0.5628365190988973, 'Frag/Test': 0.9093624495915765, 'Scaf/Test': 0.34696535422251684, 'FCD/TestSF': 13.758518582525, 'SNN/TestSF': 0.5118206695435321, 'Frag/TestSF': 0.9029236805138894, 'Scaf/TestSF': 0.05035929740247547, 'IntDiv': 0.8379116560400143, 'IntDiv2': 0.828173026154879, 'Filters': 0.9659650225154467, 'logP': 0.21579414499597657, 'SA': 0.12687808765576444, 'QED': 0.013140324667713943, 'weight': 24.10508516421389, 'Novelty': 0.923570449732154}
Epoch: 58:
	Train Loss: 0.350 --- Reconstruction Loss: 0.336 --- KL Loss: 16.147 --- Beta: 0.000820
	Validity: 0.64% --- Uniquene@1000: 0.98% --- Unique@10000: 0.89%

{'valid': 0.5801000000000001, 'unique@1000': 0.982, 'unique@10000': 0.9007, 'FCD/Test': 12.878868146187699, 'SNN/Test': 0.5520214328925198, 'Frag/Test': 0.9024190043878304, 'Scaf/Test': 0.28677199983103663, 'FCD/TestSF': 13.480782208415377, 'SNN/TestSF': 0.5037470079296137, 'Frag/TestSF': 0.8958143772799008, 'Scaf/TestSF': 0.050789545879906584, 'IntDiv': 0.838743413448972, 'IntDiv2': 0.8289449974119987, 'Filters': 0.9725334712405908, 'logP': 0.11808444047064584, 'SA': 0.08397111146388754, 'QED': 0.02284884028090456, 'weight': 25.888795322401446, 'Novelty': 0.9357662267708052}
Epoch: 59:
	Train Loss: 0.348 --- Reconstruction Loss: 0.335 --- KL Loss: 15.616 --- Beta: 0.000880
	Validity: 0.58% --- Uniquene@1000: 0.98% --- Unique@10000: 0.90%

{'valid': 0.5923333333333334, 'unique@1000': 0.984, 'unique@10000': 0.9016, 'FCD/Test': 13.095606882245718, 'SNN/Test': 0.5531558764411884, 'Frag/Test': 0.900458326206433, 'Scaf/Test': 0.27072944736918314, 'FCD/TestSF': 13.649163701805179, 'SNN/TestSF': 0.5039577545135895, 'Frag/TestSF': 0.8934067236545724, 'Scaf/TestSF': 0.053756398295697116, 'IntDiv': 0.8421063753914966, 'IntDiv2': 0.8321255185449783, 'Filters': 0.9676983680360157, 'logP': 0.2193600052598556, 'SA': 0.10080078951531284, 'QED': 0.021655722786074916, 'weight': 23.45679207803605, 'Novelty': 0.9320515335818456}
Epoch: 60:
	Train Loss: 0.347 --- Reconstruction Loss: 0.332 --- KL Loss: 15.210 --- Beta: 0.000940
	Validity: 0.59% --- Uniquene@1000: 0.98% --- Unique@10000: 0.90%

