2024-02-15 05:34:30.815544: E external/local_xla/xla/stream_executor/cuda/cuda_dnn.cc:9261] Unable to register cuDNN factory: Attempting to register factory for plugin cuDNN when one has already been registered
2024-02-15 05:34:30.815622: E external/local_xla/xla/stream_executor/cuda/cuda_fft.cc:607] Unable to register cuFFT factory: Attempting to register factory for plugin cuFFT when one has already been registered
2024-02-15 05:34:30.816387: E external/local_xla/xla/stream_executor/cuda/cuda_blas.cc:1515] Unable to register cuBLAS factory: Attempting to register factory for plugin cuBLAS when one has already been registered
2024-02-15 05:34:30.820425: I tensorflow/core/platform/cpu_feature_guard.cc:182] This TensorFlow binary is optimized to use available CPU instructions in performance-critical operations.
To enable the following instructions: AVX2 FMA, in other operations, rebuild TensorFlow with the appropriate compiler flags.
2024-02-15 05:34:32.288533: W tensorflow/compiler/tf2tensorrt/utils/py_utils.cc:38] TF-TRT Warning: Could not find TensorRT

Arguments:
	data_path: data/moses_train.txt
	max_len: 30
	batch: 128
	d_model: 512
	d_latent: 256
	d_ff: 1024
	e_heads: 1
	d_heads: 8
	n_layers: 8
	dropout: 0.5
	lr: 0.0005
	n_epochs: 80
	kl_type: monotonic
	kl_w_start: 0.0001
	kl_w_end: 0.01
	kl_cycle: 4
	kl_ratio: 0.9
	save_name: klcompare

Number of data: 88192

SMILES Vocab:
	 {'<START>': 0, '<END>': 1, '<PAD>': 2, 'C': 3, 'O': 4, 'c': 5, '1': 6, '(': 7, '=': 8, ')': 9, 'N': 10, 'n': 11, '2': 12, 'F': 13, 'Cl': 14, 'Br': 15, '#': 16, '3': 17, 'S': 18, 'o': 19, '-': 20, 's': 21, '[nH]': 22, '4': 23}

Graph Vocab:
	 {'C': 0, 'O': 1, 'N': 2, 'F': 3, 'Cl': 4, 'Br': 5, 'S': 6}


KL Annealer: [0.0001, 0.00022375, 0.0003475, 0.00047125, 0.000595, 0.00071875, 0.0008425, 0.0009662500000000001, 0.00109, 0.00121375, 0.0013375, 0.00146125, 0.001585, 0.00170875, 0.0018325000000000001, 0.00195625, 0.00208, 0.00220375, 0.0023274999999999997, 0.00245125, 0.0025749999999999996, 0.0026987499999999998, 0.0028225, 0.0029462499999999997, 0.00307, 0.00319375, 0.0033174999999999997, 0.00344125, 0.003565, 0.0036887499999999998, 0.0038125, 0.00393625, 0.00406, 0.00418375, 0.0043075000000000006, 0.00443125, 0.004555, 0.004678750000000001, 0.0048025, 0.00492625, 0.00505, 0.00517375, 0.0052975, 0.00542125, 0.0055450000000000004, 0.00566875, 0.0057925, 0.0059162500000000005, 0.00604, 0.00616375, 0.0062875000000000006, 0.00641125, 0.006535, 0.006658750000000001, 0.0067825, 0.00690625, 0.007030000000000001, 0.00715375, 0.0072775, 0.00740125, 0.0075250000000000004, 0.00764875, 0.0077725, 0.00789625, 0.00802, 0.00814375, 0.008267499999999999, 0.00839125, 0.008515, 0.008638749999999999, 0.0087625, 0.00888625, 0.009009999999999999, 0.00913375, 0.0092575, 0.009381249999999999, 0.009505, 0.00962875, 0.009752499999999999, 0.00987625]




#########################################################################
######################### START TRAINING ################################
#########################################################################




{'valid': 0.6902333333333333, 'unique@1000': 0.694, 'unique@10000': 0.3799, 'FCD/Test': 21.668844235683267, 'SNN/Test': 0.614585648351216, 'Frag/Test': 0.8553334168556983, 'Scaf/Test': 0.24535355679488313, 'FCD/TestSF': 22.470585025528244, 'SNN/TestSF': 0.5365111937160545, 'Frag/TestSF': 0.8453717130202247, 'Scaf/TestSF': 0.01716357433113669, 'IntDiv': 0.798345793921054, 'IntDiv2': 0.7740327997761978, 'Filters': 0.9903414304341527, 'logP': 0.822131632522766, 'SA': 0.33527518696325187, 'QED': 0.07464864647804934, 'weight': 7.578678462898233, 'Novelty': 0.9375953874851619}
Epoch: 31:
	Train Loss: 0.539 --- Reconstruction Loss: 0.499 --- KL Loss: 10.347 --- Beta: 0.003812
	Validity: 0.69% --- Uniquene@1000: 0.69% --- Unique@10000: 0.38%

{'valid': 0.7083666666666666, 'unique@1000': 0.682, 'unique@10000': 0.3705, 'FCD/Test': 20.12143088332374, 'SNN/Test': 0.6084837313876601, 'Frag/Test': 0.8655231914436304, 'Scaf/Test': 0.14935837453172507, 'FCD/TestSF': 20.94670225159618, 'SNN/TestSF': 0.5324356863792742, 'Frag/TestSF': 0.8577384733875945, 'Scaf/TestSF': 0.009268354487829034, 'IntDiv': 0.8009576343226141, 'IntDiv2': 0.7737315458879436, 'Filters': 0.9928003388075856, 'logP': 0.7269692521379587, 'SA': 0.3216983822089057, 'QED': 0.06952804658312033, 'weight': 11.115892412079011, 'Novelty': 0.9200749829584185}
Epoch: 32:
	Train Loss: 0.529 --- Reconstruction Loss: 0.493 --- KL Loss: 9.194 --- Beta: 0.003936
	Validity: 0.71% --- Uniquene@1000: 0.68% --- Unique@10000: 0.37%

{'valid': 0.6351333333333333, 'unique@1000': 0.751, 'unique@10000': 0.418, 'FCD/Test': 19.620328778067346, 'SNN/Test': 0.5945160207886554, 'Frag/Test': 0.851014447158224, 'Scaf/Test': 0.19741932687756858, 'FCD/TestSF': 20.52851306998882, 'SNN/TestSF': 0.5155562985889044, 'Frag/TestSF': 0.8404210295400796, 'Scaf/TestSF': 0.011736429686609373, 'IntDiv': 0.7960686898812093, 'IntDiv2': 0.7744114750991097, 'Filters': 0.9878765613519471, 'logP': 0.6474834191271893, 'SA': 0.283875986210201, 'QED': 0.11347608464801731, 'weight': 10.32801718740216, 'Novelty': 0.9420060212327682}
Epoch: 33:
	Train Loss: 0.520 --- Reconstruction Loss: 0.486 --- KL Loss: 8.401 --- Beta: 0.004060
	Validity: 0.64% --- Uniquene@1000: 0.75% --- Unique@10000: 0.42%

{'valid': 0.7742333333333333, 'unique@1000': 0.755, 'unique@10000': 0.446, 'FCD/Test': 18.83590242428862, 'SNN/Test': 0.6064431008217579, 'Frag/Test': 0.8809026486784852, 'Scaf/Test': 0.2912568475164965, 'FCD/TestSF': 19.844467672822553, 'SNN/TestSF': 0.5238851671872837, 'Frag/TestSF': 0.8704154814821494, 'Scaf/TestSF': 0.01879948212297844, 'IntDiv': 0.8105468653075405, 'IntDiv2': 0.7898278043081283, 'Filters': 0.9869548370430964, 'logP': 0.8516707015128199, 'SA': 0.30561779556376206, 'QED': 0.049359200267594674, 'weight': 12.57820401749512, 'Novelty': 0.9221306277742549}
Epoch: 34:
	Train Loss: 0.512 --- Reconstruction Loss: 0.480 --- KL Loss: 7.598 --- Beta: 0.004184
	Validity: 0.77% --- Uniquene@1000: 0.76% --- Unique@10000: 0.45%

{'valid': 0.8056666666666666, 'unique@1000': 0.801, 'unique@10000': 0.4914, 'FCD/Test': 19.917559658257197, 'SNN/Test': 0.6118063977781188, 'Frag/Test': 0.8386928616493502, 'Scaf/Test': 0.2216483265274527, 'FCD/TestSF': 20.845789997059114, 'SNN/TestSF': 0.5308758323547462, 'Frag/TestSF': 0.8317468318710467, 'Scaf/TestSF': 0.0248937903880313, 'IntDiv': 0.8161022386026048, 'IntDiv2': 0.7967444973529102, 'Filters': 0.9908150599917253, 'logP': 0.8297984806568648, 'SA': 0.3136561408085223, 'QED': 0.03431822467575731, 'weight': 14.480246431899733, 'Novelty': 0.9182778776978417}
Epoch: 35:
	Train Loss: 0.504 --- Reconstruction Loss: 0.473 --- KL Loss: 7.097 --- Beta: 0.004308
	Validity: 0.81% --- Uniquene@1000: 0.80% --- Unique@10000: 0.49%

{'valid': 0.8021, 'unique@1000': 0.793, 'unique@10000': 0.5014, 'FCD/Test': 20.286419210992094, 'SNN/Test': 0.6045255099246316, 'Frag/Test': 0.8245762614144527, 'Scaf/Test': 0.22709386186150482, 'FCD/TestSF': 21.398920499822125, 'SNN/TestSF': 0.5222474058714363, 'Frag/TestSF': 0.8156182563166665, 'Scaf/TestSF': 0.00848476539641374, 'IntDiv': 0.8080580946505217, 'IntDiv2': 0.7886635908424187, 'Filters': 0.9835431991023563, 'logP': 0.6742407809154723, 'SA': 0.286681975653789, 'QED': 0.024818957059971048, 'weight': 10.001950914876877, 'Novelty': 0.9284087211194273}
Epoch: 36:
	Train Loss: 0.497 --- Reconstruction Loss: 0.467 --- KL Loss: 6.719 --- Beta: 0.004431
	Validity: 0.80% --- Uniquene@1000: 0.79% --- Unique@10000: 0.50%

{'valid': 0.7967, 'unique@1000': 0.819, 'unique@10000': 0.5274, 'FCD/Test': 19.73407789583719, 'SNN/Test': 0.5933221627813439, 'Frag/Test': 0.8477899603415924, 'Scaf/Test': 0.21942434288531587, 'FCD/TestSF': 20.57500405005819, 'SNN/TestSF': 0.5257388730100705, 'Frag/TestSF': 0.8421920920725389, 'Scaf/TestSF': 0.01618844132930497, 'IntDiv': 0.8051152998540203, 'IntDiv2': 0.7871161978556189, 'Filters': 0.9783691058951508, 'logP': 0.8376463894066469, 'SA': 0.2884412153326082, 'QED': 0.027858647742244554, 'weight': 10.302824990140547, 'Novelty': 0.9341534008683068}
Epoch: 37:
	Train Loss: 0.491 --- Reconstruction Loss: 0.461 --- KL Loss: 6.466 --- Beta: 0.004555
	Validity: 0.80% --- Uniquene@1000: 0.82% --- Unique@10000: 0.53%

{'valid': 0.7784333333333333, 'unique@1000': 0.825, 'unique@10000': 0.5353, 'FCD/Test': 18.116708253740285, 'SNN/Test': 0.6014448640122229, 'Frag/Test': 0.8658669933353759, 'Scaf/Test': 0.22600956830841512, 'FCD/TestSF': 19.128581696984114, 'SNN/TestSF': 0.5324133751623656, 'Frag/TestSF': 0.857474637160577, 'Scaf/TestSF': 0.0273797927904883, 'IntDiv': 0.8119748273858948, 'IntDiv2': 0.7944634918450781, 'Filters': 0.9909647582751681, 'logP': 0.7261936080164315, 'SA': 0.30144494909097647, 'QED': 0.041249184922795244, 'weight': 6.706691953546437, 'Novelty': 0.9255211495648654}
Epoch: 38:
	Train Loss: 0.483 --- Reconstruction Loss: 0.455 --- KL Loss: 6.160 --- Beta: 0.004679
	Validity: 0.78% --- Uniquene@1000: 0.82% --- Unique@10000: 0.54%

{'valid': 0.8289666666666666, 'unique@1000': 0.79, 'unique@10000': 0.5175, 'FCD/Test': 18.93924434885305, 'SNN/Test': 0.6131084517175956, 'Frag/Test': 0.8642450222658296, 'Scaf/Test': 0.269934638331627, 'FCD/TestSF': 19.65695219042351, 'SNN/TestSF': 0.5392936130423057, 'Frag/TestSF': 0.8583817940216418, 'Scaf/TestSF': 0.00854456886601096, 'IntDiv': 0.8126718535758309, 'IntDiv2': 0.7953596587093963, 'Filters': 0.9887007921508706, 'logP': 0.6729945964175089, 'SA': 0.3124784622756864, 'QED': 0.027211233152260903, 'weight': 16.812726089617556, 'Novelty': 0.8964682139253279}
Epoch: 39:
	Train Loss: 0.476 --- Reconstruction Loss: 0.448 --- KL Loss: 6.026 --- Beta: 0.004803
	Validity: 0.83% --- Uniquene@1000: 0.79% --- Unique@10000: 0.52%

{'valid': 0.7355333333333334, 'unique@1000': 0.864, 'unique@10000': 0.5827, 'FCD/Test': 18.70805357358136, 'SNN/Test': 0.5936886535616935, 'Frag/Test': 0.8395612324678063, 'Scaf/Test': 0.2951220085755897, 'FCD/TestSF': 19.619236608185354, 'SNN/TestSF': 0.5214513165321342, 'Frag/TestSF': 0.8335519594366017, 'Scaf/TestSF': 0.021799309794117594, 'IntDiv': 0.8188958976130936, 'IntDiv2': 0.8042623457425802, 'Filters': 0.9821897942536029, 'logP': 0.6857089906352373, 'SA': 0.23580347236962682, 'QED': 0.028861176242854118, 'weight': 10.393116554815817, 'Novelty': 0.9153337802892443}
Epoch: 40:
	Train Loss: 0.469 --- Reconstruction Loss: 0.441 --- KL Loss: 5.743 --- Beta: 0.004926
	Validity: 0.74% --- Uniquene@1000: 0.86% --- Unique@10000: 0.58%

{'valid': 0.7933666666666667, 'unique@1000': 0.855, 'unique@10000': 0.5975, 'FCD/Test': 17.6697448035396, 'SNN/Test': 0.5974000814007259, 'Frag/Test': 0.8335045811536707, 'Scaf/Test': 0.2237550587750391, 'FCD/TestSF': 18.54610756399974, 'SNN/TestSF': 0.5270760304345278, 'Frag/TestSF': 0.8264120398171716, 'Scaf/TestSF': 0.019614325727037252, 'IntDiv': 0.8179185271673914, 'IntDiv2': 0.8012175727593758, 'Filters': 0.9840762993151548, 'logP': 0.5710807120106646, 'SA': 0.26617572091141334, 'QED': 0.0349245964256216, 'weight': 12.824579473741085, 'Novelty': 0.9115468409586057}
Epoch: 41:
	Train Loss: 0.464 --- Reconstruction Loss: 0.436 --- KL Loss: 5.619 --- Beta: 0.005050
	Validity: 0.79% --- Uniquene@1000: 0.85% --- Unique@10000: 0.60%

{'valid': 0.8208666666666666, 'unique@1000': 0.898, 'unique@10000': 0.6218, 'FCD/Test': 17.854988069699488, 'SNN/Test': 0.5959571707159618, 'Frag/Test': 0.8453881459524771, 'Scaf/Test': 0.25330016239137576, 'FCD/TestSF': 18.508536119060906, 'SNN/TestSF': 0.5296169569811009, 'Frag/TestSF': 0.8410930126706366, 'Scaf/TestSF': 0.0267354781812581, 'IntDiv': 0.8200738616944042, 'IntDiv2': 0.8059417851820765, 'Filters': 0.985990416632827, 'logP': 0.5932279566866692, 'SA': 0.2405435082101005, 'QED': 0.024116540732317764, 'weight': 11.436680999341661, 'Novelty': 0.92053142065368}
Epoch: 42:
	Train Loss: 0.459 --- Reconstruction Loss: 0.430 --- KL Loss: 5.520 --- Beta: 0.005174
	Validity: 0.82% --- Uniquene@1000: 0.90% --- Unique@10000: 0.62%

{'valid': 0.8697, 'unique@1000': 0.882, 'unique@10000': 0.6316, 'FCD/Test': 18.994064468018024, 'SNN/Test': 0.5981761276182814, 'Frag/Test': 0.8432630615691206, 'Scaf/Test': 0.22111301359946012, 'FCD/TestSF': 19.53037896941828, 'SNN/TestSF': 0.5296407014920838, 'Frag/TestSF': 0.8398591103302254, 'Scaf/TestSF': 0.017116458071102736, 'IntDiv': 0.8228414891917949, 'IntDiv2': 0.8078174453796491, 'Filters': 0.9879268713349431, 'logP': 0.6540277062081785, 'SA': 0.2526171492164961, 'QED': 0.019592810010350008, 'weight': 9.91191431699828, 'Novelty': 0.9184446505875077}
Epoch: 43:
	Train Loss: 0.452 --- Reconstruction Loss: 0.424 --- KL Loss: 5.271 --- Beta: 0.005298
	Validity: 0.87% --- Uniquene@1000: 0.88% --- Unique@10000: 0.63%

{'valid': 0.8895333333333333, 'unique@1000': 0.873, 'unique@10000': 0.6222, 'FCD/Test': 18.89828264076661, 'SNN/Test': 0.6005938911692836, 'Frag/Test': 0.8463724105502055, 'Scaf/Test': 0.21714864565178504, 'FCD/TestSF': 19.748337495169622, 'SNN/TestSF': 0.5306661945607792, 'Frag/TestSF': 0.839181925586934, 'Scaf/TestSF': 0.019265320245582696, 'IntDiv': 0.8148306306140195, 'IntDiv2': 0.799415772454862, 'Filters': 0.9846736116315671, 'logP': 0.48809626786330135, 'SA': 0.2575406574083045, 'QED': 0.02269687377186808, 'weight': 10.429988499746287, 'Novelty': 0.9072940082164174}
Epoch: 44:
	Train Loss: 0.448 --- Reconstruction Loss: 0.420 --- KL Loss: 5.145 --- Beta: 0.005421
	Validity: 0.89% --- Uniquene@1000: 0.87% --- Unique@10000: 0.62%

{'valid': 0.8455666666666667, 'unique@1000': 0.893, 'unique@10000': 0.6577, 'FCD/Test': 18.696187664301156, 'SNN/Test': 0.5885177679183979, 'Frag/Test': 0.8273240069096836, 'Scaf/Test': 0.15717446581407735, 'FCD/TestSF': 19.422325255647962, 'SNN/TestSF': 0.5180654468406721, 'Frag/TestSF': 0.8242271594725225, 'Scaf/TestSF': 0.009946488105168405, 'IntDiv': 0.8254247187844981, 'IntDiv2': 0.8108444773452346, 'Filters': 0.9851381716403201, 'logP': 0.7314165770562682, 'SA': 0.20383968787706397, 'QED': 0.0210425720473969, 'weight': 9.282775502684906, 'Novelty': 0.9201203459947349}
Epoch: 45:
	Train Loss: 0.444 --- Reconstruction Loss: 0.416 --- KL Loss: 5.042 --- Beta: 0.005545
	Validity: 0.85% --- Uniquene@1000: 0.89% --- Unique@10000: 0.66%

{'valid': 0.8575, 'unique@1000': 0.902, 'unique@10000': 0.6667, 'FCD/Test': 17.76995516699361, 'SNN/Test': 0.5980695550678076, 'Frag/Test': 0.8670671748336638, 'Scaf/Test': 0.2556280453934068, 'FCD/TestSF': 18.450574328874126, 'SNN/TestSF': 0.5295327292494223, 'Frag/TestSF': 0.8639309610028827, 'Scaf/TestSF': 0.012234983353807016, 'IntDiv': 0.82563897909557, 'IntDiv2': 0.8110833730668101, 'Filters': 0.9857337220602527, 'logP': 0.6712938054591195, 'SA': 0.27320189305024956, 'QED': 0.019992472721337688, 'weight': 14.658171708519559, 'Novelty': 0.9029682850714856}
Epoch: 46:
	Train Loss: 0.439 --- Reconstruction Loss: 0.411 --- KL Loss: 4.877 --- Beta: 0.005669
	Validity: 0.86% --- Uniquene@1000: 0.90% --- Unique@10000: 0.67%

{'valid': 0.8638333333333333, 'unique@1000': 0.907, 'unique@10000': 0.6679, 'FCD/Test': 17.660285803019804, 'SNN/Test': 0.6020961879430395, 'Frag/Test': 0.8725149090258103, 'Scaf/Test': 0.2664521059524019, 'FCD/TestSF': 18.424511304571062, 'SNN/TestSF': 0.5308595060525934, 'Frag/TestSF': 0.8683766262916613, 'Scaf/TestSF': 0.026799537628305226, 'IntDiv': 0.8240373298532894, 'IntDiv2': 0.8104054620861609, 'Filters': 0.9829442407871889, 'logP': 0.6539518879176884, 'SA': 0.2505302884295704, 'QED': 0.021403238553153434, 'weight': 16.01139547576085, 'Novelty': 0.9041095890410958}
Epoch: 47:
	Train Loss: 0.435 --- Reconstruction Loss: 0.408 --- KL Loss: 4.767 --- Beta: 0.005792
	Validity: 0.86% --- Uniquene@1000: 0.91% --- Unique@10000: 0.67%

{'valid': 0.8708, 'unique@1000': 0.945, 'unique@10000': 0.7503, 'FCD/Test': 16.916310883495086, 'SNN/Test': 0.5702434040713257, 'Frag/Test': 0.8699693537502807, 'Scaf/Test': 0.2488072763537601, 'FCD/TestSF': 17.872922393684412, 'SNN/TestSF': 0.5033129633865912, 'Frag/TestSF': 0.8645890435476025, 'Scaf/TestSF': 0.01940829133901334, 'IntDiv': 0.8374894383188448, 'IntDiv2': 0.8243006205164207, 'Filters': 0.9818174858367784, 'logP': 0.6482199261089259, 'SA': 0.15896948011500608, 'QED': 0.02875747729330718, 'weight': 14.079505664318154, 'Novelty': 0.9282385834109972}
Epoch: 48:
	Train Loss: 0.431 --- Reconstruction Loss: 0.404 --- KL Loss: 4.659 --- Beta: 0.005916
	Validity: 0.87% --- Uniquene@1000: 0.94% --- Unique@10000: 0.75%

{'valid': 0.8717666666666667, 'unique@1000': 0.929, 'unique@10000': 0.7279, 'FCD/Test': 16.2167906693479, 'SNN/Test': 0.5930005788486309, 'Frag/Test': 0.8694062955898296, 'Scaf/Test': 0.3150999679644859, 'FCD/TestSF': 17.103162699631227, 'SNN/TestSF': 0.5228177104124634, 'Frag/TestSF': 0.8631885861867791, 'Scaf/TestSF': 0.033881790844038084, 'IntDiv': 0.8340312709420034, 'IntDiv2': 0.8210971189602501, 'Filters': 0.9826023783122395, 'logP': 0.5610689172942257, 'SA': 0.23600714393269773, 'QED': 0.013176859338350964, 'weight': 16.954247431943237, 'Novelty': 0.9058013006245573}
Epoch: 49:
	Train Loss: 0.428 --- Reconstruction Loss: 0.400 --- KL Loss: 4.545 --- Beta: 0.006040
	Validity: 0.87% --- Uniquene@1000: 0.93% --- Unique@10000: 0.73%

{'valid': 0.9042666666666667, 'unique@1000': 0.926, 'unique@10000': 0.7061, 'FCD/Test': 16.28843100999414, 'SNN/Test': 0.5856727948887436, 'Frag/Test': 0.8753485871970377, 'Scaf/Test': 0.24681206621608143, 'FCD/TestSF': 17.077904225331935, 'SNN/TestSF': 0.5198070835618759, 'Frag/TestSF': 0.870409515839184, 'Scaf/TestSF': 0.023629952794723574, 'IntDiv': 0.8329595769174795, 'IntDiv2': 0.819675064056542, 'Filters': 0.9845178413447361, 'logP': 0.6551448635638318, 'SA': 0.19699419386821584, 'QED': 0.02089708041145969, 'weight': 18.32477015534914, 'Novelty': 0.9173220669483263}
Epoch: 50:
	Train Loss: 0.425 --- Reconstruction Loss: 0.398 --- KL Loss: 4.479 --- Beta: 0.006164
	Validity: 0.90% --- Uniquene@1000: 0.93% --- Unique@10000: 0.71%

{'valid': 0.9087, 'unique@1000': 0.944, 'unique@10000': 0.7751, 'FCD/Test': 15.207330961515794, 'SNN/Test': 0.5703462193769272, 'Frag/Test': 0.8592913009298268, 'Scaf/Test': 0.25798475898967865, 'FCD/TestSF': 15.878977552241793, 'SNN/TestSF': 0.5121577014983791, 'Frag/TestSF': 0.8564853489478012, 'Scaf/TestSF': 0.02757002214948623, 'IntDiv': 0.844959240752198, 'IntDiv2': 0.8327870622339509, 'Filters': 0.9849235171123583, 'logP': 0.6424358678109412, 'SA': 0.1311374356107415, 'QED': 0.020084160264778717, 'weight': 12.15447907255793, 'Novelty': 0.9220995745659423}
Epoch: 51:
	Train Loss: 0.421 --- Reconstruction Loss: 0.394 --- KL Loss: 4.400 --- Beta: 0.006288
	Validity: 0.91% --- Uniquene@1000: 0.94% --- Unique@10000: 0.78%

{'valid': 0.8895, 'unique@1000': 0.943, 'unique@10000': 0.7615, 'FCD/Test': 16.61666620894048, 'SNN/Test': 0.5733240085973127, 'Frag/Test': 0.8532603086891257, 'Scaf/Test': 0.23698806694523966, 'FCD/TestSF': 17.24928451419582, 'SNN/TestSF': 0.5099905148681818, 'Frag/TestSF': 0.8507352597170702, 'Scaf/TestSF': 0.022823935348222357, 'IntDiv': 0.8480992171798286, 'IntDiv2': 0.8354298425655036, 'Filters': 0.9835113359565298, 'logP': 0.651194088009505, 'SA': 0.14018880094821684, 'QED': 0.014768822790351285, 'weight': 16.745718760765833, 'Novelty': 0.9086831718693936}
Epoch: 52:
	Train Loss: 0.419 --- Reconstruction Loss: 0.391 --- KL Loss: 4.362 --- Beta: 0.006411
	Validity: 0.89% --- Uniquene@1000: 0.94% --- Unique@10000: 0.76%

{'valid': 0.8853, 'unique@1000': 0.954, 'unique@10000': 0.7955, 'FCD/Test': 15.994475323896594, 'SNN/Test': 0.5679151380135938, 'Frag/Test': 0.8677564612846446, 'Scaf/Test': 0.1995835345384963, 'FCD/TestSF': 16.828589372626027, 'SNN/TestSF': 0.49702725109026963, 'Frag/TestSF': 0.8617657443254715, 'Scaf/TestSF': 0.02140117045564538, 'IntDiv': 0.8476973354769075, 'IntDiv2': 0.8347414409465838, 'Filters': 0.9843367596671562, 'logP': 0.5180912483363144, 'SA': 0.09843958069847573, 'QED': 0.025750643881910444, 'weight': 13.051017673925024, 'Novelty': 0.9233516639265265}
Epoch: 53:
	Train Loss: 0.416 --- Reconstruction Loss: 0.388 --- KL Loss: 4.282 --- Beta: 0.006535
	Validity: 0.89% --- Uniquene@1000: 0.95% --- Unique@10000: 0.80%

{'valid': 0.9131666666666667, 'unique@1000': 0.954, 'unique@10000': 0.776, 'FCD/Test': 14.77307313062009, 'SNN/Test': 0.5684099617089684, 'Frag/Test': 0.880398092870995, 'Scaf/Test': 0.24374975626806206, 'FCD/TestSF': 15.448851397630456, 'SNN/TestSF': 0.5108176856243082, 'Frag/TestSF': 0.8776671910055326, 'Scaf/TestSF': 0.030387993493595666, 'IntDiv': 0.8455293977114958, 'IntDiv2': 0.8337169791745586, 'Filters': 0.9791567804343858, 'logP': 0.5521057007371755, 'SA': 0.12022822643564687, 'QED': 0.015457307262503677, 'weight': 12.221553876437135, 'Novelty': 0.9151977401129944}
Epoch: 54:
	Train Loss: 0.414 --- Reconstruction Loss: 0.386 --- KL Loss: 4.201 --- Beta: 0.006659
	Validity: 0.91% --- Uniquene@1000: 0.95% --- Unique@10000: 0.78%

{'valid': 0.9003, 'unique@1000': 0.955, 'unique@10000': 0.7669, 'FCD/Test': 16.739891557964057, 'SNN/Test': 0.5715781973376349, 'Frag/Test': 0.8722588412332684, 'Scaf/Test': 0.20610852170526428, 'FCD/TestSF': 17.463287896132968, 'SNN/TestSF': 0.5076187440078019, 'Frag/TestSF': 0.8705945424086352, 'Scaf/TestSF': 0.019979490796960153, 'IntDiv': 0.8449931373805448, 'IntDiv2': 0.8326826895981634, 'Filters': 0.980265837313488, 'logP': 0.5623711719965612, 'SA': 0.10437168862627597, 'QED': 0.015749498038921967, 'weight': 14.029073960555163, 'Novelty': 0.9064735545912982}
Epoch: 55:
	Train Loss: 0.412 --- Reconstruction Loss: 0.384 --- KL Loss: 4.131 --- Beta: 0.006783
	Validity: 0.90% --- Uniquene@1000: 0.95% --- Unique@10000: 0.77%

{'valid': 0.8985666666666666, 'unique@1000': 0.952, 'unique@10000': 0.7751, 'FCD/Test': 16.34963390473024, 'SNN/Test': 0.5600318108792518, 'Frag/Test': 0.833837778570545, 'Scaf/Test': 0.20982823678471374, 'FCD/TestSF': 16.933155521030827, 'SNN/TestSF': 0.49751239637926664, 'Frag/TestSF': 0.8325435834246266, 'Scaf/TestSF': 0.035897219739093655, 'IntDiv': 0.8537255073926268, 'IntDiv2': 0.841239882229988, 'Filters': 0.9822680565344808, 'logP': 0.6147958448566628, 'SA': 0.12882080167233917, 'QED': 0.022385722445344074, 'weight': 16.521227286662885, 'Novelty': 0.9159872795605667}
Epoch: 56:
	Train Loss: 0.410 --- Reconstruction Loss: 0.381 --- KL Loss: 4.080 --- Beta: 0.006906
	Validity: 0.90% --- Uniquene@1000: 0.95% --- Unique@10000: 0.78%

{'valid': 0.9013333333333333, 'unique@1000': 0.945, 'unique@10000': 0.7434, 'FCD/Test': 16.26177075418932, 'SNN/Test': 0.57899050037845, 'Frag/Test': 0.8667311397789241, 'Scaf/Test': 0.25617857474504835, 'FCD/TestSF': 16.88371293274379, 'SNN/TestSF': 0.5184925032785085, 'Frag/TestSF': 0.8658883903694299, 'Scaf/TestSF': 0.027295118514227723, 'IntDiv': 0.843238887635344, 'IntDiv2': 0.830511521827405, 'Filters': 0.9853920118343196, 'logP': 0.8083390776669485, 'SA': 0.19171283603485567, 'QED': 0.016569193318592874, 'weight': 16.082129679321238, 'Novelty': 0.9052303556153}
Epoch: 57:
	Train Loss: 0.407 --- Reconstruction Loss: 0.379 --- KL Loss: 4.019 --- Beta: 0.007030
	Validity: 0.90% --- Uniquene@1000: 0.94% --- Unique@10000: 0.74%

slurmstepd: error: *** JOB 8257208 ON hpctpa3pc0048 CANCELLED AT 2024-02-15T10:04:48 ***
