2024-02-15 05:51:50.015106: E external/local_xla/xla/stream_executor/cuda/cuda_dnn.cc:9261] Unable to register cuDNN factory: Attempting to register factory for plugin cuDNN when one has already been registered
2024-02-15 05:51:50.015192: E external/local_xla/xla/stream_executor/cuda/cuda_fft.cc:607] Unable to register cuFFT factory: Attempting to register factory for plugin cuFFT when one has already been registered
2024-02-15 05:51:50.235277: E external/local_xla/xla/stream_executor/cuda/cuda_blas.cc:1515] Unable to register cuBLAS factory: Attempting to register factory for plugin cuBLAS when one has already been registered
2024-02-15 05:51:50.573008: I tensorflow/core/platform/cpu_feature_guard.cc:182] This TensorFlow binary is optimized to use available CPU instructions in performance-critical operations.
To enable the following instructions: AVX2 FMA, in other operations, rebuild TensorFlow with the appropriate compiler flags.
2024-02-15 05:51:54.057963: W tensorflow/compiler/tf2tensorrt/utils/py_utils.cc:38] TF-TRT Warning: Could not find TensorRT

Arguments:
	data_path: data/moses_train.txt
	max_len: 30
	batch: 128
	d_model: 512
	d_latent: 256
	d_ff: 1024
	e_heads: 1
	d_heads: 8
	n_layers: 8
	dropout: 0.5
	lr: 0.0005
	n_epochs: 60
	kl_type: cyclic
	kl_w_start: 0.0001
	kl_w_end: 0.0005
	kl_cycle: 2
	kl_ratio: 1.0
	save_name: klcompare

Number of data: 88192

SMILES Vocab:
	 {'<START>': 0, '<END>': 1, '<PAD>': 2, 'C': 3, 'O': 4, 'c': 5, '1': 6, '(': 7, '=': 8, ')': 9, 'N': 10, 'n': 11, '2': 12, 'F': 13, 'Cl': 14, 'Br': 15, '#': 16, '3': 17, 'S': 18, 'o': 19, '-': 20, 's': 21, '[nH]': 22, '4': 23}

Graph Vocab:
	 {'C': 0, 'O': 1, 'N': 2, 'F': 3, 'Cl': 4, 'Br': 5, 'S': 6}


KL Annealer: [0.0001     0.00011333 0.00012667 0.00014    0.00015333 0.00016667
 0.00018    0.00019333 0.00020667 0.00022    0.00023333 0.00024667
 0.00026    0.00027333 0.00028667 0.0003     0.00031333 0.00032667
 0.00034    0.00035333 0.00036667 0.00038    0.00039333 0.00040667
 0.00042    0.00043333 0.00044667 0.00046    0.00047333 0.00048667
 0.0001     0.00011333 0.00012667 0.00014    0.00015333 0.00016667
 0.00018    0.00019333 0.00020667 0.00022    0.00023333 0.00024667
 0.00026    0.00027333 0.00028667 0.0003     0.00031333 0.00032667
 0.00034    0.00035333 0.00036667 0.00038    0.00039333 0.00040667
 0.00042    0.00043333 0.00044667 0.00046    0.00047333 0.00048667]




#########################################################################
######################### START TRAINING ################################
#########################################################################




{'valid': 0.6978, 'unique@1000': 0.306, 'unique@10000': 0.1139, 'FCD/Test': 35.646691036880824, 'SNN/Test': 0.61007463160998, 'Frag/Test': 0.7871497001411875, 'Scaf/Test': 0.15786250842464566, 'FCD/TestSF': 36.9716482199276, 'SNN/TestSF': 0.5452994312320498, 'Frag/TestSF': 0.7778994628856123, 'Scaf/TestSF': 0.0007285197553850153, 'IntDiv': 0.5985845033715682, 'IntDiv2': 0.5695518232418582, 'Filters': 0.9686634183624725, 'logP': 0.25740426317203435, 'SA': 0.5143509180360881, 'QED': 0.14954361702056407, 'weight': 10.062511252519984, 'Novelty': 0.951145958986731}
Epoch: 31:
	Train Loss: 0.496 --- Reconstruction Loss: 0.487 --- KL Loss: 92.645 --- Beta: 0.000100
	Validity: 0.70% --- Uniquene@1000: 0.31% --- Unique@10000: 0.11%

{'valid': 0.7995, 'unique@1000': 0.193, 'unique@10000': 0.0795, 'FCD/Test': 40.51150291917546, 'SNN/Test': 0.6445965598492864, 'Frag/Test': 0.7989388359185052, 'Scaf/Test': 0.1324343907735399, 'FCD/TestSF': 41.8860149955209, 'SNN/TestSF': 0.5438574554909262, 'Frag/TestSF': 0.7894810753618606, 'Scaf/TestSF': 0.007393046895382449, 'IntDiv': 0.5543301634001448, 'IntDiv2': 0.524219741876954, 'Filters': 0.991869918699187, 'logP': 0.35869772307556863, 'SA': 0.569658426108317, 'QED': 0.12040652444643744, 'weight': 11.04783199827418, 'Novelty': 0.8865079365079365}
Epoch: 32:
	Train Loss: 0.489 --- Reconstruction Loss: 0.478 --- KL Loss: 94.946 --- Beta: 0.000113
	Validity: 0.80% --- Uniquene@1000: 0.19% --- Unique@10000: 0.08%

{'valid': 0.7482666666666666, 'unique@1000': 0.279, 'unique@10000': 0.1034, 'FCD/Test': 40.61539934283341, 'SNN/Test': 0.6146542390918656, 'Frag/Test': 0.7774961088805367, 'Scaf/Test': 0.11997489003238826, 'FCD/TestSF': 42.07219483762371, 'SNN/TestSF': 0.5407813818964653, 'Frag/TestSF': 0.7684692502014316, 'Scaf/TestSF': 0.003434747669701088, 'IntDiv': 0.5659339457205133, 'IntDiv2': 0.534071909510661, 'Filters': 0.9740288667141839, 'logP': 0.3260834433825901, 'SA': 0.4745402381405832, 'QED': 0.11936737530020146, 'weight': 8.760051322472448, 'Novelty': 0.9305466237942123}
Epoch: 33:
	Train Loss: 0.482 --- Reconstruction Loss: 0.470 --- KL Loss: 95.102 --- Beta: 0.000127
	Validity: 0.75% --- Uniquene@1000: 0.28% --- Unique@10000: 0.10%

{'valid': 0.7155666666666667, 'unique@1000': 0.309, 'unique@10000': 0.1309, 'FCD/Test': 32.743542571188456, 'SNN/Test': 0.6628042558292186, 'Frag/Test': 0.8114047949541054, 'Scaf/Test': 0.3526038141413803, 'FCD/TestSF': 34.25282836927198, 'SNN/TestSF': 0.5296279471321611, 'Frag/TestSF': 0.7991150024837176, 'Scaf/TestSF': 0.03209418350789317, 'IntDiv': 0.6160626366534966, 'IntDiv2': 0.585010556064698, 'Filters': 0.9943634415614664, 'logP': 0.3359397221962299, 'SA': 0.5253772998386328, 'QED': 0.10583477394900388, 'weight': 7.444888588286163, 'Novelty': 0.8930208863983699}
Epoch: 34:
	Train Loss: 0.475 --- Reconstruction Loss: 0.462 --- KL Loss: 90.458 --- Beta: 0.000140
	Validity: 0.72% --- Uniquene@1000: 0.31% --- Unique@10000: 0.13%

{'valid': 0.7421333333333333, 'unique@1000': 0.46, 'unique@10000': 0.1892, 'FCD/Test': 28.813603575262242, 'SNN/Test': 0.6214863544800514, 'Frag/Test': 0.854457985016205, 'Scaf/Test': 0.2902733195598274, 'FCD/TestSF': 30.287056704675734, 'SNN/TestSF': 0.5364539977544573, 'Frag/TestSF': 0.84443326510517, 'Scaf/TestSF': 0.05064284381014461, 'IntDiv': 0.7253337013130119, 'IntDiv2': 0.6989251196460553, 'Filters': 0.9943855551563061, 'logP': 0.16907696499432456, 'SA': 0.41988320798490525, 'QED': 0.08652905460820359, 'weight': 11.278760434721999, 'Novelty': 0.8987252124645893}
Epoch: 35:
	Train Loss: 0.467 --- Reconstruction Loss: 0.454 --- KL Loss: 85.068 --- Beta: 0.000153
	Validity: 0.74% --- Uniquene@1000: 0.46% --- Unique@10000: 0.19%

{'valid': 0.7617333333333334, 'unique@1000': 0.528, 'unique@10000': 0.2095, 'FCD/Test': 26.461942445291484, 'SNN/Test': 0.61948060972426, 'Frag/Test': 0.8522324842977327, 'Scaf/Test': 0.21685791341164806, 'FCD/TestSF': 28.04956594914973, 'SNN/TestSF': 0.5154933041516211, 'Frag/TestSF': 0.8384361447374364, 'Scaf/TestSF': 0.009810425216201013, 'IntDiv': 0.7554237708174063, 'IntDiv2': 0.7340361110551845, 'Filters': 0.9772886399439874, 'logP': 0.41496173063422326, 'SA': 0.2697454823672667, 'QED': 0.05952670943412007, 'weight': 6.343333402568285, 'Novelty': 0.9086584205518554}
Epoch: 36:
	Train Loss: 0.459 --- Reconstruction Loss: 0.446 --- KL Loss: 78.516 --- Beta: 0.000167
	Validity: 0.76% --- Uniquene@1000: 0.53% --- Unique@10000: 0.21%

{'valid': 0.6641, 'unique@1000': 0.649, 'unique@10000': 0.2896, 'FCD/Test': 24.61790176643123, 'SNN/Test': 0.6189523964921364, 'Frag/Test': 0.8660951162250669, 'Scaf/Test': 0.31176942730114776, 'FCD/TestSF': 26.098989586730838, 'SNN/TestSF': 0.5194421080241438, 'Frag/TestSF': 0.853875553313196, 'Scaf/TestSF': 0.03441286392897869, 'IntDiv': 0.7701685164908535, 'IntDiv2': 0.7518334171093267, 'Filters': 0.9958339607488832, 'logP': 0.4297573246104386, 'SA': 0.3356017976745276, 'QED': 0.0600703201786711, 'weight': 5.7030950124088715, 'Novelty': 0.9111904761904762}
Epoch: 37:
	Train Loss: 0.451 --- Reconstruction Loss: 0.438 --- KL Loss: 72.557 --- Beta: 0.000180
	Validity: 0.66% --- Uniquene@1000: 0.65% --- Unique@10000: 0.29%

{'valid': 0.64, 'unique@1000': 0.626, 'unique@10000': 0.2775, 'FCD/Test': 22.713840371010434, 'SNN/Test': 0.6063985938051094, 'Frag/Test': 0.9163610843371068, 'Scaf/Test': 0.15609848403407733, 'FCD/TestSF': 24.292617542981795, 'SNN/TestSF': 0.5112927017717933, 'Frag/TestSF': 0.9055489479987952, 'Scaf/TestSF': 0.010256057538270635, 'IntDiv': 0.7734893855378032, 'IntDiv2': 0.7555489289580566, 'Filters': 0.9850520833333334, 'logP': 0.47223874649281006, 'SA': 0.2744063292162417, 'QED': 0.028695018985864743, 'weight': 3.249839943079106, 'Novelty': 0.9126436781609195}
Epoch: 38:
	Train Loss: 0.444 --- Reconstruction Loss: 0.431 --- KL Loss: 67.679 --- Beta: 0.000193
	Validity: 0.64% --- Uniquene@1000: 0.63% --- Unique@10000: 0.28%

{'valid': 0.6330333333333333, 'unique@1000': 0.698, 'unique@10000': 0.3375, 'FCD/Test': 20.942791106597355, 'SNN/Test': 0.6175511111709582, 'Frag/Test': 0.8915506474698814, 'Scaf/Test': 0.29172374357117503, 'FCD/TestSF': 22.468231870004516, 'SNN/TestSF': 0.5207853156299013, 'Frag/TestSF': 0.8777104181147107, 'Scaf/TestSF': 0.016346477695861172, 'IntDiv': 0.7754955259539301, 'IntDiv2': 0.760535382679172, 'Filters': 0.9699857827391922, 'logP': 0.3349334672001737, 'SA': 0.29810494421500794, 'QED': 0.027222862806192846, 'weight': 7.7457588725181745, 'Novelty': 0.8946508779093507}
Epoch: 39:
	Train Loss: 0.435 --- Reconstruction Loss: 0.423 --- KL Loss: 61.649 --- Beta: 0.000207
	Validity: 0.63% --- Uniquene@1000: 0.70% --- Unique@10000: 0.34%

{'valid': 0.7188666666666667, 'unique@1000': 0.72, 'unique@10000': 0.3757, 'FCD/Test': 23.801684963803886, 'SNN/Test': 0.5949056485674216, 'Frag/Test': 0.8777737328932476, 'Scaf/Test': 0.19432021088045281, 'FCD/TestSF': 25.490188831138468, 'SNN/TestSF': 0.49512322640942474, 'Frag/TestSF': 0.8614857397105531, 'Scaf/TestSF': 0.03041238533356594, 'IntDiv': 0.7770256831798547, 'IntDiv2': 0.7623614064961143, 'Filters': 0.9646202355559678, 'logP': 0.20153945953758648, 'SA': 0.23055278340544433, 'QED': 0.04900514941061964, 'weight': 15.965455989466738, 'Novelty': 0.9116751269035533}
Epoch: 40:
	Train Loss: 0.428 --- Reconstruction Loss: 0.415 --- KL Loss: 57.516 --- Beta: 0.000220
	Validity: 0.72% --- Uniquene@1000: 0.72% --- Unique@10000: 0.38%

{'valid': 0.7434000000000001, 'unique@1000': 0.769, 'unique@10000': 0.4039, 'FCD/Test': 21.949474324953655, 'SNN/Test': 0.6224534102268641, 'Frag/Test': 0.8649863628450698, 'Scaf/Test': 0.25438687897038625, 'FCD/TestSF': 23.398396058870013, 'SNN/TestSF': 0.5270174273088709, 'Frag/TestSF': 0.8504267086000341, 'Scaf/TestSF': 0.05271149971653799, 'IntDiv': 0.774838294867645, 'IntDiv2': 0.7597009882197119, 'Filters': 0.9891041162227603, 'logP': 0.27534806545050494, 'SA': 0.2915426806359242, 'QED': 0.05681788901280221, 'weight': 16.05575649132368, 'Novelty': 0.8822085889570552}
Epoch: 41:
	Train Loss: 0.422 --- Reconstruction Loss: 0.409 --- KL Loss: 53.804 --- Beta: 0.000233
	Validity: 0.74% --- Uniquene@1000: 0.77% --- Unique@10000: 0.40%

{'valid': 0.7390333333333333, 'unique@1000': 0.79, 'unique@10000': 0.4671, 'FCD/Test': 20.40517182406468, 'SNN/Test': 0.60464674872685, 'Frag/Test': 0.8967257085025555, 'Scaf/Test': 0.21760801882184833, 'FCD/TestSF': 21.453369551010695, 'SNN/TestSF': 0.5259730791335585, 'Frag/TestSF': 0.8847668945219002, 'Scaf/TestSF': 0.0465737243453519, 'IntDiv': 0.7852464372291146, 'IntDiv2': 0.7715800105853858, 'Filters': 0.9880023454061612, 'logP': 0.39678283353162147, 'SA': 0.26041563382080096, 'QED': 0.032846932461853294, 'weight': 11.902278363171078, 'Novelty': 0.902326804259235}
Epoch: 42:
	Train Loss: 0.415 --- Reconstruction Loss: 0.403 --- KL Loss: 49.414 --- Beta: 0.000247
	Validity: 0.74% --- Uniquene@1000: 0.79% --- Unique@10000: 0.47%

{'valid': 0.7716000000000001, 'unique@1000': 0.789, 'unique@10000': 0.4399, 'FCD/Test': 21.42040442442287, 'SNN/Test': 0.6063971211906849, 'Frag/Test': 0.8599492258144819, 'Scaf/Test': 0.2036471516778552, 'FCD/TestSF': 22.749052515518258, 'SNN/TestSF': 0.5189241369719824, 'Frag/TestSF': 0.8470321225276201, 'Scaf/TestSF': 0.03864550715087578, 'IntDiv': 0.7828696900013561, 'IntDiv2': 0.7676013614582757, 'Filters': 0.9885951270088128, 'logP': 0.3492223194358432, 'SA': 0.23711885752284495, 'QED': 0.039434097630932745, 'weight': 15.067490374011527, 'Novelty': 0.89722740602506}
Epoch: 43:
	Train Loss: 0.408 --- Reconstruction Loss: 0.396 --- KL Loss: 46.409 --- Beta: 0.000260
	Validity: 0.77% --- Uniquene@1000: 0.79% --- Unique@10000: 0.44%

{'valid': 0.688, 'unique@1000': 0.845, 'unique@10000': 0.5143, 'FCD/Test': 19.25354362602765, 'SNN/Test': 0.6185332488340809, 'Frag/Test': 0.8917628517678299, 'Scaf/Test': 0.36503263820123477, 'FCD/TestSF': 20.4180292692281, 'SNN/TestSF': 0.5373030937312878, 'Frag/TestSF': 0.8787405655335466, 'Scaf/TestSF': 0.06312484532087381, 'IntDiv': 0.7881733431246543, 'IntDiv2': 0.7750049295579842, 'Filters': 0.9938468992248062, 'logP': 0.41531985180221875, 'SA': 0.32537327313313147, 'QED': 0.02879181891398906, 'weight': 14.949007457229504, 'Novelty': 0.893407635760019}
Epoch: 44:
	Train Loss: 0.402 --- Reconstruction Loss: 0.390 --- KL Loss: 43.566 --- Beta: 0.000273
	Validity: 0.69% --- Uniquene@1000: 0.84% --- Unique@10000: 0.51%

{'valid': 0.7964, 'unique@1000': 0.864, 'unique@10000': 0.55, 'FCD/Test': 16.405872037919494, 'SNN/Test': 0.6029269232848282, 'Frag/Test': 0.9216137634991458, 'Scaf/Test': 0.23502533018617466, 'FCD/TestSF': 17.349004148968746, 'SNN/TestSF': 0.5293953142961665, 'Frag/TestSF': 0.9118263328629405, 'Scaf/TestSF': 0.04329496484735251, 'IntDiv': 0.8044982070000566, 'IntDiv2': 0.792655424727284, 'Filters': 0.9889084212288632, 'logP': 0.32507167281786153, 'SA': 0.20959965214308746, 'QED': 0.01799046323770263, 'weight': 19.60032072088437, 'Novelty': 0.8987903225806452}
Epoch: 45:
	Train Loss: 0.396 --- Reconstruction Loss: 0.384 --- KL Loss: 40.998 --- Beta: 0.000287
	Validity: 0.80% --- Uniquene@1000: 0.86% --- Unique@10000: 0.55%

{'valid': 0.7182333333333333, 'unique@1000': 0.896, 'unique@10000': 0.5764, 'FCD/Test': 18.55872451251885, 'SNN/Test': 0.6056022787190105, 'Frag/Test': 0.9118360610339751, 'Scaf/Test': 0.2137353699569018, 'FCD/TestSF': 19.456425428612192, 'SNN/TestSF': 0.5392412372964238, 'Frag/TestSF': 0.9037093798974174, 'Scaf/TestSF': 0.037734727813773516, 'IntDiv': 0.803673713491039, 'IntDiv2': 0.7914036246755016, 'Filters': 0.9833387478535295, 'logP': 0.4610453644753205, 'SA': 0.26941030896367724, 'QED': 0.02278538296951331, 'weight': 20.17899614785971, 'Novelty': 0.8890116512655685}
Epoch: 46:
	Train Loss: 0.389 --- Reconstruction Loss: 0.378 --- KL Loss: 38.211 --- Beta: 0.000300
	Validity: 0.72% --- Uniquene@1000: 0.90% --- Unique@10000: 0.58%

{'valid': 0.7529, 'unique@1000': 0.878, 'unique@10000': 0.5928, 'FCD/Test': 16.807854554097567, 'SNN/Test': 0.5990285577791253, 'Frag/Test': 0.9375194407834049, 'Scaf/Test': 0.24371680484239466, 'FCD/TestSF': 17.872239399615268, 'SNN/TestSF': 0.527581353998123, 'Frag/TestSF': 0.927451444474643, 'Scaf/TestSF': 0.09097307849340597, 'IntDiv': 0.800573255115835, 'IntDiv2': 0.7898902435192733, 'Filters': 0.9698056404126267, 'logP': 0.3793409385595913, 'SA': 0.20373997787487452, 'QED': 0.018181609223727895, 'weight': 16.807930798211707, 'Novelty': 0.8993182030447371}
Epoch: 47:
	Train Loss: 0.385 --- Reconstruction Loss: 0.374 --- KL Loss: 36.418 --- Beta: 0.000313
	Validity: 0.75% --- Uniquene@1000: 0.88% --- Unique@10000: 0.59%

{'valid': 0.7739666666666667, 'unique@1000': 0.921, 'unique@10000': 0.6351, 'FCD/Test': 17.35316858428918, 'SNN/Test': 0.6012289815273204, 'Frag/Test': 0.8975632602548186, 'Scaf/Test': 0.20486774383562123, 'FCD/TestSF': 18.510521375538367, 'SNN/TestSF': 0.5158826502812474, 'Frag/TestSF': 0.8842320389565663, 'Scaf/TestSF': 0.045088658943132076, 'IntDiv': 0.7995216530773538, 'IntDiv2': 0.7872145395166448, 'Filters': 0.9784659115379646, 'logP': 0.2570742120238681, 'SA': 0.20436889747425166, 'QED': 0.041669875904199, 'weight': 19.415854840244585, 'Novelty': 0.897753480823439}
Epoch: 48:
	Train Loss: 0.380 --- Reconstruction Loss: 0.369 --- KL Loss: 34.189 --- Beta: 0.000327
	Validity: 0.77% --- Uniquene@1000: 0.92% --- Unique@10000: 0.64%

{'valid': 0.8241, 'unique@1000': 0.923, 'unique@10000': 0.6681, 'FCD/Test': 15.59506092536624, 'SNN/Test': 0.6031337587607889, 'Frag/Test': 0.895907607066282, 'Scaf/Test': 0.23478536283917095, 'FCD/TestSF': 16.568505736598816, 'SNN/TestSF': 0.5278065604419667, 'Frag/TestSF': 0.884020300780649, 'Scaf/TestSF': 0.0542174456467045, 'IntDiv': 0.8051793688021066, 'IntDiv2': 0.793384676068813, 'Filters': 0.9879868947943211, 'logP': 0.3098805939683338, 'SA': 0.24471669358618933, 'QED': 0.018383310903123107, 'weight': 20.752605893546097, 'Novelty': 0.8891760413499544}
Epoch: 49:
	Train Loss: 0.375 --- Reconstruction Loss: 0.364 --- KL Loss: 32.467 --- Beta: 0.000340
	Validity: 0.82% --- Uniquene@1000: 0.92% --- Unique@10000: 0.67%

{'valid': 0.8470666666666666, 'unique@1000': 0.93, 'unique@10000': 0.7144, 'FCD/Test': 15.02569897696555, 'SNN/Test': 0.5909876698132868, 'Frag/Test': 0.9249304651565314, 'Scaf/Test': 0.22674413046238606, 'FCD/TestSF': 15.674042872111713, 'SNN/TestSF': 0.527196077838383, 'Frag/TestSF': 0.9160690448742344, 'Scaf/TestSF': 0.07370607969097387, 'IntDiv': 0.815578458375326, 'IntDiv2': 0.8048584570448181, 'Filters': 0.9790650086573273, 'logP': 0.3686238718198833, 'SA': 0.18053037769587782, 'QED': 0.019025473086056274, 'weight': 20.359599003258943, 'Novelty': 0.9012553995680346}
Epoch: 50:
	Train Loss: 0.371 --- Reconstruction Loss: 0.360 --- KL Loss: 31.015 --- Beta: 0.000353
	Validity: 0.85% --- Uniquene@1000: 0.93% --- Unique@10000: 0.71%

{'valid': 0.7563333333333333, 'unique@1000': 0.939, 'unique@10000': 0.7318, 'FCD/Test': 14.529039235662225, 'SNN/Test': 0.5818142310815952, 'Frag/Test': 0.9116867459266883, 'Scaf/Test': 0.17734226318849156, 'FCD/TestSF': 15.29276284463051, 'SNN/TestSF': 0.5167232404969084, 'Frag/TestSF': 0.9007106148008752, 'Scaf/TestSF': 0.03872369825327937, 'IntDiv': 0.815195239412206, 'IntDiv2': 0.8047404101949336, 'Filters': 0.9795504627589247, 'logP': 0.38819027522374294, 'SA': 0.14539306137847802, 'QED': 0.015469040056482976, 'weight': 20.39755459250671, 'Novelty': 0.9091174112674003}
Epoch: 51:
	Train Loss: 0.366 --- Reconstruction Loss: 0.355 --- KL Loss: 29.934 --- Beta: 0.000367
	Validity: 0.76% --- Uniquene@1000: 0.94% --- Unique@10000: 0.73%

{'valid': 0.8905666666666667, 'unique@1000': 0.95, 'unique@10000': 0.7452, 'FCD/Test': 15.345932115565624, 'SNN/Test': 0.5919128587985997, 'Frag/Test': 0.8976884004120607, 'Scaf/Test': 0.1761233735423503, 'FCD/TestSF': 16.216961980856368, 'SNN/TestSF': 0.5203726663418631, 'Frag/TestSF': 0.8866401830768316, 'Scaf/TestSF': 0.04709870143946093, 'IntDiv': 0.8202010892229193, 'IntDiv2': 0.8092808055815804, 'Filters': 0.9852154059213235, 'logP': 0.42501482748078795, 'SA': 0.20995841429090123, 'QED': 0.018592861310047906, 'weight': 26.365050180069044, 'Novelty': 0.8898637869677261}
Epoch: 52:
	Train Loss: 0.361 --- Reconstruction Loss: 0.350 --- KL Loss: 28.654 --- Beta: 0.000380
	Validity: 0.89% --- Uniquene@1000: 0.95% --- Unique@10000: 0.75%

{'valid': 0.8860333333333333, 'unique@1000': 0.952, 'unique@10000': 0.7721, 'FCD/Test': 14.676517686560587, 'SNN/Test': 0.5911296590860521, 'Frag/Test': 0.9007680012122149, 'Scaf/Test': 0.23858074941659813, 'FCD/TestSF': 15.501311823589447, 'SNN/TestSF': 0.5205172068656269, 'Frag/TestSF': 0.8896221597462458, 'Scaf/TestSF': 0.0733127397805362, 'IntDiv': 0.8205763934633009, 'IntDiv2': 0.8099421450575638, 'Filters': 0.9835220646326324, 'logP': 0.39101696385051143, 'SA': 0.22477538359718774, 'QED': 0.01523831591948719, 'weight': 26.210314603271687, 'Novelty': 0.8938563939447488}
Epoch: 53:
	Train Loss: 0.356 --- Reconstruction Loss: 0.345 --- KL Loss: 27.625 --- Beta: 0.000393
	Validity: 0.89% --- Uniquene@1000: 0.95% --- Unique@10000: 0.77%

{'valid': 0.8660333333333333, 'unique@1000': 0.951, 'unique@10000': 0.7511, 'FCD/Test': 14.562017371827793, 'SNN/Test': 0.5939735682123937, 'Frag/Test': 0.9376408953631513, 'Scaf/Test': 0.25925235413977754, 'FCD/TestSF': 15.481828773123034, 'SNN/TestSF': 0.5238399570476954, 'Frag/TestSF': 0.9267457718131201, 'Scaf/TestSF': 0.051841490408306434, 'IntDiv': 0.8189226198910278, 'IntDiv2': 0.8084466079603037, 'Filters': 0.9728647858050113, 'logP': 0.38208747626565553, 'SA': 0.21095225281908955, 'QED': 0.012914759489658697, 'weight': 23.050654831621006, 'Novelty': 0.8878381763527055}
Epoch: 54:
	Train Loss: 0.352 --- Reconstruction Loss: 0.341 --- KL Loss: 26.857 --- Beta: 0.000407
	Validity: 0.87% --- Uniquene@1000: 0.95% --- Unique@10000: 0.75%

{'valid': 0.8641333333333333, 'unique@1000': 0.961, 'unique@10000': 0.8059, 'FCD/Test': 14.742231483971032, 'SNN/Test': 0.5823488586907437, 'Frag/Test': 0.9271573023217339, 'Scaf/Test': 0.2973848171953427, 'FCD/TestSF': 15.740424621493723, 'SNN/TestSF': 0.5141577264680582, 'Frag/TestSF': 0.9173800694099554, 'Scaf/TestSF': 0.05642634669711111, 'IntDiv': 0.8226323979516044, 'IntDiv2': 0.812592125631632, 'Filters': 0.9784369696034563, 'logP': 0.3523678249105033, 'SA': 0.18614440864201626, 'QED': 0.012979717537573226, 'weight': 23.96494654974283, 'Novelty': 0.9002726033621081}
Epoch: 55:
	Train Loss: 0.347 --- Reconstruction Loss: 0.336 --- KL Loss: 25.985 --- Beta: 0.000420
	Validity: 0.86% --- Uniquene@1000: 0.96% --- Unique@10000: 0.81%

{'valid': 0.8980333333333334, 'unique@1000': 0.972, 'unique@10000': 0.8357, 'FCD/Test': 13.143539951273631, 'SNN/Test': 0.5779147356038397, 'Frag/Test': 0.9191266204547537, 'Scaf/Test': 0.27134940738978275, 'FCD/TestSF': 14.016791489468915, 'SNN/TestSF': 0.5133977637155643, 'Frag/TestSF': 0.9096465404665142, 'Scaf/TestSF': 0.07259097818249671, 'IntDiv': 0.8301125967989765, 'IntDiv2': 0.8204209244235807, 'Filters': 0.9795479009687836, 'logP': 0.32684362491192936, 'SA': 0.161554802628553, 'QED': 0.01130927237862221, 'weight': 28.573237010384684, 'Novelty': 0.8978094593891461}
Epoch: 56:
	Train Loss: 0.343 --- Reconstruction Loss: 0.332 --- KL Loss: 25.247 --- Beta: 0.000433
	Validity: 0.90% --- Uniquene@1000: 0.97% --- Unique@10000: 0.84%

slurmstepd: error: *** JOB 8257214 ON hpctpa3pc0012 CANCELLED AT 2024-02-15T10:04:48 ***
