2024-02-15 02:31:21.035017: E external/local_xla/xla/stream_executor/cuda/cuda_dnn.cc:9261] Unable to register cuDNN factory: Attempting to register factory for plugin cuDNN when one has already been registered
2024-02-15 02:31:21.035075: E external/local_xla/xla/stream_executor/cuda/cuda_fft.cc:607] Unable to register cuFFT factory: Attempting to register factory for plugin cuFFT when one has already been registered
2024-02-15 02:31:21.036667: E external/local_xla/xla/stream_executor/cuda/cuda_blas.cc:1515] Unable to register cuBLAS factory: Attempting to register factory for plugin cuBLAS when one has already been registered
2024-02-15 02:31:21.042855: I tensorflow/core/platform/cpu_feature_guard.cc:182] This TensorFlow binary is optimized to use available CPU instructions in performance-critical operations.
To enable the following instructions: AVX2 FMA, in other operations, rebuild TensorFlow with the appropriate compiler flags.
2024-02-15 02:31:21.830736: W tensorflow/compiler/tf2tensorrt/utils/py_utils.cc:38] TF-TRT Warning: Could not find TensorRT

Arguments:
	data_path: data/moses_train.txt
	max_len: 30
	batch: 128
	d_model: 512
	d_latent: 256
	d_ff: 1024
	e_heads: 1
	d_heads: 8
	n_layers: 6
	dropout: 0.5
	lr: 0.0005
	n_epochs: 80
	kl_type: cyclic
	kl_w_start: 0.0001
	kl_w_end: 0.0005
	kl_cycle: 6
	kl_ratio: 1.0
	save_name: klcompare

Number of data: 88192

SMILES Vocab:
	 {'<START>': 0, '<END>': 1, '<PAD>': 2, 'C': 3, 'O': 4, 'c': 5, '1': 6, '(': 7, '=': 8, ')': 9, 'N': 10, 'n': 11, '2': 12, 'F': 13, 'Cl': 14, 'Br': 15, '#': 16, '3': 17, 'S': 18, 'o': 19, '-': 20, 's': 21, '[nH]': 22, '4': 23}

Graph Vocab:
	 {'C': 0, 'O': 1, 'N': 2, 'F': 3, 'Cl': 4, 'Br': 5, 'S': 6}


KL Annealer: [0.0001  0.00013 0.00016 0.00019 0.00022 0.00025 0.00028 0.00031 0.00034
 0.00037 0.0004  0.00043 0.00046 0.0001  0.00013 0.00016 0.00019 0.00022
 0.00025 0.00028 0.00031 0.00034 0.00037 0.0004  0.00043 0.00046 0.0001
 0.00013 0.00016 0.00019 0.00022 0.00025 0.00028 0.00031 0.00034 0.00037
 0.0004  0.00043 0.00046 0.00049 0.0001  0.00013 0.00016 0.00019 0.00022
 0.00025 0.00028 0.00031 0.00034 0.00037 0.0004  0.00043 0.00046 0.0001
 0.00013 0.00016 0.00019 0.00022 0.00025 0.00028 0.00031 0.00034 0.00037
 0.0004  0.00043 0.00046 0.0001  0.00013 0.00016 0.00019 0.00022 0.00025
 0.00028 0.00031 0.00034 0.00037 0.0004  0.00043 0.00046 0.00049]




#########################################################################
######################### START TRAINING ################################
#########################################################################




{'valid': 0.6714333333333333, 'unique@1000': 0.775, 'unique@10000': 0.4297, 'FCD/Test': 22.79957046684156, 'SNN/Test': 0.6229742862351133, 'Frag/Test': 0.8583587486427801, 'Scaf/Test': 0.20467001383776673, 'FCD/TestSF': 24.051082009373474, 'SNN/TestSF': 0.5254417810688389, 'Frag/TestSF': 0.8441129971837349, 'Scaf/TestSF': 0.03909396108824814, 'IntDiv': 0.7672571653628946, 'IntDiv2': 0.7524518056531495, 'Filters': 0.9800426947326615, 'logP': 0.3172685203523518, 'SA': 0.23962430133060902, 'QED': 0.053602588934040164, 'weight': 14.19063200993787, 'Novelty': 0.9024426350851221}
Epoch: 31:
	Train Loss: 0.445 --- Reconstruction Loss: 0.435 --- KL Loss: 44.533 --- Beta: 0.000220
	Validity: 0.67% --- Uniquene@1000: 0.78% --- Unique@10000: 0.43%

{'valid': 0.5262, 'unique@1000': 0.787, 'unique@10000': 0.4585, 'FCD/Test': 24.14532158506384, 'SNN/Test': 0.6041215872124213, 'Frag/Test': 0.8487035874517049, 'Scaf/Test': 0.14476839045867518, 'FCD/TestSF': 25.264034850924872, 'SNN/TestSF': 0.5027135536282307, 'Frag/TestSF': 0.8345983473809917, 'Scaf/TestSF': 0.03053462335965962, 'IntDiv': 0.7574881732562455, 'IntDiv2': 0.7422916629054286, 'Filters': 0.984226529836564, 'logP': 0.3931737787848772, 'SA': 0.13133262254444183, 'QED': 0.05692864173745455, 'weight': 5.275352765068945, 'Novelty': 0.9351524879614768}
Epoch: 32:
	Train Loss: 0.439 --- Reconstruction Loss: 0.429 --- KL Loss: 40.422 --- Beta: 0.000250
	Validity: 0.53% --- Uniquene@1000: 0.79% --- Unique@10000: 0.46%

{'valid': 0.39636666666666664, 'unique@1000': 0.852, 'unique@10000': 0.5364, 'FCD/Test': 19.093096459962297, 'SNN/Test': 0.579633835499185, 'Frag/Test': 0.889993308742067, 'Scaf/Test': 0.21080130030769206, 'FCD/TestSF': 20.04826764490616, 'SNN/TestSF': 0.5074123773354476, 'Frag/TestSF': 0.877739275790205, 'Scaf/TestSF': 0.031712500032810786, 'IntDiv': 0.7913734701862606, 'IntDiv2': 0.7790535320150229, 'Filters': 0.9528214616096207, 'logP': 0.21897836704335413, 'SA': 0.05914767681280035, 'QED': 0.04135929469063224, 'weight': 10.874534693773748, 'Novelty': 0.9300676232888009}
Epoch: 33:
	Train Loss: 0.435 --- Reconstruction Loss: 0.424 --- KL Loss: 37.147 --- Beta: 0.000280
	Validity: 0.40% --- Uniquene@1000: 0.85% --- Unique@10000: 0.54%

{'valid': 0.37906666666666666, 'unique@1000': 0.855, 'unique@10000': 0.5555, 'FCD/Test': 19.046553449432068, 'SNN/Test': 0.5757697817138644, 'Frag/Test': 0.8675257248593105, 'Scaf/Test': 0.14079354882037287, 'FCD/TestSF': 19.873800166737524, 'SNN/TestSF': 0.5017418257139998, 'Frag/TestSF': 0.8552670652705443, 'Scaf/TestSF': 0.025896690067692796, 'IntDiv': 0.7935532228321458, 'IntDiv2': 0.7800546921667711, 'Filters': 0.959110094970102, 'logP': 0.33825420998973554, 'SA': 0.07212589678262166, 'QED': 0.05988737124195968, 'weight': 7.492558361629386, 'Novelty': 0.9454396055875103}
Epoch: 34:
	Train Loss: 0.430 --- Reconstruction Loss: 0.419 --- KL Loss: 34.485 --- Beta: 0.000310
	Validity: 0.38% --- Uniquene@1000: 0.85% --- Unique@10000: 0.56%

/home/80027464/graphvae/metrics.py:527: UserWarning: Can't compute unique@10000.gen contains only 6998 molecules
  warnings.warn(
{'valid': 0.23326666666666662, 'unique@1000': 0.864, 'unique@10000': 0.6367533581023149, 'FCD/Test': 18.03770085549396, 'SNN/Test': 0.5299539793667094, 'Frag/Test': 0.8710371251616251, 'Scaf/Test': 0.1527934492278782, 'FCD/TestSF': 18.99691238093059, 'SNN/TestSF': 0.46925495455063354, 'Frag/TestSF': 0.8568921049020344, 'Scaf/TestSF': 0.014711981639294325, 'IntDiv': 0.8099851163070262, 'IntDiv2': 0.7976436920123497, 'Filters': 0.857959416976279, 'logP': 0.2973870780191368, 'SA': 0.16451777037700396, 'QED': 0.0470145086201026, 'weight': 10.874398592234337, 'Novelty': 0.9483842010771992}
Epoch: 35:
	Train Loss: 0.424 --- Reconstruction Loss: 0.413 --- KL Loss: 31.801 --- Beta: 0.000340
	Validity: 0.23% --- Uniquene@1000: 0.86% --- Unique@10000: 0.64%

{'valid': 0.3897666666666667, 'unique@1000': 0.877, 'unique@10000': 0.6028, 'FCD/Test': 16.78990999166208, 'SNN/Test': 0.600267688337327, 'Frag/Test': 0.908772447481533, 'Scaf/Test': 0.22603773263446558, 'FCD/TestSF': 17.693074968979474, 'SNN/TestSF': 0.5236207509592888, 'Frag/TestSF': 0.8975755830970884, 'Scaf/TestSF': 0.03646222215889172, 'IntDiv': 0.8012018785025943, 'IntDiv2': 0.7892508832842976, 'Filters': 0.969041306764731, 'logP': 0.36939914773403704, 'SA': 0.17516147925977327, 'QED': 0.04131759669844848, 'weight': 11.016118554293916, 'Novelty': 0.9144921126345275}
Epoch: 36:
	Train Loss: 0.420 --- Reconstruction Loss: 0.409 --- KL Loss: 29.667 --- Beta: 0.000370
	Validity: 0.39% --- Uniquene@1000: 0.88% --- Unique@10000: 0.60%

/home/80027464/graphvae/metrics.py:527: UserWarning: Can't compute unique@10000.gen contains only 6180 molecules
  warnings.warn(
{'valid': 0.20599999999999996, 'unique@1000': 0.866, 'unique@10000': 0.6563106796116505, 'FCD/Test': 17.27428924590405, 'SNN/Test': 0.542949495081184, 'Frag/Test': 0.9121205743777021, 'Scaf/Test': 0.20158969053089604, 'FCD/TestSF': 17.602344785012377, 'SNN/TestSF': 0.504097744870726, 'Frag/TestSF': 0.9061026202186827, 'Scaf/TestSF': 0.047394348261126096, 'IntDiv': 0.8252398733319084, 'IntDiv2': 0.812930524924524, 'Filters': 0.8603559870550161, 'logP': 0.5304961843820964, 'SA': 0.04424517549240037, 'QED': 0.027727008272411556, 'weight': 6.345833366494604, 'Novelty': 0.9410749506903353}
Epoch: 37:
	Train Loss: 0.415 --- Reconstruction Loss: 0.403 --- KL Loss: 27.921 --- Beta: 0.000400
	Validity: 0.21% --- Uniquene@1000: 0.87% --- Unique@10000: 0.66%

{'valid': 0.4877, 'unique@1000': 0.918, 'unique@10000': 0.6509, 'FCD/Test': 16.54170591886809, 'SNN/Test': 0.5980016643611872, 'Frag/Test': 0.909111770983267, 'Scaf/Test': 0.23226537324418373, 'FCD/TestSF': 17.04849641358586, 'SNN/TestSF': 0.545680600757943, 'Frag/TestSF': 0.8987512729214817, 'Scaf/TestSF': 0.05850836946657023, 'IntDiv': 0.8022719315903568, 'IntDiv2': 0.7911665879579902, 'Filters': 0.9654842457795093, 'logP': 0.22654093742427592, 'SA': 0.2233414305585278, 'QED': 0.02772236141886234, 'weight': 8.928454487321966, 'Novelty': 0.927059364933272}
Epoch: 38:
	Train Loss: 0.410 --- Reconstruction Loss: 0.399 --- KL Loss: 26.068 --- Beta: 0.000430
	Validity: 0.49% --- Uniquene@1000: 0.92% --- Unique@10000: 0.65%

/home/80027464/graphvae/metrics.py:527: UserWarning: Can't compute unique@10000.gen contains only 8128 molecules
  warnings.warn(
{'valid': 0.27093333333333336, 'unique@1000': 0.909, 'unique@10000': 0.6824557086614174, 'FCD/Test': 16.837943473483676, 'SNN/Test': 0.5671233667214731, 'Frag/Test': 0.9327805321158783, 'Scaf/Test': 0.22963794425276451, 'FCD/TestSF': 17.033529026228933, 'SNN/TestSF': 0.5211920829775823, 'Frag/TestSF': 0.9284478656489576, 'Scaf/TestSF': 0.028111530988678024, 'IntDiv': 0.8117615583949394, 'IntDiv2': 0.801414307930688, 'Filters': 0.9426673228346457, 'logP': 0.5083619071382247, 'SA': 0.11691301943929698, 'QED': 0.02221012226325638, 'weight': 5.763768919350454, 'Novelty': 0.9257256174508743}
Epoch: 39:
	Train Loss: 0.407 --- Reconstruction Loss: 0.395 --- KL Loss: 24.898 --- Beta: 0.000460
	Validity: 0.27% --- Uniquene@1000: 0.91% --- Unique@10000: 0.68%

{'valid': 0.4247666666666666, 'unique@1000': 0.927, 'unique@10000': 0.7527, 'FCD/Test': 15.283460851040537, 'SNN/Test': 0.5759638255603982, 'Frag/Test': 0.8999323392314638, 'Scaf/Test': 0.24512727083792585, 'FCD/TestSF': 15.593771137559017, 'SNN/TestSF': 0.5243436488419605, 'Frag/TestSF': 0.8911328888500916, 'Scaf/TestSF': 0.03735199536499534, 'IntDiv': 0.8181479723517062, 'IntDiv2': 0.8071413530757933, 'Filters': 0.9708075021580476, 'logP': 0.378896071976177, 'SA': 0.12188937896828451, 'QED': 0.04785399715497766, 'weight': 5.230894655303701, 'Novelty': 0.9380196523053665}
Epoch: 40:
	Train Loss: 0.402 --- Reconstruction Loss: 0.390 --- KL Loss: 23.651 --- Beta: 0.000490
	Validity: 0.42% --- Uniquene@1000: 0.93% --- Unique@10000: 0.75%

{'valid': 0.40259999999999996, 'unique@1000': 0.939, 'unique@10000': 0.7498, 'FCD/Test': 15.65350861078062, 'SNN/Test': 0.5552554722899414, 'Frag/Test': 0.9215480756133185, 'Scaf/Test': 0.28992567645311973, 'FCD/TestSF': 16.68162458966144, 'SNN/TestSF': 0.4887316253719138, 'Frag/TestSF': 0.911322702244414, 'Scaf/TestSF': 0.025893613233649138, 'IntDiv': 0.81672563373084, 'IntDiv2': 0.8070191930968013, 'Filters': 0.9639841033283656, 'logP': 0.3510594063310948, 'SA': 0.022720973919350712, 'QED': 0.0347263709440722, 'weight': 16.36725743541671, 'Novelty': 0.9465666211914506}
Epoch: 41:
	Train Loss: 0.387 --- Reconstruction Loss: 0.383 --- KL Loss: 38.094 --- Beta: 0.000100
	Validity: 0.40% --- Uniquene@1000: 0.94% --- Unique@10000: 0.75%

{'valid': 0.4198333333333333, 'unique@1000': 0.915, 'unique@10000': 0.6952, 'FCD/Test': 16.207862893674694, 'SNN/Test': 0.5579192586612872, 'Frag/Test': 0.9440256148204137, 'Scaf/Test': 0.23094898637991113, 'FCD/TestSF': 16.677039046576468, 'SNN/TestSF': 0.5083195805466805, 'Frag/TestSF': 0.9359233562200813, 'Scaf/TestSF': 0.06723140803165073, 'IntDiv': 0.8141543406139502, 'IntDiv2': 0.8045707809453406, 'Filters': 0.9506153235410877, 'logP': 0.33395414280386015, 'SA': 0.0793292923592712, 'QED': 0.02274055596488953, 'weight': 16.598060859137608, 'Novelty': 0.9325249129547365}
Epoch: 42:
	Train Loss: 0.383 --- Reconstruction Loss: 0.378 --- KL Loss: 39.342 --- Beta: 0.000130
	Validity: 0.42% --- Uniquene@1000: 0.92% --- Unique@10000: 0.70%

{'valid': 0.6052666666666666, 'unique@1000': 0.927, 'unique@10000': 0.6919, 'FCD/Test': 16.403044627503427, 'SNN/Test': 0.5790366834809778, 'Frag/Test': 0.9363598253089558, 'Scaf/Test': 0.24552481303951923, 'FCD/TestSF': 17.2097980330754, 'SNN/TestSF': 0.5156970996081809, 'Frag/TestSF': 0.9288962292324024, 'Scaf/TestSF': 0.02993097336935535, 'IntDiv': 0.8152892507462177, 'IntDiv2': 0.8043766219796273, 'Filters': 0.9763189778609979, 'logP': 0.2958213745701686, 'SA': 0.1294900377133519, 'QED': 0.02358026835359736, 'weight': 17.056873023119007, 'Novelty': 0.9152617568766637}
Epoch: 43:
	Train Loss: 0.380 --- Reconstruction Loss: 0.374 --- KL Loss: 37.821 --- Beta: 0.000160
	Validity: 0.61% --- Uniquene@1000: 0.93% --- Unique@10000: 0.69%

{'valid': 0.5125, 'unique@1000': 0.925, 'unique@10000': 0.7415, 'FCD/Test': 16.244294900542172, 'SNN/Test': 0.5539674878634089, 'Frag/Test': 0.936997123850524, 'Scaf/Test': 0.2016455047489576, 'FCD/TestSF': 16.9891222204474, 'SNN/TestSF': 0.49318490405489757, 'Frag/TestSF': 0.927927614840141, 'Scaf/TestSF': 0.030745249869197133, 'IntDiv': 0.8218686925304685, 'IntDiv2': 0.8116234212917863, 'Filters': 0.9698861788617886, 'logP': 0.25457413649894617, 'SA': 0.029794523160617335, 'QED': 0.022409065914466925, 'weight': 18.228017083658212, 'Novelty': 0.9328751647524007}
Epoch: 44:
	Train Loss: 0.377 --- Reconstruction Loss: 0.370 --- KL Loss: 35.622 --- Beta: 0.000190
	Validity: 0.51% --- Uniquene@1000: 0.93% --- Unique@10000: 0.74%

{'valid': 0.5311333333333333, 'unique@1000': 0.939, 'unique@10000': 0.7541, 'FCD/Test': 15.537092809331476, 'SNN/Test': 0.5441145296862602, 'Frag/Test': 0.9234350836858424, 'Scaf/Test': 0.23769331034499686, 'FCD/TestSF': 16.286310798136235, 'SNN/TestSF': 0.48640795950011567, 'Frag/TestSF': 0.9141098399074654, 'Scaf/TestSF': 0.031413254939456126, 'IntDiv': 0.8256014221712787, 'IntDiv2': 0.8158176738865478, 'Filters': 0.9489770302497803, 'logP': 0.2608804877353114, 'SA': 0.03875221121052362, 'QED': 0.01762161462274618, 'weight': 17.212927939265818, 'Novelty': 0.935454791309835}
Epoch: 45:
	Train Loss: 0.374 --- Reconstruction Loss: 0.367 --- KL Loss: 33.520 --- Beta: 0.000220
	Validity: 0.53% --- Uniquene@1000: 0.94% --- Unique@10000: 0.75%

{'valid': 0.48429999999999995, 'unique@1000': 0.951, 'unique@10000': 0.7834, 'FCD/Test': 14.440994279323185, 'SNN/Test': 0.540223453919782, 'Frag/Test': 0.9196450952720406, 'Scaf/Test': 0.20988493624036686, 'FCD/TestSF': 15.370773062106963, 'SNN/TestSF': 0.47759640660303343, 'Frag/TestSF': 0.9101256795362317, 'Scaf/TestSF': 0.02734606308357912, 'IntDiv': 0.8348235718040472, 'IntDiv2': 0.8246561261549402, 'Filters': 0.9552618900130773, 'logP': 0.20101739241383465, 'SA': 0.013880378739643352, 'QED': 0.010551269153249419, 'weight': 26.177610715919766, 'Novelty': 0.9394420080246337}
Epoch: 46:
	Train Loss: 0.371 --- Reconstruction Loss: 0.363 --- KL Loss: 31.860 --- Beta: 0.000250
	Validity: 0.48% --- Uniquene@1000: 0.95% --- Unique@10000: 0.78%

{'valid': 0.5718, 'unique@1000': 0.969, 'unique@10000': 0.8087, 'FCD/Test': 15.835040923841234, 'SNN/Test': 0.5434407243778534, 'Frag/Test': 0.916248256886785, 'Scaf/Test': 0.22128931116310435, 'FCD/TestSF': 16.700956495743213, 'SNN/TestSF': 0.48117472761884716, 'Frag/TestSF': 0.9054838148098902, 'Scaf/TestSF': 0.05217856946577626, 'IntDiv': 0.8256326399028326, 'IntDiv2': 0.8147605839061545, 'Filters': 0.9726011425906494, 'logP': 0.20509026996297255, 'SA': 0.0498749257981653, 'QED': 0.023759220137002508, 'weight': 24.779627805655632, 'Novelty': 0.9429917550058893}
Epoch: 47:
	Train Loss: 0.367 --- Reconstruction Loss: 0.359 --- KL Loss: 29.923 --- Beta: 0.000280
	Validity: 0.57% --- Uniquene@1000: 0.97% --- Unique@10000: 0.81%

{'valid': 0.5385, 'unique@1000': 0.975, 'unique@10000': 0.8529, 'FCD/Test': 13.906773202687724, 'SNN/Test': 0.5482860342705814, 'Frag/Test': 0.9272648265015083, 'Scaf/Test': 0.2793899270981053, 'FCD/TestSF': 14.59956942458426, 'SNN/TestSF': 0.4911790657868071, 'Frag/TestSF': 0.9180741165303417, 'Scaf/TestSF': 0.04223789841982328, 'IntDiv': 0.8337232238807575, 'IntDiv2': 0.8238820746786177, 'Filters': 0.9675642216032189, 'logP': 0.2360684950424445, 'SA': 0.04112290236630875, 'QED': 0.013629525777565986, 'weight': 21.20630611210089, 'Novelty': 0.9348212217159626}
Epoch: 48:
	Train Loss: 0.364 --- Reconstruction Loss: 0.355 --- KL Loss: 28.349 --- Beta: 0.000310
	Validity: 0.54% --- Uniquene@1000: 0.97% --- Unique@10000: 0.85%

{'valid': 0.5240666666666667, 'unique@1000': 0.981, 'unique@10000': 0.835, 'FCD/Test': 14.69572883206044, 'SNN/Test': 0.53842024259092, 'Frag/Test': 0.9276885058526085, 'Scaf/Test': 0.20421014915905322, 'FCD/TestSF': 15.471694305568505, 'SNN/TestSF': 0.48126450597087383, 'Frag/TestSF': 0.9197454926248918, 'Scaf/TestSF': 0.04054555523767389, 'IntDiv': 0.8327910522962497, 'IntDiv2': 0.8229466210051671, 'Filters': 0.9653988042233812, 'logP': 0.2611498574204797, 'SA': 0.012403235586907063, 'QED': 0.01728164940244562, 'weight': 21.917142812100472, 'Novelty': 0.9485068603712672}
Epoch: 49:
	Train Loss: 0.362 --- Reconstruction Loss: 0.353 --- KL Loss: 27.093 --- Beta: 0.000340
	Validity: 0.52% --- Uniquene@1000: 0.98% --- Unique@10000: 0.83%

{'valid': 0.5694333333333333, 'unique@1000': 0.95, 'unique@10000': 0.8062, 'FCD/Test': 15.205200806382386, 'SNN/Test': 0.5637589140811472, 'Frag/Test': 0.9324208857568282, 'Scaf/Test': 0.2369975649733338, 'FCD/TestSF': 16.048189181100547, 'SNN/TestSF': 0.50247372687648, 'Frag/TestSF': 0.9228559517020091, 'Scaf/TestSF': 0.04705312032096243, 'IntDiv': 0.8273995896063642, 'IntDiv2': 0.8165482196155156, 'Filters': 0.9769361353392262, 'logP': 0.26615740471877747, 'SA': 0.12422750621684507, 'QED': 0.014765234387874946, 'weight': 27.997264434795277, 'Novelty': 0.927291306398365}
Epoch: 50:
	Train Loss: 0.359 --- Reconstruction Loss: 0.349 --- KL Loss: 25.821 --- Beta: 0.000370
	Validity: 0.57% --- Uniquene@1000: 0.95% --- Unique@10000: 0.81%

{'valid': 0.6037333333333333, 'unique@1000': 0.966, 'unique@10000': 0.8402, 'FCD/Test': 14.169890067240665, 'SNN/Test': 0.5559527786669087, 'Frag/Test': 0.9236807129569227, 'Scaf/Test': 0.27800809713658814, 'FCD/TestSF': 14.819933325672295, 'SNN/TestSF': 0.5041754118063201, 'Frag/TestSF': 0.9166664578461596, 'Scaf/TestSF': 0.05538866219690175, 'IntDiv': 0.8342208339926787, 'IntDiv2': 0.8244351785339022, 'Filters': 0.9714553886925795, 'logP': 0.19389053347466478, 'SA': 0.06614026981754653, 'QED': 0.016406546526120256, 'weight': 21.187321584892775, 'Novelty': 0.9287327123906294}
Epoch: 51:
	Train Loss: 0.357 --- Reconstruction Loss: 0.347 --- KL Loss: 24.734 --- Beta: 0.000400
	Validity: 0.60% --- Uniquene@1000: 0.97% --- Unique@10000: 0.84%

{'valid': 0.4178333333333333, 'unique@1000': 0.977, 'unique@10000': 0.8579, 'FCD/Test': 13.352316306020263, 'SNN/Test': 0.5368940329083324, 'Frag/Test': 0.9088566117579978, 'Scaf/Test': 0.1702490892132693, 'FCD/TestSF': 14.13707104901355, 'SNN/TestSF': 0.4874801773793392, 'Frag/TestSF': 0.9011849784041073, 'Scaf/TestSF': 0.026511936417717985, 'IntDiv': 0.8372609783112076, 'IntDiv2': 0.8274265340732709, 'Filters': 0.9624252094136418, 'logP': 0.1378375421609481, 'SA': 0.03252621456259738, 'QED': 0.017024285243122085, 'weight': 20.77595689642479, 'Novelty': 0.9419170243204578}
Epoch: 52:
	Train Loss: 0.354 --- Reconstruction Loss: 0.344 --- KL Loss: 23.780 --- Beta: 0.000430
	Validity: 0.42% --- Uniquene@1000: 0.98% --- Unique@10000: 0.86%

{'valid': 0.6069, 'unique@1000': 0.97, 'unique@10000': 0.8661, 'FCD/Test': 13.529896363427596, 'SNN/Test': 0.552493389227536, 'Frag/Test': 0.9123044571907791, 'Scaf/Test': 0.2587194920264443, 'FCD/TestSF': 14.05418306288123, 'SNN/TestSF': 0.49713051975257916, 'Frag/TestSF': 0.9050320153400258, 'Scaf/TestSF': 0.04769163084925232, 'IntDiv': 0.8387492533915608, 'IntDiv2': 0.829127414663992, 'Filters': 0.9729774262646235, 'logP': 0.1735728905685049, 'SA': 0.07423717139446571, 'QED': 0.018166567633811945, 'weight': 22.12175054767013, 'Novelty': 0.928939866974345}
Epoch: 53:
	Train Loss: 0.353 --- Reconstruction Loss: 0.342 --- KL Loss: 22.836 --- Beta: 0.000460
	Validity: 0.61% --- Uniquene@1000: 0.97% --- Unique@10000: 0.87%

{'valid': 0.725, 'unique@1000': 0.964, 'unique@10000': 0.8477, 'FCD/Test': 13.883992833814617, 'SNN/Test': 0.5449275354736153, 'Frag/Test': 0.9340115288243219, 'Scaf/Test': 0.26472022652032523, 'FCD/TestSF': 14.542828170072859, 'SNN/TestSF': 0.49077897372533535, 'Frag/TestSF': 0.9259520738493807, 'Scaf/TestSF': 0.03210545060723702, 'IntDiv': 0.8400313496561936, 'IntDiv2': 0.8301153813599214, 'Filters': 0.9661609195402299, 'logP': 0.21430160949576202, 'SA': 0.026961737379749884, 'QED': 0.0170564232939666, 'weight': 25.20583414343528, 'Novelty': 0.9368036420270756}
Epoch: 54:
	Train Loss: 0.340 --- Reconstruction Loss: 0.336 --- KL Loss: 34.127 --- Beta: 0.000100
	Validity: 0.72% --- Uniquene@1000: 0.96% --- Unique@10000: 0.85%

{'valid': 0.6815, 'unique@1000': 0.974, 'unique@10000': 0.8556, 'FCD/Test': 13.844721011091657, 'SNN/Test': 0.5521107793000077, 'Frag/Test': 0.9476143053013428, 'Scaf/Test': 0.3108054518995238, 'FCD/TestSF': 14.571014091260913, 'SNN/TestSF': 0.49913408476453913, 'Frag/TestSF': 0.9411246311966741, 'Scaf/TestSF': 0.0487792211305077, 'IntDiv': 0.8353935371285143, 'IntDiv2': 0.8260951626865166, 'Filters': 0.9691367082416239, 'logP': 0.23445546941594603, 'SA': 0.050932769121577834, 'QED': 0.017685310413140986, 'weight': 28.39619120598859, 'Novelty': 0.9268462316641376}
Epoch: 55:
	Train Loss: 0.338 --- Reconstruction Loss: 0.334 --- KL Loss: 35.398 --- Beta: 0.000130
	Validity: 0.68% --- Uniquene@1000: 0.97% --- Unique@10000: 0.86%

{'valid': 0.7780666666666667, 'unique@1000': 0.974, 'unique@10000': 0.8432, 'FCD/Test': 13.792984391973718, 'SNN/Test': 0.5555277426447265, 'Frag/Test': 0.9426954448768371, 'Scaf/Test': 0.3038419710961754, 'FCD/TestSF': 14.606599244548342, 'SNN/TestSF': 0.49547636654620897, 'Frag/TestSF': 0.9337241165643472, 'Scaf/TestSF': 0.0494184439246107, 'IntDiv': 0.8324285105159066, 'IntDiv2': 0.8228372660512832, 'Filters': 0.9720246765487105, 'logP': 0.18250543148832568, 'SA': 0.06622907586978899, 'QED': 0.013176027724909448, 'weight': 28.319212504177983, 'Novelty': 0.9311832841244606}
Epoch: 56:
	Train Loss: 0.337 --- Reconstruction Loss: 0.332 --- KL Loss: 34.113 --- Beta: 0.000160
	Validity: 0.78% --- Uniquene@1000: 0.97% --- Unique@10000: 0.84%

{'valid': 0.5930333333333333, 'unique@1000': 0.968, 'unique@10000': 0.832, 'FCD/Test': 13.902600833033958, 'SNN/Test': 0.5475607733346648, 'Frag/Test': 0.9242855514851441, 'Scaf/Test': 0.25362740817039353, 'FCD/TestSF': 14.696968092115519, 'SNN/TestSF': 0.4895431010102711, 'Frag/TestSF': 0.9135585881821828, 'Scaf/TestSF': 0.028693048144032618, 'IntDiv': 0.8320033926160596, 'IntDiv2': 0.8220616011217532, 'Filters': 0.9724579843741218, 'logP': 0.19369173390520017, 'SA': 0.06371622746784246, 'QED': 0.011529277125244148, 'weight': 30.593910457210956, 'Novelty': 0.939258404270668}
Epoch: 57:
	Train Loss: 0.335 --- Reconstruction Loss: 0.329 --- KL Loss: 32.654 --- Beta: 0.000190
	Validity: 0.59% --- Uniquene@1000: 0.97% --- Unique@10000: 0.83%

{'valid': 0.6086, 'unique@1000': 0.98, 'unique@10000': 0.8498, 'FCD/Test': 13.387286184182742, 'SNN/Test': 0.5453643408751995, 'Frag/Test': 0.9491495473055219, 'Scaf/Test': 0.271736112833312, 'FCD/TestSF': 14.099148755520439, 'SNN/TestSF': 0.49247454246449984, 'Frag/TestSF': 0.9419032758356415, 'Scaf/TestSF': 0.05454660328059613, 'IntDiv': 0.8355631728456124, 'IntDiv2': 0.8260302566938398, 'Filters': 0.9581005586592178, 'logP': 0.18946629165436094, 'SA': 0.05009796351079351, 'QED': 0.013377120723398778, 'weight': 26.614195126571587, 'Novelty': 0.9378456858407079}
Epoch: 58:
	Train Loss: 0.333 --- Reconstruction Loss: 0.326 --- KL Loss: 31.173 --- Beta: 0.000220
	Validity: 0.61% --- Uniquene@1000: 0.98% --- Unique@10000: 0.85%

{'valid': 0.5954333333333333, 'unique@1000': 0.978, 'unique@10000': 0.8732, 'FCD/Test': 13.501319606518251, 'SNN/Test': 0.5427782763404021, 'Frag/Test': 0.9411236312326137, 'Scaf/Test': 0.251357825073516, 'FCD/TestSF': 14.334889792471415, 'SNN/TestSF': 0.4830014893526207, 'Frag/TestSF': 0.9318535173781134, 'Scaf/TestSF': 0.04299474375532131, 'IntDiv': 0.8355634241920654, 'IntDiv2': 0.8261896740536563, 'Filters': 0.9615406146783855, 'logP': 0.24298617218873844, 'SA': 0.04525140910271164, 'QED': 0.016313823596732807, 'weight': 29.185148927667367, 'Novelty': 0.9351347672202559}
Epoch: 59:
	Train Loss: 0.332 --- Reconstruction Loss: 0.325 --- KL Loss: 29.729 --- Beta: 0.000250
	Validity: 0.60% --- Uniquene@1000: 0.98% --- Unique@10000: 0.87%

{'valid': 0.5065333333333333, 'unique@1000': 0.981, 'unique@10000': 0.8824, 'FCD/Test': 13.282993930981391, 'SNN/Test': 0.5253581315373145, 'Frag/Test': 0.9260095895578292, 'Scaf/Test': 0.29671689218180597, 'FCD/TestSF': 13.849748735864857, 'SNN/TestSF': 0.47925270718276486, 'Frag/TestSF': 0.9191634766258383, 'Scaf/TestSF': 0.05926612437249745, 'IntDiv': 0.8496554589214629, 'IntDiv2': 0.8400940533846579, 'Filters': 0.9597262437483548, 'logP': 0.2755098955971225, 'SA': 0.021844362989726928, 'QED': 0.00970478282247997, 'weight': 29.834047830457237, 'Novelty': 0.9420470478267643}
Epoch: 60:
	Train Loss: 0.331 --- Reconstruction Loss: 0.323 --- KL Loss: 28.440 --- Beta: 0.000280
	Validity: 0.51% --- Uniquene@1000: 0.98% --- Unique@10000: 0.88%

{'valid': 0.6363, 'unique@1000': 0.982, 'unique@10000': 0.8854, 'FCD/Test': 13.105255720001708, 'SNN/Test': 0.535948714625936, 'Frag/Test': 0.9373012479749238, 'Scaf/Test': 0.26044669010650545, 'FCD/TestSF': 13.851794452468297, 'SNN/TestSF': 0.4835122387070361, 'Frag/TestSF': 0.9282857143795513, 'Scaf/TestSF': 0.039038508846129916, 'IntDiv': 0.8424417608479349, 'IntDiv2': 0.8329492466229799, 'Filters': 0.9666823825239667, 'logP': 0.1733277597464096, 'SA': 0.025324275599310934, 'QED': 0.009080499861309748, 'weight': 31.316050727408246, 'Novelty': 0.938366041758104}
Epoch: 61:
	Train Loss: 0.329 --- Reconstruction Loss: 0.320 --- KL Loss: 27.101 --- Beta: 0.000310
	Validity: 0.64% --- Uniquene@1000: 0.98% --- Unique@10000: 0.89%

{'valid': 0.5690999999999999, 'unique@1000': 0.984, 'unique@10000': 0.8925, 'FCD/Test': 13.492464945270108, 'SNN/Test': 0.5294411857812901, 'Frag/Test': 0.9248237775369735, 'Scaf/Test': 0.2847975080248648, 'FCD/TestSF': 14.0793201344271, 'SNN/TestSF': 0.48165552352484126, 'Frag/TestSF': 0.9183016357414162, 'Scaf/TestSF': 0.06909199532593313, 'IntDiv': 0.84673223489237, 'IntDiv2': 0.8377225862460616, 'Filters': 0.9524395243952439, 'logP': 0.20597069754358707, 'SA': 0.012434285854564584, 'QED': 0.013459671511654597, 'weight': 31.291272098078455, 'Novelty': 0.937206734750207}
Epoch: 62:
	Train Loss: 0.328 --- Reconstruction Loss: 0.319 --- KL Loss: 26.138 --- Beta: 0.000340
	Validity: 0.57% --- Uniquene@1000: 0.98% --- Unique@10000: 0.89%

{'valid': 0.5578000000000001, 'unique@1000': 0.981, 'unique@10000': 0.8992, 'FCD/Test': 11.877876300683788, 'SNN/Test': 0.5299812173380695, 'Frag/Test': 0.9349799413193696, 'Scaf/Test': 0.28184355993135, 'FCD/TestSF': 12.703149197980174, 'SNN/TestSF': 0.47755526827682343, 'Frag/TestSF': 0.9260078254488585, 'Scaf/TestSF': 0.05157478736184795, 'IntDiv': 0.8432502368749211, 'IntDiv2': 0.8341741411051833, 'Filters': 0.963726544759173, 'logP': 0.1608637029588465, 'SA': 0.044969369861917026, 'QED': 0.010334730574062633, 'weight': 26.66243699033879, 'Novelty': 0.9464780920687743}
Epoch: 63:
	Train Loss: 0.326 --- Reconstruction Loss: 0.317 --- KL Loss: 25.170 --- Beta: 0.000370
	Validity: 0.56% --- Uniquene@1000: 0.98% --- Unique@10000: 0.90%

{'valid': 0.5231333333333333, 'unique@1000': 0.99, 'unique@10000': 0.9021, 'FCD/Test': 12.449373275286256, 'SNN/Test': 0.5366775474714157, 'Frag/Test': 0.9238218354939145, 'Scaf/Test': 0.28746717074019346, 'FCD/TestSF': 13.153077135868777, 'SNN/TestSF': 0.4868603979026237, 'Frag/TestSF': 0.9179644820747208, 'Scaf/TestSF': 0.036468937043618865, 'IntDiv': 0.8482508384556878, 'IntDiv2': 0.8389334701949013, 'Filters': 0.9681406907098254, 'logP': 0.17568989061761883, 'SA': 0.01727131579610833, 'QED': 0.012822360196037682, 'weight': 28.787280811379173, 'Novelty': 0.938655276529936}
Epoch: 64:
	Train Loss: 0.325 --- Reconstruction Loss: 0.315 --- KL Loss: 24.309 --- Beta: 0.000400
	Validity: 0.52% --- Uniquene@1000: 0.99% --- Unique@10000: 0.90%

{'valid': 0.7326666666666667, 'unique@1000': 0.985, 'unique@10000': 0.9061, 'FCD/Test': 12.793491154262924, 'SNN/Test': 0.5509532171754917, 'Frag/Test': 0.9389405407967157, 'Scaf/Test': 0.3236324169257434, 'FCD/TestSF': 13.622592938627854, 'SNN/TestSF': 0.4937291806460349, 'Frag/TestSF': 0.9299568765066333, 'Scaf/TestSF': 0.048297046914524966, 'IntDiv': 0.8413642635397935, 'IntDiv2': 0.8317776824650497, 'Filters': 0.9730209281164696, 'logP': 0.1517795213379761, 'SA': 0.0585273371196083, 'QED': 0.014492594705102137, 'weight': 26.83904875184627, 'Novelty': 0.9264794109626397}
Epoch: 65:
	Train Loss: 0.324 --- Reconstruction Loss: 0.313 --- KL Loss: 23.514 --- Beta: 0.000430
	Validity: 0.73% --- Uniquene@1000: 0.98% --- Unique@10000: 0.91%

{'valid': 0.5883333333333334, 'unique@1000': 0.981, 'unique@10000': 0.92, 'FCD/Test': 12.77992851008122, 'SNN/Test': 0.5253842626305207, 'Frag/Test': 0.9220949838636104, 'Scaf/Test': 0.27522549374234306, 'FCD/TestSF': 13.597996131817808, 'SNN/TestSF': 0.47421859041151854, 'Frag/TestSF': 0.9166618258845557, 'Scaf/TestSF': 0.050605754428651784, 'IntDiv': 0.8518630744309998, 'IntDiv2': 0.8425977696272388, 'Filters': 0.9709915014164306, 'logP': 0.18898748089985087, 'SA': 0.050378949900026365, 'QED': 0.01294820847937841, 'weight': 27.458415845582728, 'Novelty': 0.9428608280665549}
Epoch: 66:
	Train Loss: 0.322 --- Reconstruction Loss: 0.312 --- KL Loss: 22.675 --- Beta: 0.000460
	Validity: 0.59% --- Uniquene@1000: 0.98% --- Unique@10000: 0.92%

{'valid': 0.7002666666666666, 'unique@1000': 0.987, 'unique@10000': 0.9058, 'FCD/Test': 12.276011078808104, 'SNN/Test': 0.5413529186730145, 'Frag/Test': 0.9348760173490258, 'Scaf/Test': 0.32079161672720957, 'FCD/TestSF': 13.03362695707218, 'SNN/TestSF': 0.4876661304347586, 'Frag/TestSF': 0.9271174251653922, 'Scaf/TestSF': 0.06024118208203455, 'IntDiv': 0.8454198209061865, 'IntDiv2': 0.8361231292967224, 'Filters': 0.9715346534653465, 'logP': 0.19574314852264935, 'SA': 0.04410914707038126, 'QED': 0.014911833995574116, 'weight': 30.404178772590335, 'Novelty': 0.9306284183502623}
Epoch: 67:
	Train Loss: 0.311 --- Reconstruction Loss: 0.308 --- KL Loss: 33.309 --- Beta: 0.000100
	Validity: 0.70% --- Uniquene@1000: 0.99% --- Unique@10000: 0.91%

{'valid': 0.7641666666666667, 'unique@1000': 0.991, 'unique@10000': 0.91, 'FCD/Test': 12.5221105060645, 'SNN/Test': 0.5452371853473013, 'Frag/Test': 0.9474534581321764, 'Scaf/Test': 0.31425423350779935, 'FCD/TestSF': 13.485062442072383, 'SNN/TestSF': 0.49215900896029746, 'Frag/TestSF': 0.9387856725002458, 'Scaf/TestSF': 0.05670656820297437, 'IntDiv': 0.8410622016248682, 'IntDiv2': 0.831642744594393, 'Filters': 0.9700763358778626, 'logP': 0.15691156416267632, 'SA': 0.06947050474647934, 'QED': 0.009893110695329336, 'weight': 33.4397873006102, 'Novelty': 0.9243040350328433}
Epoch: 68:
	Train Loss: 0.309 --- Reconstruction Loss: 0.305 --- KL Loss: 34.595 --- Beta: 0.000130
	Validity: 0.76% --- Uniquene@1000: 0.99% --- Unique@10000: 0.91%

{'valid': 0.7761, 'unique@1000': 0.986, 'unique@10000': 0.9034, 'FCD/Test': 13.02924230561726, 'SNN/Test': 0.5420502904926241, 'Frag/Test': 0.9318625795311727, 'Scaf/Test': 0.34830555740923186, 'FCD/TestSF': 13.951214650571615, 'SNN/TestSF': 0.4864318149160879, 'Frag/TestSF': 0.9231053454499867, 'Scaf/TestSF': 0.06271498951351673, 'IntDiv': 0.8433292736049813, 'IntDiv2': 0.8339843203197432, 'Filters': 0.9716531374822832, 'logP': 0.16306491293578107, 'SA': 0.04798766685976701, 'QED': 0.020004222189237718, 'weight': 32.64293319275114, 'Novelty': 0.930744534474851}
Epoch: 69:
	Train Loss: 0.308 --- Reconstruction Loss: 0.303 --- KL Loss: 33.444 --- Beta: 0.000160
	Validity: 0.78% --- Uniquene@1000: 0.99% --- Unique@10000: 0.90%

{'valid': 0.6864, 'unique@1000': 0.987, 'unique@10000': 0.912, 'FCD/Test': 12.457554198414343, 'SNN/Test': 0.536077694101194, 'Frag/Test': 0.9330167139613442, 'Scaf/Test': 0.2917272678384977, 'FCD/TestSF': 13.269295045234038, 'SNN/TestSF': 0.4850092420163445, 'Frag/TestSF': 0.9237860391644148, 'Scaf/TestSF': 0.06985406330060884, 'IntDiv': 0.8512096290614144, 'IntDiv2': 0.8416161015923743, 'Filters': 0.9711052836052836, 'logP': 0.1631792532278858, 'SA': 0.023719459662774254, 'QED': 0.008387618497473845, 'weight': 33.70539874001568, 'Novelty': 0.92400956284153}
Epoch: 70:
	Train Loss: 0.308 --- Reconstruction Loss: 0.302 --- KL Loss: 31.897 --- Beta: 0.000190
	Validity: 0.69% --- Uniquene@1000: 0.99% --- Unique@10000: 0.91%

{'valid': 0.6749333333333334, 'unique@1000': 0.989, 'unique@10000': 0.9088, 'FCD/Test': 12.686101526806993, 'SNN/Test': 0.5361094455768626, 'Frag/Test': 0.9349214060556816, 'Scaf/Test': 0.3422484882194907, 'FCD/TestSF': 13.454433724687973, 'SNN/TestSF': 0.4850210175551077, 'Frag/TestSF': 0.9276726082887861, 'Scaf/TestSF': 0.06536930180812806, 'IntDiv': 0.8501227072754283, 'IntDiv2': 0.8406513464354015, 'Filters': 0.969676017384433, 'logP': 0.17234576020310338, 'SA': 0.04006856043170585, 'QED': 0.010867713742309871, 'weight': 36.454590396670525, 'Novelty': 0.9327672846993589}
Epoch: 71:
	Train Loss: 0.308 --- Reconstruction Loss: 0.301 --- KL Loss: 30.676 --- Beta: 0.000220
	Validity: 0.67% --- Uniquene@1000: 0.99% --- Unique@10000: 0.91%

{'valid': 0.6764, 'unique@1000': 0.985, 'unique@10000': 0.8932, 'FCD/Test': 13.836172018035711, 'SNN/Test': 0.5335351492245416, 'Frag/Test': 0.9056734585871791, 'Scaf/Test': 0.24308604473726902, 'FCD/TestSF': 14.743768969137825, 'SNN/TestSF': 0.4759644563582471, 'Frag/TestSF': 0.8959541030568012, 'Scaf/TestSF': 0.04738376549887002, 'IntDiv': 0.8414407624052898, 'IntDiv2': 0.831776310515635, 'Filters': 0.9738813325448452, 'logP': 0.17509181744370608, 'SA': 0.041498954735263854, 'QED': 0.009882518755066598, 'weight': 31.192959310758223, 'Novelty': 0.9340770189283807}
Epoch: 72:
	Train Loss: 0.307 --- Reconstruction Loss: 0.299 --- KL Loss: 29.277 --- Beta: 0.000250
	Validity: 0.68% --- Uniquene@1000: 0.98% --- Unique@10000: 0.89%

{'valid': 0.7779333333333334, 'unique@1000': 0.995, 'unique@10000': 0.9293, 'FCD/Test': 12.650269833055141, 'SNN/Test': 0.5329932751125578, 'Frag/Test': 0.9172218828437992, 'Scaf/Test': 0.2962198450165683, 'FCD/TestSF': 13.47676971662532, 'SNN/TestSF': 0.48029593960547656, 'Frag/TestSF': 0.9076283477757602, 'Scaf/TestSF': 0.04673781756289941, 'IntDiv': 0.8485819604160445, 'IntDiv2': 0.8390949479479999, 'Filters': 0.9739909161024938, 'logP': 0.16803558638412772, 'SA': 0.03694148961876257, 'QED': 0.017506530275159977, 'weight': 32.166353165296016, 'Novelty': 0.9342892459826947}
Epoch: 73:
	Train Loss: 0.306 --- Reconstruction Loss: 0.298 --- KL Loss: 28.199 --- Beta: 0.000280
	Validity: 0.78% --- Uniquene@1000: 0.99% --- Unique@10000: 0.93%

{'valid': 0.6818, 'unique@1000': 0.993, 'unique@10000': 0.9175, 'FCD/Test': 12.135406794437657, 'SNN/Test': 0.5304505182013981, 'Frag/Test': 0.9285668689675884, 'Scaf/Test': 0.2930427371994363, 'FCD/TestSF': 12.945833915959959, 'SNN/TestSF': 0.4799630903541733, 'Frag/TestSF': 0.9197996767331921, 'Scaf/TestSF': 0.060937920087950626, 'IntDiv': 0.8505591280531604, 'IntDiv2': 0.8413228712503831, 'Filters': 0.9673902415175516, 'logP': 0.17893422814377805, 'SA': 0.023814920710773627, 'QED': 0.008702163138150743, 'weight': 34.86656966291952, 'Novelty': 0.9331731575124322}
Epoch: 74:
	Train Loss: 0.305 --- Reconstruction Loss: 0.296 --- KL Loss: 27.131 --- Beta: 0.000310
	Validity: 0.68% --- Uniquene@1000: 0.99% --- Unique@10000: 0.92%

{'valid': 0.7821, 'unique@1000': 0.997, 'unique@10000': 0.9425, 'FCD/Test': 11.584973253287139, 'SNN/Test': 0.5286326924569872, 'Frag/Test': 0.923894586876077, 'Scaf/Test': 0.345930491554974, 'FCD/TestSF': 12.560358707765225, 'SNN/TestSF': 0.47568308132559434, 'Frag/TestSF': 0.9135173732826114, 'Scaf/TestSF': 0.06666830692611003, 'IntDiv': 0.8479910618551827, 'IntDiv2': 0.8389836431510325, 'Filters': 0.970762477091591, 'logP': 0.1511394024092054, 'SA': 0.015948668302647694, 'QED': 0.017545065260731272, 'weight': 34.73661939061787, 'Novelty': 0.9432634300488365}
Epoch: 75:
	Train Loss: 0.304 --- Reconstruction Loss: 0.295 --- KL Loss: 25.832 --- Beta: 0.000340
	Validity: 0.78% --- Uniquene@1000: 1.00% --- Unique@10000: 0.94%

{'valid': 0.752, 'unique@1000': 0.987, 'unique@10000': 0.9298, 'FCD/Test': 12.658033456979688, 'SNN/Test': 0.5361229899914024, 'Frag/Test': 0.9194173650186483, 'Scaf/Test': 0.3420894262497095, 'FCD/TestSF': 13.481023883647964, 'SNN/TestSF': 0.4832977427024368, 'Frag/TestSF': 0.9103651517628597, 'Scaf/TestSF': 0.05786877548083991, 'IntDiv': 0.8475762866895615, 'IntDiv2': 0.8382808022914217, 'Filters': 0.9684397163120567, 'logP': 0.1642698531164153, 'SA': 0.03131016302194239, 'QED': 0.01469821254658177, 'weight': 30.92737282271241, 'Novelty': 0.9319043526616451}
Epoch: 76:
	Train Loss: 0.303 --- Reconstruction Loss: 0.293 --- KL Loss: 25.050 --- Beta: 0.000370
	Validity: 0.75% --- Uniquene@1000: 0.99% --- Unique@10000: 0.93%

{'valid': 0.7219666666666666, 'unique@1000': 0.996, 'unique@10000': 0.9399, 'FCD/Test': 13.004163501138464, 'SNN/Test': 0.5206912819364404, 'Frag/Test': 0.9172975018479179, 'Scaf/Test': 0.2753721596555865, 'FCD/TestSF': 13.883869384703907, 'SNN/TestSF': 0.4695036621706941, 'Frag/TestSF': 0.9092836279198945, 'Scaf/TestSF': 0.054496551083832, 'IntDiv': 0.8507673699349094, 'IntDiv2': 0.8418384785953421, 'Filters': 0.9705895932406852, 'logP': 0.1787192641307929, 'SA': 0.02806867630508961, 'QED': 0.010665995277079586, 'weight': 30.46968476360612, 'Novelty': 0.9393955023726016}
Epoch: 77:
	Train Loss: 0.302 --- Reconstruction Loss: 0.292 --- KL Loss: 24.251 --- Beta: 0.000400
	Validity: 0.72% --- Uniquene@1000: 1.00% --- Unique@10000: 0.94%

{'valid': 0.7723666666666666, 'unique@1000': 0.994, 'unique@10000': 0.9505, 'FCD/Test': 12.788411185666398, 'SNN/Test': 0.524777116051799, 'Frag/Test': 0.9266650423016063, 'Scaf/Test': 0.3209718374094459, 'FCD/TestSF': 13.669105835375241, 'SNN/TestSF': 0.4742249879500672, 'Frag/TestSF': 0.9180037255250106, 'Scaf/TestSF': 0.07043707768420515, 'IntDiv': 0.8503470693683085, 'IntDiv2': 0.8412348773318894, 'Filters': 0.9701350826464115, 'logP': 0.1544723237333187, 'SA': 0.02773312942629474, 'QED': 0.011912940606784753, 'weight': 30.51431939208327, 'Novelty': 0.9388458225667528}
Epoch: 78:
	Train Loss: 0.301 --- Reconstruction Loss: 0.290 --- KL Loss: 23.516 --- Beta: 0.000430
	Validity: 0.77% --- Uniquene@1000: 0.99% --- Unique@10000: 0.95%

{'valid': 0.7989333333333333, 'unique@1000': 0.992, 'unique@10000': 0.9446, 'FCD/Test': 12.055394646581348, 'SNN/Test': 0.5392873231744336, 'Frag/Test': 0.928287110021352, 'Scaf/Test': 0.37053807037409503, 'FCD/TestSF': 12.913016800060902, 'SNN/TestSF': 0.4888093006562128, 'Frag/TestSF': 0.9194065881640282, 'Scaf/TestSF': 0.07564381035391676, 'IntDiv': 0.845478251409669, 'IntDiv2': 0.8365336215609619, 'Filters': 0.9749248998664887, 'logP': 0.15020637589006886, 'SA': 0.04199275083130641, 'QED': 0.009723854719302252, 'weight': 30.403596152339308, 'Novelty': 0.9287663498635551}
Epoch: 79:
	Train Loss: 0.300 --- Reconstruction Loss: 0.289 --- KL Loss: 22.788 --- Beta: 0.000460
	Validity: 0.80% --- Uniquene@1000: 0.99% --- Unique@10000: 0.94%

{'valid': 0.7402, 'unique@1000': 0.998, 'unique@10000': 0.9475, 'FCD/Test': 11.969578757960605, 'SNN/Test': 0.5325118361679614, 'Frag/Test': 0.9326663194792151, 'Scaf/Test': 0.33832226617301875, 'FCD/TestSF': 12.791663903449844, 'SNN/TestSF': 0.48404203582325894, 'Frag/TestSF': 0.924027708617298, 'Scaf/TestSF': 0.06034192918163972, 'IntDiv': 0.8506873101756526, 'IntDiv2': 0.841500724811665, 'Filters': 0.9665856074934702, 'logP': 0.16019237399955377, 'SA': 0.02561961914304413, 'QED': 0.011096336535465264, 'weight': 31.427144258587994, 'Novelty': 0.9341129634237373}
Epoch: 80:
	Train Loss: 0.299 --- Reconstruction Loss: 0.288 --- KL Loss: 22.174 --- Beta: 0.000490
	Validity: 0.74% --- Uniquene@1000: 1.00% --- Unique@10000: 0.95%

