2024-02-15 02:31:21.044605: E external/local_xla/xla/stream_executor/cuda/cuda_dnn.cc:9261] Unable to register cuDNN factory: Attempting to register factory for plugin cuDNN when one has already been registered
2024-02-15 02:31:21.044682: E external/local_xla/xla/stream_executor/cuda/cuda_fft.cc:607] Unable to register cuFFT factory: Attempting to register factory for plugin cuFFT when one has already been registered
2024-02-15 02:31:21.045415: E external/local_xla/xla/stream_executor/cuda/cuda_blas.cc:1515] Unable to register cuBLAS factory: Attempting to register factory for plugin cuBLAS when one has already been registered
2024-02-15 02:31:21.049408: I tensorflow/core/platform/cpu_feature_guard.cc:182] This TensorFlow binary is optimized to use available CPU instructions in performance-critical operations.
To enable the following instructions: AVX2 FMA, in other operations, rebuild TensorFlow with the appropriate compiler flags.
2024-02-15 02:31:21.891944: W tensorflow/compiler/tf2tensorrt/utils/py_utils.cc:38] TF-TRT Warning: Could not find TensorRT

Arguments:
	data_path: data/moses_train.txt
	max_len: 30
	batch: 128
	d_model: 512
	d_latent: 256
	d_ff: 1024
	e_heads: 1
	d_heads: 8
	n_layers: 6
	dropout: 0.5
	lr: 0.0005
	n_epochs: 80
	kl_type: cyclic
	kl_w_start: 0.0001
	kl_w_end: 0.0005
	kl_cycle: 6
	kl_ratio: 0.5
	save_name: klcompare

Number of data: 88192

SMILES Vocab:
	 {'<START>': 0, '<END>': 1, '<PAD>': 2, 'C': 3, 'O': 4, 'c': 5, '1': 6, '(': 7, '=': 8, ')': 9, 'N': 10, 'n': 11, '2': 12, 'F': 13, 'Cl': 14, 'Br': 15, '#': 16, '3': 17, 'S': 18, 'o': 19, '-': 20, 's': 21, '[nH]': 22, '4': 23}

Graph Vocab:
	 {'C': 0, 'O': 1, 'N': 2, 'F': 3, 'Cl': 4, 'Br': 5, 'S': 6}


KL Annealer: [0.0001  0.00016 0.00022 0.00028 0.00034 0.0004  0.00046 0.0005  0.0005
 0.0005  0.0005  0.0005  0.0005  0.0001  0.00016 0.00022 0.00028 0.00034
 0.0004  0.00046 0.0005  0.0005  0.0005  0.0005  0.0005  0.0005  0.0001
 0.00016 0.00022 0.00028 0.00034 0.0004  0.00046 0.0005  0.0005  0.0005
 0.0005  0.0005  0.0005  0.0005  0.0001  0.00016 0.00022 0.00028 0.00034
 0.0004  0.00046 0.0005  0.0005  0.0005  0.0005  0.0005  0.0005  0.0001
 0.00016 0.00022 0.00028 0.00034 0.0004  0.00046 0.0005  0.0005  0.0005
 0.0005  0.0005  0.0005  0.0001  0.00016 0.00022 0.00028 0.00034 0.0004
 0.00046 0.0005  0.0005  0.0005  0.0005  0.0005  0.0005  0.0005 ]




#########################################################################
######################### START TRAINING ################################
#########################################################################




{'valid': 0.6285666666666667, 'unique@1000': 0.817, 'unique@10000': 0.4663, 'FCD/Test': 22.93716315623601, 'SNN/Test': 0.6185115917228265, 'Frag/Test': 0.8700184050004472, 'Scaf/Test': 0.470817099959961, 'FCD/TestSF': 24.292325017226446, 'SNN/TestSF': 0.5294547082637308, 'Frag/TestSF': 0.8567073996780001, 'Scaf/TestSF': 0.020064018940370354, 'IntDiv': 0.775036867493226, 'IntDiv2': 0.7603316535167863, 'Filters': 0.9819695603754574, 'logP': 0.39896356242100955, 'SA': 0.32163290011871737, 'QED': 0.05964444466544839, 'weight': 12.943387679617086, 'Novelty': 0.9229021723697288}
Epoch: 31:
	Train Loss: 0.451 --- Reconstruction Loss: 0.440 --- KL Loss: 33.146 --- Beta: 0.000340
	Validity: 0.63% --- Uniquene@1000: 0.82% --- Unique@10000: 0.47%

{'valid': 0.4534666666666667, 'unique@1000': 0.817, 'unique@10000': 0.4634, 'FCD/Test': 21.498123374115053, 'SNN/Test': 0.5930929685422811, 'Frag/Test': 0.9095938070075661, 'Scaf/Test': 0.2596275446100462, 'FCD/TestSF': 21.820297046935693, 'SNN/TestSF': 0.5392556679039379, 'Frag/TestSF': 0.9022854168312642, 'Scaf/TestSF': 0.02075559646267522, 'IntDiv': 0.7947701127421989, 'IntDiv2': 0.7804228763734158, 'Filters': 0.9598647456630403, 'logP': 0.6854822225519096, 'SA': 0.26818895248100366, 'QED': 0.038716604522896055, 'weight': 13.36504976283963, 'Novelty': 0.9277087344652547}
Epoch: 32:
	Train Loss: 0.446 --- Reconstruction Loss: 0.434 --- KL Loss: 29.779 --- Beta: 0.000400
	Validity: 0.45% --- Uniquene@1000: 0.82% --- Unique@10000: 0.46%

{'valid': 0.6064, 'unique@1000': 0.897, 'unique@10000': 0.6185, 'FCD/Test': 19.996448407768483, 'SNN/Test': 0.6012186391578894, 'Frag/Test': 0.8845126516766708, 'Scaf/Test': 0.27465147359066566, 'FCD/TestSF': 21.0265754502782, 'SNN/TestSF': 0.5122818632392097, 'Frag/TestSF': 0.873738265718931, 'Scaf/TestSF': 0.024481809640653496, 'IntDiv': 0.7919872682816647, 'IntDiv2': 0.7785530677713811, 'Filters': 0.9809256816182937, 'logP': 0.4451198671993179, 'SA': 0.22145310289095335, 'QED': 0.04982463046163823, 'weight': 11.676155533290698, 'Novelty': 0.9429470372312533}
Epoch: 33:
	Train Loss: 0.441 --- Reconstruction Loss: 0.429 --- KL Loss: 26.917 --- Beta: 0.000460
	Validity: 0.61% --- Uniquene@1000: 0.90% --- Unique@10000: 0.62%

{'valid': 0.45286666666666664, 'unique@1000': 0.912, 'unique@10000': 0.658, 'FCD/Test': 19.103947941021588, 'SNN/Test': 0.5809861029105212, 'Frag/Test': 0.8568794260821079, 'Scaf/Test': 0.2011212575159027, 'FCD/TestSF': 20.12448791852716, 'SNN/TestSF': 0.49807846998823563, 'Frag/TestSF': 0.8432797356383332, 'Scaf/TestSF': 0.026267672833652944, 'IntDiv': 0.7967090728700231, 'IntDiv2': 0.7838835742836865, 'Filters': 0.9682761666421316, 'logP': 0.5074676552363571, 'SA': 0.17216508988531004, 'QED': 0.07938396628494125, 'weight': 6.390184804830799, 'Novelty': 0.9521791767554479}
Epoch: 34:
	Train Loss: 0.435 --- Reconstruction Loss: 0.423 --- KL Loss: 24.824 --- Beta: 0.000500
	Validity: 0.45% --- Uniquene@1000: 0.91% --- Unique@10000: 0.66%

{'valid': 0.36939999999999995, 'unique@1000': 0.918, 'unique@10000': 0.6707, 'FCD/Test': 17.779622150561075, 'SNN/Test': 0.570077398041271, 'Frag/Test': 0.8960016965007233, 'Scaf/Test': 0.23323194684870086, 'FCD/TestSF': 18.769748828133444, 'SNN/TestSF': 0.49575266555056546, 'Frag/TestSF': 0.8860952394256917, 'Scaf/TestSF': 0.02838832371810629, 'IntDiv': 0.8121884756475104, 'IntDiv2': 0.7996887358990605, 'Filters': 0.9478433495758888, 'logP': 0.49614170502668264, 'SA': 0.11023044285328726, 'QED': 0.027653626716818026, 'weight': 10.873035632377372, 'Novelty': 0.9459533985936853}
Epoch: 35:
	Train Loss: 0.429 --- Reconstruction Loss: 0.417 --- KL Loss: 23.954 --- Beta: 0.000500
	Validity: 0.37% --- Uniquene@1000: 0.92% --- Unique@10000: 0.67%

{'valid': 0.5431, 'unique@1000': 0.909, 'unique@10000': 0.6613, 'FCD/Test': 16.218250833736626, 'SNN/Test': 0.5982257409551368, 'Frag/Test': 0.9276488216259534, 'Scaf/Test': 0.24699630041673037, 'FCD/TestSF': 16.95756527043332, 'SNN/TestSF': 0.5346348380159733, 'Frag/TestSF': 0.9180899275223983, 'Scaf/TestSF': 0.038358579221906, 'IntDiv': 0.8071815198942424, 'IntDiv2': 0.7955763114975056, 'Filters': 0.9787638863315534, 'logP': 0.38864094851377345, 'SA': 0.25134386892264504, 'QED': 0.031002608827966738, 'weight': 18.849051175909405, 'Novelty': 0.922981750695948}
Epoch: 36:
	Train Loss: 0.423 --- Reconstruction Loss: 0.411 --- KL Loss: 23.210 --- Beta: 0.000500
	Validity: 0.54% --- Uniquene@1000: 0.91% --- Unique@10000: 0.66%

{'valid': 0.5553666666666667, 'unique@1000': 0.933, 'unique@10000': 0.6885, 'FCD/Test': 17.573271807539214, 'SNN/Test': 0.5924833065467782, 'Frag/Test': 0.9046833518181332, 'Scaf/Test': 0.23653478339161138, 'FCD/TestSF': 18.514472746840717, 'SNN/TestSF': 0.521480353412619, 'Frag/TestSF': 0.8959186186399299, 'Scaf/TestSF': 0.026139204688680917, 'IntDiv': 0.8122670472530519, 'IntDiv2': 0.7997553947998093, 'Filters': 0.9782125922813757, 'logP': 0.4308472084534199, 'SA': 0.22444184696428057, 'QED': 0.023711164276653034, 'weight': 16.401292196672784, 'Novelty': 0.928994657600777}
Epoch: 37:
	Train Loss: 0.419 --- Reconstruction Loss: 0.407 --- KL Loss: 22.810 --- Beta: 0.000500
	Validity: 0.56% --- Uniquene@1000: 0.93% --- Unique@10000: 0.69%

{'valid': 0.5161666666666667, 'unique@1000': 0.952, 'unique@10000': 0.7551, 'FCD/Test': 16.236927922089833, 'SNN/Test': 0.5886890953852355, 'Frag/Test': 0.9248920196650365, 'Scaf/Test': 0.30931587476789757, 'FCD/TestSF': 16.86169794625718, 'SNN/TestSF': 0.5244125427547716, 'Frag/TestSF': 0.9157605237178242, 'Scaf/TestSF': 0.053193327674115554, 'IntDiv': 0.8109540768148177, 'IntDiv2': 0.799920658297974, 'Filters': 0.9711979334840168, 'logP': 0.49122829348278835, 'SA': 0.23590927889057137, 'QED': 0.023422385478416418, 'weight': 10.577867568827457, 'Novelty': 0.9251425418429281}
Epoch: 38:
	Train Loss: 0.413 --- Reconstruction Loss: 0.402 --- KL Loss: 22.146 --- Beta: 0.000500
	Validity: 0.52% --- Uniquene@1000: 0.95% --- Unique@10000: 0.76%

{'valid': 0.3649, 'unique@1000': 0.952, 'unique@10000': 0.7605, 'FCD/Test': 15.224238018483945, 'SNN/Test': 0.5596369568905438, 'Frag/Test': 0.9196005546410958, 'Scaf/Test': 0.1984675010160275, 'FCD/TestSF': 16.069159286233663, 'SNN/TestSF': 0.49980747190917413, 'Frag/TestSF': 0.9106536151357356, 'Scaf/TestSF': 0.05678166290848907, 'IntDiv': 0.8218044033152834, 'IntDiv2': 0.811432371620725, 'Filters': 0.9338631588563077, 'logP': 0.468993782009272, 'SA': 0.12185929430761065, 'QED': 0.018890269352351195, 'weight': 12.197496868765196, 'Novelty': 0.930816077953715}
Epoch: 39:
	Train Loss: 0.408 --- Reconstruction Loss: 0.397 --- KL Loss: 21.941 --- Beta: 0.000500
	Validity: 0.36% --- Uniquene@1000: 0.95% --- Unique@10000: 0.76%

{'valid': 0.4425, 'unique@1000': 0.965, 'unique@10000': 0.8261, 'FCD/Test': 14.780194951390321, 'SNN/Test': 0.5686456216223496, 'Frag/Test': 0.9027812490234535, 'Scaf/Test': 0.2677854880834676, 'FCD/TestSF': 15.425531989535017, 'SNN/TestSF': 0.506534862821385, 'Frag/TestSF': 0.8938446813654336, 'Scaf/TestSF': 0.03585204377725415, 'IntDiv': 0.8207332247548683, 'IntDiv2': 0.8104560319965496, 'Filters': 0.9704708097928437, 'logP': 0.4111444382390799, 'SA': 0.12523886157484324, 'QED': 0.02352768600519042, 'weight': 11.000209613935878, 'Novelty': 0.9418044402456306}
Epoch: 40:
	Train Loss: 0.403 --- Reconstruction Loss: 0.392 --- KL Loss: 21.570 --- Beta: 0.000500
	Validity: 0.44% --- Uniquene@1000: 0.96% --- Unique@10000: 0.83%

{'valid': 0.6243000000000001, 'unique@1000': 0.938, 'unique@10000': 0.7509, 'FCD/Test': 16.492192690802987, 'SNN/Test': 0.5708503107382628, 'Frag/Test': 0.9093004435703967, 'Scaf/Test': 0.2224329330668664, 'FCD/TestSF': 17.481593249291386, 'SNN/TestSF': 0.4975021894623589, 'Frag/TestSF': 0.8990388197115524, 'Scaf/TestSF': 0.03464849961420591, 'IntDiv': 0.8139664304302985, 'IntDiv2': 0.8038073071181877, 'Filters': 0.9738907576485664, 'logP': 0.4166524444286282, 'SA': 0.1248161691578442, 'QED': 0.01523811736133178, 'weight': 18.26400272534539, 'Novelty': 0.9360339444399968}
Epoch: 41:
	Train Loss: 0.389 --- Reconstruction Loss: 0.385 --- KL Loss: 35.492 --- Beta: 0.000100
	Validity: 0.62% --- Uniquene@1000: 0.94% --- Unique@10000: 0.75%

{'valid': 0.5537666666666667, 'unique@1000': 0.943, 'unique@10000': 0.7512, 'FCD/Test': 15.212143924007854, 'SNN/Test': 0.554852840005329, 'Frag/Test': 0.8986420116680347, 'Scaf/Test': 0.22574973398505527, 'FCD/TestSF': 16.036330568372463, 'SNN/TestSF': 0.5010726335412768, 'Frag/TestSF': 0.8901815964913478, 'Scaf/TestSF': 0.05983081865289519, 'IntDiv': 0.8253672563948505, 'IntDiv2': 0.8155862838870506, 'Filters': 0.9712273520736773, 'logP': 0.3567248036811968, 'SA': 0.12960718342787128, 'QED': 0.016590253807069567, 'weight': 25.66878334214341, 'Novelty': 0.9420264471494877}
Epoch: 42:
	Train Loss: 0.386 --- Reconstruction Loss: 0.380 --- KL Loss: 34.527 --- Beta: 0.000160
	Validity: 0.55% --- Uniquene@1000: 0.94% --- Unique@10000: 0.75%

{'valid': 0.5368999999999999, 'unique@1000': 0.953, 'unique@10000': 0.7906, 'FCD/Test': 15.031696954868785, 'SNN/Test': 0.5655700323405106, 'Frag/Test': 0.9281741060938979, 'Scaf/Test': 0.2648066973094265, 'FCD/TestSF': 16.015038357886752, 'SNN/TestSF': 0.4993392472159613, 'Frag/TestSF': 0.9190693068842319, 'Scaf/TestSF': 0.03152052961839957, 'IntDiv': 0.8243229379477491, 'IntDiv2': 0.8140935049570601, 'Filters': 0.9692680201154777, 'logP': 0.42040943732100444, 'SA': 0.11809813949890638, 'QED': 0.009621927776135703, 'weight': 19.015050317296403, 'Novelty': 0.9337227018791264}
Epoch: 43:
	Train Loss: 0.384 --- Reconstruction Loss: 0.377 --- KL Loss: 31.641 --- Beta: 0.000220
	Validity: 0.54% --- Uniquene@1000: 0.95% --- Unique@10000: 0.79%

{'valid': 0.5933999999999999, 'unique@1000': 0.968, 'unique@10000': 0.825, 'FCD/Test': 14.282105482767932, 'SNN/Test': 0.5564655990903464, 'Frag/Test': 0.9207530975250546, 'Scaf/Test': 0.2570793009875152, 'FCD/TestSF': 15.075147544077005, 'SNN/TestSF': 0.492156102974627, 'Frag/TestSF': 0.9109091844819046, 'Scaf/TestSF': 0.04365340500704051, 'IntDiv': 0.8303048406779485, 'IntDiv2': 0.8205021864349904, 'Filters': 0.9668576564430963, 'logP': 0.3879497434088421, 'SA': 0.08058704807911156, 'QED': 0.017782644005829212, 'weight': 17.746859119822563, 'Novelty': 0.9387589463587398}
Epoch: 44:
	Train Loss: 0.380 --- Reconstruction Loss: 0.372 --- KL Loss: 28.823 --- Beta: 0.000280
	Validity: 0.59% --- Uniquene@1000: 0.97% --- Unique@10000: 0.82%

{'valid': 0.5064, 'unique@1000': 0.977, 'unique@10000': 0.8201, 'FCD/Test': 13.96285185981597, 'SNN/Test': 0.5623946898833129, 'Frag/Test': 0.9138662024478467, 'Scaf/Test': 0.2627775272576023, 'FCD/TestSF': 14.81543891942458, 'SNN/TestSF': 0.5015003066578622, 'Frag/TestSF': 0.9046273861147704, 'Scaf/TestSF': 0.0500913905867707, 'IntDiv': 0.8319801711133016, 'IntDiv2': 0.8218895270090769, 'Filters': 0.9659689310163244, 'logP': 0.32961758607518243, 'SA': 0.0969323454212365, 'QED': 0.012850503692333268, 'weight': 20.570092571604796, 'Novelty': 0.931390977443609}
Epoch: 45:
	Train Loss: 0.378 --- Reconstruction Loss: 0.369 --- KL Loss: 26.533 --- Beta: 0.000340
	Validity: 0.51% --- Uniquene@1000: 0.98% --- Unique@10000: 0.82%

{'valid': 0.6627333333333334, 'unique@1000': 0.962, 'unique@10000': 0.8232, 'FCD/Test': 14.553207097218106, 'SNN/Test': 0.5552690917877661, 'Frag/Test': 0.9127391908876389, 'Scaf/Test': 0.2948854006587994, 'FCD/TestSF': 15.363305464149349, 'SNN/TestSF': 0.49582962763284294, 'Frag/TestSF': 0.9033838044208353, 'Scaf/TestSF': 0.0861437253970766, 'IntDiv': 0.8300259059366, 'IntDiv2': 0.8202449547294176, 'Filters': 0.9693692787445931, 'logP': 0.43286158203620734, 'SA': 0.10063461629321255, 'QED': 0.015503153762600905, 'weight': 19.674286046574483, 'Novelty': 0.9348749410099103}
Epoch: 46:
	Train Loss: 0.376 --- Reconstruction Loss: 0.366 --- KL Loss: 24.570 --- Beta: 0.000400
	Validity: 0.66% --- Uniquene@1000: 0.96% --- Unique@10000: 0.82%

{'valid': 0.6644333333333333, 'unique@1000': 0.981, 'unique@10000': 0.8703, 'FCD/Test': 14.14857448548149, 'SNN/Test': 0.5480138271402644, 'Frag/Test': 0.905091834658685, 'Scaf/Test': 0.24350474586109205, 'FCD/TestSF': 14.994243893215383, 'SNN/TestSF': 0.486702034299895, 'Frag/TestSF': 0.8947152712972092, 'Scaf/TestSF': 0.05998997874233758, 'IntDiv': 0.8290067345532519, 'IntDiv2': 0.8190660677408067, 'Filters': 0.971253699894647, 'logP': 0.3250749430008759, 'SA': 0.09750397767805674, 'QED': 0.033853081296175404, 'weight': 18.62727165709572, 'Novelty': 0.9473026192411077}
Epoch: 47:
	Train Loss: 0.373 --- Reconstruction Loss: 0.363 --- KL Loss: 22.836 --- Beta: 0.000460
	Validity: 0.66% --- Uniquene@1000: 0.98% --- Unique@10000: 0.87%

{'valid': 0.6795, 'unique@1000': 0.981, 'unique@10000': 0.8754, 'FCD/Test': 14.084083258279769, 'SNN/Test': 0.5641839247263615, 'Frag/Test': 0.9065898318222416, 'Scaf/Test': 0.2763716299784529, 'FCD/TestSF': 14.890578756984098, 'SNN/TestSF': 0.5035749930105345, 'Frag/TestSF': 0.8960062741182271, 'Scaf/TestSF': 0.047433481328358784, 'IntDiv': 0.829363078440721, 'IntDiv2': 0.8192158672177452, 'Filters': 0.963747853814079, 'logP': 0.31118506723845857, 'SA': 0.12084021462293265, 'QED': 0.0269409868887241, 'weight': 19.973409418795548, 'Novelty': 0.9310115081768625}
Epoch: 48:
	Train Loss: 0.370 --- Reconstruction Loss: 0.360 --- KL Loss: 21.645 --- Beta: 0.000500
	Validity: 0.68% --- Uniquene@1000: 0.98% --- Unique@10000: 0.88%

{'valid': 0.6272333333333333, 'unique@1000': 0.975, 'unique@10000': 0.8834, 'FCD/Test': 13.721187800202564, 'SNN/Test': 0.5375571550649253, 'Frag/Test': 0.9165056507138453, 'Scaf/Test': 0.20995856890766162, 'FCD/TestSF': 14.308958329133418, 'SNN/TestSF': 0.4863194610513523, 'Frag/TestSF': 0.9084753588187185, 'Scaf/TestSF': 0.05988016513603478, 'IntDiv': 0.8404818819908049, 'IntDiv2': 0.8310997770005205, 'Filters': 0.9659882021576234, 'logP': 0.3114188959953918, 'SA': 0.019070745222754242, 'QED': 0.019867868361073713, 'weight': 24.484049054607787, 'Novelty': 0.9475746867973016}
Epoch: 49:
	Train Loss: 0.366 --- Reconstruction Loss: 0.356 --- KL Loss: 21.326 --- Beta: 0.000500
	Validity: 0.63% --- Uniquene@1000: 0.97% --- Unique@10000: 0.88%

{'valid': 0.6379, 'unique@1000': 0.973, 'unique@10000': 0.8564, 'FCD/Test': 13.978415748804679, 'SNN/Test': 0.5678746082204421, 'Frag/Test': 0.9305022657374327, 'Scaf/Test': 0.3370566135637041, 'FCD/TestSF': 14.73919330169447, 'SNN/TestSF': 0.5088806216045688, 'Frag/TestSF': 0.9218157153962631, 'Scaf/TestSF': 0.08049870471992349, 'IntDiv': 0.8311726840057395, 'IntDiv2': 0.8213656108043634, 'Filters': 0.9624810576370382, 'logP': 0.3086341061901322, 'SA': 0.15148522389871735, 'QED': 0.014881353122377247, 'weight': 25.433269210917068, 'Novelty': 0.9271040424121935}
Epoch: 50:
	Train Loss: 0.363 --- Reconstruction Loss: 0.352 --- KL Loss: 21.152 --- Beta: 0.000500
	Validity: 0.64% --- Uniquene@1000: 0.97% --- Unique@10000: 0.86%

{'valid': 0.6655333333333333, 'unique@1000': 0.988, 'unique@10000': 0.8799, 'FCD/Test': 13.745907642519498, 'SNN/Test': 0.5591301097607644, 'Frag/Test': 0.9242597971218264, 'Scaf/Test': 0.30828287653627373, 'FCD/TestSF': 14.533513489815405, 'SNN/TestSF': 0.5022735792919986, 'Frag/TestSF': 0.9141264276745452, 'Scaf/TestSF': 0.07071426912502599, 'IntDiv': 0.8326642850763513, 'IntDiv2': 0.8231231132043746, 'Filters': 0.9660923570069118, 'logP': 0.19532988036483023, 'SA': 0.13989327108405897, 'QED': 0.015728903598929436, 'weight': 25.262724411610407, 'Novelty': 0.9299919955667755}
Epoch: 51:
	Train Loss: 0.360 --- Reconstruction Loss: 0.349 --- KL Loss: 21.080 --- Beta: 0.000500
	Validity: 0.67% --- Uniquene@1000: 0.99% --- Unique@10000: 0.88%

{'valid': 0.6685666666666666, 'unique@1000': 0.984, 'unique@10000': 0.8738, 'FCD/Test': 13.784937940591476, 'SNN/Test': 0.5514051831146891, 'Frag/Test': 0.9063086239050823, 'Scaf/Test': 0.26250668631431995, 'FCD/TestSF': 14.623901400795795, 'SNN/TestSF': 0.49123460307146, 'Frag/TestSF': 0.8953249467117551, 'Scaf/TestSF': 0.0450811537741983, 'IntDiv': 0.8362287286702512, 'IntDiv2': 0.8263435301347068, 'Filters': 0.962656429176846, 'logP': 0.23168970900234165, 'SA': 0.06728523070703765, 'QED': 0.023291880207946068, 'weight': 23.712167309077365, 'Novelty': 0.9351374570446735}
Epoch: 52:
	Train Loss: 0.357 --- Reconstruction Loss: 0.346 --- KL Loss: 20.935 --- Beta: 0.000500
	Validity: 0.67% --- Uniquene@1000: 0.98% --- Unique@10000: 0.87%

{'valid': 0.6091666666666666, 'unique@1000': 0.974, 'unique@10000': 0.8507, 'FCD/Test': 13.729930026149667, 'SNN/Test': 0.5551538772189992, 'Frag/Test': 0.9060450214401208, 'Scaf/Test': 0.2937587447201354, 'FCD/TestSF': 14.371156334330479, 'SNN/TestSF': 0.49764642394600095, 'Frag/TestSF': 0.8970374304730213, 'Scaf/TestSF': 0.06165537616643357, 'IntDiv': 0.835781787007353, 'IntDiv2': 0.8258210518957656, 'Filters': 0.9682079343365253, 'logP': 0.20845232482808376, 'SA': 0.09270859840013825, 'QED': 0.014509023421095654, 'weight': 26.701857776877098, 'Novelty': 0.9394648139230928}
Epoch: 53:
	Train Loss: 0.354 --- Reconstruction Loss: 0.344 --- KL Loss: 20.752 --- Beta: 0.000500
	Validity: 0.61% --- Uniquene@1000: 0.97% --- Unique@10000: 0.85%

{'valid': 0.7599666666666667, 'unique@1000': 0.971, 'unique@10000': 0.8657, 'FCD/Test': 13.290826209710673, 'SNN/Test': 0.5544482449160223, 'Frag/Test': 0.9385295654596686, 'Scaf/Test': 0.2830879277168046, 'FCD/TestSF': 14.03359059210078, 'SNN/TestSF': 0.5003939547833238, 'Frag/TestSF': 0.9290670078950994, 'Scaf/TestSF': 0.06566163844657014, 'IntDiv': 0.8382376163042522, 'IntDiv2': 0.828896899494385, 'Filters': 0.9642089565331813, 'logP': 0.21460290494976703, 'SA': 0.08257925662138613, 'QED': 0.008866408068120038, 'weight': 31.436627568337645, 'Novelty': 0.9272656118969084}
Epoch: 54:
	Train Loss: 0.341 --- Reconstruction Loss: 0.338 --- KL Loss: 32.163 --- Beta: 0.000100
	Validity: 0.76% --- Uniquene@1000: 0.97% --- Unique@10000: 0.87%

{'valid': 0.6719999999999999, 'unique@1000': 0.983, 'unique@10000': 0.8697, 'FCD/Test': 13.90019931992704, 'SNN/Test': 0.5391855202016553, 'Frag/Test': 0.9161003114663909, 'Scaf/Test': 0.23660467271457775, 'FCD/TestSF': 14.755023632977654, 'SNN/TestSF': 0.4836025182645591, 'Frag/TestSF': 0.9072693541239338, 'Scaf/TestSF': 0.0550527254551032, 'IntDiv': 0.8394605580753156, 'IntDiv2': 0.830028453780588, 'Filters': 0.9574900793650793, 'logP': 0.1988413824806718, 'SA': 0.03088151991532197, 'QED': 0.008994405161200146, 'weight': 30.984733442013326, 'Novelty': 0.9355219797301498}
Epoch: 55:
	Train Loss: 0.341 --- Reconstruction Loss: 0.336 --- KL Loss: 31.691 --- Beta: 0.000160
	Validity: 0.67% --- Uniquene@1000: 0.98% --- Unique@10000: 0.87%

{'valid': 0.6566000000000001, 'unique@1000': 0.977, 'unique@10000': 0.8801, 'FCD/Test': 13.353773760664794, 'SNN/Test': 0.5342780131041392, 'Frag/Test': 0.936745121229115, 'Scaf/Test': 0.24111499142335102, 'FCD/TestSF': 14.039483007478267, 'SNN/TestSF': 0.48465860511433206, 'Frag/TestSF': 0.9297128730381955, 'Scaf/TestSF': 0.03666469131209937, 'IntDiv': 0.8459682983993595, 'IntDiv2': 0.8365208594929389, 'Filters': 0.9610620367550005, 'logP': 0.16436961770123149, 'SA': 0.017761367220353944, 'QED': 0.013163354396217061, 'weight': 33.39265618584359, 'Novelty': 0.9394390667659469}
Epoch: 56:
	Train Loss: 0.340 --- Reconstruction Loss: 0.333 --- KL Loss: 29.215 --- Beta: 0.000220
	Validity: 0.66% --- Uniquene@1000: 0.98% --- Unique@10000: 0.88%

{'valid': 0.7659333333333334, 'unique@1000': 0.982, 'unique@10000': 0.8667, 'FCD/Test': 13.352357962706378, 'SNN/Test': 0.5527610561296257, 'Frag/Test': 0.9213811471968015, 'Scaf/Test': 0.33836514395160733, 'FCD/TestSF': 14.171517024943007, 'SNN/TestSF': 0.494669519026967, 'Frag/TestSF': 0.9107074141889558, 'Scaf/TestSF': 0.03883276570568517, 'IntDiv': 0.835999235714702, 'IntDiv2': 0.826283001856331, 'Filters': 0.9655322482374445, 'logP': 0.21034885737563364, 'SA': 0.09683206809076825, 'QED': 0.010176437608286161, 'weight': 30.79693148591823, 'Novelty': 0.9298487691798212}
Epoch: 57:
	Train Loss: 0.339 --- Reconstruction Loss: 0.331 --- KL Loss: 26.982 --- Beta: 0.000280
	Validity: 0.77% --- Uniquene@1000: 0.98% --- Unique@10000: 0.87%

{'valid': 0.6943333333333334, 'unique@1000': 0.988, 'unique@10000': 0.8819, 'FCD/Test': 13.793471062034243, 'SNN/Test': 0.5452382609520002, 'Frag/Test': 0.9106746776012262, 'Scaf/Test': 0.31370105920852775, 'FCD/TestSF': 14.640569850711664, 'SNN/TestSF': 0.4878019927222455, 'Frag/TestSF': 0.901418954708156, 'Scaf/TestSF': 0.035796801775931364, 'IntDiv': 0.840266295588063, 'IntDiv2': 0.8306393268525852, 'Filters': 0.9612097935669707, 'logP': 0.2254076411101395, 'SA': 0.04226191043022345, 'QED': 0.014098596405520173, 'weight': 25.253338447715826, 'Novelty': 0.9317792859250517}
Epoch: 58:
	Train Loss: 0.337 --- Reconstruction Loss: 0.329 --- KL Loss: 25.105 --- Beta: 0.000340
	Validity: 0.69% --- Uniquene@1000: 0.99% --- Unique@10000: 0.88%

{'valid': 0.7521666666666667, 'unique@1000': 0.992, 'unique@10000': 0.8936, 'FCD/Test': 13.838188220639353, 'SNN/Test': 0.5441399849936409, 'Frag/Test': 0.9197290169117668, 'Scaf/Test': 0.29413675628565106, 'FCD/TestSF': 14.512319729411693, 'SNN/TestSF': 0.49103395157924334, 'Frag/TestSF': 0.9116548248451286, 'Scaf/TestSF': 0.057675478114301515, 'IntDiv': 0.8416772658693121, 'IntDiv2': 0.8322289002441559, 'Filters': 0.9693773543097718, 'logP': 0.27391900489814813, 'SA': 0.0691323492322904, 'QED': 0.011141116765260275, 'weight': 29.032165502343904, 'Novelty': 0.9316082329425747}
Epoch: 59:
	Train Loss: 0.337 --- Reconstruction Loss: 0.327 --- KL Loss: 23.597 --- Beta: 0.000400
	Validity: 0.75% --- Uniquene@1000: 0.99% --- Unique@10000: 0.89%

{'valid': 0.6453666666666666, 'unique@1000': 0.985, 'unique@10000': 0.8957, 'FCD/Test': 13.201519319908996, 'SNN/Test': 0.5395373714617613, 'Frag/Test': 0.9132928437698484, 'Scaf/Test': 0.3107998881816263, 'FCD/TestSF': 13.904914146639797, 'SNN/TestSF': 0.4864324362669828, 'Frag/TestSF': 0.9046829045667022, 'Scaf/TestSF': 0.04242894353738025, 'IntDiv': 0.8459199319191926, 'IntDiv2': 0.83612692102552, 'Filters': 0.9685450131708073, 'logP': 0.18122799993395014, 'SA': 0.04659278642838691, 'QED': 0.013943560483086839, 'weight': 28.556155223580067, 'Novelty': 0.9375}
Epoch: 60:
	Train Loss: 0.335 --- Reconstruction Loss: 0.325 --- KL Loss: 22.136 --- Beta: 0.000460
	Validity: 0.65% --- Uniquene@1000: 0.98% --- Unique@10000: 0.90%

{'valid': 0.7283, 'unique@1000': 0.98, 'unique@10000': 0.9058, 'FCD/Test': 12.78814674752698, 'SNN/Test': 0.539129194196337, 'Frag/Test': 0.9094566899516109, 'Scaf/Test': 0.24150334742997448, 'FCD/TestSF': 13.437362034206345, 'SNN/TestSF': 0.489422818004493, 'Frag/TestSF': 0.9005226795267686, 'Scaf/TestSF': 0.05049532853564054, 'IntDiv': 0.8442380548411634, 'IntDiv2': 0.8347844330531984, 'Filters': 0.9626069843013411, 'logP': 0.1448525369143172, 'SA': 0.02294149172773686, 'QED': 0.012808175978130987, 'weight': 29.038659858205026, 'Novelty': 0.9366358192705498}
Epoch: 61:
	Train Loss: 0.335 --- Reconstruction Loss: 0.324 --- KL Loss: 21.174 --- Beta: 0.000500
	Validity: 0.73% --- Uniquene@1000: 0.98% --- Unique@10000: 0.91%

{'valid': 0.48629999999999995, 'unique@1000': 0.983, 'unique@10000': 0.8994, 'FCD/Test': 12.823094854190074, 'SNN/Test': 0.5209262514355021, 'Frag/Test': 0.9016103989733013, 'Scaf/Test': 0.29582965208298173, 'FCD/TestSF': 13.43512114312498, 'SNN/TestSF': 0.4735412251892929, 'Frag/TestSF': 0.8947203714687325, 'Scaf/TestSF': 0.059321636530098476, 'IntDiv': 0.8536642202925163, 'IntDiv2': 0.8440272283910243, 'Filters': 0.9520871889779972, 'logP': 0.2246711593762594, 'SA': 0.05944538213149871, 'QED': 0.011203696617399459, 'weight': 28.841514250963506, 'Novelty': 0.9451400845202692}
Epoch: 62:
	Train Loss: 0.332 --- Reconstruction Loss: 0.322 --- KL Loss: 20.856 --- Beta: 0.000500
	Validity: 0.49% --- Uniquene@1000: 0.98% --- Unique@10000: 0.90%

{'valid': 0.6557999999999999, 'unique@1000': 0.975, 'unique@10000': 0.8943, 'FCD/Test': 12.989342190130401, 'SNN/Test': 0.5429055149077799, 'Frag/Test': 0.8849880784833961, 'Scaf/Test': 0.3096359887538267, 'FCD/TestSF': 13.667947382039415, 'SNN/TestSF': 0.4913176142540455, 'Frag/TestSF': 0.8776174229563501, 'Scaf/TestSF': 0.06341232863274038, 'IntDiv': 0.8440927818663773, 'IntDiv2': 0.8345383818905397, 'Filters': 0.9713835518959032, 'logP': 0.2565396638994188, 'SA': 0.03825005074874055, 'QED': 0.012790674676819928, 'weight': 24.263309611195037, 'Novelty': 0.9305228876424824}
Epoch: 63:
	Train Loss: 0.330 --- Reconstruction Loss: 0.319 --- KL Loss: 20.698 --- Beta: 0.000500
	Validity: 0.66% --- Uniquene@1000: 0.97% --- Unique@10000: 0.89%

{'valid': 0.7890333333333334, 'unique@1000': 0.985, 'unique@10000': 0.9214, 'FCD/Test': 13.176611156532076, 'SNN/Test': 0.5366016581983784, 'Frag/Test': 0.9078765028797116, 'Scaf/Test': 0.33611097548989355, 'FCD/TestSF': 13.969013220459033, 'SNN/TestSF': 0.48593524344094546, 'Frag/TestSF': 0.8997493274194325, 'Scaf/TestSF': 0.06567706241922133, 'IntDiv': 0.849670629665038, 'IntDiv2': 0.8401822169197554, 'Filters': 0.972455747539183, 'logP': 0.19410810233615852, 'SA': 0.03798636654048828, 'QED': 0.010760988930391138, 'weight': 29.51978565286977, 'Novelty': 0.9356404097838341}
Epoch: 64:
	Train Loss: 0.328 --- Reconstruction Loss: 0.318 --- KL Loss: 20.560 --- Beta: 0.000500
	Validity: 0.79% --- Uniquene@1000: 0.98% --- Unique@10000: 0.92%

{'valid': 0.6385333333333334, 'unique@1000': 0.981, 'unique@10000': 0.9071, 'FCD/Test': 13.208368768077072, 'SNN/Test': 0.5460688658470922, 'Frag/Test': 0.9209871108445439, 'Scaf/Test': 0.309419171922225, 'FCD/TestSF': 13.957331229580817, 'SNN/TestSF': 0.49511592779335784, 'Frag/TestSF': 0.9120998092832863, 'Scaf/TestSF': 0.05937532173625104, 'IntDiv': 0.8429448758977107, 'IntDiv2': 0.8330541887767289, 'Filters': 0.9659114637711422, 'logP': 0.16679518190161952, 'SA': 0.05921644608267076, 'QED': 0.015614001606791963, 'weight': 26.687406487901857, 'Novelty': 0.9307383040935673}
Epoch: 65:
	Train Loss: 0.326 --- Reconstruction Loss: 0.316 --- KL Loss: 20.511 --- Beta: 0.000500
	Validity: 0.64% --- Uniquene@1000: 0.98% --- Unique@10000: 0.91%

{'valid': 0.6617999999999999, 'unique@1000': 0.993, 'unique@10000': 0.9193, 'FCD/Test': 12.693783773617682, 'SNN/Test': 0.5341555618332858, 'Frag/Test': 0.901952836473411, 'Scaf/Test': 0.3132879811699114, 'FCD/TestSF': 13.401895958552828, 'SNN/TestSF': 0.48305738290036876, 'Frag/TestSF': 0.8944343477460849, 'Scaf/TestSF': 0.054494900996339135, 'IntDiv': 0.8512588878675971, 'IntDiv2': 0.841814255449003, 'Filters': 0.9671099022866929, 'logP': 0.24982710638546257, 'SA': 0.03058651008333916, 'QED': 0.009865710284750395, 'weight': 27.670266693283537, 'Novelty': 0.9333333333333333}
Epoch: 66:
	Train Loss: 0.324 --- Reconstruction Loss: 0.314 --- KL Loss: 20.527 --- Beta: 0.000500
	Validity: 0.66% --- Uniquene@1000: 0.99% --- Unique@10000: 0.92%

{'valid': 0.7787666666666666, 'unique@1000': 0.986, 'unique@10000': 0.9005, 'FCD/Test': 13.6404706396128, 'SNN/Test': 0.5358505750603807, 'Frag/Test': 0.9037551521688875, 'Scaf/Test': 0.31196185408746113, 'FCD/TestSF': 14.257325795592962, 'SNN/TestSF': 0.48523336336031325, 'Frag/TestSF': 0.8957846377698023, 'Scaf/TestSF': 0.07920059229009446, 'IntDiv': 0.8484931022071367, 'IntDiv2': 0.8389286093812623, 'Filters': 0.9694388563112614, 'logP': 0.2617895278413049, 'SA': 0.04027296741464694, 'QED': 0.020309226934673123, 'weight': 28.518186001144443, 'Novelty': 0.9322578998417479}
Epoch: 67:
	Train Loss: 0.312 --- Reconstruction Loss: 0.309 --- KL Loss: 30.869 --- Beta: 0.000100
	Validity: 0.78% --- Uniquene@1000: 0.99% --- Unique@10000: 0.90%

{'valid': 0.5537333333333334, 'unique@1000': 0.977, 'unique@10000': 0.879, 'FCD/Test': 13.005924735963802, 'SNN/Test': 0.5362599129070296, 'Frag/Test': 0.9409425712220216, 'Scaf/Test': 0.26434273617366766, 'FCD/TestSF': 13.539305523371993, 'SNN/TestSF': 0.48874910708445973, 'Frag/TestSF': 0.932783852661194, 'Scaf/TestSF': 0.04535087730202181, 'IntDiv': 0.846421578593275, 'IntDiv2': 0.836476852159008, 'Filters': 0.9563568504695401, 'logP': 0.24979259524042802, 'SA': 0.055807373466241546, 'QED': 0.013837610383359455, 'weight': 27.161317017644727, 'Novelty': 0.9319718107291817}
Epoch: 68:
	Train Loss: 0.313 --- Reconstruction Loss: 0.308 --- KL Loss: 30.825 --- Beta: 0.000160
	Validity: 0.55% --- Uniquene@1000: 0.98% --- Unique@10000: 0.88%

{'valid': 0.7228333333333333, 'unique@1000': 0.987, 'unique@10000': 0.9155, 'FCD/Test': 12.778306569039017, 'SNN/Test': 0.5296595513016665, 'Frag/Test': 0.913813452818902, 'Scaf/Test': 0.31060876070821763, 'FCD/TestSF': 13.586696923503283, 'SNN/TestSF': 0.47836398905890865, 'Frag/TestSF': 0.9043238573230126, 'Scaf/TestSF': 0.05060755646665127, 'IntDiv': 0.8506039121167823, 'IntDiv2': 0.8411202829624548, 'Filters': 0.9612174314041965, 'logP': 0.1419793311714772, 'SA': 0.029172051381212566, 'QED': 0.017052980963170563, 'weight': 28.64869816764821, 'Novelty': 0.9387155375080145}
Epoch: 69:
	Train Loss: 0.312 --- Reconstruction Loss: 0.306 --- KL Loss: 28.529 --- Beta: 0.000220
	Validity: 0.72% --- Uniquene@1000: 0.99% --- Unique@10000: 0.92%

{'valid': 0.6772, 'unique@1000': 0.99, 'unique@10000': 0.9185, 'FCD/Test': 12.909367972897513, 'SNN/Test': 0.5254106214744917, 'Frag/Test': 0.9135937748639383, 'Scaf/Test': 0.25336604049625944, 'FCD/TestSF': 13.642537229068417, 'SNN/TestSF': 0.47601671921330235, 'Frag/TestSF': 0.9038317536751547, 'Scaf/TestSF': 0.04951016981771594, 'IntDiv': 0.8532739264608227, 'IntDiv2': 0.8436824210390772, 'Filters': 0.9697775152589092, 'logP': 0.16956638174792887, 'SA': 0.031892172321894466, 'QED': 0.011960537181481492, 'weight': 29.62062701958345, 'Novelty': 0.9398441030275644}
Epoch: 70:
	Train Loss: 0.312 --- Reconstruction Loss: 0.304 --- KL Loss: 26.498 --- Beta: 0.000280
	Validity: 0.68% --- Uniquene@1000: 0.99% --- Unique@10000: 0.92%

{'valid': 0.7842333333333333, 'unique@1000': 0.99, 'unique@10000': 0.9287, 'FCD/Test': 12.850801046389478, 'SNN/Test': 0.5348014536110205, 'Frag/Test': 0.9171766863312564, 'Scaf/Test': 0.34946196250411243, 'FCD/TestSF': 13.633128564087386, 'SNN/TestSF': 0.4821339219456428, 'Frag/TestSF': 0.9088178930027927, 'Scaf/TestSF': 0.048680554231142814, 'IntDiv': 0.8504592941358826, 'IntDiv2': 0.8407851274273225, 'Filters': 0.9662515407829303, 'logP': 0.19871483932985282, 'SA': 0.02415517400264289, 'QED': 0.010886288503793, 'weight': 28.15101194785173, 'Novelty': 0.9345433197984443}
Epoch: 71:
	Train Loss: 0.312 --- Reconstruction Loss: 0.304 --- KL Loss: 24.796 --- Beta: 0.000340
	Validity: 0.78% --- Uniquene@1000: 0.99% --- Unique@10000: 0.93%

{'valid': 0.6124333333333334, 'unique@1000': 0.988, 'unique@10000': 0.9273, 'FCD/Test': 12.258205767678618, 'SNN/Test': 0.527817094698447, 'Frag/Test': 0.9125618553030749, 'Scaf/Test': 0.30532046326288054, 'FCD/TestSF': 12.95560444386328, 'SNN/TestSF': 0.48194105142553834, 'Frag/TestSF': 0.9056284991816823, 'Scaf/TestSF': 0.05527915536828676, 'IntDiv': 0.8526047849792593, 'IntDiv2': 0.8432345127920018, 'Filters': 0.9640232950525227, 'logP': 0.1671253099048422, 'SA': 0.02147040084402231, 'QED': 0.011022378320064882, 'weight': 29.040097218366313, 'Novelty': 0.9380682164866679}
Epoch: 72:
	Train Loss: 0.312 --- Reconstruction Loss: 0.302 --- KL Loss: 23.311 --- Beta: 0.000400
	Validity: 0.61% --- Uniquene@1000: 0.99% --- Unique@10000: 0.93%

{'valid': 0.6470333333333333, 'unique@1000': 0.987, 'unique@10000': 0.9321, 'FCD/Test': 13.142363417848728, 'SNN/Test': 0.5176103822071298, 'Frag/Test': 0.9115430810380383, 'Scaf/Test': 0.3031522040671961, 'FCD/TestSF': 13.673276465851686, 'SNN/TestSF': 0.4715459457361178, 'Frag/TestSF': 0.9042271788094348, 'Scaf/TestSF': 0.06253996535255779, 'IntDiv': 0.85737494954237, 'IntDiv2': 0.8480551209064486, 'Filters': 0.9663592808201535, 'logP': 0.19528818702153358, 'SA': 0.07063991587416961, 'QED': 0.014494234746576485, 'weight': 28.4737006538716, 'Novelty': 0.9455825494835247}
Epoch: 73:
	Train Loss: 0.311 --- Reconstruction Loss: 0.301 --- KL Loss: 21.959 --- Beta: 0.000460
	Validity: 0.65% --- Uniquene@1000: 0.99% --- Unique@10000: 0.93%

{'valid': 0.6439666666666667, 'unique@1000': 0.991, 'unique@10000': 0.9324, 'FCD/Test': 12.90547986181923, 'SNN/Test': 0.5239622379655614, 'Frag/Test': 0.8933037798523906, 'Scaf/Test': 0.3055876653664681, 'FCD/TestSF': 13.546580092871366, 'SNN/TestSF': 0.4775493457019437, 'Frag/TestSF': 0.8852848636115714, 'Scaf/TestSF': 0.06073884656730921, 'IntDiv': 0.8539824235338375, 'IntDiv2': 0.8444020504962968, 'Filters': 0.9560536259640768, 'logP': 0.17234480838514318, 'SA': 0.03335426643911289, 'QED': 0.011941359741558322, 'weight': 28.785987667649522, 'Novelty': 0.9394239162059936}
Epoch: 74:
	Train Loss: 0.310 --- Reconstruction Loss: 0.299 --- KL Loss: 21.184 --- Beta: 0.000500
	Validity: 0.64% --- Uniquene@1000: 0.99% --- Unique@10000: 0.93%

{'valid': 0.7142999999999999, 'unique@1000': 0.994, 'unique@10000': 0.9423, 'FCD/Test': 12.576358186204374, 'SNN/Test': 0.5185800841277821, 'Frag/Test': 0.9005216715149248, 'Scaf/Test': 0.3060093309369063, 'FCD/TestSF': 13.17746391451223, 'SNN/TestSF': 0.47446330376218004, 'Frag/TestSF': 0.8941018364503905, 'Scaf/TestSF': 0.058198373691614846, 'IntDiv': 0.8580169742919801, 'IntDiv2': 0.8485284062921231, 'Filters': 0.9714872369219282, 'logP': 0.2669995475499379, 'SA': 0.05514550885717715, 'QED': 0.010504490726487016, 'weight': 29.759758639128364, 'Novelty': 0.941946499715424}
Epoch: 75:
	Train Loss: 0.308 --- Reconstruction Loss: 0.298 --- KL Loss: 20.815 --- Beta: 0.000500
	Validity: 0.71% --- Uniquene@1000: 0.99% --- Unique@10000: 0.94%

{'valid': 0.5260333333333334, 'unique@1000': 0.991, 'unique@10000': 0.9392, 'FCD/Test': 13.286606504839575, 'SNN/Test': 0.507868344376737, 'Frag/Test': 0.8948783749828535, 'Scaf/Test': 0.2746069354939351, 'FCD/TestSF': 13.887071974869727, 'SNN/TestSF': 0.46606587665376836, 'Frag/TestSF': 0.8882917392896879, 'Scaf/TestSF': 0.05045545618491287, 'IntDiv': 0.8603106838434189, 'IntDiv2': 0.8510303077952576, 'Filters': 0.9533616374120778, 'logP': 0.13518367791556107, 'SA': 0.10702354787356758, 'QED': 0.014155451496310683, 'weight': 30.506847249752617, 'Novelty': 0.943974483428096}
Epoch: 76:
	Train Loss: 0.307 --- Reconstruction Loss: 0.297 --- KL Loss: 20.684 --- Beta: 0.000500
	Validity: 0.53% --- Uniquene@1000: 0.99% --- Unique@10000: 0.94%

{'valid': 0.7108, 'unique@1000': 0.994, 'unique@10000': 0.9501, 'FCD/Test': 13.05582576758787, 'SNN/Test': 0.5154384224048599, 'Frag/Test': 0.9128185810544702, 'Scaf/Test': 0.2988090713358742, 'FCD/TestSF': 13.981274967064898, 'SNN/TestSF': 0.46427036243097974, 'Frag/TestSF': 0.9033928275352006, 'Scaf/TestSF': 0.046263815444566925, 'IntDiv': 0.8523695652524139, 'IntDiv2': 0.84319792191921, 'Filters': 0.9626711686362783, 'logP': 0.1338702481390907, 'SA': 0.06781433762479716, 'QED': 0.022493375410480382, 'weight': 22.406078611525796, 'Novelty': 0.9450272549624601}
Epoch: 77:
	Train Loss: 0.305 --- Reconstruction Loss: 0.294 --- KL Loss: 20.732 --- Beta: 0.000500
	Validity: 0.71% --- Uniquene@1000: 0.99% --- Unique@10000: 0.95%

{'valid': 0.7451, 'unique@1000': 0.997, 'unique@10000': 0.9447, 'FCD/Test': 13.420741349448917, 'SNN/Test': 0.5108451557104493, 'Frag/Test': 0.8810805559545614, 'Scaf/Test': 0.31223045965645413, 'FCD/TestSF': 14.11899794022004, 'SNN/TestSF': 0.46572799068158444, 'Frag/TestSF': 0.8746645417555876, 'Scaf/TestSF': 0.06087313470402811, 'IntDiv': 0.8585709925625968, 'IntDiv2': 0.8493110408330854, 'Filters': 0.9652395651590391, 'logP': 0.16867842891099202, 'SA': 0.08143492601876587, 'QED': 0.015904585287541365, 'weight': 30.46201234682069, 'Novelty': 0.9450197238658777}
Epoch: 78:
	Train Loss: 0.304 --- Reconstruction Loss: 0.294 --- KL Loss: 20.657 --- Beta: 0.000500
	Validity: 0.75% --- Uniquene@1000: 1.00% --- Unique@10000: 0.94%

{'valid': 0.8013, 'unique@1000': 0.997, 'unique@10000': 0.959, 'FCD/Test': 12.856523377721153, 'SNN/Test': 0.5130222042141285, 'Frag/Test': 0.8871271876596815, 'Scaf/Test': 0.33707859966658504, 'FCD/TestSF': 13.671940331453065, 'SNN/TestSF': 0.46676524338790565, 'Frag/TestSF': 0.8771315736455532, 'Scaf/TestSF': 0.06185190334617996, 'IntDiv': 0.8523564886072336, 'IntDiv2': 0.843426221395244, 'Filters': 0.9629352302508424, 'logP': 0.2096556378552769, 'SA': 0.1063389577173065, 'QED': 0.01836741127474724, 'weight': 19.24390622820338, 'Novelty': 0.947165007047697}
Epoch: 79:
	Train Loss: 0.302 --- Reconstruction Loss: 0.291 --- KL Loss: 20.628 --- Beta: 0.000500
	Validity: 0.80% --- Uniquene@1000: 1.00% --- Unique@10000: 0.96%

{'valid': 0.6981999999999999, 'unique@1000': 0.993, 'unique@10000': 0.945, 'FCD/Test': 12.484456816814841, 'SNN/Test': 0.5169016290774412, 'Frag/Test': 0.9040045069430019, 'Scaf/Test': 0.3198202321889754, 'FCD/TestSF': 13.001745935443552, 'SNN/TestSF': 0.47425833909958104, 'Frag/TestSF': 0.8969180477093662, 'Scaf/TestSF': 0.058221061166847665, 'IntDiv': 0.8563472034590169, 'IntDiv2': 0.8471409476268716, 'Filters': 0.9619497756134823, 'logP': 0.1838661379332133, 'SA': 0.07645427553679705, 'QED': 0.015295555004712007, 'weight': 22.626907011574282, 'Novelty': 0.9440768746061752}
Epoch: 80:
	Train Loss: 0.301 --- Reconstruction Loss: 0.290 --- KL Loss: 20.720 --- Beta: 0.000500
	Validity: 0.70% --- Uniquene@1000: 0.99% --- Unique@10000: 0.94%

