2024-02-15 02:31:21.195060: E external/local_xla/xla/stream_executor/cuda/cuda_dnn.cc:9261] Unable to register cuDNN factory: Attempting to register factory for plugin cuDNN when one has already been registered
2024-02-15 02:31:21.195145: E external/local_xla/xla/stream_executor/cuda/cuda_fft.cc:607] Unable to register cuFFT factory: Attempting to register factory for plugin cuFFT when one has already been registered
2024-02-15 02:31:21.195965: E external/local_xla/xla/stream_executor/cuda/cuda_blas.cc:1515] Unable to register cuBLAS factory: Attempting to register factory for plugin cuBLAS when one has already been registered
2024-02-15 02:31:21.200241: I tensorflow/core/platform/cpu_feature_guard.cc:182] This TensorFlow binary is optimized to use available CPU instructions in performance-critical operations.
To enable the following instructions: AVX2 FMA, in other operations, rebuild TensorFlow with the appropriate compiler flags.
2024-02-15 02:31:22.099013: W tensorflow/compiler/tf2tensorrt/utils/py_utils.cc:38] TF-TRT Warning: Could not find TensorRT

Arguments:
	data_path: data/moses_train.txt
	max_len: 30
	batch: 128
	d_model: 512
	d_latent: 256
	d_ff: 1024
	e_heads: 1
	d_heads: 8
	n_layers: 6
	dropout: 0.5
	lr: 0.0005
	n_epochs: 80
	kl_type: cyclic
	kl_w_start: 0.0001
	kl_w_end: 0.001
	kl_cycle: 4
	kl_ratio: 1.0
	save_name: klcompare

Number of data: 88192

SMILES Vocab:
	 {'<START>': 0, '<END>': 1, '<PAD>': 2, 'C': 3, 'O': 4, 'c': 5, '1': 6, '(': 7, '=': 8, ')': 9, 'N': 10, 'n': 11, '2': 12, 'F': 13, 'Cl': 14, 'Br': 15, '#': 16, '3': 17, 'S': 18, 'o': 19, '-': 20, 's': 21, '[nH]': 22, '4': 23}

Graph Vocab:
	 {'C': 0, 'O': 1, 'N': 2, 'F': 3, 'Cl': 4, 'Br': 5, 'S': 6}


KL Annealer: [0.0001   0.000145 0.00019  0.000235 0.00028  0.000325 0.00037  0.000415
 0.00046  0.000505 0.00055  0.000595 0.00064  0.000685 0.00073  0.000775
 0.00082  0.000865 0.00091  0.000955 0.0001   0.000145 0.00019  0.000235
 0.00028  0.000325 0.00037  0.000415 0.00046  0.000505 0.00055  0.000595
 0.00064  0.000685 0.00073  0.000775 0.00082  0.000865 0.00091  0.000955
 0.0001   0.000145 0.00019  0.000235 0.00028  0.000325 0.00037  0.000415
 0.00046  0.000505 0.00055  0.000595 0.00064  0.000685 0.00073  0.000775
 0.00082  0.000865 0.00091  0.000955 0.0001   0.000145 0.00019  0.000235
 0.00028  0.000325 0.00037  0.000415 0.00046  0.000505 0.00055  0.000595
 0.00064  0.000685 0.00073  0.000775 0.00082  0.000865 0.00091  0.000955]




#########################################################################
######################### START TRAINING ################################
#########################################################################




/home/80027464/graphvae/metrics.py:527: UserWarning: Can't compute unique@10000.gen contains only 9727 molecules
  warnings.warn(
{'valid': 0.3242333333333334, 'unique@1000': 0.744, 'unique@10000': 0.3989924951166855, 'FCD/Test': 25.196568735949654, 'SNN/Test': 0.5854090955895437, 'Frag/Test': 0.7740503153071334, 'Scaf/Test': 0.08445083841961376, 'FCD/TestSF': 26.496793380585487, 'SNN/TestSF': 0.49517135511594695, 'Frag/TestSF': 0.7580665364102616, 'Scaf/TestSF': 0.01588528507080933, 'IntDiv': 0.7619532473222741, 'IntDiv2': 0.7440217123889586, 'Filters': 0.8803330934512182, 'logP': 0.15258810814374738, 'SA': 0.11443640906051311, 'QED': 0.11771965069337352, 'weight': 10.68198664783644, 'Novelty': 0.9389332646225199}
Epoch: 31:
	Train Loss: 0.461 --- Reconstruction Loss: 0.449 --- KL Loss: 23.511 --- Beta: 0.000550
	Validity: 0.32% --- Uniquene@1000: 0.74% --- Unique@10000: 0.40%

/home/80027464/graphvae/metrics.py:527: UserWarning: Can't compute unique@10000.gen contains only 9252 molecules
  warnings.warn(
{'valid': 0.3084, 'unique@1000': 0.853, 'unique@10000': 0.5379377431906615, 'FCD/Test': 23.84600365420527, 'SNN/Test': 0.5771901017506685, 'Frag/Test': 0.8247162615307715, 'Scaf/Test': 0.11345077350956667, 'FCD/TestSF': 25.037850824469317, 'SNN/TestSF': 0.4867595373759577, 'Frag/TestSF': 0.8086952264653905, 'Scaf/TestSF': 0.014765586841257505, 'IntDiv': 0.7687560400995163, 'IntDiv2': 0.7537580448109455, 'Filters': 0.9870298313878081, 'logP': 0.25723261627302585, 'SA': 0.11976302156199484, 'QED': 0.09389685806587086, 'weight': 4.421250943995955, 'Novelty': 0.9553948161543099}
Epoch: 32:
	Train Loss: 0.456 --- Reconstruction Loss: 0.443 --- KL Loss: 21.653 --- Beta: 0.000595
	Validity: 0.31% --- Uniquene@1000: 0.85% --- Unique@10000: 0.54%

{'valid': 0.4431333333333334, 'unique@1000': 0.89, 'unique@10000': 0.6021, 'FCD/Test': 20.5896184271219, 'SNN/Test': 0.5796101361320344, 'Frag/Test': 0.8665827730887948, 'Scaf/Test': 0.1873127097518975, 'FCD/TestSF': 21.6904271903758, 'SNN/TestSF': 0.5009050520314334, 'Frag/TestSF': 0.8519338405979322, 'Scaf/TestSF': 0.04013002833304935, 'IntDiv': 0.7875808157662041, 'IntDiv2': 0.7745001475592813, 'Filters': 0.972318339100346, 'logP': 0.20378360212726082, 'SA': 0.16792504868176325, 'QED': 0.06360915320565355, 'weight': 10.37059206549437, 'Novelty': 0.9431818181818182}
Epoch: 33:
	Train Loss: 0.452 --- Reconstruction Loss: 0.439 --- KL Loss: 20.081 --- Beta: 0.000640
	Validity: 0.44% --- Uniquene@1000: 0.89% --- Unique@10000: 0.60%

{'valid': 0.4031666666666667, 'unique@1000': 0.892, 'unique@10000': 0.5914, 'FCD/Test': 20.12881516376705, 'SNN/Test': 0.5729270890311989, 'Frag/Test': 0.8365459499381988, 'Scaf/Test': 0.12390627212475158, 'FCD/TestSF': 21.232300972206033, 'SNN/TestSF': 0.4936904964379507, 'Frag/TestSF': 0.8224096384269236, 'Scaf/TestSF': 0.046904514366315486, 'IntDiv': 0.7926698734055283, 'IntDiv2': 0.7783836003411949, 'Filters': 0.9583298883836296, 'logP': 0.26611097326344957, 'SA': 0.09314214719342961, 'QED': 0.07052307966134641, 'weight': 6.933104823737101, 'Novelty': 0.9485294117647058}
Epoch: 34:
	Train Loss: 0.447 --- Reconstruction Loss: 0.434 --- KL Loss: 18.883 --- Beta: 0.000685
	Validity: 0.40% --- Uniquene@1000: 0.89% --- Unique@10000: 0.59%

/home/80027464/graphvae/metrics.py:527: UserWarning: Can't compute unique@10000.gen contains only 5599 molecules
  warnings.warn(
{'valid': 0.18663333333333332, 'unique@1000': 0.902, 'unique@10000': 0.7178067512055725, 'FCD/Test': 20.20337048913013, 'SNN/Test': 0.5260085681279358, 'Frag/Test': 0.8049912837869975, 'Scaf/Test': 0.14749452443972544, 'FCD/TestSF': 21.04990063552855, 'SNN/TestSF': 0.4695738974501563, 'Frag/TestSF': 0.7901720854332464, 'Scaf/TestSF': 0.06384781219047686, 'IntDiv': 0.8079923248168916, 'IntDiv2': 0.7939267965128286, 'Filters': 0.9014109662439721, 'logP': 0.2667408640091055, 'SA': 0.0750718182058323, 'QED': 0.0906945185665245, 'weight': 6.102881010302709, 'Novelty': 0.960686737994526}
Epoch: 35:
	Train Loss: 0.441 --- Reconstruction Loss: 0.428 --- KL Loss: 17.780 --- Beta: 0.000730
	Validity: 0.19% --- Uniquene@1000: 0.90% --- Unique@10000: 0.72%

/home/80027464/graphvae/metrics.py:527: UserWarning: Can't compute unique@10000.gen contains only 7938 molecules
  warnings.warn(
{'valid': 0.26459999999999995, 'unique@1000': 0.914, 'unique@10000': 0.6994205089443185, 'FCD/Test': 17.076574640527802, 'SNN/Test': 0.5253337848772928, 'Frag/Test': 0.8613559178637633, 'Scaf/Test': 0.15526964829459455, 'FCD/TestSF': 17.839147721031345, 'SNN/TestSF': 0.47436474171497867, 'Frag/TestSF': 0.8483465007480433, 'Scaf/TestSF': 0.044916897796690614, 'IntDiv': 0.8207231098546075, 'IntDiv2': 0.8078819240036594, 'Filters': 0.7533383723859914, 'logP': 0.34580082767402975, 'SA': 0.12736759769738526, 'QED': 0.04361706348007136, 'weight': 6.285867482807246, 'Novelty': 0.9589337175792507}
Epoch: 36:
	Train Loss: 0.436 --- Reconstruction Loss: 0.423 --- KL Loss: 17.142 --- Beta: 0.000775
	Validity: 0.26% --- Uniquene@1000: 0.91% --- Unique@10000: 0.70%

{'valid': 0.33340000000000003, 'unique@1000': 0.957, 'unique@10000': 0.7707, 'FCD/Test': 16.34435975655954, 'SNN/Test': 0.5521671299045502, 'Frag/Test': 0.887490918277019, 'Scaf/Test': 0.18004830910144687, 'FCD/TestSF': 17.298347495287302, 'SNN/TestSF': 0.4845449808456854, 'Frag/TestSF': 0.8750435775097897, 'Scaf/TestSF': 0.055529105954878144, 'IntDiv': 0.8196652904233823, 'IntDiv2': 0.8083029057101179, 'Filters': 0.9505098980203959, 'logP': 0.465788364474782, 'SA': 0.09548952459050387, 'QED': 0.03777356074544562, 'weight': 7.4936882583102795, 'Novelty': 0.9479761286974572}
Epoch: 37:
	Train Loss: 0.431 --- Reconstruction Loss: 0.418 --- KL Loss: 16.214 --- Beta: 0.000820
	Validity: 0.33% --- Uniquene@1000: 0.96% --- Unique@10000: 0.77%

{'valid': 0.478, 'unique@1000': 0.943, 'unique@10000': 0.7617, 'FCD/Test': 15.954238256379192, 'SNN/Test': 0.5759545645360916, 'Frag/Test': 0.8917095242174485, 'Scaf/Test': 0.2678295116551328, 'FCD/TestSF': 16.692527299465638, 'SNN/TestSF': 0.5172903834266726, 'Frag/TestSF': 0.8819190072785826, 'Scaf/TestSF': 0.051920979963816394, 'IntDiv': 0.8165714459331237, 'IntDiv2': 0.8051716195477302, 'Filters': 0.9681311018131101, 'logP': 0.46592444536437255, 'SA': 0.22194602656365298, 'QED': 0.04389321986323302, 'weight': 7.386760735348559, 'Novelty': 0.942603150062808}
Epoch: 38:
	Train Loss: 0.427 --- Reconstruction Loss: 0.413 --- KL Loss: 15.620 --- Beta: 0.000865
	Validity: 0.48% --- Uniquene@1000: 0.94% --- Unique@10000: 0.76%

{'valid': 0.4703666666666667, 'unique@1000': 0.967, 'unique@10000': 0.8046, 'FCD/Test': 16.644424664976327, 'SNN/Test': 0.5608925027917324, 'Frag/Test': 0.8817625463993704, 'Scaf/Test': 0.2022766124275447, 'FCD/TestSF': 17.757260067993172, 'SNN/TestSF': 0.49138295702753987, 'Frag/TestSF': 0.8675869260492358, 'Scaf/TestSF': 0.04625832698756249, 'IntDiv': 0.8114614512310594, 'IntDiv2': 0.8004699760446158, 'Filters': 0.9567713131599461, 'logP': 0.22346693125599784, 'SA': 0.147839808221625, 'QED': 0.05585025397748998, 'weight': 9.12107125423886, 'Novelty': 0.948298307606472}
Epoch: 39:
	Train Loss: 0.422 --- Reconstruction Loss: 0.409 --- KL Loss: 14.897 --- Beta: 0.000910
	Validity: 0.47% --- Uniquene@1000: 0.97% --- Unique@10000: 0.80%

/home/80027464/graphvae/metrics.py:527: UserWarning: Can't compute unique@10000.gen contains only 9531 molecules
  warnings.warn(
{'valid': 0.3177, 'unique@1000': 0.964, 'unique@10000': 0.8363235757003462, 'FCD/Test': 15.217369936062028, 'SNN/Test': 0.5489448592881317, 'Frag/Test': 0.8999063171225488, 'Scaf/Test': 0.22052467680620402, 'FCD/TestSF': 15.928968637576183, 'SNN/TestSF': 0.4855656972284545, 'Frag/TestSF': 0.8895346108406345, 'Scaf/TestSF': 0.04800859256202905, 'IntDiv': 0.8237627091553331, 'IntDiv2': 0.8124033390383201, 'Filters': 0.9354737173434057, 'logP': 0.4818087647351201, 'SA': 0.07070279107072752, 'QED': 0.0670567129737619, 'weight': 4.745979417094104, 'Novelty': 0.9582235604064735}
Epoch: 40:
	Train Loss: 0.418 --- Reconstruction Loss: 0.404 --- KL Loss: 14.428 --- Beta: 0.000955
	Validity: 0.32% --- Uniquene@1000: 0.96% --- Unique@10000: 0.84%

{'valid': 0.4502333333333334, 'unique@1000': 0.962, 'unique@10000': 0.7983, 'FCD/Test': 16.03454852920089, 'SNN/Test': 0.5601920207584955, 'Frag/Test': 0.9163149555506558, 'Scaf/Test': 0.2364528056049775, 'FCD/TestSF': 16.947622483244913, 'SNN/TestSF': 0.4927193684979337, 'Frag/TestSF': 0.9063857481241614, 'Scaf/TestSF': 0.061421146394179726, 'IntDiv': 0.8182910079091278, 'IntDiv2': 0.8084611530419635, 'Filters': 0.9693492263270896, 'logP': 0.41549885756819344, 'SA': 0.11192630519322455, 'QED': 0.032145728858006144, 'weight': 12.874101547217844, 'Novelty': 0.9494616354641575}
Epoch: 41:
	Train Loss: 0.398 --- Reconstruction Loss: 0.395 --- KL Loss: 29.524 --- Beta: 0.000100
	Validity: 0.45% --- Uniquene@1000: 0.96% --- Unique@10000: 0.80%

{'valid': 0.4217333333333333, 'unique@1000': 0.934, 'unique@10000': 0.7474, 'FCD/Test': 16.342073459931477, 'SNN/Test': 0.5545757232511247, 'Frag/Test': 0.9151247512886128, 'Scaf/Test': 0.15422594510570287, 'FCD/TestSF': 17.115891965330604, 'SNN/TestSF': 0.49661343050646584, 'Frag/TestSF': 0.9049970473966816, 'Scaf/TestSF': 0.07344002386479587, 'IntDiv': 0.8141889744358533, 'IntDiv2': 0.803892054913764, 'Filters': 0.952339551059121, 'logP': 0.3222792257376583, 'SA': 0.09549907863754654, 'QED': 0.02374016142709241, 'weight': 17.904255457810383, 'Novelty': 0.9442799166392454}
Epoch: 42:
	Train Loss: 0.395 --- Reconstruction Loss: 0.391 --- KL Loss: 30.188 --- Beta: 0.000145
	Validity: 0.42% --- Uniquene@1000: 0.93% --- Unique@10000: 0.75%

{'valid': 0.4311666666666667, 'unique@1000': 0.962, 'unique@10000': 0.8015, 'FCD/Test': 16.195337639350782, 'SNN/Test': 0.5460918812469299, 'Frag/Test': 0.9137625507039816, 'Scaf/Test': 0.18004904848640058, 'FCD/TestSF': 16.851154411878284, 'SNN/TestSF': 0.49108812764062354, 'Frag/TestSF': 0.9041418572713927, 'Scaf/TestSF': 0.13330418367797792, 'IntDiv': 0.8231787881526289, 'IntDiv2': 0.8128802591614573, 'Filters': 0.9492848859683031, 'logP': 0.49990274102813304, 'SA': 0.07045503741219894, 'QED': 0.03215225317714475, 'weight': 13.845927751893745, 'Novelty': 0.946836203444133}
Epoch: 43:
	Train Loss: 0.391 --- Reconstruction Loss: 0.386 --- KL Loss: 28.828 --- Beta: 0.000190
	Validity: 0.43% --- Uniquene@1000: 0.96% --- Unique@10000: 0.80%

{'valid': 0.5015666666666667, 'unique@1000': 0.948, 'unique@10000': 0.7718, 'FCD/Test': 16.10879523844251, 'SNN/Test': 0.5642440487661179, 'Frag/Test': 0.9043927215729408, 'Scaf/Test': 0.2731509632662663, 'FCD/TestSF': 17.02456498763916, 'SNN/TestSF': 0.5009880451930039, 'Frag/TestSF': 0.8949795691722887, 'Scaf/TestSF': 0.047414770291928865, 'IntDiv': 0.817558503602626, 'IntDiv2': 0.8072807847784905, 'Filters': 0.9749451717950423, 'logP': 0.4376119702481703, 'SA': 0.15954585684238948, 'QED': 0.017749128050228817, 'weight': 19.009847648790526, 'Novelty': 0.9419549146664233}
Epoch: 44:
	Train Loss: 0.389 --- Reconstruction Loss: 0.382 --- KL Loss: 27.593 --- Beta: 0.000235
	Validity: 0.50% --- Uniquene@1000: 0.95% --- Unique@10000: 0.77%

{'valid': 0.4340666666666667, 'unique@1000': 0.967, 'unique@10000': 0.7964, 'FCD/Test': 15.35162493955869, 'SNN/Test': 0.5569259015849852, 'Frag/Test': 0.8898677898638616, 'Scaf/Test': 0.22642765108795204, 'FCD/TestSF': 16.151780955301042, 'SNN/TestSF': 0.4976457999030798, 'Frag/TestSF': 0.8802392568354391, 'Scaf/TestSF': 0.03313847334090181, 'IntDiv': 0.8192903520175844, 'IntDiv2': 0.8089020413866055, 'Filters': 0.9551528183074797, 'logP': 0.42408783966962177, 'SA': 0.1255911287908793, 'QED': 0.03505846123256816, 'weight': 13.506675670728045, 'Novelty': 0.9465041305661898}
Epoch: 45:
	Train Loss: 0.386 --- Reconstruction Loss: 0.378 --- KL Loss: 26.109 --- Beta: 0.000280
	Validity: 0.43% --- Uniquene@1000: 0.97% --- Unique@10000: 0.80%

{'valid': 0.4484, 'unique@1000': 0.946, 'unique@10000': 0.8037, 'FCD/Test': 15.162899038632617, 'SNN/Test': 0.551670715567295, 'Frag/Test': 0.895050408227283, 'Scaf/Test': 0.19356193380762154, 'FCD/TestSF': 16.153288069175154, 'SNN/TestSF': 0.48326488145951924, 'Frag/TestSF': 0.8857502707463049, 'Scaf/TestSF': 0.02101222080336318, 'IntDiv': 0.8279720757220949, 'IntDiv2': 0.8171784556661422, 'Filters': 0.9722717811477847, 'logP': 0.3557899417815338, 'SA': 0.08216792975990883, 'QED': 0.025467794741275446, 'weight': 19.315694782929285, 'Novelty': 0.9448894894315221}
Epoch: 46:
	Train Loss: 0.383 --- Reconstruction Loss: 0.375 --- KL Loss: 24.753 --- Beta: 0.000325
	Validity: 0.45% --- Uniquene@1000: 0.95% --- Unique@10000: 0.80%

{'valid': 0.4758, 'unique@1000': 0.978, 'unique@10000': 0.8571, 'FCD/Test': 16.662349030242993, 'SNN/Test': 0.5337741739992603, 'Frag/Test': 0.8984237742286622, 'Scaf/Test': 0.17446587203781871, 'FCD/TestSF': 17.461631813841237, 'SNN/TestSF': 0.4693912633125632, 'Frag/TestSF': 0.8878754454268992, 'Scaf/TestSF': 0.04525973607772826, 'IntDiv': 0.8237003278381857, 'IntDiv2': 0.8129049516123759, 'Filters': 0.9667927700714586, 'logP': 0.5931421110089041, 'SA': 0.054090736143518024, 'QED': 0.0602073052184002, 'weight': 11.741345089483387, 'Novelty': 0.9644778413457433}
Epoch: 47:
	Train Loss: 0.379 --- Reconstruction Loss: 0.370 --- KL Loss: 23.410 --- Beta: 0.000370
	Validity: 0.48% --- Uniquene@1000: 0.98% --- Unique@10000: 0.86%

{'valid': 0.5367666666666666, 'unique@1000': 0.97, 'unique@10000': 0.8528, 'FCD/Test': 15.463784813071008, 'SNN/Test': 0.553123845876518, 'Frag/Test': 0.8942645990916761, 'Scaf/Test': 0.2441618828354204, 'FCD/TestSF': 16.253281279182545, 'SNN/TestSF': 0.4898667158450813, 'Frag/TestSF': 0.8833862334244797, 'Scaf/TestSF': 0.06279340041562742, 'IntDiv': 0.8252378422289351, 'IntDiv2': 0.8143257966942736, 'Filters': 0.9664658759237409, 'logP': 0.4438778579414533, 'SA': 0.1402974003466478, 'QED': 0.050555582522570315, 'weight': 15.770754102093985, 'Novelty': 0.9475379659456972}
Epoch: 48:
	Train Loss: 0.376 --- Reconstruction Loss: 0.366 --- KL Loss: 22.185 --- Beta: 0.000415
	Validity: 0.54% --- Uniquene@1000: 0.97% --- Unique@10000: 0.85%

{'valid': 0.4787666666666667, 'unique@1000': 0.983, 'unique@10000': 0.8809, 'FCD/Test': 14.235949665181558, 'SNN/Test': 0.5348285472537037, 'Frag/Test': 0.9217177074163379, 'Scaf/Test': 0.22725588433759758, 'FCD/TestSF': 14.877198736842402, 'SNN/TestSF': 0.48042573338015404, 'Frag/TestSF': 0.9116904026134279, 'Scaf/TestSF': 0.05552651926692964, 'IntDiv': 0.8305513558112904, 'IntDiv2': 0.8209515358545276, 'Filters': 0.9630300076585672, 'logP': 0.4853857734185391, 'SA': 0.050469110351712254, 'QED': 0.03983608360567037, 'weight': 15.771361799580136, 'Novelty': 0.9601011749347258}
Epoch: 49:
	Train Loss: 0.373 --- Reconstruction Loss: 0.363 --- KL Loss: 21.142 --- Beta: 0.000460
	Validity: 0.48% --- Uniquene@1000: 0.98% --- Unique@10000: 0.88%

{'valid': 0.39536666666666664, 'unique@1000': 0.985, 'unique@10000': 0.8775, 'FCD/Test': 14.247810685418983, 'SNN/Test': 0.5498968521317587, 'Frag/Test': 0.908333608284739, 'Scaf/Test': 0.2857432759300418, 'FCD/TestSF': 15.291307969249054, 'SNN/TestSF': 0.4822286280303447, 'Frag/TestSF': 0.896965793682803, 'Scaf/TestSF': 0.033283134734603426, 'IntDiv': 0.8294664794628617, 'IntDiv2': 0.8191567248933272, 'Filters': 0.9688053283871512, 'logP': 0.21682908772103107, 'SA': 0.06840513128401113, 'QED': 0.03858715119110626, 'weight': 23.028008029574767, 'Novelty': 0.944662095984329}
Epoch: 50:
	Train Loss: 0.370 --- Reconstruction Loss: 0.360 --- KL Loss: 20.247 --- Beta: 0.000505
	Validity: 0.40% --- Uniquene@1000: 0.98% --- Unique@10000: 0.88%

{'valid': 0.4874666666666667, 'unique@1000': 0.986, 'unique@10000': 0.883, 'FCD/Test': 13.745296807542033, 'SNN/Test': 0.549254531569624, 'Frag/Test': 0.9194748801813907, 'Scaf/Test': 0.27489279043678727, 'FCD/TestSF': 14.602875383114828, 'SNN/TestSF': 0.49295020759863784, 'Frag/TestSF': 0.9104605875941306, 'Scaf/TestSF': 0.052017333405473876, 'IntDiv': 0.8369426386333887, 'IntDiv2': 0.8271472354554644, 'Filters': 0.9721006564551422, 'logP': 0.24734559667598563, 'SA': 0.08828949294832898, 'QED': 0.020024666973113083, 'weight': 21.374023420284836, 'Novelty': 0.9423372422159321}
Epoch: 51:
	Train Loss: 0.367 --- Reconstruction Loss: 0.357 --- KL Loss: 19.412 --- Beta: 0.000550
	Validity: 0.49% --- Uniquene@1000: 0.99% --- Unique@10000: 0.88%

{'valid': 0.35150000000000003, 'unique@1000': 0.982, 'unique@10000': 0.8859, 'FCD/Test': 14.036977097202275, 'SNN/Test': 0.520658324600227, 'Frag/Test': 0.876592330761067, 'Scaf/Test': 0.20166172043623143, 'FCD/TestSF': 14.671121473090551, 'SNN/TestSF': 0.46857734929899175, 'Frag/TestSF': 0.8685592099485583, 'Scaf/TestSF': 0.026931559404225758, 'IntDiv': 0.8451828017192646, 'IntDiv2': 0.835606481918725, 'Filters': 0.9642484589853011, 'logP': 0.3150855014172322, 'SA': 0.02803503361463008, 'QED': 0.03722624065373583, 'weight': 22.924779800807197, 'Novelty': 0.9606070390700678}
Epoch: 52:
	Train Loss: 0.365 --- Reconstruction Loss: 0.354 --- KL Loss: 18.690 --- Beta: 0.000595
	Validity: 0.35% --- Uniquene@1000: 0.98% --- Unique@10000: 0.89%

{'valid': 0.43556666666666666, 'unique@1000': 0.979, 'unique@10000': 0.8789, 'FCD/Test': 14.859061098631514, 'SNN/Test': 0.5355385243094414, 'Frag/Test': 0.8681204643365997, 'Scaf/Test': 0.2442834716482707, 'FCD/TestSF': 15.401908556153238, 'SNN/TestSF': 0.4822470079176627, 'Frag/TestSF': 0.8604125069953876, 'Scaf/TestSF': 0.05477254586810565, 'IntDiv': 0.8393346650371081, 'IntDiv2': 0.829857353160494, 'Filters': 0.9546950332899671, 'logP': 0.29599673860463155, 'SA': 0.04005124808686242, 'QED': 0.043889935576261155, 'weight': 19.255948566279162, 'Novelty': 0.94854187104254}
Epoch: 53:
	Train Loss: 0.363 --- Reconstruction Loss: 0.351 --- KL Loss: 18.073 --- Beta: 0.000640
	Validity: 0.44% --- Uniquene@1000: 0.98% --- Unique@10000: 0.88%

{'valid': 0.6269, 'unique@1000': 0.989, 'unique@10000': 0.9214, 'FCD/Test': 13.144080897742086, 'SNN/Test': 0.534712232482543, 'Frag/Test': 0.9179903286836568, 'Scaf/Test': 0.3095655266318169, 'FCD/TestSF': 13.721950443293224, 'SNN/TestSF': 0.48660629776721875, 'Frag/TestSF': 0.9111939719268548, 'Scaf/TestSF': 0.046360429455612806, 'IntDiv': 0.8468260631293055, 'IntDiv2': 0.8375845859747842, 'Filters': 0.958047535492104, 'logP': 0.2525387360260764, 'SA': 0.023288316514689867, 'QED': 0.011320651986260057, 'weight': 24.2107898897492, 'Novelty': 0.9411303456179504}
Epoch: 54:
	Train Loss: 0.360 --- Reconstruction Loss: 0.348 --- KL Loss: 17.477 --- Beta: 0.000685
	Validity: 0.63% --- Uniquene@1000: 0.99% --- Unique@10000: 0.92%

/home/80027464/graphvae/metrics.py:527: UserWarning: Can't compute unique@10000.gen contains only 9640 molecules
  warnings.warn(
{'valid': 0.32133333333333336, 'unique@1000': 0.987, 'unique@10000': 0.8940871369294606, 'FCD/Test': 13.336471932775112, 'SNN/Test': 0.5261185572045968, 'Frag/Test': 0.9216570998729547, 'Scaf/Test': 0.28555777960170126, 'FCD/TestSF': 14.009808483598832, 'SNN/TestSF': 0.4794313766000429, 'Frag/TestSF': 0.9144883927456247, 'Scaf/TestSF': 0.04227447839634135, 'IntDiv': 0.8481495561361809, 'IntDiv2': 0.8381803497985105, 'Filters': 0.9561203319502075, 'logP': 0.1413146353521815, 'SA': 0.05880956437501071, 'QED': 0.010678135530121303, 'weight': 26.200815746473705, 'Novelty': 0.9549831767026337}
Epoch: 55:
	Train Loss: 0.358 --- Reconstruction Loss: 0.346 --- KL Loss: 16.969 --- Beta: 0.000730
	Validity: 0.32% --- Uniquene@1000: 0.99% --- Unique@10000: 0.89%

{'valid': 0.6005, 'unique@1000': 0.981, 'unique@10000': 0.8942, 'FCD/Test': 13.108231648365603, 'SNN/Test': 0.5482201192648981, 'Frag/Test': 0.9271952817583726, 'Scaf/Test': 0.277549142696615, 'FCD/TestSF': 13.717908336715794, 'SNN/TestSF': 0.49789071622620745, 'Frag/TestSF': 0.9220102788787832, 'Scaf/TestSF': 0.05919487015672065, 'IntDiv': 0.8443398309896573, 'IntDiv2': 0.8346921586462073, 'Filters': 0.9654732167638079, 'logP': 0.24810491353153058, 'SA': 0.07171495762422675, 'QED': 0.012724183317433996, 'weight': 24.42491945371129, 'Novelty': 0.9311695944622217}
Epoch: 56:
	Train Loss: 0.356 --- Reconstruction Loss: 0.343 --- KL Loss: 16.479 --- Beta: 0.000775
	Validity: 0.60% --- Uniquene@1000: 0.98% --- Unique@10000: 0.89%

{'valid': 0.46819999999999995, 'unique@1000': 0.973, 'unique@10000': 0.8795, 'FCD/Test': 13.025729684425066, 'SNN/Test': 0.5482895894109499, 'Frag/Test': 0.9120288185620717, 'Scaf/Test': 0.27277328463039674, 'FCD/TestSF': 13.769376160986695, 'SNN/TestSF': 0.49708519058911255, 'Frag/TestSF': 0.9026931919570145, 'Scaf/TestSF': 0.0270138420130146, 'IntDiv': 0.8396533281581906, 'IntDiv2': 0.8297776392562857, 'Filters': 0.9639043143955575, 'logP': 0.1497828085418731, 'SA': 0.0738024533215099, 'QED': 0.009974386151481777, 'weight': 28.170155760761606, 'Novelty': 0.9373381234856714}
Epoch: 57:
	Train Loss: 0.354 --- Reconstruction Loss: 0.341 --- KL Loss: 16.003 --- Beta: 0.000820
	Validity: 0.47% --- Uniquene@1000: 0.97% --- Unique@10000: 0.88%

{'valid': 0.4651333333333333, 'unique@1000': 0.991, 'unique@10000': 0.888, 'FCD/Test': 12.598688755939449, 'SNN/Test': 0.554502294604811, 'Frag/Test': 0.9127917136937634, 'Scaf/Test': 0.36651590973264114, 'FCD/TestSF': 13.272580951383425, 'SNN/TestSF': 0.5071777179346003, 'Frag/TestSF': 0.9058794848680036, 'Scaf/TestSF': 0.057798243041120134, 'IntDiv': 0.8415078243920202, 'IntDiv2': 0.8314012275511131, 'Filters': 0.9573598968037839, 'logP': 0.23388037652479182, 'SA': 0.09958484656256106, 'QED': 0.017288165252103003, 'weight': 24.34615089384833, 'Novelty': 0.9295505524632384}
Epoch: 58:
	Train Loss: 0.352 --- Reconstruction Loss: 0.338 --- KL Loss: 15.585 --- Beta: 0.000865
	Validity: 0.47% --- Uniquene@1000: 0.99% --- Unique@10000: 0.89%

{'valid': 0.6174333333333333, 'unique@1000': 0.989, 'unique@10000': 0.9092, 'FCD/Test': 13.229145713431919, 'SNN/Test': 0.5533793063131708, 'Frag/Test': 0.899989158608166, 'Scaf/Test': 0.39390446464037165, 'FCD/TestSF': 13.730066090333054, 'SNN/TestSF': 0.5078167357622647, 'Frag/TestSF': 0.8947761118455253, 'Scaf/TestSF': 0.07930408731092076, 'IntDiv': 0.839361535547494, 'IntDiv2': 0.8296128230604021, 'Filters': 0.9693354208281596, 'logP': 0.27354147757804526, 'SA': 0.10595184555453357, 'QED': 0.017544215992299255, 'weight': 19.25334416891379, 'Novelty': 0.9306514371783607}
Epoch: 59:
	Train Loss: 0.350 --- Reconstruction Loss: 0.336 --- KL Loss: 15.223 --- Beta: 0.000910
	Validity: 0.62% --- Uniquene@1000: 0.99% --- Unique@10000: 0.91%

{'valid': 0.3801333333333333, 'unique@1000': 0.977, 'unique@10000': 0.908, 'FCD/Test': 12.128674541605093, 'SNN/Test': 0.5266511756802642, 'Frag/Test': 0.8957112713998836, 'Scaf/Test': 0.27550650700360935, 'FCD/TestSF': 12.713322266374362, 'SNN/TestSF': 0.4847415623770225, 'Frag/TestSF': 0.8894952868108134, 'Scaf/TestSF': 0.06880023324585183, 'IntDiv': 0.8538429391527016, 'IntDiv2': 0.8437632767237844, 'Filters': 0.9602770957558752, 'logP': 0.18307741317986875, 'SA': 0.05671851404384734, 'QED': 0.029190300077803287, 'weight': 22.44683840879208, 'Novelty': 0.9416707376648754}
Epoch: 60:
	Train Loss: 0.349 --- Reconstruction Loss: 0.334 --- KL Loss: 14.842 --- Beta: 0.000955
	Validity: 0.38% --- Uniquene@1000: 0.98% --- Unique@10000: 0.91%

{'valid': 0.4446333333333333, 'unique@1000': 0.982, 'unique@10000': 0.8799, 'FCD/Test': 12.885046724504257, 'SNN/Test': 0.5385787789019002, 'Frag/Test': 0.922418555251894, 'Scaf/Test': 0.242398262693039, 'FCD/TestSF': 13.58392371416332, 'SNN/TestSF': 0.4914199852022473, 'Frag/TestSF': 0.9148139628169448, 'Scaf/TestSF': 0.04290643494510771, 'IntDiv': 0.8450204367561649, 'IntDiv2': 0.8346922848071986, 'Filters': 0.954419371766999, 'logP': 0.15805640201465423, 'SA': 0.036181774487747564, 'QED': 0.011937994072411265, 'weight': 29.03969387172313, 'Novelty': 0.939234743017249}
Epoch: 61:
	Train Loss: 0.330 --- Reconstruction Loss: 0.327 --- KL Loss: 27.649 --- Beta: 0.000100
	Validity: 0.44% --- Uniquene@1000: 0.98% --- Unique@10000: 0.88%

{'valid': 0.496, 'unique@1000': 0.964, 'unique@10000': 0.8758, 'FCD/Test': 12.878098225108246, 'SNN/Test': 0.5370945025085201, 'Frag/Test': 0.9209977663595771, 'Scaf/Test': 0.31749705977691134, 'FCD/TestSF': 13.56455930777824, 'SNN/TestSF': 0.4873087310282293, 'Frag/TestSF': 0.9127151983831242, 'Scaf/TestSF': 0.04294888768952976, 'IntDiv': 0.8451850223965777, 'IntDiv2': 0.834806958585598, 'Filters': 0.9540994623655914, 'logP': 0.14943148959762742, 'SA': 0.046515713273710575, 'QED': 0.012936607140384332, 'weight': 29.344973269515055, 'Novelty': 0.9410594972955775}
Epoch: 62:
	Train Loss: 0.329 --- Reconstruction Loss: 0.325 --- KL Loss: 29.023 --- Beta: 0.000145
	Validity: 0.50% --- Uniquene@1000: 0.96% --- Unique@10000: 0.88%

{'valid': 0.5667333333333333, 'unique@1000': 0.972, 'unique@10000': 0.8696, 'FCD/Test': 12.625707403387068, 'SNN/Test': 0.540464421835223, 'Frag/Test': 0.9253386920199341, 'Scaf/Test': 0.27026249315581496, 'FCD/TestSF': 13.318623319567848, 'SNN/TestSF': 0.4899436051779502, 'Frag/TestSF': 0.9177335890945942, 'Scaf/TestSF': 0.038697161626143894, 'IntDiv': 0.8424865302051769, 'IntDiv2': 0.832423799260718, 'Filters': 0.9586519233031408, 'logP': 0.13626434845360513, 'SA': 0.028839820686488604, 'QED': 0.011376586350576392, 'weight': 26.862900194753113, 'Novelty': 0.9371977240398293}
Epoch: 63:
	Train Loss: 0.327 --- Reconstruction Loss: 0.322 --- KL Loss: 27.742 --- Beta: 0.000190
	Validity: 0.57% --- Uniquene@1000: 0.97% --- Unique@10000: 0.87%

{'valid': 0.5889666666666666, 'unique@1000': 0.982, 'unique@10000': 0.9004, 'FCD/Test': 13.528754317412684, 'SNN/Test': 0.5291308709898601, 'Frag/Test': 0.9174137508459544, 'Scaf/Test': 0.2928190007677429, 'FCD/TestSF': 14.173759077816804, 'SNN/TestSF': 0.4808808648327871, 'Frag/TestSF': 0.9104501913001809, 'Scaf/TestSF': 0.05950749355536733, 'IntDiv': 0.8508156462852757, 'IntDiv2': 0.8410528646811781, 'Filters': 0.9577791612428547, 'logP': 0.14596121977650425, 'SA': 0.015446788125354516, 'QED': 0.012060678278451968, 'weight': 31.4582781293053, 'Novelty': 0.9469756999471738}
Epoch: 64:
	Train Loss: 0.327 --- Reconstruction Loss: 0.321 --- KL Loss: 26.421 --- Beta: 0.000235
	Validity: 0.59% --- Uniquene@1000: 0.98% --- Unique@10000: 0.90%

{'valid': 0.6232333333333333, 'unique@1000': 0.984, 'unique@10000': 0.8911, 'FCD/Test': 12.663433347850017, 'SNN/Test': 0.5425320095090985, 'Frag/Test': 0.9292165203834618, 'Scaf/Test': 0.2920225119271178, 'FCD/TestSF': 13.401353356195393, 'SNN/TestSF': 0.49389017079277153, 'Frag/TestSF': 0.9211911857867132, 'Scaf/TestSF': 0.05800659489904603, 'IntDiv': 0.8423347680079133, 'IntDiv2': 0.8328217239713362, 'Filters': 0.9607423650853077, 'logP': 0.1521319346390907, 'SA': 0.0531074455492081, 'QED': 0.012662281718211894, 'weight': 27.324500257218965, 'Novelty': 0.9380019274012207}
Epoch: 65:
	Train Loss: 0.325 --- Reconstruction Loss: 0.318 --- KL Loss: 25.062 --- Beta: 0.000280
	Validity: 0.62% --- Uniquene@1000: 0.98% --- Unique@10000: 0.89%

{'valid': 0.5770333333333333, 'unique@1000': 0.983, 'unique@10000': 0.8979, 'FCD/Test': 12.471431569566548, 'SNN/Test': 0.5377574974717166, 'Frag/Test': 0.9233013989024621, 'Scaf/Test': 0.29215327755844034, 'FCD/TestSF': 13.281329214445272, 'SNN/TestSF': 0.485357782710887, 'Frag/TestSF': 0.9146205950686882, 'Scaf/TestSF': 0.04074657379677771, 'IntDiv': 0.8453337914376788, 'IntDiv2': 0.8356491128662585, 'Filters': 0.9600831841025937, 'logP': 0.13974917720374325, 'SA': 0.028154163189845708, 'QED': 0.010516552230783665, 'weight': 29.79006182569167, 'Novelty': 0.9442461787085045}
Epoch: 66:
	Train Loss: 0.324 --- Reconstruction Loss: 0.316 --- KL Loss: 23.954 --- Beta: 0.000325
	Validity: 0.58% --- Uniquene@1000: 0.98% --- Unique@10000: 0.90%

{'valid': 0.6017666666666667, 'unique@1000': 0.981, 'unique@10000': 0.8894, 'FCD/Test': 13.441591136582545, 'SNN/Test': 0.5455737423242734, 'Frag/Test': 0.9089897527573404, 'Scaf/Test': 0.320116741267922, 'FCD/TestSF': 14.138735276945425, 'SNN/TestSF': 0.49669857252762073, 'Frag/TestSF': 0.901961128102708, 'Scaf/TestSF': 0.04877384711388144, 'IntDiv': 0.8449135809259286, 'IntDiv2': 0.8348695371917948, 'Filters': 0.9603943942834986, 'logP': 0.19819889927614376, 'SA': 0.07525755215293176, 'QED': 0.02109728605464665, 'weight': 27.12659014970381, 'Novelty': 0.9318122384937239}
Epoch: 67:
	Train Loss: 0.323 --- Reconstruction Loss: 0.315 --- KL Loss: 22.863 --- Beta: 0.000370
	Validity: 0.60% --- Uniquene@1000: 0.98% --- Unique@10000: 0.89%

{'valid': 0.6261666666666666, 'unique@1000': 0.979, 'unique@10000': 0.8906, 'FCD/Test': 12.655579153349983, 'SNN/Test': 0.5475938355887796, 'Frag/Test': 0.940111072109198, 'Scaf/Test': 0.368330298914451, 'FCD/TestSF': 13.45198341793995, 'SNN/TestSF': 0.49444645319430475, 'Frag/TestSF': 0.9311207946205647, 'Scaf/TestSF': 0.05589446982214741, 'IntDiv': 0.8386297178481777, 'IntDiv2': 0.8288310123492325, 'Filters': 0.960074527548576, 'logP': 0.0970546776044472, 'SA': 0.05481900440604534, 'QED': 0.01480964764221971, 'weight': 21.498766217835897, 'Novelty': 0.9355387523629489}
Epoch: 68:
	Train Loss: 0.323 --- Reconstruction Loss: 0.314 --- KL Loss: 21.947 --- Beta: 0.000415
	Validity: 0.63% --- Uniquene@1000: 0.98% --- Unique@10000: 0.89%

{'valid': 0.7182, 'unique@1000': 0.987, 'unique@10000': 0.9173, 'FCD/Test': 13.460452078915282, 'SNN/Test': 0.5356591617517193, 'Frag/Test': 0.905818709929696, 'Scaf/Test': 0.29741280494153755, 'FCD/TestSF': 14.064192394283538, 'SNN/TestSF': 0.4902325319858477, 'Frag/TestSF': 0.897879001928317, 'Scaf/TestSF': 0.07083280752164356, 'IntDiv': 0.8435104566483682, 'IntDiv2': 0.834057522294897, 'Filters': 0.9572078344008168, 'logP': 0.10666901752367147, 'SA': 0.026526251146252417, 'QED': 0.0209926910264148, 'weight': 22.682929282641616, 'Novelty': 0.943047854874307}
Epoch: 69:
	Train Loss: 0.321 --- Reconstruction Loss: 0.311 --- KL Loss: 21.024 --- Beta: 0.000460
	Validity: 0.72% --- Uniquene@1000: 0.99% --- Unique@10000: 0.92%

{'valid': 0.5160333333333333, 'unique@1000': 0.986, 'unique@10000': 0.9222, 'FCD/Test': 12.316781200853214, 'SNN/Test': 0.5329370652972463, 'Frag/Test': 0.9182741893622665, 'Scaf/Test': 0.33179348748694415, 'FCD/TestSF': 12.97789099111941, 'SNN/TestSF': 0.4854637963578079, 'Frag/TestSF': 0.9103067883614553, 'Scaf/TestSF': 0.05236634044616806, 'IntDiv': 0.8482303216502034, 'IntDiv2': 0.8386968200959285, 'Filters': 0.9516181125250307, 'logP': 0.10616771389372448, 'SA': 0.02162908901652598, 'QED': 0.015154933646331237, 'weight': 24.099384894872895, 'Novelty': 0.9461189842457377}
Epoch: 70:
	Train Loss: 0.320 --- Reconstruction Loss: 0.310 --- KL Loss: 20.199 --- Beta: 0.000505
	Validity: 0.52% --- Uniquene@1000: 0.99% --- Unique@10000: 0.92%

{'valid': 0.6073999999999999, 'unique@1000': 0.989, 'unique@10000': 0.928, 'FCD/Test': 12.845118880529135, 'SNN/Test': 0.5343271739942, 'Frag/Test': 0.889112623273158, 'Scaf/Test': 0.3753428474930989, 'FCD/TestSF': 13.611641982154822, 'SNN/TestSF': 0.4857276100790039, 'Frag/TestSF': 0.8818919912249, 'Scaf/TestSF': 0.06563789111241314, 'IntDiv': 0.8495684434967865, 'IntDiv2': 0.8398282600339636, 'Filters': 0.9594446273735046, 'logP': 0.1918236551193285, 'SA': 0.03678930185826595, 'QED': 0.029318741342205162, 'weight': 26.604875623238016, 'Novelty': 0.9394388827091831}
Epoch: 71:
	Train Loss: 0.320 --- Reconstruction Loss: 0.309 --- KL Loss: 19.611 --- Beta: 0.000550
	Validity: 0.61% --- Uniquene@1000: 0.99% --- Unique@10000: 0.93%

{'valid': 0.523, 'unique@1000': 0.995, 'unique@10000': 0.9359, 'FCD/Test': 13.504256767106462, 'SNN/Test': 0.5149985903801623, 'Frag/Test': 0.8959914586415761, 'Scaf/Test': 0.34682692113294467, 'FCD/TestSF': 14.421624344233038, 'SNN/TestSF': 0.4654086845687729, 'Frag/TestSF': 0.8881948903137296, 'Scaf/TestSF': 0.04369756988702134, 'IntDiv': 0.8527899684322534, 'IntDiv2': 0.8431576884115912, 'Filters': 0.9534735500318674, 'logP': 0.26543274098640224, 'SA': 0.05791373415291526, 'QED': 0.020223102256266157, 'weight': 25.351464541491957, 'Novelty': 0.9531686208821887}
Epoch: 72:
	Train Loss: 0.318 --- Reconstruction Loss: 0.307 --- KL Loss: 19.048 --- Beta: 0.000595
	Validity: 0.52% --- Uniquene@1000: 0.99% --- Unique@10000: 0.94%

{'valid': 0.5368333333333333, 'unique@1000': 0.981, 'unique@10000': 0.9233, 'FCD/Test': 14.145013099220236, 'SNN/Test': 0.5201314204451979, 'Frag/Test': 0.8913256609745027, 'Scaf/Test': 0.2768172287383981, 'FCD/TestSF': 14.70899420758412, 'SNN/TestSF': 0.4754688898688405, 'Frag/TestSF': 0.8849179491074073, 'Scaf/TestSF': 0.035987326732057956, 'IntDiv': 0.8528855775475698, 'IntDiv2': 0.8429847116197511, 'Filters': 0.9521266687364173, 'logP': 0.3052539718283652, 'SA': 0.040177012698516326, 'QED': 0.018663579837445172, 'weight': 26.443297330944645, 'Novelty': 0.947995291184821}
Epoch: 73:
	Train Loss: 0.317 --- Reconstruction Loss: 0.306 --- KL Loss: 18.374 --- Beta: 0.000640
	Validity: 0.54% --- Uniquene@1000: 0.98% --- Unique@10000: 0.92%

{'valid': 0.6145, 'unique@1000': 0.991, 'unique@10000': 0.9409, 'FCD/Test': 12.349495270517252, 'SNN/Test': 0.5197906764964279, 'Frag/Test': 0.9047069474223107, 'Scaf/Test': 0.3067019280621379, 'FCD/TestSF': 13.095479146247804, 'SNN/TestSF': 0.47702350646685804, 'Frag/TestSF': 0.8976485497006941, 'Scaf/TestSF': 0.0673104291816804, 'IntDiv': 0.854908422696292, 'IntDiv2': 0.8455392678628628, 'Filters': 0.9522647138595064, 'logP': 0.11052987107227244, 'SA': 0.0422722667742905, 'QED': 0.021808587027815244, 'weight': 28.16520482659335, 'Novelty': 0.9484228728161708}
Epoch: 74:
	Train Loss: 0.316 --- Reconstruction Loss: 0.304 --- KL Loss: 17.757 --- Beta: 0.000685
	Validity: 0.61% --- Uniquene@1000: 0.99% --- Unique@10000: 0.94%

{'valid': 0.6496999999999999, 'unique@1000': 0.989, 'unique@10000': 0.9437, 'FCD/Test': 12.083093283111396, 'SNN/Test': 0.5280040256802527, 'Frag/Test': 0.919103230097137, 'Scaf/Test': 0.38994257513199093, 'FCD/TestSF': 12.866286254452135, 'SNN/TestSF': 0.4832611461455994, 'Frag/TestSF': 0.9124559441243165, 'Scaf/TestSF': 0.08284453567120909, 'IntDiv': 0.8507772937008474, 'IntDiv2': 0.841708263825604, 'Filters': 0.9624955107485507, 'logP': 0.19536901202462353, 'SA': 0.02121757575987829, 'QED': 0.02105223654466445, 'weight': 26.236447839432902, 'Novelty': 0.9439606423885999}
Epoch: 75:
	Train Loss: 0.315 --- Reconstruction Loss: 0.303 --- KL Loss: 17.265 --- Beta: 0.000730
	Validity: 0.65% --- Uniquene@1000: 0.99% --- Unique@10000: 0.94%

{'valid': 0.5414, 'unique@1000': 0.993, 'unique@10000': 0.9475, 'FCD/Test': 12.539256121333779, 'SNN/Test': 0.5131596998820647, 'Frag/Test': 0.9165365000154757, 'Scaf/Test': 0.3893608273560982, 'FCD/TestSF': 13.252269912893055, 'SNN/TestSF': 0.47134285008246024, 'Frag/TestSF': 0.9091284515103683, 'Scaf/TestSF': 0.05597242495666932, 'IntDiv': 0.8549220426670555, 'IntDiv2': 0.8453481742147972, 'Filters': 0.9470508558059352, 'logP': 0.13084528950765217, 'SA': 0.07581659942175994, 'QED': 0.03085192663740413, 'weight': 21.441386692198687, 'Novelty': 0.9515656229180546}
Epoch: 76:
	Train Loss: 0.314 --- Reconstruction Loss: 0.301 --- KL Loss: 16.849 --- Beta: 0.000775
	Validity: 0.54% --- Uniquene@1000: 0.99% --- Unique@10000: 0.95%

{'valid': 0.5778666666666666, 'unique@1000': 0.991, 'unique@10000': 0.9476, 'FCD/Test': 12.608574874261635, 'SNN/Test': 0.5118986835731619, 'Frag/Test': 0.885717931987211, 'Scaf/Test': 0.29350178567876795, 'FCD/TestSF': 13.394292023084532, 'SNN/TestSF': 0.46674837275263376, 'Frag/TestSF': 0.8793569671825299, 'Scaf/TestSF': 0.05484185949348375, 'IntDiv': 0.8563494914038414, 'IntDiv2': 0.8471073968765821, 'Filters': 0.961063682510383, 'logP': 0.10668788827975872, 'SA': 0.07938050017213277, 'QED': 0.02431997258644992, 'weight': 23.403902007123772, 'Novelty': 0.9559007767476823}
Epoch: 77:
	Train Loss: 0.313 --- Reconstruction Loss: 0.300 --- KL Loss: 16.489 --- Beta: 0.000820
	Validity: 0.58% --- Uniquene@1000: 0.99% --- Unique@10000: 0.95%

{'valid': 0.6163000000000001, 'unique@1000': 0.995, 'unique@10000': 0.9492, 'FCD/Test': 13.071054622441402, 'SNN/Test': 0.5207983501160007, 'Frag/Test': 0.8686427335306548, 'Scaf/Test': 0.3004522936503693, 'FCD/TestSF': 13.636053690415956, 'SNN/TestSF': 0.4763144609768747, 'Frag/TestSF': 0.8623693186958867, 'Scaf/TestSF': 0.06969581392569713, 'IntDiv': 0.8539406538712013, 'IntDiv2': 0.8446629704732544, 'Filters': 0.9660338579696035, 'logP': 0.19670201405589657, 'SA': 0.03146731957099008, 'QED': 0.029713131934130554, 'weight': 22.17579920521376, 'Novelty': 0.948985026927857}
Epoch: 78:
	Train Loss: 0.312 --- Reconstruction Loss: 0.298 --- KL Loss: 16.052 --- Beta: 0.000865
	Validity: 0.62% --- Uniquene@1000: 0.99% --- Unique@10000: 0.95%

{'valid': 0.5977, 'unique@1000': 0.99, 'unique@10000': 0.94, 'FCD/Test': 12.957937466656297, 'SNN/Test': 0.5186532302859052, 'Frag/Test': 0.8979604386553696, 'Scaf/Test': 0.32532892283011794, 'FCD/TestSF': 13.695068910527098, 'SNN/TestSF': 0.47528868976974836, 'Frag/TestSF': 0.890488778008868, 'Scaf/TestSF': 0.0593643440884285, 'IntDiv': 0.8535352306406406, 'IntDiv2': 0.8440630336996668, 'Filters': 0.9568345323741008, 'logP': 0.2551171491740163, 'SA': 0.06519749906035732, 'QED': 0.017052634633635398, 'weight': 18.55850059326404, 'Novelty': 0.9503036996134733}
Epoch: 79:
	Train Loss: 0.311 --- Reconstruction Loss: 0.297 --- KL Loss: 15.700 --- Beta: 0.000910
	Validity: 0.60% --- Uniquene@1000: 0.99% --- Unique@10000: 0.94%

{'valid': 0.6722666666666667, 'unique@1000': 0.992, 'unique@10000': 0.9386, 'FCD/Test': 13.41836830955694, 'SNN/Test': 0.5241572079113886, 'Frag/Test': 0.8907581661161558, 'Scaf/Test': 0.3786494345579805, 'FCD/TestSF': 14.026064972733742, 'SNN/TestSF': 0.4840088145558392, 'Frag/TestSF': 0.8859036786682616, 'Scaf/TestSF': 0.059622638049269705, 'IntDiv': 0.8520185923881569, 'IntDiv2': 0.8425485959676408, 'Filters': 0.9598869496231655, 'logP': 0.35718480656824847, 'SA': 0.025249318828745235, 'QED': 0.019099670396840147, 'weight': 17.29730386624185, 'Novelty': 0.9442729577775328}
Epoch: 80:
	Train Loss: 0.311 --- Reconstruction Loss: 0.296 --- KL Loss: 15.431 --- Beta: 0.000955
	Validity: 0.67% --- Uniquene@1000: 0.99% --- Unique@10000: 0.94%

