2024-02-15 02:31:21.047178: E external/local_xla/xla/stream_executor/cuda/cuda_dnn.cc:9261] Unable to register cuDNN factory: Attempting to register factory for plugin cuDNN when one has already been registered
2024-02-15 02:31:21.047240: E external/local_xla/xla/stream_executor/cuda/cuda_fft.cc:607] Unable to register cuFFT factory: Attempting to register factory for plugin cuFFT when one has already been registered
2024-02-15 02:31:21.048208: E external/local_xla/xla/stream_executor/cuda/cuda_blas.cc:1515] Unable to register cuBLAS factory: Attempting to register factory for plugin cuBLAS when one has already been registered
2024-02-15 02:31:21.052784: I tensorflow/core/platform/cpu_feature_guard.cc:182] This TensorFlow binary is optimized to use available CPU instructions in performance-critical operations.
To enable the following instructions: AVX2 FMA, in other operations, rebuild TensorFlow with the appropriate compiler flags.
2024-02-15 02:31:21.884763: W tensorflow/compiler/tf2tensorrt/utils/py_utils.cc:38] TF-TRT Warning: Could not find TensorRT

Arguments:
	data_path: data/moses_train.txt
	max_len: 30
	batch: 128
	d_model: 512
	d_latent: 256
	d_ff: 1024
	e_heads: 1
	d_heads: 8
	n_layers: 6
	dropout: 0.5
	lr: 0.0005
	n_epochs: 100
	kl_type: monotonic
	kl_w_start: 0.0001
	kl_w_end: 0.005
	kl_cycle: 4
	kl_ratio: 0.9
	save_name: klcompare

Number of data: 88192

SMILES Vocab:
	 {'<START>': 0, '<END>': 1, '<PAD>': 2, 'C': 3, 'O': 4, 'c': 5, '1': 6, '(': 7, '=': 8, ')': 9, 'N': 10, 'n': 11, '2': 12, 'F': 13, 'Cl': 14, 'Br': 15, '#': 16, '3': 17, 'S': 18, 'o': 19, '-': 20, 's': 21, '[nH]': 22, '4': 23}

Graph Vocab:
	 {'C': 0, 'O': 1, 'N': 2, 'F': 3, 'Cl': 4, 'Br': 5, 'S': 6}


KL Annealer: [0.0001, 0.000149, 0.000198, 0.000247, 0.000296, 0.000345, 0.000394, 0.000443, 0.000492, 0.000541, 0.00059, 0.000639, 0.000688, 0.000737, 0.000786, 0.000835, 0.000884, 0.000933, 0.000982, 0.001031, 0.00108, 0.001129, 0.001178, 0.001227, 0.001276, 0.001325, 0.001374, 0.001423, 0.001472, 0.001521, 0.00157, 0.001619, 0.001668, 0.001717, 0.001766, 0.001815, 0.001864, 0.001913, 0.0019619999999999998, 0.0020109999999999998, 0.0020599999999999998, 0.0021089999999999998, 0.0021579999999999998, 0.0022069999999999998, 0.0022559999999999998, 0.0023049999999999998, 0.0023539999999999998, 0.0024029999999999998, 0.0024519999999999998, 0.0025009999999999998, 0.0025499999999999997, 0.0025989999999999997, 0.0026479999999999997, 0.0026969999999999997, 0.0027459999999999997, 0.0027949999999999997, 0.0028439999999999997, 0.0028929999999999997, 0.0029419999999999997, 0.0029909999999999997, 0.0030399999999999997, 0.0030889999999999997, 0.0031379999999999997, 0.0031869999999999997, 0.0032359999999999997, 0.0032849999999999997, 0.0033339999999999997, 0.0033829999999999997, 0.0034319999999999997, 0.0034809999999999997, 0.0035299999999999997, 0.0035789999999999997, 0.0036279999999999997, 0.0036769999999999997, 0.0037259999999999997, 0.0037749999999999997, 0.0038239999999999997, 0.0038729999999999997, 0.003922, 0.003971, 0.00402, 0.004069000000000001, 0.004118, 0.004167, 0.004216, 0.0042650000000000006, 0.004314, 0.004363, 0.004412, 0.0044610000000000006, 0.00451, 0.004559, 0.004608, 0.0046570000000000005, 0.004706, 0.004755, 0.004804, 0.0048530000000000005, 0.004902, 0.004951]




#########################################################################
######################### START TRAINING ################################
#########################################################################




{'valid': 0.5810666666666666, 'unique@1000': 0.838, 'unique@10000': 0.5635, 'FCD/Test': 19.7001280944802, 'SNN/Test': 0.6127697313037719, 'Frag/Test': 0.8724594764517004, 'Scaf/Test': 0.2809564541598417, 'FCD/TestSF': 20.717401994196457, 'SNN/TestSF': 0.5499982511254559, 'Frag/TestSF': 0.8626135015045364, 'Scaf/TestSF': 0.03578400206015553, 'IntDiv': 0.788810512216202, 'IntDiv2': 0.7748489294182708, 'Filters': 0.9748737953189537, 'logP': 0.20307891413817294, 'SA': 0.35415792291161136, 'QED': 0.032295541438632384, 'weight': 17.0158269407897, 'Novelty': 0.9263759828448892}
Epoch: 31:
	Train Loss: 0.472 --- Reconstruction Loss: 0.454 --- KL Loss: 11.642 --- Beta: 0.001570
	Validity: 0.58% --- Uniquene@1000: 0.84% --- Unique@10000: 0.56%

{'valid': 0.5852666666666666, 'unique@1000': 0.837, 'unique@10000': 0.5487, 'FCD/Test': 19.83323317873321, 'SNN/Test': 0.6217664792456488, 'Frag/Test': 0.879952231060218, 'Scaf/Test': 0.3474613671033817, 'FCD/TestSF': 20.80907599641229, 'SNN/TestSF': 0.5653422953797943, 'Frag/TestSF': 0.8737775317280515, 'Scaf/TestSF': 0.05974179674716862, 'IntDiv': 0.78066419074309, 'IntDiv2': 0.7661138159391341, 'Filters': 0.9898621710901013, 'logP': 0.35335064210936373, 'SA': 0.3619488221445226, 'QED': 0.03103281139370065, 'weight': 15.18941239907322, 'Novelty': 0.9306978425937086}
Epoch: 32:
	Train Loss: 0.467 --- Reconstruction Loss: 0.449 --- KL Loss: 11.006 --- Beta: 0.001619
	Validity: 0.59% --- Uniquene@1000: 0.84% --- Unique@10000: 0.55%

{'valid': 0.5904, 'unique@1000': 0.884, 'unique@10000': 0.6277, 'FCD/Test': 17.792079355433486, 'SNN/Test': 0.5960955125462287, 'Frag/Test': 0.8839804871444867, 'Scaf/Test': 0.31032154414500157, 'FCD/TestSF': 19.05786998071259, 'SNN/TestSF': 0.5197315557221289, 'Frag/TestSF': 0.8735815873389899, 'Scaf/TestSF': 0.02714078473949577, 'IntDiv': 0.8011361241387234, 'IntDiv2': 0.7876574411869433, 'Filters': 0.9822154471544715, 'logP': 0.3286160218725249, 'SA': 0.2618771289218347, 'QED': 0.04553861656783123, 'weight': 12.72338084704271, 'Novelty': 0.942653830054416}
Epoch: 33:
	Train Loss: 0.462 --- Reconstruction Loss: 0.445 --- KL Loss: 10.338 --- Beta: 0.001668
	Validity: 0.59% --- Uniquene@1000: 0.88% --- Unique@10000: 0.63%

{'valid': 0.5854333333333333, 'unique@1000': 0.922, 'unique@10000': 0.6741, 'FCD/Test': 17.727854245477623, 'SNN/Test': 0.5857341861284343, 'Frag/Test': 0.8649610716511508, 'Scaf/Test': 0.22176685104290794, 'FCD/TestSF': 18.71391180824049, 'SNN/TestSF': 0.5209984152343383, 'Frag/TestSF': 0.8538414223655453, 'Scaf/TestSF': 0.017453891973227886, 'IntDiv': 0.8041913286240832, 'IntDiv2': 0.7912369595608402, 'Filters': 0.9772248476911689, 'logP': 0.24183090322804762, 'SA': 0.2504797260666653, 'QED': 0.06212007541756424, 'weight': 12.708663392681737, 'Novelty': 0.9391312630977329}
Epoch: 34:
	Train Loss: 0.457 --- Reconstruction Loss: 0.440 --- KL Loss: 9.928 --- Beta: 0.001717
	Validity: 0.59% --- Uniquene@1000: 0.92% --- Unique@10000: 0.67%

{'valid': 0.48319999999999996, 'unique@1000': 0.905, 'unique@10000': 0.6616, 'FCD/Test': 17.679183998018402, 'SNN/Test': 0.5955455896730388, 'Frag/Test': 0.8789829983442795, 'Scaf/Test': 0.2731911526028754, 'FCD/TestSF': 18.688381464275892, 'SNN/TestSF': 0.5369418040246889, 'Frag/TestSF': 0.8693451745955719, 'Scaf/TestSF': 0.03736952884888256, 'IntDiv': 0.7985834227741401, 'IntDiv2': 0.7849086591208625, 'Filters': 0.9826848785871964, 'logP': 0.2903315142444328, 'SA': 0.28164747236980575, 'QED': 0.05689007011964023, 'weight': 11.788575952144274, 'Novelty': 0.9434348023625625}
Epoch: 35:
	Train Loss: 0.452 --- Reconstruction Loss: 0.435 --- KL Loss: 9.419 --- Beta: 0.001766
	Validity: 0.48% --- Uniquene@1000: 0.91% --- Unique@10000: 0.66%

{'valid': 0.6844, 'unique@1000': 0.872, 'unique@10000': 0.6316, 'FCD/Test': 17.234605516473906, 'SNN/Test': 0.6048208701663981, 'Frag/Test': 0.8679979584873256, 'Scaf/Test': 0.47791773188925935, 'FCD/TestSF': 18.303285827741803, 'SNN/TestSF': 0.5388221833836769, 'Frag/TestSF': 0.8583238228956136, 'Scaf/TestSF': 0.028049238145439914, 'IntDiv': 0.8001997720644426, 'IntDiv2': 0.78682618192647, 'Filters': 0.9835865965322423, 'logP': 0.2298314770486424, 'SA': 0.3204304400418332, 'QED': 0.0401619363923683, 'weight': 17.673877972553566, 'Novelty': 0.9338909155618828}
Epoch: 36:
	Train Loss: 0.449 --- Reconstruction Loss: 0.432 --- KL Loss: 9.047 --- Beta: 0.001815
	Validity: 0.68% --- Uniquene@1000: 0.87% --- Unique@10000: 0.63%

{'valid': 0.5415666666666666, 'unique@1000': 0.921, 'unique@10000': 0.6852, 'FCD/Test': 16.439753598149245, 'SNN/Test': 0.5834778012121876, 'Frag/Test': 0.8771988836804262, 'Scaf/Test': 0.28851351086381705, 'FCD/TestSF': 17.04331061355542, 'SNN/TestSF': 0.5418651348232467, 'Frag/TestSF': 0.8706428483414701, 'Scaf/TestSF': 0.038256054241255, 'IntDiv': 0.8135591635693238, 'IntDiv2': 0.7998909316645864, 'Filters': 0.96614759647935, 'logP': 0.3845832698479246, 'SA': 0.24316892858671624, 'QED': 0.031154382969326676, 'weight': 10.362980355347556, 'Novelty': 0.9391544843935203}
Epoch: 37:
	Train Loss: 0.444 --- Reconstruction Loss: 0.428 --- KL Loss: 8.727 --- Beta: 0.001864
	Validity: 0.54% --- Uniquene@1000: 0.92% --- Unique@10000: 0.69%

{'valid': 0.6636666666666666, 'unique@1000': 0.919, 'unique@10000': 0.6947, 'FCD/Test': 16.566711600666963, 'SNN/Test': 0.5951252842745788, 'Frag/Test': 0.8815344024181616, 'Scaf/Test': 0.28298469416777383, 'FCD/TestSF': 17.076415056352758, 'SNN/TestSF': 0.5491421290658814, 'Frag/TestSF': 0.8760353381174361, 'Scaf/TestSF': 0.031680246099470954, 'IntDiv': 0.8167568881782458, 'IntDiv2': 0.8022454546281566, 'Filters': 0.9817177297840282, 'logP': 0.4242021390511654, 'SA': 0.2910713216327092, 'QED': 0.02243090583711075, 'weight': 12.389470901812587, 'Novelty': 0.9308808973935995}
Epoch: 38:
	Train Loss: 0.441 --- Reconstruction Loss: 0.424 --- KL Loss: 8.533 --- Beta: 0.001913
	Validity: 0.66% --- Uniquene@1000: 0.92% --- Unique@10000: 0.69%

{'valid': 0.5669, 'unique@1000': 0.941, 'unique@10000': 0.7539, 'FCD/Test': 14.937046250099002, 'SNN/Test': 0.5873688208397618, 'Frag/Test': 0.8820905862466272, 'Scaf/Test': 0.26531483517811194, 'FCD/TestSF': 15.559819199522344, 'SNN/TestSF': 0.5380046051704197, 'Frag/TestSF': 0.8735379541496137, 'Scaf/TestSF': 0.03528214480025216, 'IntDiv': 0.8101661716888492, 'IntDiv2': 0.7982865155477523, 'Filters': 0.9773622625977538, 'logP': 0.3345137677943687, 'SA': 0.259569307715281, 'QED': 0.05518161910614546, 'weight': 10.867408775968633, 'Novelty': 0.9415857744180053}
Epoch: 39:
	Train Loss: 0.437 --- Reconstruction Loss: 0.421 --- KL Loss: 8.288 --- Beta: 0.001962
	Validity: 0.57% --- Uniquene@1000: 0.94% --- Unique@10000: 0.75%

{'valid': 0.5686, 'unique@1000': 0.943, 'unique@10000': 0.7546, 'FCD/Test': 15.683488162715364, 'SNN/Test': 0.5778734163777646, 'Frag/Test': 0.8868283715711917, 'Scaf/Test': 0.3523806906264888, 'FCD/TestSF': 16.243156867684398, 'SNN/TestSF': 0.536235518693253, 'Frag/TestSF': 0.8804734493109179, 'Scaf/TestSF': 0.034354595851077585, 'IntDiv': 0.81601323003666, 'IntDiv2': 0.8036548256765401, 'Filters': 0.9771368272951108, 'logP': 0.41180292342985525, 'SA': 0.22528904731747929, 'QED': 0.05241009083275411, 'weight': 7.803171835451614, 'Novelty': 0.9525340553346306}
Epoch: 40:
	Train Loss: 0.433 --- Reconstruction Loss: 0.417 --- KL Loss: 8.131 --- Beta: 0.002011
	Validity: 0.57% --- Uniquene@1000: 0.94% --- Unique@10000: 0.75%

{'valid': 0.6743333333333333, 'unique@1000': 0.933, 'unique@10000': 0.7428, 'FCD/Test': 15.620109359715173, 'SNN/Test': 0.5905471263283029, 'Frag/Test': 0.8859792397372457, 'Scaf/Test': 0.4020632893179752, 'FCD/TestSF': 16.40818426667967, 'SNN/TestSF': 0.5401346961092489, 'Frag/TestSF': 0.8784342665476549, 'Scaf/TestSF': 0.04546048767274813, 'IntDiv': 0.8062161110169976, 'IntDiv2': 0.7936338620921601, 'Filters': 0.9801779535343549, 'logP': 0.3335020065133213, 'SA': 0.30445551105429347, 'QED': 0.05398581818554085, 'weight': 11.605207353237237, 'Novelty': 0.9399969960949234}
Epoch: 41:
	Train Loss: 0.431 --- Reconstruction Loss: 0.414 --- KL Loss: 7.996 --- Beta: 0.002060
	Validity: 0.67% --- Uniquene@1000: 0.93% --- Unique@10000: 0.74%

{'valid': 0.6010333333333333, 'unique@1000': 0.95, 'unique@10000': 0.8025, 'FCD/Test': 14.574362474166293, 'SNN/Test': 0.5770360519323919, 'Frag/Test': 0.9188134292214118, 'Scaf/Test': 0.3360845040579943, 'FCD/TestSF': 15.322790554933427, 'SNN/TestSF': 0.5273292181778586, 'Frag/TestSF': 0.9111421373666088, 'Scaf/TestSF': 0.02814012619917783, 'IntDiv': 0.8163533107109147, 'IntDiv2': 0.8051277443718411, 'Filters': 0.9720481393156231, 'logP': 0.26409259948407493, 'SA': 0.22992023275252035, 'QED': 0.04930482434497287, 'weight': 9.583379962871355, 'Novelty': 0.9467557825172724}
Epoch: 42:
	Train Loss: 0.427 --- Reconstruction Loss: 0.411 --- KL Loss: 7.790 --- Beta: 0.002109
	Validity: 0.60% --- Uniquene@1000: 0.95% --- Unique@10000: 0.80%

{'valid': 0.4532333333333334, 'unique@1000': 0.96, 'unique@10000': 0.8086, 'FCD/Test': 14.111475074665755, 'SNN/Test': 0.5724807749857506, 'Frag/Test': 0.9132408811794214, 'Scaf/Test': 0.3127592310126993, 'FCD/TestSF': 14.82141755109923, 'SNN/TestSF': 0.5241893937156035, 'Frag/TestSF': 0.9061167170574034, 'Scaf/TestSF': 0.045119223872592595, 'IntDiv': 0.8207962912076138, 'IntDiv2': 0.8093541642215569, 'Filters': 0.9858056924321541, 'logP': 0.2020289714355478, 'SA': 0.17938036706333807, 'QED': 0.05129206093041947, 'weight': 14.237724596519028, 'Novelty': 0.9386648915937619}
Epoch: 43:
	Train Loss: 0.424 --- Reconstruction Loss: 0.407 --- KL Loss: 7.674 --- Beta: 0.002158
	Validity: 0.45% --- Uniquene@1000: 0.96% --- Unique@10000: 0.81%

{'valid': 0.6099666666666667, 'unique@1000': 0.956, 'unique@10000': 0.7981, 'FCD/Test': 14.387998576559937, 'SNN/Test': 0.5751451893991913, 'Frag/Test': 0.8996126925495549, 'Scaf/Test': 0.3241119833913131, 'FCD/TestSF': 15.097739571460714, 'SNN/TestSF': 0.5326846480431456, 'Frag/TestSF': 0.8933267922846884, 'Scaf/TestSF': 0.047572064551438586, 'IntDiv': 0.8205432789381766, 'IntDiv2': 0.8087570931995424, 'Filters': 0.9674299142029619, 'logP': 0.18764735668064247, 'SA': 0.20358457279848172, 'QED': 0.020366833539207204, 'weight': 16.949682315161713, 'Novelty': 0.9376640912159628}
Epoch: 44:
	Train Loss: 0.421 --- Reconstruction Loss: 0.405 --- KL Loss: 7.628 --- Beta: 0.002207
	Validity: 0.61% --- Uniquene@1000: 0.96% --- Unique@10000: 0.80%

{'valid': 0.6442, 'unique@1000': 0.948, 'unique@10000': 0.7879, 'FCD/Test': 13.919083241486007, 'SNN/Test': 0.5828642017023664, 'Frag/Test': 0.8848906568802428, 'Scaf/Test': 0.334770766338202, 'FCD/TestSF': 14.482576771479941, 'SNN/TestSF': 0.5359682351363121, 'Frag/TestSF': 0.8775443957309178, 'Scaf/TestSF': 0.0436830613097301, 'IntDiv': 0.8222490107600622, 'IntDiv2': 0.8107807425064247, 'Filters': 0.9705060540204905, 'logP': 0.15394970140312944, 'SA': 0.22297641985032035, 'QED': 0.045855313575322305, 'weight': 15.358418083047999, 'Novelty': 0.9336786808696921}
Epoch: 45:
	Train Loss: 0.418 --- Reconstruction Loss: 0.401 --- KL Loss: 7.579 --- Beta: 0.002256
	Validity: 0.64% --- Uniquene@1000: 0.95% --- Unique@10000: 0.79%

{'valid': 0.5866333333333333, 'unique@1000': 0.973, 'unique@10000': 0.8389, 'FCD/Test': 14.340623885807886, 'SNN/Test': 0.5717333944536513, 'Frag/Test': 0.8937443435698604, 'Scaf/Test': 0.4188422069537536, 'FCD/TestSF': 15.107842671134058, 'SNN/TestSF': 0.5216869548089301, 'Frag/TestSF': 0.885015334391814, 'Scaf/TestSF': 0.0623245538066558, 'IntDiv': 0.8257145554578265, 'IntDiv2': 0.8144729739347227, 'Filters': 0.973123472924598, 'logP': 0.28121047692494106, 'SA': 0.18196188275090983, 'QED': 0.03942403123665238, 'weight': 13.812001490442066, 'Novelty': 0.9381179055291102}
Epoch: 46:
	Train Loss: 0.415 --- Reconstruction Loss: 0.398 --- KL Loss: 7.564 --- Beta: 0.002305
	Validity: 0.59% --- Uniquene@1000: 0.97% --- Unique@10000: 0.84%

{'valid': 0.5008666666666667, 'unique@1000': 0.962, 'unique@10000': 0.8031, 'FCD/Test': 14.435957194649824, 'SNN/Test': 0.5754021105790256, 'Frag/Test': 0.8869607453177892, 'Scaf/Test': 0.3038477080128492, 'FCD/TestSF': 14.963169199423461, 'SNN/TestSF': 0.5353551689050938, 'Frag/TestSF': 0.8812922194198748, 'Scaf/TestSF': 0.056212262430787474, 'IntDiv': 0.8213701890275675, 'IntDiv2': 0.8097924015359684, 'Filters': 0.976773592439771, 'logP': 0.23846547475656862, 'SA': 0.20820220228699904, 'QED': 0.039882035017705895, 'weight': 14.701789840062808, 'Novelty': 0.9347711267605634}
Epoch: 47:
	Train Loss: 0.411 --- Reconstruction Loss: 0.394 --- KL Loss: 7.498 --- Beta: 0.002354
	Validity: 0.50% --- Uniquene@1000: 0.96% --- Unique@10000: 0.80%

{'valid': 0.7242333333333333, 'unique@1000': 0.978, 'unique@10000': 0.8445, 'FCD/Test': 15.615317120349232, 'SNN/Test': 0.5757142774767239, 'Frag/Test': 0.8804382592138241, 'Scaf/Test': 0.3421706081656246, 'FCD/TestSF': 16.37041902465372, 'SNN/TestSF': 0.5250826103393913, 'Frag/TestSF': 0.8720812012500665, 'Scaf/TestSF': 0.04365894691534755, 'IntDiv': 0.8187106227317495, 'IntDiv2': 0.8076768083938594, 'Filters': 0.9632254798177383, 'logP': 0.2545996517881775, 'SA': 0.21772652489340708, 'QED': 0.043793848830375945, 'weight': 11.626768467445107, 'Novelty': 0.9411906920519795}
Epoch: 48:
	Train Loss: 0.408 --- Reconstruction Loss: 0.390 --- KL Loss: 7.473 --- Beta: 0.002403
	Validity: 0.72% --- Uniquene@1000: 0.98% --- Unique@10000: 0.84%

{'valid': 0.7433666666666667, 'unique@1000': 0.977, 'unique@10000': 0.8405, 'FCD/Test': 14.650998764670746, 'SNN/Test': 0.5706255810861389, 'Frag/Test': 0.894540997829766, 'Scaf/Test': 0.3328659076673044, 'FCD/TestSF': 15.193764358410704, 'SNN/TestSF': 0.5283980406050692, 'Frag/TestSF': 0.8885748831100425, 'Scaf/TestSF': 0.05496006111972529, 'IntDiv': 0.8266720475743914, 'IntDiv2': 0.8157877529031684, 'Filters': 0.9761445675081835, 'logP': 0.3700780811142688, 'SA': 0.16887815595299266, 'QED': 0.03166315852115925, 'weight': 11.553464732917966, 'Novelty': 0.9348031124734733}
Epoch: 49:
	Train Loss: 0.405 --- Reconstruction Loss: 0.387 --- KL Loss: 7.471 --- Beta: 0.002452
	Validity: 0.74% --- Uniquene@1000: 0.98% --- Unique@10000: 0.84%

{'valid': 0.7142333333333333, 'unique@1000': 0.976, 'unique@10000': 0.8521, 'FCD/Test': 14.342493758894626, 'SNN/Test': 0.5750706247029482, 'Frag/Test': 0.9042800401199707, 'Scaf/Test': 0.37898245895934357, 'FCD/TestSF': 15.013644272370279, 'SNN/TestSF': 0.5270452269901891, 'Frag/TestSF': 0.8980146953074717, 'Scaf/TestSF': 0.04023280229990678, 'IntDiv': 0.8282508979663549, 'IntDiv2': 0.8174350344771608, 'Filters': 0.971951276426938, 'logP': 0.2975770826494069, 'SA': 0.1986877190480564, 'QED': 0.018840927633603254, 'weight': 15.055207615147813, 'Novelty': 0.9295757575757576}
Epoch: 50:
	Train Loss: 0.401 --- Reconstruction Loss: 0.383 --- KL Loss: 7.419 --- Beta: 0.002501
	Validity: 0.71% --- Uniquene@1000: 0.98% --- Unique@10000: 0.85%

{'valid': 0.7262333333333333, 'unique@1000': 0.97, 'unique@10000': 0.8531, 'FCD/Test': 15.418202943387286, 'SNN/Test': 0.5703774375533501, 'Frag/Test': 0.8849746535452698, 'Scaf/Test': 0.3974263797928127, 'FCD/TestSF': 16.025444334112628, 'SNN/TestSF': 0.5283750363548172, 'Frag/TestSF': 0.8794353141027464, 'Scaf/TestSF': 0.04636550482862656, 'IntDiv': 0.8256285695275907, 'IntDiv2': 0.8145291575396397, 'Filters': 0.9690182218754303, 'logP': 0.3459671214204433, 'SA': 0.21473287863381973, 'QED': 0.044730408143895055, 'weight': 9.839546840374275, 'Novelty': 0.9326741996233522}
Epoch: 51:
	Train Loss: 0.398 --- Reconstruction Loss: 0.379 --- KL Loss: 7.376 --- Beta: 0.002550
	Validity: 0.73% --- Uniquene@1000: 0.97% --- Unique@10000: 0.85%

{'valid': 0.6930666666666667, 'unique@1000': 0.972, 'unique@10000': 0.8537, 'FCD/Test': 14.359751295704385, 'SNN/Test': 0.5687283511435174, 'Frag/Test': 0.8844490750415063, 'Scaf/Test': 0.3319126576836833, 'FCD/TestSF': 15.03610322168278, 'SNN/TestSF': 0.5224943766517335, 'Frag/TestSF': 0.8757772788071295, 'Scaf/TestSF': 0.053097621966075925, 'IntDiv': 0.8226648322147634, 'IntDiv2': 0.8121293607468618, 'Filters': 0.9694594074644094, 'logP': 0.17491254647436355, 'SA': 0.16528644028356546, 'QED': 0.047737516055687684, 'weight': 15.139289199437918, 'Novelty': 0.9352686843730698}
Epoch: 52:
	Train Loss: 0.396 --- Reconstruction Loss: 0.377 --- KL Loss: 7.354 --- Beta: 0.002599
	Validity: 0.69% --- Uniquene@1000: 0.97% --- Unique@10000: 0.85%

{'valid': 0.6722, 'unique@1000': 0.973, 'unique@10000': 0.8589, 'FCD/Test': 14.300703581688865, 'SNN/Test': 0.5728655362751682, 'Frag/Test': 0.886120771978882, 'Scaf/Test': 0.34491169392717413, 'FCD/TestSF': 14.888676583499965, 'SNN/TestSF': 0.5251694224404636, 'Frag/TestSF': 0.8780072076800901, 'Scaf/TestSF': 0.05229925185869977, 'IntDiv': 0.8299202264497832, 'IntDiv2': 0.8193888521532637, 'Filters': 0.9774372706535753, 'logP': 0.16873148107002875, 'SA': 0.1924081744573257, 'QED': 0.05270488823018707, 'weight': 15.679582637783957, 'Novelty': 0.9299850634802092}
Epoch: 53:
	Train Loss: 0.393 --- Reconstruction Loss: 0.374 --- KL Loss: 7.261 --- Beta: 0.002648
	Validity: 0.67% --- Uniquene@1000: 0.97% --- Unique@10000: 0.86%

{'valid': 0.7747999999999999, 'unique@1000': 0.971, 'unique@10000': 0.8502, 'FCD/Test': 13.386257791734579, 'SNN/Test': 0.5809091409401318, 'Frag/Test': 0.9111418151241613, 'Scaf/Test': 0.42661176170740644, 'FCD/TestSF': 13.982527990177658, 'SNN/TestSF': 0.5430980379166086, 'Frag/TestSF': 0.9051734688147932, 'Scaf/TestSF': 0.07595148965366749, 'IntDiv': 0.8226186747557647, 'IntDiv2': 0.811829933785998, 'Filters': 0.9706160729650662, 'logP': 0.16121957668075462, 'SA': 0.20995822982134318, 'QED': 0.020809124747509948, 'weight': 18.53617366081369, 'Novelty': 0.9256639155578014}
Epoch: 54:
	Train Loss: 0.390 --- Reconstruction Loss: 0.371 --- KL Loss: 7.225 --- Beta: 0.002697
	Validity: 0.77% --- Uniquene@1000: 0.97% --- Unique@10000: 0.85%

{'valid': 0.8301000000000001, 'unique@1000': 0.968, 'unique@10000': 0.8514, 'FCD/Test': 14.933230881601432, 'SNN/Test': 0.5823501949657979, 'Frag/Test': 0.8898711159988639, 'Scaf/Test': 0.43266978872649675, 'FCD/TestSF': 15.395243150402742, 'SNN/TestSF': 0.5427495326839508, 'Frag/TestSF': 0.8856644018130091, 'Scaf/TestSF': 0.060554199895759275, 'IntDiv': 0.8231207991906713, 'IntDiv2': 0.8123355497847426, 'Filters': 0.9766694775729832, 'logP': 0.31151741761897966, 'SA': 0.23267698754564356, 'QED': 0.015582060668870861, 'weight': 16.650691837001126, 'Novelty': 0.9163672865595942}
Epoch: 55:
	Train Loss: 0.388 --- Reconstruction Loss: 0.369 --- KL Loss: 7.191 --- Beta: 0.002746
	Validity: 0.83% --- Uniquene@1000: 0.97% --- Unique@10000: 0.85%

{'valid': 0.7144666666666667, 'unique@1000': 0.985, 'unique@10000': 0.8748, 'FCD/Test': 13.95992006628341, 'SNN/Test': 0.5694467451430706, 'Frag/Test': 0.8993326992026368, 'Scaf/Test': 0.41793119105129084, 'FCD/TestSF': 14.603672416313024, 'SNN/TestSF': 0.5264931267598921, 'Frag/TestSF': 0.894061349292547, 'Scaf/TestSF': 0.07531400502251107, 'IntDiv': 0.8344020117239431, 'IntDiv2': 0.8233142789895571, 'Filters': 0.9787720444154148, 'logP': 0.17299487889051965, 'SA': 0.16936575593049488, 'QED': 0.031930312690459435, 'weight': 19.266772235524, 'Novelty': 0.923536299765808}
Epoch: 56:
	Train Loss: 0.385 --- Reconstruction Loss: 0.365 --- KL Loss: 7.160 --- Beta: 0.002795
	Validity: 0.71% --- Uniquene@1000: 0.98% --- Unique@10000: 0.87%

{'valid': 0.8221, 'unique@1000': 0.973, 'unique@10000': 0.8459, 'FCD/Test': 14.522163336675291, 'SNN/Test': 0.5803506382449247, 'Frag/Test': 0.8789649751191928, 'Scaf/Test': 0.42729605412568294, 'FCD/TestSF': 15.235865326005616, 'SNN/TestSF': 0.5383101907415131, 'Frag/TestSF': 0.8719643992218634, 'Scaf/TestSF': 0.08000761767452191, 'IntDiv': 0.8189814981132048, 'IntDiv2': 0.8082585075813349, 'Filters': 0.9800510886753436, 'logP': 0.273358324657325, 'SA': 0.2198625297330989, 'QED': 0.039502310503417855, 'weight': 15.416019527432365, 'Novelty': 0.9226351717412504}
Epoch: 57:
	Train Loss: 0.384 --- Reconstruction Loss: 0.363 --- KL Loss: 7.101 --- Beta: 0.002844
	Validity: 0.82% --- Uniquene@1000: 0.97% --- Unique@10000: 0.85%

{'valid': 0.7018, 'unique@1000': 0.974, 'unique@10000': 0.8495, 'FCD/Test': 14.311894602726326, 'SNN/Test': 0.581658791146597, 'Frag/Test': 0.88660387891482, 'Scaf/Test': 0.3909246962429025, 'FCD/TestSF': 14.867273522022444, 'SNN/TestSF': 0.541164691386127, 'Frag/TestSF': 0.8816158066845813, 'Scaf/TestSF': 0.08901022071472109, 'IntDiv': 0.8194255252312909, 'IntDiv2': 0.8086932310288389, 'Filters': 0.9780089294195877, 'logP': 0.1979309067587227, 'SA': 0.21808105909402362, 'QED': 0.02308647708276745, 'weight': 14.586479204599227, 'Novelty': 0.9196555782692188}
Epoch: 58:
	Train Loss: 0.381 --- Reconstruction Loss: 0.361 --- KL Loss: 7.053 --- Beta: 0.002893
	Validity: 0.70% --- Uniquene@1000: 0.97% --- Unique@10000: 0.85%

{'valid': 0.6825, 'unique@1000': 0.981, 'unique@10000': 0.8778, 'FCD/Test': 14.323518830370759, 'SNN/Test': 0.5667132868413087, 'Frag/Test': 0.8978077747704333, 'Scaf/Test': 0.4808760464276782, 'FCD/TestSF': 14.720385712435878, 'SNN/TestSF': 0.530057017902897, 'Frag/TestSF': 0.894785811468369, 'Scaf/TestSF': 0.08444751134053852, 'IntDiv': 0.8324387263283357, 'IntDiv2': 0.822119465127771, 'Filters': 0.974017094017094, 'logP': 0.25756447228515034, 'SA': 0.1936436087255579, 'QED': 0.019987574853988166, 'weight': 17.876826587145235, 'Novelty': 0.9223950795947902}
Epoch: 59:
	Train Loss: 0.380 --- Reconstruction Loss: 0.359 --- KL Loss: 7.007 --- Beta: 0.002942
	Validity: 0.68% --- Uniquene@1000: 0.98% --- Unique@10000: 0.88%

{'valid': 0.5494333333333333, 'unique@1000': 0.984, 'unique@10000': 0.8894, 'FCD/Test': 13.125112594046456, 'SNN/Test': 0.5505282263302191, 'Frag/Test': 0.897797946499367, 'Scaf/Test': 0.425373219902754, 'FCD/TestSF': 13.578028065706889, 'SNN/TestSF': 0.5144724370148376, 'Frag/TestSF': 0.8938930105721021, 'Scaf/TestSF': 0.08432974890533362, 'IntDiv': 0.8398055975945626, 'IntDiv2': 0.82911942452751, 'Filters': 0.9679669962992173, 'logP': 0.28285353116244544, 'SA': 0.09050345126941843, 'QED': 0.02679370581743745, 'weight': 13.79730587983266, 'Novelty': 0.9389718552556002}
Epoch: 60:
	Train Loss: 0.377 --- Reconstruction Loss: 0.356 --- KL Loss: 6.954 --- Beta: 0.002991
	Validity: 0.55% --- Uniquene@1000: 0.98% --- Unique@10000: 0.89%

{'valid': 0.5217333333333334, 'unique@1000': 0.978, 'unique@10000': 0.8569, 'FCD/Test': 14.266699142363038, 'SNN/Test': 0.5628549393657724, 'Frag/Test': 0.8912753641495941, 'Scaf/Test': 0.371939930075447, 'FCD/TestSF': 14.72541154918568, 'SNN/TestSF': 0.5291107868722887, 'Frag/TestSF': 0.8869056104389657, 'Scaf/TestSF': 0.06803675874333437, 'IntDiv': 0.8313619665119234, 'IntDiv2': 0.8203497624999353, 'Filters': 0.9706746741630462, 'logP': 0.22129262480275813, 'SA': 0.11959252733366196, 'QED': 0.024759740863058845, 'weight': 16.28471960506969, 'Novelty': 0.9228828260526731}
Epoch: 61:
	Train Loss: 0.377 --- Reconstruction Loss: 0.356 --- KL Loss: 6.876 --- Beta: 0.003040
	Validity: 0.52% --- Uniquene@1000: 0.98% --- Unique@10000: 0.86%

{'valid': 0.6399, 'unique@1000': 0.984, 'unique@10000': 0.8734, 'FCD/Test': 13.999259871149619, 'SNN/Test': 0.566162591374044, 'Frag/Test': 0.8986051092140799, 'Scaf/Test': 0.37868042614127373, 'FCD/TestSF': 14.663134625427197, 'SNN/TestSF': 0.5221356628249696, 'Frag/TestSF': 0.8916447148064632, 'Scaf/TestSF': 0.07033496795119798, 'IntDiv': 0.8300623681245938, 'IntDiv2': 0.8195531040117997, 'Filters': 0.9745272698859196, 'logP': 0.1816975964134052, 'SA': 0.130248035767676, 'QED': 0.02912499105519911, 'weight': 15.921571081211992, 'Novelty': 0.9312097812097813}
Epoch: 62:
	Train Loss: 0.373 --- Reconstruction Loss: 0.352 --- KL Loss: 6.851 --- Beta: 0.003089
	Validity: 0.64% --- Uniquene@1000: 0.98% --- Unique@10000: 0.87%

{'valid': 0.6139666666666667, 'unique@1000': 0.98, 'unique@10000': 0.8543, 'FCD/Test': 14.475156899674168, 'SNN/Test': 0.5695101113661187, 'Frag/Test': 0.8750300966806892, 'Scaf/Test': 0.396969591707346, 'FCD/TestSF': 15.066416783881039, 'SNN/TestSF': 0.5294242655876904, 'Frag/TestSF': 0.8706030133814572, 'Scaf/TestSF': 0.10219219257746659, 'IntDiv': 0.8274685495933836, 'IntDiv2': 0.8166172853997582, 'Filters': 0.9775232097290841, 'logP': 0.14905155925240238, 'SA': 0.16981686368476445, 'QED': 0.024022951518864, 'weight': 13.988533348555839, 'Novelty': 0.917056718061674}
Epoch: 63:
	Train Loss: 0.373 --- Reconstruction Loss: 0.351 --- KL Loss: 6.821 --- Beta: 0.003138
	Validity: 0.61% --- Uniquene@1000: 0.98% --- Unique@10000: 0.85%

{'valid': 0.7068333333333333, 'unique@1000': 0.988, 'unique@10000': 0.8911, 'FCD/Test': 14.504737746779384, 'SNN/Test': 0.5494886840227442, 'Frag/Test': 0.8762919455016854, 'Scaf/Test': 0.4100908877070393, 'FCD/TestSF': 14.947796693319873, 'SNN/TestSF': 0.5166391178406907, 'Frag/TestSF': 0.8727157787574779, 'Scaf/TestSF': 0.09668107156801775, 'IntDiv': 0.8356470992616347, 'IntDiv2': 0.8251546631254784, 'Filters': 0.9803348266918179, 'logP': 0.26494304675917113, 'SA': 0.09101043318028385, 'QED': 0.03290921083234826, 'weight': 14.447460887065104, 'Novelty': 0.9299593053246976}
Epoch: 64:
	Train Loss: 0.371 --- Reconstruction Loss: 0.349 --- KL Loss: 6.786 --- Beta: 0.003187
	Validity: 0.71% --- Uniquene@1000: 0.99% --- Unique@10000: 0.89%

{'valid': 0.6631, 'unique@1000': 0.978, 'unique@10000': 0.8822, 'FCD/Test': 14.049174731124161, 'SNN/Test': 0.5571201292750451, 'Frag/Test': 0.9106513211287092, 'Scaf/Test': 0.44683864004386686, 'FCD/TestSF': 14.624222113624796, 'SNN/TestSF': 0.5160012412706735, 'Frag/TestSF': 0.905933046946354, 'Scaf/TestSF': 0.056235882161046025, 'IntDiv': 0.8360791524044803, 'IntDiv2': 0.8257149246426805, 'Filters': 0.9711456291157694, 'logP': 0.12171857487124767, 'SA': 0.10106080224133822, 'QED': 0.019702317059581288, 'weight': 19.14598474391012, 'Novelty': 0.9331450672232795}
Epoch: 65:
	Train Loss: 0.369 --- Reconstruction Loss: 0.347 --- KL Loss: 6.750 --- Beta: 0.003236
	Validity: 0.66% --- Uniquene@1000: 0.98% --- Unique@10000: 0.88%

{'valid': 0.7345333333333333, 'unique@1000': 0.985, 'unique@10000': 0.9127, 'FCD/Test': 12.734461944711661, 'SNN/Test': 0.5641752852326103, 'Frag/Test': 0.9115888604747779, 'Scaf/Test': 0.4804245375660915, 'FCD/TestSF': 13.530884222797027, 'SNN/TestSF': 0.5158680269782384, 'Frag/TestSF': 0.9055744675891343, 'Scaf/TestSF': 0.065855613829091, 'IntDiv': 0.8389933126174599, 'IntDiv2': 0.8288737295359522, 'Filters': 0.9787166454891995, 'logP': 0.1569395470134071, 'SA': 0.08954128948000054, 'QED': 0.014482104129802376, 'weight': 23.165024843379463, 'Novelty': 0.9250940354648038}
Epoch: 66:
	Train Loss: 0.367 --- Reconstruction Loss: 0.345 --- KL Loss: 6.705 --- Beta: 0.003285
	Validity: 0.73% --- Uniquene@1000: 0.98% --- Unique@10000: 0.91%

{'valid': 0.7123333333333333, 'unique@1000': 0.985, 'unique@10000': 0.9011, 'FCD/Test': 13.430079846673124, 'SNN/Test': 0.5462548860864322, 'Frag/Test': 0.8824264482693583, 'Scaf/Test': 0.32531373695576127, 'FCD/TestSF': 13.908572539150931, 'SNN/TestSF': 0.5101973241631763, 'Frag/TestSF': 0.8791241594204428, 'Scaf/TestSF': 0.06649710098446016, 'IntDiv': 0.8421263161494197, 'IntDiv2': 0.8320602819414445, 'Filters': 0.9771174543752925, 'logP': 0.08771055114176507, 'SA': 0.07378516163239811, 'QED': 0.03479493528652741, 'weight': 21.849570123112485, 'Novelty': 0.9331150088809946}
Epoch: 67:
	Train Loss: 0.366 --- Reconstruction Loss: 0.344 --- KL Loss: 6.671 --- Beta: 0.003334
	Validity: 0.71% --- Uniquene@1000: 0.98% --- Unique@10000: 0.90%

{'valid': 0.7575333333333334, 'unique@1000': 0.976, 'unique@10000': 0.8521, 'FCD/Test': 14.13180521038037, 'SNN/Test': 0.5830097692671674, 'Frag/Test': 0.9091837843931758, 'Scaf/Test': 0.5281728737120519, 'FCD/TestSF': 14.597819038471968, 'SNN/TestSF': 0.548306460958425, 'Frag/TestSF': 0.906326434076203, 'Scaf/TestSF': 0.09071419486462673, 'IntDiv': 0.823544449109974, 'IntDiv2': 0.8127244527954784, 'Filters': 0.9796708615682478, 'logP': 0.2033017941083764, 'SA': 0.21927097397433334, 'QED': 0.012718578408872762, 'weight': 16.742494372245954, 'Novelty': 0.903878100475454}
Epoch: 68:
	Train Loss: 0.365 --- Reconstruction Loss: 0.343 --- KL Loss: 6.655 --- Beta: 0.003383
	Validity: 0.76% --- Uniquene@1000: 0.98% --- Unique@10000: 0.85%

{'valid': 0.781, 'unique@1000': 0.987, 'unique@10000': 0.8976, 'FCD/Test': 13.519294942423628, 'SNN/Test': 0.571084002546276, 'Frag/Test': 0.9119724609473019, 'Scaf/Test': 0.5664441261989701, 'FCD/TestSF': 14.29009287162907, 'SNN/TestSF': 0.5247584469943946, 'Frag/TestSF': 0.9051719007072349, 'Scaf/TestSF': 0.08290928301738043, 'IntDiv': 0.8269387685932587, 'IntDiv2': 0.8171422259141163, 'Filters': 0.9789586000853606, 'logP': 0.09702765138643472, 'SA': 0.15879413695586544, 'QED': 0.036230000151426585, 'weight': 20.22827444278793, 'Novelty': 0.9210430626980417}
Epoch: 69:
	Train Loss: 0.363 --- Reconstruction Loss: 0.341 --- KL Loss: 6.594 --- Beta: 0.003432
	Validity: 0.78% --- Uniquene@1000: 0.99% --- Unique@10000: 0.90%

{'valid': 0.5850333333333333, 'unique@1000': 0.988, 'unique@10000': 0.89, 'FCD/Test': 13.933313355733247, 'SNN/Test': 0.5599092210156239, 'Frag/Test': 0.8999463982027734, 'Scaf/Test': 0.3195858949722773, 'FCD/TestSF': 14.584993485087011, 'SNN/TestSF': 0.5249086056711408, 'Frag/TestSF': 0.8949028369686869, 'Scaf/TestSF': 0.07351795946908124, 'IntDiv': 0.8313373411206352, 'IntDiv2': 0.8210417882786765, 'Filters': 0.9802290467779614, 'logP': 0.11283337198669122, 'SA': 0.11653649362198273, 'QED': 0.039212141176571576, 'weight': 17.10255299842734, 'Novelty': 0.9242280606717227}
Epoch: 70:
	Train Loss: 0.363 --- Reconstruction Loss: 0.340 --- KL Loss: 6.579 --- Beta: 0.003481
	Validity: 0.59% --- Uniquene@1000: 0.99% --- Unique@10000: 0.89%

{'valid': 0.6154, 'unique@1000': 0.988, 'unique@10000': 0.9067, 'FCD/Test': 12.486193357121245, 'SNN/Test': 0.5557517193741277, 'Frag/Test': 0.9293943510699072, 'Scaf/Test': 0.48808557062243274, 'FCD/TestSF': 13.042678883796675, 'SNN/TestSF': 0.5139543850133471, 'Frag/TestSF': 0.926176765354609, 'Scaf/TestSF': 0.0887005370232925, 'IntDiv': 0.844339236274546, 'IntDiv2': 0.8342228127433747, 'Filters': 0.9803921568627451, 'logP': 0.17994131640809477, 'SA': 0.11146659713041118, 'QED': 0.01557930563577172, 'weight': 24.77450550518356, 'Novelty': 0.9203099407836715}
Epoch: 71:
	Train Loss: 0.361 --- Reconstruction Loss: 0.337 --- KL Loss: 6.572 --- Beta: 0.003530
	Validity: 0.62% --- Uniquene@1000: 0.99% --- Unique@10000: 0.91%

{'valid': 0.8049666666666666, 'unique@1000': 0.987, 'unique@10000': 0.9023, 'FCD/Test': 12.888919777876104, 'SNN/Test': 0.5684886474443561, 'Frag/Test': 0.9061175447920566, 'Scaf/Test': 0.5435652616219745, 'FCD/TestSF': 13.644575964208322, 'SNN/TestSF': 0.5245466194129038, 'Frag/TestSF': 0.9012068168296615, 'Scaf/TestSF': 0.07445929366074855, 'IntDiv': 0.8321902888784707, 'IntDiv2': 0.8222845553959593, 'Filters': 0.9838088533686695, 'logP': 0.19922976800560407, 'SA': 0.17246581888661666, 'QED': 0.031608800002046376, 'weight': 19.50878727392606, 'Novelty': 0.915797955380974}
Epoch: 72:
	Train Loss: 0.360 --- Reconstruction Loss: 0.336 --- KL Loss: 6.520 --- Beta: 0.003579
	Validity: 0.80% --- Uniquene@1000: 0.99% --- Unique@10000: 0.90%

{'valid': 0.6578666666666666, 'unique@1000': 0.985, 'unique@10000': 0.8991, 'FCD/Test': 12.529772731243781, 'SNN/Test': 0.5662267190046733, 'Frag/Test': 0.9200419601538362, 'Scaf/Test': 0.4897922362577595, 'FCD/TestSF': 13.113277584447957, 'SNN/TestSF': 0.5260694088624963, 'Frag/TestSF': 0.9161171235982836, 'Scaf/TestSF': 0.07243436708196005, 'IntDiv': 0.8383831560691082, 'IntDiv2': 0.8280877476952864, 'Filters': 0.9802898256992298, 'logP': 0.20352214291400791, 'SA': 0.14660555105502382, 'QED': 0.015506300173837594, 'weight': 22.294153505645156, 'Novelty': 0.9122711288953559}
Epoch: 73:
	Train Loss: 0.359 --- Reconstruction Loss: 0.335 --- KL Loss: 6.520 --- Beta: 0.003628
	Validity: 0.66% --- Uniquene@1000: 0.98% --- Unique@10000: 0.90%

{'valid': 0.6698999999999999, 'unique@1000': 0.992, 'unique@10000': 0.9183, 'FCD/Test': 12.45144848681224, 'SNN/Test': 0.5528489414623093, 'Frag/Test': 0.9172483385969721, 'Scaf/Test': 0.44647408646353404, 'FCD/TestSF': 13.104306951150797, 'SNN/TestSF': 0.5142725471294287, 'Frag/TestSF': 0.9126049256512768, 'Scaf/TestSF': 0.08070153702245708, 'IntDiv': 0.8412009679885311, 'IntDiv2': 0.8313756007971297, 'Filters': 0.9789023237299099, 'logP': 0.10033701152963173, 'SA': 0.07008830569322429, 'QED': 0.029464117925095963, 'weight': 22.075791638951674, 'Novelty': 0.9270202308835296}
Epoch: 74:
	Train Loss: 0.357 --- Reconstruction Loss: 0.333 --- KL Loss: 6.460 --- Beta: 0.003677
	Validity: 0.67% --- Uniquene@1000: 0.99% --- Unique@10000: 0.92%

{'valid': 0.6816, 'unique@1000': 0.986, 'unique@10000': 0.9154, 'FCD/Test': 12.54421579362409, 'SNN/Test': 0.5572207745445924, 'Frag/Test': 0.9002875927563762, 'Scaf/Test': 0.49812487745218803, 'FCD/TestSF': 13.220005241022704, 'SNN/TestSF': 0.5181387792332667, 'Frag/TestSF': 0.8944510187290274, 'Scaf/TestSF': 0.11067136539428324, 'IntDiv': 0.8348853348786955, 'IntDiv2': 0.825287753812985, 'Filters': 0.9821987480438185, 'logP': 0.07873403930613797, 'SA': 0.11696958339852384, 'QED': 0.038095646185987334, 'weight': 25.13362039170845, 'Novelty': 0.9250771516744771}
Epoch: 75:
	Train Loss: 0.356 --- Reconstruction Loss: 0.332 --- KL Loss: 6.490 --- Beta: 0.003726
	Validity: 0.68% --- Uniquene@1000: 0.99% --- Unique@10000: 0.92%

{'valid': 0.7836333333333333, 'unique@1000': 0.978, 'unique@10000': 0.902, 'FCD/Test': 13.374825493336687, 'SNN/Test': 0.5724589198091211, 'Frag/Test': 0.9106104660690778, 'Scaf/Test': 0.4927346365641385, 'FCD/TestSF': 13.97869150339676, 'SNN/TestSF': 0.5347043641202833, 'Frag/TestSF': 0.9052741804762043, 'Scaf/TestSF': 0.08407409201400418, 'IntDiv': 0.8269126810047964, 'IntDiv2': 0.8170461251815868, 'Filters': 0.9831553872984814, 'logP': 0.09875464058796563, 'SA': 0.1684957442471352, 'QED': 0.02875967450401309, 'weight': 21.843486221582207, 'Novelty': 0.9123177579722838}
Epoch: 76:
	Train Loss: 0.355 --- Reconstruction Loss: 0.330 --- KL Loss: 6.421 --- Beta: 0.003775
	Validity: 0.78% --- Uniquene@1000: 0.98% --- Unique@10000: 0.90%

{'valid': 0.6371666666666667, 'unique@1000': 0.988, 'unique@10000': 0.9322, 'FCD/Test': 12.235293841579093, 'SNN/Test': 0.545897896128302, 'Frag/Test': 0.9156179486486831, 'Scaf/Test': 0.36840102542693276, 'FCD/TestSF': 13.070168069377374, 'SNN/TestSF': 0.5024046402723727, 'Frag/TestSF': 0.9102669337163128, 'Scaf/TestSF': 0.08855717549502973, 'IntDiv': 0.8411098337561171, 'IntDiv2': 0.8314436437970367, 'Filters': 0.9780277269160346, 'logP': 0.09008946044535929, 'SA': 0.06012316192517868, 'QED': 0.03668073425043917, 'weight': 18.775869786168304, 'Novelty': 0.9388092287720541}
Epoch: 77:
	Train Loss: 0.353 --- Reconstruction Loss: 0.329 --- KL Loss: 6.388 --- Beta: 0.003824
	Validity: 0.64% --- Uniquene@1000: 0.99% --- Unique@10000: 0.93%

{'valid': 0.7988333333333333, 'unique@1000': 0.991, 'unique@10000': 0.8938, 'FCD/Test': 12.894562330010835, 'SNN/Test': 0.5756408210353365, 'Frag/Test': 0.9107669802090842, 'Scaf/Test': 0.5135024819702788, 'FCD/TestSF': 13.660867357585843, 'SNN/TestSF': 0.5320764758082986, 'Frag/TestSF': 0.9053522843910886, 'Scaf/TestSF': 0.10485351882517413, 'IntDiv': 0.8278270020256238, 'IntDiv2': 0.8180629251762146, 'Filters': 0.9848111829751721, 'logP': 0.07680185051970673, 'SA': 0.18880771582478187, 'QED': 0.02651929126767606, 'weight': 24.708789632288173, 'Novelty': 0.9081250320792486}
Epoch: 78:
	Train Loss: 0.353 --- Reconstruction Loss: 0.328 --- KL Loss: 6.375 --- Beta: 0.003873
	Validity: 0.80% --- Uniquene@1000: 0.99% --- Unique@10000: 0.89%

{'valid': 0.744, 'unique@1000': 0.987, 'unique@10000': 0.8945, 'FCD/Test': 12.785674015305801, 'SNN/Test': 0.5766704886257115, 'Frag/Test': 0.9177265969483747, 'Scaf/Test': 0.4687158257840689, 'FCD/TestSF': 13.49323183407229, 'SNN/TestSF': 0.5334709075142673, 'Frag/TestSF': 0.9109693370440953, 'Scaf/TestSF': 0.08844598780979096, 'IntDiv': 0.8296307307861335, 'IntDiv2': 0.8198980579512056, 'Filters': 0.9836021505376344, 'logP': 0.09399578362446631, 'SA': 0.17043403561092976, 'QED': 0.014733274987144706, 'weight': 23.209931463586553, 'Novelty': 0.9033357146782437}
Epoch: 79:
	Train Loss: 0.351 --- Reconstruction Loss: 0.326 --- KL Loss: 6.366 --- Beta: 0.003922
	Validity: 0.74% --- Uniquene@1000: 0.99% --- Unique@10000: 0.89%

{'valid': 0.7191000000000001, 'unique@1000': 0.982, 'unique@10000': 0.8969, 'FCD/Test': 12.914456564344604, 'SNN/Test': 0.5678145777775505, 'Frag/Test': 0.9123061314679523, 'Scaf/Test': 0.45831158644779235, 'FCD/TestSF': 13.590902876617008, 'SNN/TestSF': 0.525866724595967, 'Frag/TestSF': 0.9073385564150307, 'Scaf/TestSF': 0.0844945090863699, 'IntDiv': 0.8325578639002181, 'IntDiv2': 0.8227801619282257, 'Filters': 0.9790478839289853, 'logP': 0.08443536193683376, 'SA': 0.12777222953362713, 'QED': 0.019237009913444264, 'weight': 21.48189623076761, 'Novelty': 0.9144755205716518}
Epoch: 80:
	Train Loss: 0.350 --- Reconstruction Loss: 0.325 --- KL Loss: 6.338 --- Beta: 0.003971
	Validity: 0.72% --- Uniquene@1000: 0.98% --- Unique@10000: 0.90%

{'valid': 0.8361333333333334, 'unique@1000': 0.985, 'unique@10000': 0.9046, 'FCD/Test': 11.864887111711269, 'SNN/Test': 0.5722388388344573, 'Frag/Test': 0.9252048152897199, 'Scaf/Test': 0.43723730068599453, 'FCD/TestSF': 12.571173908231543, 'SNN/TestSF': 0.5329576752161489, 'Frag/TestSF': 0.9204617991373928, 'Scaf/TestSF': 0.07946151914709909, 'IntDiv': 0.8338215145198052, 'IntDiv2': 0.823804958998512, 'Filters': 0.9819008132674215, 'logP': 0.10433138941780634, 'SA': 0.13847669133650384, 'QED': 0.013426047832356196, 'weight': 19.567903081958917, 'Novelty': 0.9103431609473176}
Epoch: 81:
	Train Loss: 0.349 --- Reconstruction Loss: 0.323 --- KL Loss: 6.310 --- Beta: 0.004020
	Validity: 0.84% --- Uniquene@1000: 0.98% --- Unique@10000: 0.90%

{'valid': 0.8503666666666667, 'unique@1000': 0.988, 'unique@10000': 0.9062, 'FCD/Test': 13.319709622652624, 'SNN/Test': 0.571802773913634, 'Frag/Test': 0.9098700302825132, 'Scaf/Test': 0.6143362148371282, 'FCD/TestSF': 14.12009721449526, 'SNN/TestSF': 0.5310834240223677, 'Frag/TestSF': 0.9052976571040305, 'Scaf/TestSF': 0.08959379641046639, 'IntDiv': 0.8301856652542325, 'IntDiv2': 0.8204196579796694, 'Filters': 0.9850652659637019, 'logP': 0.08630781685981555, 'SA': 0.13245588322392607, 'QED': 0.020554557014634805, 'weight': 21.639648600190203, 'Novelty': 0.905747895944912}
Epoch: 82:
	Train Loss: 0.348 --- Reconstruction Loss: 0.322 --- KL Loss: 6.275 --- Beta: 0.004069
	Validity: 0.85% --- Uniquene@1000: 0.99% --- Unique@10000: 0.91%

{'valid': 0.8565333333333334, 'unique@1000': 0.991, 'unique@10000': 0.9398, 'FCD/Test': 12.322492135277088, 'SNN/Test': 0.5454188920586494, 'Frag/Test': 0.9070521086403472, 'Scaf/Test': 0.4938706039434827, 'FCD/TestSF': 13.044844063244398, 'SNN/TestSF': 0.5046834626715226, 'Frag/TestSF': 0.90298156646225, 'Scaf/TestSF': 0.07922452449753237, 'IntDiv': 0.8447708919888888, 'IntDiv2': 0.8353037973137594, 'Filters': 0.9804638854296388, 'logP': 0.1227348701914677, 'SA': 0.057634933478437345, 'QED': 0.025748628755105214, 'weight': 22.092130408813905, 'Novelty': 0.9282662869348522}
Epoch: 83:
	Train Loss: 0.346 --- Reconstruction Loss: 0.320 --- KL Loss: 6.277 --- Beta: 0.004118
	Validity: 0.86% --- Uniquene@1000: 0.99% --- Unique@10000: 0.94%

{'valid': 0.6308333333333334, 'unique@1000': 0.979, 'unique@10000': 0.8819, 'FCD/Test': 13.148818768054248, 'SNN/Test': 0.5603020696115619, 'Frag/Test': 0.8879350846668509, 'Scaf/Test': 0.36695020044833626, 'FCD/TestSF': 13.734947341254916, 'SNN/TestSF': 0.5226224023615511, 'Frag/TestSF': 0.8841575987873562, 'Scaf/TestSF': 0.07675213293949956, 'IntDiv': 0.8367505486074152, 'IntDiv2': 0.8265496130248154, 'Filters': 0.9773844121532365, 'logP': 0.11589101914317618, 'SA': 0.10951092964125492, 'QED': 0.01852169619953947, 'weight': 23.14730681036194, 'Novelty': 0.9152130854258513}
Epoch: 84:
	Train Loss: 0.346 --- Reconstruction Loss: 0.320 --- KL Loss: 6.239 --- Beta: 0.004167
	Validity: 0.63% --- Uniquene@1000: 0.98% --- Unique@10000: 0.88%

{'valid': 0.7523666666666666, 'unique@1000': 0.991, 'unique@10000': 0.9237, 'FCD/Test': 12.46555363920676, 'SNN/Test': 0.5636125688021588, 'Frag/Test': 0.9200259099546382, 'Scaf/Test': 0.5701390961382652, 'FCD/TestSF': 13.427050349085448, 'SNN/TestSF': 0.5176345057071515, 'Frag/TestSF': 0.9157600974370113, 'Scaf/TestSF': 0.07757938123210062, 'IntDiv': 0.8386578853762219, 'IntDiv2': 0.8292038947989286, 'Filters': 0.9787780780647733, 'logP': 0.06709853769028808, 'SA': 0.11311730106903849, 'QED': 0.018555297640733198, 'weight': 23.698564921159473, 'Novelty': 0.9134125636672326}
Epoch: 85:
	Train Loss: 0.345 --- Reconstruction Loss: 0.318 --- KL Loss: 6.224 --- Beta: 0.004216
	Validity: 0.75% --- Uniquene@1000: 0.99% --- Unique@10000: 0.92%

{'valid': 0.8287333333333333, 'unique@1000': 0.994, 'unique@10000': 0.9108, 'FCD/Test': 12.054473538000607, 'SNN/Test': 0.572480602460657, 'Frag/Test': 0.927282497374848, 'Scaf/Test': 0.539688131406114, 'FCD/TestSF': 12.963928862499692, 'SNN/TestSF': 0.5285274880304339, 'Frag/TestSF': 0.9224542714639181, 'Scaf/TestSF': 0.08079773876819318, 'IntDiv': 0.835786812822688, 'IntDiv2': 0.8260694871783185, 'Filters': 0.9865256214302952, 'logP': 0.0849403016124958, 'SA': 0.16263556038178462, 'QED': 0.013167093943765126, 'weight': 29.74533155361454, 'Novelty': 0.9040190503960733}
Epoch: 86:
	Train Loss: 0.344 --- Reconstruction Loss: 0.318 --- KL Loss: 6.207 --- Beta: 0.004265
	Validity: 0.83% --- Uniquene@1000: 0.99% --- Unique@10000: 0.91%

{'valid': 0.7401666666666666, 'unique@1000': 0.984, 'unique@10000': 0.8987, 'FCD/Test': 12.66799572029825, 'SNN/Test': 0.5629113216942104, 'Frag/Test': 0.9350041088646395, 'Scaf/Test': 0.5522621394992232, 'FCD/TestSF': 13.3559843857144, 'SNN/TestSF': 0.5212423919007414, 'Frag/TestSF': 0.9325729747777337, 'Scaf/TestSF': 0.10362508571952056, 'IntDiv': 0.836138054556012, 'IntDiv2': 0.8261805310151213, 'Filters': 0.9827516325151993, 'logP': 0.08966768448821659, 'SA': 0.1276607516926088, 'QED': 0.012944805689662836, 'weight': 22.3543306428798, 'Novelty': 0.9133986928104575}
Epoch: 87:
	Train Loss: 0.343 --- Reconstruction Loss: 0.316 --- KL Loss: 6.191 --- Beta: 0.004314
	Validity: 0.74% --- Uniquene@1000: 0.98% --- Unique@10000: 0.90%

{'valid': 0.5151, 'unique@1000': 0.99, 'unique@10000': 0.914, 'FCD/Test': 12.158087418963753, 'SNN/Test': 0.5521139604624271, 'Frag/Test': 0.9242201619449412, 'Scaf/Test': 0.5041543645845747, 'FCD/TestSF': 13.06294957185007, 'SNN/TestSF': 0.5059925728059699, 'Frag/TestSF': 0.9189188351168144, 'Scaf/TestSF': 0.055045029842769266, 'IntDiv': 0.8399887062765838, 'IntDiv2': 0.8303263736526275, 'Filters': 0.9720442632498544, 'logP': 0.06784003804525467, 'SA': 0.0735706700586442, 'QED': 0.019817125690378544, 'weight': 23.397004380567765, 'Novelty': 0.9234562449400162}
Epoch: 88:
	Train Loss: 0.343 --- Reconstruction Loss: 0.316 --- KL Loss: 6.133 --- Beta: 0.004363
	Validity: 0.52% --- Uniquene@1000: 0.99% --- Unique@10000: 0.91%

{'valid': 0.8109666666666666, 'unique@1000': 0.994, 'unique@10000': 0.9061, 'FCD/Test': 13.934774716241542, 'SNN/Test': 0.5611356943827375, 'Frag/Test': 0.9296668084364422, 'Scaf/Test': 0.5746911289473677, 'FCD/TestSF': 14.784265571315856, 'SNN/TestSF': 0.5136044819318801, 'Frag/TestSF': 0.9261401135968499, 'Scaf/TestSF': 0.07012886144634112, 'IntDiv': 0.835956348251477, 'IntDiv2': 0.8262104988526681, 'Filters': 0.9848329154506967, 'logP': 0.08867458683186862, 'SA': 0.12282904297943736, 'QED': 0.018288463700272786, 'weight': 22.633448065043037, 'Novelty': 0.9135893648449039}
Epoch: 89:
	Train Loss: 0.341 --- Reconstruction Loss: 0.314 --- KL Loss: 6.097 --- Beta: 0.004412
	Validity: 0.81% --- Uniquene@1000: 0.99% --- Unique@10000: 0.91%

{'valid': 0.8301666666666667, 'unique@1000': 0.988, 'unique@10000': 0.9183, 'FCD/Test': 12.570353790311522, 'SNN/Test': 0.5648501206182663, 'Frag/Test': 0.926890680782154, 'Scaf/Test': 0.5425817362901881, 'FCD/TestSF': 13.350560581249113, 'SNN/TestSF': 0.5217912300508727, 'Frag/TestSF': 0.9227865336169813, 'Scaf/TestSF': 0.07511683688314585, 'IntDiv': 0.8357508791125354, 'IntDiv2': 0.8259563797299695, 'Filters': 0.9848624774141739, 'logP': 0.08465990783680356, 'SA': 0.11126569905320993, 'QED': 0.0160451344366514, 'weight': 23.872273413568184, 'Novelty': 0.9126195028680688}
Epoch: 90:
	Train Loss: 0.341 --- Reconstruction Loss: 0.313 --- KL Loss: 6.111 --- Beta: 0.004461
	Validity: 0.83% --- Uniquene@1000: 0.99% --- Unique@10000: 0.92%

{'valid': 0.8581666666666666, 'unique@1000': 0.989, 'unique@10000': 0.9136, 'FCD/Test': 12.61287093832619, 'SNN/Test': 0.5628228183248988, 'Frag/Test': 0.9261191037228053, 'Scaf/Test': 0.4926464601846834, 'FCD/TestSF': 13.598130146571371, 'SNN/TestSF': 0.5145448521558094, 'Frag/TestSF': 0.9216487063773409, 'Scaf/TestSF': 0.108000667870364, 'IntDiv': 0.8374535630880592, 'IntDiv2': 0.8276696453736154, 'Filters': 0.9838026801320645, 'logP': 0.11025291576582333, 'SA': 0.1291547531030792, 'QED': 0.022707107789514246, 'weight': 23.001576319926148, 'Novelty': 0.9094036164179798}
Epoch: 91:
	Train Loss: 0.339 --- Reconstruction Loss: 0.312 --- KL Loss: 6.074 --- Beta: 0.004510
	Validity: 0.86% --- Uniquene@1000: 0.99% --- Unique@10000: 0.91%

{'valid': 0.8536, 'unique@1000': 0.987, 'unique@10000': 0.9125, 'FCD/Test': 12.208906462665361, 'SNN/Test': 0.5661542145613906, 'Frag/Test': 0.932789087912013, 'Scaf/Test': 0.6013260434062976, 'FCD/TestSF': 12.939403764612607, 'SNN/TestSF': 0.5246855600096079, 'Frag/TestSF': 0.9295087569158738, 'Scaf/TestSF': 0.09189688991877543, 'IntDiv': 0.8363626799322116, 'IntDiv2': 0.8268487058347621, 'Filters': 0.9844579818806622, 'logP': 0.09560831955059283, 'SA': 0.13489559889483643, 'QED': 0.016019073235730343, 'weight': 25.008644078849624, 'Novelty': 0.9066610886440757}
Epoch: 92:
	Train Loss: 0.339 --- Reconstruction Loss: 0.312 --- KL Loss: 6.051 --- Beta: 0.004559
	Validity: 0.85% --- Uniquene@1000: 0.99% --- Unique@10000: 0.91%

slurmstepd: error: *** JOB 8257159 ON hpctpa3pc0009 CANCELLED AT 2024-02-15T10:04:48 ***
