2024-02-15 05:53:39.481164: E external/local_xla/xla/stream_executor/cuda/cuda_dnn.cc:9261] Unable to register cuDNN factory: Attempting to register factory for plugin cuDNN when one has already been registered
2024-02-15 05:53:39.481224: E external/local_xla/xla/stream_executor/cuda/cuda_fft.cc:607] Unable to register cuFFT factory: Attempting to register factory for plugin cuFFT when one has already been registered
2024-02-15 05:53:39.481923: E external/local_xla/xla/stream_executor/cuda/cuda_blas.cc:1515] Unable to register cuBLAS factory: Attempting to register factory for plugin cuBLAS when one has already been registered
2024-02-15 05:53:39.485881: I tensorflow/core/platform/cpu_feature_guard.cc:182] This TensorFlow binary is optimized to use available CPU instructions in performance-critical operations.
To enable the following instructions: AVX2 FMA, in other operations, rebuild TensorFlow with the appropriate compiler flags.
2024-02-15 05:53:40.278024: W tensorflow/compiler/tf2tensorrt/utils/py_utils.cc:38] TF-TRT Warning: Could not find TensorRT

Arguments:
	data_path: data/moses_train.txt
	max_len: 30
	batch: 128
	d_model: 512
	d_latent: 256
	d_ff: 1024
	e_heads: 1
	d_heads: 8
	n_layers: 8
	dropout: 0.5
	lr: 0.0005
	n_epochs: 60
	kl_type: cyclic
	kl_w_start: 0.0001
	kl_w_end: 0.0005
	kl_cycle: 6
	kl_ratio: 1.0
	save_name: klcompare

Number of data: 88192

SMILES Vocab:
	 {'<START>': 0, '<END>': 1, '<PAD>': 2, 'C': 3, 'O': 4, 'c': 5, '1': 6, '(': 7, '=': 8, ')': 9, 'N': 10, 'n': 11, '2': 12, 'F': 13, 'Cl': 14, 'Br': 15, '#': 16, '3': 17, 'S': 18, 'o': 19, '-': 20, 's': 21, '[nH]': 22, '4': 23}

Graph Vocab:
	 {'C': 0, 'O': 1, 'N': 2, 'F': 3, 'Cl': 4, 'Br': 5, 'S': 6}


KL Annealer: [0.0001  0.00014 0.00018 0.00022 0.00026 0.0003  0.00034 0.00038 0.00042
 0.00046 0.0001  0.00014 0.00018 0.00022 0.00026 0.0003  0.00034 0.00038
 0.00042 0.00046 0.0001  0.00014 0.00018 0.00022 0.00026 0.0003  0.00034
 0.00038 0.00042 0.00046 0.0001  0.00014 0.00018 0.00022 0.00026 0.0003
 0.00034 0.00038 0.00042 0.00046 0.0001  0.00014 0.00018 0.00022 0.00026
 0.0003  0.00034 0.00038 0.00042 0.00046 0.0001  0.00014 0.00018 0.00022
 0.00026 0.0003  0.00034 0.00038 0.00042 0.00046]




#########################################################################
######################### START TRAINING ################################
#########################################################################




{'valid': 0.7348, 'unique@1000': 0.256, 'unique@10000': 0.0643, 'FCD/Test': 34.43529985424212, 'SNN/Test': 0.6275678795230538, 'Frag/Test': 0.7456743915093043, 'Scaf/Test': 0.08922110521080218, 'FCD/TestSF': 35.79937694794941, 'SNN/TestSF': 0.5168999392228991, 'Frag/TestSF': 0.7322414174454823, 'Scaf/TestSF': 0.0011970488449033478, 'IntDiv': 0.6806525078339203, 'IntDiv2': 0.6531036251252037, 'Filters': 0.9987751769188895, 'logP': 0.6741148849604769, 'SA': 0.4371995001372673, 'QED': 0.15077261231247746, 'weight': 9.132225374813412, 'Novelty': 0.8977932636469221}
Epoch: 31:
	Train Loss: 0.671 --- Reconstruction Loss: 0.579 --- KL Loss: 919.420 --- Beta: 0.000100
	Validity: 0.73% --- Uniquene@1000: 0.26% --- Unique@10000: 0.06%

{'valid': 0.7802333333333333, 'unique@1000': 0.161, 'unique@10000': 0.0374, 'FCD/Test': 44.240054442061435, 'SNN/Test': 0.7147331703805188, 'Frag/Test': 0.7747842894063458, 'Scaf/Test': 0.020499039476777448, 'FCD/TestSF': 45.81008138138911, 'SNN/TestSF': 0.5057799369039461, 'Frag/TestSF': 0.7628597504320482, 'Scaf/TestSF': 0.004570268107616071, 'IntDiv': 0.5354963817875522, 'IntDiv2': 0.5028695796346809, 'Filters': 0.9996154996368608, 'logP': 0.6783977539595231, 'SA': 0.4971277561360286, 'QED': 0.133473504958601, 'weight': 7.8826245201230165, 'Novelty': 0.9386503067484663}
Epoch: 32:
	Train Loss: 0.680 --- Reconstruction Loss: 0.568 --- KL Loss: 795.752 --- Beta: 0.000140
	Validity: 0.78% --- Uniquene@1000: 0.16% --- Unique@10000: 0.04%

{'valid': 0.7418666666666667, 'unique@1000': 0.183, 'unique@10000': 0.0406, 'FCD/Test': 42.37367071952387, 'SNN/Test': 0.6539662351067186, 'Frag/Test': 0.7637653925650675, 'Scaf/Test': 0.14021876680216283, 'FCD/TestSF': 43.827440206072055, 'SNN/TestSF': 0.5284451180566866, 'Frag/TestSF': 0.7498186202023398, 'Scaf/TestSF': 0.0, 'IntDiv': 0.6410423578955506, 'IntDiv2': 0.6091512493526019, 'Filters': 0.9998652048885693, 'logP': 0.30128736791223343, 'SA': 0.5130464556392995, 'QED': 0.0635455720767658, 'weight': 6.449546192438337, 'Novelty': 0.8931297709923665}
Epoch: 33:
	Train Loss: 0.679 --- Reconstruction Loss: 0.559 --- KL Loss: 663.345 --- Beta: 0.000180
	Validity: 0.74% --- Uniquene@1000: 0.18% --- Unique@10000: 0.04%

{'valid': 0.6408333333333334, 'unique@1000': 0.161, 'unique@10000': 0.0416, 'FCD/Test': 39.19048569674739, 'SNN/Test': 0.6145150519021931, 'Frag/Test': 0.7674052783797295, 'Scaf/Test': 0.086061305823941, 'FCD/TestSF': 40.922293109456916, 'SNN/TestSF': 0.5025503426828992, 'Frag/TestSF': 0.7524841013672954, 'Scaf/TestSF': 0.004185236735200659, 'IntDiv': 0.6820215307626312, 'IntDiv2': 0.6428804375786168, 'Filters': 1.0, 'logP': 0.7620190105550142, 'SA': 0.3331715703972133, 'QED': 0.04238983331908995, 'weight': 14.583042459136289, 'Novelty': 0.8860510805500982}
Epoch: 34:
	Train Loss: 0.667 --- Reconstruction Loss: 0.550 --- KL Loss: 530.074 --- Beta: 0.000220
	Validity: 0.64% --- Uniquene@1000: 0.16% --- Unique@10000: 0.04%

{'valid': 0.7836666666666667, 'unique@1000': 0.249, 'unique@10000': 0.0783, 'FCD/Test': 30.690133417979325, 'SNN/Test': 0.6322474649336834, 'Frag/Test': 0.8045727153256707, 'Scaf/Test': 0.07872902471687815, 'FCD/TestSF': 32.35202949349, 'SNN/TestSF': 0.5203550000347416, 'Frag/TestSF': 0.791234422143343, 'Scaf/TestSF': 0.00043686881199400673, 'IntDiv': 0.7183118011962635, 'IntDiv2': 0.6816593595211053, 'Filters': 0.9943002977456401, 'logP': 0.4956190013478637, 'SA': 0.34898786214979766, 'QED': 0.07304036478666322, 'weight': 10.163240533302716, 'Novelty': 0.8622305529522024}
Epoch: 35:
	Train Loss: 0.642 --- Reconstruction Loss: 0.538 --- KL Loss: 401.119 --- Beta: 0.000260
	Validity: 0.78% --- Uniquene@1000: 0.25% --- Unique@10000: 0.08%

{'valid': 0.7192333333333334, 'unique@1000': 0.272, 'unique@10000': 0.0718, 'FCD/Test': 36.274967985577135, 'SNN/Test': 0.6361688766410101, 'Frag/Test': 0.8050655016158749, 'Scaf/Test': 0.06206826042827285, 'FCD/TestSF': 37.56470467295155, 'SNN/TestSF': 0.5165225570378227, 'Frag/TestSF': 0.7918188923090628, 'Scaf/TestSF': 0.002540267498902793, 'IntDiv': 0.7040253027996974, 'IntDiv2': 0.6766416176596932, 'Filters': 0.9994438522500811, 'logP': 0.4376878557333032, 'SA': 0.35540370519284603, 'QED': 0.09585868852376923, 'weight': 5.561883184636564, 'Novelty': 0.9123173277661796}
Epoch: 36:
	Train Loss: 0.614 --- Reconstruction Loss: 0.520 --- KL Loss: 315.453 --- Beta: 0.000300
	Validity: 0.72% --- Uniquene@1000: 0.27% --- Unique@10000: 0.07%

{'valid': 0.6263333333333334, 'unique@1000': 0.28, 'unique@10000': 0.0871, 'FCD/Test': 33.73033175309602, 'SNN/Test': 0.6508396044698658, 'Frag/Test': 0.8065773226803765, 'Scaf/Test': 0.13365690663990903, 'FCD/TestSF': 35.155232109667246, 'SNN/TestSF': 0.5126792408307859, 'Frag/TestSF': 0.7945012476811671, 'Scaf/TestSF': 0.0022896780259855642, 'IntDiv': 0.6458442838618778, 'IntDiv2': 0.6185345088001089, 'Filters': 0.9845662586482171, 'logP': 0.4482429190296297, 'SA': 0.4433943041833913, 'QED': 0.13801111069953667, 'weight': 10.773551162771623, 'Novelty': 0.9065588499550764}
Epoch: 37:
	Train Loss: 0.592 --- Reconstruction Loss: 0.507 --- KL Loss: 250.214 --- Beta: 0.000340
	Validity: 0.63% --- Uniquene@1000: 0.28% --- Unique@10000: 0.09%

{'valid': 0.6917666666666666, 'unique@1000': 0.399, 'unique@10000': 0.1258, 'FCD/Test': 26.19517535738617, 'SNN/Test': 0.6193513067200724, 'Frag/Test': 0.8094462754345508, 'Scaf/Test': 0.1646782828371085, 'FCD/TestSF': 27.562247687090768, 'SNN/TestSF': 0.5244538938818808, 'Frag/TestSF': 0.7962717261684649, 'Scaf/TestSF': 0.004417162618903792, 'IntDiv': 0.7435325917291029, 'IntDiv2': 0.7154728764193208, 'Filters': 0.9982653110393678, 'logP': 0.5822134296839369, 'SA': 0.36580020780568917, 'QED': 0.10166266627761096, 'weight': 9.769551890147929, 'Novelty': 0.8810472396129767}
Epoch: 38:
	Train Loss: 0.560 --- Reconstruction Loss: 0.497 --- KL Loss: 167.196 --- Beta: 0.000380
	Validity: 0.69% --- Uniquene@1000: 0.40% --- Unique@10000: 0.13%

{'valid': 0.7555333333333334, 'unique@1000': 0.354, 'unique@10000': 0.1247, 'FCD/Test': 30.22263555920904, 'SNN/Test': 0.6239240184514402, 'Frag/Test': 0.8011390811314616, 'Scaf/Test': 0.11268802949645573, 'FCD/TestSF': 31.423844819997015, 'SNN/TestSF': 0.5249344179492063, 'Frag/TestSF': 0.7880099269102876, 'Scaf/TestSF': 0.005896721521451043, 'IntDiv': 0.7080289526647865, 'IntDiv2': 0.6782842810148335, 'Filters': 0.9958969381452396, 'logP': 0.4518676396242774, 'SA': 0.3433163051883884, 'QED': 0.09493531803564965, 'weight': 7.77495127542531, 'Novelty': 0.8819290465631929}
Epoch: 39:
	Train Loss: 0.536 --- Reconstruction Loss: 0.487 --- KL Loss: 115.590 --- Beta: 0.000420
	Validity: 0.76% --- Uniquene@1000: 0.35% --- Unique@10000: 0.12%

{'valid': 0.7527333333333334, 'unique@1000': 0.345, 'unique@10000': 0.1314, 'FCD/Test': 31.20338002905256, 'SNN/Test': 0.6188236539895557, 'Frag/Test': 0.8119500592806868, 'Scaf/Test': 0.09786676662499316, 'FCD/TestSF': 32.784208955710554, 'SNN/TestSF': 0.5345388134282745, 'Frag/TestSF': 0.8004746431865969, 'Scaf/TestSF': 0.010750246523615226, 'IntDiv': 0.6969796984235732, 'IntDiv2': 0.6661801941230115, 'Filters': 0.9899477459923833, 'logP': 0.25740394737184435, 'SA': 0.4228299826213644, 'QED': 0.10232897422554527, 'weight': 11.190555274016374, 'Novelty': 0.8817427385892116}
Epoch: 40:
	Train Loss: 0.546 --- Reconstruction Loss: 0.487 --- KL Loss: 129.278 --- Beta: 0.000460
	Validity: 0.75% --- Uniquene@1000: 0.34% --- Unique@10000: 0.13%

{'valid': 0.6392, 'unique@1000': 0.286, 'unique@10000': 0.0999, 'FCD/Test': 36.08679276349942, 'SNN/Test': 0.6708929437660629, 'Frag/Test': 0.771779843674418, 'Scaf/Test': 0.1573740805734185, 'FCD/TestSF': 37.82210505179914, 'SNN/TestSF': 0.5311608851487482, 'Frag/TestSF': 0.7583653096835493, 'Scaf/TestSF': 0.048625302150703376, 'IntDiv': 0.6822894215847196, 'IntDiv2': 0.652419466435818, 'Filters': 0.9953066332916145, 'logP': 0.24927893806603385, 'SA': 0.46759285326227595, 'QED': 0.07816582564177406, 'weight': 12.551123802469535, 'Novelty': 0.8573562359970127}
Epoch: 41:
	Train Loss: 0.479 --- Reconstruction Loss: 0.469 --- KL Loss: 105.584 --- Beta: 0.000100
	Validity: 0.64% --- Uniquene@1000: 0.29% --- Unique@10000: 0.10%

{'valid': 0.7704333333333333, 'unique@1000': 0.395, 'unique@10000': 0.1439, 'FCD/Test': 30.738293358137604, 'SNN/Test': 0.6516819371093703, 'Frag/Test': 0.8221675561825524, 'Scaf/Test': 0.13264065398579372, 'FCD/TestSF': 32.24873901889681, 'SNN/TestSF': 0.5392883429222773, 'Frag/TestSF': 0.8099140212595635, 'Scaf/TestSF': 0.025563681722683085, 'IntDiv': 0.7346271090182737, 'IntDiv2': 0.7064244134340556, 'Filters': 0.9988750919396011, 'logP': 0.2531412315411064, 'SA': 0.45681774052784246, 'QED': 0.02790024517910572, 'weight': 9.288082160199197, 'Novelty': 0.8597306084533209}
Epoch: 42:
	Train Loss: 0.470 --- Reconstruction Loss: 0.457 --- KL Loss: 92.334 --- Beta: 0.000140
	Validity: 0.77% --- Uniquene@1000: 0.40% --- Unique@10000: 0.14%

{'valid': 0.6672333333333333, 'unique@1000': 0.426, 'unique@10000': 0.1708, 'FCD/Test': 29.784022107523953, 'SNN/Test': 0.6256722528933168, 'Frag/Test': 0.8247634621171132, 'Scaf/Test': 0.16543280162873308, 'FCD/TestSF': 31.333139960712217, 'SNN/TestSF': 0.5277300500834614, 'Frag/TestSF': 0.8121820553301135, 'Scaf/TestSF': 0.015609682596381624, 'IntDiv': 0.7408449749769701, 'IntDiv2': 0.7129444544176868, 'Filters': 0.9976020382674726, 'logP': 0.3268073523981977, 'SA': 0.3898256838273778, 'QED': 0.07562917148028898, 'weight': 10.896391857884279, 'Novelty': 0.8821355236139631}
Epoch: 43:
	Train Loss: 0.469 --- Reconstruction Loss: 0.451 --- KL Loss: 101.581 --- Beta: 0.000180
	Validity: 0.67% --- Uniquene@1000: 0.43% --- Unique@10000: 0.17%

{'valid': 0.7227666666666667, 'unique@1000': 0.545, 'unique@10000': 0.2251, 'FCD/Test': 24.892701474337883, 'SNN/Test': 0.6267337430292064, 'Frag/Test': 0.83865558721365, 'Scaf/Test': 0.20067693874454418, 'FCD/TestSF': 26.36397351862071, 'SNN/TestSF': 0.5271034344219169, 'Frag/TestSF': 0.8267448230042155, 'Scaf/TestSF': 0.02017536895979921, 'IntDiv': 0.7692730950769353, 'IntDiv2': 0.7433278884670123, 'Filters': 0.9985241894571785, 'logP': 0.3599838589030677, 'SA': 0.3371840738681616, 'QED': 0.07098365138160785, 'weight': 15.136385887905158, 'Novelty': 0.8786549707602339}
Epoch: 44:
	Train Loss: 0.462 --- Reconstruction Loss: 0.444 --- KL Loss: 81.555 --- Beta: 0.000220
	Validity: 0.72% --- Uniquene@1000: 0.55% --- Unique@10000: 0.23%

{'valid': 0.7948666666666666, 'unique@1000': 0.626, 'unique@10000': 0.2814, 'FCD/Test': 22.173725197801176, 'SNN/Test': 0.6315297801242842, 'Frag/Test': 0.8742535202661114, 'Scaf/Test': 0.21755471196868403, 'FCD/TestSF': 23.53103884198522, 'SNN/TestSF': 0.545861173006529, 'Frag/TestSF': 0.863010995019121, 'Scaf/TestSF': 0.03722190476271414, 'IntDiv': 0.782605378377182, 'IntDiv2': 0.7629788672898707, 'Filters': 0.9974838547345467, 'logP': 0.2675343830379055, 'SA': 0.35396679153654415, 'QED': 0.03333604556356513, 'weight': 17.08242983996049, 'Novelty': 0.8663290024223739}
Epoch: 45:
	Train Loss: 0.450 --- Reconstruction Loss: 0.435 --- KL Loss: 61.075 --- Beta: 0.000260
	Validity: 0.79% --- Uniquene@1000: 0.63% --- Unique@10000: 0.28%

{'valid': 0.8028333333333333, 'unique@1000': 0.601, 'unique@10000': 0.2931, 'FCD/Test': 26.056003673001662, 'SNN/Test': 0.652061734993675, 'Frag/Test': 0.8697297543483644, 'Scaf/Test': 0.19225333663459354, 'FCD/TestSF': 27.62392404027539, 'SNN/TestSF': 0.5333590057942044, 'Frag/TestSF': 0.8581147910659044, 'Scaf/TestSF': 0.02448342408536952, 'IntDiv': 0.7599528808902773, 'IntDiv2': 0.7390970582877192, 'Filters': 0.994353331949346, 'logP': 0.36870890064761513, 'SA': 0.37447553653819216, 'QED': 0.012552364629166242, 'weight': 13.669701759361113, 'Novelty': 0.8588576158940397}
Epoch: 46:
	Train Loss: 0.449 --- Reconstruction Loss: 0.431 --- KL Loss: 60.211 --- Beta: 0.000300
	Validity: 0.80% --- Uniquene@1000: 0.60% --- Unique@10000: 0.29%

{'valid': 0.7369333333333333, 'unique@1000': 0.746, 'unique@10000': 0.3813, 'FCD/Test': 19.52851338907601, 'SNN/Test': 0.6101788782299115, 'Frag/Test': 0.9178390873805998, 'Scaf/Test': 0.22428894782247677, 'FCD/TestSF': 20.91462867093813, 'SNN/TestSF': 0.5256940000162259, 'Frag/TestSF': 0.9072430183073948, 'Scaf/TestSF': 0.06293883992374694, 'IntDiv': 0.7954334088866762, 'IntDiv2': 0.7811269266569366, 'Filters': 0.9804595621494482, 'logP': 0.40480696269943417, 'SA': 0.2740511618636851, 'QED': 0.01509466641150818, 'weight': 16.01818407518683, 'Novelty': 0.8587080948487327}
Epoch: 47:
	Train Loss: 0.434 --- Reconstruction Loss: 0.421 --- KL Loss: 40.450 --- Beta: 0.000340
	Validity: 0.74% --- Uniquene@1000: 0.75% --- Unique@10000: 0.38%

{'valid': 0.7477666666666667, 'unique@1000': 0.742, 'unique@10000': 0.4067, 'FCD/Test': 19.63359251601829, 'SNN/Test': 0.6067911265708958, 'Frag/Test': 0.8794815358991754, 'Scaf/Test': 0.19036155203222627, 'FCD/TestSF': 20.879012596994905, 'SNN/TestSF': 0.5171579198899082, 'Frag/TestSF': 0.8685575660920133, 'Scaf/TestSF': 0.050828837717886155, 'IntDiv': 0.8009510153660231, 'IntDiv2': 0.7842665946678193, 'Filters': 0.9846654482235991, 'logP': 0.43361864859359545, 'SA': 0.21932450606573284, 'QED': 0.03147522415344801, 'weight': 21.450101886038677, 'Novelty': 0.878955223880597}
Epoch: 48:
	Train Loss: 0.428 --- Reconstruction Loss: 0.415 --- KL Loss: 34.311 --- Beta: 0.000380
	Validity: 0.75% --- Uniquene@1000: 0.74% --- Unique@10000: 0.41%

{'valid': 0.6669666666666667, 'unique@1000': 0.801, 'unique@10000': 0.4728, 'FCD/Test': 17.124623575946508, 'SNN/Test': 0.6134587531422763, 'Frag/Test': 0.9154372265706713, 'Scaf/Test': 0.23742863053077956, 'FCD/TestSF': 18.290025016599316, 'SNN/TestSF': 0.5314626518015657, 'Frag/TestSF': 0.9058780345389189, 'Scaf/TestSF': 0.04195605999028329, 'IntDiv': 0.8125775231809227, 'IntDiv2': 0.7985292021494246, 'Filters': 0.986656004797841, 'logP': 0.48669771794336714, 'SA': 0.3004388507447043, 'QED': 0.017947056011923333, 'weight': 24.346259805337926, 'Novelty': 0.8588519962360532}
Epoch: 49:
	Train Loss: 0.420 --- Reconstruction Loss: 0.408 --- KL Loss: 30.013 --- Beta: 0.000420
	Validity: 0.67% --- Uniquene@1000: 0.80% --- Unique@10000: 0.47%

{'valid': 0.6150666666666667, 'unique@1000': 0.806, 'unique@10000': 0.4701, 'FCD/Test': 17.446544046165542, 'SNN/Test': 0.6054332554849128, 'Frag/Test': 0.9446026662380337, 'Scaf/Test': 0.19737999624764024, 'FCD/TestSF': 17.936322563608456, 'SNN/TestSF': 0.538410698493901, 'Frag/TestSF': 0.9372378194681775, 'Scaf/TestSF': 0.04130193327618514, 'IntDiv': 0.8144902321590577, 'IntDiv2': 0.8004328648829775, 'Filters': 0.9787556904400607, 'logP': 0.646728704757229, 'SA': 0.2470700774111502, 'QED': 0.02872295692867489, 'weight': 19.92769046403917, 'Novelty': 0.8835743949591865}
Epoch: 50:
	Train Loss: 0.414 --- Reconstruction Loss: 0.401 --- KL Loss: 27.066 --- Beta: 0.000460
	Validity: 0.62% --- Uniquene@1000: 0.81% --- Unique@10000: 0.47%

{'valid': 0.7796333333333334, 'unique@1000': 0.728, 'unique@10000': 0.3935, 'FCD/Test': 21.659168009198893, 'SNN/Test': 0.6033085687838163, 'Frag/Test': 0.8716888591842658, 'Scaf/Test': 0.21711702504911723, 'FCD/TestSF': 22.980489256425095, 'SNN/TestSF': 0.5165121191231374, 'Frag/TestSF': 0.8586702772459783, 'Scaf/TestSF': 0.014790464551676541, 'IntDiv': 0.7972848430733885, 'IntDiv2': 0.7809958419665941, 'Filters': 0.9877720295865577, 'logP': 0.47346100339117636, 'SA': 0.268764940481552, 'QED': 0.015207411826397328, 'weight': 25.453667812209726, 'Novelty': 0.8838526912181303}
Epoch: 51:
	Train Loss: 0.397 --- Reconstruction Loss: 0.393 --- KL Loss: 44.096 --- Beta: 0.000100
	Validity: 0.78% --- Uniquene@1000: 0.73% --- Unique@10000: 0.39%

{'valid': 0.8305666666666667, 'unique@1000': 0.731, 'unique@10000': 0.377, 'FCD/Test': 22.78276120957213, 'SNN/Test': 0.6024581914725835, 'Frag/Test': 0.8458258759078371, 'Scaf/Test': 0.2161729967456254, 'FCD/TestSF': 24.0865853267875, 'SNN/TestSF': 0.5209375816766392, 'Frag/TestSF': 0.8339892525725753, 'Scaf/TestSF': 0.04237338860488227, 'IntDiv': 0.7967395537380644, 'IntDiv2': 0.778966875429213, 'Filters': 0.9816992414817193, 'logP': 0.45921594876657557, 'SA': 0.29806912273812985, 'QED': 0.007946162562974007, 'weight': 31.577714291413443, 'Novelty': 0.8570341047503045}
Epoch: 52:
	Train Loss: 0.393 --- Reconstruction Loss: 0.387 --- KL Loss: 42.802 --- Beta: 0.000140
	Validity: 0.83% --- Uniquene@1000: 0.73% --- Unique@10000: 0.38%

{'valid': 0.7556333333333334, 'unique@1000': 0.8, 'unique@10000': 0.4514, 'FCD/Test': 20.425887922702188, 'SNN/Test': 0.5943142624300028, 'Frag/Test': 0.8639408464530027, 'Scaf/Test': 0.17936045552873758, 'FCD/TestSF': 21.78038026701256, 'SNN/TestSF': 0.5100869318045802, 'Frag/TestSF': 0.8507139452731859, 'Scaf/TestSF': 0.032550953568385, 'IntDiv': 0.8008393014004813, 'IntDiv2': 0.7860736973322935, 'Filters': 0.985883806078786, 'logP': 0.27401916007246435, 'SA': 0.25124300609948935, 'QED': 0.01024801101628523, 'weight': 31.5527760536344, 'Novelty': 0.8671610720791049}
Epoch: 53:
	Train Loss: 0.391 --- Reconstruction Loss: 0.384 --- KL Loss: 39.426 --- Beta: 0.000180
	Validity: 0.76% --- Uniquene@1000: 0.80% --- Unique@10000: 0.45%

{'valid': 0.8779333333333333, 'unique@1000': 0.826, 'unique@10000': 0.5103, 'FCD/Test': 18.396069026999683, 'SNN/Test': 0.5845121360166179, 'Frag/Test': 0.9007309222598923, 'Scaf/Test': 0.20542458239193528, 'FCD/TestSF': 19.66730938633156, 'SNN/TestSF': 0.5027085322357997, 'Frag/TestSF': 0.8889559956298362, 'Scaf/TestSF': 0.026283243977165416, 'IntDiv': 0.8112208621107073, 'IntDiv2': 0.7975917641972926, 'Filters': 0.9837497152403372, 'logP': 0.47803584031757873, 'SA': 0.1974535295137239, 'QED': 0.01790463511535063, 'weight': 27.145740485904447, 'Novelty': 0.891012987012987}
Epoch: 54:
	Train Loss: 0.387 --- Reconstruction Loss: 0.379 --- KL Loss: 36.158 --- Beta: 0.000220
	Validity: 0.88% --- Uniquene@1000: 0.83% --- Unique@10000: 0.51%

{'valid': 0.8933, 'unique@1000': 0.784, 'unique@10000': 0.4774, 'FCD/Test': 20.362527874037823, 'SNN/Test': 0.5862381418526024, 'Frag/Test': 0.8715703090407092, 'Scaf/Test': 0.20224937159917644, 'FCD/TestSF': 21.717204790806562, 'SNN/TestSF': 0.5103472655323433, 'Frag/TestSF': 0.8586025615205898, 'Scaf/TestSF': 0.05585060436725231, 'IntDiv': 0.8076345509081237, 'IntDiv2': 0.7930825101408652, 'Filters': 0.9800738833538565, 'logP': 0.2889594996172457, 'SA': 0.23869578078406312, 'QED': 0.009518657923439372, 'weight': 35.57270244137977, 'Novelty': 0.8848741319444444}
Epoch: 55:
	Train Loss: 0.384 --- Reconstruction Loss: 0.376 --- KL Loss: 33.111 --- Beta: 0.000260
	Validity: 0.89% --- Uniquene@1000: 0.78% --- Unique@10000: 0.48%

{'valid': 0.8397666666666667, 'unique@1000': 0.871, 'unique@10000': 0.5625, 'FCD/Test': 17.7063801161337, 'SNN/Test': 0.5769714194149618, 'Frag/Test': 0.9204301429435228, 'Scaf/Test': 0.18302380056837975, 'FCD/TestSF': 18.877811693066036, 'SNN/TestSF': 0.5020666463407126, 'Frag/TestSF': 0.908501573068784, 'Scaf/TestSF': 0.028885569779354414, 'IntDiv': 0.8199455397705421, 'IntDiv2': 0.8077557108090936, 'Filters': 0.9842813479934902, 'logP': 0.23935278815503933, 'SA': 0.14793135126685628, 'QED': 0.01740331610040261, 'weight': 35.95159660505131, 'Novelty': 0.8765981627048016}
Epoch: 56:
	Train Loss: 0.382 --- Reconstruction Loss: 0.372 --- KL Loss: 30.214 --- Beta: 0.000300
	Validity: 0.84% --- Uniquene@1000: 0.87% --- Unique@10000: 0.56%

{'valid': 0.8714666666666666, 'unique@1000': 0.856, 'unique@10000': 0.5713, 'FCD/Test': 18.862976534617232, 'SNN/Test': 0.5713493441000143, 'Frag/Test': 0.9128465353818703, 'Scaf/Test': 0.1967218376845783, 'FCD/TestSF': 19.955712742985753, 'SNN/TestSF': 0.5057811371564883, 'Frag/TestSF': 0.9025948254444877, 'Scaf/TestSF': 0.05524407203371651, 'IntDiv': 0.8184249031746261, 'IntDiv2': 0.8054340442449893, 'Filters': 0.981640146878825, 'logP': 0.42828864220961926, 'SA': 0.1666387578967279, 'QED': 0.008719208690899857, 'weight': 33.76471917738237, 'Novelty': 0.8920632086420855}
Epoch: 57:
	Train Loss: 0.378 --- Reconstruction Loss: 0.368 --- KL Loss: 28.759 --- Beta: 0.000340
	Validity: 0.87% --- Uniquene@1000: 0.86% --- Unique@10000: 0.57%

slurmstepd: error: *** JOB 8257216 ON hpctpa3pc0039 CANCELLED AT 2024-02-15T10:04:48 ***
