2024-02-15 05:46:11.061997: E external/local_xla/xla/stream_executor/cuda/cuda_dnn.cc:9261] Unable to register cuDNN factory: Attempting to register factory for plugin cuDNN when one has already been registered
2024-02-15 05:46:11.062054: E external/local_xla/xla/stream_executor/cuda/cuda_fft.cc:607] Unable to register cuFFT factory: Attempting to register factory for plugin cuFFT when one has already been registered
2024-02-15 05:46:11.063729: E external/local_xla/xla/stream_executor/cuda/cuda_blas.cc:1515] Unable to register cuBLAS factory: Attempting to register factory for plugin cuBLAS when one has already been registered
2024-02-15 05:46:11.070092: I tensorflow/core/platform/cpu_feature_guard.cc:182] This TensorFlow binary is optimized to use available CPU instructions in performance-critical operations.
To enable the following instructions: AVX2 FMA, in other operations, rebuild TensorFlow with the appropriate compiler flags.
2024-02-15 05:46:12.520939: W tensorflow/compiler/tf2tensorrt/utils/py_utils.cc:38] TF-TRT Warning: Could not find TensorRT

Arguments:
	data_path: data/moses_train.txt
	max_len: 30
	batch: 128
	d_model: 512
	d_latent: 256
	d_ff: 1024
	e_heads: 1
	d_heads: 8
	n_layers: 8
	dropout: 0.5
	lr: 0.0005
	n_epochs: 100
	kl_type: monotonic
	kl_w_start: 0.0001
	kl_w_end: 0.005
	kl_cycle: 4
	kl_ratio: 0.9
	save_name: klcompare

Number of data: 88192

SMILES Vocab:
	 {'<START>': 0, '<END>': 1, '<PAD>': 2, 'C': 3, 'O': 4, 'c': 5, '1': 6, '(': 7, '=': 8, ')': 9, 'N': 10, 'n': 11, '2': 12, 'F': 13, 'Cl': 14, 'Br': 15, '#': 16, '3': 17, 'S': 18, 'o': 19, '-': 20, 's': 21, '[nH]': 22, '4': 23}

Graph Vocab:
	 {'C': 0, 'O': 1, 'N': 2, 'F': 3, 'Cl': 4, 'Br': 5, 'S': 6}


KL Annealer: [0.0001, 0.000149, 0.000198, 0.000247, 0.000296, 0.000345, 0.000394, 0.000443, 0.000492, 0.000541, 0.00059, 0.000639, 0.000688, 0.000737, 0.000786, 0.000835, 0.000884, 0.000933, 0.000982, 0.001031, 0.00108, 0.001129, 0.001178, 0.001227, 0.001276, 0.001325, 0.001374, 0.001423, 0.001472, 0.001521, 0.00157, 0.001619, 0.001668, 0.001717, 0.001766, 0.001815, 0.001864, 0.001913, 0.0019619999999999998, 0.0020109999999999998, 0.0020599999999999998, 0.0021089999999999998, 0.0021579999999999998, 0.0022069999999999998, 0.0022559999999999998, 0.0023049999999999998, 0.0023539999999999998, 0.0024029999999999998, 0.0024519999999999998, 0.0025009999999999998, 0.0025499999999999997, 0.0025989999999999997, 0.0026479999999999997, 0.0026969999999999997, 0.0027459999999999997, 0.0027949999999999997, 0.0028439999999999997, 0.0028929999999999997, 0.0029419999999999997, 0.0029909999999999997, 0.0030399999999999997, 0.0030889999999999997, 0.0031379999999999997, 0.0031869999999999997, 0.0032359999999999997, 0.0032849999999999997, 0.0033339999999999997, 0.0033829999999999997, 0.0034319999999999997, 0.0034809999999999997, 0.0035299999999999997, 0.0035789999999999997, 0.0036279999999999997, 0.0036769999999999997, 0.0037259999999999997, 0.0037749999999999997, 0.0038239999999999997, 0.0038729999999999997, 0.003922, 0.003971, 0.00402, 0.004069000000000001, 0.004118, 0.004167, 0.004216, 0.0042650000000000006, 0.004314, 0.004363, 0.004412, 0.0044610000000000006, 0.00451, 0.004559, 0.004608, 0.0046570000000000005, 0.004706, 0.004755, 0.004804, 0.0048530000000000005, 0.004902, 0.004951]




#########################################################################
######################### START TRAINING ################################
#########################################################################




/home/80027464/graphvae/metrics.py:527: UserWarning: Can't compute unique@10000.gen contains only 9802 molecules
  warnings.warn(
{'valid': 0.3267333333333333, 'unique@1000': 0.562, 'unique@10000': 0.265047949398082, 'FCD/Test': 26.54060542630284, 'SNN/Test': 0.6096844278721391, 'Frag/Test': 0.8636783997363788, 'Scaf/Test': 0.16631229451947138, 'FCD/TestSF': 27.418225254493848, 'SNN/TestSF': 0.5390162383432511, 'Frag/TestSF': 0.8523057710280213, 'Scaf/TestSF': 0.006104390981921948, 'IntDiv': 0.7898288431340008, 'IntDiv2': 0.7612768611197905, 'Filters': 0.9804121607835136, 'logP': 0.6000698451633778, 'SA': 0.3112860134574459, 'QED': 0.04940135161357435, 'weight': 5.7425249499108775, 'Novelty': 0.9395688991531947}
Epoch: 31:
	Train Loss: 0.528 --- Reconstruction Loss: 0.496 --- KL Loss: 20.283 --- Beta: 0.001570
	Validity: 0.33% --- Uniquene@1000: 0.56% --- Unique@10000: 0.27%

{'valid': 0.43343333333333334, 'unique@1000': 0.493, 'unique@10000': 0.2471, 'FCD/Test': 27.376784736721547, 'SNN/Test': 0.6179688940719853, 'Frag/Test': 0.833462516702168, 'Scaf/Test': 0.11394402523136482, 'FCD/TestSF': 28.33312112046702, 'SNN/TestSF': 0.5521544781724443, 'Frag/TestSF': 0.824219688400589, 'Scaf/TestSF': 0.010530800759317227, 'IntDiv': 0.7620834076925249, 'IntDiv2': 0.7180288476622951, 'Filters': 0.9882334845804814, 'logP': 0.7550221195505468, 'SA': 0.37384046093422385, 'QED': 0.05205726366797551, 'weight': 6.652736005459133, 'Novelty': 0.9390075809786355}
Epoch: 32:
	Train Loss: 0.519 --- Reconstruction Loss: 0.489 --- KL Loss: 18.352 --- Beta: 0.001619
	Validity: 0.43% --- Uniquene@1000: 0.49% --- Unique@10000: 0.25%

{'valid': 0.5151333333333333, 'unique@1000': 0.658, 'unique@10000': 0.3158, 'FCD/Test': 24.86547173753477, 'SNN/Test': 0.5936094977012717, 'Frag/Test': 0.8406113346632973, 'Scaf/Test': 0.18421370027445705, 'FCD/TestSF': 26.04597630414814, 'SNN/TestSF': 0.5266621181245021, 'Frag/TestSF': 0.8276077413958511, 'Scaf/TestSF': 0.0032955916366752547, 'IntDiv': 0.7693925903707692, 'IntDiv2': 0.7410866077961472, 'Filters': 0.9928173935550666, 'logP': 0.3792305764358489, 'SA': 0.3556892101488522, 'QED': 0.10637219708134689, 'weight': 10.051904541620537, 'Novelty': 0.9476856316297011}
Epoch: 33:
	Train Loss: 0.510 --- Reconstruction Loss: 0.482 --- KL Loss: 17.151 --- Beta: 0.001668
	Validity: 0.52% --- Uniquene@1000: 0.66% --- Unique@10000: 0.32%

{'valid': 0.4487, 'unique@1000': 0.641, 'unique@10000': 0.3441, 'FCD/Test': 23.240093384881035, 'SNN/Test': 0.6209957666479808, 'Frag/Test': 0.8839502150566064, 'Scaf/Test': 0.20903687195239162, 'FCD/TestSF': 24.202753320960547, 'SNN/TestSF': 0.543628472730492, 'Frag/TestSF': 0.8731550147989666, 'Scaf/TestSF': 0.0029681975733947263, 'IntDiv': 0.779746529768552, 'IntDiv2': 0.7488793330627671, 'Filters': 0.9907882029566897, 'logP': 0.7343621094820674, 'SA': 0.3955149373957928, 'QED': 0.04488422204803512, 'weight': 11.659159365457224, 'Novelty': 0.9187756085803808}
Epoch: 34:
	Train Loss: 0.503 --- Reconstruction Loss: 0.476 --- KL Loss: 16.215 --- Beta: 0.001717
	Validity: 0.45% --- Uniquene@1000: 0.64% --- Unique@10000: 0.34%

{'valid': 0.6880999999999999, 'unique@1000': 0.723, 'unique@10000': 0.3883, 'FCD/Test': 22.468472126790637, 'SNN/Test': 0.613074239141828, 'Frag/Test': 0.8621144617144428, 'Scaf/Test': 0.15968950170112195, 'FCD/TestSF': 23.43473950443868, 'SNN/TestSF': 0.5311884660681094, 'Frag/TestSF': 0.8528174304744064, 'Scaf/TestSF': 0.01129616478615414, 'IntDiv': 0.7962525105834011, 'IntDiv2': 0.7724926580333698, 'Filters': 0.9953495131521581, 'logP': 0.4906056982202951, 'SA': 0.31946708413109887, 'QED': 0.03150782283346966, 'weight': 14.349434429114199, 'Novelty': 0.9107462201268086}
Epoch: 35:
	Train Loss: 0.494 --- Reconstruction Loss: 0.468 --- KL Loss: 14.837 --- Beta: 0.001766
	Validity: 0.69% --- Uniquene@1000: 0.72% --- Unique@10000: 0.39%

{'valid': 0.5437333333333334, 'unique@1000': 0.73, 'unique@10000': 0.4049, 'FCD/Test': 22.013024466107296, 'SNN/Test': 0.5986762780343539, 'Frag/Test': 0.8287453585248584, 'Scaf/Test': 0.2299358605862697, 'FCD/TestSF': 23.290669856341026, 'SNN/TestSF': 0.5169715727585796, 'Frag/TestSF': 0.8162207787110233, 'Scaf/TestSF': 0.007298293158165103, 'IntDiv': 0.8021819456286663, 'IntDiv2': 0.7802116662055171, 'Filters': 0.9856547327121138, 'logP': 0.5926774123782437, 'SA': 0.2930778496449657, 'QED': 0.07187084834597536, 'weight': 7.6656078016901645, 'Novelty': 0.9403973509933775}
Epoch: 36:
	Train Loss: 0.486 --- Reconstruction Loss: 0.460 --- KL Loss: 13.944 --- Beta: 0.001815
	Validity: 0.54% --- Uniquene@1000: 0.73% --- Unique@10000: 0.40%

{'valid': 0.5576666666666666, 'unique@1000': 0.783, 'unique@10000': 0.454, 'FCD/Test': 19.734806318797716, 'SNN/Test': 0.6050219368467913, 'Frag/Test': 0.8906835282506061, 'Scaf/Test': 0.2564374951701045, 'FCD/TestSF': 20.565734780727666, 'SNN/TestSF': 0.5388334357161331, 'Frag/TestSF': 0.8823371408903808, 'Scaf/TestSF': 0.025848197396553307, 'IntDiv': 0.7980709094567208, 'IntDiv2': 0.7774620542418789, 'Filters': 0.9915122534369396, 'logP': 0.726648528349031, 'SA': 0.32636253070626364, 'QED': 0.050596219664696816, 'weight': 9.50312471524686, 'Novelty': 0.9322301024428684}
Epoch: 37:
	Train Loss: 0.478 --- Reconstruction Loss: 0.453 --- KL Loss: 13.314 --- Beta: 0.001864
	Validity: 0.56% --- Uniquene@1000: 0.78% --- Unique@10000: 0.45%

{'valid': 0.7118, 'unique@1000': 0.731, 'unique@10000': 0.4047, 'FCD/Test': 21.136850430520596, 'SNN/Test': 0.6237720681133371, 'Frag/Test': 0.8693688049467615, 'Scaf/Test': 0.2074463163600817, 'FCD/TestSF': 21.897333521585985, 'SNN/TestSF': 0.553937632470159, 'Frag/TestSF': 0.8616859451461857, 'Scaf/TestSF': 0.012507777869571135, 'IntDiv': 0.7898752766495694, 'IntDiv2': 0.7687250080488286, 'Filters': 0.9959726514938653, 'logP': 0.6368362321263209, 'SA': 0.36222054788162855, 'QED': 0.03610817810277589, 'weight': 7.26105250181223, 'Novelty': 0.9079322237216974}
Epoch: 38:
	Train Loss: 0.471 --- Reconstruction Loss: 0.446 --- KL Loss: 12.825 --- Beta: 0.001913
	Validity: 0.71% --- Uniquene@1000: 0.73% --- Unique@10000: 0.40%

{'valid': 0.7073, 'unique@1000': 0.814, 'unique@10000': 0.5232, 'FCD/Test': 17.559902389108515, 'SNN/Test': 0.613453920997865, 'Frag/Test': 0.8851315856421371, 'Scaf/Test': 0.32467826932883315, 'FCD/TestSF': 18.13821210892265, 'SNN/TestSF': 0.5402602053200122, 'Frag/TestSF': 0.8766995731348142, 'Scaf/TestSF': 0.014437186850438266, 'IntDiv': 0.8082549218138195, 'IntDiv2': 0.7909865236136668, 'Filters': 0.9821857768980631, 'logP': 0.7092710634741589, 'SA': 0.3093431372217319, 'QED': 0.031767756060937215, 'weight': 9.952935900514085, 'Novelty': 0.9110432915112467}
Epoch: 39:
	Train Loss: 0.462 --- Reconstruction Loss: 0.439 --- KL Loss: 11.817 --- Beta: 0.001962
	Validity: 0.71% --- Uniquene@1000: 0.81% --- Unique@10000: 0.52%

{'valid': 0.7093333333333334, 'unique@1000': 0.816, 'unique@10000': 0.5469, 'FCD/Test': 20.62152693024956, 'SNN/Test': 0.6000575894826001, 'Frag/Test': 0.8194819175265899, 'Scaf/Test': 0.2047309372564361, 'FCD/TestSF': 21.487403636611937, 'SNN/TestSF': 0.5224411082839159, 'Frag/TestSF': 0.8087470352334694, 'Scaf/TestSF': 0.01731990716275833, 'IntDiv': 0.7990336253274706, 'IntDiv2': 0.7817938057068775, 'Filters': 0.9912124060150376, 'logP': 0.4172739053185819, 'SA': 0.26477651372906574, 'QED': 0.07042439067246982, 'weight': 7.0561563289803875, 'Novelty': 0.9268135411069317}
Epoch: 40:
	Train Loss: 0.455 --- Reconstruction Loss: 0.432 --- KL Loss: 11.376 --- Beta: 0.002011
	Validity: 0.71% --- Uniquene@1000: 0.82% --- Unique@10000: 0.55%

{'valid': 0.6115999999999999, 'unique@1000': 0.845, 'unique@10000': 0.5635, 'FCD/Test': 18.15770336132684, 'SNN/Test': 0.5961541160608146, 'Frag/Test': 0.8710324474394314, 'Scaf/Test': 0.2540778432947871, 'FCD/TestSF': 19.122246219099125, 'SNN/TestSF': 0.5120142682499945, 'Frag/TestSF': 0.8621515367441953, 'Scaf/TestSF': 0.012663354542062688, 'IntDiv': 0.8158859959034535, 'IntDiv2': 0.7979904436871819, 'Filters': 0.986647045999564, 'logP': 0.7688146968363792, 'SA': 0.25721452614509693, 'QED': 0.05053276849631054, 'weight': 7.345739248922765, 'Novelty': 0.9255611543747136}
Epoch: 41:
	Train Loss: 0.449 --- Reconstruction Loss: 0.427 --- KL Loss: 10.757 --- Beta: 0.002060
	Validity: 0.61% --- Uniquene@1000: 0.84% --- Unique@10000: 0.56%

{'valid': 0.5344333333333333, 'unique@1000': 0.882, 'unique@10000': 0.5961, 'FCD/Test': 17.03569905488868, 'SNN/Test': 0.6162320462211819, 'Frag/Test': 0.9055969909658695, 'Scaf/Test': 0.41470399612934183, 'FCD/TestSF': 17.667608665358905, 'SNN/TestSF': 0.5479860987468019, 'Frag/TestSF': 0.8977098864666505, 'Scaf/TestSF': 0.029618387551696768, 'IntDiv': 0.8083531417392815, 'IntDiv2': 0.795231989775522, 'Filters': 0.9878999563400487, 'logP': 0.4908713235066125, 'SA': 0.3251856679209215, 'QED': 0.03350698148431696, 'weight': 10.100639430723348, 'Novelty': 0.9107184923439341}
Epoch: 42:
	Train Loss: 0.442 --- Reconstruction Loss: 0.420 --- KL Loss: 10.212 --- Beta: 0.002109
	Validity: 0.53% --- Uniquene@1000: 0.88% --- Unique@10000: 0.60%

{'valid': 0.6727000000000001, 'unique@1000': 0.874, 'unique@10000': 0.596, 'FCD/Test': 18.85119031700662, 'SNN/Test': 0.6084860821857389, 'Frag/Test': 0.8706902547649676, 'Scaf/Test': 0.2612870570169805, 'FCD/TestSF': 19.573955179925818, 'SNN/TestSF': 0.5364549388818927, 'Frag/TestSF': 0.8627752511355848, 'Scaf/TestSF': 0.026086566379004195, 'IntDiv': 0.8096247374377469, 'IntDiv2': 0.7941217635077027, 'Filters': 0.982855160794807, 'logP': 0.5546469349442397, 'SA': 0.29209557810580655, 'QED': 0.04104969353480831, 'weight': 7.830418241553886, 'Novelty': 0.9237347121407975}
Epoch: 43:
	Train Loss: 0.436 --- Reconstruction Loss: 0.415 --- KL Loss: 9.836 --- Beta: 0.002158
	Validity: 0.67% --- Uniquene@1000: 0.87% --- Unique@10000: 0.60%

{'valid': 0.7745666666666666, 'unique@1000': 0.838, 'unique@10000': 0.5899, 'FCD/Test': 17.331268475795667, 'SNN/Test': 0.615986073663391, 'Frag/Test': 0.8717505242938781, 'Scaf/Test': 0.31957696898844534, 'FCD/TestSF': 17.984318764495193, 'SNN/TestSF': 0.545209106610175, 'Frag/TestSF': 0.8651349733298276, 'Scaf/TestSF': 0.028387548968390686, 'IntDiv': 0.80851823743764, 'IntDiv2': 0.7931722491984011, 'Filters': 0.9900159228816112, 'logP': 0.45585787368001457, 'SA': 0.3040775583011194, 'QED': 0.02427438949319907, 'weight': 11.63640082925911, 'Novelty': 0.9018987341772152}
Epoch: 44:
	Train Loss: 0.431 --- Reconstruction Loss: 0.411 --- KL Loss: 9.414 --- Beta: 0.002207
	Validity: 0.77% --- Uniquene@1000: 0.84% --- Unique@10000: 0.59%

{'valid': 0.7079666666666666, 'unique@1000': 0.888, 'unique@10000': 0.6363, 'FCD/Test': 17.42501200652398, 'SNN/Test': 0.602303573235633, 'Frag/Test': 0.8472764629540788, 'Scaf/Test': 0.29786923496481754, 'FCD/TestSF': 18.08150642563953, 'SNN/TestSF': 0.5357313479555883, 'Frag/TestSF': 0.8408685864298895, 'Scaf/TestSF': 0.018290484405618757, 'IntDiv': 0.8140063549868017, 'IntDiv2': 0.800529407392438, 'Filters': 0.9854042092377231, 'logP': 0.46678265498312815, 'SA': 0.2480481821230906, 'QED': 0.021870911348056552, 'weight': 9.855291389318522, 'Novelty': 0.9180123115353733}
Epoch: 45:
	Train Loss: 0.426 --- Reconstruction Loss: 0.406 --- KL Loss: 9.004 --- Beta: 0.002256
	Validity: 0.71% --- Uniquene@1000: 0.89% --- Unique@10000: 0.64%

{'valid': 0.8560333333333333, 'unique@1000': 0.916, 'unique@10000': 0.6661, 'FCD/Test': 16.622086945361715, 'SNN/Test': 0.608023641959496, 'Frag/Test': 0.8871363366766045, 'Scaf/Test': 0.2936670691639278, 'FCD/TestSF': 17.265472380129566, 'SNN/TestSF': 0.5418815912266794, 'Frag/TestSF': 0.8802293255963922, 'Scaf/TestSF': 0.019715978448002103, 'IntDiv': 0.8154275210889423, 'IntDiv2': 0.802264710559403, 'Filters': 0.9894474514232312, 'logP': 0.4852652988476831, 'SA': 0.25858866139107517, 'QED': 0.020751552823490144, 'weight': 11.312170464069473, 'Novelty': 0.9092019251490554}
Epoch: 46:
	Train Loss: 0.421 --- Reconstruction Loss: 0.401 --- KL Loss: 8.727 --- Beta: 0.002305
	Validity: 0.86% --- Uniquene@1000: 0.92% --- Unique@10000: 0.67%

{'valid': 0.7571666666666667, 'unique@1000': 0.92, 'unique@10000': 0.6803, 'FCD/Test': 17.366680191947715, 'SNN/Test': 0.5994285009327424, 'Frag/Test': 0.8736742004202019, 'Scaf/Test': 0.2409416474738404, 'FCD/TestSF': 17.94298078312007, 'SNN/TestSF': 0.5348515546396654, 'Frag/TestSF': 0.8679885794610068, 'Scaf/TestSF': 0.023137118289183523, 'IntDiv': 0.8165358016953987, 'IntDiv2': 0.8026939841195121, 'Filters': 0.9761831388950033, 'logP': 0.6403156971745928, 'SA': 0.2545018683207812, 'QED': 0.020514476848089373, 'weight': 10.2500544222048, 'Novelty': 0.911461961148518}
Epoch: 47:
	Train Loss: 0.417 --- Reconstruction Loss: 0.397 --- KL Loss: 8.574 --- Beta: 0.002354
	Validity: 0.76% --- Uniquene@1000: 0.92% --- Unique@10000: 0.68%

{'valid': 0.6587000000000001, 'unique@1000': 0.921, 'unique@10000': 0.7129, 'FCD/Test': 16.49336780047109, 'SNN/Test': 0.5816648049330664, 'Frag/Test': 0.8605197036029212, 'Scaf/Test': 0.26370646992978375, 'FCD/TestSF': 17.319061902509517, 'SNN/TestSF': 0.5089941672405054, 'Frag/TestSF': 0.8522291845181903, 'Scaf/TestSF': 0.019068660990621322, 'IntDiv': 0.8267646917507182, 'IntDiv2': 0.8127696492611507, 'Filters': 0.9835534638935276, 'logP': 0.668663628065962, 'SA': 0.18366443554051579, 'QED': 0.056630203981701766, 'weight': 9.51751940236758, 'Novelty': 0.9338338420922366}
Epoch: 48:
	Train Loss: 0.412 --- Reconstruction Loss: 0.392 --- KL Loss: 8.309 --- Beta: 0.002403
	Validity: 0.66% --- Uniquene@1000: 0.92% --- Unique@10000: 0.71%

{'valid': 0.7623333333333333, 'unique@1000': 0.914, 'unique@10000': 0.7242, 'FCD/Test': 15.93313288555072, 'SNN/Test': 0.598096920439756, 'Frag/Test': 0.8707662196998177, 'Scaf/Test': 0.2689783827436447, 'FCD/TestSF': 16.547415065402866, 'SNN/TestSF': 0.5343976081974859, 'Frag/TestSF': 0.8645781732850729, 'Scaf/TestSF': 0.03025518411592565, 'IntDiv': 0.8297457011303718, 'IntDiv2': 0.8171360591613333, 'Filters': 0.975251421075645, 'logP': 0.5586460763151825, 'SA': 0.2437915014517574, 'QED': 0.018454826815853993, 'weight': 15.787821119440904, 'Novelty': 0.9035192890894985}
Epoch: 49:
	Train Loss: 0.408 --- Reconstruction Loss: 0.388 --- KL Loss: 8.278 --- Beta: 0.002452
	Validity: 0.76% --- Uniquene@1000: 0.91% --- Unique@10000: 0.72%

{'valid': 0.6097, 'unique@1000': 0.941, 'unique@10000': 0.7487, 'FCD/Test': 16.734029281669095, 'SNN/Test': 0.5702824935192394, 'Frag/Test': 0.8857186248075727, 'Scaf/Test': 0.19904714585178418, 'FCD/TestSF': 17.44829554821426, 'SNN/TestSF': 0.5045839348100898, 'Frag/TestSF': 0.8809041700383745, 'Scaf/TestSF': 0.01530845612909093, 'IntDiv': 0.8354745686365341, 'IntDiv2': 0.8225623142459144, 'Filters': 0.942321360231808, 'logP': 0.7186543461028753, 'SA': 0.13494379495553532, 'QED': 0.02437166660829683, 'weight': 12.169077340927878, 'Novelty': 0.9306241398850482}
Epoch: 50:
	Train Loss: 0.403 --- Reconstruction Loss: 0.383 --- KL Loss: 8.116 --- Beta: 0.002501
	Validity: 0.61% --- Uniquene@1000: 0.94% --- Unique@10000: 0.75%

{'valid': 0.7800666666666667, 'unique@1000': 0.953, 'unique@10000': 0.7809, 'FCD/Test': 15.199603109509354, 'SNN/Test': 0.5834862375341412, 'Frag/Test': 0.8619349412130726, 'Scaf/Test': 0.2628388467282776, 'FCD/TestSF': 15.720282381891984, 'SNN/TestSF': 0.5266642238762977, 'Frag/TestSF': 0.8560551371974384, 'Scaf/TestSF': 0.028153169599438588, 'IntDiv': 0.8309398055676747, 'IntDiv2': 0.8189515654402377, 'Filters': 0.9775232886078113, 'logP': 0.5667817035151917, 'SA': 0.18285736196978522, 'QED': 0.02967438914754506, 'weight': 12.292421304446341, 'Novelty': 0.9187090979083793}
Epoch: 51:
	Train Loss: 0.398 --- Reconstruction Loss: 0.378 --- KL Loss: 8.018 --- Beta: 0.002550
	Validity: 0.78% --- Uniquene@1000: 0.95% --- Unique@10000: 0.78%

{'valid': 0.8734, 'unique@1000': 0.953, 'unique@10000': 0.7802, 'FCD/Test': 16.83541810915483, 'SNN/Test': 0.5792830788789383, 'Frag/Test': 0.8632060349382161, 'Scaf/Test': 0.2751147640898972, 'FCD/TestSF': 17.36971526920074, 'SNN/TestSF': 0.5189888317360604, 'Frag/TestSF': 0.8581770519945057, 'Scaf/TestSF': 0.026928479067564015, 'IntDiv': 0.8360585503722316, 'IntDiv2': 0.8239090128286048, 'Filters': 0.9733608121517442, 'logP': 0.6393377426017358, 'SA': 0.1639704669935515, 'QED': 0.017952964837689794, 'weight': 14.519789905701593, 'Novelty': 0.9116565122427865}
Epoch: 52:
	Train Loss: 0.395 --- Reconstruction Loss: 0.374 --- KL Loss: 7.925 --- Beta: 0.002599
	Validity: 0.87% --- Uniquene@1000: 0.95% --- Unique@10000: 0.78%

{'valid': 0.8516333333333334, 'unique@1000': 0.948, 'unique@10000': 0.7884, 'FCD/Test': 15.918093603514073, 'SNN/Test': 0.59407769264895, 'Frag/Test': 0.8824645601831765, 'Scaf/Test': 0.302291790064926, 'FCD/TestSF': 16.608258618887177, 'SNN/TestSF': 0.5325281479943405, 'Frag/TestSF': 0.8743827583726826, 'Scaf/TestSF': 0.04635544506422529, 'IntDiv': 0.82990283143507, 'IntDiv2': 0.8181530590822799, 'Filters': 0.9783161767583859, 'logP': 0.44462514775425144, 'SA': 0.2327899160727035, 'QED': 0.019502684666170552, 'weight': 14.966707623705771, 'Novelty': 0.9000940291490362}
Epoch: 53:
	Train Loss: 0.391 --- Reconstruction Loss: 0.370 --- KL Loss: 7.841 --- Beta: 0.002648
	Validity: 0.85% --- Uniquene@1000: 0.95% --- Unique@10000: 0.79%

{'valid': 0.8044666666666667, 'unique@1000': 0.956, 'unique@10000': 0.8206, 'FCD/Test': 15.43447255860707, 'SNN/Test': 0.5757312545417168, 'Frag/Test': 0.8733561010251091, 'Scaf/Test': 0.25669439497019053, 'FCD/TestSF': 16.203189901351728, 'SNN/TestSF': 0.5114464289168785, 'Frag/TestSF': 0.8682615304429312, 'Scaf/TestSF': 0.021930159228761292, 'IntDiv': 0.8370963535473988, 'IntDiv2': 0.8257564208821915, 'Filters': 0.9783293279191183, 'logP': 0.5183421688254174, 'SA': 0.15929811761705576, 'QED': 0.02371873519016427, 'weight': 15.228088954900032, 'Novelty': 0.9204545454545454}
Epoch: 54:
	Train Loss: 0.387 --- Reconstruction Loss: 0.366 --- KL Loss: 7.702 --- Beta: 0.002697
	Validity: 0.80% --- Uniquene@1000: 0.96% --- Unique@10000: 0.82%

{'valid': 0.9043, 'unique@1000': 0.952, 'unique@10000': 0.7872, 'FCD/Test': 14.781991545612769, 'SNN/Test': 0.5935068630680913, 'Frag/Test': 0.8953023470803981, 'Scaf/Test': 0.2817888119138867, 'FCD/TestSF': 15.232202072187327, 'SNN/TestSF': 0.5375737019877134, 'Frag/TestSF': 0.8908179164581086, 'Scaf/TestSF': 0.03291004602923209, 'IntDiv': 0.8328623708602109, 'IntDiv2': 0.8215410271034411, 'Filters': 0.9789155516237237, 'logP': 0.4245462189491379, 'SA': 0.21844305183655682, 'QED': 0.017672565435548127, 'weight': 17.029071036714868, 'Novelty': 0.901569345089558}
Epoch: 55:
	Train Loss: 0.383 --- Reconstruction Loss: 0.363 --- KL Loss: 7.560 --- Beta: 0.002746
	Validity: 0.90% --- Uniquene@1000: 0.95% --- Unique@10000: 0.79%

{'valid': 0.8494333333333334, 'unique@1000': 0.944, 'unique@10000': 0.8167, 'FCD/Test': 14.796765879092689, 'SNN/Test': 0.5711177689325668, 'Frag/Test': 0.8660850465089299, 'Scaf/Test': 0.22720758316469336, 'FCD/TestSF': 15.331750531949638, 'SNN/TestSF': 0.5177225250045719, 'Frag/TestSF': 0.8612118721244957, 'Scaf/TestSF': 0.02545241713079127, 'IntDiv': 0.8409949136168917, 'IntDiv2': 0.8294375147521191, 'Filters': 0.9764941333437979, 'logP': 0.2903212266017176, 'SA': 0.14741082971721808, 'QED': 0.02392051752593947, 'weight': 15.377161316788793, 'Novelty': 0.9171819787985865}
Epoch: 56:
	Train Loss: 0.380 --- Reconstruction Loss: 0.360 --- KL Loss: 7.493 --- Beta: 0.002795
	Validity: 0.85% --- Uniquene@1000: 0.94% --- Unique@10000: 0.82%

{'valid': 0.8235, 'unique@1000': 0.936, 'unique@10000': 0.7746, 'FCD/Test': 16.312575399080814, 'SNN/Test': 0.5811811363086651, 'Frag/Test': 0.852892092150409, 'Scaf/Test': 0.19955431502065657, 'FCD/TestSF': 16.771253583909413, 'SNN/TestSF': 0.5261071773415947, 'Frag/TestSF': 0.8504681760064853, 'Scaf/TestSF': 0.020227439709999406, 'IntDiv': 0.832050476108482, 'IntDiv2': 0.8194425616894351, 'Filters': 0.9798826148552925, 'logP': 0.5658429711224069, 'SA': 0.2160469902864899, 'QED': 0.018581777268452164, 'weight': 16.54244051945862, 'Novelty': 0.9101278741670169}
Epoch: 57:
	Train Loss: 0.377 --- Reconstruction Loss: 0.356 --- KL Loss: 7.356 --- Beta: 0.002844
	Validity: 0.82% --- Uniquene@1000: 0.94% --- Unique@10000: 0.77%

{'valid': 0.7850666666666667, 'unique@1000': 0.952, 'unique@10000': 0.8303, 'FCD/Test': 14.44980243214517, 'SNN/Test': 0.5727471690270645, 'Frag/Test': 0.8831485063333415, 'Scaf/Test': 0.271212399032875, 'FCD/TestSF': 15.034904426027353, 'SNN/TestSF': 0.5180284237544781, 'Frag/TestSF': 0.8784155688742139, 'Scaf/TestSF': 0.0284188798626116, 'IntDiv': 0.8400538992581252, 'IntDiv2': 0.8288526846515325, 'Filters': 0.9724864130434783, 'logP': 0.4354731405242089, 'SA': 0.17564015316462675, 'QED': 0.028190457841981927, 'weight': 16.82730048306884, 'Novelty': 0.9138546585281585}
Epoch: 58:
	Train Loss: 0.375 --- Reconstruction Loss: 0.354 --- KL Loss: 7.291 --- Beta: 0.002893
	Validity: 0.79% --- Uniquene@1000: 0.95% --- Unique@10000: 0.83%

{'valid': 0.8893666666666666, 'unique@1000': 0.958, 'unique@10000': 0.8012, 'FCD/Test': 15.265198823139912, 'SNN/Test': 0.5821363685759355, 'Frag/Test': 0.874429721649038, 'Scaf/Test': 0.3007595501740603, 'FCD/TestSF': 15.63607854191001, 'SNN/TestSF': 0.5331343907660029, 'Frag/TestSF': 0.8706175580096575, 'Scaf/TestSF': 0.030280966595764625, 'IntDiv': 0.8318541615277869, 'IntDiv2': 0.8205771894082169, 'Filters': 0.9680671638994041, 'logP': 0.4238241137082292, 'SA': 0.19158228017928547, 'QED': 0.02116438232173012, 'weight': 14.684966741291023, 'Novelty': 0.9096784617870415}
Epoch: 59:
	Train Loss: 0.372 --- Reconstruction Loss: 0.351 --- KL Loss: 7.250 --- Beta: 0.002942
	Validity: 0.89% --- Uniquene@1000: 0.96% --- Unique@10000: 0.80%

slurmstepd: error: *** JOB 8257211 ON hpctpa3pc0043 CANCELLED AT 2024-02-15T10:04:48 ***
