2024-02-15 05:35:29.454646: E external/local_xla/xla/stream_executor/cuda/cuda_dnn.cc:9261] Unable to register cuDNN factory: Attempting to register factory for plugin cuDNN when one has already been registered
2024-02-15 05:35:29.454711: E external/local_xla/xla/stream_executor/cuda/cuda_fft.cc:607] Unable to register cuFFT factory: Attempting to register factory for plugin cuFFT when one has already been registered
2024-02-15 05:35:29.455574: E external/local_xla/xla/stream_executor/cuda/cuda_blas.cc:1515] Unable to register cuBLAS factory: Attempting to register factory for plugin cuBLAS when one has already been registered
2024-02-15 05:35:29.460428: I tensorflow/core/platform/cpu_feature_guard.cc:182] This TensorFlow binary is optimized to use available CPU instructions in performance-critical operations.
To enable the following instructions: AVX2 FMA, in other operations, rebuild TensorFlow with the appropriate compiler flags.
2024-02-15 05:35:30.803119: W tensorflow/compiler/tf2tensorrt/utils/py_utils.cc:38] TF-TRT Warning: Could not find TensorRT

Arguments:
	data_path: data/moses_train.txt
	max_len: 30
	batch: 128
	d_model: 512
	d_latent: 256
	d_ff: 1024
	e_heads: 1
	d_heads: 8
	n_layers: 8
	dropout: 0.5
	lr: 0.0005
	n_epochs: 100
	kl_type: monotonic
	kl_w_start: 0.0001
	kl_w_end: 0.0005
	kl_cycle: 4
	kl_ratio: 0.9
	save_name: klcompare

Number of data: 88192

SMILES Vocab:
	 {'<START>': 0, '<END>': 1, '<PAD>': 2, 'C': 3, 'O': 4, 'c': 5, '1': 6, '(': 7, '=': 8, ')': 9, 'N': 10, 'n': 11, '2': 12, 'F': 13, 'Cl': 14, 'Br': 15, '#': 16, '3': 17, 'S': 18, 'o': 19, '-': 20, 's': 21, '[nH]': 22, '4': 23}

Graph Vocab:
	 {'C': 0, 'O': 1, 'N': 2, 'F': 3, 'Cl': 4, 'Br': 5, 'S': 6}


KL Annealer: [0.0001, 0.00010400000000000001, 0.00010800000000000001, 0.00011200000000000001, 0.000116, 0.00012, 0.000124, 0.000128, 0.000132, 0.000136, 0.00014, 0.000144, 0.00014800000000000002, 0.000152, 0.000156, 0.00015999999999999999, 0.000164, 0.00016800000000000002, 0.000172, 0.000176, 0.00017999999999999998, 0.000184, 0.00018800000000000002, 0.000192, 0.000196, 0.00019999999999999998, 0.000204, 0.00020800000000000001, 0.000212, 0.000216, 0.00021999999999999998, 0.00022400000000000002, 0.000228, 0.000232, 0.000236, 0.00023999999999999998, 0.00024400000000000002, 0.000248, 0.000252, 0.000256, 0.00026, 0.000264, 0.000268, 0.000272, 0.000276, 0.00028, 0.000284, 0.000288, 0.000292, 0.000296, 0.0003, 0.000304, 0.000308, 0.000312, 0.000316, 0.00031999999999999997, 0.000324, 0.000328, 0.000332, 0.000336, 0.00033999999999999997, 0.000344, 0.000348, 0.000352, 0.000356, 0.00035999999999999997, 0.00036399999999999996, 0.000368, 0.000372, 0.000376, 0.00037999999999999997, 0.00038399999999999996, 0.000388, 0.000392, 0.000396, 0.00039999999999999996, 0.00040399999999999995, 0.000408, 0.000412, 0.000416, 0.00041999999999999996, 0.00042399999999999995, 0.000428, 0.000432, 0.00043599999999999997, 0.00043999999999999996, 0.00044399999999999995, 0.000448, 0.000452, 0.00045599999999999997, 0.00045999999999999996, 0.00046399999999999995, 0.000468, 0.000472, 0.00047599999999999997, 0.00047999999999999996, 0.000484, 0.000488, 0.000492, 0.000496]




#########################################################################
######################### START TRAINING ################################
#########################################################################




{'valid': 0.6383333333333333, 'unique@1000': 0.368, 'unique@10000': 0.1368, 'FCD/Test': 32.22896954523167, 'SNN/Test': 0.6290052770152105, 'Frag/Test': 0.8172380471048324, 'Scaf/Test': 0.2187462920224491, 'FCD/TestSF': 33.59257973547507, 'SNN/TestSF': 0.5324611792956568, 'Frag/TestSF': 0.8059233378243492, 'Scaf/TestSF': 0.011139275370096957, 'IntDiv': 0.6811236488212207, 'IntDiv2': 0.6480577007419333, 'Filters': 0.9980678851174934, 'logP': 0.33207117852904294, 'SA': 0.5002349629351088, 'QED': 0.10249056014126319, 'weight': 7.2630992142195545, 'Novelty': 0.9210958904109589}
Epoch: 31:
	Train Loss: 0.513 --- Reconstruction Loss: 0.483 --- KL Loss: 135.500 --- Beta: 0.000220
	Validity: 0.64% --- Uniquene@1000: 0.37% --- Unique@10000: 0.14%

{'valid': 0.8258333333333333, 'unique@1000': 0.287, 'unique@10000': 0.1046, 'FCD/Test': 37.15020863083153, 'SNN/Test': 0.6604442248791907, 'Frag/Test': 0.8155023850442247, 'Scaf/Test': 0.1275688530240482, 'FCD/TestSF': 38.65356624365432, 'SNN/TestSF': 0.5341461831132771, 'Frag/TestSF': 0.8039204340036159, 'Scaf/TestSF': 0.037374973202779826, 'IntDiv': 0.6369841192641986, 'IntDiv2': 0.606075413868171, 'Filters': 0.9969727547931383, 'logP': 0.28040035758389015, 'SA': 0.53708050336051, 'QED': 0.07951985513983584, 'weight': 10.307192548783783, 'Novelty': 0.8837349397590362}
Epoch: 32:
	Train Loss: 0.500 --- Reconstruction Loss: 0.475 --- KL Loss: 110.397 --- Beta: 0.000224
	Validity: 0.83% --- Uniquene@1000: 0.29% --- Unique@10000: 0.10%

{'valid': 0.8859333333333334, 'unique@1000': 0.331, 'unique@10000': 0.1252, 'FCD/Test': 37.637940651966275, 'SNN/Test': 0.6229304300143331, 'Frag/Test': 0.7811251839075148, 'Scaf/Test': 0.14119072118801346, 'FCD/TestSF': 39.09413249260566, 'SNN/TestSF': 0.5292219692409886, 'Frag/TestSF': 0.769568821476168, 'Scaf/TestSF': 0.0028631252577820954, 'IntDiv': 0.6369118087578185, 'IntDiv2': 0.6067684733871807, 'Filters': 0.9972909925502295, 'logP': 0.28312007777434195, 'SA': 0.512875302397326, 'QED': 0.09530113645546924, 'weight': 13.655832809202316, 'Novelty': 0.9104186952288218}
Epoch: 33:
	Train Loss: 0.486 --- Reconstruction Loss: 0.466 --- KL Loss: 87.499 --- Beta: 0.000228
	Validity: 0.89% --- Uniquene@1000: 0.33% --- Unique@10000: 0.13%

{'valid': 0.8065666666666667, 'unique@1000': 0.398, 'unique@10000': 0.1634, 'FCD/Test': 31.53266366933179, 'SNN/Test': 0.6333347622430013, 'Frag/Test': 0.8056115725534471, 'Scaf/Test': 0.2291242969374524, 'FCD/TestSF': 33.03454954844847, 'SNN/TestSF': 0.522893300322544, 'Frag/TestSF': 0.7921714616721628, 'Scaf/TestSF': 0.0048115978477117904, 'IntDiv': 0.6814038266840761, 'IntDiv2': 0.6495003248582255, 'Filters': 0.9952060172748688, 'logP': 0.3568723420438198, 'SA': 0.47859668267627087, 'QED': 0.07821674424070907, 'weight': 8.718651017333752, 'Novelty': 0.892485549132948}
Epoch: 34:
	Train Loss: 0.476 --- Reconstruction Loss: 0.458 --- KL Loss: 74.753 --- Beta: 0.000232
	Validity: 0.81% --- Uniquene@1000: 0.40% --- Unique@10000: 0.16%

{'valid': 0.8622333333333333, 'unique@1000': 0.512, 'unique@10000': 0.2117, 'FCD/Test': 26.94349646809286, 'SNN/Test': 0.6260171137079317, 'Frag/Test': 0.8265564150545629, 'Scaf/Test': 0.13029412974380072, 'FCD/TestSF': 28.538506933183243, 'SNN/TestSF': 0.5229863251829865, 'Frag/TestSF': 0.8130644428097404, 'Scaf/TestSF': 0.015421666804625866, 'IntDiv': 0.7424280645288293, 'IntDiv2': 0.7175187898188452, 'Filters': 0.996520663393513, 'logP': 0.2121319334143121, 'SA': 0.40517631506554685, 'QED': 0.05547985858436012, 'weight': 15.785062792644514, 'Novelty': 0.8843795620437956}
Epoch: 35:
	Train Loss: 0.464 --- Reconstruction Loss: 0.448 --- KL Loss: 68.173 --- Beta: 0.000236
	Validity: 0.86% --- Uniquene@1000: 0.51% --- Unique@10000: 0.21%

{'valid': 0.8940333333333333, 'unique@1000': 0.589, 'unique@10000': 0.2632, 'FCD/Test': 26.561678025719246, 'SNN/Test': 0.6510510416467746, 'Frag/Test': 0.8443058552077053, 'Scaf/Test': 0.23988638684205965, 'FCD/TestSF': 28.296732317636653, 'SNN/TestSF': 0.5328819677153137, 'Frag/TestSF': 0.8292635169476011, 'Scaf/TestSF': 0.014732161400141996, 'IntDiv': 0.7674726849748893, 'IntDiv2': 0.7469532632539134, 'Filters': 0.9955631781067075, 'logP': 0.161888831515274, 'SA': 0.40785297358299577, 'QED': 0.04041846270450224, 'weight': 17.73309478302897, 'Novelty': 0.857010857010857}
Epoch: 36:
	Train Loss: 0.455 --- Reconstruction Loss: 0.440 --- KL Loss: 64.324 --- Beta: 0.000240
	Validity: 0.89% --- Uniquene@1000: 0.59% --- Unique@10000: 0.26%

{'valid': 0.4981, 'unique@1000': 0.693, 'unique@10000': 0.3086, 'FCD/Test': 22.481217670460325, 'SNN/Test': 0.6288816359571956, 'Frag/Test': 0.9101013485643774, 'Scaf/Test': 0.39404535546813046, 'FCD/TestSF': 23.84974122245947, 'SNN/TestSF': 0.5277847152726602, 'Frag/TestSF': 0.8976444592294617, 'Scaf/TestSF': 0.04341914347347864, 'IntDiv': 0.782428999811664, 'IntDiv2': 0.7652371908354235, 'Filters': 0.9882888308907181, 'logP': 0.6099211696687004, 'SA': 0.3163402300906052, 'QED': 0.022049186037594003, 'weight': 8.588407849026277, 'Novelty': 0.9008350730688935}
Epoch: 37:
	Train Loss: 0.445 --- Reconstruction Loss: 0.431 --- KL Loss: 60.782 --- Beta: 0.000244
	Validity: 0.50% --- Uniquene@1000: 0.69% --- Unique@10000: 0.31%

{'valid': 0.7461333333333333, 'unique@1000': 0.68, 'unique@10000': 0.3245, 'FCD/Test': 22.000283128413372, 'SNN/Test': 0.6140077769785608, 'Frag/Test': 0.8849338700723894, 'Scaf/Test': 0.29483997164760345, 'FCD/TestSF': 23.467240604358807, 'SNN/TestSF': 0.5353603298157411, 'Frag/TestSF': 0.872242152409256, 'Scaf/TestSF': 0.020340258906798803, 'IntDiv': 0.7839845484495739, 'IntDiv2': 0.7665289522628518, 'Filters': 0.9923606147248034, 'logP': 0.4267982812188032, 'SA': 0.3298692601135413, 'QED': 0.03647867720122522, 'weight': 8.647472981826866, 'Novelty': 0.8922684458398744}
Epoch: 38:
	Train Loss: 0.436 --- Reconstruction Loss: 0.422 --- KL Loss: 58.649 --- Beta: 0.000248
	Validity: 0.75% --- Uniquene@1000: 0.68% --- Unique@10000: 0.32%

{'valid': 0.5450999999999999, 'unique@1000': 0.646, 'unique@10000': 0.3185, 'FCD/Test': 20.52626002325193, 'SNN/Test': 0.6169361790054064, 'Frag/Test': 0.897930277177991, 'Scaf/Test': 0.2009342420308513, 'FCD/TestSF': 21.37614387692375, 'SNN/TestSF': 0.5373494141061234, 'Frag/TestSF': 0.8851616468195207, 'Scaf/TestSF': 0.037725548184682434, 'IntDiv': 0.7952227669401827, 'IntDiv2': 0.7743095837309277, 'Filters': 0.9896655048003424, 'logP': 0.6252506704643392, 'SA': 0.2900839115472413, 'QED': 0.028919413699999487, 'weight': 16.263953966971464, 'Novelty': 0.9044392523364486}
Epoch: 39:
	Train Loss: 0.427 --- Reconstruction Loss: 0.412 --- KL Loss: 56.225 --- Beta: 0.000252
	Validity: 0.55% --- Uniquene@1000: 0.65% --- Unique@10000: 0.32%

{'valid': 0.7988, 'unique@1000': 0.714, 'unique@10000': 0.3588, 'FCD/Test': 21.51096549621097, 'SNN/Test': 0.597841064532573, 'Frag/Test': 0.8491123071155473, 'Scaf/Test': 0.19418306688577658, 'FCD/TestSF': 22.910214908208786, 'SNN/TestSF': 0.504294647247425, 'Frag/TestSF': 0.8345606615936156, 'Scaf/TestSF': 0.031998046454655205, 'IntDiv': 0.7864904798334144, 'IntDiv2': 0.7708104083986052, 'Filters': 0.9895259556000667, 'logP': 0.26306564348960865, 'SA': 0.14254758738443046, 'QED': 0.04857319299813557, 'weight': 18.06967492655663, 'Novelty': 0.8980103661595051}
Epoch: 40:
	Train Loss: 0.418 --- Reconstruction Loss: 0.404 --- KL Loss: 53.860 --- Beta: 0.000256
	Validity: 0.80% --- Uniquene@1000: 0.71% --- Unique@10000: 0.36%

{'valid': 0.6603, 'unique@1000': 0.742, 'unique@10000': 0.4, 'FCD/Test': 20.796948048650307, 'SNN/Test': 0.6183042738226905, 'Frag/Test': 0.8715562105624013, 'Scaf/Test': 0.19720840258817252, 'FCD/TestSF': 21.910241207153028, 'SNN/TestSF': 0.5369392243174976, 'Frag/TestSF': 0.8585854406586904, 'Scaf/TestSF': 0.07818630106189595, 'IntDiv': 0.7839695244710362, 'IntDiv2': 0.7676603939823833, 'Filters': 0.9887929728911101, 'logP': 0.37901774119840814, 'SA': 0.2868510121562884, 'QED': 0.03136222752605602, 'weight': 17.56758512905041, 'Novelty': 0.8928228132008972}
Epoch: 41:
	Train Loss: 0.410 --- Reconstruction Loss: 0.397 --- KL Loss: 51.486 --- Beta: 0.000260
	Validity: 0.66% --- Uniquene@1000: 0.74% --- Unique@10000: 0.40%

{'valid': 0.7702666666666667, 'unique@1000': 0.814, 'unique@10000': 0.5005, 'FCD/Test': 17.81804693800933, 'SNN/Test': 0.6029221420549533, 'Frag/Test': 0.9243560229277544, 'Scaf/Test': 0.22525323208567005, 'FCD/TestSF': 18.626277477501638, 'SNN/TestSF': 0.5254068516113569, 'Frag/TestSF': 0.9126446076429844, 'Scaf/TestSF': 0.07687252176791204, 'IntDiv': 0.7982140283647399, 'IntDiv2': 0.785691438254458, 'Filters': 0.9777133460273498, 'logP': 0.313868331873329, 'SA': 0.24997034946709015, 'QED': 0.01669336133116088, 'weight': 21.00407135638515, 'Novelty': 0.8943965517241379}
Epoch: 42:
	Train Loss: 0.402 --- Reconstruction Loss: 0.389 --- KL Loss: 48.200 --- Beta: 0.000264
	Validity: 0.77% --- Uniquene@1000: 0.81% --- Unique@10000: 0.50%

{'valid': 0.8828, 'unique@1000': 0.826, 'unique@10000': 0.4997, 'FCD/Test': 20.485836755369526, 'SNN/Test': 0.6044553760447597, 'Frag/Test': 0.8833045425718734, 'Scaf/Test': 0.20527794036416525, 'FCD/TestSF': 21.598712146021846, 'SNN/TestSF': 0.5200125787054379, 'Frag/TestSF': 0.8684620837804398, 'Scaf/TestSF': 0.038885178204215554, 'IntDiv': 0.7888179370479065, 'IntDiv2': 0.7748882207871696, 'Filters': 0.9839903337864371, 'logP': 0.20965788969188004, 'SA': 0.2121417532924562, 'QED': 0.04663158150874574, 'weight': 20.09835318728718, 'Novelty': 0.8942054895362288}
Epoch: 43:
	Train Loss: 0.396 --- Reconstruction Loss: 0.384 --- KL Loss: 46.343 --- Beta: 0.000268
	Validity: 0.88% --- Uniquene@1000: 0.83% --- Unique@10000: 0.50%

{'valid': 0.7021333333333333, 'unique@1000': 0.842, 'unique@10000': 0.5006, 'FCD/Test': 17.270645999664517, 'SNN/Test': 0.6005416059710207, 'Frag/Test': 0.9199306120238271, 'Scaf/Test': 0.21458071647523014, 'FCD/TestSF': 18.068041084983335, 'SNN/TestSF': 0.527797353568183, 'Frag/TestSF': 0.9082565667623572, 'Scaf/TestSF': 0.06359703832034846, 'IntDiv': 0.8001190128712256, 'IntDiv2': 0.7865326408523564, 'Filters': 0.9772123053551083, 'logP': 0.33859495549429786, 'SA': 0.23733374554026943, 'QED': 0.03062872436334557, 'weight': 19.38397035470343, 'Novelty': 0.9004084574723691}
Epoch: 44:
	Train Loss: 0.390 --- Reconstruction Loss: 0.378 --- KL Loss: 43.482 --- Beta: 0.000272
	Validity: 0.70% --- Uniquene@1000: 0.84% --- Unique@10000: 0.50%

{'valid': 0.8407333333333333, 'unique@1000': 0.831, 'unique@10000': 0.5027, 'FCD/Test': 17.64601896826946, 'SNN/Test': 0.6140029679021737, 'Frag/Test': 0.9246756588525409, 'Scaf/Test': 0.22625737134393598, 'FCD/TestSF': 18.382928061988153, 'SNN/TestSF': 0.5331874406085585, 'Frag/TestSF': 0.9123143968423199, 'Scaf/TestSF': 0.07883586838270651, 'IntDiv': 0.7970685389912535, 'IntDiv2': 0.784184120664587, 'Filters': 0.9852509713741971, 'logP': 0.3013404739492912, 'SA': 0.2614514377169568, 'QED': 0.019714090896352208, 'weight': 20.276738076383914, 'Novelty': 0.8888178232597804}
Epoch: 45:
	Train Loss: 0.385 --- Reconstruction Loss: 0.373 --- KL Loss: 41.450 --- Beta: 0.000276
	Validity: 0.84% --- Uniquene@1000: 0.83% --- Unique@10000: 0.50%

{'valid': 0.7755, 'unique@1000': 0.847, 'unique@10000': 0.5462, 'FCD/Test': 18.54654133698702, 'SNN/Test': 0.6018306654920994, 'Frag/Test': 0.9221175026552602, 'Scaf/Test': 0.1796374686904837, 'FCD/TestSF': 19.21700725720109, 'SNN/TestSF': 0.5381602047688983, 'Frag/TestSF': 0.9134757939381885, 'Scaf/TestSF': 0.050439067576814156, 'IntDiv': 0.8002544062023835, 'IntDiv2': 0.7876457553209465, 'Filters': 0.978508489146787, 'logP': 0.4418719360841757, 'SA': 0.24784410122318148, 'QED': 0.018540501405591877, 'weight': 21.173598861280734, 'Novelty': 0.8935995903737839}
Epoch: 46:
	Train Loss: 0.380 --- Reconstruction Loss: 0.368 --- KL Loss: 40.080 --- Beta: 0.000280
	Validity: 0.78% --- Uniquene@1000: 0.85% --- Unique@10000: 0.55%

{'valid': 0.5993999999999999, 'unique@1000': 0.834, 'unique@10000': 0.5127, 'FCD/Test': 17.283439275842582, 'SNN/Test': 0.602270440384207, 'Frag/Test': 0.9500592916897151, 'Scaf/Test': 0.19901622039705624, 'FCD/TestSF': 17.800349315457325, 'SNN/TestSF': 0.5393324686580393, 'Frag/TestSF': 0.9418757091234278, 'Scaf/TestSF': 0.08815836968118973, 'IntDiv': 0.8033302643920215, 'IntDiv2': 0.7917572921244682, 'Filters': 0.9831498164831498, 'logP': 0.46365807437467416, 'SA': 0.22604287590374963, 'QED': 0.027613434764843, 'weight': 18.960408521498643, 'Novelty': 0.8976184312710329}
Epoch: 47:
	Train Loss: 0.375 --- Reconstruction Loss: 0.364 --- KL Loss: 38.711 --- Beta: 0.000284
	Validity: 0.60% --- Uniquene@1000: 0.83% --- Unique@10000: 0.51%

{'valid': 0.7150666666666667, 'unique@1000': 0.833, 'unique@10000': 0.5425, 'FCD/Test': 17.734718866946366, 'SNN/Test': 0.595954808199359, 'Frag/Test': 0.9255371417300557, 'Scaf/Test': 0.18759880162665354, 'FCD/TestSF': 18.39347042857746, 'SNN/TestSF': 0.5268464001305797, 'Frag/TestSF': 0.9143462215864343, 'Scaf/TestSF': 0.057330857724133044, 'IntDiv': 0.811766085550819, 'IntDiv2': 0.7987737741336896, 'Filters': 0.9710050344956181, 'logP': 0.34707839835415066, 'SA': 0.18923720154845916, 'QED': 0.014232172942768045, 'weight': 26.529329830301815, 'Novelty': 0.8937218770087851}
Epoch: 48:
	Train Loss: 0.370 --- Reconstruction Loss: 0.359 --- KL Loss: 37.455 --- Beta: 0.000288
	Validity: 0.72% --- Uniquene@1000: 0.83% --- Unique@10000: 0.54%

{'valid': 0.6615, 'unique@1000': 0.888, 'unique@10000': 0.5943, 'FCD/Test': 16.560623436474195, 'SNN/Test': 0.5990252268399961, 'Frag/Test': 0.9052790428900255, 'Scaf/Test': 0.22924370590921284, 'FCD/TestSF': 17.474244823061667, 'SNN/TestSF': 0.5236062907202473, 'Frag/TestSF': 0.8944873333413452, 'Scaf/TestSF': 0.03265246651298237, 'IntDiv': 0.8097246257269141, 'IntDiv2': 0.7974902113633044, 'Filters': 0.9862433862433863, 'logP': 0.47733621930964065, 'SA': 0.2315129574713561, 'QED': 0.013995055032542216, 'weight': 23.777602019411958, 'Novelty': 0.8966287571080422}
Epoch: 49:
	Train Loss: 0.365 --- Reconstruction Loss: 0.354 --- KL Loss: 36.671 --- Beta: 0.000292
	Validity: 0.66% --- Uniquene@1000: 0.89% --- Unique@10000: 0.59%

{'valid': 0.6182000000000001, 'unique@1000': 0.876, 'unique@10000': 0.5865, 'FCD/Test': 16.216743113390194, 'SNN/Test': 0.5982126202187235, 'Frag/Test': 0.9465007997925828, 'Scaf/Test': 0.2134944172305382, 'FCD/TestSF': 16.64018575772269, 'SNN/TestSF': 0.5334874275269522, 'Frag/TestSF': 0.9389037842741516, 'Scaf/TestSF': 0.025628847606255167, 'IntDiv': 0.8129415546866443, 'IntDiv2': 0.8012983517223359, 'Filters': 0.9732556885581797, 'logP': 0.49089206674788, 'SA': 0.22558686963217275, 'QED': 0.02306074287567544, 'weight': 24.612889969913816, 'Novelty': 0.8904109589041096}
Epoch: 50:
	Train Loss: 0.359 --- Reconstruction Loss: 0.349 --- KL Loss: 35.540 --- Beta: 0.000296
	Validity: 0.62% --- Uniquene@1000: 0.88% --- Unique@10000: 0.59%

{'valid': 0.6191, 'unique@1000': 0.897, 'unique@10000': 0.654, 'FCD/Test': 15.462262731165339, 'SNN/Test': 0.5890304721650789, 'Frag/Test': 0.9263143749482726, 'Scaf/Test': 0.21914976440886358, 'FCD/TestSF': 16.214802087540278, 'SNN/TestSF': 0.5191118030318509, 'Frag/TestSF': 0.9159315458721571, 'Scaf/TestSF': 0.051014260901088626, 'IntDiv': 0.8175246996881169, 'IntDiv2': 0.8057674169548259, 'Filters': 0.9771173208420826, 'logP': 0.5543776926103972, 'SA': 0.18751622857117217, 'QED': 0.017365187969609678, 'weight': 20.502069502470523, 'Novelty': 0.9051625239005736}
Epoch: 51:
	Train Loss: 0.354 --- Reconstruction Loss: 0.344 --- KL Loss: 34.508 --- Beta: 0.000300
	Validity: 0.62% --- Uniquene@1000: 0.90% --- Unique@10000: 0.65%

{'valid': 0.856, 'unique@1000': 0.95, 'unique@10000': 0.714, 'FCD/Test': 14.65536392618285, 'SNN/Test': 0.5780428170217811, 'Frag/Test': 0.9337155804918102, 'Scaf/Test': 0.21828564763435476, 'FCD/TestSF': 15.41809829759218, 'SNN/TestSF': 0.5128879929767962, 'Frag/TestSF': 0.9236068651602051, 'Scaf/TestSF': 0.051863721062721524, 'IntDiv': 0.8223639873327329, 'IntDiv2': 0.8123129497738979, 'Filters': 0.9748442367601247, 'logP': 0.33170647959817745, 'SA': 0.15934393828227109, 'QED': 0.011833446383128558, 'weight': 25.984738952489096, 'Novelty': 0.8988875645609853}
Epoch: 52:
	Train Loss: 0.350 --- Reconstruction Loss: 0.340 --- KL Loss: 33.609 --- Beta: 0.000304
	Validity: 0.86% --- Uniquene@1000: 0.95% --- Unique@10000: 0.71%

{'valid': 0.8662, 'unique@1000': 0.937, 'unique@10000': 0.7083, 'FCD/Test': 16.245648609833985, 'SNN/Test': 0.5945474360535852, 'Frag/Test': 0.9230214318645684, 'Scaf/Test': 0.21946776947250646, 'FCD/TestSF': 17.153524858497505, 'SNN/TestSF': 0.5211348888945022, 'Frag/TestSF': 0.9109901331060821, 'Scaf/TestSF': 0.061594299496327776, 'IntDiv': 0.8145851124374166, 'IntDiv2': 0.803731762017522, 'Filters': 0.9807588701608558, 'logP': 0.2925982333282054, 'SA': 0.21544403112163982, 'QED': 0.013095198586091625, 'weight': 27.029652324983275, 'Novelty': 0.8893784315054565}
Epoch: 53:
	Train Loss: 0.345 --- Reconstruction Loss: 0.335 --- KL Loss: 32.865 --- Beta: 0.000308
	Validity: 0.87% --- Uniquene@1000: 0.94% --- Unique@10000: 0.71%

{'valid': 0.7924333333333333, 'unique@1000': 0.947, 'unique@10000': 0.7292, 'FCD/Test': 14.623979600380196, 'SNN/Test': 0.5865741419746042, 'Frag/Test': 0.9457252902279618, 'Scaf/Test': 0.2670488902121205, 'FCD/TestSF': 15.427908700163442, 'SNN/TestSF': 0.5136682079378709, 'Frag/TestSF': 0.9350731350468557, 'Scaf/TestSF': 0.04691063035129428, 'IntDiv': 0.8176782808695081, 'IntDiv2': 0.8071150100705751, 'Filters': 0.9762335422538173, 'logP': 0.4300412883695811, 'SA': 0.19025069450450197, 'QED': 0.010315107227919205, 'weight': 23.869929555801868, 'Novelty': 0.9033093122507521}
Epoch: 54:
	Train Loss: 0.340 --- Reconstruction Loss: 0.330 --- KL Loss: 32.082 --- Beta: 0.000312
	Validity: 0.79% --- Uniquene@1000: 0.95% --- Unique@10000: 0.73%

{'valid': 0.8271, 'unique@1000': 0.941, 'unique@10000': 0.728, 'FCD/Test': 15.190961884424922, 'SNN/Test': 0.5874326685979125, 'Frag/Test': 0.9223716294619526, 'Scaf/Test': 0.2568430564267149, 'FCD/TestSF': 16.26320029378764, 'SNN/TestSF': 0.5124726166895904, 'Frag/TestSF': 0.9107019874356358, 'Scaf/TestSF': 0.04361013930403557, 'IntDiv': 0.8176080879439787, 'IntDiv2': 0.8072308728743292, 'Filters': 0.9840406238665216, 'logP': 0.22211834062823235, 'SA': 0.1857850535802203, 'QED': 0.012855411583092134, 'weight': 29.362391545529906, 'Novelty': 0.8924042001909178}
Epoch: 55:
	Train Loss: 0.337 --- Reconstruction Loss: 0.327 --- KL Loss: 31.340 --- Beta: 0.000316
	Validity: 0.83% --- Uniquene@1000: 0.94% --- Unique@10000: 0.73%

{'valid': 0.8761666666666666, 'unique@1000': 0.941, 'unique@10000': 0.7518, 'FCD/Test': 14.591968355975688, 'SNN/Test': 0.5825583610172754, 'Frag/Test': 0.9373433843123112, 'Scaf/Test': 0.25380735871853033, 'FCD/TestSF': 15.487055652465088, 'SNN/TestSF': 0.5081423896090803, 'Frag/TestSF': 0.9259976977938373, 'Scaf/TestSF': 0.06954514246570254, 'IntDiv': 0.8202734599117512, 'IntDiv2': 0.8098077584605392, 'Filters': 0.9823473463952824, 'logP': 0.29019050700077126, 'SA': 0.18366695596699656, 'QED': 0.01010783538877039, 'weight': 29.724889208845116, 'Novelty': 0.8954716748007661}
Epoch: 56:
	Train Loss: 0.333 --- Reconstruction Loss: 0.323 --- KL Loss: 30.842 --- Beta: 0.000320
	Validity: 0.88% --- Uniquene@1000: 0.94% --- Unique@10000: 0.75%

{'valid': 0.7920333333333334, 'unique@1000': 0.938, 'unique@10000': 0.7448, 'FCD/Test': 15.137903803511456, 'SNN/Test': 0.571712694221497, 'Frag/Test': 0.9447005901466177, 'Scaf/Test': 0.2293593921507997, 'FCD/TestSF': 15.68846434374732, 'SNN/TestSF': 0.5143642865278459, 'Frag/TestSF': 0.9371314712080979, 'Scaf/TestSF': 0.06180049472904159, 'IntDiv': 0.8308005719332865, 'IntDiv2': 0.8206508114320352, 'Filters': 0.9744539371238584, 'logP': 0.3855368593661719, 'SA': 0.12935970657633133, 'QED': 0.01875938937254132, 'weight': 29.78122531760577, 'Novelty': 0.901579506238386}
Epoch: 57:
	Train Loss: 0.330 --- Reconstruction Loss: 0.320 --- KL Loss: 30.415 --- Beta: 0.000324
	Validity: 0.79% --- Uniquene@1000: 0.94% --- Unique@10000: 0.74%

{'valid': 0.9115333333333333, 'unique@1000': 0.957, 'unique@10000': 0.7763, 'FCD/Test': 15.27455743117521, 'SNN/Test': 0.577996261880496, 'Frag/Test': 0.9343855151955314, 'Scaf/Test': 0.2483380972341589, 'FCD/TestSF': 16.091991285551785, 'SNN/TestSF': 0.5118051021620942, 'Frag/TestSF': 0.9235322013529371, 'Scaf/TestSF': 0.05072879440922373, 'IntDiv': 0.8257704454320249, 'IntDiv2': 0.8153477970741725, 'Filters': 0.9800702113654648, 'logP': 0.36281705677638565, 'SA': 0.1967107109365079, 'QED': 0.009782542281395263, 'weight': 31.546476362454378, 'Novelty': 0.9050549951558671}
Epoch: 58:
	Train Loss: 0.326 --- Reconstruction Loss: 0.316 --- KL Loss: 29.956 --- Beta: 0.000328
	Validity: 0.91% --- Uniquene@1000: 0.96% --- Unique@10000: 0.78%

{'valid': 0.8869666666666667, 'unique@1000': 0.945, 'unique@10000': 0.7711, 'FCD/Test': 14.96874952925345, 'SNN/Test': 0.5796965044586109, 'Frag/Test': 0.9470259471930605, 'Scaf/Test': 0.2688237954256568, 'FCD/TestSF': 15.643999934092747, 'SNN/TestSF': 0.5222256410218911, 'Frag/TestSF': 0.9379783476299633, 'Scaf/TestSF': 0.05569949168782251, 'IntDiv': 0.828291848565566, 'IntDiv2': 0.8175607048934629, 'Filters': 0.9818106655642828, 'logP': 0.31899074934791266, 'SA': 0.22452458799200803, 'QED': 0.012086537302114723, 'weight': 36.3447696442514, 'Novelty': 0.8951438111417023}
Epoch: 59:
	Train Loss: 0.324 --- Reconstruction Loss: 0.314 --- KL Loss: 29.468 --- Beta: 0.000332
	Validity: 0.89% --- Uniquene@1000: 0.94% --- Unique@10000: 0.77%

slurmstepd: error: *** JOB 8257209 ON hpctpa3pc0041 CANCELLED AT 2024-02-15T10:04:48 ***
