2024-02-15 02:31:21.111818: E external/local_xla/xla/stream_executor/cuda/cuda_dnn.cc:9261] Unable to register cuDNN factory: Attempting to register factory for plugin cuDNN when one has already been registered
2024-02-15 02:31:21.111882: E external/local_xla/xla/stream_executor/cuda/cuda_fft.cc:607] Unable to register cuFFT factory: Attempting to register factory for plugin cuFFT when one has already been registered
2024-02-15 02:31:21.112580: E external/local_xla/xla/stream_executor/cuda/cuda_blas.cc:1515] Unable to register cuBLAS factory: Attempting to register factory for plugin cuBLAS when one has already been registered
2024-02-15 02:31:21.116605: I tensorflow/core/platform/cpu_feature_guard.cc:182] This TensorFlow binary is optimized to use available CPU instructions in performance-critical operations.
To enable the following instructions: AVX2 FMA, in other operations, rebuild TensorFlow with the appropriate compiler flags.
2024-02-15 02:31:21.947815: W tensorflow/compiler/tf2tensorrt/utils/py_utils.cc:38] TF-TRT Warning: Could not find TensorRT

Arguments:
	data_path: data/moses_train.txt
	max_len: 30
	batch: 128
	d_model: 512
	d_latent: 256
	d_ff: 1024
	e_heads: 1
	d_heads: 8
	n_layers: 6
	dropout: 0.5
	lr: 0.0005
	n_epochs: 80
	kl_type: monotonic
	kl_w_start: 0.0001
	kl_w_end: 0.0005
	kl_cycle: 4
	kl_ratio: 0.9
	save_name: klcompare

Number of data: 88192

SMILES Vocab:
	 {'<START>': 0, '<END>': 1, '<PAD>': 2, 'C': 3, 'O': 4, 'c': 5, '1': 6, '(': 7, '=': 8, ')': 9, 'N': 10, 'n': 11, '2': 12, 'F': 13, 'Cl': 14, 'Br': 15, '#': 16, '3': 17, 'S': 18, 'o': 19, '-': 20, 's': 21, '[nH]': 22, '4': 23}

Graph Vocab:
	 {'C': 0, 'O': 1, 'N': 2, 'F': 3, 'Cl': 4, 'Br': 5, 'S': 6}


KL Annealer: [0.0001, 0.000105, 0.00011, 0.000115, 0.00012, 0.000125, 0.00013000000000000002, 0.000135, 0.00014000000000000001, 0.000145, 0.00015000000000000001, 0.000155, 0.00016, 0.000165, 0.00017, 0.00017500000000000003, 0.00018, 0.000185, 0.00019, 0.00019500000000000002, 0.0002, 0.000205, 0.00021, 0.00021500000000000002, 0.00022000000000000003, 0.000225, 0.00023, 0.00023500000000000002, 0.00024000000000000003, 0.000245, 0.00025, 0.000255, 0.00026000000000000003, 0.00026500000000000004, 0.00027, 0.000275, 0.00028000000000000003, 0.00028500000000000004, 0.00029, 0.000295, 0.00030000000000000003, 0.00030500000000000004, 0.00031, 0.000315, 0.00032, 0.00032500000000000004, 0.00033, 0.000335, 0.00034, 0.00034500000000000004, 0.00035, 0.000355, 0.00036, 0.00036500000000000004, 0.00037, 0.000375, 0.00038, 0.00038500000000000003, 0.00039, 0.000395, 0.0004, 0.00040500000000000003, 0.00041, 0.000415, 0.00042, 0.00042500000000000003, 0.00043000000000000004, 0.000435, 0.00044, 0.00044500000000000003, 0.00045000000000000004, 0.000455, 0.00046, 0.000465, 0.00047000000000000004, 0.000475, 0.00048, 0.000485, 0.0004900000000000001, 0.000495]




#########################################################################
######################### START TRAINING ################################
#########################################################################




{'valid': 0.6413, 'unique@1000': 0.816, 'unique@10000': 0.4818, 'FCD/Test': 22.512439039133, 'SNN/Test': 0.6164329358134958, 'Frag/Test': 0.8642559057252133, 'Scaf/Test': 0.25963651965249457, 'FCD/TestSF': 23.6788289847239, 'SNN/TestSF': 0.5203389679583488, 'Frag/TestSF': 0.8525902436932694, 'Scaf/TestSF': 0.02380893137858886, 'IntDiv': 0.7700905811742428, 'IntDiv2': 0.7552777925241508, 'Filters': 0.9863818285773689, 'logP': 0.415151150752012, 'SA': 0.22327712075543132, 'QED': 0.05777667935921597, 'weight': 9.308939450818137, 'Novelty': 0.9297965696051057}
Epoch: 31:
	Train Loss: 0.450 --- Reconstruction Loss: 0.440 --- KL Loss: 40.815 --- Beta: 0.000250
	Validity: 0.64% --- Uniquene@1000: 0.82% --- Unique@10000: 0.48%

{'valid': 0.4335333333333333, 'unique@1000': 0.793, 'unique@10000': 0.4636, 'FCD/Test': 22.36710400978469, 'SNN/Test': 0.594640875265275, 'Frag/Test': 0.8848734615858118, 'Scaf/Test': 0.1339633229164532, 'FCD/TestSF': 23.32218321498307, 'SNN/TestSF': 0.5169708903397154, 'Frag/TestSF': 0.8748511576044861, 'Scaf/TestSF': 0.030160440342038353, 'IntDiv': 0.7807106153743095, 'IntDiv2': 0.7670257668526899, 'Filters': 0.9880824234968476, 'logP': 0.5262753376533158, 'SA': 0.20504607014791232, 'QED': 0.02377877912598582, 'weight': 6.714066854183831, 'Novelty': 0.935210250857246}
Epoch: 32:
	Train Loss: 0.444 --- Reconstruction Loss: 0.434 --- KL Loss: 38.904 --- Beta: 0.000255
	Validity: 0.43% --- Uniquene@1000: 0.79% --- Unique@10000: 0.46%

{'valid': 0.5278666666666667, 'unique@1000': 0.864, 'unique@10000': 0.5374, 'FCD/Test': 21.280220631577166, 'SNN/Test': 0.6023470490237444, 'Frag/Test': 0.9019823462447911, 'Scaf/Test': 0.2402050604510999, 'FCD/TestSF': 22.37003880522316, 'SNN/TestSF': 0.5163780620562048, 'Frag/TestSF': 0.8910045842079314, 'Scaf/TestSF': 0.036292030386340324, 'IntDiv': 0.7815074521946858, 'IntDiv2': 0.7692235623437442, 'Filters': 0.9871811063399848, 'logP': 0.3504431335023773, 'SA': 0.19199843698078556, 'QED': 0.040743534889486725, 'weight': 7.98353217611556, 'Novelty': 0.9361987911349899}
Epoch: 33:
	Train Loss: 0.437 --- Reconstruction Loss: 0.428 --- KL Loss: 37.383 --- Beta: 0.000260
	Validity: 0.53% --- Uniquene@1000: 0.86% --- Unique@10000: 0.54%

{'valid': 0.5894333333333333, 'unique@1000': 0.868, 'unique@10000': 0.5784, 'FCD/Test': 23.7804443413183, 'SNN/Test': 0.5972164246077074, 'Frag/Test': 0.8597020768435828, 'Scaf/Test': 0.2554897685164623, 'FCD/TestSF': 25.12803131282476, 'SNN/TestSF': 0.5137506235692793, 'Frag/TestSF': 0.8470732731568481, 'Scaf/TestSF': 0.02306150003889318, 'IntDiv': 0.7745419551680918, 'IntDiv2': 0.7621791557676755, 'Filters': 0.9792456031216422, 'logP': 0.21724209695935195, 'SA': 0.18778513823163287, 'QED': 0.06279092559012067, 'weight': 10.272535212659891, 'Novelty': 0.9311103392381614}
Epoch: 34:
	Train Loss: 0.432 --- Reconstruction Loss: 0.423 --- KL Loss: 35.910 --- Beta: 0.000265
	Validity: 0.59% --- Uniquene@1000: 0.87% --- Unique@10000: 0.58%

{'valid': 0.5684333333333333, 'unique@1000': 0.879, 'unique@10000': 0.6131, 'FCD/Test': 20.20524513595626, 'SNN/Test': 0.6070158515659195, 'Frag/Test': 0.919054387383131, 'Scaf/Test': 0.33206604543808305, 'FCD/TestSF': 21.333407117920082, 'SNN/TestSF': 0.5287850957591255, 'Frag/TestSF': 0.9092397731701798, 'Scaf/TestSF': 0.033263187071932876, 'IntDiv': 0.7880028447799325, 'IntDiv2': 0.7766436696687471, 'Filters': 0.9834633202369084, 'logP': 0.31224210774503175, 'SA': 0.2583631622145677, 'QED': 0.021067302027485437, 'weight': 14.618051031500821, 'Novelty': 0.9136035535813437}
Epoch: 35:
	Train Loss: 0.426 --- Reconstruction Loss: 0.417 --- KL Loss: 34.979 --- Beta: 0.000270
	Validity: 0.57% --- Uniquene@1000: 0.88% --- Unique@10000: 0.61%

{'valid': 0.5046999999999999, 'unique@1000': 0.885, 'unique@10000': 0.6146, 'FCD/Test': 19.130753330401724, 'SNN/Test': 0.5909716847861556, 'Frag/Test': 0.8910923354800646, 'Scaf/Test': 0.21685640566616826, 'FCD/TestSF': 20.340573873993904, 'SNN/TestSF': 0.5107249512832488, 'Frag/TestSF': 0.8786315364038788, 'Scaf/TestSF': 0.03379675792814629, 'IntDiv': 0.7927717885675172, 'IntDiv2': 0.7820595527884587, 'Filters': 0.9815732118089955, 'logP': 0.1892813354501949, 'SA': 0.1693199295543697, 'QED': 0.03573253385925246, 'weight': 16.309791852846576, 'Novelty': 0.9229106628242075}
Epoch: 36:
	Train Loss: 0.422 --- Reconstruction Loss: 0.413 --- KL Loss: 34.063 --- Beta: 0.000275
	Validity: 0.50% --- Uniquene@1000: 0.89% --- Unique@10000: 0.61%

{'valid': 0.4508333333333333, 'unique@1000': 0.915, 'unique@10000': 0.6745, 'FCD/Test': 19.4371437200168, 'SNN/Test': 0.5797915363587205, 'Frag/Test': 0.9034614354793645, 'Scaf/Test': 0.27311442339755987, 'FCD/TestSF': 20.535699180692788, 'SNN/TestSF': 0.5153355129490057, 'Frag/TestSF': 0.8937767379094367, 'Scaf/TestSF': 0.06630561723944717, 'IntDiv': 0.8043782647279055, 'IntDiv2': 0.793376328725864, 'Filters': 0.9804805914972273, 'logP': 0.2844736053800393, 'SA': 0.15078988429655893, 'QED': 0.021468752346346914, 'weight': 13.12999272452181, 'Novelty': 0.9370004701457452}
Epoch: 37:
	Train Loss: 0.416 --- Reconstruction Loss: 0.407 --- KL Loss: 32.788 --- Beta: 0.000280
	Validity: 0.45% --- Uniquene@1000: 0.92% --- Unique@10000: 0.67%

{'valid': 0.43579999999999997, 'unique@1000': 0.919, 'unique@10000': 0.6885, 'FCD/Test': 17.8925456416028, 'SNN/Test': 0.5838874527517491, 'Frag/Test': 0.9100572176951669, 'Scaf/Test': 0.3040543484190843, 'FCD/TestSF': 18.774030733075165, 'SNN/TestSF': 0.5180481296099343, 'Frag/TestSF': 0.8995451526044173, 'Scaf/TestSF': 0.06798476512937013, 'IntDiv': 0.8026905064240881, 'IntDiv2': 0.7925461799647627, 'Filters': 0.9715465810004589, 'logP': 0.2978234550257562, 'SA': 0.17999521097391288, 'QED': 0.019973152111328732, 'weight': 10.32170489501328, 'Novelty': 0.923447789275635}
Epoch: 38:
	Train Loss: 0.411 --- Reconstruction Loss: 0.402 --- KL Loss: 31.768 --- Beta: 0.000285
	Validity: 0.44% --- Uniquene@1000: 0.92% --- Unique@10000: 0.69%

{'valid': 0.44510000000000005, 'unique@1000': 0.94, 'unique@10000': 0.6854, 'FCD/Test': 19.271048346746, 'SNN/Test': 0.5810912441907817, 'Frag/Test': 0.9136206027058752, 'Scaf/Test': 0.18988242369672337, 'FCD/TestSF': 20.4091248561526, 'SNN/TestSF': 0.5059763903047568, 'Frag/TestSF': 0.9026099770380986, 'Scaf/TestSF': 0.06102541818029206, 'IntDiv': 0.7975328202144302, 'IntDiv2': 0.7870987678446317, 'Filters': 0.9331985321650565, 'logP': 0.27674689864149143, 'SA': 0.15478880581713444, 'QED': 0.030016803345402344, 'weight': 10.954323001958493, 'Novelty': 0.9239738805970149}
Epoch: 39:
	Train Loss: 0.407 --- Reconstruction Loss: 0.398 --- KL Loss: 31.389 --- Beta: 0.000290
	Validity: 0.45% --- Uniquene@1000: 0.94% --- Unique@10000: 0.69%

{'valid': 0.3729, 'unique@1000': 0.932, 'unique@10000': 0.7279, 'FCD/Test': 16.26970818314156, 'SNN/Test': 0.5666561845633069, 'Frag/Test': 0.9133008111554538, 'Scaf/Test': 0.23229582611279986, 'FCD/TestSF': 16.977713190287048, 'SNN/TestSF': 0.49706769848174637, 'Frag/TestSF': 0.9035286084534984, 'Scaf/TestSF': 0.02264425427075223, 'IntDiv': 0.8145462004829298, 'IntDiv2': 0.8028605208206154, 'Filters': 0.9545901492804147, 'logP': 0.35663481468028796, 'SA': 0.12585168449205192, 'QED': 0.04134983414934044, 'weight': 10.721728815530023, 'Novelty': 0.9403096903096904}
Epoch: 40:
	Train Loss: 0.402 --- Reconstruction Loss: 0.393 --- KL Loss: 30.567 --- Beta: 0.000295
	Validity: 0.37% --- Uniquene@1000: 0.93% --- Unique@10000: 0.73%

{'valid': 0.4592666666666667, 'unique@1000': 0.906, 'unique@10000': 0.711, 'FCD/Test': 16.1283929356784, 'SNN/Test': 0.5772317901852861, 'Frag/Test': 0.9405687454653568, 'Scaf/Test': 0.23383386601215017, 'FCD/TestSF': 16.90292828278777, 'SNN/TestSF': 0.513548931817753, 'Frag/TestSF': 0.9328153120763727, 'Scaf/TestSF': 0.028292578968868054, 'IntDiv': 0.8132186584652843, 'IntDiv2': 0.8031571871247288, 'Filters': 0.9745971839163885, 'logP': 0.2660956420624412, 'SA': 0.13510584659559652, 'QED': 0.017388735720825034, 'weight': 15.496366599098153, 'Novelty': 0.9245834235014067}
Epoch: 41:
	Train Loss: 0.397 --- Reconstruction Loss: 0.388 --- KL Loss: 30.059 --- Beta: 0.000300
	Validity: 0.46% --- Uniquene@1000: 0.91% --- Unique@10000: 0.71%

{'valid': 0.38449999999999995, 'unique@1000': 0.93, 'unique@10000': 0.7311, 'FCD/Test': 16.19024494350427, 'SNN/Test': 0.555306680930038, 'Frag/Test': 0.9450447903713588, 'Scaf/Test': 0.17684870632078553, 'FCD/TestSF': 16.835473548441854, 'SNN/TestSF': 0.5037358023371591, 'Frag/TestSF': 0.9357423002944509, 'Scaf/TestSF': 0.06935353191865412, 'IntDiv': 0.8204267921686509, 'IntDiv2': 0.8102606072819691, 'Filters': 0.953012570437798, 'logP': 0.2564659661240525, 'SA': 0.08753766104207106, 'QED': 0.018662200452454304, 'weight': 17.781403902998044, 'Novelty': 0.9417062188146526}
Epoch: 42:
	Train Loss: 0.392 --- Reconstruction Loss: 0.384 --- KL Loss: 29.165 --- Beta: 0.000305
	Validity: 0.38% --- Uniquene@1000: 0.93% --- Unique@10000: 0.73%

{'valid': 0.45740000000000003, 'unique@1000': 0.942, 'unique@10000': 0.7577, 'FCD/Test': 17.2765492052298, 'SNN/Test': 0.5636496966007829, 'Frag/Test': 0.9116210545053542, 'Scaf/Test': 0.25113737725253416, 'FCD/TestSF': 18.357815304163736, 'SNN/TestSF': 0.4932935027745788, 'Frag/TestSF': 0.901122885518947, 'Scaf/TestSF': 0.04881581539925961, 'IntDiv': 0.811069543743999, 'IntDiv2': 0.8006731963557998, 'Filters': 0.975003643783705, 'logP': 0.3046683171759629, 'SA': 0.06362876780102793, 'QED': 0.03293888846550476, 'weight': 13.72572981037508, 'Novelty': 0.9368689444161142}
Epoch: 43:
	Train Loss: 0.388 --- Reconstruction Loss: 0.379 --- KL Loss: 28.709 --- Beta: 0.000310
	Validity: 0.46% --- Uniquene@1000: 0.94% --- Unique@10000: 0.76%

{'valid': 0.5161666666666667, 'unique@1000': 0.954, 'unique@10000': 0.7722, 'FCD/Test': 15.948455133795335, 'SNN/Test': 0.557861254524715, 'Frag/Test': 0.9328443927952462, 'Scaf/Test': 0.2639376881302604, 'FCD/TestSF': 16.994640065301297, 'SNN/TestSF': 0.49301986241479206, 'Frag/TestSF': 0.922286378586406, 'Scaf/TestSF': 0.03337015530995158, 'IntDiv': 0.8237895970532323, 'IntDiv2': 0.8136908176998874, 'Filters': 0.9681627381336777, 'logP': 0.2042812544672076, 'SA': 0.07901705956726704, 'QED': 0.01062630066978095, 'weight': 21.76230027510782, 'Novelty': 0.9350183741149054}
Epoch: 44:
	Train Loss: 0.384 --- Reconstruction Loss: 0.375 --- KL Loss: 28.223 --- Beta: 0.000315
	Validity: 0.52% --- Uniquene@1000: 0.95% --- Unique@10000: 0.77%

{'valid': 0.49573333333333336, 'unique@1000': 0.941, 'unique@10000': 0.756, 'FCD/Test': 15.676547349680462, 'SNN/Test': 0.5654415945037037, 'Frag/Test': 0.9253883990036103, 'Scaf/Test': 0.22803605250370895, 'FCD/TestSF': 16.675748223915278, 'SNN/TestSF': 0.4964084719328261, 'Frag/TestSF': 0.9148067184157519, 'Scaf/TestSF': 0.02757024202288294, 'IntDiv': 0.8218374060107054, 'IntDiv2': 0.8114239434339237, 'Filters': 0.9593867670790748, 'logP': 0.17151847220787778, 'SA': 0.07640723045671119, 'QED': 0.007310092379490763, 'weight': 21.74948573259609, 'Novelty': 0.9269647058823529}
Epoch: 45:
	Train Loss: 0.380 --- Reconstruction Loss: 0.371 --- KL Loss: 27.801 --- Beta: 0.000320
	Validity: 0.50% --- Uniquene@1000: 0.94% --- Unique@10000: 0.76%

{'valid': 0.4162666666666667, 'unique@1000': 0.959, 'unique@10000': 0.7972, 'FCD/Test': 15.813401937250553, 'SNN/Test': 0.5447893849252452, 'Frag/Test': 0.9200113245280434, 'Scaf/Test': 0.18688618376774369, 'FCD/TestSF': 16.756860474946137, 'SNN/TestSF': 0.47966992179937734, 'Frag/TestSF': 0.9096047994815016, 'Scaf/TestSF': 0.06917197971252409, 'IntDiv': 0.8268770302476184, 'IntDiv2': 0.8166260249531637, 'Filters': 0.9472293401665599, 'logP': 0.2968796096609824, 'SA': 0.04429360125805162, 'QED': 0.02246162519497578, 'weight': 17.07203368352923, 'Novelty': 0.9403959780242562}
Epoch: 46:
	Train Loss: 0.376 --- Reconstruction Loss: 0.368 --- KL Loss: 27.246 --- Beta: 0.000325
	Validity: 0.42% --- Uniquene@1000: 0.96% --- Unique@10000: 0.80%

{'valid': 0.5877666666666667, 'unique@1000': 0.964, 'unique@10000': 0.8326, 'FCD/Test': 16.150447371811836, 'SNN/Test': 0.5392762033110041, 'Frag/Test': 0.9060486402062106, 'Scaf/Test': 0.1768683110667657, 'FCD/TestSF': 17.113001506426627, 'SNN/TestSF': 0.4773394465108443, 'Frag/TestSF': 0.895697470088915, 'Scaf/TestSF': 0.0449937252700402, 'IntDiv': 0.8217377029462992, 'IntDiv2': 0.8117228836070407, 'Filters': 0.9545170986219021, 'logP': 0.18374531093388324, 'SA': 0.019478662269238195, 'QED': 0.044936894998632605, 'weight': 17.64569672708884, 'Novelty': 0.9534900916888495}
Epoch: 47:
	Train Loss: 0.373 --- Reconstruction Loss: 0.364 --- KL Loss: 27.060 --- Beta: 0.000330
	Validity: 0.59% --- Uniquene@1000: 0.96% --- Unique@10000: 0.83%

{'valid': 0.4861, 'unique@1000': 0.958, 'unique@10000': 0.8204, 'FCD/Test': 15.590777226628134, 'SNN/Test': 0.5557025250864643, 'Frag/Test': 0.915153648947919, 'Scaf/Test': 0.1942927925895115, 'FCD/TestSF': 16.30336795698078, 'SNN/TestSF': 0.497900584417958, 'Frag/TestSF': 0.9051487907095908, 'Scaf/TestSF': 0.03157412000664128, 'IntDiv': 0.827960635634102, 'IntDiv2': 0.8178524228657313, 'Filters': 0.9650277720633614, 'logP': 0.23207279109073403, 'SA': 0.0755589553879163, 'QED': 0.014263543861438034, 'weight': 22.056915593328174, 'Novelty': 0.9257822829440282}
Epoch: 48:
	Train Loss: 0.369 --- Reconstruction Loss: 0.360 --- KL Loss: 26.732 --- Beta: 0.000335
	Validity: 0.49% --- Uniquene@1000: 0.96% --- Unique@10000: 0.82%

{'valid': 0.3419, 'unique@1000': 0.976, 'unique@10000': 0.8364, 'FCD/Test': 15.811040542291288, 'SNN/Test': 0.5188328145240568, 'Frag/Test': 0.9089182058475868, 'Scaf/Test': 0.19105145009212743, 'FCD/TestSF': 16.708976756933914, 'SNN/TestSF': 0.46289562242409055, 'Frag/TestSF': 0.8979342991934638, 'Scaf/TestSF': 0.02932594764395524, 'IntDiv': 0.8329552675462588, 'IntDiv2': 0.8231766835979633, 'Filters': 0.9457931168957785, 'logP': 0.1638491100725897, 'SA': 0.06791522786393131, 'QED': 0.03531036829694732, 'weight': 26.29509090199255, 'Novelty': 0.9544392523364486}
Epoch: 49:
	Train Loss: 0.366 --- Reconstruction Loss: 0.357 --- KL Loss: 26.394 --- Beta: 0.000340
	Validity: 0.34% --- Uniquene@1000: 0.98% --- Unique@10000: 0.84%

{'valid': 0.5251666666666667, 'unique@1000': 0.963, 'unique@10000': 0.8231, 'FCD/Test': 15.344342801979842, 'SNN/Test': 0.5740074593787797, 'Frag/Test': 0.9241699008606051, 'Scaf/Test': 0.2060941265775651, 'FCD/TestSF': 16.328443653584557, 'SNN/TestSF': 0.49938579044316317, 'Frag/TestSF': 0.9120079184013148, 'Scaf/TestSF': 0.043439838157089405, 'IntDiv': 0.8211624737186632, 'IntDiv2': 0.8108755738689565, 'Filters': 0.9667407172326246, 'logP': 0.19634133878151422, 'SA': 0.14420078477293982, 'QED': 0.015562322261909704, 'weight': 27.825152129201843, 'Novelty': 0.9190879907811342}
Epoch: 50:
	Train Loss: 0.363 --- Reconstruction Loss: 0.354 --- KL Loss: 26.007 --- Beta: 0.000345
	Validity: 0.53% --- Uniquene@1000: 0.96% --- Unique@10000: 0.82%

{'valid': 0.49306666666666665, 'unique@1000': 0.975, 'unique@10000': 0.8523, 'FCD/Test': 14.70109544712058, 'SNN/Test': 0.5438736346084373, 'Frag/Test': 0.9125836776038247, 'Scaf/Test': 0.217732278819474, 'FCD/TestSF': 15.59024865026727, 'SNN/TestSF': 0.49097941250511606, 'Frag/TestSF': 0.9018636659187058, 'Scaf/TestSF': 0.05425912963634194, 'IntDiv': 0.8310608886005691, 'IntDiv2': 0.8213680927923273, 'Filters': 0.9641022174148188, 'logP': 0.16536630250822942, 'SA': 0.030205759265017642, 'QED': 0.021152530893939148, 'weight': 23.388856161234695, 'Novelty': 0.9402146985962014}
Epoch: 51:
	Train Loss: 0.360 --- Reconstruction Loss: 0.351 --- KL Loss: 25.708 --- Beta: 0.000350
	Validity: 0.49% --- Uniquene@1000: 0.97% --- Unique@10000: 0.85%

{'valid': 0.5022333333333333, 'unique@1000': 0.981, 'unique@10000': 0.8682, 'FCD/Test': 14.384014057551198, 'SNN/Test': 0.5373864395463206, 'Frag/Test': 0.919288032120031, 'Scaf/Test': 0.19659352796655172, 'FCD/TestSF': 15.43076160705516, 'SNN/TestSF': 0.47358355608415753, 'Frag/TestSF': 0.9068107904732852, 'Scaf/TestSF': 0.04495188481780166, 'IntDiv': 0.8275703032586688, 'IntDiv2': 0.8177643786668711, 'Filters': 0.9499568593615185, 'logP': 0.12282685517004484, 'SA': 0.009993103126224747, 'QED': 0.03876661883510402, 'weight': 24.122388376946642, 'Novelty': 0.9474316852311884}
Epoch: 52:
	Train Loss: 0.358 --- Reconstruction Loss: 0.349 --- KL Loss: 25.541 --- Beta: 0.000355
	Validity: 0.50% --- Uniquene@1000: 0.98% --- Unique@10000: 0.87%

{'valid': 0.4613333333333334, 'unique@1000': 0.975, 'unique@10000': 0.8496, 'FCD/Test': 14.493145228406846, 'SNN/Test': 0.5462657754637861, 'Frag/Test': 0.9229213692379709, 'Scaf/Test': 0.21236182816910354, 'FCD/TestSF': 15.360169834099324, 'SNN/TestSF': 0.48389917495041396, 'Frag/TestSF': 0.9118651042915135, 'Scaf/TestSF': 0.04627383938548402, 'IntDiv': 0.8295814663639182, 'IntDiv2': 0.8197646998685404, 'Filters': 0.9520231213872833, 'logP': 0.15349907515875663, 'SA': 0.05073659475024886, 'QED': 0.023839506477704844, 'weight': 26.09085375274511, 'Novelty': 0.933852140077821}
Epoch: 53:
	Train Loss: 0.355 --- Reconstruction Loss: 0.346 --- KL Loss: 25.128 --- Beta: 0.000360
	Validity: 0.46% --- Uniquene@1000: 0.97% --- Unique@10000: 0.85%

{'valid': 0.5115333333333334, 'unique@1000': 0.979, 'unique@10000': 0.873, 'FCD/Test': 13.691225460162954, 'SNN/Test': 0.5276035324144935, 'Frag/Test': 0.9420421763128776, 'Scaf/Test': 0.2066112671474869, 'FCD/TestSF': 14.379921200827297, 'SNN/TestSF': 0.4793967646808228, 'Frag/TestSF': 0.9337149345876397, 'Scaf/TestSF': 0.047031652418972225, 'IntDiv': 0.8433357619315216, 'IntDiv2': 0.8341722811360517, 'Filters': 0.9444154828619836, 'logP': 0.18409751258053014, 'SA': 0.025585496477627045, 'QED': 0.007648154353805859, 'weight': 30.703602121768554, 'Novelty': 0.9466261492909459}
Epoch: 54:
	Train Loss: 0.351 --- Reconstruction Loss: 0.342 --- KL Loss: 24.994 --- Beta: 0.000365
	Validity: 0.51% --- Uniquene@1000: 0.98% --- Unique@10000: 0.87%

{'valid': 0.4937666666666667, 'unique@1000': 0.979, 'unique@10000': 0.8654, 'FCD/Test': 14.293221135075797, 'SNN/Test': 0.5381723014665617, 'Frag/Test': 0.9316284976624807, 'Scaf/Test': 0.24750093863990452, 'FCD/TestSF': 15.061828075511173, 'SNN/TestSF': 0.48239677281549664, 'Frag/TestSF': 0.9223253811887717, 'Scaf/TestSF': 0.047325150980841446, 'IntDiv': 0.837892916621975, 'IntDiv2': 0.8284741185151989, 'Filters': 0.9503814217241612, 'logP': 0.24108469250009582, 'SA': 0.022867104282132723, 'QED': 0.009912708003620523, 'weight': 26.628503525507593, 'Novelty': 0.9358743661050221}
Epoch: 55:
	Train Loss: 0.349 --- Reconstruction Loss: 0.340 --- KL Loss: 24.831 --- Beta: 0.000370
	Validity: 0.49% --- Uniquene@1000: 0.98% --- Unique@10000: 0.87%

{'valid': 0.5321333333333333, 'unique@1000': 0.972, 'unique@10000': 0.8745, 'FCD/Test': 14.000971077272666, 'SNN/Test': 0.5299565595000856, 'Frag/Test': 0.9435240502092096, 'Scaf/Test': 0.26346399535661935, 'FCD/TestSF': 14.891266896841316, 'SNN/TestSF': 0.47637797995703585, 'Frag/TestSF': 0.933934339141357, 'Scaf/TestSF': 0.027331588319765454, 'IntDiv': 0.8447665913489351, 'IntDiv2': 0.8349799430262396, 'Filters': 0.9591581057379103, 'logP': 0.18128206816664227, 'SA': 0.05299026392216301, 'QED': 0.013851832486763577, 'weight': 36.86757858632037, 'Novelty': 0.9443774495025625}
Epoch: 56:
	Train Loss: 0.346 --- Reconstruction Loss: 0.337 --- KL Loss: 24.564 --- Beta: 0.000375
	Validity: 0.53% --- Uniquene@1000: 0.97% --- Unique@10000: 0.87%

{'valid': 0.5728, 'unique@1000': 0.973, 'unique@10000': 0.8538, 'FCD/Test': 14.027726321342257, 'SNN/Test': 0.5396091992094475, 'Frag/Test': 0.9294257933544617, 'Scaf/Test': 0.23505038218732954, 'FCD/TestSF': 14.670786338247623, 'SNN/TestSF': 0.4887163714857796, 'Frag/TestSF': 0.919505519192052, 'Scaf/TestSF': 0.05227991931363629, 'IntDiv': 0.8375368832211421, 'IntDiv2': 0.8279607959209032, 'Filters': 0.9518156424581006, 'logP': 0.19574497451263798, 'SA': 0.05684133550379824, 'QED': 0.008258514299065978, 'weight': 31.983520637991248, 'Novelty': 0.9413502413718567}
Epoch: 57:
	Train Loss: 0.344 --- Reconstruction Loss: 0.335 --- KL Loss: 24.307 --- Beta: 0.000380
	Validity: 0.57% --- Uniquene@1000: 0.97% --- Unique@10000: 0.85%

{'valid': 0.5634, 'unique@1000': 0.985, 'unique@10000': 0.8687, 'FCD/Test': 14.559731959650911, 'SNN/Test': 0.537442806532906, 'Frag/Test': 0.9226719604347665, 'Scaf/Test': 0.22686591763079156, 'FCD/TestSF': 15.522883591344574, 'SNN/TestSF': 0.4781432328691724, 'Frag/TestSF': 0.911936639591174, 'Scaf/TestSF': 0.03805384700740633, 'IntDiv': 0.8322746296207235, 'IntDiv2': 0.8224872016890679, 'Filters': 0.9425511773754586, 'logP': 0.1630397447715462, 'SA': 0.02502920553428372, 'QED': 0.017511406016041082, 'weight': 26.477149588591086, 'Novelty': 0.9437918858542913}
Epoch: 58:
	Train Loss: 0.341 --- Reconstruction Loss: 0.332 --- KL Loss: 24.079 --- Beta: 0.000385
	Validity: 0.56% --- Uniquene@1000: 0.98% --- Unique@10000: 0.87%

{'valid': 0.5153333333333333, 'unique@1000': 0.98, 'unique@10000': 0.8693, 'FCD/Test': 14.1432647244429, 'SNN/Test': 0.5339798074365047, 'Frag/Test': 0.9289085368827376, 'Scaf/Test': 0.21228509081326474, 'FCD/TestSF': 14.806539329143234, 'SNN/TestSF': 0.48233350431510424, 'Frag/TestSF': 0.9211493886675257, 'Scaf/TestSF': 0.036431081925698106, 'IntDiv': 0.839154099577741, 'IntDiv2': 0.8295777183095068, 'Filters': 0.9717335058214748, 'logP': 0.2114256580319245, 'SA': 0.02104300472027662, 'QED': 0.013501229247393092, 'weight': 28.932382971872773, 'Novelty': 0.9442847152070868}
Epoch: 59:
	Train Loss: 0.339 --- Reconstruction Loss: 0.330 --- KL Loss: 23.917 --- Beta: 0.000390
	Validity: 0.52% --- Uniquene@1000: 0.98% --- Unique@10000: 0.87%

{'valid': 0.4214, 'unique@1000': 0.977, 'unique@10000': 0.8705, 'FCD/Test': 13.407224220020403, 'SNN/Test': 0.521919517022459, 'Frag/Test': 0.9201129345616941, 'Scaf/Test': 0.24965083698895096, 'FCD/TestSF': 14.14938900435061, 'SNN/TestSF': 0.47177252979774376, 'Frag/TestSF': 0.9104499543930155, 'Scaf/TestSF': 0.025298092862969357, 'IntDiv': 0.8481490030725195, 'IntDiv2': 0.837849549430161, 'Filters': 0.960765701629489, 'logP': 0.1662087664466744, 'SA': 0.05221772815251727, 'QED': 0.00812305749914673, 'weight': 30.462686463680686, 'Novelty': 0.9462205238139622}
Epoch: 60:
	Train Loss: 0.337 --- Reconstruction Loss: 0.328 --- KL Loss: 23.773 --- Beta: 0.000395
	Validity: 0.42% --- Uniquene@1000: 0.98% --- Unique@10000: 0.87%

{'valid': 0.4953666666666666, 'unique@1000': 0.969, 'unique@10000': 0.8516, 'FCD/Test': 13.491753258335422, 'SNN/Test': 0.5332224929068421, 'Frag/Test': 0.9277177055915, 'Scaf/Test': 0.18200475992748122, 'FCD/TestSF': 14.206408331257933, 'SNN/TestSF': 0.4832011426313754, 'Frag/TestSF': 0.9187996201473596, 'Scaf/TestSF': 0.03463250358996928, 'IntDiv': 0.8421347636565705, 'IntDiv2': 0.8323593740502269, 'Filters': 0.9539734876522441, 'logP': 0.1861344591866602, 'SA': 0.027349251275753685, 'QED': 0.011703082128889907, 'weight': 28.967810960690002, 'Novelty': 0.938782236137431}
Epoch: 61:
	Train Loss: 0.335 --- Reconstruction Loss: 0.326 --- KL Loss: 23.557 --- Beta: 0.000400
	Validity: 0.50% --- Uniquene@1000: 0.97% --- Unique@10000: 0.85%

{'valid': 0.48606666666666665, 'unique@1000': 0.978, 'unique@10000': 0.8754, 'FCD/Test': 13.41224816989218, 'SNN/Test': 0.527020705019499, 'Frag/Test': 0.9247330470410718, 'Scaf/Test': 0.20997064923908515, 'FCD/TestSF': 14.091681497999929, 'SNN/TestSF': 0.4763722212980304, 'Frag/TestSF': 0.9158507683246576, 'Scaf/TestSF': 0.03770048295886674, 'IntDiv': 0.8468416804687504, 'IntDiv2': 0.8368507190319361, 'Filters': 0.9559045398436429, 'logP': 0.1666725526753524, 'SA': 0.02646219640958004, 'QED': 0.00847914337710385, 'weight': 34.95077496956524, 'Novelty': 0.9440468445022772}
Epoch: 62:
	Train Loss: 0.334 --- Reconstruction Loss: 0.324 --- KL Loss: 23.276 --- Beta: 0.000405
	Validity: 0.49% --- Uniquene@1000: 0.98% --- Unique@10000: 0.88%

{'valid': 0.613, 'unique@1000': 0.981, 'unique@10000': 0.8856, 'FCD/Test': 13.595012862907858, 'SNN/Test': 0.5422083631563018, 'Frag/Test': 0.9293613937062383, 'Scaf/Test': 0.25878543732132964, 'FCD/TestSF': 14.409914593518089, 'SNN/TestSF': 0.4875767264290307, 'Frag/TestSF': 0.9200941882045353, 'Scaf/TestSF': 0.07156836554957313, 'IntDiv': 0.834338632490734, 'IntDiv2': 0.8249843349678408, 'Filters': 0.9640565524741708, 'logP': 0.21982948526132268, 'SA': 0.031054974490566822, 'QED': 0.013417573038423421, 'weight': 25.026839902417475, 'Novelty': 0.9419060052219321}
Epoch: 63:
	Train Loss: 0.331 --- Reconstruction Loss: 0.322 --- KL Loss: 23.128 --- Beta: 0.000410
	Validity: 0.61% --- Uniquene@1000: 0.98% --- Unique@10000: 0.89%

{'valid': 0.6369333333333334, 'unique@1000': 0.988, 'unique@10000': 0.9196, 'FCD/Test': 12.828183040095894, 'SNN/Test': 0.5360522033279789, 'Frag/Test': 0.9230091080120748, 'Scaf/Test': 0.2626074418315123, 'FCD/TestSF': 13.56969172788876, 'SNN/TestSF': 0.48639662502427494, 'Frag/TestSF': 0.9138091232254014, 'Scaf/TestSF': 0.054982345310893965, 'IntDiv': 0.8461927963935955, 'IntDiv2': 0.8370825180944065, 'Filters': 0.9643604772870003, 'logP': 0.17625375112018954, 'SA': 0.01569390332657629, 'QED': 0.010525388957157506, 'weight': 30.83065732854302, 'Novelty': 0.9383495729580176}
Epoch: 64:
	Train Loss: 0.329 --- Reconstruction Loss: 0.320 --- KL Loss: 22.971 --- Beta: 0.000415
	Validity: 0.64% --- Uniquene@1000: 0.99% --- Unique@10000: 0.92%

{'valid': 0.5969666666666666, 'unique@1000': 0.991, 'unique@10000': 0.8897, 'FCD/Test': 14.421742426608425, 'SNN/Test': 0.5407385852877848, 'Frag/Test': 0.9219728052335636, 'Scaf/Test': 0.268308539505024, 'FCD/TestSF': 15.248630103539007, 'SNN/TestSF': 0.4830046870957215, 'Frag/TestSF': 0.9126696041179555, 'Scaf/TestSF': 0.05164346533552111, 'IntDiv': 0.8402380731501738, 'IntDiv2': 0.8302083814070464, 'Filters': 0.9659389133954994, 'logP': 0.16676928572806538, 'SA': 0.05128476728891216, 'QED': 0.011003027267505773, 'weight': 30.132044730361724, 'Novelty': 0.9391882900864936}
Epoch: 65:
	Train Loss: 0.328 --- Reconstruction Loss: 0.318 --- KL Loss: 22.846 --- Beta: 0.000420
	Validity: 0.60% --- Uniquene@1000: 0.99% --- Unique@10000: 0.89%

{'valid': 0.6065666666666667, 'unique@1000': 0.981, 'unique@10000': 0.9058, 'FCD/Test': 12.78253833149396, 'SNN/Test': 0.532986213653279, 'Frag/Test': 0.9030377434108393, 'Scaf/Test': 0.25725316009922183, 'FCD/TestSF': 13.577495090911953, 'SNN/TestSF': 0.47934039860215366, 'Frag/TestSF': 0.894023946701163, 'Scaf/TestSF': 0.048362285968547414, 'IntDiv': 0.8460812173824231, 'IntDiv2': 0.836756476932296, 'Filters': 0.9724130351156784, 'logP': 0.15003863136272685, 'SA': 0.01574585286060079, 'QED': 0.009765447830530792, 'weight': 31.442253823932145, 'Novelty': 0.9384763124199744}
Epoch: 66:
	Train Loss: 0.325 --- Reconstruction Loss: 0.316 --- KL Loss: 22.742 --- Beta: 0.000425
	Validity: 0.61% --- Uniquene@1000: 0.98% --- Unique@10000: 0.91%

{'valid': 0.5659000000000001, 'unique@1000': 0.988, 'unique@10000': 0.9208, 'FCD/Test': 13.737710542767331, 'SNN/Test': 0.5254882028065379, 'Frag/Test': 0.9141928087340373, 'Scaf/Test': 0.2747219390068454, 'FCD/TestSF': 14.385739958066026, 'SNN/TestSF': 0.4755946996030913, 'Frag/TestSF': 0.9062952245730171, 'Scaf/TestSF': 0.0741360690096261, 'IntDiv': 0.8450200279301531, 'IntDiv2': 0.8358067846581194, 'Filters': 0.9706072922188844, 'logP': 0.2293462567488263, 'SA': 0.015836854967391463, 'QED': 0.021498058068382588, 'weight': 26.309542140383847, 'Novelty': 0.9487025548662531}
Epoch: 67:
	Train Loss: 0.324 --- Reconstruction Loss: 0.314 --- KL Loss: 22.417 --- Beta: 0.000430
	Validity: 0.57% --- Uniquene@1000: 0.99% --- Unique@10000: 0.92%

{'valid': 0.6529333333333334, 'unique@1000': 0.983, 'unique@10000': 0.9053, 'FCD/Test': 13.213327843577353, 'SNN/Test': 0.5425985212300307, 'Frag/Test': 0.9357701399197615, 'Scaf/Test': 0.3032038301110678, 'FCD/TestSF': 13.903388408545126, 'SNN/TestSF': 0.4906593882321873, 'Frag/TestSF': 0.9276257013069507, 'Scaf/TestSF': 0.055400027269644436, 'IntDiv': 0.8431701507188866, 'IntDiv2': 0.8334206571934277, 'Filters': 0.9588523585868899, 'logP': 0.20221514401509982, 'SA': 0.04273035520549659, 'QED': 0.013646204459619669, 'weight': 25.088909447471632, 'Novelty': 0.9316162343900096}
Epoch: 68:
	Train Loss: 0.322 --- Reconstruction Loss: 0.312 --- KL Loss: 22.498 --- Beta: 0.000435
	Validity: 0.65% --- Uniquene@1000: 0.98% --- Unique@10000: 0.91%

{'valid': 0.5589999999999999, 'unique@1000': 0.974, 'unique@10000': 0.9, 'FCD/Test': 14.963401159190866, 'SNN/Test': 0.5322490887542033, 'Frag/Test': 0.8953069543467637, 'Scaf/Test': 0.27160541696261564, 'FCD/TestSF': 15.713911877809878, 'SNN/TestSF': 0.4764934224027143, 'Frag/TestSF': 0.8865990102190076, 'Scaf/TestSF': 0.048113009291895215, 'IntDiv': 0.8422973161400374, 'IntDiv2': 0.8323474579606673, 'Filters': 0.9658318425760286, 'logP': 0.14231807492676235, 'SA': 0.037496638195952905, 'QED': 0.015047865378998224, 'weight': 30.24270308158912, 'Novelty': 0.9446213484701648}
Epoch: 69:
	Train Loss: 0.321 --- Reconstruction Loss: 0.311 --- KL Loss: 22.290 --- Beta: 0.000440
	Validity: 0.56% --- Uniquene@1000: 0.97% --- Unique@10000: 0.90%

{'valid': 0.5906666666666667, 'unique@1000': 0.986, 'unique@10000': 0.9068, 'FCD/Test': 13.664234741106796, 'SNN/Test': 0.5273504389840984, 'Frag/Test': 0.9252419078497728, 'Scaf/Test': 0.23198852227632294, 'FCD/TestSF': 14.297549749118382, 'SNN/TestSF': 0.4778619944216772, 'Frag/TestSF': 0.9159528762668134, 'Scaf/TestSF': 0.04156094487677775, 'IntDiv': 0.8467876985848679, 'IntDiv2': 0.8369186339914746, 'Filters': 0.9668171557562076, 'logP': 0.18028285195005483, 'SA': 0.01869657099186449, 'QED': 0.014816812585950708, 'weight': 28.101142362033666, 'Novelty': 0.9483580335574852}
Epoch: 70:
	Train Loss: 0.319 --- Reconstruction Loss: 0.309 --- KL Loss: 22.086 --- Beta: 0.000445
	Validity: 0.59% --- Uniquene@1000: 0.99% --- Unique@10000: 0.91%

{'valid': 0.6724333333333333, 'unique@1000': 0.991, 'unique@10000': 0.9129, 'FCD/Test': 12.963215381373438, 'SNN/Test': 0.5403926813897324, 'Frag/Test': 0.9127463377060321, 'Scaf/Test': 0.30336759057681373, 'FCD/TestSF': 13.5375980627135, 'SNN/TestSF': 0.4938141100556626, 'Frag/TestSF': 0.9051056134266862, 'Scaf/TestSF': 0.06628486515036114, 'IntDiv': 0.8468744453361876, 'IntDiv2': 0.8372843487677144, 'Filters': 0.9639121598175779, 'logP': 0.29825846394744915, 'SA': 0.04654555493694648, 'QED': 0.01595097286638366, 'weight': 27.305809619175673, 'Novelty': 0.9326867567255513}
Epoch: 71:
	Train Loss: 0.318 --- Reconstruction Loss: 0.308 --- KL Loss: 21.986 --- Beta: 0.000450
	Validity: 0.67% --- Uniquene@1000: 0.99% --- Unique@10000: 0.91%

{'valid': 0.7287666666666667, 'unique@1000': 0.983, 'unique@10000': 0.9139, 'FCD/Test': 13.626837921231797, 'SNN/Test': 0.541068905923344, 'Frag/Test': 0.9133709477581241, 'Scaf/Test': 0.2958689018006371, 'FCD/TestSF': 14.429081664699147, 'SNN/TestSF': 0.4880702278120097, 'Frag/TestSF': 0.9061262108151372, 'Scaf/TestSF': 0.048700185781662464, 'IntDiv': 0.8446139681859874, 'IntDiv2': 0.8352657436391828, 'Filters': 0.9750720395188217, 'logP': 0.30522633858972675, 'SA': 0.05727327135728851, 'QED': 0.015768644807015734, 'weight': 28.174222285500736, 'Novelty': 0.9332652732255118}
Epoch: 72:
	Train Loss: 0.316 --- Reconstruction Loss: 0.306 --- KL Loss: 21.884 --- Beta: 0.000455
	Validity: 0.73% --- Uniquene@1000: 0.98% --- Unique@10000: 0.91%

{'valid': 0.5121333333333333, 'unique@1000': 0.985, 'unique@10000': 0.9025, 'FCD/Test': 13.611201944113517, 'SNN/Test': 0.5208369765835127, 'Frag/Test': 0.910739115871381, 'Scaf/Test': 0.2245363758276887, 'FCD/TestSF': 14.26732309767528, 'SNN/TestSF': 0.47237702184913216, 'Frag/TestSF': 0.9018563629445021, 'Scaf/TestSF': 0.03816869602216655, 'IntDiv': 0.849715977972087, 'IntDiv2': 0.8397308724862835, 'Filters': 0.9575631346003645, 'logP': 0.1689857378407768, 'SA': 0.041431270575871086, 'QED': 0.019266262924189047, 'weight': 31.257065013259364, 'Novelty': 0.9477265928806461}
Epoch: 73:
	Train Loss: 0.314 --- Reconstruction Loss: 0.304 --- KL Loss: 21.753 --- Beta: 0.000460
	Validity: 0.51% --- Uniquene@1000: 0.98% --- Unique@10000: 0.90%

{'valid': 0.5129666666666667, 'unique@1000': 0.987, 'unique@10000': 0.9136, 'FCD/Test': 13.160403403467669, 'SNN/Test': 0.5265425901151446, 'Frag/Test': 0.8917781730865706, 'Scaf/Test': 0.22991597884607207, 'FCD/TestSF': 13.724627773423364, 'SNN/TestSF': 0.48356546697459946, 'Frag/TestSF': 0.883688031637418, 'Scaf/TestSF': 0.038609529588783276, 'IntDiv': 0.8499839548236672, 'IntDiv2': 0.8403674130930359, 'Filters': 0.9646500747287023, 'logP': 0.14136825711235831, 'SA': 0.040401398503940346, 'QED': 0.02744418437304427, 'weight': 28.957021042648897, 'Novelty': 0.9422075540887422}
Epoch: 74:
	Train Loss: 0.313 --- Reconstruction Loss: 0.303 --- KL Loss: 21.655 --- Beta: 0.000465
	Validity: 0.51% --- Uniquene@1000: 0.99% --- Unique@10000: 0.91%

{'valid': 0.5468999999999999, 'unique@1000': 0.989, 'unique@10000': 0.9112, 'FCD/Test': 12.969189483402715, 'SNN/Test': 0.5300977710211466, 'Frag/Test': 0.920598675818005, 'Scaf/Test': 0.31374987691096934, 'FCD/TestSF': 13.557855515756671, 'SNN/TestSF': 0.48133160416024356, 'Frag/TestSF': 0.9137087661135942, 'Scaf/TestSF': 0.04332535902163892, 'IntDiv': 0.8525511609856926, 'IntDiv2': 0.8428207193434156, 'Filters': 0.9642835375144755, 'logP': 0.3102210654307791, 'SA': 0.031458235487092784, 'QED': 0.011850179741426284, 'weight': 32.717753125902604, 'Novelty': 0.9381924604557174}
Epoch: 75:
	Train Loss: 0.311 --- Reconstruction Loss: 0.301 --- KL Loss: 21.479 --- Beta: 0.000470
	Validity: 0.55% --- Uniquene@1000: 0.99% --- Unique@10000: 0.91%

{'valid': 0.44920000000000004, 'unique@1000': 0.985, 'unique@10000': 0.9087, 'FCD/Test': 13.307826488579828, 'SNN/Test': 0.5335735365909846, 'Frag/Test': 0.9290626121925504, 'Scaf/Test': 0.24377802475311183, 'FCD/TestSF': 13.99808265569191, 'SNN/TestSF': 0.4833731887506586, 'Frag/TestSF': 0.9198924927123251, 'Scaf/TestSF': 0.03953147585905581, 'IntDiv': 0.8428209610521459, 'IntDiv2': 0.8333817760100862, 'Filters': 0.9559216384683883, 'logP': 0.21322662563306982, 'SA': 0.02282955548184618, 'QED': 0.012901008107581423, 'weight': 25.12718194292556, 'Novelty': 0.9403558599949879}
Epoch: 76:
	Train Loss: 0.310 --- Reconstruction Loss: 0.300 --- KL Loss: 21.547 --- Beta: 0.000475
	Validity: 0.45% --- Uniquene@1000: 0.98% --- Unique@10000: 0.91%

{'valid': 0.4254, 'unique@1000': 0.992, 'unique@10000': 0.9269, 'FCD/Test': 13.010063149050481, 'SNN/Test': 0.5163606367987762, 'Frag/Test': 0.9008341572178001, 'Scaf/Test': 0.24538922841788335, 'FCD/TestSF': 13.7484757411737, 'SNN/TestSF': 0.46794717729937, 'Frag/TestSF': 0.8923255919088638, 'Scaf/TestSF': 0.04190209272963419, 'IntDiv': 0.850706375175089, 'IntDiv2': 0.8416017951888054, 'Filters': 0.9587055320482682, 'logP': 0.29112213358420636, 'SA': 0.07226557493781918, 'QED': 0.014846526631186534, 'weight': 23.837827438674875, 'Novelty': 0.9440260184868196}
Epoch: 77:
	Train Loss: 0.308 --- Reconstruction Loss: 0.298 --- KL Loss: 21.269 --- Beta: 0.000480
	Validity: 0.43% --- Uniquene@1000: 0.99% --- Unique@10000: 0.93%

{'valid': 0.597, 'unique@1000': 0.989, 'unique@10000': 0.9307, 'FCD/Test': 13.693342082907385, 'SNN/Test': 0.5258648940350076, 'Frag/Test': 0.9143742645137978, 'Scaf/Test': 0.29179230814738066, 'FCD/TestSF': 14.408299619622575, 'SNN/TestSF': 0.4760279949619276, 'Frag/TestSF': 0.9065994071400548, 'Scaf/TestSF': 0.07815000658967797, 'IntDiv': 0.8499307527949699, 'IntDiv2': 0.8403482970195021, 'Filters': 0.9720826353992184, 'logP': 0.3427734487474423, 'SA': 0.014801644810432682, 'QED': 0.013448018516358356, 'weight': 25.621347552816623, 'Novelty': 0.9364107689424699}
Epoch: 78:
	Train Loss: 0.307 --- Reconstruction Loss: 0.296 --- KL Loss: 21.313 --- Beta: 0.000485
	Validity: 0.60% --- Uniquene@1000: 0.99% --- Unique@10000: 0.93%

{'valid': 0.49670000000000003, 'unique@1000': 0.987, 'unique@10000': 0.9192, 'FCD/Test': 13.207237953314404, 'SNN/Test': 0.5262986139472031, 'Frag/Test': 0.9135811669111379, 'Scaf/Test': 0.2985622079370255, 'FCD/TestSF': 13.920816385748395, 'SNN/TestSF': 0.4760950224990453, 'Frag/TestSF': 0.9050061250123396, 'Scaf/TestSF': 0.04914390647885891, 'IntDiv': 0.8476861296068541, 'IntDiv2': 0.8383450660856827, 'Filters': 0.9635594926514999, 'logP': 0.2692842373763451, 'SA': 0.033316442311740094, 'QED': 0.013096886345833031, 'weight': 26.10374048491431, 'Novelty': 0.940636520954029}
Epoch: 79:
	Train Loss: 0.305 --- Reconstruction Loss: 0.295 --- KL Loss: 21.266 --- Beta: 0.000490
	Validity: 0.50% --- Uniquene@1000: 0.99% --- Unique@10000: 0.92%

{'valid': 0.6538666666666666, 'unique@1000': 0.992, 'unique@10000': 0.9308, 'FCD/Test': 13.558636416073512, 'SNN/Test': 0.5334804259053755, 'Frag/Test': 0.9160869477976411, 'Scaf/Test': 0.29230446212576044, 'FCD/TestSF': 14.067305445218473, 'SNN/TestSF': 0.48914912667544785, 'Frag/TestSF': 0.9086304881379316, 'Scaf/TestSF': 0.07392374481168029, 'IntDiv': 0.8471496186206706, 'IntDiv2': 0.8377609837681901, 'Filters': 0.9603384991843393, 'logP': 0.31361952326912956, 'SA': 0.02331840633773109, 'QED': 0.013812435359350221, 'weight': 24.063661350855114, 'Novelty': 0.9368898587343517}
Epoch: 80:
	Train Loss: 0.304 --- Reconstruction Loss: 0.294 --- KL Loss: 21.173 --- Beta: 0.000495
	Validity: 0.65% --- Uniquene@1000: 0.99% --- Unique@10000: 0.93%

