2024-02-15 07:14:28.734698: E external/local_xla/xla/stream_executor/cuda/cuda_dnn.cc:9261] Unable to register cuDNN factory: Attempting to register factory for plugin cuDNN when one has already been registered
2024-02-15 07:14:28.734764: E external/local_xla/xla/stream_executor/cuda/cuda_fft.cc:607] Unable to register cuFFT factory: Attempting to register factory for plugin cuFFT when one has already been registered
2024-02-15 07:14:28.736247: E external/local_xla/xla/stream_executor/cuda/cuda_blas.cc:1515] Unable to register cuBLAS factory: Attempting to register factory for plugin cuBLAS when one has already been registered
2024-02-15 07:14:28.741497: I tensorflow/core/platform/cpu_feature_guard.cc:182] This TensorFlow binary is optimized to use available CPU instructions in performance-critical operations.
To enable the following instructions: AVX2 FMA, in other operations, rebuild TensorFlow with the appropriate compiler flags.
2024-02-15 07:14:29.576134: W tensorflow/compiler/tf2tensorrt/utils/py_utils.cc:38] TF-TRT Warning: Could not find TensorRT

Arguments:
	data_path: data/moses_train.txt
	max_len: 30
	batch: 128
	d_model: 512
	d_latent: 256
	d_ff: 1024
	e_heads: 1
	d_heads: 8
	n_layers: 6
	dropout: 0.5
	lr: 0.0005
	n_epochs: 100
	kl_type: monotonic
	kl_w_start: 0.0001
	kl_w_end: 0.0005
	kl_cycle: 4
	kl_ratio: 0.9
	save_name: klcompare

Number of data: 88192

SMILES Vocab:
	 {'<START>': 0, '<END>': 1, '<PAD>': 2, 'C': 3, 'O': 4, 'c': 5, '1': 6, '(': 7, '=': 8, ')': 9, 'N': 10, 'n': 11, '2': 12, 'F': 13, 'Cl': 14, 'Br': 15, '#': 16, '3': 17, 'S': 18, 'o': 19, '-': 20, 's': 21, '[nH]': 22, '4': 23}

Graph Vocab:
	 {'C': 0, 'O': 1, 'N': 2, 'F': 3, 'Cl': 4, 'Br': 5, 'S': 6}


KL Annealer: [0.0001, 0.00010400000000000001, 0.00010800000000000001, 0.00011200000000000001, 0.000116, 0.00012, 0.000124, 0.000128, 0.000132, 0.000136, 0.00014, 0.000144, 0.00014800000000000002, 0.000152, 0.000156, 0.00015999999999999999, 0.000164, 0.00016800000000000002, 0.000172, 0.000176, 0.00017999999999999998, 0.000184, 0.00018800000000000002, 0.000192, 0.000196, 0.00019999999999999998, 0.000204, 0.00020800000000000001, 0.000212, 0.000216, 0.00021999999999999998, 0.00022400000000000002, 0.000228, 0.000232, 0.000236, 0.00023999999999999998, 0.00024400000000000002, 0.000248, 0.000252, 0.000256, 0.00026, 0.000264, 0.000268, 0.000272, 0.000276, 0.00028, 0.000284, 0.000288, 0.000292, 0.000296, 0.0003, 0.000304, 0.000308, 0.000312, 0.000316, 0.00031999999999999997, 0.000324, 0.000328, 0.000332, 0.000336, 0.00033999999999999997, 0.000344, 0.000348, 0.000352, 0.000356, 0.00035999999999999997, 0.00036399999999999996, 0.000368, 0.000372, 0.000376, 0.00037999999999999997, 0.00038399999999999996, 0.000388, 0.000392, 0.000396, 0.00039999999999999996, 0.00040399999999999995, 0.000408, 0.000412, 0.000416, 0.00041999999999999996, 0.00042399999999999995, 0.000428, 0.000432, 0.00043599999999999997, 0.00043999999999999996, 0.00044399999999999995, 0.000448, 0.000452, 0.00045599999999999997, 0.00045999999999999996, 0.00046399999999999995, 0.000468, 0.000472, 0.00047599999999999997, 0.00047999999999999996, 0.000484, 0.000488, 0.000492, 0.000496]




#########################################################################
######################### START TRAINING ################################
#########################################################################




{'valid': 0.6740999999999999, 'unique@1000': 0.748, 'unique@10000': 0.411, 'FCD/Test': 24.287475831115962, 'SNN/Test': 0.6034235150109754, 'Frag/Test': 0.83157482290049, 'Scaf/Test': 0.186643853097193, 'FCD/TestSF': 25.530667252163568, 'SNN/TestSF': 0.5055727618626492, 'Frag/TestSF': 0.8178430374032832, 'Scaf/TestSF': 0.04185083360565922, 'IntDiv': 0.7604420435044634, 'IntDiv2': 0.7430592643322378, 'Filters': 0.9856598922019483, 'logP': 0.3879821880692103, 'SA': 0.23356955558664153, 'QED': 0.09731012445969646, 'weight': 7.416633454506706, 'Novelty': 0.9309975520195839}
Epoch: 31:
	Train Loss: 0.440 --- Reconstruction Loss: 0.430 --- KL Loss: 46.340 --- Beta: 0.000220
	Validity: 0.67% --- Uniquene@1000: 0.75% --- Unique@10000: 0.41%

{'valid': 0.6650333333333334, 'unique@1000': 0.804, 'unique@10000': 0.4674, 'FCD/Test': 26.576511584292945, 'SNN/Test': 0.6310352894391794, 'Frag/Test': 0.8661500043742222, 'Scaf/Test': 0.16369417570957567, 'FCD/TestSF': 27.758879789777495, 'SNN/TestSF': 0.5257090673632601, 'Frag/TestSF': 0.8537074808330463, 'Scaf/TestSF': 0.028684832893653534, 'IntDiv': 0.7482673906450474, 'IntDiv2': 0.7326514932208943, 'Filters': 0.9902260538318881, 'logP': 0.3704322879006844, 'SA': 0.2930197954502098, 'QED': 0.04965019100257434, 'weight': 8.834864363092663, 'Novelty': 0.9178789938817131}
Epoch: 32:
	Train Loss: 0.433 --- Reconstruction Loss: 0.423 --- KL Loss: 44.547 --- Beta: 0.000224
	Validity: 0.67% --- Uniquene@1000: 0.80% --- Unique@10000: 0.47%

{'valid': 0.5465333333333333, 'unique@1000': 0.808, 'unique@10000': 0.51, 'FCD/Test': 22.27967356936103, 'SNN/Test': 0.5878526142226483, 'Frag/Test': 0.8611223367438225, 'Scaf/Test': 0.17496508149027212, 'FCD/TestSF': 23.304488044647073, 'SNN/TestSF': 0.5081653920758654, 'Frag/TestSF': 0.8503093566757242, 'Scaf/TestSF': 0.04963859459890685, 'IntDiv': 0.788315008528642, 'IntDiv2': 0.773235186578827, 'Filters': 0.9710295193949744, 'logP': 0.4737085687021711, 'SA': 0.15222172509583506, 'QED': 0.03555762539117859, 'weight': 9.697898292129395, 'Novelty': 0.9372367312552654}
Epoch: 33:
	Train Loss: 0.428 --- Reconstruction Loss: 0.418 --- KL Loss: 42.586 --- Beta: 0.000228
	Validity: 0.55% --- Uniquene@1000: 0.81% --- Unique@10000: 0.51%

{'valid': 0.5813999999999999, 'unique@1000': 0.856, 'unique@10000': 0.5386, 'FCD/Test': 22.761841350072658, 'SNN/Test': 0.5850178526440846, 'Frag/Test': 0.844832444041253, 'Scaf/Test': 0.12250919887375478, 'FCD/TestSF': 23.785472166577975, 'SNN/TestSF': 0.500729109742078, 'Frag/TestSF': 0.8318159530401604, 'Scaf/TestSF': 0.03267357657540326, 'IntDiv': 0.778648682786437, 'IntDiv2': 0.7636260078925139, 'Filters': 0.9819974773535145, 'logP': 0.5261744354875256, 'SA': 0.1687170365914995, 'QED': 0.06794639965026823, 'weight': 5.70753228670976, 'Novelty': 0.9446770714376348}
Epoch: 34:
	Train Loss: 0.422 --- Reconstruction Loss: 0.413 --- KL Loss: 41.278 --- Beta: 0.000232
	Validity: 0.58% --- Uniquene@1000: 0.86% --- Unique@10000: 0.54%

{'valid': 0.6025, 'unique@1000': 0.856, 'unique@10000': 0.5639, 'FCD/Test': 22.645608958010186, 'SNN/Test': 0.5995870776822788, 'Frag/Test': 0.8745685729990332, 'Scaf/Test': 0.13446006531358456, 'FCD/TestSF': 23.728684891080107, 'SNN/TestSF': 0.5130664998095065, 'Frag/TestSF': 0.861821534884957, 'Scaf/TestSF': 0.015066741632147163, 'IntDiv': 0.7790336889644187, 'IntDiv2': 0.7647052600680342, 'Filters': 0.9858921161825727, 'logP': 0.4012044064026489, 'SA': 0.25330693567843005, 'QED': 0.043394817617661424, 'weight': 14.34624729295215, 'Novelty': 0.9250753885409417}
Epoch: 35:
	Train Loss: 0.416 --- Reconstruction Loss: 0.406 --- KL Loss: 39.910 --- Beta: 0.000236
	Validity: 0.60% --- Uniquene@1000: 0.86% --- Unique@10000: 0.56%

{'valid': 0.5096333333333334, 'unique@1000': 0.893, 'unique@10000': 0.6049, 'FCD/Test': 18.78670479740024, 'SNN/Test': 0.5834008483706529, 'Frag/Test': 0.8941954729041617, 'Scaf/Test': 0.13496119889597236, 'FCD/TestSF': 19.494335681576175, 'SNN/TestSF': 0.5192960380739863, 'Frag/TestSF': 0.8842999442973749, 'Scaf/TestSF': 0.0659666321659017, 'IntDiv': 0.804867760179248, 'IntDiv2': 0.7925658648873792, 'Filters': 0.9804434560795343, 'logP': 0.4815066468678006, 'SA': 0.17046310887190558, 'QED': 0.025338016518018595, 'weight': 15.904133566988984, 'Novelty': 0.9368421052631579}
Epoch: 36:
	Train Loss: 0.411 --- Reconstruction Loss: 0.402 --- KL Loss: 38.723 --- Beta: 0.000240
	Validity: 0.51% --- Uniquene@1000: 0.89% --- Unique@10000: 0.60%

{'valid': 0.6397666666666666, 'unique@1000': 0.882, 'unique@10000': 0.6444, 'FCD/Test': 19.410822193359664, 'SNN/Test': 0.584192567896192, 'Frag/Test': 0.9103471215433954, 'Scaf/Test': 0.15187192205525235, 'FCD/TestSF': 20.213025118486414, 'SNN/TestSF': 0.5140843101508459, 'Frag/TestSF': 0.8994776910186854, 'Scaf/TestSF': 0.02940095145834598, 'IntDiv': 0.8014367511293644, 'IntDiv2': 0.7886804527165688, 'Filters': 0.9832230500703382, 'logP': 0.5332344191061236, 'SA': 0.22128822895476546, 'QED': 0.021356781982361, 'weight': 13.700602717914636, 'Novelty': 0.9393995552260934}
Epoch: 37:
	Train Loss: 0.405 --- Reconstruction Loss: 0.396 --- KL Loss: 37.269 --- Beta: 0.000244
	Validity: 0.64% --- Uniquene@1000: 0.88% --- Unique@10000: 0.64%

{'valid': 0.49829999999999997, 'unique@1000': 0.905, 'unique@10000': 0.6528, 'FCD/Test': 18.04750436291038, 'SNN/Test': 0.569468412619824, 'Frag/Test': 0.9194214456549775, 'Scaf/Test': 0.1919120735431774, 'FCD/TestSF': 18.648643801445942, 'SNN/TestSF': 0.501587022800407, 'Frag/TestSF': 0.9092698069372331, 'Scaf/TestSF': 0.0435368052105749, 'IntDiv': 0.8096625956708724, 'IntDiv2': 0.7975437461141083, 'Filters': 0.9539768546391063, 'logP': 0.6031352735140664, 'SA': 0.17987154007443099, 'QED': 0.019322347821638247, 'weight': 10.327525272571387, 'Novelty': 0.9376884422110553}
Epoch: 38:
	Train Loss: 0.400 --- Reconstruction Loss: 0.391 --- KL Loss: 36.309 --- Beta: 0.000248
	Validity: 0.50% --- Uniquene@1000: 0.91% --- Unique@10000: 0.65%

{'valid': 0.4611333333333333, 'unique@1000': 0.896, 'unique@10000': 0.6349, 'FCD/Test': 17.357072443291507, 'SNN/Test': 0.5565191780663871, 'Frag/Test': 0.940400199355896, 'Scaf/Test': 0.16093359996304402, 'FCD/TestSF': 17.78745934635765, 'SNN/TestSF': 0.5043587700336055, 'Frag/TestSF': 0.9329356813973753, 'Scaf/TestSF': 0.025450144376856887, 'IntDiv': 0.8130253311114233, 'IntDiv2': 0.8025455998108473, 'Filters': 0.918606332224953, 'logP': 0.40041067330935437, 'SA': 0.11445030922985613, 'QED': 0.016626007547592934, 'weight': 15.427911244333233, 'Novelty': 0.923659460119702}
Epoch: 39:
	Train Loss: 0.396 --- Reconstruction Loss: 0.387 --- KL Loss: 35.238 --- Beta: 0.000252
	Validity: 0.46% --- Uniquene@1000: 0.90% --- Unique@10000: 0.63%

{'valid': 0.6422666666666667, 'unique@1000': 0.939, 'unique@10000': 0.726, 'FCD/Test': 16.884059199062804, 'SNN/Test': 0.5874329067361425, 'Frag/Test': 0.9054622014857416, 'Scaf/Test': 0.2315864841639732, 'FCD/TestSF': 17.57296455905069, 'SNN/TestSF': 0.5158225985787978, 'Frag/TestSF': 0.8941314575542937, 'Scaf/TestSF': 0.04203135733440733, 'IntDiv': 0.8098140907955818, 'IntDiv2': 0.7979340973807876, 'Filters': 0.980174382395682, 'logP': 0.33803243634122127, 'SA': 0.20648278180849097, 'QED': 0.023778121307297305, 'weight': 18.87081697992195, 'Novelty': 0.9203726204941272}
Epoch: 40:
	Train Loss: 0.391 --- Reconstruction Loss: 0.382 --- KL Loss: 34.094 --- Beta: 0.000256
	Validity: 0.64% --- Uniquene@1000: 0.94% --- Unique@10000: 0.73%

{'valid': 0.46976666666666667, 'unique@1000': 0.914, 'unique@10000': 0.7206, 'FCD/Test': 16.133528847475873, 'SNN/Test': 0.5635270554288712, 'Frag/Test': 0.9189114882314832, 'Scaf/Test': 0.17615443983738466, 'FCD/TestSF': 16.869013622187694, 'SNN/TestSF': 0.49425509230083786, 'Frag/TestSF': 0.9072376161378013, 'Scaf/TestSF': 0.04393207666614152, 'IntDiv': 0.8145642339978441, 'IntDiv2': 0.8037591292204795, 'Filters': 0.941247427801036, 'logP': 0.4298930833316748, 'SA': 0.08397015816739248, 'QED': 0.02974928576964442, 'weight': 12.902401057069298, 'Novelty': 0.9397640672303998}
Epoch: 41:
	Train Loss: 0.386 --- Reconstruction Loss: 0.378 --- KL Loss: 33.226 --- Beta: 0.000260
	Validity: 0.47% --- Uniquene@1000: 0.91% --- Unique@10000: 0.72%

{'valid': 0.5328666666666666, 'unique@1000': 0.945, 'unique@10000': 0.7697, 'FCD/Test': 17.124725495457156, 'SNN/Test': 0.5534116542340817, 'Frag/Test': 0.9116625705098932, 'Scaf/Test': 0.17428877260669629, 'FCD/TestSF': 18.05393839859368, 'SNN/TestSF': 0.4885934772323894, 'Frag/TestSF': 0.9009969126083133, 'Scaf/TestSF': 0.06865074510415936, 'IntDiv': 0.8124691396440955, 'IntDiv2': 0.8018486015826151, 'Filters': 0.9615913924684099, 'logP': 0.3645015440710693, 'SA': 0.09095641031581252, 'QED': 0.026748772073796414, 'weight': 18.553840296453156, 'Novelty': 0.9450959488272921}
Epoch: 42:
	Train Loss: 0.382 --- Reconstruction Loss: 0.373 --- KL Loss: 32.383 --- Beta: 0.000264
	Validity: 0.53% --- Uniquene@1000: 0.94% --- Unique@10000: 0.77%

{'valid': 0.5476666666666667, 'unique@1000': 0.928, 'unique@10000': 0.7395, 'FCD/Test': 16.720571271321717, 'SNN/Test': 0.5745298439030305, 'Frag/Test': 0.9336634876420677, 'Scaf/Test': 0.21369883360988084, 'FCD/TestSF': 17.388364654052197, 'SNN/TestSF': 0.5069801798987084, 'Frag/TestSF': 0.923575931471152, 'Scaf/TestSF': 0.04595881755625575, 'IntDiv': 0.8194745788689305, 'IntDiv2': 0.8087470346726597, 'Filters': 0.9828362751065125, 'logP': 0.4025296497161312, 'SA': 0.1423490075438066, 'QED': 0.018079921491728563, 'weight': 16.52739720659145, 'Novelty': 0.9313419527418636}
Epoch: 43:
	Train Loss: 0.378 --- Reconstruction Loss: 0.369 --- KL Loss: 31.600 --- Beta: 0.000268
	Validity: 0.55% --- Uniquene@1000: 0.93% --- Unique@10000: 0.74%

{'valid': 0.49273333333333336, 'unique@1000': 0.939, 'unique@10000': 0.7516, 'FCD/Test': 15.821923774681906, 'SNN/Test': 0.5585672248000141, 'Frag/Test': 0.9246350610368407, 'Scaf/Test': 0.21955850284851608, 'FCD/TestSF': 16.745862257156205, 'SNN/TestSF': 0.48584699372774437, 'Frag/TestSF': 0.912468687585166, 'Scaf/TestSF': 0.02925190277841283, 'IntDiv': 0.8255573924090549, 'IntDiv2': 0.8149923676225219, 'Filters': 0.9779461507238534, 'logP': 0.2250159499625183, 'SA': 0.04804161328219562, 'QED': 0.006322153221128244, 'weight': 25.07681259484915, 'Novelty': 0.9325423404458903}
Epoch: 44:
	Train Loss: 0.374 --- Reconstruction Loss: 0.366 --- KL Loss: 31.157 --- Beta: 0.000272
	Validity: 0.49% --- Uniquene@1000: 0.94% --- Unique@10000: 0.75%

{'valid': 0.6477333333333333, 'unique@1000': 0.97, 'unique@10000': 0.7963, 'FCD/Test': 15.345761869608147, 'SNN/Test': 0.5726696365310079, 'Frag/Test': 0.9256553886114395, 'Scaf/Test': 0.26567278146786677, 'FCD/TestSF': 16.20979858338802, 'SNN/TestSF': 0.5033005432073547, 'Frag/TestSF': 0.9150052339028188, 'Scaf/TestSF': 0.042086501281632716, 'IntDiv': 0.8238923130722452, 'IntDiv2': 0.8136750302881994, 'Filters': 0.9798270893371758, 'logP': 0.27337734524498986, 'SA': 0.14608544198310008, 'QED': 0.01201622122986572, 'weight': 22.382899923503327, 'Novelty': 0.9205960693974515}
Epoch: 45:
	Train Loss: 0.370 --- Reconstruction Loss: 0.362 --- KL Loss: 30.512 --- Beta: 0.000276
	Validity: 0.65% --- Uniquene@1000: 0.97% --- Unique@10000: 0.80%

{'valid': 0.6036, 'unique@1000': 0.959, 'unique@10000': 0.7849, 'FCD/Test': 16.06124671816211, 'SNN/Test': 0.5490770556068866, 'Frag/Test': 0.930193030778651, 'Scaf/Test': 0.2097574799432982, 'FCD/TestSF': 16.892677185180816, 'SNN/TestSF': 0.48494938811686805, 'Frag/TestSF': 0.9207744691941862, 'Scaf/TestSF': 0.06120497359433774, 'IntDiv': 0.8191902227285907, 'IntDiv2': 0.809184337072077, 'Filters': 0.957090788601723, 'logP': 0.2703570409819682, 'SA': 0.06514422870905617, 'QED': 0.01335332380147111, 'weight': 18.456992792034637, 'Novelty': 0.942830583313967}
Epoch: 46:
	Train Loss: 0.367 --- Reconstruction Loss: 0.359 --- KL Loss: 30.013 --- Beta: 0.000280
	Validity: 0.60% --- Uniquene@1000: 0.96% --- Unique@10000: 0.78%

{'valid': 0.6301333333333333, 'unique@1000': 0.971, 'unique@10000': 0.8258, 'FCD/Test': 15.698797750845443, 'SNN/Test': 0.5436580686392897, 'Frag/Test': 0.9134031557013796, 'Scaf/Test': 0.1926220331831222, 'FCD/TestSF': 16.517186098410605, 'SNN/TestSF': 0.4827334183720313, 'Frag/TestSF': 0.9037024278903681, 'Scaf/TestSF': 0.07382328127868942, 'IntDiv': 0.8236974455243844, 'IntDiv2': 0.8134106289215313, 'Filters': 0.9709585272958104, 'logP': 0.4162002227361382, 'SA': 0.08587990016139785, 'QED': 0.026588122051450037, 'weight': 18.642440588789594, 'Novelty': 0.9455449059282925}
Epoch: 47:
	Train Loss: 0.363 --- Reconstruction Loss: 0.354 --- KL Loss: 29.344 --- Beta: 0.000284
	Validity: 0.63% --- Uniquene@1000: 0.97% --- Unique@10000: 0.83%

{'valid': 0.4149333333333334, 'unique@1000': 0.967, 'unique@10000': 0.8047, 'FCD/Test': 15.607257788722798, 'SNN/Test': 0.5383931807227968, 'Frag/Test': 0.9120858242060473, 'Scaf/Test': 0.21671439459699393, 'FCD/TestSF': 16.3652022458175, 'SNN/TestSF': 0.47891772347011613, 'Frag/TestSF': 0.9022057502763451, 'Scaf/TestSF': 0.05302793960599406, 'IntDiv': 0.8306147334296909, 'IntDiv2': 0.8199477228906529, 'Filters': 0.9595115681233933, 'logP': 0.37301352627519807, 'SA': 0.05608455048140876, 'QED': 0.0196530724446215, 'weight': 20.49700704497188, 'Novelty': 0.9431362467866324}
Epoch: 48:
	Train Loss: 0.359 --- Reconstruction Loss: 0.351 --- KL Loss: 28.993 --- Beta: 0.000288
	Validity: 0.41% --- Uniquene@1000: 0.97% --- Unique@10000: 0.80%

{'valid': 0.35309999999999997, 'unique@1000': 0.966, 'unique@10000': 0.7862, 'FCD/Test': 15.55580288182923, 'SNN/Test': 0.5239251568107421, 'Frag/Test': 0.9379401103483138, 'Scaf/Test': 0.20473812141339442, 'FCD/TestSF': 16.198134776723194, 'SNN/TestSF': 0.4689257823941526, 'Frag/TestSF': 0.9289941265694027, 'Scaf/TestSF': 0.035604416605242384, 'IntDiv': 0.8354960817171064, 'IntDiv2': 0.8257612274919154, 'Filters': 0.968375342207118, 'logP': 0.335436185591212, 'SA': 0.03473674314010523, 'QED': 0.0059755292802222085, 'weight': 25.497200469759957, 'Novelty': 0.9404992729035385}
Epoch: 49:
	Train Loss: 0.357 --- Reconstruction Loss: 0.349 --- KL Loss: 28.680 --- Beta: 0.000292
	Validity: 0.35% --- Uniquene@1000: 0.97% --- Unique@10000: 0.79%

{'valid': 0.6105333333333334, 'unique@1000': 0.961, 'unique@10000': 0.8118, 'FCD/Test': 15.896862465172582, 'SNN/Test': 0.5601610256426913, 'Frag/Test': 0.9398495174880892, 'Scaf/Test': 0.23679909881907213, 'FCD/TestSF': 16.796085308385983, 'SNN/TestSF': 0.4897465293730326, 'Frag/TestSF': 0.9287357903908894, 'Scaf/TestSF': 0.04669777818349774, 'IntDiv': 0.8206155527575127, 'IntDiv2': 0.8103518015138691, 'Filters': 0.9737388075999126, 'logP': 0.29097686915589094, 'SA': 0.10244602354294795, 'QED': 0.010077590282615047, 'weight': 23.158787624785358, 'Novelty': 0.9337224767252845}
Epoch: 50:
	Train Loss: 0.353 --- Reconstruction Loss: 0.345 --- KL Loss: 28.430 --- Beta: 0.000296
	Validity: 0.61% --- Uniquene@1000: 0.96% --- Unique@10000: 0.81%

{'valid': 0.6391, 'unique@1000': 0.985, 'unique@10000': 0.875, 'FCD/Test': 14.222762922394708, 'SNN/Test': 0.5449561858170345, 'Frag/Test': 0.9282588060312131, 'Scaf/Test': 0.2579626743487198, 'FCD/TestSF': 15.09793727508076, 'SNN/TestSF': 0.4860797820027269, 'Frag/TestSF': 0.9189470544513066, 'Scaf/TestSF': 0.053646881440099214, 'IntDiv': 0.8365170799012718, 'IntDiv2': 0.827068139586553, 'Filters': 0.9684973660877275, 'logP': 0.21497693229543788, 'SA': 0.05873189818095158, 'QED': 0.008959456706475969, 'weight': 27.1484152320279, 'Novelty': 0.9263677762811878}
Epoch: 51:
	Train Loss: 0.350 --- Reconstruction Loss: 0.342 --- KL Loss: 27.908 --- Beta: 0.000300
	Validity: 0.64% --- Uniquene@1000: 0.98% --- Unique@10000: 0.88%

{'valid': 0.5255333333333334, 'unique@1000': 0.971, 'unique@10000': 0.8603, 'FCD/Test': 14.732878065877628, 'SNN/Test': 0.5382163973713486, 'Frag/Test': 0.9188713920949079, 'Scaf/Test': 0.22277970988363605, 'FCD/TestSF': 15.794547164947375, 'SNN/TestSF': 0.4739604038033376, 'Frag/TestSF': 0.9069589101281933, 'Scaf/TestSF': 0.030010278355436237, 'IntDiv': 0.833384225377461, 'IntDiv2': 0.8234156774903705, 'Filters': 0.96479766586325, 'logP': 0.27365967772432986, 'SA': 0.04528625606962723, 'QED': 0.02801488164032526, 'weight': 25.17022584364654, 'Novelty': 0.9370477005680492}
Epoch: 52:
	Train Loss: 0.348 --- Reconstruction Loss: 0.340 --- KL Loss: 27.771 --- Beta: 0.000304
	Validity: 0.53% --- Uniquene@1000: 0.97% --- Unique@10000: 0.86%

{'valid': 0.598, 'unique@1000': 0.973, 'unique@10000': 0.8545, 'FCD/Test': 14.328586299093935, 'SNN/Test': 0.5434419687027516, 'Frag/Test': 0.9121464803051562, 'Scaf/Test': 0.23014066033829528, 'FCD/TestSF': 15.05733273189935, 'SNN/TestSF': 0.479811533052088, 'Frag/TestSF': 0.9017330527691783, 'Scaf/TestSF': 0.0636385537809192, 'IntDiv': 0.8367986035171417, 'IntDiv2': 0.8273641532630088, 'Filters': 0.9738015607580826, 'logP': 0.21530033884265296, 'SA': 0.04622874028098396, 'QED': 0.009405365757923879, 'weight': 26.129988865532763, 'Novelty': 0.9316227364888485}
Epoch: 53:
	Train Loss: 0.346 --- Reconstruction Loss: 0.337 --- KL Loss: 27.392 --- Beta: 0.000308
	Validity: 0.60% --- Uniquene@1000: 0.97% --- Unique@10000: 0.85%

slurmstepd: error: *** JOB 8257234 ON hpctpa3pc0018 CANCELLED AT 2024-02-15T10:04:48 ***
