2024-02-15 02:31:21.415058: E external/local_xla/xla/stream_executor/cuda/cuda_dnn.cc:9261] Unable to register cuDNN factory: Attempting to register factory for plugin cuDNN when one has already been registered
2024-02-15 02:31:21.415139: E external/local_xla/xla/stream_executor/cuda/cuda_fft.cc:607] Unable to register cuFFT factory: Attempting to register factory for plugin cuFFT when one has already been registered
2024-02-15 02:31:21.416660: E external/local_xla/xla/stream_executor/cuda/cuda_blas.cc:1515] Unable to register cuBLAS factory: Attempting to register factory for plugin cuBLAS when one has already been registered
2024-02-15 02:31:21.422691: I tensorflow/core/platform/cpu_feature_guard.cc:182] This TensorFlow binary is optimized to use available CPU instructions in performance-critical operations.
To enable the following instructions: AVX2 FMA, in other operations, rebuild TensorFlow with the appropriate compiler flags.
2024-02-15 02:31:22.399506: W tensorflow/compiler/tf2tensorrt/utils/py_utils.cc:38] TF-TRT Warning: Could not find TensorRT

Arguments:
	data_path: data/moses_train.txt
	max_len: 30
	batch: 128
	d_model: 512
	d_latent: 256
	d_ff: 1024
	e_heads: 1
	d_heads: 8
	n_layers: 8
	dropout: 0.5
	lr: 0.0005
	n_epochs: 80
	kl_type: monotonic
	kl_w_start: 0.0001
	kl_w_end: 0.0005
	kl_cycle: 4
	kl_ratio: 0.9
	save_name: klcompare

Number of data: 88192

SMILES Vocab:
	 {'<START>': 0, '<END>': 1, '<PAD>': 2, 'C': 3, 'O': 4, 'c': 5, '1': 6, '(': 7, '=': 8, ')': 9, 'N': 10, 'n': 11, '2': 12, 'F': 13, 'Cl': 14, 'Br': 15, '#': 16, '3': 17, 'S': 18, 'o': 19, '-': 20, 's': 21, '[nH]': 22, '4': 23}

Graph Vocab:
	 {'C': 0, 'O': 1, 'N': 2, 'F': 3, 'Cl': 4, 'Br': 5, 'S': 6}


KL Annealer: [0.0001, 0.000105, 0.00011, 0.000115, 0.00012, 0.000125, 0.00013000000000000002, 0.000135, 0.00014000000000000001, 0.000145, 0.00015000000000000001, 0.000155, 0.00016, 0.000165, 0.00017, 0.00017500000000000003, 0.00018, 0.000185, 0.00019, 0.00019500000000000002, 0.0002, 0.000205, 0.00021, 0.00021500000000000002, 0.00022000000000000003, 0.000225, 0.00023, 0.00023500000000000002, 0.00024000000000000003, 0.000245, 0.00025, 0.000255, 0.00026000000000000003, 0.00026500000000000004, 0.00027, 0.000275, 0.00028000000000000003, 0.00028500000000000004, 0.00029, 0.000295, 0.00030000000000000003, 0.00030500000000000004, 0.00031, 0.000315, 0.00032, 0.00032500000000000004, 0.00033, 0.000335, 0.00034, 0.00034500000000000004, 0.00035, 0.000355, 0.00036, 0.00036500000000000004, 0.00037, 0.000375, 0.00038, 0.00038500000000000003, 0.00039, 0.000395, 0.0004, 0.00040500000000000003, 0.00041, 0.000415, 0.00042, 0.00042500000000000003, 0.00043000000000000004, 0.000435, 0.00044, 0.00044500000000000003, 0.00045000000000000004, 0.000455, 0.00046, 0.000465, 0.00047000000000000004, 0.000475, 0.00048, 0.000485, 0.0004900000000000001, 0.000495]




#########################################################################
######################### START TRAINING ################################
#########################################################################




{'valid': 0.7579666666666667, 'unique@1000': 0.368, 'unique@10000': 0.1439, 'FCD/Test': 33.48426456737964, 'SNN/Test': 0.6602669741781937, 'Frag/Test': 0.833891552543951, 'Scaf/Test': 0.24635761699309688, 'FCD/TestSF': 35.01826477312376, 'SNN/TestSF': 0.5337592626845775, 'Frag/TestSF': 0.8204013193441656, 'Scaf/TestSF': 0.006645335641998762, 'IntDiv': 0.7108014313083455, 'IntDiv2': 0.680258958831484, 'Filters': 0.9994282949997801, 'logP': 0.2477553783370424, 'SA': 0.5110946801987375, 'QED': 0.05699461478417913, 'weight': 5.498772797684952, 'Novelty': 0.876361913784936}
Epoch: 31:
	Train Loss: 0.504 --- Reconstruction Loss: 0.481 --- KL Loss: 91.972 --- Beta: 0.000250
	Validity: 0.76% --- Uniquene@1000: 0.37% --- Unique@10000: 0.14%

{'valid': 0.7267333333333333, 'unique@1000': 0.355, 'unique@10000': 0.1302, 'FCD/Test': 33.81773759072508, 'SNN/Test': 0.670030969468544, 'Frag/Test': 0.8375425120601531, 'Scaf/Test': 0.10087166824006077, 'FCD/TestSF': 35.49013871318813, 'SNN/TestSF': 0.5269364780195261, 'Frag/TestSF': 0.8248711550321521, 'Scaf/TestSF': 0.013776680146387998, 'IntDiv': 0.6838354433688221, 'IntDiv2': 0.6500946314631229, 'Filters': 0.998073571231997, 'logP': 0.24852377241545853, 'SA': 0.5185277507179696, 'QED': 0.05080290777027947, 'weight': 10.190888109516742, 'Novelty': 0.8563307493540052}
Epoch: 32:
	Train Loss: 0.493 --- Reconstruction Loss: 0.473 --- KL Loss: 77.083 --- Beta: 0.000255
	Validity: 0.73% --- Uniquene@1000: 0.35% --- Unique@10000: 0.13%

{'valid': 0.7842666666666667, 'unique@1000': 0.402, 'unique@10000': 0.1645, 'FCD/Test': 36.81200351983347, 'SNN/Test': 0.6340756383045256, 'Frag/Test': 0.808164410317997, 'Scaf/Test': 0.14271591289862162, 'FCD/TestSF': 38.35159373435492, 'SNN/TestSF': 0.5197182974427563, 'Frag/TestSF': 0.7956977888125857, 'Scaf/TestSF': 0.02786181517099695, 'IntDiv': 0.6787858789480856, 'IntDiv2': 0.6533186073778421, 'Filters': 0.995112206732404, 'logP': 0.23766302065714232, 'SA': 0.43726622338444715, 'QED': 0.0891215766073878, 'weight': 7.209862840828453, 'Novelty': 0.9074509803921569}
Epoch: 33:
	Train Loss: 0.483 --- Reconstruction Loss: 0.466 --- KL Loss: 66.107 --- Beta: 0.000260
	Validity: 0.78% --- Uniquene@1000: 0.40% --- Unique@10000: 0.16%

{'valid': 0.7322666666666666, 'unique@1000': 0.481, 'unique@10000': 0.2063, 'FCD/Test': 28.70955347758671, 'SNN/Test': 0.6396384368116783, 'Frag/Test': 0.8386715199949661, 'Scaf/Test': 0.25094802144418327, 'FCD/TestSF': 30.411019200554065, 'SNN/TestSF': 0.5202357598457645, 'Frag/TestSF': 0.8248630038064645, 'Scaf/TestSF': 0.010305640859876175, 'IntDiv': 0.7334991720134205, 'IntDiv2': 0.7070960407516125, 'Filters': 0.997632920611799, 'logP': 0.23225704089665894, 'SA': 0.4453862841269946, 'QED': 0.05824829121714353, 'weight': 9.291157568286314, 'Novelty': 0.8964297201672563}
Epoch: 34:
	Train Loss: 0.473 --- Reconstruction Loss: 0.457 --- KL Loss: 59.476 --- Beta: 0.000265
	Validity: 0.73% --- Uniquene@1000: 0.48% --- Unique@10000: 0.21%

{'valid': 0.5723, 'unique@1000': 0.532, 'unique@10000': 0.2271, 'FCD/Test': 25.576955335594647, 'SNN/Test': 0.6213120825532723, 'Frag/Test': 0.8695617946688816, 'Scaf/Test': 0.22521234789718458, 'FCD/TestSF': 26.903713814245876, 'SNN/TestSF': 0.5302420578208312, 'Frag/TestSF': 0.8572398360006234, 'Scaf/TestSF': 0.054101540380818824, 'IntDiv': 0.7607183318341043, 'IntDiv2': 0.7389822352228599, 'Filters': 0.9984856427281729, 'logP': 0.4193354937096655, 'SA': 0.3520368082050785, 'QED': 0.04952727168051246, 'weight': 7.103385435124351, 'Novelty': 0.9033432638199271}
Epoch: 35:
	Train Loss: 0.465 --- Reconstruction Loss: 0.450 --- KL Loss: 55.918 --- Beta: 0.000270
	Validity: 0.57% --- Uniquene@1000: 0.53% --- Unique@10000: 0.23%

{'valid': 0.6996666666666667, 'unique@1000': 0.538, 'unique@10000': 0.2398, 'FCD/Test': 26.80913677552406, 'SNN/Test': 0.635515545084966, 'Frag/Test': 0.8457889213043013, 'Scaf/Test': 0.23914970730186558, 'FCD/TestSF': 28.497389272820016, 'SNN/TestSF': 0.5238857885069255, 'Frag/TestSF': 0.8324047538515544, 'Scaf/TestSF': 0.01732306686378382, 'IntDiv': 0.7622135133674286, 'IntDiv2': 0.7413532163716967, 'Filters': 0.9948546927108147, 'logP': 0.38214901692515685, 'SA': 0.3597687247715097, 'QED': 0.05077544590368801, 'weight': 8.417963504538687, 'Novelty': 0.8873319988561624}
Epoch: 36:
	Train Loss: 0.456 --- Reconstruction Loss: 0.442 --- KL Loss: 53.405 --- Beta: 0.000275
	Validity: 0.70% --- Uniquene@1000: 0.54% --- Unique@10000: 0.24%

{'valid': 0.5827333333333333, 'unique@1000': 0.609, 'unique@10000': 0.2714, 'FCD/Test': 24.017235422401825, 'SNN/Test': 0.6274483462957778, 'Frag/Test': 0.8794217630707842, 'Scaf/Test': 0.20102099747347835, 'FCD/TestSF': 25.34329105357908, 'SNN/TestSF': 0.5232533502839221, 'Frag/TestSF': 0.8675979085007234, 'Scaf/TestSF': 0.048772947477701, 'IntDiv': 0.7681626462625715, 'IntDiv2': 0.7480927256824608, 'Filters': 0.9901041070815696, 'logP': 0.4757639544057435, 'SA': 0.35266745041779923, 'QED': 0.04089093179310744, 'weight': 7.209633054586531, 'Novelty': 0.8976293103448276}
Epoch: 37:
	Train Loss: 0.447 --- Reconstruction Loss: 0.433 --- KL Loss: 50.268 --- Beta: 0.000280
	Validity: 0.58% --- Uniquene@1000: 0.61% --- Unique@10000: 0.27%

{'valid': 0.6579999999999999, 'unique@1000': 0.676, 'unique@10000': 0.3142, 'FCD/Test': 21.619736107229876, 'SNN/Test': 0.6135801014061093, 'Frag/Test': 0.9172381701688173, 'Scaf/Test': 0.252510896562227, 'FCD/TestSF': 22.893228267568063, 'SNN/TestSF': 0.5277433199141828, 'Frag/TestSF': 0.9055713015301453, 'Scaf/TestSF': 0.02032385170328832, 'IntDiv': 0.7841404487417509, 'IntDiv2': 0.7680783565436469, 'Filters': 0.9933130699088146, 'logP': 0.6111557887257134, 'SA': 0.33151480712923526, 'QED': 0.01933281171261897, 'weight': 6.072787925601527, 'Novelty': 0.9054497701904136}
Epoch: 38:
	Train Loss: 0.439 --- Reconstruction Loss: 0.425 --- KL Loss: 48.667 --- Beta: 0.000285
	Validity: 0.66% --- Uniquene@1000: 0.68% --- Unique@10000: 0.31%

{'valid': 0.7154333333333334, 'unique@1000': 0.732, 'unique@10000': 0.3705, 'FCD/Test': 21.030818750330887, 'SNN/Test': 0.6140005328679348, 'Frag/Test': 0.8934758084635726, 'Scaf/Test': 0.23471850973854458, 'FCD/TestSF': 22.141177547369267, 'SNN/TestSF': 0.5310242053100327, 'Frag/TestSF': 0.8822698710721492, 'Scaf/TestSF': 0.06230110246347531, 'IntDiv': 0.7826793600898183, 'IntDiv2': 0.7665520192185208, 'Filters': 0.993477146717607, 'logP': 0.6339849213622809, 'SA': 0.3151955946887887, 'QED': 0.02991397260976085, 'weight': 7.8945677881485565, 'Novelty': 0.8911269317589859}
Epoch: 39:
	Train Loss: 0.430 --- Reconstruction Loss: 0.417 --- KL Loss: 46.510 --- Beta: 0.000290
	Validity: 0.72% --- Uniquene@1000: 0.73% --- Unique@10000: 0.37%

{'valid': 0.7867999999999999, 'unique@1000': 0.721, 'unique@10000': 0.3714, 'FCD/Test': 23.15797355579933, 'SNN/Test': 0.6158058909193336, 'Frag/Test': 0.8571405310672309, 'Scaf/Test': 0.19349526607671408, 'FCD/TestSF': 24.64756151106333, 'SNN/TestSF': 0.5134694558069416, 'Frag/TestSF': 0.8423195052887423, 'Scaf/TestSF': 0.015392419626156673, 'IntDiv': 0.7774276617736489, 'IntDiv2': 0.7625193902414732, 'Filters': 0.9897051347229283, 'logP': 0.2841534105308856, 'SA': 0.24889773713758467, 'QED': 0.04135646165577432, 'weight': 16.228229729700605, 'Novelty': 0.8846518987341773}
Epoch: 40:
	Train Loss: 0.422 --- Reconstruction Loss: 0.409 --- KL Loss: 44.741 --- Beta: 0.000295
	Validity: 0.79% --- Uniquene@1000: 0.72% --- Unique@10000: 0.37%

{'valid': 0.6581333333333333, 'unique@1000': 0.8, 'unique@10000': 0.4175, 'FCD/Test': 21.117617727638788, 'SNN/Test': 0.6251870979248535, 'Frag/Test': 0.8905750074555385, 'Scaf/Test': 0.27691278407974973, 'FCD/TestSF': 22.41146571888858, 'SNN/TestSF': 0.5323915033747639, 'Frag/TestSF': 0.8775518139066267, 'Scaf/TestSF': 0.048706611156579815, 'IntDiv': 0.7855728320622745, 'IntDiv2': 0.7707721340310878, 'Filters': 0.9866794975688817, 'logP': 0.41396708825397616, 'SA': 0.29857249813212494, 'QED': 0.024237329484664245, 'weight': 12.440444163537675, 'Novelty': 0.889257503949447}
Epoch: 41:
	Train Loss: 0.414 --- Reconstruction Loss: 0.401 --- KL Loss: 43.253 --- Beta: 0.000300
	Validity: 0.66% --- Uniquene@1000: 0.80% --- Unique@10000: 0.42%

{'valid': 0.7172666666666667, 'unique@1000': 0.817, 'unique@10000': 0.487, 'FCD/Test': 19.88699129404997, 'SNN/Test': 0.6150148160127539, 'Frag/Test': 0.9211492506480657, 'Scaf/Test': 0.2504042917982925, 'FCD/TestSF': 20.935699164662637, 'SNN/TestSF': 0.5346885515706381, 'Frag/TestSF': 0.9107162096270167, 'Scaf/TestSF': 0.06569939173468331, 'IntDiv': 0.7870677384813998, 'IntDiv2': 0.7741524146891607, 'Filters': 0.988893019797379, 'logP': 0.3967228080547007, 'SA': 0.2855058285790164, 'QED': 0.020363567902145246, 'weight': 13.053416275287388, 'Novelty': 0.8944554947787171}
Epoch: 42:
	Train Loss: 0.407 --- Reconstruction Loss: 0.394 --- KL Loss: 41.427 --- Beta: 0.000305
	Validity: 0.72% --- Uniquene@1000: 0.82% --- Unique@10000: 0.49%

{'valid': 0.7296333333333334, 'unique@1000': 0.798, 'unique@10000': 0.4658, 'FCD/Test': 23.891875604233583, 'SNN/Test': 0.6200301332075973, 'Frag/Test': 0.8481109788242129, 'Scaf/Test': 0.1768861880149203, 'FCD/TestSF': 25.1165151315128, 'SNN/TestSF': 0.5236202566036273, 'Frag/TestSF': 0.8337937460950793, 'Scaf/TestSF': 0.02853345380432104, 'IntDiv': 0.7662872972431307, 'IntDiv2': 0.7498028941405688, 'Filters': 0.9883959979898579, 'logP': 0.3183446291151882, 'SA': 0.3002369133286615, 'QED': 0.05718614774931738, 'weight': 11.883899943725323, 'Novelty': 0.8920272178713571}
Epoch: 43:
	Train Loss: 0.400 --- Reconstruction Loss: 0.388 --- KL Loss: 39.938 --- Beta: 0.000310
	Validity: 0.73% --- Uniquene@1000: 0.80% --- Unique@10000: 0.47%

{'valid': 0.614, 'unique@1000': 0.828, 'unique@10000': 0.4668, 'FCD/Test': 18.62385294646782, 'SNN/Test': 0.614451505947579, 'Frag/Test': 0.9138110245715578, 'Scaf/Test': 0.19382171753231148, 'FCD/TestSF': 19.387266047852677, 'SNN/TestSF': 0.5455052193403891, 'Frag/TestSF': 0.903161986931264, 'Scaf/TestSF': 0.05698390173005696, 'IntDiv': 0.7950332488972478, 'IntDiv2': 0.782311157465942, 'Filters': 0.9831704668838219, 'logP': 0.3979957129262611, 'SA': 0.2775976190660993, 'QED': 0.023762956838915474, 'weight': 15.176735751313473, 'Novelty': 0.8878715312015777}
Epoch: 44:
	Train Loss: 0.395 --- Reconstruction Loss: 0.383 --- KL Loss: 38.218 --- Beta: 0.000315
	Validity: 0.61% --- Uniquene@1000: 0.83% --- Unique@10000: 0.47%

{'valid': 0.5235333333333334, 'unique@1000': 0.808, 'unique@10000': 0.4502, 'FCD/Test': 18.317793879177174, 'SNN/Test': 0.6232725688071672, 'Frag/Test': 0.9372332017835099, 'Scaf/Test': 0.19253597347430573, 'FCD/TestSF': 18.735198970550954, 'SNN/TestSF': 0.5524741854107367, 'Frag/TestSF': 0.9281304748519396, 'Scaf/TestSF': 0.027089683298857747, 'IntDiv': 0.7970686871338635, 'IntDiv2': 0.7844732341144032, 'Filters': 0.9898128103909334, 'logP': 0.4654154037078453, 'SA': 0.29630734779950596, 'QED': 0.029128622708645975, 'weight': 17.147489593490967, 'Novelty': 0.8739551989301237}
Epoch: 45:
	Train Loss: 0.389 --- Reconstruction Loss: 0.378 --- KL Loss: 36.825 --- Beta: 0.000320
	Validity: 0.52% --- Uniquene@1000: 0.81% --- Unique@10000: 0.45%

{'valid': 0.6624, 'unique@1000': 0.821, 'unique@10000': 0.4935, 'FCD/Test': 19.699631027919686, 'SNN/Test': 0.622962286989782, 'Frag/Test': 0.9367093442560079, 'Scaf/Test': 0.17766450274575274, 'FCD/TestSF': 20.126666748719657, 'SNN/TestSF': 0.5600819939383023, 'Frag/TestSF': 0.9288342910624565, 'Scaf/TestSF': 0.02889368404395043, 'IntDiv': 0.7932957588329863, 'IntDiv2': 0.7806378423584699, 'Filters': 0.9913446054750402, 'logP': 0.4448359592734301, 'SA': 0.3016087326938662, 'QED': 0.024207039266851704, 'weight': 21.130805743797026, 'Novelty': 0.8863981762917933}
Epoch: 46:
	Train Loss: 0.383 --- Reconstruction Loss: 0.372 --- KL Loss: 35.459 --- Beta: 0.000325
	Validity: 0.66% --- Uniquene@1000: 0.82% --- Unique@10000: 0.49%

{'valid': 0.4621666666666666, 'unique@1000': 0.849, 'unique@10000': 0.5057, 'FCD/Test': 17.323924287061672, 'SNN/Test': 0.6111757364184514, 'Frag/Test': 0.9470874699117678, 'Scaf/Test': 0.21081267553524707, 'FCD/TestSF': 17.75986133335978, 'SNN/TestSF': 0.544050866773831, 'Frag/TestSF': 0.9403637480569101, 'Scaf/TestSF': 0.04630775303460111, 'IntDiv': 0.804474464096652, 'IntDiv2': 0.7925850334528234, 'Filters': 0.9802380093761269, 'logP': 0.43549848385298673, 'SA': 0.2359455039748044, 'QED': 0.026257800376435315, 'weight': 17.714255097416462, 'Novelty': 0.8916482125909523}
Epoch: 47:
	Train Loss: 0.379 --- Reconstruction Loss: 0.367 --- KL Loss: 34.300 --- Beta: 0.000330
	Validity: 0.46% --- Uniquene@1000: 0.85% --- Unique@10000: 0.51%

{'valid': 0.47576666666666667, 'unique@1000': 0.82, 'unique@10000': 0.5197, 'FCD/Test': 17.225853598076142, 'SNN/Test': 0.6079046296971469, 'Frag/Test': 0.925658341463058, 'Scaf/Test': 0.17221287363665527, 'FCD/TestSF': 17.86632322184044, 'SNN/TestSF': 0.5369975468100625, 'Frag/TestSF': 0.9148956820012099, 'Scaf/TestSF': 0.06485831642775619, 'IntDiv': 0.7988779213759497, 'IntDiv2': 0.7853334460707678, 'Filters': 0.9721852448679325, 'logP': 0.2526488824116694, 'SA': 0.17023054393946002, 'QED': 0.020204286940380817, 'weight': 18.398082904222548, 'Novelty': 0.8906436233611442}
Epoch: 48:
	Train Loss: 0.374 --- Reconstruction Loss: 0.363 --- KL Loss: 33.257 --- Beta: 0.000335
	Validity: 0.48% --- Uniquene@1000: 0.82% --- Unique@10000: 0.52%

{'valid': 0.3651333333333333, 'unique@1000': 0.827, 'unique@10000': 0.4922, 'FCD/Test': 17.54584059255744, 'SNN/Test': 0.6143072729582375, 'Frag/Test': 0.9303983949438995, 'Scaf/Test': 0.16197770815162693, 'FCD/TestSF': 17.705848727320273, 'SNN/TestSF': 0.5621916113357726, 'Frag/TestSF': 0.9240473328657491, 'Scaf/TestSF': 0.03756146718908204, 'IntDiv': 0.8027647286766474, 'IntDiv2': 0.7892600771060084, 'Filters': 0.9916012415555961, 'logP': 0.47790440859297606, 'SA': 0.2952360553515023, 'QED': 0.02566083803776461, 'weight': 22.84270023078835, 'Novelty': 0.8733358691517688}
Epoch: 49:
	Train Loss: 0.369 --- Reconstruction Loss: 0.358 --- KL Loss: 32.352 --- Beta: 0.000340
	Validity: 0.37% --- Uniquene@1000: 0.83% --- Unique@10000: 0.49%

{'valid': 0.4167333333333333, 'unique@1000': 0.849, 'unique@10000': 0.5499, 'FCD/Test': 16.591209072638165, 'SNN/Test': 0.6121145899062956, 'Frag/Test': 0.9348629207307959, 'Scaf/Test': 0.19047614766983234, 'FCD/TestSF': 16.885148122609557, 'SNN/TestSF': 0.5497160034644243, 'Frag/TestSF': 0.9262484422777343, 'Scaf/TestSF': 0.03850492362446356, 'IntDiv': 0.805580272095348, 'IntDiv2': 0.7938669020341608, 'Filters': 0.9829627259638458, 'logP': 0.38906975781309505, 'SA': 0.23582253792613275, 'QED': 0.023826085781633487, 'weight': 21.69328393371395, 'Novelty': 0.8920304489669101}
Epoch: 50:
	Train Loss: 0.365 --- Reconstruction Loss: 0.354 --- KL Loss: 31.684 --- Beta: 0.000345
	Validity: 0.42% --- Uniquene@1000: 0.85% --- Unique@10000: 0.55%

{'valid': 0.3794666666666666, 'unique@1000': 0.844, 'unique@10000': 0.5638, 'FCD/Test': 16.2676858401705, 'SNN/Test': 0.5996232858963064, 'Frag/Test': 0.9178194163064272, 'Scaf/Test': 0.15685419145252943, 'FCD/TestSF': 16.625144032583194, 'SNN/TestSF': 0.5410026874267565, 'Frag/TestSF': 0.9078988177965525, 'Scaf/TestSF': 0.029624813250884285, 'IntDiv': 0.8113650455013396, 'IntDiv2': 0.7994462879481068, 'Filters': 0.9845397048489107, 'logP': 0.5312551086729447, 'SA': 0.23268936188515443, 'QED': 0.018819576157842844, 'weight': 20.24541196558251, 'Novelty': 0.8959742351046699}
Epoch: 51:
	Train Loss: 0.361 --- Reconstruction Loss: 0.350 --- KL Loss: 30.933 --- Beta: 0.000350
	Validity: 0.38% --- Uniquene@1000: 0.84% --- Unique@10000: 0.56%

{'valid': 0.6550333333333334, 'unique@1000': 0.922, 'unique@10000': 0.6675, 'FCD/Test': 15.828439173302073, 'SNN/Test': 0.5964569631255157, 'Frag/Test': 0.904839695858608, 'Scaf/Test': 0.16147543681667909, 'FCD/TestSF': 16.685719776522518, 'SNN/TestSF': 0.5173445019938674, 'Frag/TestSF': 0.892692697276158, 'Scaf/TestSF': 0.022777053742543574, 'IntDiv': 0.8122619228038361, 'IntDiv2': 0.8010612503178067, 'Filters': 0.9791868098315607, 'logP': 0.32074534624615403, 'SA': 0.17592798720328234, 'QED': 0.022026286570118393, 'weight': 22.14982703908238, 'Novelty': 0.8867131616595136}
Epoch: 52:
	Train Loss: 0.357 --- Reconstruction Loss: 0.346 --- KL Loss: 30.181 --- Beta: 0.000355
	Validity: 0.66% --- Uniquene@1000: 0.92% --- Unique@10000: 0.67%

{'valid': 0.6531333333333333, 'unique@1000': 0.923, 'unique@10000': 0.649, 'FCD/Test': 16.105167349875046, 'SNN/Test': 0.6114827081617366, 'Frag/Test': 0.9209360346360534, 'Scaf/Test': 0.18100088724590213, 'FCD/TestSF': 16.74047173306265, 'SNN/TestSF': 0.5386424116927945, 'Frag/TestSF': 0.91055006032742, 'Scaf/TestSF': 0.03076303945713499, 'IntDiv': 0.8072493017202145, 'IntDiv2': 0.7962527106839479, 'Filters': 0.9852505869143615, 'logP': 0.3722439781477289, 'SA': 0.27615541750997813, 'QED': 0.00951839432840897, 'weight': 23.19890937897345, 'Novelty': 0.8755674974520522}
Epoch: 53:
	Train Loss: 0.351 --- Reconstruction Loss: 0.341 --- KL Loss: 29.305 --- Beta: 0.000360
	Validity: 0.65% --- Uniquene@1000: 0.92% --- Unique@10000: 0.65%

{'valid': 0.7505, 'unique@1000': 0.923, 'unique@10000': 0.6798, 'FCD/Test': 16.253281658760784, 'SNN/Test': 0.6095052402667567, 'Frag/Test': 0.9382699121616213, 'Scaf/Test': 0.2612267662134249, 'FCD/TestSF': 17.007349970746915, 'SNN/TestSF': 0.5334013362262293, 'Frag/TestSF': 0.9279523737648555, 'Scaf/TestSF': 0.0426006939880742, 'IntDiv': 0.8077878875444636, 'IntDiv2': 0.7964798244257488, 'Filters': 0.982989118365534, 'logP': 0.45371864039865767, 'SA': 0.28292767151356685, 'QED': 0.014093413613830413, 'weight': 18.98876968321049, 'Novelty': 0.8838491219781085}
Epoch: 54:
	Train Loss: 0.347 --- Reconstruction Loss: 0.337 --- KL Loss: 28.811 --- Beta: 0.000365
	Validity: 0.75% --- Uniquene@1000: 0.92% --- Unique@10000: 0.68%

{'valid': 0.6815333333333333, 'unique@1000': 0.932, 'unique@10000': 0.7147, 'FCD/Test': 14.850812868114119, 'SNN/Test': 0.5995873335625378, 'Frag/Test': 0.9322415904966382, 'Scaf/Test': 0.2553377632558991, 'FCD/TestSF': 15.707153235657813, 'SNN/TestSF': 0.5303302909010988, 'Frag/TestSF': 0.9240232872842801, 'Scaf/TestSF': 0.03907951759110517, 'IntDiv': 0.8167276229042391, 'IntDiv2': 0.8066199619338025, 'Filters': 0.9857184779418957, 'logP': 0.3659656653698971, 'SA': 0.23064065293956593, 'QED': 0.014970725611569216, 'weight': 24.237294102505004, 'Novelty': 0.8916565900846433}
Epoch: 55:
	Train Loss: 0.342 --- Reconstruction Loss: 0.332 --- KL Loss: 27.935 --- Beta: 0.000370
	Validity: 0.68% --- Uniquene@1000: 0.93% --- Unique@10000: 0.71%

{'valid': 0.8721333333333333, 'unique@1000': 0.934, 'unique@10000': 0.7434, 'FCD/Test': 15.043356657287468, 'SNN/Test': 0.5929613366274271, 'Frag/Test': 0.9223447077707183, 'Scaf/Test': 0.1825645773617227, 'FCD/TestSF': 15.856952730309473, 'SNN/TestSF': 0.523254522750491, 'Frag/TestSF': 0.9109540800090656, 'Scaf/TestSF': 0.04860770690937399, 'IntDiv': 0.8142725234668736, 'IntDiv2': 0.8037471533656795, 'Filters': 0.9849411404983948, 'logP': 0.3215038171596947, 'SA': 0.21023659107567816, 'QED': 0.01366779601264068, 'weight': 23.97681232229957, 'Novelty': 0.8906319466497301}
Epoch: 56:
	Train Loss: 0.339 --- Reconstruction Loss: 0.328 --- KL Loss: 27.541 --- Beta: 0.000375
	Validity: 0.87% --- Uniquene@1000: 0.93% --- Unique@10000: 0.74%

{'valid': 0.848, 'unique@1000': 0.926, 'unique@10000': 0.7292, 'FCD/Test': 15.205275709736462, 'SNN/Test': 0.5961049981075544, 'Frag/Test': 0.9525789692942852, 'Scaf/Test': 0.2332080113209094, 'FCD/TestSF': 15.715795709021897, 'SNN/TestSF': 0.538197302772025, 'Frag/TestSF': 0.9457212996781191, 'Scaf/TestSF': 0.055158110607443134, 'IntDiv': 0.81765927137982, 'IntDiv2': 0.8071635449940655, 'Filters': 0.9830188679245283, 'logP': 0.3535303526737937, 'SA': 0.23077186335087227, 'QED': 0.021884553805962572, 'weight': 26.542367329516477, 'Novelty': 0.8862867551392142}
Epoch: 57:
	Train Loss: 0.335 --- Reconstruction Loss: 0.325 --- KL Loss: 26.844 --- Beta: 0.000380
	Validity: 0.85% --- Uniquene@1000: 0.93% --- Unique@10000: 0.73%

{'valid': 0.6474666666666666, 'unique@1000': 0.942, 'unique@10000': 0.7461, 'FCD/Test': 14.60642085430365, 'SNN/Test': 0.5935400005067888, 'Frag/Test': 0.9364854514558689, 'Scaf/Test': 0.24781948842413182, 'FCD/TestSF': 15.072170074879772, 'SNN/TestSF': 0.5347997470347662, 'Frag/TestSF': 0.9271934495802396, 'Scaf/TestSF': 0.04546272573640242, 'IntDiv': 0.819348310068786, 'IntDiv2': 0.8088114619940886, 'Filters': 0.9800247116968699, 'logP': 0.4331588019043904, 'SA': 0.2312759060417267, 'QED': 0.017510020995009375, 'weight': 23.782872689247935, 'Novelty': 0.8895936105238431}
Epoch: 58:
	Train Loss: 0.331 --- Reconstruction Loss: 0.321 --- KL Loss: 26.250 --- Beta: 0.000385
	Validity: 0.65% --- Uniquene@1000: 0.94% --- Unique@10000: 0.75%

{'valid': 0.6746, 'unique@1000': 0.941, 'unique@10000': 0.7649, 'FCD/Test': 14.600368659247522, 'SNN/Test': 0.5932812059957326, 'Frag/Test': 0.9520890793684239, 'Scaf/Test': 0.2828621514370977, 'FCD/TestSF': 14.99324401701837, 'SNN/TestSF': 0.5388729808249603, 'Frag/TestSF': 0.9444476635526338, 'Scaf/TestSF': 0.07711421770537907, 'IntDiv': 0.8227054626505683, 'IntDiv2': 0.8122876038098982, 'Filters': 0.9823599169878446, 'logP': 0.28591975323316776, 'SA': 0.24641306156329254, 'QED': 0.016936046356863903, 'weight': 29.91352377383908, 'Novelty': 0.8876031839622641}
Epoch: 59:
	Train Loss: 0.328 --- Reconstruction Loss: 0.318 --- KL Loss: 25.686 --- Beta: 0.000390
	Validity: 0.67% --- Uniquene@1000: 0.94% --- Unique@10000: 0.76%

{'valid': 0.7511666666666666, 'unique@1000': 0.956, 'unique@10000': 0.7993, 'FCD/Test': 13.022438462673925, 'SNN/Test': 0.5829526288958486, 'Frag/Test': 0.9088735407118513, 'Scaf/Test': 0.26563345412494965, 'FCD/TestSF': 13.678440362345555, 'SNN/TestSF': 0.5236045474134053, 'Frag/TestSF': 0.8989309217431246, 'Scaf/TestSF': 0.05114666043497562, 'IntDiv': 0.8272707088393383, 'IntDiv2': 0.81733499748384, 'Filters': 0.9836254714887952, 'logP': 0.2901368151170022, 'SA': 0.20133024191539464, 'QED': 0.011008533350731209, 'weight': 30.64483384588243, 'Novelty': 0.8899699161492671}
Epoch: 60:
	Train Loss: 0.324 --- Reconstruction Loss: 0.314 --- KL Loss: 25.210 --- Beta: 0.000395
	Validity: 0.75% --- Uniquene@1000: 0.96% --- Unique@10000: 0.80%

{'valid': 0.9005666666666666, 'unique@1000': 0.951, 'unique@10000': 0.8009, 'FCD/Test': 14.655833362230254, 'SNN/Test': 0.5863249070376239, 'Frag/Test': 0.9201755819210751, 'Scaf/Test': 0.24674580778492572, 'FCD/TestSF': 15.569672147442276, 'SNN/TestSF': 0.5157267390334792, 'Frag/TestSF': 0.9099721741051656, 'Scaf/TestSF': 0.04996745303674699, 'IntDiv': 0.8222005536681968, 'IntDiv2': 0.8119324273247339, 'Filters': 0.9843061775918865, 'logP': 0.3078478730559001, 'SA': 0.2063686242517121, 'QED': 0.01203011822981775, 'weight': 26.90118294333181, 'Novelty': 0.8945865817503019}
Epoch: 61:
	Train Loss: 0.321 --- Reconstruction Loss: 0.311 --- KL Loss: 24.846 --- Beta: 0.000400
	Validity: 0.90% --- Uniquene@1000: 0.95% --- Unique@10000: 0.80%

{'valid': 0.9031, 'unique@1000': 0.977, 'unique@10000': 0.8526, 'FCD/Test': 13.62617004048321, 'SNN/Test': 0.5760758510378162, 'Frag/Test': 0.9232054494283772, 'Scaf/Test': 0.21990352157894777, 'FCD/TestSF': 14.47478233539583, 'SNN/TestSF': 0.5163550833694933, 'Frag/TestSF': 0.9139081202574154, 'Scaf/TestSF': 0.052660143687699, 'IntDiv': 0.8286027496501062, 'IntDiv2': 0.8186279618615221, 'Filters': 0.981028309895545, 'logP': 0.23098827527565385, 'SA': 0.19260260260133646, 'QED': 0.016595797827320992, 'weight': 32.641160941338796, 'Novelty': 0.9025451272563628}
Epoch: 62:
	Train Loss: 0.318 --- Reconstruction Loss: 0.308 --- KL Loss: 24.684 --- Beta: 0.000405
	Validity: 0.90% --- Uniquene@1000: 0.98% --- Unique@10000: 0.85%

{'valid': 0.8492666666666666, 'unique@1000': 0.973, 'unique@10000': 0.8539, 'FCD/Test': 13.427659593478012, 'SNN/Test': 0.5713976751537766, 'Frag/Test': 0.9248789544517065, 'Scaf/Test': 0.21464310784454477, 'FCD/TestSF': 14.245236002378874, 'SNN/TestSF': 0.5089962565877372, 'Frag/TestSF': 0.9152390275476521, 'Scaf/TestSF': 0.04088287222933207, 'IntDiv': 0.8332456196199911, 'IntDiv2': 0.8236837470908454, 'Filters': 0.9748410393280478, 'logP': 0.1923532715864541, 'SA': 0.12902830619527147, 'QED': 0.01135235199109785, 'weight': 31.957414730952834, 'Novelty': 0.9000261028452101}
Epoch: 63:
	Train Loss: 0.315 --- Reconstruction Loss: 0.305 --- KL Loss: 24.217 --- Beta: 0.000410
	Validity: 0.85% --- Uniquene@1000: 0.97% --- Unique@10000: 0.85%

{'valid': 0.6985666666666667, 'unique@1000': 0.964, 'unique@10000': 0.8231, 'FCD/Test': 12.57561967073876, 'SNN/Test': 0.5778312278057252, 'Frag/Test': 0.9226875263042758, 'Scaf/Test': 0.2639127137185693, 'FCD/TestSF': 13.260246168543091, 'SNN/TestSF': 0.5154250797124095, 'Frag/TestSF': 0.912598005300193, 'Scaf/TestSF': 0.047630568788644356, 'IntDiv': 0.8302306222233341, 'IntDiv2': 0.8204238015000146, 'Filters': 0.9822493677530181, 'logP': 0.2675888422549913, 'SA': 0.15304922254763395, 'QED': 0.013890928135446616, 'weight': 30.348887558737715, 'Novelty': 0.8984758460346164}
Epoch: 64:
	Train Loss: 0.313 --- Reconstruction Loss: 0.303 --- KL Loss: 23.998 --- Beta: 0.000415
	Validity: 0.70% --- Uniquene@1000: 0.96% --- Unique@10000: 0.82%

{'valid': 0.8723333333333333, 'unique@1000': 0.98, 'unique@10000': 0.8491, 'FCD/Test': 13.335505360945966, 'SNN/Test': 0.5727628640064676, 'Frag/Test': 0.945390633403355, 'Scaf/Test': 0.2563886117441654, 'FCD/TestSF': 14.088119853507663, 'SNN/TestSF': 0.5139983435361769, 'Frag/TestSF': 0.9356827252356849, 'Scaf/TestSF': 0.061999633100231266, 'IntDiv': 0.8355203970600744, 'IntDiv2': 0.8256898398389125, 'Filters': 0.9791746274359954, 'logP': 0.23071511374685638, 'SA': 0.15584905873166283, 'QED': 0.01223297433757709, 'weight': 32.71956748202223, 'Novelty': 0.8949299705411132}
Epoch: 65:
	Train Loss: 0.311 --- Reconstruction Loss: 0.301 --- KL Loss: 23.850 --- Beta: 0.000420
	Validity: 0.87% --- Uniquene@1000: 0.98% --- Unique@10000: 0.85%

{'valid': 0.8812333333333333, 'unique@1000': 0.981, 'unique@10000': 0.8819, 'FCD/Test': 13.41498755585306, 'SNN/Test': 0.561243651682573, 'Frag/Test': 0.9373223626487861, 'Scaf/Test': 0.25772756127054786, 'FCD/TestSF': 14.306713625067616, 'SNN/TestSF': 0.503810622479207, 'Frag/TestSF': 0.9271901102268193, 'Scaf/TestSF': 0.0641885313835745, 'IntDiv': 0.8359066273424268, 'IntDiv2': 0.8265117337716066, 'Filters': 0.9780988765744979, 'logP': 0.2042187777991693, 'SA': 0.13289817770761267, 'QED': 0.013465067330749479, 'weight': 32.9907296578136, 'Novelty': 0.9129740712074303}
Epoch: 66:
	Train Loss: 0.308 --- Reconstruction Loss: 0.297 --- KL Loss: 23.646 --- Beta: 0.000425
	Validity: 0.88% --- Uniquene@1000: 0.98% --- Unique@10000: 0.88%

{'valid': 0.8059000000000001, 'unique@1000': 0.977, 'unique@10000': 0.8781, 'FCD/Test': 12.378140620354984, 'SNN/Test': 0.5586683840150005, 'Frag/Test': 0.9368742186258199, 'Scaf/Test': 0.244086642888669, 'FCD/TestSF': 13.1803121561274, 'SNN/TestSF': 0.5032827929213921, 'Frag/TestSF': 0.9273128299331036, 'Scaf/TestSF': 0.04362081947351781, 'IntDiv': 0.8410930035219815, 'IntDiv2': 0.8316346908766141, 'Filters': 0.9794846341564296, 'logP': 0.21163914209155688, 'SA': 0.08363369847138781, 'QED': 0.010883979835973072, 'weight': 34.04510163473635, 'Novelty': 0.9021671181496145}
Epoch: 67:
	Train Loss: 0.306 --- Reconstruction Loss: 0.296 --- KL Loss: 23.586 --- Beta: 0.000430
	Validity: 0.81% --- Uniquene@1000: 0.98% --- Unique@10000: 0.88%

{'valid': 0.8951, 'unique@1000': 0.983, 'unique@10000': 0.8829, 'FCD/Test': 13.484895643174482, 'SNN/Test': 0.5585640314244356, 'Frag/Test': 0.9044937831861657, 'Scaf/Test': 0.24455602716235347, 'FCD/TestSF': 14.35542128095156, 'SNN/TestSF': 0.5000816862389961, 'Frag/TestSF': 0.895143355036812, 'Scaf/TestSF': 0.055583491035027244, 'IntDiv': 0.8364236490409359, 'IntDiv2': 0.8270545703731789, 'Filters': 0.9819014635236286, 'logP': 0.2812045203801766, 'SA': 0.13614828532009696, 'QED': 0.025143648475731865, 'weight': 31.636201109118453, 'Novelty': 0.9131271413150608}
Epoch: 68:
	Train Loss: 0.302 --- Reconstruction Loss: 0.292 --- KL Loss: 23.300 --- Beta: 0.000435
	Validity: 0.90% --- Uniquene@1000: 0.98% --- Unique@10000: 0.88%

{'valid': 0.9035666666666666, 'unique@1000': 0.98, 'unique@10000': 0.8687, 'FCD/Test': 13.514901369194092, 'SNN/Test': 0.5614193446339705, 'Frag/Test': 0.9260586654073312, 'Scaf/Test': 0.2570138172608605, 'FCD/TestSF': 14.311038307623562, 'SNN/TestSF': 0.5042350614900304, 'Frag/TestSF': 0.9168967520160919, 'Scaf/TestSF': 0.057924637878294494, 'IntDiv': 0.8343323500912843, 'IntDiv2': 0.8251012621387499, 'Filters': 0.974766665436972, 'logP': 0.29456246461368957, 'SA': 0.13666920872274946, 'QED': 0.010310293256820858, 'weight': 32.95161262985217, 'Novelty': 0.9032943676939427}
Epoch: 69:
	Train Loss: 0.300 --- Reconstruction Loss: 0.290 --- KL Loss: 23.235 --- Beta: 0.000440
	Validity: 0.90% --- Uniquene@1000: 0.98% --- Unique@10000: 0.87%

{'valid': 0.8976666666666666, 'unique@1000': 0.991, 'unique@10000': 0.8923, 'FCD/Test': 12.319066444015888, 'SNN/Test': 0.554903592796207, 'Frag/Test': 0.9300814834220462, 'Scaf/Test': 0.2800436265853259, 'FCD/TestSF': 13.239869729818189, 'SNN/TestSF': 0.4967880339016934, 'Frag/TestSF': 0.9198930694376304, 'Scaf/TestSF': 0.04493063218792248, 'IntDiv': 0.8409063992006631, 'IntDiv2': 0.8315044223233989, 'Filters': 0.9786483475677683, 'logP': 0.21392192795623563, 'SA': 0.09216247828681122, 'QED': 0.012353923380758912, 'weight': 32.86824007284209, 'Novelty': 0.909564327893244}
Epoch: 70:
	Train Loss: 0.297 --- Reconstruction Loss: 0.287 --- KL Loss: 23.080 --- Beta: 0.000445
	Validity: 0.90% --- Uniquene@1000: 0.99% --- Unique@10000: 0.89%

{'valid': 0.9077999999999999, 'unique@1000': 0.99, 'unique@10000': 0.9064, 'FCD/Test': 12.857995105070927, 'SNN/Test': 0.5554505362997297, 'Frag/Test': 0.9271275021029888, 'Scaf/Test': 0.24703994932828133, 'FCD/TestSF': 13.830483325620882, 'SNN/TestSF': 0.4951313229207558, 'Frag/TestSF': 0.9156917972049853, 'Scaf/TestSF': 0.05796817174029767, 'IntDiv': 0.8371459977701866, 'IntDiv2': 0.8275585692565521, 'Filters': 0.9799882499816406, 'logP': 0.2060317072423941, 'SA': 0.09785408365275794, 'QED': 0.017329180756015902, 'weight': 32.063041197250655, 'Novelty': 0.9139021965108922}
Epoch: 71:
	Train Loss: 0.296 --- Reconstruction Loss: 0.286 --- KL Loss: 23.153 --- Beta: 0.000450
	Validity: 0.91% --- Uniquene@1000: 0.99% --- Unique@10000: 0.91%

{'valid': 0.8863333333333333, 'unique@1000': 0.993, 'unique@10000': 0.9191, 'FCD/Test': 12.108490347886196, 'SNN/Test': 0.5506860974202393, 'Frag/Test': 0.9410583894833155, 'Scaf/Test': 0.2889889030600524, 'FCD/TestSF': 12.872635554287633, 'SNN/TestSF': 0.4979283909167325, 'Frag/TestSF': 0.9327003621133954, 'Scaf/TestSF': 0.06114358068517889, 'IntDiv': 0.8421458693901145, 'IntDiv2': 0.8332818382791101, 'Filters': 0.9684843926288078, 'logP': 0.2639545764709096, 'SA': 0.08346247909025642, 'QED': 0.010041679753487822, 'weight': 33.333737644421745, 'Novelty': 0.9134390199963971}
Epoch: 72:
	Train Loss: 0.293 --- Reconstruction Loss: 0.282 --- KL Loss: 22.892 --- Beta: 0.000455
	Validity: 0.89% --- Uniquene@1000: 0.99% --- Unique@10000: 0.92%

{'valid': 0.8898333333333334, 'unique@1000': 0.982, 'unique@10000': 0.9028, 'FCD/Test': 12.815868968567244, 'SNN/Test': 0.5554663886150231, 'Frag/Test': 0.9304197526084901, 'Scaf/Test': 0.3034881794074089, 'FCD/TestSF': 13.653314022718526, 'SNN/TestSF': 0.4992761489547444, 'Frag/TestSF': 0.9205016016012204, 'Scaf/TestSF': 0.059386181555189155, 'IntDiv': 0.8432119779590792, 'IntDiv2': 0.8338624108135418, 'Filters': 0.9747892863832178, 'logP': 0.26014522564625914, 'SA': 0.12677494878670628, 'QED': 0.0067507871123880835, 'weight': 35.77453252810667, 'Novelty': 0.9132966383114225}
Epoch: 73:
	Train Loss: 0.291 --- Reconstruction Loss: 0.280 --- KL Loss: 22.590 --- Beta: 0.000460
	Validity: 0.89% --- Uniquene@1000: 0.98% --- Unique@10000: 0.90%

{'valid': 0.8690333333333333, 'unique@1000': 0.988, 'unique@10000': 0.9126, 'FCD/Test': 12.519401364748767, 'SNN/Test': 0.5536916308243024, 'Frag/Test': 0.9333178643372344, 'Scaf/Test': 0.28683711089479247, 'FCD/TestSF': 13.373375895049847, 'SNN/TestSF': 0.4973515425656014, 'Frag/TestSF': 0.9235028014142735, 'Scaf/TestSF': 0.05071610503199564, 'IntDiv': 0.8436980868223716, 'IntDiv2': 0.8344873102878896, 'Filters': 0.9777914157493, 'logP': 0.23786113870802406, 'SA': 0.1229272464327422, 'QED': 0.006910379006136478, 'weight': 37.30947628678154, 'Novelty': 0.9113511500139678}
Epoch: 74:
	Train Loss: 0.289 --- Reconstruction Loss: 0.279 --- KL Loss: 22.656 --- Beta: 0.000465
	Validity: 0.87% --- Uniquene@1000: 0.99% --- Unique@10000: 0.91%

{'valid': 0.8862, 'unique@1000': 0.981, 'unique@10000': 0.9108, 'FCD/Test': 12.045907144707584, 'SNN/Test': 0.5528000291916969, 'Frag/Test': 0.9173010544275018, 'Scaf/Test': 0.24327550982282398, 'FCD/TestSF': 12.840269856264598, 'SNN/TestSF': 0.49577130734212044, 'Frag/TestSF': 0.9074932109957126, 'Scaf/TestSF': 0.04876696781532508, 'IntDiv': 0.843808262631567, 'IntDiv2': 0.8342749512408026, 'Filters': 0.9743850146693749, 'logP': 0.2620929481323413, 'SA': 0.09116500900007901, 'QED': 0.019392332756299473, 'weight': 30.639830029677196, 'Novelty': 0.914725175299706}
Epoch: 75:
	Train Loss: 0.287 --- Reconstruction Loss: 0.276 --- KL Loss: 22.526 --- Beta: 0.000470
	Validity: 0.89% --- Uniquene@1000: 0.98% --- Unique@10000: 0.91%

{'valid': 0.8601, 'unique@1000': 0.988, 'unique@10000': 0.911, 'FCD/Test': 12.492471490178318, 'SNN/Test': 0.5588916809756234, 'Frag/Test': 0.918256571294561, 'Scaf/Test': 0.2188670101013348, 'FCD/TestSF': 13.367169441619424, 'SNN/TestSF': 0.5006876221913513, 'Frag/TestSF': 0.9078448787707952, 'Scaf/TestSF': 0.051823257744766704, 'IntDiv': 0.8386183056425722, 'IntDiv2': 0.8293038503638274, 'Filters': 0.9741115374181297, 'logP': 0.2364199627426845, 'SA': 0.14091666123942778, 'QED': 0.008833363144107048, 'weight': 31.19823270530636, 'Novelty': 0.9102974397590361}
Epoch: 76:
	Train Loss: 0.285 --- Reconstruction Loss: 0.274 --- KL Loss: 22.330 --- Beta: 0.000475
	Validity: 0.86% --- Uniquene@1000: 0.99% --- Unique@10000: 0.91%

{'valid': 0.8124333333333333, 'unique@1000': 0.984, 'unique@10000': 0.9113, 'FCD/Test': 12.303364794241602, 'SNN/Test': 0.5528827366179437, 'Frag/Test': 0.91683018132443, 'Scaf/Test': 0.26581153323775597, 'FCD/TestSF': 13.093904047589874, 'SNN/TestSF': 0.5015308303060076, 'Frag/TestSF': 0.9070546088905215, 'Scaf/TestSF': 0.08109852470777745, 'IntDiv': 0.8401000090485197, 'IntDiv2': 0.8311526287489952, 'Filters': 0.972182332909367, 'logP': 0.24318606178370933, 'SA': 0.1148505636214617, 'QED': 0.012226792909168293, 'weight': 32.033514703372425, 'Novelty': 0.9127605440845484}
Epoch: 77:
	Train Loss: 0.283 --- Reconstruction Loss: 0.272 --- KL Loss: 22.275 --- Beta: 0.000480
	Validity: 0.81% --- Uniquene@1000: 0.98% --- Unique@10000: 0.91%

{'valid': 0.9072333333333333, 'unique@1000': 0.99, 'unique@10000': 0.9217, 'FCD/Test': 11.944828447256313, 'SNN/Test': 0.5460963147706515, 'Frag/Test': 0.9311339564454814, 'Scaf/Test': 0.2503540841355839, 'FCD/TestSF': 12.804195295981117, 'SNN/TestSF': 0.495240773527278, 'Frag/TestSF': 0.9230083845020125, 'Scaf/TestSF': 0.06409130189472756, 'IntDiv': 0.8454551706820903, 'IntDiv2': 0.8364584738298333, 'Filters': 0.9727008854759893, 'logP': 0.22358883990793757, 'SA': 0.0737968261797824, 'QED': 0.009351935728025841, 'weight': 33.743922827805115, 'Novelty': 0.9122110771914522}
Epoch: 78:
	Train Loss: 0.281 --- Reconstruction Loss: 0.270 --- KL Loss: 22.234 --- Beta: 0.000485
	Validity: 0.91% --- Uniquene@1000: 0.99% --- Unique@10000: 0.92%

{'valid': 0.8325666666666667, 'unique@1000': 0.991, 'unique@10000': 0.9239, 'FCD/Test': 11.652869382532742, 'SNN/Test': 0.5459009749350194, 'Frag/Test': 0.9301885872029655, 'Scaf/Test': 0.32131239569710524, 'FCD/TestSF': 12.46614225327469, 'SNN/TestSF': 0.4965074742072319, 'Frag/TestSF': 0.9222913972579558, 'Scaf/TestSF': 0.08591161826770877, 'IntDiv': 0.843850178497942, 'IntDiv2': 0.8351168972879571, 'Filters': 0.967970532890259, 'logP': 0.19160901715357304, 'SA': 0.07035721748710232, 'QED': 0.014987435974124599, 'weight': 30.68795650151829, 'Novelty': 0.9186100529592122}
Epoch: 79:
	Train Loss: 0.279 --- Reconstruction Loss: 0.268 --- KL Loss: 22.048 --- Beta: 0.000490
	Validity: 0.83% --- Uniquene@1000: 0.99% --- Unique@10000: 0.92%

{'valid': 0.8722666666666666, 'unique@1000': 0.992, 'unique@10000': 0.9111, 'FCD/Test': 12.0483428959391, 'SNN/Test': 0.5444301641681433, 'Frag/Test': 0.9100189441749835, 'Scaf/Test': 0.21720582158614699, 'FCD/TestSF': 12.850707509530189, 'SNN/TestSF': 0.49103242329323793, 'Frag/TestSF': 0.9003186480048685, 'Scaf/TestSF': 0.05067025046474616, 'IntDiv': 0.8427121803676034, 'IntDiv2': 0.833721164872925, 'Filters': 0.9756572913482116, 'logP': 0.19603198501172928, 'SA': 0.06036646315046608, 'QED': 0.015865063059438286, 'weight': 32.92379609905324, 'Novelty': 0.9168279421251497}
Epoch: 80:
	Train Loss: 0.277 --- Reconstruction Loss: 0.266 --- KL Loss: 21.936 --- Beta: 0.000495
	Validity: 0.87% --- Uniquene@1000: 0.99% --- Unique@10000: 0.91%

