2024-02-15 06:42:42.834668: E external/local_xla/xla/stream_executor/cuda/cuda_dnn.cc:9261] Unable to register cuDNN factory: Attempting to register factory for plugin cuDNN when one has already been registered
2024-02-15 06:42:42.834743: E external/local_xla/xla/stream_executor/cuda/cuda_fft.cc:607] Unable to register cuFFT factory: Attempting to register factory for plugin cuFFT when one has already been registered
2024-02-15 06:42:42.836724: E external/local_xla/xla/stream_executor/cuda/cuda_blas.cc:1515] Unable to register cuBLAS factory: Attempting to register factory for plugin cuBLAS when one has already been registered
2024-02-15 06:42:42.843351: I tensorflow/core/platform/cpu_feature_guard.cc:182] This TensorFlow binary is optimized to use available CPU instructions in performance-critical operations.
To enable the following instructions: AVX2 FMA, in other operations, rebuild TensorFlow with the appropriate compiler flags.
2024-02-15 06:42:43.747133: W tensorflow/compiler/tf2tensorrt/utils/py_utils.cc:38] TF-TRT Warning: Could not find TensorRT

Arguments:
	data_path: data/moses_train.txt
	max_len: 30
	batch: 128
	d_model: 512
	d_latent: 256
	d_ff: 1024
	e_heads: 1
	d_heads: 8
	n_layers: 8
	dropout: 0.5
	lr: 0.0005
	n_epochs: 100
	kl_type: cyclic
	kl_w_start: 0.0001
	kl_w_end: 0.0005
	kl_cycle: 6
	kl_ratio: 1.0
	save_name: klcompare

Number of data: 88192

SMILES Vocab:
	 {'<START>': 0, '<END>': 1, '<PAD>': 2, 'C': 3, 'O': 4, 'c': 5, '1': 6, '(': 7, '=': 8, ')': 9, 'N': 10, 'n': 11, '2': 12, 'F': 13, 'Cl': 14, 'Br': 15, '#': 16, '3': 17, 'S': 18, 'o': 19, '-': 20, 's': 21, '[nH]': 22, '4': 23}

Graph Vocab:
	 {'C': 0, 'O': 1, 'N': 2, 'F': 3, 'Cl': 4, 'Br': 5, 'S': 6}


KL Annealer: [0.0001   0.000124 0.000148 0.000172 0.000196 0.00022  0.000244 0.000268
 0.000292 0.000316 0.00034  0.000364 0.000388 0.000412 0.000436 0.00046
 0.0001   0.000124 0.000148 0.000172 0.000196 0.00022  0.000244 0.000268
 0.000292 0.000316 0.00034  0.000364 0.000388 0.000412 0.000436 0.00046
 0.000484 0.0001   0.000124 0.000148 0.000172 0.000196 0.00022  0.000244
 0.000268 0.000292 0.000316 0.00034  0.000364 0.000388 0.000412 0.000436
 0.00046  0.000484 0.0001   0.000124 0.000148 0.000172 0.000196 0.00022
 0.000244 0.000268 0.000292 0.000316 0.00034  0.000364 0.000388 0.000412
 0.000436 0.00046  0.0001   0.000124 0.000148 0.000172 0.000196 0.00022
 0.000244 0.000268 0.000292 0.000316 0.00034  0.000364 0.000388 0.000412
 0.000436 0.00046  0.000484 0.0001   0.000124 0.000148 0.000172 0.000196
 0.00022  0.000244 0.000268 0.000292 0.000316 0.00034  0.000364 0.000388
 0.000412 0.000436 0.00046  0.000484]




#########################################################################
######################### START TRAINING ################################
#########################################################################




{'valid': 0.7580333333333333, 'unique@1000': 0.398, 'unique@10000': 0.1569, 'FCD/Test': 30.70340005746194, 'SNN/Test': 0.6436912821114605, 'Frag/Test': 0.8371091816954109, 'Scaf/Test': 0.25812833667033563, 'FCD/TestSF': 32.2466716518021, 'SNN/TestSF': 0.5594710190589413, 'Frag/TestSF': 0.8261647154890318, 'Scaf/TestSF': 0.02367599810926857, 'IntDiv': 0.716568211436885, 'IntDiv2': 0.6840786802306091, 'Filters': 0.9730882546941647, 'logP': 0.23418525379859542, 'SA': 0.5148272915605254, 'QED': 0.08008751534401047, 'weight': 6.467852554944714, 'Novelty': 0.9047411918225315}
Epoch: 31:
	Train Loss: 0.504 --- Reconstruction Loss: 0.481 --- KL Loss: 53.431 --- Beta: 0.000436
	Validity: 0.76% --- Uniquene@1000: 0.40% --- Unique@10000: 0.16%

{'valid': 0.7902, 'unique@1000': 0.464, 'unique@10000': 0.1855, 'FCD/Test': 28.362271592078685, 'SNN/Test': 0.6730742758787565, 'Frag/Test': 0.8778305492849785, 'Scaf/Test': 0.20666197435519462, 'FCD/TestSF': 29.908045598166822, 'SNN/TestSF': 0.5497207872391673, 'Frag/TestSF': 0.8668501949955285, 'Scaf/TestSF': 0.03735239776746502, 'IntDiv': 0.7178263009004247, 'IntDiv2': 0.6886261831628906, 'Filters': 0.996962794229309, 'logP': 0.3373731450261338, 'SA': 0.4995186438994973, 'QED': 0.05733619353509587, 'weight': 8.554391117492456, 'Novelty': 0.8977191732002852}
Epoch: 32:
	Train Loss: 0.496 --- Reconstruction Loss: 0.475 --- KL Loss: 47.164 --- Beta: 0.000460
	Validity: 0.79% --- Uniquene@1000: 0.46% --- Unique@10000: 0.19%

{'valid': 0.7789333333333334, 'unique@1000': 0.5, 'unique@10000': 0.2053, 'FCD/Test': 30.854069696305437, 'SNN/Test': 0.6218380427261567, 'Frag/Test': 0.811074299556614, 'Scaf/Test': 0.2167378782171382, 'FCD/TestSF': 32.386052865772655, 'SNN/TestSF': 0.5393422251667359, 'Frag/TestSF': 0.7987673489014434, 'Scaf/TestSF': 0.01984847564550829, 'IntDiv': 0.6927313810116755, 'IntDiv2': 0.6689308412089472, 'Filters': 0.9875042793563849, 'logP': 0.2344545368208334, 'SA': 0.4540021865202834, 'QED': 0.08708353175962831, 'weight': 9.044528972840514, 'Novelty': 0.9130850047755492}
Epoch: 33:
	Train Loss: 0.487 --- Reconstruction Loss: 0.466 --- KL Loss: 42.774 --- Beta: 0.000484
	Validity: 0.78% --- Uniquene@1000: 0.50% --- Unique@10000: 0.21%

{'valid': 0.7692, 'unique@1000': 0.391, 'unique@10000': 0.1563, 'FCD/Test': 30.05428116686474, 'SNN/Test': 0.6352474334363839, 'Frag/Test': 0.8164672145763494, 'Scaf/Test': 0.20798404723056885, 'FCD/TestSF': 31.719658888847356, 'SNN/TestSF': 0.5166647171055677, 'Frag/TestSF': 0.8034966280012722, 'Scaf/TestSF': 0.014019886149586158, 'IntDiv': 0.7000557763547193, 'IntDiv2': 0.6707077794759486, 'Filters': 0.9928497139885596, 'logP': 0.20358592288057725, 'SA': 0.4201485519506471, 'QED': 0.07842575243990325, 'weight': 5.823043024687712, 'Novelty': 0.9095856006697363}
Epoch: 34:
	Train Loss: 0.462 --- Reconstruction Loss: 0.455 --- KL Loss: 68.947 --- Beta: 0.000100
	Validity: 0.77% --- Uniquene@1000: 0.39% --- Unique@10000: 0.16%

{'valid': 0.6833666666666667, 'unique@1000': 0.491, 'unique@10000': 0.1973, 'FCD/Test': 27.96767828244876, 'SNN/Test': 0.6146371405864075, 'Frag/Test': 0.8501022628649746, 'Scaf/Test': 0.10774727223846081, 'FCD/TestSF': 29.467713434847226, 'SNN/TestSF': 0.5236953209943349, 'Frag/TestSF': 0.8396672040184615, 'Scaf/TestSF': 0.024084885389227928, 'IntDiv': 0.7592377512668116, 'IntDiv2': 0.7327199513669338, 'Filters': 0.9905858250817033, 'logP': 0.3815534592122918, 'SA': 0.35160665150392345, 'QED': 0.0399659110088402, 'weight': 9.470406827485878, 'Novelty': 0.9048132183908046}
Epoch: 35:
	Train Loss: 0.455 --- Reconstruction Loss: 0.446 --- KL Loss: 72.619 --- Beta: 0.000124
	Validity: 0.68% --- Uniquene@1000: 0.49% --- Unique@10000: 0.20%

{'valid': 0.7058, 'unique@1000': 0.513, 'unique@10000': 0.2069, 'FCD/Test': 25.408194511865247, 'SNN/Test': 0.6291894496818704, 'Frag/Test': 0.8847672449516286, 'Scaf/Test': 0.20566074783159038, 'FCD/TestSF': 27.034085760087734, 'SNN/TestSF': 0.5154068244492196, 'Frag/TestSF': 0.8716787056104666, 'Scaf/TestSF': 0.0175848505571522, 'IntDiv': 0.7622502354210504, 'IntDiv2': 0.7405372480565175, 'Filters': 0.9828563332388779, 'logP': 0.3936424133355292, 'SA': 0.2592752536491219, 'QED': 0.04159534345321265, 'weight': 7.722099982437184, 'Novelty': 0.8896643403123962}
Epoch: 36:
	Train Loss: 0.449 --- Reconstruction Loss: 0.438 --- KL Loss: 71.722 --- Beta: 0.000148
	Validity: 0.71% --- Uniquene@1000: 0.51% --- Unique@10000: 0.21%

{'valid': 0.8167666666666666, 'unique@1000': 0.616, 'unique@10000': 0.2481, 'FCD/Test': 25.399001186340584, 'SNN/Test': 0.6247116940128936, 'Frag/Test': 0.8597144647601771, 'Scaf/Test': 0.2573196587997315, 'FCD/TestSF': 26.963209918021853, 'SNN/TestSF': 0.5140823553553582, 'Frag/TestSF': 0.8473729911511079, 'Scaf/TestSF': 0.01714318305881546, 'IntDiv': 0.7646506565168449, 'IntDiv2': 0.7449282365598078, 'Filters': 0.9913071868750766, 'logP': 0.4329119473413248, 'SA': 0.32044160278745276, 'QED': 0.04320710474410729, 'weight': 8.002295841669541, 'Novelty': 0.8899558785362055}
Epoch: 37:
	Train Loss: 0.442 --- Reconstruction Loss: 0.430 --- KL Loss: 68.727 --- Beta: 0.000172
	Validity: 0.82% --- Uniquene@1000: 0.62% --- Unique@10000: 0.25%

{'valid': 0.7904333333333333, 'unique@1000': 0.637, 'unique@10000': 0.2884, 'FCD/Test': 23.18645842987503, 'SNN/Test': 0.6148950026040637, 'Frag/Test': 0.9334275973609282, 'Scaf/Test': 0.1850049061026342, 'FCD/TestSF': 24.697235144897, 'SNN/TestSF': 0.5217072180506601, 'Frag/TestSF': 0.9224508703432673, 'Scaf/TestSF': 0.01835193085068476, 'IntDiv': 0.7800749968793937, 'IntDiv2': 0.7628736434426782, 'Filters': 0.9840593767131953, 'logP': 0.4569332943709852, 'SA': 0.33197503129101025, 'QED': 0.01287042065930276, 'weight': 10.960991873745346, 'Novelty': 0.892418930762489}
Epoch: 38:
	Train Loss: 0.433 --- Reconstruction Loss: 0.421 --- KL Loss: 63.879 --- Beta: 0.000196
	Validity: 0.79% --- Uniquene@1000: 0.64% --- Unique@10000: 0.29%

{'valid': 0.8438666666666667, 'unique@1000': 0.659, 'unique@10000': 0.3161, 'FCD/Test': 21.351139527641045, 'SNN/Test': 0.6046630334015479, 'Frag/Test': 0.8579349970488052, 'Scaf/Test': 0.16190092972874948, 'FCD/TestSF': 22.49177575983068, 'SNN/TestSF': 0.5289376504303701, 'Frag/TestSF': 0.8452154238358471, 'Scaf/TestSF': 0.04409995501769093, 'IntDiv': 0.7763925387420272, 'IntDiv2': 0.7580630400014787, 'Filters': 0.9780771053878969, 'logP': 0.4767664789024657, 'SA': 0.27199431511131156, 'QED': 0.0353579660198392, 'weight': 11.34215049280039, 'Novelty': 0.8993464052287582}
Epoch: 39:
	Train Loss: 0.425 --- Reconstruction Loss: 0.413 --- KL Loss: 58.457 --- Beta: 0.000220
	Validity: 0.84% --- Uniquene@1000: 0.66% --- Unique@10000: 0.32%

{'valid': 0.8037666666666666, 'unique@1000': 0.738, 'unique@10000': 0.3631, 'FCD/Test': 19.765148204795267, 'SNN/Test': 0.5921817461061679, 'Frag/Test': 0.8562504026127837, 'Scaf/Test': 0.1811807740960133, 'FCD/TestSF': 20.943087231644633, 'SNN/TestSF': 0.5047347849832904, 'Frag/TestSF': 0.8437993173327258, 'Scaf/TestSF': 0.036598828973895436, 'IntDiv': 0.7953026148862334, 'IntDiv2': 0.7803135704065398, 'Filters': 0.9871023929000954, 'logP': 0.4366661012521651, 'SA': 0.12217576653810815, 'QED': 0.046595192236167614, 'weight': 16.92780661054366, 'Novelty': 0.9091352405721717}
Epoch: 40:
	Train Loss: 0.418 --- Reconstruction Loss: 0.405 --- KL Loss: 54.018 --- Beta: 0.000244
	Validity: 0.80% --- Uniquene@1000: 0.74% --- Unique@10000: 0.36%

{'valid': 0.7899333333333334, 'unique@1000': 0.755, 'unique@10000': 0.3748, 'FCD/Test': 20.9854536067631, 'SNN/Test': 0.6115803195121007, 'Frag/Test': 0.8421937229654469, 'Scaf/Test': 0.18561828542001602, 'FCD/TestSF': 22.19787603786166, 'SNN/TestSF': 0.5275228144119174, 'Frag/TestSF': 0.8280289505888373, 'Scaf/TestSF': 0.06809398114803777, 'IntDiv': 0.7828868931951, 'IntDiv2': 0.766003319715305, 'Filters': 0.9931639800827075, 'logP': 0.45942749884963646, 'SA': 0.24151076598340643, 'QED': 0.06323998400469175, 'weight': 10.207453222968262, 'Novelty': 0.89392}
Epoch: 41:
	Train Loss: 0.410 --- Reconstruction Loss: 0.397 --- KL Loss: 48.894 --- Beta: 0.000268
	Validity: 0.79% --- Uniquene@1000: 0.76% --- Unique@10000: 0.37%

{'valid': 0.7976333333333333, 'unique@1000': 0.812, 'unique@10000': 0.4712, 'FCD/Test': 18.264805289690678, 'SNN/Test': 0.6060858047622769, 'Frag/Test': 0.9417017296066102, 'Scaf/Test': 0.1822623550079827, 'FCD/TestSF': 18.91591206049776, 'SNN/TestSF': 0.5373422179318654, 'Frag/TestSF': 0.933082969515508, 'Scaf/TestSF': 0.03673143112139432, 'IntDiv': 0.7986168044951879, 'IntDiv2': 0.786147211458561, 'Filters': 0.9869614275565214, 'logP': 0.5607306874385524, 'SA': 0.27283669779213376, 'QED': 0.022965149049567073, 'weight': 17.603798052149642, 'Novelty': 0.896324673769903}
Epoch: 42:
	Train Loss: 0.404 --- Reconstruction Loss: 0.391 --- KL Loss: 44.490 --- Beta: 0.000292
	Validity: 0.80% --- Uniquene@1000: 0.81% --- Unique@10000: 0.47%

{'valid': 0.9077333333333333, 'unique@1000': 0.829, 'unique@10000': 0.5095, 'FCD/Test': 19.229815418987215, 'SNN/Test': 0.6146789311762947, 'Frag/Test': 0.9157277690638522, 'Scaf/Test': 0.20827085755363972, 'FCD/TestSF': 20.09491184420989, 'SNN/TestSF': 0.5356968182175214, 'Frag/TestSF': 0.9047936450017265, 'Scaf/TestSF': 0.034680485508628456, 'IntDiv': 0.7964516719409711, 'IntDiv2': 0.7835229350493008, 'Filters': 0.9887264982373678, 'logP': 0.4556357673550235, 'SA': 0.2764776374993742, 'QED': 0.024326133576353427, 'weight': 17.650819247244485, 'Novelty': 0.8925739005046863}
Epoch: 43:
	Train Loss: 0.397 --- Reconstruction Loss: 0.384 --- KL Loss: 40.955 --- Beta: 0.000316
	Validity: 0.91% --- Uniquene@1000: 0.83% --- Unique@10000: 0.51%

{'valid': 0.7919333333333334, 'unique@1000': 0.81, 'unique@10000': 0.4973, 'FCD/Test': 19.15183480583932, 'SNN/Test': 0.6150536414200393, 'Frag/Test': 0.918306344148335, 'Scaf/Test': 0.16409937234577798, 'FCD/TestSF': 19.87899613776245, 'SNN/TestSF': 0.5437604561686435, 'Frag/TestSF': 0.9075151832577177, 'Scaf/TestSF': 0.04999672272951916, 'IntDiv': 0.7943864749962126, 'IntDiv2': 0.7805528935706039, 'Filters': 0.9888458624463339, 'logP': 0.40783393604527746, 'SA': 0.3101187978712054, 'QED': 0.020494714358530227, 'weight': 18.9698748856186, 'Novelty': 0.8859934853420195}
Epoch: 44:
	Train Loss: 0.392 --- Reconstruction Loss: 0.380 --- KL Loss: 38.035 --- Beta: 0.000340
	Validity: 0.79% --- Uniquene@1000: 0.81% --- Unique@10000: 0.50%

{'valid': 0.8426333333333333, 'unique@1000': 0.839, 'unique@10000': 0.5524, 'FCD/Test': 17.70349023062048, 'SNN/Test': 0.6063569433884868, 'Frag/Test': 0.9368523187294644, 'Scaf/Test': 0.18644612161524343, 'FCD/TestSF': 18.407074630102386, 'SNN/TestSF': 0.5343671610662231, 'Frag/TestSF': 0.9284392359369948, 'Scaf/TestSF': 0.027851730557313936, 'IntDiv': 0.8062889817854691, 'IntDiv2': 0.7940191716880942, 'Filters': 0.9893983148067566, 'logP': 0.4477883598816194, 'SA': 0.25593479778705625, 'QED': 0.02920199614603404, 'weight': 20.875516967252597, 'Novelty': 0.8821289155479387}
Epoch: 45:
	Train Loss: 0.386 --- Reconstruction Loss: 0.374 --- KL Loss: 34.783 --- Beta: 0.000364
	Validity: 0.84% --- Uniquene@1000: 0.84% --- Unique@10000: 0.55%

{'valid': 0.8658666666666667, 'unique@1000': 0.879, 'unique@10000': 0.5767, 'FCD/Test': 18.50252128880583, 'SNN/Test': 0.6116365343619116, 'Frag/Test': 0.9234591708972679, 'Scaf/Test': 0.1759174478390374, 'FCD/TestSF': 19.119669950508325, 'SNN/TestSF': 0.5501155416608261, 'Frag/TestSF': 0.917613321422605, 'Scaf/TestSF': 0.03829594041007767, 'IntDiv': 0.8052729916450214, 'IntDiv2': 0.7927625645772891, 'Filters': 0.9872959655066215, 'logP': 0.520360262273981, 'SA': 0.2771099309232061, 'QED': 0.028300727244087217, 'weight': 20.41884261824925, 'Novelty': 0.8874706954936181}
Epoch: 46:
	Train Loss: 0.382 --- Reconstruction Loss: 0.369 --- KL Loss: 32.989 --- Beta: 0.000388
	Validity: 0.87% --- Uniquene@1000: 0.88% --- Unique@10000: 0.58%

{'valid': 0.8722666666666666, 'unique@1000': 0.885, 'unique@10000': 0.6089, 'FCD/Test': 17.580679855290953, 'SNN/Test': 0.6156737971452991, 'Frag/Test': 0.9230020040366076, 'Scaf/Test': 0.17173822758803736, 'FCD/TestSF': 18.35572835679268, 'SNN/TestSF': 0.5460966106951783, 'Frag/TestSF': 0.9150274009962098, 'Scaf/TestSF': 0.025400482972114502, 'IntDiv': 0.7999283918096607, 'IntDiv2': 0.7884864282135979, 'Filters': 0.9813512687251605, 'logP': 0.42343714603206284, 'SA': 0.26064292648403353, 'QED': 0.020234461218699384, 'weight': 19.4158209824789, 'Novelty': 0.8826023153432252}
Epoch: 47:
	Train Loss: 0.377 --- Reconstruction Loss: 0.365 --- KL Loss: 30.718 --- Beta: 0.000412
	Validity: 0.87% --- Uniquene@1000: 0.89% --- Unique@10000: 0.61%

{'valid': 0.9149666666666667, 'unique@1000': 0.896, 'unique@10000': 0.6341, 'FCD/Test': 17.566248693090884, 'SNN/Test': 0.6097367965696053, 'Frag/Test': 0.9050450840023023, 'Scaf/Test': 0.1906136328384478, 'FCD/TestSF': 18.522814243600735, 'SNN/TestSF': 0.5328673573693377, 'Frag/TestSF': 0.893484961292063, 'Scaf/TestSF': 0.032468120813859414, 'IntDiv': 0.8071101112442788, 'IntDiv2': 0.7948982268392243, 'Filters': 0.9883420161025902, 'logP': 0.31788165765822984, 'SA': 0.2389195131220256, 'QED': 0.0153550818960782, 'weight': 25.40724817092751, 'Novelty': 0.8766596258298129}
Epoch: 48:
	Train Loss: 0.372 --- Reconstruction Loss: 0.360 --- KL Loss: 29.106 --- Beta: 0.000436
	Validity: 0.91% --- Uniquene@1000: 0.90% --- Unique@10000: 0.63%

{'valid': 0.9486333333333333, 'unique@1000': 0.925, 'unique@10000': 0.6675, 'FCD/Test': 16.327301734865223, 'SNN/Test': 0.6199245589666388, 'Frag/Test': 0.9277785663954066, 'Scaf/Test': 0.29070666825608293, 'FCD/TestSF': 17.220666918420314, 'SNN/TestSF': 0.5451558529566201, 'Frag/TestSF': 0.9187239025720026, 'Scaf/TestSF': 0.04069040516547395, 'IntDiv': 0.8070689905703983, 'IntDiv2': 0.7958765656601337, 'Filters': 0.9881232650479638, 'logP': 0.4039427528856959, 'SA': 0.30500575349749115, 'QED': 0.020174736519993738, 'weight': 23.188664340644216, 'Novelty': 0.8632091890010442}
Epoch: 49:
	Train Loss: 0.367 --- Reconstruction Loss: 0.355 --- KL Loss: 27.849 --- Beta: 0.000460
	Validity: 0.95% --- Uniquene@1000: 0.93% --- Unique@10000: 0.67%

slurmstepd: error: *** JOB 8257229 ON hpctpa3pc0058 CANCELLED AT 2024-02-15T10:04:48 ***
