2024-02-15 02:31:21.040627: E external/local_xla/xla/stream_executor/cuda/cuda_dnn.cc:9261] Unable to register cuDNN factory: Attempting to register factory for plugin cuDNN when one has already been registered
2024-02-15 02:31:21.040698: E external/local_xla/xla/stream_executor/cuda/cuda_fft.cc:607] Unable to register cuFFT factory: Attempting to register factory for plugin cuFFT when one has already been registered
2024-02-15 02:31:21.041683: E external/local_xla/xla/stream_executor/cuda/cuda_blas.cc:1515] Unable to register cuBLAS factory: Attempting to register factory for plugin cuBLAS when one has already been registered
2024-02-15 02:31:21.046307: I tensorflow/core/platform/cpu_feature_guard.cc:182] This TensorFlow binary is optimized to use available CPU instructions in performance-critical operations.
To enable the following instructions: AVX2 FMA, in other operations, rebuild TensorFlow with the appropriate compiler flags.
2024-02-15 02:31:21.887659: W tensorflow/compiler/tf2tensorrt/utils/py_utils.cc:38] TF-TRT Warning: Could not find TensorRT

Arguments:
	data_path: data/moses_train.txt
	max_len: 30
	batch: 128
	d_model: 512
	d_latent: 256
	d_ff: 1024
	e_heads: 1
	d_heads: 8
	n_layers: 6
	dropout: 0.5
	lr: 0.0005
	n_epochs: 60
	kl_type: cyclic
	kl_w_start: 0.0001
	kl_w_end: 0.0005
	kl_cycle: 4
	kl_ratio: 1.0
	save_name: klcompare

Number of data: 88192

SMILES Vocab:
	 {'<START>': 0, '<END>': 1, '<PAD>': 2, 'C': 3, 'O': 4, 'c': 5, '1': 6, '(': 7, '=': 8, ')': 9, 'N': 10, 'n': 11, '2': 12, 'F': 13, 'Cl': 14, 'Br': 15, '#': 16, '3': 17, 'S': 18, 'o': 19, '-': 20, 's': 21, '[nH]': 22, '4': 23}

Graph Vocab:
	 {'C': 0, 'O': 1, 'N': 2, 'F': 3, 'Cl': 4, 'Br': 5, 'S': 6}


KL Annealer: [0.0001     0.00012667 0.00015333 0.00018    0.00020667 0.00023333
 0.00026    0.00028667 0.00031333 0.00034    0.00036667 0.00039333
 0.00042    0.00044667 0.00047333 0.0001     0.00012667 0.00015333
 0.00018    0.00020667 0.00023333 0.00026    0.00028667 0.00031333
 0.00034    0.00036667 0.00039333 0.00042    0.00044667 0.00047333
 0.0001     0.00012667 0.00015333 0.00018    0.00020667 0.00023333
 0.00026    0.00028667 0.00031333 0.00034    0.00036667 0.00039333
 0.00042    0.00044667 0.00047333 0.0001     0.00012667 0.00015333
 0.00018    0.00020667 0.00023333 0.00026    0.00028667 0.00031333
 0.00034    0.00036667 0.00039333 0.00042    0.00044667 0.00047333]




#########################################################################
######################### START TRAINING ################################
#########################################################################




{'valid': 0.7126666666666667, 'unique@1000': 0.716, 'unique@10000': 0.3686, 'FCD/Test': 24.721277590371713, 'SNN/Test': 0.6177723862488655, 'Frag/Test': 0.8385908238277375, 'Scaf/Test': 0.3301773739556396, 'FCD/TestSF': 26.161190627430415, 'SNN/TestSF': 0.5053674299384914, 'Frag/TestSF': 0.823619483051076, 'Scaf/TestSF': 0.04040728578613306, 'IntDiv': 0.7453628756830286, 'IntDiv2': 0.7285984164367871, 'Filters': 0.985313376987839, 'logP': 0.23873424247117153, 'SA': 0.23519971815401963, 'QED': 0.08400993823150196, 'weight': 13.121021854185127, 'Novelty': 0.9199400798934754}
Epoch: 31:
	Train Loss: 0.440 --- Reconstruction Loss: 0.435 --- KL Loss: 47.731 --- Beta: 0.000100
	Validity: 0.71% --- Uniquene@1000: 0.72% --- Unique@10000: 0.37%

{'valid': 0.7233, 'unique@1000': 0.784, 'unique@10000': 0.4468, 'FCD/Test': 23.351060854282693, 'SNN/Test': 0.6050580015841308, 'Frag/Test': 0.879076314569178, 'Scaf/Test': 0.12318829482553861, 'FCD/TestSF': 24.496016095770756, 'SNN/TestSF': 0.5124645702802858, 'Frag/TestSF': 0.8670231476766966, 'Scaf/TestSF': 0.018190185620742927, 'IntDiv': 0.7720611539528003, 'IntDiv2': 0.7575839746449307, 'Filters': 0.9904143048066731, 'logP': 0.3521661905001863, 'SA': 0.19877523574569356, 'QED': 0.039131294725249705, 'weight': 8.511517417022812, 'Novelty': 0.9256857181461965}
Epoch: 32:
	Train Loss: 0.434 --- Reconstruction Loss: 0.427 --- KL Loss: 49.592 --- Beta: 0.000127
	Validity: 0.72% --- Uniquene@1000: 0.78% --- Unique@10000: 0.45%

{'valid': 0.6950666666666667, 'unique@1000': 0.77, 'unique@10000': 0.4301, 'FCD/Test': 25.986142304111475, 'SNN/Test': 0.6052892328697868, 'Frag/Test': 0.8279723198448559, 'Scaf/Test': 0.16571233845937783, 'FCD/TestSF': 27.239481118147182, 'SNN/TestSF': 0.5052288859102174, 'Frag/TestSF': 0.8142968588783337, 'Scaf/TestSF': 0.04562553468529018, 'IntDiv': 0.7551267648056741, 'IntDiv2': 0.7395628868939991, 'Filters': 0.9906483790523691, 'logP': 0.2523505358045142, 'SA': 0.13832824978033698, 'QED': 0.07523693535731314, 'weight': 10.778606151022126, 'Novelty': 0.9405725853094274}
Epoch: 33:
	Train Loss: 0.429 --- Reconstruction Loss: 0.422 --- KL Loss: 47.211 --- Beta: 0.000153
	Validity: 0.70% --- Uniquene@1000: 0.77% --- Unique@10000: 0.43%

{'valid': 0.5580333333333334, 'unique@1000': 0.791, 'unique@10000': 0.4515, 'FCD/Test': 22.23286591859371, 'SNN/Test': 0.5976456182124146, 'Frag/Test': 0.8754720882434217, 'Scaf/Test': 0.09864755506616685, 'FCD/TestSF': 23.250948839729602, 'SNN/TestSF': 0.521657811200403, 'Frag/TestSF': 0.8649844437566294, 'Scaf/TestSF': 0.05669634791360001, 'IntDiv': 0.7812029883833951, 'IntDiv2': 0.7657047082884291, 'Filters': 0.9872767457141151, 'logP': 0.3095208658960274, 'SA': 0.1976198622115562, 'QED': 0.056798863387547895, 'weight': 9.40921165326648, 'Novelty': 0.9274996051176749}
Epoch: 34:
	Train Loss: 0.425 --- Reconstruction Loss: 0.417 --- KL Loss: 44.263 --- Beta: 0.000180
	Validity: 0.56% --- Uniquene@1000: 0.79% --- Unique@10000: 0.45%

{'valid': 0.6518666666666666, 'unique@1000': 0.857, 'unique@10000': 0.5458, 'FCD/Test': 20.528412012212385, 'SNN/Test': 0.5884254640503562, 'Frag/Test': 0.8877580452292204, 'Scaf/Test': 0.18052246783680825, 'FCD/TestSF': 21.600478889282314, 'SNN/TestSF': 0.5080187115684917, 'Frag/TestSF': 0.8756415697846643, 'Scaf/TestSF': 0.03265083892310505, 'IntDiv': 0.7975116125488864, 'IntDiv2': 0.7848618960982041, 'Filters': 0.9912047453466967, 'logP': 0.2823738426508869, 'SA': 0.1889711240537916, 'QED': 0.02886337336145314, 'weight': 20.4419033604025, 'Novelty': 0.9274444316480479}
Epoch: 35:
	Train Loss: 0.420 --- Reconstruction Loss: 0.411 --- KL Loss: 41.199 --- Beta: 0.000207
	Validity: 0.65% --- Uniquene@1000: 0.86% --- Unique@10000: 0.55%

{'valid': 0.6108, 'unique@1000': 0.845, 'unique@10000': 0.5541, 'FCD/Test': 18.415700108941863, 'SNN/Test': 0.5928159206373752, 'Frag/Test': 0.8897906428426394, 'Scaf/Test': 0.17520439765862394, 'FCD/TestSF': 19.2466322615238, 'SNN/TestSF': 0.5195852588440127, 'Frag/TestSF': 0.8798254446761226, 'Scaf/TestSF': 0.06136106787561346, 'IntDiv': 0.8010006595428012, 'IntDiv2': 0.7886142452394908, 'Filters': 0.9881576075092775, 'logP': 0.2437461619887391, 'SA': 0.17912077510182184, 'QED': 0.03562031138615793, 'weight': 16.29607557021364, 'Novelty': 0.9174808711006475}
Epoch: 36:
	Train Loss: 0.415 --- Reconstruction Loss: 0.406 --- KL Loss: 38.309 --- Beta: 0.000233
	Validity: 0.61% --- Uniquene@1000: 0.84% --- Unique@10000: 0.55%

{'valid': 0.48263333333333336, 'unique@1000': 0.874, 'unique@10000': 0.6267, 'FCD/Test': 18.55894417123782, 'SNN/Test': 0.5775599439641094, 'Frag/Test': 0.8916486877152933, 'Scaf/Test': 0.1954955336022398, 'FCD/TestSF': 19.75199456823443, 'SNN/TestSF': 0.5020916870612451, 'Frag/TestSF': 0.8802159473679148, 'Scaf/TestSF': 0.03753768890537956, 'IntDiv': 0.8050825744279686, 'IntDiv2': 0.7928139799835964, 'Filters': 0.9861178258167, 'logP': 0.35267019966980195, 'SA': 0.17329729122502333, 'QED': 0.019185038219079888, 'weight': 17.93294683746792, 'Novelty': 0.9357099697885196}
Epoch: 37:
	Train Loss: 0.411 --- Reconstruction Loss: 0.401 --- KL Loss: 35.756 --- Beta: 0.000260
	Validity: 0.48% --- Uniquene@1000: 0.87% --- Unique@10000: 0.63%

{'valid': 0.5468999999999999, 'unique@1000': 0.872, 'unique@10000': 0.612, 'FCD/Test': 17.825365147742772, 'SNN/Test': 0.5924017914550036, 'Frag/Test': 0.9039273430402801, 'Scaf/Test': 0.1983667366203692, 'FCD/TestSF': 18.55588363706231, 'SNN/TestSF': 0.5317794265566226, 'Frag/TestSF': 0.8943105211606792, 'Scaf/TestSF': 0.11914458250283255, 'IntDiv': 0.8035181492989183, 'IntDiv2': 0.7914950336525957, 'Filters': 0.9757420613152923, 'logP': 0.3847278371211362, 'SA': 0.24077368207975236, 'QED': 0.02398332072355789, 'weight': 13.755127520434462, 'Novelty': 0.9164426523297491}
Epoch: 38:
	Train Loss: 0.406 --- Reconstruction Loss: 0.396 --- KL Loss: 33.208 --- Beta: 0.000287
	Validity: 0.55% --- Uniquene@1000: 0.87% --- Unique@10000: 0.61%

{'valid': 0.6401333333333333, 'unique@1000': 0.937, 'unique@10000': 0.7082, 'FCD/Test': 16.721615068791102, 'SNN/Test': 0.5857253199021497, 'Frag/Test': 0.9271603930300327, 'Scaf/Test': 0.1881988840344564, 'FCD/TestSF': 17.645705352395325, 'SNN/TestSF': 0.5169251478216818, 'Frag/TestSF': 0.9174424307786626, 'Scaf/TestSF': 0.0353841209607868, 'IntDiv': 0.8085507482721845, 'IntDiv2': 0.7983914026623976, 'Filters': 0.9741720474901062, 'logP': 0.32352800581480695, 'SA': 0.21552106039249197, 'QED': 0.014590596396716364, 'weight': 19.250375342825095, 'Novelty': 0.913109243697479}
Epoch: 39:
	Train Loss: 0.401 --- Reconstruction Loss: 0.392 --- KL Loss: 31.244 --- Beta: 0.000313
	Validity: 0.64% --- Uniquene@1000: 0.94% --- Unique@10000: 0.71%

{'valid': 0.5069666666666667, 'unique@1000': 0.948, 'unique@10000': 0.737, 'FCD/Test': 16.856087049708577, 'SNN/Test': 0.574671113419144, 'Frag/Test': 0.9040698976469816, 'Scaf/Test': 0.20510757232144394, 'FCD/TestSF': 17.58491709250255, 'SNN/TestSF': 0.5077007876924529, 'Frag/TestSF': 0.8944670530384549, 'Scaf/TestSF': 0.04373975273578157, 'IntDiv': 0.8117072264236357, 'IntDiv2': 0.8000047233851695, 'Filters': 0.9726477743441383, 'logP': 0.27601721349300834, 'SA': 0.14579026997516475, 'QED': 0.03913398232434255, 'weight': 13.576941086757436, 'Novelty': 0.9288682709964241}
Epoch: 40:
	Train Loss: 0.396 --- Reconstruction Loss: 0.386 --- KL Loss: 29.418 --- Beta: 0.000340
	Validity: 0.51% --- Uniquene@1000: 0.95% --- Unique@10000: 0.74%

{'valid': 0.5459666666666667, 'unique@1000': 0.953, 'unique@10000': 0.7858, 'FCD/Test': 15.337365428719401, 'SNN/Test': 0.5722596600676305, 'Frag/Test': 0.9202111379252795, 'Scaf/Test': 0.24663648159370244, 'FCD/TestSF': 16.299640716530583, 'SNN/TestSF': 0.49977914547482083, 'Frag/TestSF': 0.910043596767096, 'Scaf/TestSF': 0.043064270401549254, 'IntDiv': 0.8163008797894871, 'IntDiv2': 0.8062451052815071, 'Filters': 0.9815007021185664, 'logP': 0.3500195689563462, 'SA': 0.13616233546745532, 'QED': 0.023730725223058635, 'weight': 16.934551064937654, 'Novelty': 0.9319526627218935}
Epoch: 41:
	Train Loss: 0.393 --- Reconstruction Loss: 0.383 --- KL Loss: 27.802 --- Beta: 0.000367
	Validity: 0.55% --- Uniquene@1000: 0.95% --- Unique@10000: 0.79%

{'valid': 0.6710666666666667, 'unique@1000': 0.952, 'unique@10000': 0.7892, 'FCD/Test': 15.191067315484787, 'SNN/Test': 0.5722573432437047, 'Frag/Test': 0.9352603982336908, 'Scaf/Test': 0.21744157718951296, 'FCD/TestSF': 15.875686866511515, 'SNN/TestSF': 0.5122812252958762, 'Frag/TestSF': 0.9261394717711267, 'Scaf/TestSF': 0.07034452893866605, 'IntDiv': 0.8176866300732121, 'IntDiv2': 0.8082184121775636, 'Filters': 0.9790880190741109, 'logP': 0.3292113193144304, 'SA': 0.17945685319220533, 'QED': 0.01576035962604691, 'weight': 20.0493346644746, 'Novelty': 0.9283655536028119}
Epoch: 42:
	Train Loss: 0.388 --- Reconstruction Loss: 0.378 --- KL Loss: 26.289 --- Beta: 0.000393
	Validity: 0.67% --- Uniquene@1000: 0.95% --- Unique@10000: 0.79%

{'valid': 0.6270666666666667, 'unique@1000': 0.964, 'unique@10000': 0.7915, 'FCD/Test': 15.484503249191349, 'SNN/Test': 0.5847836932800702, 'Frag/Test': 0.9149393671220086, 'Scaf/Test': 0.25051172866491456, 'FCD/TestSF': 16.4067755749643, 'SNN/TestSF': 0.5130165368722533, 'Frag/TestSF': 0.9037732903326933, 'Scaf/TestSF': 0.07204238852743261, 'IntDiv': 0.8137960621353166, 'IntDiv2': 0.8034425742207558, 'Filters': 0.986391664894748, 'logP': 0.2530474047262174, 'SA': 0.201082154823987, 'QED': 0.01829612638339703, 'weight': 19.506668396838347, 'Novelty': 0.9176010234028144}
Epoch: 43:
	Train Loss: 0.386 --- Reconstruction Loss: 0.375 --- KL Loss: 25.020 --- Beta: 0.000420
	Validity: 0.63% --- Uniquene@1000: 0.96% --- Unique@10000: 0.79%

{'valid': 0.5651999999999999, 'unique@1000': 0.97, 'unique@10000': 0.8373, 'FCD/Test': 13.932872611557414, 'SNN/Test': 0.5626806821871841, 'Frag/Test': 0.9253251316413996, 'Scaf/Test': 0.32645440493900946, 'FCD/TestSF': 14.8446996002681, 'SNN/TestSF': 0.4998083168407408, 'Frag/TestSF': 0.9156939256598254, 'Scaf/TestSF': 0.05641143766205903, 'IntDiv': 0.8274829998249617, 'IntDiv2': 0.8180699727339502, 'Filters': 0.9734607218683652, 'logP': 0.2609884688818725, 'SA': 0.10743361677353981, 'QED': 0.016098865425841855, 'weight': 22.006680672843725, 'Novelty': 0.928620192672381}
Epoch: 44:
	Train Loss: 0.382 --- Reconstruction Loss: 0.371 --- KL Loss: 24.037 --- Beta: 0.000447
	Validity: 0.57% --- Uniquene@1000: 0.97% --- Unique@10000: 0.84%

{'valid': 0.5527666666666666, 'unique@1000': 0.97, 'unique@10000': 0.8378, 'FCD/Test': 14.369288840546801, 'SNN/Test': 0.5735820568956469, 'Frag/Test': 0.9183274253649368, 'Scaf/Test': 0.29084402050261693, 'FCD/TestSF': 15.178442763762568, 'SNN/TestSF': 0.5095448371588821, 'Frag/TestSF': 0.9091701717966026, 'Scaf/TestSF': 0.053789482141072154, 'IntDiv': 0.8235322229512115, 'IntDiv2': 0.8137160014211211, 'Filters': 0.9764216366158114, 'logP': 0.32319684178832675, 'SA': 0.16353052288604597, 'QED': 0.019935646791099316, 'weight': 17.079866935267567, 'Novelty': 0.9216667950396673}
Epoch: 45:
	Train Loss: 0.378 --- Reconstruction Loss: 0.367 --- KL Loss: 22.975 --- Beta: 0.000473
	Validity: 0.55% --- Uniquene@1000: 0.97% --- Unique@10000: 0.84%

{'valid': 0.5026333333333333, 'unique@1000': 0.964, 'unique@10000': 0.8083, 'FCD/Test': 14.531800776294418, 'SNN/Test': 0.5466571604719733, 'Frag/Test': 0.9255430736163397, 'Scaf/Test': 0.231712579354721, 'FCD/TestSF': 15.552822392260282, 'SNN/TestSF': 0.4800119734601385, 'Frag/TestSF': 0.9138699885469096, 'Scaf/TestSF': 0.05502899473171263, 'IntDiv': 0.8309480342463222, 'IntDiv2': 0.8213612646662118, 'Filters': 0.9745341202997546, 'logP': 0.195981044388393, 'SA': 0.04327335340887567, 'QED': 0.010280151994564923, 'weight': 26.626064893014767, 'Novelty': 0.9354669922385977}
Epoch: 46:
	Train Loss: 0.365 --- Reconstruction Loss: 0.362 --- KL Loss: 35.590 --- Beta: 0.000100
	Validity: 0.50% --- Uniquene@1000: 0.96% --- Unique@10000: 0.81%

{'valid': 0.6605666666666667, 'unique@1000': 0.952, 'unique@10000': 0.7782, 'FCD/Test': 16.61061493693903, 'SNN/Test': 0.5591209923552716, 'Frag/Test': 0.9063052803872629, 'Scaf/Test': 0.18862274049034788, 'FCD/TestSF': 17.594516337366642, 'SNN/TestSF': 0.48880641863878715, 'Frag/TestSF': 0.8943027665604193, 'Scaf/TestSF': 0.04055273968000028, 'IntDiv': 0.8207112553905922, 'IntDiv2': 0.8098201673115177, 'Filters': 0.982641166675077, 'logP': 0.28398944679979066, 'SA': 0.13080923874693598, 'QED': 0.026421504936682577, 'weight': 26.61287842668665, 'Novelty': 0.9384470383527876}
Epoch: 47:
	Train Loss: 0.363 --- Reconstruction Loss: 0.358 --- KL Loss: 37.073 --- Beta: 0.000127
	Validity: 0.66% --- Uniquene@1000: 0.95% --- Unique@10000: 0.78%

{'valid': 0.6405333333333334, 'unique@1000': 0.972, 'unique@10000': 0.8137, 'FCD/Test': 15.753768376039936, 'SNN/Test': 0.5577304585279275, 'Frag/Test': 0.9108713545167071, 'Scaf/Test': 0.2367319005759062, 'FCD/TestSF': 16.619442989254416, 'SNN/TestSF': 0.48967930771562457, 'Frag/TestSF': 0.8995142628838921, 'Scaf/TestSF': 0.05363031714429811, 'IntDiv': 0.8288108486773653, 'IntDiv2': 0.8181104211113165, 'Filters': 0.9718984179850125, 'logP': 0.31576845686698446, 'SA': 0.11506775672904968, 'QED': 0.014875281964039627, 'weight': 25.731742265994523, 'Novelty': 0.9277236870158482}
Epoch: 48:
	Train Loss: 0.359 --- Reconstruction Loss: 0.354 --- KL Loss: 35.702 --- Beta: 0.000153
	Validity: 0.64% --- Uniquene@1000: 0.97% --- Unique@10000: 0.81%

{'valid': 0.6600666666666667, 'unique@1000': 0.978, 'unique@10000': 0.8456, 'FCD/Test': 14.943433403606264, 'SNN/Test': 0.5322013676584929, 'Frag/Test': 0.925055129196303, 'Scaf/Test': 0.21114477884237415, 'FCD/TestSF': 15.76891029106585, 'SNN/TestSF': 0.47598286046893074, 'Frag/TestSF': 0.9150830702333644, 'Scaf/TestSF': 0.048490804553618205, 'IntDiv': 0.8362556571167855, 'IntDiv2': 0.8269214920168488, 'Filters': 0.9750530249469751, 'logP': 0.3012373084169661, 'SA': 0.009270407686006676, 'QED': 0.013234290349638264, 'weight': 27.439481419538353, 'Novelty': 0.9435910843846003}
Epoch: 49:
	Train Loss: 0.357 --- Reconstruction Loss: 0.351 --- KL Loss: 34.251 --- Beta: 0.000180
	Validity: 0.66% --- Uniquene@1000: 0.98% --- Unique@10000: 0.85%

{'valid': 0.6823666666666667, 'unique@1000': 0.951, 'unique@10000': 0.7884, 'FCD/Test': 16.493500780020895, 'SNN/Test': 0.5790282889372975, 'Frag/Test': 0.9327013354698164, 'Scaf/Test': 0.22956386651661254, 'FCD/TestSF': 17.44087739622354, 'SNN/TestSF': 0.5102937524966016, 'Frag/TestSF': 0.9220369857740442, 'Scaf/TestSF': 0.06375555678469191, 'IntDiv': 0.8159116841792262, 'IntDiv2': 0.8052018170633577, 'Filters': 0.9780176835523423, 'logP': 0.26760702940260056, 'SA': 0.18233039134507034, 'QED': 0.012540091402448298, 'weight': 27.23114866979149, 'Novelty': 0.9185179977502812}
Epoch: 50:
	Train Loss: 0.355 --- Reconstruction Loss: 0.348 --- KL Loss: 32.701 --- Beta: 0.000207
	Validity: 0.68% --- Uniquene@1000: 0.95% --- Unique@10000: 0.79%

{'valid': 0.4857, 'unique@1000': 0.961, 'unique@10000': 0.8134, 'FCD/Test': 14.865994906666359, 'SNN/Test': 0.5379281690756218, 'Frag/Test': 0.9189140368898395, 'Scaf/Test': 0.20982530786445341, 'FCD/TestSF': 15.632485174429135, 'SNN/TestSF': 0.48289930963023725, 'Frag/TestSF': 0.9107390917425658, 'Scaf/TestSF': 0.06934047259030485, 'IntDiv': 0.8397871631611676, 'IntDiv2': 0.8298029502110609, 'Filters': 0.968910850319127, 'logP': 0.1963402625279971, 'SA': 0.021618566301911536, 'QED': 0.011721659631393488, 'weight': 27.26799432983088, 'Novelty': 0.9380703464162311}
Epoch: 51:
	Train Loss: 0.352 --- Reconstruction Loss: 0.345 --- KL Loss: 31.047 --- Beta: 0.000233
	Validity: 0.49% --- Uniquene@1000: 0.96% --- Unique@10000: 0.81%

{'valid': 0.6089666666666667, 'unique@1000': 0.969, 'unique@10000': 0.8313, 'FCD/Test': 14.71788373308744, 'SNN/Test': 0.5511036132596855, 'Frag/Test': 0.9223092264034086, 'Scaf/Test': 0.20572487729611444, 'FCD/TestSF': 15.567561320235235, 'SNN/TestSF': 0.4850679211446143, 'Frag/TestSF': 0.9107574456916999, 'Scaf/TestSF': 0.028981432406187335, 'IntDiv': 0.8305671452473926, 'IntDiv2': 0.8203234901489571, 'Filters': 0.9717006951666758, 'logP': 0.2713304218444608, 'SA': 0.07948115315254871, 'QED': 0.014920008811056307, 'weight': 25.48774840711477, 'Novelty': 0.9383930494722481}
Epoch: 52:
	Train Loss: 0.350 --- Reconstruction Loss: 0.342 --- KL Loss: 29.699 --- Beta: 0.000260
	Validity: 0.61% --- Uniquene@1000: 0.97% --- Unique@10000: 0.83%

{'valid': 0.6975666666666667, 'unique@1000': 0.974, 'unique@10000': 0.8354, 'FCD/Test': 14.81466867452508, 'SNN/Test': 0.5549898696527061, 'Frag/Test': 0.9135291495356127, 'Scaf/Test': 0.2423992653045357, 'FCD/TestSF': 15.681923505358185, 'SNN/TestSF': 0.48824452750486985, 'Frag/TestSF': 0.9022759525192323, 'Scaf/TestSF': 0.038141472105979735, 'IntDiv': 0.829704453774174, 'IntDiv2': 0.8196976727686028, 'Filters': 0.9751995030343575, 'logP': 0.1817224921741092, 'SA': 0.0800324986447124, 'QED': 0.015445665270019587, 'weight': 26.660627671284164, 'Novelty': 0.9333543307086615}
Epoch: 53:
	Train Loss: 0.347 --- Reconstruction Loss: 0.339 --- KL Loss: 28.391 --- Beta: 0.000287
	Validity: 0.70% --- Uniquene@1000: 0.97% --- Unique@10000: 0.84%

{'valid': 0.7090666666666667, 'unique@1000': 0.974, 'unique@10000': 0.8754, 'FCD/Test': 13.46487278036566, 'SNN/Test': 0.5404352823047485, 'Frag/Test': 0.9356318214102128, 'Scaf/Test': 0.2686308362081591, 'FCD/TestSF': 14.220093045471224, 'SNN/TestSF': 0.487306992055084, 'Frag/TestSF': 0.9262452301042808, 'Scaf/TestSF': 0.06111985388929464, 'IntDiv': 0.8425227435980083, 'IntDiv2': 0.8330396191287216, 'Filters': 0.9685031966904851, 'logP': 0.19131356412290135, 'SA': 0.023824536215653575, 'QED': 0.008541735706737205, 'weight': 30.86427324733106, 'Novelty': 0.9363262910798122}
Epoch: 54:
	Train Loss: 0.345 --- Reconstruction Loss: 0.336 --- KL Loss: 27.168 --- Beta: 0.000313
	Validity: 0.71% --- Uniquene@1000: 0.97% --- Unique@10000: 0.88%

{'valid': 0.6119, 'unique@1000': 0.973, 'unique@10000': 0.8655, 'FCD/Test': 14.154018385726488, 'SNN/Test': 0.5469930053922926, 'Frag/Test': 0.9324644347778005, 'Scaf/Test': 0.28502510115868374, 'FCD/TestSF': 14.84788891761145, 'SNN/TestSF': 0.49030920745611206, 'Frag/TestSF': 0.9243670510448823, 'Scaf/TestSF': 0.05408023113978788, 'IntDiv': 0.8403824472737221, 'IntDiv2': 0.8308405332772142, 'Filters': 0.9625755842457918, 'logP': 0.2825639201389496, 'SA': 0.053404745540759475, 'QED': 0.014387480481851095, 'weight': 25.79054011432506, 'Novelty': 0.9215249662618084}
Epoch: 55:
	Train Loss: 0.344 --- Reconstruction Loss: 0.335 --- KL Loss: 26.196 --- Beta: 0.000340
	Validity: 0.61% --- Uniquene@1000: 0.97% --- Unique@10000: 0.87%

{'valid': 0.6714, 'unique@1000': 0.976, 'unique@10000': 0.8643, 'FCD/Test': 13.997709750616714, 'SNN/Test': 0.5503902636633388, 'Frag/Test': 0.9215012990744638, 'Scaf/Test': 0.31690824628247993, 'FCD/TestSF': 14.791751440031987, 'SNN/TestSF': 0.4926286184630024, 'Frag/TestSF': 0.9125952834101824, 'Scaf/TestSF': 0.05773876404971556, 'IntDiv': 0.8402960142135508, 'IntDiv2': 0.8301636961746433, 'Filters': 0.9727931685036243, 'logP': 0.16824158220540714, 'SA': 0.07428406559166797, 'QED': 0.010248052179478658, 'weight': 30.4417435324737, 'Novelty': 0.9282514001244555}
Epoch: 56:
	Train Loss: 0.342 --- Reconstruction Loss: 0.333 --- KL Loss: 25.359 --- Beta: 0.000367
	Validity: 0.67% --- Uniquene@1000: 0.98% --- Unique@10000: 0.86%

{'valid': 0.6769333333333334, 'unique@1000': 0.978, 'unique@10000': 0.8675, 'FCD/Test': 13.865989560447659, 'SNN/Test': 0.5493953101805094, 'Frag/Test': 0.9168638451737622, 'Scaf/Test': 0.2898711413315709, 'FCD/TestSF': 14.672788869163362, 'SNN/TestSF': 0.4921029367789946, 'Frag/TestSF': 0.9073213993827104, 'Scaf/TestSF': 0.05521198328712762, 'IntDiv': 0.8386851596020009, 'IntDiv2': 0.8290463892794386, 'Filters': 0.9680421508765019, 'logP': 0.15870760996862537, 'SA': 0.06992346921362566, 'QED': 0.008894524741764312, 'weight': 31.317323794159947, 'Novelty': 0.9307540660423854}
Epoch: 57:
	Train Loss: 0.341 --- Reconstruction Loss: 0.331 --- KL Loss: 24.391 --- Beta: 0.000393
	Validity: 0.68% --- Uniquene@1000: 0.98% --- Unique@10000: 0.87%

{'valid': 0.4098666666666667, 'unique@1000': 0.97, 'unique@10000': 0.849, 'FCD/Test': 13.27978283298684, 'SNN/Test': 0.5378547666610141, 'Frag/Test': 0.9116026384620968, 'Scaf/Test': 0.24384402901337232, 'FCD/TestSF': 13.948634027175238, 'SNN/TestSF': 0.4876891056423499, 'Frag/TestSF': 0.904318106233301, 'Scaf/TestSF': 0.05727207978282056, 'IntDiv': 0.8464039183133307, 'IntDiv2': 0.8359031637039125, 'Filters': 0.9476252439817827, 'logP': 0.12468761571414179, 'SA': 0.03553360330024628, 'QED': 0.009484329523566176, 'weight': 28.575516123565308, 'Novelty': 0.9397496087636933}
Epoch: 58:
	Train Loss: 0.338 --- Reconstruction Loss: 0.328 --- KL Loss: 23.501 --- Beta: 0.000420
	Validity: 0.41% --- Uniquene@1000: 0.97% --- Unique@10000: 0.85%

{'valid': 0.6538666666666666, 'unique@1000': 0.98, 'unique@10000': 0.8928, 'FCD/Test': 13.134636722160124, 'SNN/Test': 0.5434771453487712, 'Frag/Test': 0.934736335765924, 'Scaf/Test': 0.2797073145701039, 'FCD/TestSF': 13.821313781021885, 'SNN/TestSF': 0.48846713541801806, 'Frag/TestSF': 0.9270745032699594, 'Scaf/TestSF': 0.04507182139358967, 'IntDiv': 0.8432239230414396, 'IntDiv2': 0.83400236175178, 'Filters': 0.9694127243066885, 'logP': 0.2086615146301046, 'SA': 0.052329580112290074, 'QED': 0.013579372534513405, 'weight': 26.428147322097253, 'Novelty': 0.9262667157404}
Epoch: 59:
	Train Loss: 0.336 --- Reconstruction Loss: 0.326 --- KL Loss: 22.869 --- Beta: 0.000447
	Validity: 0.65% --- Uniquene@1000: 0.98% --- Unique@10000: 0.89%

{'valid': 0.6257666666666667, 'unique@1000': 0.982, 'unique@10000': 0.9025, 'FCD/Test': 13.566859518936567, 'SNN/Test': 0.5298355839130933, 'Frag/Test': 0.9035100570462896, 'Scaf/Test': 0.29961336876692923, 'FCD/TestSF': 14.245636030491724, 'SNN/TestSF': 0.48004471033800455, 'Frag/TestSF': 0.89604174306656, 'Scaf/TestSF': 0.06736946193141136, 'IntDiv': 0.8492011377601704, 'IntDiv2': 0.839747887737611, 'Filters': 0.9649496617482555, 'logP': 0.2215802037387277, 'SA': 0.01921902478292354, 'QED': 0.012708348720799562, 'weight': 24.18954750919334, 'Novelty': 0.9355565288118626}
Epoch: 60:
	Train Loss: 0.334 --- Reconstruction Loss: 0.324 --- KL Loss: 22.098 --- Beta: 0.000473
	Validity: 0.63% --- Uniquene@1000: 0.98% --- Unique@10000: 0.90%

