2024-02-15 02:31:21.030874: E external/local_xla/xla/stream_executor/cuda/cuda_dnn.cc:9261] Unable to register cuDNN factory: Attempting to register factory for plugin cuDNN when one has already been registered
2024-02-15 02:31:21.030939: E external/local_xla/xla/stream_executor/cuda/cuda_fft.cc:607] Unable to register cuFFT factory: Attempting to register factory for plugin cuFFT when one has already been registered
2024-02-15 02:31:21.031895: E external/local_xla/xla/stream_executor/cuda/cuda_blas.cc:1515] Unable to register cuBLAS factory: Attempting to register factory for plugin cuBLAS when one has already been registered
2024-02-15 02:31:21.036435: I tensorflow/core/platform/cpu_feature_guard.cc:182] This TensorFlow binary is optimized to use available CPU instructions in performance-critical operations.
To enable the following instructions: AVX2 FMA, in other operations, rebuild TensorFlow with the appropriate compiler flags.
2024-02-15 02:31:21.862601: W tensorflow/compiler/tf2tensorrt/utils/py_utils.cc:38] TF-TRT Warning: Could not find TensorRT

Arguments:
	data_path: data/moses_train.txt
	max_len: 30
	batch: 128
	d_model: 512
	d_latent: 256
	d_ff: 1024
	e_heads: 1
	d_heads: 8
	n_layers: 6
	dropout: 0.5
	lr: 0.0005
	n_epochs: 100
	kl_type: cyclic
	kl_w_start: 0.0001
	kl_w_end: 0.001
	kl_cycle: 6
	kl_ratio: 1.0
	save_name: klcompare

Number of data: 88192

SMILES Vocab:
	 {'<START>': 0, '<END>': 1, '<PAD>': 2, 'C': 3, 'O': 4, 'c': 5, '1': 6, '(': 7, '=': 8, ')': 9, 'N': 10, 'n': 11, '2': 12, 'F': 13, 'Cl': 14, 'Br': 15, '#': 16, '3': 17, 'S': 18, 'o': 19, '-': 20, 's': 21, '[nH]': 22, '4': 23}

Graph Vocab:
	 {'C': 0, 'O': 1, 'N': 2, 'F': 3, 'Cl': 4, 'Br': 5, 'S': 6}


KL Annealer: [0.0001   0.000154 0.000208 0.000262 0.000316 0.00037  0.000424 0.000478
 0.000532 0.000586 0.00064  0.000694 0.000748 0.000802 0.000856 0.00091
 0.0001   0.000154 0.000208 0.000262 0.000316 0.00037  0.000424 0.000478
 0.000532 0.000586 0.00064  0.000694 0.000748 0.000802 0.000856 0.00091
 0.000964 0.0001   0.000154 0.000208 0.000262 0.000316 0.00037  0.000424
 0.000478 0.000532 0.000586 0.00064  0.000694 0.000748 0.000802 0.000856
 0.00091  0.000964 0.0001   0.000154 0.000208 0.000262 0.000316 0.00037
 0.000424 0.000478 0.000532 0.000586 0.00064  0.000694 0.000748 0.000802
 0.000856 0.00091  0.0001   0.000154 0.000208 0.000262 0.000316 0.00037
 0.000424 0.000478 0.000532 0.000586 0.00064  0.000694 0.000748 0.000802
 0.000856 0.00091  0.000964 0.0001   0.000154 0.000208 0.000262 0.000316
 0.00037  0.000424 0.000478 0.000532 0.000586 0.00064  0.000694 0.000748
 0.000802 0.000856 0.00091  0.000964]




#########################################################################
######################### START TRAINING ################################
#########################################################################




{'valid': 0.5848, 'unique@1000': 0.846, 'unique@10000': 0.5245, 'FCD/Test': 20.19694281928635, 'SNN/Test': 0.6193937390101619, 'Frag/Test': 0.8850911234277667, 'Scaf/Test': 0.3146835527690526, 'FCD/TestSF': 21.185563637477898, 'SNN/TestSF': 0.5488026574223459, 'Frag/TestSF': 0.8759963284728263, 'Scaf/TestSF': 0.03953252870544055, 'IntDiv': 0.788784152632167, 'IntDiv2': 0.7752517310148944, 'Filters': 0.9810191518467852, 'logP': 0.21231415567188033, 'SA': 0.30816154242497845, 'QED': 0.03238607318102494, 'weight': 17.736100201254757, 'Novelty': 0.9237899073120495}
Epoch: 31:
	Train Loss: 0.464 --- Reconstruction Loss: 0.449 --- KL Loss: 17.682 --- Beta: 0.000856
	Validity: 0.58% --- Uniquene@1000: 0.85% --- Unique@10000: 0.52%

{'valid': 0.4763333333333334, 'unique@1000': 0.836, 'unique@10000': 0.5499, 'FCD/Test': 22.663727284684114, 'SNN/Test': 0.6016500494712045, 'Frag/Test': 0.8594920649025725, 'Scaf/Test': 0.2440313892046554, 'FCD/TestSF': 23.73245984596653, 'SNN/TestSF': 0.5371281339884054, 'Frag/TestSF': 0.8515438354201272, 'Scaf/TestSF': 0.03842918531886563, 'IntDiv': 0.7817951867768157, 'IntDiv2': 0.7675086622585103, 'Filters': 0.9836948915325402, 'logP': 0.2903751455375979, 'SA': 0.2614638426627964, 'QED': 0.04120166532611119, 'weight': 11.217357862819053, 'Novelty': 0.9409604519774011}
Epoch: 32:
	Train Loss: 0.459 --- Reconstruction Loss: 0.444 --- KL Loss: 16.364 --- Beta: 0.000910
	Validity: 0.48% --- Uniquene@1000: 0.84% --- Unique@10000: 0.55%

{'valid': 0.5557666666666667, 'unique@1000': 0.88, 'unique@10000': 0.6009, 'FCD/Test': 20.362190771467382, 'SNN/Test': 0.5956784975426475, 'Frag/Test': 0.8622371585113233, 'Scaf/Test': 0.2580453852064202, 'FCD/TestSF': 21.645541821155575, 'SNN/TestSF': 0.5104952911924373, 'Frag/TestSF': 0.8495677967044457, 'Scaf/TestSF': 0.02863929315683522, 'IntDiv': 0.7854640949622845, 'IntDiv2': 0.7723009586657468, 'Filters': 0.9826066094883944, 'logP': 0.16635248035161204, 'SA': 0.21016225785594458, 'QED': 0.07548048629275889, 'weight': 10.976924190738316, 'Novelty': 0.9498411257376305}
Epoch: 33:
	Train Loss: 0.455 --- Reconstruction Loss: 0.440 --- KL Loss: 15.451 --- Beta: 0.000964
	Validity: 0.56% --- Uniquene@1000: 0.88% --- Unique@10000: 0.60%

{'valid': 0.6375333333333333, 'unique@1000': 0.827, 'unique@10000': 0.517, 'FCD/Test': 22.649937195045325, 'SNN/Test': 0.6011909110506471, 'Frag/Test': 0.8578609705199095, 'Scaf/Test': 0.18979821998139035, 'FCD/TestSF': 23.88529460712045, 'SNN/TestSF': 0.513668921833867, 'Frag/TestSF': 0.8472632555184824, 'Scaf/TestSF': 0.03039289454781402, 'IntDiv': 0.7764574180880776, 'IntDiv2': 0.7615182555433054, 'Filters': 0.9663285579838963, 'logP': 0.4162434541290144, 'SA': 0.23352431357232764, 'QED': 0.041640666251355395, 'weight': 11.72286638220299, 'Novelty': 0.9379864113650401}
Epoch: 34:
	Train Loss: 0.434 --- Reconstruction Loss: 0.431 --- KL Loss: 33.733 --- Beta: 0.000100
	Validity: 0.64% --- Uniquene@1000: 0.83% --- Unique@10000: 0.52%

{'valid': 0.5725333333333333, 'unique@1000': 0.854, 'unique@10000': 0.5411, 'FCD/Test': 23.829545757674225, 'SNN/Test': 0.601244052701153, 'Frag/Test': 0.8851717416470319, 'Scaf/Test': 0.3212970410384437, 'FCD/TestSF': 25.11859095505494, 'SNN/TestSF': 0.5142891253212413, 'Frag/TestSF': 0.8747764805257389, 'Scaf/TestSF': 0.02360473661790019, 'IntDiv': 0.7769120804898764, 'IntDiv2': 0.7616410997106579, 'Filters': 0.9846879366557988, 'logP': 0.381383409212038, 'SA': 0.2428720398101896, 'QED': 0.05114066434678616, 'weight': 14.946404453855243, 'Novelty': 0.9385375744519072}
Epoch: 35:
	Train Loss: 0.429 --- Reconstruction Loss: 0.424 --- KL Loss: 35.152 --- Beta: 0.000154
	Validity: 0.57% --- Uniquene@1000: 0.85% --- Unique@10000: 0.54%

{'valid': 0.6094333333333333, 'unique@1000': 0.853, 'unique@10000': 0.5538, 'FCD/Test': 19.246511670077197, 'SNN/Test': 0.5986023309876893, 'Frag/Test': 0.9307665969485978, 'Scaf/Test': 0.24688254308054036, 'FCD/TestSF': 20.300785609586484, 'SNN/TestSF': 0.5196100506494077, 'Frag/TestSF': 0.9216518415491493, 'Scaf/TestSF': 0.026093063088726054, 'IntDiv': 0.8048087277381392, 'IntDiv2': 0.7915160615721757, 'Filters': 0.9704643658042991, 'logP': 0.3622954004222477, 'SA': 0.2019578137600508, 'QED': 0.021469758143148113, 'weight': 21.485022151785937, 'Novelty': 0.927996265608589}
Epoch: 36:
	Train Loss: 0.426 --- Reconstruction Loss: 0.419 --- KL Loss: 32.720 --- Beta: 0.000208
	Validity: 0.61% --- Uniquene@1000: 0.85% --- Unique@10000: 0.55%

{'valid': 0.5716666666666667, 'unique@1000': 0.881, 'unique@10000': 0.62, 'FCD/Test': 20.681854554971856, 'SNN/Test': 0.582096203882736, 'Frag/Test': 0.8889891616381407, 'Scaf/Test': 0.17416378506059438, 'FCD/TestSF': 21.685538589963173, 'SNN/TestSF': 0.5110424417613547, 'Frag/TestSF': 0.880840303803239, 'Scaf/TestSF': 0.009672153341276801, 'IntDiv': 0.8065254274213411, 'IntDiv2': 0.7928245275625208, 'Filters': 0.9639650145772595, 'logP': 0.36494722722155243, 'SA': 0.1867440199852783, 'QED': 0.014561496240011768, 'weight': 17.224930618086628, 'Novelty': 0.9367803837953091}
Epoch: 37:
	Train Loss: 0.421 --- Reconstruction Loss: 0.413 --- KL Loss: 29.996 --- Beta: 0.000262
	Validity: 0.57% --- Uniquene@1000: 0.88% --- Unique@10000: 0.62%

{'valid': 0.6073, 'unique@1000': 0.925, 'unique@10000': 0.6759, 'FCD/Test': 17.960200533927157, 'SNN/Test': 0.5896114257790855, 'Frag/Test': 0.9227704017568928, 'Scaf/Test': 0.27471607087064054, 'FCD/TestSF': 18.626644371497832, 'SNN/TestSF': 0.5330727333307751, 'Frag/TestSF': 0.9163530891554766, 'Scaf/TestSF': 0.04767864200221861, 'IntDiv': 0.8094362377999726, 'IntDiv2': 0.7979304097766415, 'Filters': 0.9615785718206268, 'logP': 0.47098426953099154, 'SA': 0.2431653414278328, 'QED': 0.021983347945854714, 'weight': 13.84168434854761, 'Novelty': 0.9279295970356647}
Epoch: 38:
	Train Loss: 0.417 --- Reconstruction Loss: 0.408 --- KL Loss: 27.588 --- Beta: 0.000316
	Validity: 0.61% --- Uniquene@1000: 0.93% --- Unique@10000: 0.68%

{'valid': 0.5333, 'unique@1000': 0.932, 'unique@10000': 0.6986, 'FCD/Test': 18.359540524587516, 'SNN/Test': 0.5847620277054512, 'Frag/Test': 0.9126265402859233, 'Scaf/Test': 0.21014076702336715, 'FCD/TestSF': 19.517804555177335, 'SNN/TestSF': 0.5138756911306354, 'Frag/TestSF': 0.9026427173128538, 'Scaf/TestSF': 0.028215358595738427, 'IntDiv': 0.8062581904147927, 'IntDiv2': 0.7946375344202722, 'Filters': 0.9709356834802175, 'logP': 0.25529242943632746, 'SA': 0.18114881479139303, 'QED': 0.015968486339502753, 'weight': 17.96205560289718, 'Novelty': 0.930200550530869}
Epoch: 39:
	Train Loss: 0.414 --- Reconstruction Loss: 0.404 --- KL Loss: 25.641 --- Beta: 0.000370
	Validity: 0.53% --- Uniquene@1000: 0.93% --- Unique@10000: 0.70%

{'valid': 0.4892666666666666, 'unique@1000': 0.941, 'unique@10000': 0.7379, 'FCD/Test': 16.556139736659304, 'SNN/Test': 0.5727981389592204, 'Frag/Test': 0.9224370839376546, 'Scaf/Test': 0.24039441855881272, 'FCD/TestSF': 16.99901183609238, 'SNN/TestSF': 0.518189770906721, 'Frag/TestSF': 0.9165570247772014, 'Scaf/TestSF': 0.045167778925697566, 'IntDiv': 0.8238310390693986, 'IntDiv2': 0.8122506492169259, 'Filters': 0.9593950129445429, 'logP': 0.4069361839840199, 'SA': 0.15150207995649376, 'QED': 0.023286751253112543, 'weight': 17.184738808637846, 'Novelty': 0.9351431391905232}
Epoch: 40:
	Train Loss: 0.410 --- Reconstruction Loss: 0.400 --- KL Loss: 23.758 --- Beta: 0.000424
	Validity: 0.49% --- Uniquene@1000: 0.94% --- Unique@10000: 0.74%

{'valid': 0.5379, 'unique@1000': 0.956, 'unique@10000': 0.7845, 'FCD/Test': 15.458797501326274, 'SNN/Test': 0.5705618111266296, 'Frag/Test': 0.9314432092035507, 'Scaf/Test': 0.31842828184573846, 'FCD/TestSF': 16.239654586749978, 'SNN/TestSF': 0.5127434321872111, 'Frag/TestSF': 0.9245135822170524, 'Scaf/TestSF': 0.044508625010995506, 'IntDiv': 0.8198366783414842, 'IntDiv2': 0.809875466880754, 'Filters': 0.9629423065005888, 'logP': 0.3072946790853377, 'SA': 0.1555160658301963, 'QED': 0.017508897765726183, 'weight': 17.83528380929717, 'Novelty': 0.9383596535914417}
Epoch: 41:
	Train Loss: 0.406 --- Reconstruction Loss: 0.395 --- KL Loss: 22.133 --- Beta: 0.000478
	Validity: 0.54% --- Uniquene@1000: 0.96% --- Unique@10000: 0.78%

{'valid': 0.5535666666666667, 'unique@1000': 0.968, 'unique@10000': 0.812, 'FCD/Test': 16.269449071350955, 'SNN/Test': 0.5653718208490693, 'Frag/Test': 0.9201668536513296, 'Scaf/Test': 0.25161124819328173, 'FCD/TestSF': 16.881774342339085, 'SNN/TestSF': 0.5140404162504832, 'Frag/TestSF': 0.9139332404694366, 'Scaf/TestSF': 0.05824629235225576, 'IntDiv': 0.8277902908526884, 'IntDiv2': 0.8174248790971104, 'Filters': 0.9660986331065213, 'logP': 0.2865354323436398, 'SA': 0.148732292249186, 'QED': 0.01496823844484671, 'weight': 22.688460748466557, 'Novelty': 0.9318218363080881}
Epoch: 42:
	Train Loss: 0.402 --- Reconstruction Loss: 0.391 --- KL Loss: 20.760 --- Beta: 0.000532
	Validity: 0.55% --- Uniquene@1000: 0.97% --- Unique@10000: 0.81%

{'valid': 0.6347333333333334, 'unique@1000': 0.952, 'unique@10000': 0.7673, 'FCD/Test': 16.19525074474845, 'SNN/Test': 0.5905572299292553, 'Frag/Test': 0.9160104645903454, 'Scaf/Test': 0.34344270208827576, 'FCD/TestSF': 16.860817523077166, 'SNN/TestSF': 0.5380116642498066, 'Frag/TestSF': 0.9102001685536133, 'Scaf/TestSF': 0.05380395813196204, 'IntDiv': 0.818108930819019, 'IntDiv2': 0.8064037685607837, 'Filters': 0.9771557609494801, 'logP': 0.41965833385446394, 'SA': 0.22725450343087186, 'QED': 0.01815397426533411, 'weight': 19.08369616951764, 'Novelty': 0.9193065889391732}
Epoch: 43:
	Train Loss: 0.398 --- Reconstruction Loss: 0.387 --- KL Loss: 19.632 --- Beta: 0.000586
	Validity: 0.63% --- Uniquene@1000: 0.95% --- Unique@10000: 0.77%

{'valid': 0.5174000000000001, 'unique@1000': 0.949, 'unique@10000': 0.7892, 'FCD/Test': 16.09820285197388, 'SNN/Test': 0.5738664008221005, 'Frag/Test': 0.9093514427454532, 'Scaf/Test': 0.20647429925646843, 'FCD/TestSF': 16.66906487318026, 'SNN/TestSF': 0.5293830642206677, 'Frag/TestSF': 0.903645234169899, 'Scaf/TestSF': 0.05000614714475571, 'IntDiv': 0.8207231819327474, 'IntDiv2': 0.8093976043709982, 'Filters': 0.9536142249710089, 'logP': 0.33639199176829643, 'SA': 0.15838108538630827, 'QED': 0.021042605861713217, 'weight': 15.960087353216297, 'Novelty': 0.9286891645701397}
Epoch: 44:
	Train Loss: 0.395 --- Reconstruction Loss: 0.383 --- KL Loss: 18.612 --- Beta: 0.000640
	Validity: 0.52% --- Uniquene@1000: 0.95% --- Unique@10000: 0.79%

{'valid': 0.5516333333333333, 'unique@1000': 0.967, 'unique@10000': 0.8373, 'FCD/Test': 15.419173480854006, 'SNN/Test': 0.5608909586036491, 'Frag/Test': 0.9112876074515274, 'Scaf/Test': 0.27198093856929684, 'FCD/TestSF': 15.834951862751737, 'SNN/TestSF': 0.5156096058308851, 'Frag/TestSF': 0.9058050066869773, 'Scaf/TestSF': 0.05763798624434946, 'IntDiv': 0.8314281453580887, 'IntDiv2': 0.8210720316076373, 'Filters': 0.9526255362861804, 'logP': 0.41297607640740586, 'SA': 0.1418021041114793, 'QED': 0.017580239986362718, 'weight': 18.456449205549802, 'Novelty': 0.934596577017115}
Epoch: 45:
	Train Loss: 0.392 --- Reconstruction Loss: 0.379 --- KL Loss: 17.720 --- Beta: 0.000694
	Validity: 0.55% --- Uniquene@1000: 0.97% --- Unique@10000: 0.84%

{'valid': 0.3893333333333333, 'unique@1000': 0.961, 'unique@10000': 0.8047, 'FCD/Test': 14.944887253469517, 'SNN/Test': 0.5512359504001088, 'Frag/Test': 0.8966987684597242, 'Scaf/Test': 0.19168558363783772, 'FCD/TestSF': 15.460095863613851, 'SNN/TestSF': 0.5099367323050862, 'Frag/TestSF': 0.8913989004220211, 'Scaf/TestSF': 0.03697116007130219, 'IntDiv': 0.8342575905928247, 'IntDiv2': 0.8230745537687858, 'Filters': 0.9547089041095891, 'logP': 0.3037036120693962, 'SA': 0.07270655216476231, 'QED': 0.017163157567926912, 'weight': 16.831188078982933, 'Novelty': 0.9453320291272688}
Epoch: 46:
	Train Loss: 0.389 --- Reconstruction Loss: 0.376 --- KL Loss: 17.001 --- Beta: 0.000748
	Validity: 0.39% --- Uniquene@1000: 0.96% --- Unique@10000: 0.80%

{'valid': 0.5598000000000001, 'unique@1000': 0.963, 'unique@10000': 0.8469, 'FCD/Test': 14.772986267809145, 'SNN/Test': 0.557476827783167, 'Frag/Test': 0.9171392012937618, 'Scaf/Test': 0.2635958179065896, 'FCD/TestSF': 15.430994208288922, 'SNN/TestSF': 0.5055464205002804, 'Frag/TestSF': 0.9127725148091721, 'Scaf/TestSF': 0.04791834190760824, 'IntDiv': 0.8310731722208965, 'IntDiv2': 0.8204850753710979, 'Filters': 0.969989281886388, 'logP': 0.43280297439147564, 'SA': 0.13407024148917787, 'QED': 0.01837299630581299, 'weight': 16.238475794820932, 'Novelty': 0.9400581525385819}
Epoch: 47:
	Train Loss: 0.385 --- Reconstruction Loss: 0.372 --- KL Loss: 16.334 --- Beta: 0.000802
	Validity: 0.56% --- Uniquene@1000: 0.96% --- Unique@10000: 0.85%

{'valid': 0.47796666666666665, 'unique@1000': 0.961, 'unique@10000': 0.8274, 'FCD/Test': 15.313525141070308, 'SNN/Test': 0.5650267673206758, 'Frag/Test': 0.8983903574217643, 'Scaf/Test': 0.2792794257354393, 'FCD/TestSF': 15.63465540963702, 'SNN/TestSF': 0.5264492349926336, 'Frag/TestSF': 0.8948377634951685, 'Scaf/TestSF': 0.050455682189449735, 'IntDiv': 0.8309061398050828, 'IntDiv2': 0.8193258098384014, 'Filters': 0.970081595648232, 'logP': 0.37787078736645874, 'SA': 0.12689339516041112, 'QED': 0.01589630164473484, 'weight': 16.618795054950418, 'Novelty': 0.9296813273637082}
Epoch: 48:
	Train Loss: 0.382 --- Reconstruction Loss: 0.369 --- KL Loss: 15.786 --- Beta: 0.000856
	Validity: 0.48% --- Uniquene@1000: 0.96% --- Unique@10000: 0.83%

{'valid': 0.4382666666666667, 'unique@1000': 0.983, 'unique@10000': 0.8812, 'FCD/Test': 13.94756355354717, 'SNN/Test': 0.5317195369016264, 'Frag/Test': 0.8967657708690413, 'Scaf/Test': 0.1978435732935463, 'FCD/TestSF': 14.217213853862617, 'SNN/TestSF': 0.49432734904370484, 'Frag/TestSF': 0.8941915326849722, 'Scaf/TestSF': 0.05811973940767046, 'IntDiv': 0.844597603540197, 'IntDiv2': 0.8344921592072899, 'Filters': 0.9498783084879829, 'logP': 0.35201185367715865, 'SA': 0.016655218155449847, 'QED': 0.015227689614732616, 'weight': 18.012189176103, 'Novelty': 0.9525075314548999}
Epoch: 49:
	Train Loss: 0.379 --- Reconstruction Loss: 0.365 --- KL Loss: 15.230 --- Beta: 0.000910
	Validity: 0.44% --- Uniquene@1000: 0.98% --- Unique@10000: 0.88%

{'valid': 0.45009999999999994, 'unique@1000': 0.972, 'unique@10000': 0.8344, 'FCD/Test': 14.848832160435734, 'SNN/Test': 0.562220822869385, 'Frag/Test': 0.9258824228822649, 'Scaf/Test': 0.2831847462500121, 'FCD/TestSF': 15.276298819969021, 'SNN/TestSF': 0.5193914937615915, 'Frag/TestSF': 0.9220167965036197, 'Scaf/TestSF': 0.05976122810116724, 'IntDiv': 0.8328198973457032, 'IntDiv2': 0.8221197851629203, 'Filters': 0.9623046730356217, 'logP': 0.2747550108501051, 'SA': 0.1494589704956565, 'QED': 0.019963399377578857, 'weight': 22.53681519732524, 'Novelty': 0.9331731213605694}
Epoch: 50:
	Train Loss: 0.375 --- Reconstruction Loss: 0.361 --- KL Loss: 14.709 --- Beta: 0.000964
	Validity: 0.45% --- Uniquene@1000: 0.97% --- Unique@10000: 0.83%

{'valid': 0.4492333333333334, 'unique@1000': 0.976, 'unique@10000': 0.8487, 'FCD/Test': 14.563845282405282, 'SNN/Test': 0.5521695480074595, 'Frag/Test': 0.9274477928006676, 'Scaf/Test': 0.3412705200487558, 'FCD/TestSF': 15.294237881389677, 'SNN/TestSF': 0.5017911244437807, 'Frag/TestSF': 0.920954773899069, 'Scaf/TestSF': 0.06654680590793371, 'IntDiv': 0.8386420929837106, 'IntDiv2': 0.82814817773791, 'Filters': 0.9590413296727759, 'logP': 0.17364222651041672, 'SA': 0.09479242355171612, 'QED': 0.011419817493229427, 'weight': 26.30700151123333, 'Novelty': 0.9285908719716904}
Epoch: 51:
	Train Loss: 0.357 --- Reconstruction Loss: 0.354 --- KL Loss: 28.846 --- Beta: 0.000100
	Validity: 0.45% --- Uniquene@1000: 0.98% --- Unique@10000: 0.85%

{'valid': 0.4329333333333333, 'unique@1000': 0.958, 'unique@10000': 0.8177, 'FCD/Test': 14.603818383263224, 'SNN/Test': 0.551295935228802, 'Frag/Test': 0.9130097903200393, 'Scaf/Test': 0.23170310412188633, 'FCD/TestSF': 15.44360936886207, 'SNN/TestSF': 0.4965512992846881, 'Frag/TestSF': 0.9032145078068413, 'Scaf/TestSF': 0.03526731490793189, 'IntDiv': 0.8252263909339368, 'IntDiv2': 0.8149769522791985, 'Filters': 0.95218663381583, 'logP': 0.2916637537707825, 'SA': 0.0697432300746201, 'QED': 0.01391051230413115, 'weight': 20.58315867006886, 'Novelty': 0.9406655606518981}
Epoch: 52:
	Train Loss: 0.354 --- Reconstruction Loss: 0.350 --- KL Loss: 29.760 --- Beta: 0.000154
	Validity: 0.43% --- Uniquene@1000: 0.96% --- Unique@10000: 0.82%

{'valid': 0.5082333333333333, 'unique@1000': 0.975, 'unique@10000': 0.8476, 'FCD/Test': 13.741463735179636, 'SNN/Test': 0.547585008819236, 'Frag/Test': 0.9343476582363707, 'Scaf/Test': 0.228679217549284, 'FCD/TestSF': 14.29599994916326, 'SNN/TestSF': 0.4981636363699482, 'Frag/TestSF': 0.9264714508899803, 'Scaf/TestSF': 0.05719018483605842, 'IntDiv': 0.8369715886966016, 'IntDiv2': 0.8270885898018618, 'Filters': 0.9586803961435036, 'logP': 0.1641108260521198, 'SA': 0.06125416053472744, 'QED': 0.010158702059350384, 'weight': 29.39879776700153, 'Novelty': 0.9388735145694286}
Epoch: 53:
	Train Loss: 0.352 --- Reconstruction Loss: 0.346 --- KL Loss: 28.005 --- Beta: 0.000208
	Validity: 0.51% --- Uniquene@1000: 0.97% --- Unique@10000: 0.85%

{'valid': 0.5939333333333333, 'unique@1000': 0.983, 'unique@10000': 0.8559, 'FCD/Test': 13.837700143539628, 'SNN/Test': 0.5396590017460522, 'Frag/Test': 0.9368177541236382, 'Scaf/Test': 0.2407917385019651, 'FCD/TestSF': 14.408869331774376, 'SNN/TestSF': 0.49377806893732695, 'Frag/TestSF': 0.9304560968747073, 'Scaf/TestSF': 0.04265723771538843, 'IntDiv': 0.8444823626612745, 'IntDiv2': 0.834486021629872, 'Filters': 0.9445504545964755, 'logP': 0.24021117084513088, 'SA': 0.022667401322780306, 'QED': 0.016224177845011647, 'weight': 28.648350724028834, 'Novelty': 0.94532504713358}
Epoch: 54:
	Train Loss: 0.351 --- Reconstruction Loss: 0.344 --- KL Loss: 26.107 --- Beta: 0.000262
	Validity: 0.59% --- Uniquene@1000: 0.98% --- Unique@10000: 0.86%

/home/80027464/graphvae/metrics.py:527: UserWarning: Can't compute unique@10000.gen contains only 7271 molecules
  warnings.warn(
{'valid': 0.24236666666666662, 'unique@1000': 0.956, 'unique@10000': 0.8366111951588502, 'FCD/Test': 13.942253470011664, 'SNN/Test': 0.5228956804271742, 'Frag/Test': 0.9275550507511674, 'Scaf/Test': 0.20940856585084366, 'FCD/TestSF': 14.427842604762716, 'SNN/TestSF': 0.4767828088644659, 'Frag/TestSF': 0.9216051658257463, 'Scaf/TestSF': 0.04080183828073458, 'IntDiv': 0.846692056234678, 'IntDiv2': 0.835779638718912, 'Filters': 0.9434740750928345, 'logP': 0.23143313567530682, 'SA': 0.07740397831281808, 'QED': 0.025855904125370217, 'weight': 29.424839550592086, 'Novelty': 0.9396679270096991}
Epoch: 55:
	Train Loss: 0.349 --- Reconstruction Loss: 0.341 --- KL Loss: 24.548 --- Beta: 0.000316
	Validity: 0.24% --- Uniquene@1000: 0.96% --- Unique@10000: 0.84%

{'valid': 0.5346, 'unique@1000': 0.977, 'unique@10000': 0.855, 'FCD/Test': 13.47616399475308, 'SNN/Test': 0.5534557866970639, 'Frag/Test': 0.9407142076869841, 'Scaf/Test': 0.35266852591247366, 'FCD/TestSF': 13.827768201199824, 'SNN/TestSF': 0.5103915544452773, 'Frag/TestSF': 0.9356409587988874, 'Scaf/TestSF': 0.07118546547192417, 'IntDiv': 0.8426495012133792, 'IntDiv2': 0.8325538320654937, 'Filters': 0.9526748971193416, 'logP': 0.19965354151232828, 'SA': 0.07389051278766935, 'QED': 0.016677338035089938, 'weight': 29.739265771004046, 'Novelty': 0.9205323486422032}
Epoch: 56:
	Train Loss: 0.347 --- Reconstruction Loss: 0.339 --- KL Loss: 23.292 --- Beta: 0.000370
	Validity: 0.53% --- Uniquene@1000: 0.98% --- Unique@10000: 0.85%

{'valid': 0.5448999999999999, 'unique@1000': 0.981, 'unique@10000': 0.8525, 'FCD/Test': 14.012872436811868, 'SNN/Test': 0.5556352121600858, 'Frag/Test': 0.9268921870707204, 'Scaf/Test': 0.2818523653525682, 'FCD/TestSF': 14.591817926013562, 'SNN/TestSF': 0.5053002484903472, 'Frag/TestSF': 0.9189008981125436, 'Scaf/TestSF': 0.06691459846958325, 'IntDiv': 0.8387116658385249, 'IntDiv2': 0.8284151643924099, 'Filters': 0.9577904202605982, 'logP': 0.23520724928861889, 'SA': 0.07728745512554724, 'QED': 0.014737358351355392, 'weight': 28.035707698320735, 'Novelty': 0.9291902071563088}
Epoch: 57:
	Train Loss: 0.346 --- Reconstruction Loss: 0.337 --- KL Loss: 21.931 --- Beta: 0.000424
	Validity: 0.54% --- Uniquene@1000: 0.98% --- Unique@10000: 0.85%

{'valid': 0.5223333333333333, 'unique@1000': 0.979, 'unique@10000': 0.8766, 'FCD/Test': 13.431936314559465, 'SNN/Test': 0.5603037951180109, 'Frag/Test': 0.9225389895957713, 'Scaf/Test': 0.43027039222948427, 'FCD/TestSF': 14.092379963134988, 'SNN/TestSF': 0.5068033476781526, 'Frag/TestSF': 0.9159846675330949, 'Scaf/TestSF': 0.07145971003188023, 'IntDiv': 0.8374017825922357, 'IntDiv2': 0.8273834531884854, 'Filters': 0.9538608806636886, 'logP': 0.31936050624565904, 'SA': 0.1120991322454095, 'QED': 0.015345858624590737, 'weight': 22.363806567664888, 'Novelty': 0.921839255757206}
Epoch: 58:
	Train Loss: 0.344 --- Reconstruction Loss: 0.334 --- KL Loss: 20.795 --- Beta: 0.000478
	Validity: 0.52% --- Uniquene@1000: 0.98% --- Unique@10000: 0.88%

{'valid': 0.4965333333333334, 'unique@1000': 0.975, 'unique@10000': 0.8825, 'FCD/Test': 14.168404200062284, 'SNN/Test': 0.5505385852741952, 'Frag/Test': 0.9307986041001324, 'Scaf/Test': 0.3303362815288833, 'FCD/TestSF': 14.619863486049091, 'SNN/TestSF': 0.5061631291038352, 'Frag/TestSF': 0.925932228938803, 'Scaf/TestSF': 0.08810997427309708, 'IntDiv': 0.8419104026155132, 'IntDiv2': 0.8320658779076997, 'Filters': 0.9585123523093448, 'logP': 0.2602555099701788, 'SA': 0.0857928936786932, 'QED': 0.015748410884302292, 'weight': 26.09798071207159, 'Novelty': 0.9289118347895154}
Epoch: 59:
	Train Loss: 0.344 --- Reconstruction Loss: 0.333 --- KL Loss: 19.912 --- Beta: 0.000532
	Validity: 0.50% --- Uniquene@1000: 0.97% --- Unique@10000: 0.88%

{'valid': 0.3528, 'unique@1000': 0.984, 'unique@10000': 0.8958, 'FCD/Test': 12.526963599627152, 'SNN/Test': 0.5288197021010647, 'Frag/Test': 0.9069309255909508, 'Scaf/Test': 0.2764560629545474, 'FCD/TestSF': 12.814178249173807, 'SNN/TestSF': 0.494006942926666, 'Frag/TestSF': 0.902850443053586, 'Scaf/TestSF': 0.08666684212751219, 'IntDiv': 0.8530020545491799, 'IntDiv2': 0.8431128126654649, 'Filters': 0.951058201058201, 'logP': 0.218309917030307, 'SA': 0.04111815380847116, 'QED': 0.011782547554555694, 'weight': 23.716638236065673, 'Novelty': 0.9409081264587311}
Epoch: 60:
	Train Loss: 0.342 --- Reconstruction Loss: 0.331 --- KL Loss: 19.001 --- Beta: 0.000586
	Validity: 0.35% --- Uniquene@1000: 0.98% --- Unique@10000: 0.90%

/home/80027464/graphvae/metrics.py:527: UserWarning: Can't compute unique@10000.gen contains only 9713 molecules
  warnings.warn(
{'valid': 0.32376666666666665, 'unique@1000': 0.982, 'unique@10000': 0.8949861011016164, 'FCD/Test': 12.461277589597373, 'SNN/Test': 0.525454144173531, 'Frag/Test': 0.9269551745938174, 'Scaf/Test': 0.20520893355582515, 'FCD/TestSF': 12.745503678625823, 'SNN/TestSF': 0.48961252440946496, 'Frag/TestSF': 0.9216841659438367, 'Scaf/TestSF': 0.06849371107800806, 'IntDiv': 0.8519408179973695, 'IntDiv2': 0.8419952902335022, 'Filters': 0.9448162256769278, 'logP': 0.1468498336240761, 'SA': 0.0815326165147957, 'QED': 0.010653408919879348, 'weight': 27.500480141867225, 'Novelty': 0.9462786149775682}
Epoch: 61:
	Train Loss: 0.341 --- Reconstruction Loss: 0.330 --- KL Loss: 18.167 --- Beta: 0.000640
	Validity: 0.32% --- Uniquene@1000: 0.98% --- Unique@10000: 0.89%

{'valid': 0.3722, 'unique@1000': 0.993, 'unique@10000': 0.9132, 'FCD/Test': 11.968653960418067, 'SNN/Test': 0.5243602368274022, 'Frag/Test': 0.9158160906692224, 'Scaf/Test': 0.29582432753956556, 'FCD/TestSF': 12.538110425355868, 'SNN/TestSF': 0.4819290646217255, 'Frag/TestSF': 0.9107827505805359, 'Scaf/TestSF': 0.060470952753324814, 'IntDiv': 0.8568577157970699, 'IntDiv2': 0.847012308360677, 'Filters': 0.938921726670249, 'logP': 0.11356699990338565, 'SA': 0.06484930732369418, 'QED': 0.010527254494264553, 'weight': 29.841262550147718, 'Novelty': 0.9456253089471083}
Epoch: 62:
	Train Loss: 0.339 --- Reconstruction Loss: 0.327 --- KL Loss: 17.502 --- Beta: 0.000694
	Validity: 0.37% --- Uniquene@1000: 0.99% --- Unique@10000: 0.91%

{'valid': 0.42856666666666665, 'unique@1000': 0.987, 'unique@10000': 0.9101, 'FCD/Test': 11.495940124128651, 'SNN/Test': 0.542926934142872, 'Frag/Test': 0.9155232801222634, 'Scaf/Test': 0.4186045537277421, 'FCD/TestSF': 12.182011960080501, 'SNN/TestSF': 0.5000403104399952, 'Frag/TestSF': 0.9092328801168774, 'Scaf/TestSF': 0.08816837032928182, 'IntDiv': 0.8476408431375221, 'IntDiv2': 0.8379198277649954, 'Filters': 0.962432915921288, 'logP': 0.11858799104858983, 'SA': 0.035362367839551975, 'QED': 0.010462898910319186, 'weight': 25.718896131354242, 'Novelty': 0.9354669922385977}
Epoch: 63:
	Train Loss: 0.338 --- Reconstruction Loss: 0.325 --- KL Loss: 16.884 --- Beta: 0.000748
	Validity: 0.43% --- Uniquene@1000: 0.99% --- Unique@10000: 0.91%

{'valid': 0.41423333333333334, 'unique@1000': 0.989, 'unique@10000': 0.918, 'FCD/Test': 12.919864151737471, 'SNN/Test': 0.5243570632729573, 'Frag/Test': 0.8954561227535917, 'Scaf/Test': 0.27516328396530954, 'FCD/TestSF': 13.309863039259724, 'SNN/TestSF': 0.48469559984046184, 'Frag/TestSF': 0.8921700177158693, 'Scaf/TestSF': 0.06705563526893776, 'IntDiv': 0.8556035583186187, 'IntDiv2': 0.845952407711956, 'Filters': 0.9546954212601594, 'logP': 0.21019440168969744, 'SA': 0.03812152758489317, 'QED': 0.012172561544447097, 'weight': 26.092046269162378, 'Novelty': 0.9470363458633253}
Epoch: 64:
	Train Loss: 0.337 --- Reconstruction Loss: 0.324 --- KL Loss: 16.310 --- Beta: 0.000802
	Validity: 0.41% --- Uniquene@1000: 0.99% --- Unique@10000: 0.92%

{'valid': 0.5296333333333334, 'unique@1000': 0.986, 'unique@10000': 0.9075, 'FCD/Test': 13.200078526503496, 'SNN/Test': 0.5499389241346667, 'Frag/Test': 0.9197038536309824, 'Scaf/Test': 0.3265241203010196, 'FCD/TestSF': 13.815079979413902, 'SNN/TestSF': 0.5014998585724743, 'Frag/TestSF': 0.9133887265830052, 'Scaf/TestSF': 0.06461452755134334, 'IntDiv': 0.8422423442922707, 'IntDiv2': 0.8324669015990598, 'Filters': 0.9546226949461892, 'logP': 0.32869615637269556, 'SA': 0.07136903099972117, 'QED': 0.014496239221651892, 'weight': 20.585873597372437, 'Novelty': 0.9295805103070491}
Epoch: 65:
	Train Loss: 0.336 --- Reconstruction Loss: 0.323 --- KL Loss: 15.820 --- Beta: 0.000856
	Validity: 0.53% --- Uniquene@1000: 0.99% --- Unique@10000: 0.91%

{'valid': 0.42346666666666666, 'unique@1000': 0.984, 'unique@10000': 0.9232, 'FCD/Test': 11.758762614021407, 'SNN/Test': 0.5206545768000692, 'Frag/Test': 0.9042498799946181, 'Scaf/Test': 0.2704159268909796, 'FCD/TestSF': 12.21934939577477, 'SNN/TestSF': 0.48107888841044427, 'Frag/TestSF': 0.9001969501597821, 'Scaf/TestSF': 0.05834132049030727, 'IntDiv': 0.8602526246973244, 'IntDiv2': 0.8507935792339606, 'Filters': 0.9617443324937027, 'logP': 0.23176299779428178, 'SA': 0.0694092578286949, 'QED': 0.013159283164359171, 'weight': 27.172958980232863, 'Novelty': 0.9443530938987451}
Epoch: 66:
	Train Loss: 0.334 --- Reconstruction Loss: 0.320 --- KL Loss: 15.313 --- Beta: 0.000910
	Validity: 0.42% --- Uniquene@1000: 0.98% --- Unique@10000: 0.92%

{'valid': 0.5041333333333333, 'unique@1000': 0.992, 'unique@10000': 0.9144, 'FCD/Test': 12.414239008614146, 'SNN/Test': 0.5310622896950843, 'Frag/Test': 0.9222399939659637, 'Scaf/Test': 0.3458365949597859, 'FCD/TestSF': 12.826068014326957, 'SNN/TestSF': 0.4908125023619897, 'Frag/TestSF': 0.917290786131466, 'Scaf/TestSF': 0.056093258726387485, 'IntDiv': 0.8524776957219704, 'IntDiv2': 0.8429818793542309, 'Filters': 0.9578815128272944, 'logP': 0.2551902055674283, 'SA': 0.014817939341550405, 'QED': 0.012839327240992203, 'weight': 26.706046609159074, 'Novelty': 0.941005369928401}
Epoch: 67:
	Train Loss: 0.316 --- Reconstruction Loss: 0.314 --- KL Loss: 27.653 --- Beta: 0.000100
	Validity: 0.50% --- Uniquene@1000: 0.99% --- Unique@10000: 0.91%

{'valid': 0.6268666666666667, 'unique@1000': 0.981, 'unique@10000': 0.8918, 'FCD/Test': 12.80650968813039, 'SNN/Test': 0.5535931519393045, 'Frag/Test': 0.9394251289510871, 'Scaf/Test': 0.3591331643705846, 'FCD/TestSF': 13.416932554083317, 'SNN/TestSF': 0.5055684870338549, 'Frag/TestSF': 0.9313870007910118, 'Scaf/TestSF': 0.05785947943139491, 'IntDiv': 0.8378917319690199, 'IntDiv2': 0.8280369930059865, 'Filters': 0.9583111772838456, 'logP': 0.19654386559234954, 'SA': 0.08092476475813587, 'QED': 0.017035534571980086, 'weight': 23.53925731885734, 'Novelty': 0.9217479674796748}
Epoch: 68:
	Train Loss: 0.316 --- Reconstruction Loss: 0.312 --- KL Loss: 28.720 --- Beta: 0.000154
	Validity: 0.63% --- Uniquene@1000: 0.98% --- Unique@10000: 0.89%

/home/80027464/graphvae/metrics.py:527: UserWarning: Can't compute unique@10000.gen contains only 9456 molecules
  warnings.warn(
{'valid': 0.31520000000000004, 'unique@1000': 0.983, 'unique@10000': 0.9035532994923858, 'FCD/Test': 12.471335997395194, 'SNN/Test': 0.5099363742150405, 'Frag/Test': 0.9163580869464253, 'Scaf/Test': 0.2948949824094894, 'FCD/TestSF': 12.956797766851736, 'SNN/TestSF': 0.46839199086742606, 'Frag/TestSF': 0.911710100751594, 'Scaf/TestSF': 0.057499037974775846, 'IntDiv': 0.8640475324694086, 'IntDiv2': 0.8541500045509034, 'Filters': 0.9462774957698815, 'logP': 0.10843956573410285, 'SA': 0.15501372328024093, 'QED': 0.013378721305219303, 'weight': 29.26362528787196, 'Novelty': 0.9481507490636704}
Epoch: 69:
	Train Loss: 0.317 --- Reconstruction Loss: 0.311 --- KL Loss: 26.997 --- Beta: 0.000208
	Validity: 0.32% --- Uniquene@1000: 0.98% --- Unique@10000: 0.90%

{'valid': 0.5104666666666666, 'unique@1000': 0.992, 'unique@10000': 0.9253, 'FCD/Test': 13.198677165669842, 'SNN/Test': 0.5178920902458731, 'Frag/Test': 0.9179489170027634, 'Scaf/Test': 0.2512129429495301, 'FCD/TestSF': 13.738560203975155, 'SNN/TestSF': 0.47277417234454655, 'Frag/TestSF': 0.9107314543269742, 'Scaf/TestSF': 0.05278738437137698, 'IntDiv': 0.8556041814187118, 'IntDiv2': 0.8462461443426104, 'Filters': 0.9597753689434504, 'logP': 0.22598054953164928, 'SA': 0.04315575008364786, 'QED': 0.01188965409808905, 'weight': 28.194124439824225, 'Novelty': 0.9485486211901306}
Epoch: 70:
	Train Loss: 0.315 --- Reconstruction Loss: 0.308 --- KL Loss: 25.370 --- Beta: 0.000262
	Validity: 0.51% --- Uniquene@1000: 0.99% --- Unique@10000: 0.93%

{'valid': 0.5904333333333334, 'unique@1000': 0.988, 'unique@10000': 0.9289, 'FCD/Test': 12.974005760371156, 'SNN/Test': 0.5237652017546556, 'Frag/Test': 0.91714970416953, 'Scaf/Test': 0.336148080059122, 'FCD/TestSF': 13.555860422728188, 'SNN/TestSF': 0.4776533062688677, 'Frag/TestSF': 0.9127523022378513, 'Scaf/TestSF': 0.06750824611600614, 'IntDiv': 0.8582845084252405, 'IntDiv2': 0.848665594258609, 'Filters': 0.9624004968102523, 'logP': 0.2867646337101664, 'SA': 0.024175479408644365, 'QED': 0.00884750097732807, 'weight': 29.392992958542827, 'Novelty': 0.9393977974409574}
Epoch: 71:
	Train Loss: 0.314 --- Reconstruction Loss: 0.307 --- KL Loss: 24.038 --- Beta: 0.000316
	Validity: 0.59% --- Uniquene@1000: 0.99% --- Unique@10000: 0.93%

{'valid': 0.5959333333333333, 'unique@1000': 0.995, 'unique@10000': 0.9285, 'FCD/Test': 12.91323327010489, 'SNN/Test': 0.5250562820619006, 'Frag/Test': 0.9114248268429463, 'Scaf/Test': 0.3253710767380894, 'FCD/TestSF': 13.660256930439957, 'SNN/TestSF': 0.4749357034204817, 'Frag/TestSF': 0.9055915421175375, 'Scaf/TestSF': 0.05408084622007814, 'IntDiv': 0.8540214933632743, 'IntDiv2': 0.8447385656193279, 'Filters': 0.9600626468285043, 'logP': 0.2857800562585275, 'SA': 0.019173393646783308, 'QED': 0.009877978833407226, 'weight': 29.174693086082375, 'Novelty': 0.9410175879396985}
Epoch: 72:
	Train Loss: 0.314 --- Reconstruction Loss: 0.306 --- KL Loss: 22.711 --- Beta: 0.000370
	Validity: 0.60% --- Uniquene@1000: 0.99% --- Unique@10000: 0.93%

{'valid': 0.5519333333333334, 'unique@1000': 0.993, 'unique@10000': 0.9308, 'FCD/Test': 11.854422436710351, 'SNN/Test': 0.5327882364019707, 'Frag/Test': 0.9328378535203214, 'Scaf/Test': 0.3328442829800241, 'FCD/TestSF': 12.547015638305766, 'SNN/TestSF': 0.48583562736843705, 'Frag/TestSF': 0.9272346316596205, 'Scaf/TestSF': 0.061082010712213086, 'IntDiv': 0.8533617900564032, 'IntDiv2': 0.8437769946969048, 'Filters': 0.9532552240608769, 'logP': 0.17694936278875423, 'SA': 0.033067130598833254, 'QED': 0.008868352215282696, 'weight': 28.225858578176, 'Novelty': 0.9369278406031233}
Epoch: 73:
	Train Loss: 0.313 --- Reconstruction Loss: 0.304 --- KL Loss: 21.609 --- Beta: 0.000424
	Validity: 0.55% --- Uniquene@1000: 0.99% --- Unique@10000: 0.93%

{'valid': 0.5394333333333333, 'unique@1000': 0.987, 'unique@10000': 0.9452, 'FCD/Test': 12.133113509925991, 'SNN/Test': 0.521140565012284, 'Frag/Test': 0.9036771352824212, 'Scaf/Test': 0.30878343313766843, 'FCD/TestSF': 12.676029026036957, 'SNN/TestSF': 0.47659251465956093, 'Frag/TestSF': 0.8979861127379279, 'Scaf/TestSF': 0.05244612550665806, 'IntDiv': 0.8576619586997827, 'IntDiv2': 0.8483150191148057, 'Filters': 0.9397515911759253, 'logP': 0.19934108939967454, 'SA': 0.04155846516703469, 'QED': 0.012354627594164279, 'weight': 27.984784348534863, 'Novelty': 0.9461424532112562}
Epoch: 74:
	Train Loss: 0.312 --- Reconstruction Loss: 0.302 --- KL Loss: 20.603 --- Beta: 0.000478
	Validity: 0.54% --- Uniquene@1000: 0.99% --- Unique@10000: 0.95%

{'valid': 0.6512666666666667, 'unique@1000': 0.994, 'unique@10000': 0.9337, 'FCD/Test': 12.068962713030771, 'SNN/Test': 0.5352414816477633, 'Frag/Test': 0.9250679097529435, 'Scaf/Test': 0.44787792704268314, 'FCD/TestSF': 12.670289721830727, 'SNN/TestSF': 0.49060072213997064, 'Frag/TestSF': 0.9202001139271513, 'Scaf/TestSF': 0.05170562151097102, 'IntDiv': 0.8556296747925226, 'IntDiv2': 0.8460611232808057, 'Filters': 0.9659125806121405, 'logP': 0.3242115458313052, 'SA': 0.03247937927925438, 'QED': 0.010909254193501614, 'weight': 29.489019659066713, 'Novelty': 0.9293586888241676}
Epoch: 75:
	Train Loss: 0.312 --- Reconstruction Loss: 0.301 --- KL Loss: 19.720 --- Beta: 0.000532
	Validity: 0.65% --- Uniquene@1000: 0.99% --- Unique@10000: 0.93%

{'valid': 0.5934333333333333, 'unique@1000': 0.99, 'unique@10000': 0.9342, 'FCD/Test': 11.96984535876264, 'SNN/Test': 0.5378166055375322, 'Frag/Test': 0.9263385476453455, 'Scaf/Test': 0.45643907275427187, 'FCD/TestSF': 12.558727857746497, 'SNN/TestSF': 0.490605332930356, 'Frag/TestSF': 0.9200793953201601, 'Scaf/TestSF': 0.049350317750754935, 'IntDiv': 0.8524000188860168, 'IntDiv2': 0.8429429728421486, 'Filters': 0.9582092905690053, 'logP': 0.27909184245729673, 'SA': 0.03729502952597254, 'QED': 0.012362834061435339, 'weight': 23.860484434770658, 'Novelty': 0.9304792810783824}
Epoch: 76:
	Train Loss: 0.311 --- Reconstruction Loss: 0.300 --- KL Loss: 18.940 --- Beta: 0.000586
	Validity: 0.59% --- Uniquene@1000: 0.99% --- Unique@10000: 0.93%

{'valid': 0.35640000000000005, 'unique@1000': 0.996, 'unique@10000': 0.9403, 'FCD/Test': 11.227402808673538, 'SNN/Test': 0.5043276325620786, 'Frag/Test': 0.9117238361144127, 'Scaf/Test': 0.32987881884456294, 'FCD/TestSF': 11.717199961560091, 'SNN/TestSF': 0.46494858640601827, 'Frag/TestSF': 0.9069454586762781, 'Scaf/TestSF': 0.060301813347777955, 'IntDiv': 0.8625479394818409, 'IntDiv2': 0.8535601180673751, 'Filters': 0.9399551066217733, 'logP': 0.1549841822989425, 'SA': 0.155925277360098, 'QED': 0.011317909164970786, 'weight': 23.611878178325945, 'Novelty': 0.954214463840399}
Epoch: 77:
	Train Loss: 0.311 --- Reconstruction Loss: 0.299 --- KL Loss: 18.315 --- Beta: 0.000640
	Validity: 0.36% --- Uniquene@1000: 1.00% --- Unique@10000: 0.94%

{'valid': 0.6534666666666666, 'unique@1000': 0.993, 'unique@10000': 0.9483, 'FCD/Test': 12.94059601106273, 'SNN/Test': 0.5256719154877167, 'Frag/Test': 0.9040403111513338, 'Scaf/Test': 0.3916454809806974, 'FCD/TestSF': 13.520828259485043, 'SNN/TestSF': 0.4810053568885986, 'Frag/TestSF': 0.8988536229002537, 'Scaf/TestSF': 0.0649543039494711, 'IntDiv': 0.8551245049316041, 'IntDiv2': 0.8457152065521104, 'Filters': 0.9611303815547847, 'logP': 0.27837395242967183, 'SA': 0.018473113486773458, 'QED': 0.014006857478753174, 'weight': 24.484927716485128, 'Novelty': 0.9380917698470502}
Epoch: 78:
	Train Loss: 0.310 --- Reconstruction Loss: 0.297 --- KL Loss: 17.691 --- Beta: 0.000694
	Validity: 0.65% --- Uniquene@1000: 0.99% --- Unique@10000: 0.95%

{'valid': 0.5303333333333333, 'unique@1000': 0.99, 'unique@10000': 0.9362, 'FCD/Test': 12.290785497239867, 'SNN/Test': 0.5287920106157876, 'Frag/Test': 0.9075658674826992, 'Scaf/Test': 0.3817593350237425, 'FCD/TestSF': 12.912279424150618, 'SNN/TestSF': 0.4828214924780173, 'Frag/TestSF': 0.9015280749444088, 'Scaf/TestSF': 0.04445012252081215, 'IntDiv': 0.8555925440246617, 'IntDiv2': 0.8457661544885144, 'Filters': 0.9575109993714644, 'logP': 0.31440837119588755, 'SA': 0.02513252899461782, 'QED': 0.011658977022643697, 'weight': 27.30833289145037, 'Novelty': 0.9370480060610235}
Epoch: 79:
	Train Loss: 0.309 --- Reconstruction Loss: 0.296 --- KL Loss: 17.123 --- Beta: 0.000748
	Validity: 0.53% --- Uniquene@1000: 0.99% --- Unique@10000: 0.94%

{'valid': 0.6756666666666666, 'unique@1000': 0.991, 'unique@10000': 0.9462, 'FCD/Test': 12.16413426624905, 'SNN/Test': 0.5305604190861997, 'Frag/Test': 0.9094419949520638, 'Scaf/Test': 0.3343128585711812, 'FCD/TestSF': 12.64644858213083, 'SNN/TestSF': 0.4892432536413414, 'Frag/TestSF': 0.9036358219501943, 'Scaf/TestSF': 0.062022923772005134, 'IntDiv': 0.8517446637719386, 'IntDiv2': 0.8425340268315945, 'Filters': 0.9578194375925012, 'logP': 0.2744970379092975, 'SA': 0.019161494941658627, 'QED': 0.014931805301874344, 'weight': 20.913031532744206, 'Novelty': 0.9353682381055833}
Epoch: 80:
	Train Loss: 0.309 --- Reconstruction Loss: 0.296 --- KL Loss: 16.602 --- Beta: 0.000802
	Validity: 0.68% --- Uniquene@1000: 0.99% --- Unique@10000: 0.95%

{'valid': 0.5877, 'unique@1000': 0.998, 'unique@10000': 0.9432, 'FCD/Test': 11.898428949762746, 'SNN/Test': 0.5311417843613823, 'Frag/Test': 0.9072840648672323, 'Scaf/Test': 0.36827442907377717, 'FCD/TestSF': 12.525789502047715, 'SNN/TestSF': 0.49260406865997747, 'Frag/TestSF': 0.9030974427732023, 'Scaf/TestSF': 0.07861240239892586, 'IntDiv': 0.8553858522208078, 'IntDiv2': 0.8458676919691858, 'Filters': 0.9606375134705916, 'logP': 0.23557506818163257, 'SA': 0.026494274678788905, 'QED': 0.013908581139632045, 'weight': 20.92972047415509, 'Novelty': 0.931719697907639}
Epoch: 81:
	Train Loss: 0.308 --- Reconstruction Loss: 0.294 --- KL Loss: 16.133 --- Beta: 0.000856
	Validity: 0.59% --- Uniquene@1000: 1.00% --- Unique@10000: 0.94%

{'valid': 0.6155666666666666, 'unique@1000': 0.993, 'unique@10000': 0.955, 'FCD/Test': 11.593398320965576, 'SNN/Test': 0.5285335298660496, 'Frag/Test': 0.8961105873854174, 'Scaf/Test': 0.3783293048094658, 'FCD/TestSF': 12.22269996413209, 'SNN/TestSF': 0.4864767919639842, 'Frag/TestSF': 0.8906578140735577, 'Scaf/TestSF': 0.06224619892170191, 'IntDiv': 0.8526241808844861, 'IntDiv2': 0.8434886500305883, 'Filters': 0.9539177993177018, 'logP': 0.2891426494261188, 'SA': 0.03007259000048109, 'QED': 0.018290698820971257, 'weight': 16.712359326630985, 'Novelty': 0.9390570430733411}
Epoch: 82:
	Train Loss: 0.307 --- Reconstruction Loss: 0.293 --- KL Loss: 15.727 --- Beta: 0.000910
	Validity: 0.62% --- Uniquene@1000: 0.99% --- Unique@10000: 0.95%

{'valid': 0.6375666666666666, 'unique@1000': 0.994, 'unique@10000': 0.956, 'FCD/Test': 11.761865246344186, 'SNN/Test': 0.5338202620271533, 'Frag/Test': 0.890658904986522, 'Scaf/Test': 0.3676714695119705, 'FCD/TestSF': 12.44497672231742, 'SNN/TestSF': 0.4907566132969033, 'Frag/TestSF': 0.8857625696208159, 'Scaf/TestSF': 0.06054324138163514, 'IntDiv': 0.851509236088617, 'IntDiv2': 0.8421139143468341, 'Filters': 0.9651278297694359, 'logP': 0.356878155022359, 'SA': 0.03004813545252249, 'QED': 0.02468956823306496, 'weight': 21.322926386648298, 'Novelty': 0.9361714156490276}
Epoch: 83:
	Train Loss: 0.307 --- Reconstruction Loss: 0.292 --- KL Loss: 15.339 --- Beta: 0.000964
	Validity: 0.64% --- Uniquene@1000: 0.99% --- Unique@10000: 0.96%

{'valid': 0.7178, 'unique@1000': 0.995, 'unique@10000': 0.9288, 'FCD/Test': 12.836721825056145, 'SNN/Test': 0.5371748344704413, 'Frag/Test': 0.9151394664419387, 'Scaf/Test': 0.3545606185012107, 'FCD/TestSF': 13.319306563834033, 'SNN/TestSF': 0.49357473779114397, 'Frag/TestSF': 0.9104826054524313, 'Scaf/TestSF': 0.07556267411133355, 'IntDiv': 0.8507996804933985, 'IntDiv2': 0.8414007595634909, 'Filters': 0.9583449428810253, 'logP': 0.2209491128832245, 'SA': 0.04364489794567799, 'QED': 0.012797789419376156, 'weight': 23.135454445392416, 'Novelty': 0.9278780204706131}
Epoch: 84:
	Train Loss: 0.289 --- Reconstruction Loss: 0.286 --- KL Loss: 27.461 --- Beta: 0.000100
	Validity: 0.72% --- Uniquene@1000: 0.99% --- Unique@10000: 0.93%

{'valid': 0.5809666666666666, 'unique@1000': 0.995, 'unique@10000': 0.9421, 'FCD/Test': 12.921486209367906, 'SNN/Test': 0.5206063847645362, 'Frag/Test': 0.8982640748997336, 'Scaf/Test': 0.29304286406609936, 'FCD/TestSF': 13.41311772896259, 'SNN/TestSF': 0.4769650503109857, 'Frag/TestSF': 0.8939191787120185, 'Scaf/TestSF': 0.056558641492794104, 'IntDiv': 0.8566948715177533, 'IntDiv2': 0.8473969331781627, 'Filters': 0.952033966377876, 'logP': 0.2211217808566174, 'SA': 0.06377218729506685, 'QED': 0.013725027979017384, 'weight': 25.24783302776324, 'Novelty': 0.9428427862571447}
Epoch: 85:
	Train Loss: 0.289 --- Reconstruction Loss: 0.284 --- KL Loss: 28.520 --- Beta: 0.000154
	Validity: 0.58% --- Uniquene@1000: 0.99% --- Unique@10000: 0.94%

{'valid': 0.4558333333333333, 'unique@1000': 0.991, 'unique@10000': 0.9321, 'FCD/Test': 11.530991643774286, 'SNN/Test': 0.5189376233711539, 'Frag/Test': 0.928956503187619, 'Scaf/Test': 0.314898186671997, 'FCD/TestSF': 11.842426738031804, 'SNN/TestSF': 0.47812589837711517, 'Frag/TestSF': 0.9246801279352996, 'Scaf/TestSF': 0.04874606484483124, 'IntDiv': 0.8619876434819926, 'IntDiv2': 0.8525701770821661, 'Filters': 0.9559780621572213, 'logP': 0.156919572350403, 'SA': 0.07040650518098054, 'QED': 0.012308168622949305, 'weight': 29.410894396431623, 'Novelty': 0.9348766421018904}
Epoch: 86:
	Train Loss: 0.288 --- Reconstruction Loss: 0.283 --- KL Loss: 27.041 --- Beta: 0.000208
	Validity: 0.46% --- Uniquene@1000: 0.99% --- Unique@10000: 0.93%

{'valid': 0.5566666666666666, 'unique@1000': 0.995, 'unique@10000': 0.9436, 'FCD/Test': 12.128829498067901, 'SNN/Test': 0.5217856326440494, 'Frag/Test': 0.9127720020260087, 'Scaf/Test': 0.33625753705815487, 'FCD/TestSF': 12.51690166915742, 'SNN/TestSF': 0.483876624912202, 'Frag/TestSF': 0.9093215070545888, 'Scaf/TestSF': 0.08301228153174944, 'IntDiv': 0.8551110969427194, 'IntDiv2': 0.8459410653662816, 'Filters': 0.9549101796407186, 'logP': 0.27544553294339574, 'SA': 0.046777364479118795, 'QED': 0.010595203841438956, 'weight': 23.544931302457304, 'Novelty': 0.9406258182770358}
Epoch: 87:
	Train Loss: 0.289 --- Reconstruction Loss: 0.282 --- KL Loss: 25.528 --- Beta: 0.000262
	Validity: 0.56% --- Uniquene@1000: 0.99% --- Unique@10000: 0.94%

{'valid': 0.5768, 'unique@1000': 0.994, 'unique@10000': 0.9469, 'FCD/Test': 12.115331731440662, 'SNN/Test': 0.5178194992240799, 'Frag/Test': 0.9222821727341372, 'Scaf/Test': 0.33625340587520813, 'FCD/TestSF': 12.686051700603315, 'SNN/TestSF': 0.4771191409065238, 'Frag/TestSF': 0.916605551678213, 'Scaf/TestSF': 0.06754915835760622, 'IntDiv': 0.8547731498795684, 'IntDiv2': 0.845757798671336, 'Filters': 0.9414008321775312, 'logP': 0.2372195366136851, 'SA': 0.07322901106410687, 'QED': 0.012545580587022506, 'weight': 24.890905927690557, 'Novelty': 0.9438406935108989}
Epoch: 88:
	Train Loss: 0.290 --- Reconstruction Loss: 0.282 --- KL Loss: 24.142 --- Beta: 0.000316
	Validity: 0.58% --- Uniquene@1000: 0.99% --- Unique@10000: 0.95%

{'valid': 0.6073999999999999, 'unique@1000': 0.992, 'unique@10000': 0.9537, 'FCD/Test': 13.102745459075294, 'SNN/Test': 0.5105590369949394, 'Frag/Test': 0.8996243821309999, 'Scaf/Test': 0.3559417555526526, 'FCD/TestSF': 13.643305902373271, 'SNN/TestSF': 0.46877161782484733, 'Frag/TestSF': 0.8961961405929271, 'Scaf/TestSF': 0.0693139885019377, 'IntDiv': 0.8589943002609222, 'IntDiv2': 0.8499450411830106, 'Filters': 0.966304467127648, 'logP': 0.3033102576537081, 'SA': 0.08895430686663508, 'QED': 0.011449475929576765, 'weight': 21.082062724409283, 'Novelty': 0.9445765937202664}
Epoch: 89:
	Train Loss: 0.290 --- Reconstruction Loss: 0.281 --- KL Loss: 22.864 --- Beta: 0.000370
	Validity: 0.61% --- Uniquene@1000: 0.99% --- Unique@10000: 0.95%

{'valid': 0.6172666666666666, 'unique@1000': 0.995, 'unique@10000': 0.9467, 'FCD/Test': 12.947010951162824, 'SNN/Test': 0.5262557126027241, 'Frag/Test': 0.895673103152803, 'Scaf/Test': 0.3659375325865373, 'FCD/TestSF': 13.462091329870958, 'SNN/TestSF': 0.48296769339849166, 'Frag/TestSF': 0.8921857319706976, 'Scaf/TestSF': 0.05587338020404753, 'IntDiv': 0.8537544567818786, 'IntDiv2': 0.8444235839203289, 'Filters': 0.9589048493357814, 'logP': 0.4057603326947057, 'SA': 0.013604840363512533, 'QED': 0.014098190776334877, 'weight': 21.975979988106484, 'Novelty': 0.9364574123194813}
Epoch: 90:
	Train Loss: 0.288 --- Reconstruction Loss: 0.279 --- KL Loss: 21.893 --- Beta: 0.000424
	Validity: 0.62% --- Uniquene@1000: 0.99% --- Unique@10000: 0.95%

{'valid': 0.5999666666666666, 'unique@1000': 0.996, 'unique@10000': 0.948, 'FCD/Test': 12.321036365372095, 'SNN/Test': 0.5216554041592384, 'Frag/Test': 0.8914848991814629, 'Scaf/Test': 0.3276256559225046, 'FCD/TestSF': 12.791186850231412, 'SNN/TestSF': 0.4797483186669413, 'Frag/TestSF': 0.887875172532605, 'Scaf/TestSF': 0.05814091491552309, 'IntDiv': 0.856776937065326, 'IntDiv2': 0.8477162815176179, 'Filters': 0.9603311295071948, 'logP': 0.3875742364355382, 'SA': 0.042075154488593974, 'QED': 0.014579048329270613, 'weight': 20.026060785029383, 'Novelty': 0.9366197183098591}
Epoch: 91:
	Train Loss: 0.289 --- Reconstruction Loss: 0.278 --- KL Loss: 20.970 --- Beta: 0.000478
	Validity: 0.60% --- Uniquene@1000: 1.00% --- Unique@10000: 0.95%

{'valid': 0.7007333333333333, 'unique@1000': 0.998, 'unique@10000': 0.9618, 'FCD/Test': 12.999912898486869, 'SNN/Test': 0.5108344062642518, 'Frag/Test': 0.8877983251397051, 'Scaf/Test': 0.26155411868443534, 'FCD/TestSF': 13.34638966973013, 'SNN/TestSF': 0.47414943532407394, 'Frag/TestSF': 0.8848008458388978, 'Scaf/TestSF': 0.047830075107989534, 'IntDiv': 0.8605468562305385, 'IntDiv2': 0.8516445002409109, 'Filters': 0.9522405099419655, 'logP': 0.33159931428545014, 'SA': 0.09784454413215356, 'QED': 0.01687082337824799, 'weight': 19.88851419329009, 'Novelty': 0.9438877755511023}
Epoch: 92:
	Train Loss: 0.288 --- Reconstruction Loss: 0.277 --- KL Loss: 20.113 --- Beta: 0.000532
	Validity: 0.70% --- Uniquene@1000: 1.00% --- Unique@10000: 0.96%

{'valid': 0.6882333333333333, 'unique@1000': 0.995, 'unique@10000': 0.9559, 'FCD/Test': 12.367299150110313, 'SNN/Test': 0.5224736629191706, 'Frag/Test': 0.8964505517008352, 'Scaf/Test': 0.34864773551923, 'FCD/TestSF': 12.927384441702813, 'SNN/TestSF': 0.4784230375338127, 'Frag/TestSF': 0.8933880483547635, 'Scaf/TestSF': 0.0666276078990432, 'IntDiv': 0.8591414873996525, 'IntDiv2': 0.8498577295524726, 'Filters': 0.9677919310311426, 'logP': 0.3204508487752914, 'SA': 0.029948379668565193, 'QED': 0.01337865354171958, 'weight': 23.547265682009826, 'Novelty': 0.9329788354217121}
Epoch: 93:
	Train Loss: 0.287 --- Reconstruction Loss: 0.276 --- KL Loss: 19.378 --- Beta: 0.000586
	Validity: 0.69% --- Uniquene@1000: 0.99% --- Unique@10000: 0.96%

{'valid': 0.5924666666666667, 'unique@1000': 0.995, 'unique@10000': 0.9555, 'FCD/Test': 12.02878970455842, 'SNN/Test': 0.5199730091364523, 'Frag/Test': 0.8770918568124606, 'Scaf/Test': 0.3482835955529622, 'FCD/TestSF': 12.522050515158952, 'SNN/TestSF': 0.47991002947880124, 'Frag/TestSF': 0.8743496380570184, 'Scaf/TestSF': 0.057619248923841515, 'IntDiv': 0.8581447997411389, 'IntDiv2': 0.8490997522921173, 'Filters': 0.9643861820636885, 'logP': 0.30534955373374284, 'SA': 0.04480798109073651, 'QED': 0.01437498759582947, 'weight': 19.032806177369118, 'Novelty': 0.9366735411864613}
Epoch: 94:
	Train Loss: 0.287 --- Reconstruction Loss: 0.275 --- KL Loss: 18.604 --- Beta: 0.000640
	Validity: 0.59% --- Uniquene@1000: 0.99% --- Unique@10000: 0.96%

{'valid': 0.6071666666666666, 'unique@1000': 0.995, 'unique@10000': 0.9576, 'FCD/Test': 12.336050678709412, 'SNN/Test': 0.5197547247456942, 'Frag/Test': 0.8989492274291639, 'Scaf/Test': 0.34400624006020664, 'FCD/TestSF': 12.957866052401485, 'SNN/TestSF': 0.4769911222673202, 'Frag/TestSF': 0.8955609373616573, 'Scaf/TestSF': 0.06638219858982664, 'IntDiv': 0.858725941192494, 'IntDiv2': 0.8496025299559344, 'Filters': 0.9594839418062037, 'logP': 0.29722859430416415, 'SA': 0.0790569579121028, 'QED': 0.013591569869060042, 'weight': 22.892574101925355, 'Novelty': 0.9413287824398282}
Epoch: 95:
	Train Loss: 0.287 --- Reconstruction Loss: 0.274 --- KL Loss: 18.055 --- Beta: 0.000694
	Validity: 0.61% --- Uniquene@1000: 0.99% --- Unique@10000: 0.96%

{'valid': 0.5581666666666667, 'unique@1000': 0.995, 'unique@10000': 0.9576, 'FCD/Test': 12.485109796582336, 'SNN/Test': 0.518445846176781, 'Frag/Test': 0.9002519454064875, 'Scaf/Test': 0.31489195906332446, 'FCD/TestSF': 13.095137041909865, 'SNN/TestSF': 0.4770805562946753, 'Frag/TestSF': 0.8960710915386235, 'Scaf/TestSF': 0.05928733608262016, 'IntDiv': 0.8553953036040236, 'IntDiv2': 0.8463710411336696, 'Filters': 0.9548521946849806, 'logP': 0.3211463005880056, 'SA': 0.04709252915596384, 'QED': 0.015360152089176835, 'weight': 20.78508263957929, 'Novelty': 0.9424057084607543}
Epoch: 96:
	Train Loss: 0.286 --- Reconstruction Loss: 0.273 --- KL Loss: 17.437 --- Beta: 0.000748
	Validity: 0.56% --- Uniquene@1000: 0.99% --- Unique@10000: 0.96%

{'valid': 0.5526666666666666, 'unique@1000': 0.997, 'unique@10000': 0.963, 'FCD/Test': 12.582091914823678, 'SNN/Test': 0.5201681273819742, 'Frag/Test': 0.8850479166967465, 'Scaf/Test': 0.29851579118706795, 'FCD/TestSF': 13.185198772314735, 'SNN/TestSF': 0.47915481007124316, 'Frag/TestSF': 0.8816041464841561, 'Scaf/TestSF': 0.06882907418936268, 'IntDiv': 0.8543183086751249, 'IntDiv2': 0.8451538328233483, 'Filters': 0.9597708082026538, 'logP': 0.4265562915082053, 'SA': 0.01859821083935332, 'QED': 0.013386172862654639, 'weight': 18.00574631666549, 'Novelty': 0.9392517356646953}
Epoch: 97:
	Train Loss: 0.286 --- Reconstruction Loss: 0.272 --- KL Loss: 17.004 --- Beta: 0.000802
	Validity: 0.55% --- Uniquene@1000: 1.00% --- Unique@10000: 0.96%

{'valid': 0.6552333333333333, 'unique@1000': 0.992, 'unique@10000': 0.9535, 'FCD/Test': 11.034841842275128, 'SNN/Test': 0.5290013529758654, 'Frag/Test': 0.920155940068744, 'Scaf/Test': 0.370538834312357, 'FCD/TestSF': 11.519935512270152, 'SNN/TestSF': 0.49100372318428387, 'Frag/TestSF': 0.9165113254284616, 'Scaf/TestSF': 0.07462543259187993, 'IntDiv': 0.8557115526937346, 'IntDiv2': 0.8465236302847279, 'Filters': 0.9541130386121992, 'logP': 0.276366795549059, 'SA': 0.03520308137913669, 'QED': 0.013714527228458643, 'weight': 18.610241009811705, 'Novelty': 0.9322890904094532}
Epoch: 98:
	Train Loss: 0.286 --- Reconstruction Loss: 0.272 --- KL Loss: 16.577 --- Beta: 0.000856
	Validity: 0.66% --- Uniquene@1000: 0.99% --- Unique@10000: 0.95%

{'valid': 0.5428666666666666, 'unique@1000': 0.995, 'unique@10000': 0.9593, 'FCD/Test': 12.6006017402961, 'SNN/Test': 0.5040408381726764, 'Frag/Test': 0.9102518567481506, 'Scaf/Test': 0.2941223231881691, 'FCD/TestSF': 13.0153183413465, 'SNN/TestSF': 0.46867046742463864, 'Frag/TestSF': 0.9071903630355883, 'Scaf/TestSF': 0.06718670710719499, 'IntDiv': 0.8607622045655636, 'IntDiv2': 0.8516784859666433, 'Filters': 0.9519218961070859, 'logP': 0.3579389743156902, 'SA': 0.10778477541336225, 'QED': 0.015569473720967033, 'weight': 17.75106235641683, 'Novelty': 0.949328089151098}
Epoch: 99:
	Train Loss: 0.285 --- Reconstruction Loss: 0.271 --- KL Loss: 16.070 --- Beta: 0.000910
	Validity: 0.54% --- Uniquene@1000: 0.99% --- Unique@10000: 0.96%

{'valid': 0.7811333333333333, 'unique@1000': 0.998, 'unique@10000': 0.9665, 'FCD/Test': 12.042913260925886, 'SNN/Test': 0.5159498520168141, 'Frag/Test': 0.8806233993429691, 'Scaf/Test': 0.3669624043166607, 'FCD/TestSF': 12.705106280878674, 'SNN/TestSF': 0.4736300485565199, 'Frag/TestSF': 0.8766041880885647, 'Scaf/TestSF': 0.0749218030504778, 'IntDiv': 0.8600874999205317, 'IntDiv2': 0.8509582232529038, 'Filters': 0.9625330716053597, 'logP': 0.4193893452670517, 'SA': 0.0634938878052169, 'QED': 0.012125896739049334, 'weight': 16.8799637203818, 'Novelty': 0.9404658795642066}
Epoch: 100:
	Train Loss: 0.285 --- Reconstruction Loss: 0.270 --- KL Loss: 15.695 --- Beta: 0.000964
	Validity: 0.78% --- Uniquene@1000: 1.00% --- Unique@10000: 0.97%

