2024-02-15 02:31:21.139775: E external/local_xla/xla/stream_executor/cuda/cuda_dnn.cc:9261] Unable to register cuDNN factory: Attempting to register factory for plugin cuDNN when one has already been registered
2024-02-15 02:31:21.139856: E external/local_xla/xla/stream_executor/cuda/cuda_fft.cc:607] Unable to register cuFFT factory: Attempting to register factory for plugin cuFFT when one has already been registered
2024-02-15 02:31:21.141366: E external/local_xla/xla/stream_executor/cuda/cuda_blas.cc:1515] Unable to register cuBLAS factory: Attempting to register factory for plugin cuBLAS when one has already been registered
2024-02-15 02:31:21.146993: I tensorflow/core/platform/cpu_feature_guard.cc:182] This TensorFlow binary is optimized to use available CPU instructions in performance-critical operations.
To enable the following instructions: AVX2 FMA, in other operations, rebuild TensorFlow with the appropriate compiler flags.
2024-02-15 02:31:21.948308: W tensorflow/compiler/tf2tensorrt/utils/py_utils.cc:38] TF-TRT Warning: Could not find TensorRT

Arguments:
	data_path: data/moses_train.txt
	max_len: 30
	batch: 128
	d_model: 512
	d_latent: 256
	d_ff: 1024
	e_heads: 1
	d_heads: 8
	n_layers: 6
	dropout: 0.5
	lr: 0.0005
	n_epochs: 100
	kl_type: cyclic
	kl_w_start: 0.0001
	kl_w_end: 0.001
	kl_cycle: 6
	kl_ratio: 0.5
	save_name: klcompare

Number of data: 88192

SMILES Vocab:
	 {'<START>': 0, '<END>': 1, '<PAD>': 2, 'C': 3, 'O': 4, 'c': 5, '1': 6, '(': 7, '=': 8, ')': 9, 'N': 10, 'n': 11, '2': 12, 'F': 13, 'Cl': 14, 'Br': 15, '#': 16, '3': 17, 'S': 18, 'o': 19, '-': 20, 's': 21, '[nH]': 22, '4': 23}

Graph Vocab:
	 {'C': 0, 'O': 1, 'N': 2, 'F': 3, 'Cl': 4, 'Br': 5, 'S': 6}


KL Annealer: [0.0001   0.000208 0.000316 0.000424 0.000532 0.00064  0.000748 0.000856
 0.000964 0.001    0.001    0.001    0.001    0.001    0.001    0.001
 0.0001   0.000208 0.000316 0.000424 0.000532 0.00064  0.000748 0.000856
 0.000964 0.001    0.001    0.001    0.001    0.001    0.001    0.001
 0.001    0.0001   0.000208 0.000316 0.000424 0.000532 0.00064  0.000748
 0.000856 0.000964 0.001    0.001    0.001    0.001    0.001    0.001
 0.001    0.001    0.0001   0.000208 0.000316 0.000424 0.000532 0.00064
 0.000748 0.000856 0.000964 0.001    0.001    0.001    0.001    0.001
 0.001    0.001    0.0001   0.000208 0.000316 0.000424 0.000532 0.00064
 0.000748 0.000856 0.000964 0.001    0.001    0.001    0.001    0.001
 0.001    0.001    0.001    0.0001   0.000208 0.000316 0.000424 0.000532
 0.00064  0.000748 0.000856 0.000964 0.001    0.001    0.001    0.001
 0.001    0.001    0.001    0.001   ]




#########################################################################
######################### START TRAINING ################################
#########################################################################




{'valid': 0.3599333333333333, 'unique@1000': 0.885, 'unique@10000': 0.6013, 'FCD/Test': 19.375136127348803, 'SNN/Test': 0.5721647896011972, 'Frag/Test': 0.8293130724015496, 'Scaf/Test': 0.24111308224012729, 'FCD/TestSF': 20.432914253771955, 'SNN/TestSF': 0.5107086566305311, 'Frag/TestSF': 0.8150082458234342, 'Scaf/TestSF': 0.058263128249150475, 'IntDiv': 0.7940606340760293, 'IntDiv2': 0.7799034252248696, 'Filters': 0.9668457121689201, 'logP': 0.26334980959659116, 'SA': 0.23524272535830834, 'QED': 0.09107251844233617, 'weight': 13.671360620310395, 'Novelty': 0.9481272527816956}
Epoch: 31:
	Train Loss: 0.463 --- Reconstruction Loss: 0.448 --- KL Loss: 15.067 --- Beta: 0.001000
	Validity: 0.36% --- Uniquene@1000: 0.89% --- Unique@10000: 0.60%

{'valid': 0.6118666666666667, 'unique@1000': 0.857, 'unique@10000': 0.573, 'FCD/Test': 21.44235941313859, 'SNN/Test': 0.6046722381657623, 'Frag/Test': 0.8672381876744527, 'Scaf/Test': 0.2390800814809021, 'FCD/TestSF': 22.26721024582774, 'SNN/TestSF': 0.5485174834434374, 'Frag/TestSF': 0.8592587845129889, 'Scaf/TestSF': 0.055974425559081276, 'IntDiv': 0.7892611931033311, 'IntDiv2': 0.7754343855522212, 'Filters': 0.9850730006537372, 'logP': 0.32468028925818415, 'SA': 0.3429952026877732, 'QED': 0.05733198063443108, 'weight': 13.672045971030528, 'Novelty': 0.9388071262587142}
Epoch: 32:
	Train Loss: 0.458 --- Reconstruction Loss: 0.444 --- KL Loss: 14.627 --- Beta: 0.001000
	Validity: 0.61% --- Uniquene@1000: 0.86% --- Unique@10000: 0.57%

{'valid': 0.5915666666666667, 'unique@1000': 0.879, 'unique@10000': 0.6381, 'FCD/Test': 19.76062028159768, 'SNN/Test': 0.5879028577592841, 'Frag/Test': 0.8571248177642553, 'Scaf/Test': 0.24762629977889328, 'FCD/TestSF': 20.87857693321473, 'SNN/TestSF': 0.5169782812288931, 'Frag/TestSF': 0.8438206252371551, 'Scaf/TestSF': 0.02579361686352577, 'IntDiv': 0.7898762220039391, 'IntDiv2': 0.7766526888472292, 'Filters': 0.9788696681129205, 'logP': 0.23237418561068576, 'SA': 0.24333862024100783, 'QED': 0.08368687196309438, 'weight': 9.3612652168755, 'Novelty': 0.9499127578774504}
Epoch: 33:
	Train Loss: 0.454 --- Reconstruction Loss: 0.440 --- KL Loss: 14.015 --- Beta: 0.001000
	Validity: 0.59% --- Uniquene@1000: 0.88% --- Unique@10000: 0.64%

{'valid': 0.5872999999999999, 'unique@1000': 0.849, 'unique@10000': 0.5293, 'FCD/Test': 23.556374738610216, 'SNN/Test': 0.5769581724068412, 'Frag/Test': 0.8289794007259246, 'Scaf/Test': 0.14156200899211835, 'FCD/TestSF': 24.882374596672392, 'SNN/TestSF': 0.4884983470463727, 'Frag/TestSF': 0.814476976817163, 'Scaf/TestSF': 0.009875914014141118, 'IntDiv': 0.7789056156640631, 'IntDiv2': 0.7631959115249203, 'Filters': 0.9817810318406266, 'logP': 0.25864249908319237, 'SA': 0.15306549247464962, 'QED': 0.07996411416826599, 'weight': 9.219570761995428, 'Novelty': 0.9548814682640836}
Epoch: 34:
	Train Loss: 0.435 --- Reconstruction Loss: 0.432 --- KL Loss: 30.026 --- Beta: 0.000100
	Validity: 0.59% --- Uniquene@1000: 0.85% --- Unique@10000: 0.53%

{'valid': 0.6477333333333333, 'unique@1000': 0.839, 'unique@10000': 0.5501, 'FCD/Test': 21.656364624521274, 'SNN/Test': 0.6054822892677568, 'Frag/Test': 0.8796313262668619, 'Scaf/Test': 0.22873178288202023, 'FCD/TestSF': 22.98336190917665, 'SNN/TestSF': 0.5204081041358807, 'Frag/TestSF': 0.8662093831699769, 'Scaf/TestSF': 0.01200895534676849, 'IntDiv': 0.7838481466635973, 'IntDiv2': 0.7693206107531294, 'Filters': 0.9861568546727049, 'logP': 0.23379295999591249, 'SA': 0.2531711369580061, 'QED': 0.05474583884374039, 'weight': 18.586994098060742, 'Novelty': 0.9309830041341295}
Epoch: 35:
	Train Loss: 0.432 --- Reconstruction Loss: 0.426 --- KL Loss: 27.903 --- Beta: 0.000208
	Validity: 0.65% --- Uniquene@1000: 0.84% --- Unique@10000: 0.55%

{'valid': 0.47906666666666664, 'unique@1000': 0.857, 'unique@10000': 0.5751, 'FCD/Test': 17.7516229050251, 'SNN/Test': 0.585092339576568, 'Frag/Test': 0.9174459180672528, 'Scaf/Test': 0.3764926518265703, 'FCD/TestSF': 18.879381442019586, 'SNN/TestSF': 0.5138208534876484, 'Frag/TestSF': 0.907217744238267, 'Scaf/TestSF': 0.024144552210866643, 'IntDiv': 0.8024371748698536, 'IntDiv2': 0.7897672523155985, 'Filters': 0.9701502922349012, 'logP': 0.344812203973854, 'SA': 0.1655890504240393, 'QED': 0.050215000412792636, 'weight': 15.869068377085462, 'Novelty': 0.9345608689892702}
Epoch: 36:
	Train Loss: 0.431 --- Reconstruction Loss: 0.423 --- KL Loss: 24.597 --- Beta: 0.000316
	Validity: 0.48% --- Uniquene@1000: 0.86% --- Unique@10000: 0.58%

{'valid': 0.5759000000000001, 'unique@1000': 0.9, 'unique@10000': 0.6811, 'FCD/Test': 18.870583730529546, 'SNN/Test': 0.568390829673746, 'Frag/Test': 0.8968467953740494, 'Scaf/Test': 0.2564332413074233, 'FCD/TestSF': 19.89594956452359, 'SNN/TestSF': 0.5016118737688328, 'Frag/TestSF': 0.8863106402839135, 'Scaf/TestSF': 0.012897789631881817, 'IntDiv': 0.8126949271825382, 'IntDiv2': 0.80008542834079, 'Filters': 0.9669502807200324, 'logP': 0.5336572818668406, 'SA': 0.19008593362968365, 'QED': 0.024940161262943062, 'weight': 16.041678260380827, 'Novelty': 0.9540240963855422}
Epoch: 37:
	Train Loss: 0.428 --- Reconstruction Loss: 0.419 --- KL Loss: 21.984 --- Beta: 0.000424
	Validity: 0.58% --- Uniquene@1000: 0.90% --- Unique@10000: 0.68%

{'valid': 0.5679333333333334, 'unique@1000': 0.945, 'unique@10000': 0.7464, 'FCD/Test': 16.985035657658315, 'SNN/Test': 0.5814893421803244, 'Frag/Test': 0.8946236651620879, 'Scaf/Test': 0.32204678827988786, 'FCD/TestSF': 18.037464970686386, 'SNN/TestSF': 0.5111058251238062, 'Frag/TestSF': 0.8833112466207683, 'Scaf/TestSF': 0.03080202529471432, 'IntDiv': 0.811295663503869, 'IntDiv2': 0.800393296167385, 'Filters': 0.9761709120788825, 'logP': 0.4171548711432084, 'SA': 0.22020269568089593, 'QED': 0.03699992288133059, 'weight': 14.744047691980441, 'Novelty': 0.9362480404110782}
Epoch: 38:
	Train Loss: 0.425 --- Reconstruction Loss: 0.414 --- KL Loss: 19.857 --- Beta: 0.000532
	Validity: 0.57% --- Uniquene@1000: 0.94% --- Unique@10000: 0.75%

{'valid': 0.5068333333333334, 'unique@1000': 0.932, 'unique@10000': 0.7353, 'FCD/Test': 15.97489342140593, 'SNN/Test': 0.5748829011549019, 'Frag/Test': 0.8916433358869618, 'Scaf/Test': 0.24389622892071017, 'FCD/TestSF': 16.915684480942787, 'SNN/TestSF': 0.5181763113456429, 'Frag/TestSF': 0.8812239796067167, 'Scaf/TestSF': 0.016235886481886452, 'IntDiv': 0.80840234643461, 'IntDiv2': 0.7970005366395108, 'Filters': 0.9773758632028938, 'logP': 0.3832365385058968, 'SA': 0.189438207384321, 'QED': 0.042258832282441476, 'weight': 14.308155150319704, 'Novelty': 0.9412729026036644}
Epoch: 39:
	Train Loss: 0.421 --- Reconstruction Loss: 0.410 --- KL Loss: 18.091 --- Beta: 0.000640
	Validity: 0.51% --- Uniquene@1000: 0.93% --- Unique@10000: 0.74%

{'valid': 0.5055666666666667, 'unique@1000': 0.958, 'unique@10000': 0.7729, 'FCD/Test': 15.915136080438145, 'SNN/Test': 0.5658618691890377, 'Frag/Test': 0.9130778694602123, 'Scaf/Test': 0.24618779265328006, 'FCD/TestSF': 16.449059922328694, 'SNN/TestSF': 0.5132639561033425, 'Frag/TestSF': 0.9056604084060501, 'Scaf/TestSF': 0.033577686597576206, 'IntDiv': 0.8222958016012185, 'IntDiv2': 0.8113197542167302, 'Filters': 0.9647919825937892, 'logP': 0.4190119838487124, 'SA': 0.15253491708884215, 'QED': 0.029987240148590742, 'weight': 12.397542931314227, 'Novelty': 0.9451208431764492}
Epoch: 40:
	Train Loss: 0.417 --- Reconstruction Loss: 0.405 --- KL Loss: 16.405 --- Beta: 0.000748
	Validity: 0.51% --- Uniquene@1000: 0.96% --- Unique@10000: 0.77%

{'valid': 0.5422666666666667, 'unique@1000': 0.941, 'unique@10000': 0.7636, 'FCD/Test': 15.680226111462972, 'SNN/Test': 0.5818204085029092, 'Frag/Test': 0.9151762516285746, 'Scaf/Test': 0.3323387409839913, 'FCD/TestSF': 16.498175997746486, 'SNN/TestSF': 0.526374083948474, 'Frag/TestSF': 0.9073244849522372, 'Scaf/TestSF': 0.02753855517846293, 'IntDiv': 0.8137477924616676, 'IntDiv2': 0.8027904718189247, 'Filters': 0.9685886402753873, 'logP': 0.479843131151857, 'SA': 0.21175084918220313, 'QED': 0.025317765778709426, 'weight': 17.271719851848502, 'Novelty': 0.9446879382889201}
Epoch: 41:
	Train Loss: 0.414 --- Reconstruction Loss: 0.401 --- KL Loss: 15.313 --- Beta: 0.000856
	Validity: 0.54% --- Uniquene@1000: 0.94% --- Unique@10000: 0.76%

{'valid': 0.4775666666666667, 'unique@1000': 0.957, 'unique@10000': 0.7925, 'FCD/Test': 15.7977692626012, 'SNN/Test': 0.5728927014949825, 'Frag/Test': 0.9224561789746237, 'Scaf/Test': 0.25888513722839, 'FCD/TestSF': 16.606171169240966, 'SNN/TestSF': 0.5143938516612794, 'Frag/TestSF': 0.9158486451177305, 'Scaf/TestSF': 0.022460297195713186, 'IntDiv': 0.8222899021172758, 'IntDiv2': 0.8118921227660221, 'Filters': 0.9630069100300133, 'logP': 0.444611510634577, 'SA': 0.1968049455194623, 'QED': 0.022833813826726602, 'weight': 18.13608412147623, 'Novelty': 0.941441856182672}
Epoch: 42:
	Train Loss: 0.410 --- Reconstruction Loss: 0.397 --- KL Loss: 14.168 --- Beta: 0.000964
	Validity: 0.48% --- Uniquene@1000: 0.96% --- Unique@10000: 0.79%

{'valid': 0.5853999999999999, 'unique@1000': 0.962, 'unique@10000': 0.7905, 'FCD/Test': 16.999846562226566, 'SNN/Test': 0.575340731314871, 'Frag/Test': 0.8801648103852195, 'Scaf/Test': 0.21947489990001356, 'FCD/TestSF': 17.756834244727052, 'SNN/TestSF': 0.5255946156204717, 'Frag/TestSF': 0.872620706502165, 'Scaf/TestSF': 0.033410387187195245, 'IntDiv': 0.8108858929074223, 'IntDiv2': 0.7991471033091453, 'Filters': 0.9738070834756861, 'logP': 0.3357004031187987, 'SA': 0.21627307643651317, 'QED': 0.031235670813149468, 'weight': 13.621527255123288, 'Novelty': 0.9403947471888023}
Epoch: 43:
	Train Loss: 0.407 --- Reconstruction Loss: 0.393 --- KL Loss: 13.701 --- Beta: 0.001000
	Validity: 0.59% --- Uniquene@1000: 0.96% --- Unique@10000: 0.79%

{'valid': 0.34563333333333335, 'unique@1000': 0.913, 'unique@10000': 0.7418, 'FCD/Test': 16.517698243593543, 'SNN/Test': 0.5723047183939916, 'Frag/Test': 0.8843886438505019, 'Scaf/Test': 0.277226489702744, 'FCD/TestSF': 17.154848097413065, 'SNN/TestSF': 0.5272183156896435, 'Frag/TestSF': 0.8791970383857459, 'Scaf/TestSF': 0.03968739990864101, 'IntDiv': 0.8196156664229228, 'IntDiv2': 0.8066021659875979, 'Filters': 0.9621950043398592, 'logP': 0.2814281392941707, 'SA': 0.21204184288736452, 'QED': 0.015321526331231872, 'weight': 17.488031396950802, 'Novelty': 0.9383346425765907}
Epoch: 44:
	Train Loss: 0.402 --- Reconstruction Loss: 0.389 --- KL Loss: 13.517 --- Beta: 0.001000
	Validity: 0.35% --- Uniquene@1000: 0.91% --- Unique@10000: 0.74%

{'valid': 0.5249666666666667, 'unique@1000': 0.946, 'unique@10000': 0.809, 'FCD/Test': 15.599335862704677, 'SNN/Test': 0.5606546417532501, 'Frag/Test': 0.8857099987378606, 'Scaf/Test': 0.27523817351089774, 'FCD/TestSF': 16.114359569428203, 'SNN/TestSF': 0.5189566274718017, 'Frag/TestSF': 0.8811269365943355, 'Scaf/TestSF': 0.042849396817856045, 'IntDiv': 0.8286466866963154, 'IntDiv2': 0.8170813876366284, 'Filters': 0.9567591593117023, 'logP': 0.49043591024934935, 'SA': 0.1804699433223146, 'QED': 0.020975612262575494, 'weight': 14.371113193338973, 'Novelty': 0.9474252491694353}
Epoch: 45:
	Train Loss: 0.399 --- Reconstruction Loss: 0.385 --- KL Loss: 13.353 --- Beta: 0.001000
	Validity: 0.52% --- Uniquene@1000: 0.95% --- Unique@10000: 0.81%

/home/80027464/graphvae/metrics.py:527: UserWarning: Can't compute unique@10000.gen contains only 9032 molecules
  warnings.warn(
{'valid': 0.3010666666666667, 'unique@1000': 0.964, 'unique@10000': 0.8217449069973428, 'FCD/Test': 14.99839297121779, 'SNN/Test': 0.539402512988559, 'Frag/Test': 0.8817909809197267, 'Scaf/Test': 0.23538140972434696, 'FCD/TestSF': 15.45124610579338, 'SNN/TestSF': 0.500183852688072, 'Frag/TestSF': 0.8778100546894785, 'Scaf/TestSF': 0.03815313289759714, 'IntDiv': 0.8384615986323786, 'IntDiv2': 0.8269979292595994, 'Filters': 0.9571523472099203, 'logP': 0.3968562930851062, 'SA': 0.05105568174402854, 'QED': 0.017299137716397385, 'weight': 16.109554866503082, 'Novelty': 0.9524386957693344}
Epoch: 46:
	Train Loss: 0.394 --- Reconstruction Loss: 0.381 --- KL Loss: 13.369 --- Beta: 0.001000
	Validity: 0.30% --- Uniquene@1000: 0.96% --- Unique@10000: 0.82%

{'valid': 0.5012666666666667, 'unique@1000': 0.977, 'unique@10000': 0.838, 'FCD/Test': 15.125052057718747, 'SNN/Test': 0.5568285864537693, 'Frag/Test': 0.895617909521368, 'Scaf/Test': 0.25415979406902156, 'FCD/TestSF': 15.705868004101355, 'SNN/TestSF': 0.5073588540655436, 'Frag/TestSF': 0.8906241704345081, 'Scaf/TestSF': 0.03515526492070842, 'IntDiv': 0.8282850645389853, 'IntDiv2': 0.8181269281162309, 'Filters': 0.9701423061577338, 'logP': 0.3700742903141992, 'SA': 0.1291462874846854, 'QED': 0.026710927232593856, 'weight': 18.52708167167526, 'Novelty': 0.9464689620507665}
Epoch: 47:
	Train Loss: 0.392 --- Reconstruction Loss: 0.378 --- KL Loss: 13.425 --- Beta: 0.001000
	Validity: 0.50% --- Uniquene@1000: 0.98% --- Unique@10000: 0.84%

{'valid': 0.5436333333333334, 'unique@1000': 0.973, 'unique@10000': 0.8354, 'FCD/Test': 14.643428171334904, 'SNN/Test': 0.5673961079676517, 'Frag/Test': 0.8947285230878789, 'Scaf/Test': 0.24986200961294092, 'FCD/TestSF': 15.161220565855402, 'SNN/TestSF': 0.5231903712019929, 'Frag/TestSF': 0.889199658872982, 'Scaf/TestSF': 0.044815302524922385, 'IntDiv': 0.8326341037053216, 'IntDiv2': 0.8217007622178968, 'Filters': 0.9644981298669446, 'logP': 0.2867200348361292, 'SA': 0.14218090207631773, 'QED': 0.0169661224214534, 'weight': 15.731596275461918, 'Novelty': 0.9300039016777214}
Epoch: 48:
	Train Loss: 0.387 --- Reconstruction Loss: 0.374 --- KL Loss: 13.320 --- Beta: 0.001000
	Validity: 0.54% --- Uniquene@1000: 0.97% --- Unique@10000: 0.84%

{'valid': 0.5106999999999999, 'unique@1000': 0.972, 'unique@10000': 0.8446, 'FCD/Test': 14.54959742409153, 'SNN/Test': 0.54943546331156, 'Frag/Test': 0.8983728323338722, 'Scaf/Test': 0.19963086603549707, 'FCD/TestSF': 14.907470415509728, 'SNN/TestSF': 0.5068337817782561, 'Frag/TestSF': 0.8946453198110418, 'Scaf/TestSF': 0.036893603939753494, 'IntDiv': 0.8370279983775023, 'IntDiv2': 0.8265381357316629, 'Filters': 0.9640362900593956, 'logP': 0.33266860121814573, 'SA': 0.08153991170475648, 'QED': 0.01775234336922073, 'weight': 18.587956483701383, 'Novelty': 0.9447872685936992}
Epoch: 49:
	Train Loss: 0.384 --- Reconstruction Loss: 0.371 --- KL Loss: 13.322 --- Beta: 0.001000
	Validity: 0.51% --- Uniquene@1000: 0.97% --- Unique@10000: 0.84%

{'valid': 0.3534333333333334, 'unique@1000': 0.964, 'unique@10000': 0.8018, 'FCD/Test': 14.948345289632258, 'SNN/Test': 0.5564916469666189, 'Frag/Test': 0.8972411472651877, 'Scaf/Test': 0.1869148372238556, 'FCD/TestSF': 15.328196477609339, 'SNN/TestSF': 0.5157734813298818, 'Frag/TestSF': 0.8933802912082293, 'Scaf/TestSF': 0.039989710912821885, 'IntDiv': 0.8382092048407396, 'IntDiv2': 0.826962369797068, 'Filters': 0.9718004338394793, 'logP': 0.28578284829942635, 'SA': 0.11894631498621466, 'QED': 0.01663838407262685, 'weight': 20.87712608874957, 'Novelty': 0.9413295481428909}
Epoch: 50:
	Train Loss: 0.380 --- Reconstruction Loss: 0.367 --- KL Loss: 13.367 --- Beta: 0.001000
	Validity: 0.35% --- Uniquene@1000: 0.96% --- Unique@10000: 0.80%

{'valid': 0.5466, 'unique@1000': 0.966, 'unique@10000': 0.807, 'FCD/Test': 15.045543504585225, 'SNN/Test': 0.5651598378119926, 'Frag/Test': 0.9072890014829268, 'Scaf/Test': 0.2545202461694951, 'FCD/TestSF': 15.53224165140081, 'SNN/TestSF': 0.5206025645095033, 'Frag/TestSF': 0.9025994065972586, 'Scaf/TestSF': 0.03897167166548732, 'IntDiv': 0.8335806208340167, 'IntDiv2': 0.8224258211964033, 'Filters': 0.9722527137455788, 'logP': 0.31944430911236393, 'SA': 0.15195831524713554, 'QED': 0.013447292596092151, 'weight': 19.142301727811137, 'Novelty': 0.9270680372001958}
Epoch: 51:
	Train Loss: 0.361 --- Reconstruction Loss: 0.359 --- KL Loss: 26.899 --- Beta: 0.000100
	Validity: 0.55% --- Uniquene@1000: 0.97% --- Unique@10000: 0.81%

{'valid': 0.5059, 'unique@1000': 0.966, 'unique@10000': 0.8021, 'FCD/Test': 14.757953259973874, 'SNN/Test': 0.5591955999321261, 'Frag/Test': 0.9019801550714375, 'Scaf/Test': 0.22045310650223515, 'FCD/TestSF': 15.582319124602371, 'SNN/TestSF': 0.500201478510174, 'Frag/TestSF': 0.8924185388488194, 'Scaf/TestSF': 0.03584751429828903, 'IntDiv': 0.824874642747522, 'IntDiv2': 0.8143580412972916, 'Filters': 0.9628385056335245, 'logP': 0.20830555962330416, 'SA': 0.10026773733552702, 'QED': 0.019782331815235546, 'weight': 20.834029324251883, 'Novelty': 0.9396446612088486}
Epoch: 52:
	Train Loss: 0.360 --- Reconstruction Loss: 0.355 --- KL Loss: 25.596 --- Beta: 0.000208
	Validity: 0.51% --- Uniquene@1000: 0.97% --- Unique@10000: 0.80%

{'valid': 0.3889666666666667, 'unique@1000': 0.959, 'unique@10000': 0.7961, 'FCD/Test': 14.17622136912123, 'SNN/Test': 0.5578445058709623, 'Frag/Test': 0.9025399660569609, 'Scaf/Test': 0.22132345629430727, 'FCD/TestSF': 14.631741526499574, 'SNN/TestSF': 0.508682812695046, 'Frag/TestSF': 0.898805988809765, 'Scaf/TestSF': 0.046478571891321985, 'IntDiv': 0.8359621006946455, 'IntDiv2': 0.8252802323660574, 'Filters': 0.9704344845316651, 'logP': 0.2817822599627796, 'SA': 0.09309213259794977, 'QED': 0.0138859617346673, 'weight': 25.031278515813064, 'Novelty': 0.9292162043152796}
Epoch: 53:
	Train Loss: 0.359 --- Reconstruction Loss: 0.352 --- KL Loss: 22.824 --- Beta: 0.000316
	Validity: 0.39% --- Uniquene@1000: 0.96% --- Unique@10000: 0.80%

{'valid': 0.5103666666666666, 'unique@1000': 0.965, 'unique@10000': 0.825, 'FCD/Test': 13.765708376349565, 'SNN/Test': 0.5591900244400944, 'Frag/Test': 0.9160925397753646, 'Scaf/Test': 0.239950106285989, 'FCD/TestSF': 14.371544615597848, 'SNN/TestSF': 0.5112383904646133, 'Frag/TestSF': 0.9086831180950227, 'Scaf/TestSF': 0.04610188720483599, 'IntDiv': 0.8351244348318845, 'IntDiv2': 0.824781030287146, 'Filters': 0.9685193651623016, 'logP': 0.15741973589634878, 'SA': 0.08531985803755171, 'QED': 0.012613479896862801, 'weight': 26.93761113223511, 'Novelty': 0.930821803633939}
Epoch: 54:
	Train Loss: 0.358 --- Reconstruction Loss: 0.349 --- KL Loss: 20.554 --- Beta: 0.000424
	Validity: 0.51% --- Uniquene@1000: 0.96% --- Unique@10000: 0.82%

{'valid': 0.45896666666666663, 'unique@1000': 0.975, 'unique@10000': 0.851, 'FCD/Test': 14.480066883145, 'SNN/Test': 0.5576293781498209, 'Frag/Test': 0.9068132466554849, 'Scaf/Test': 0.27759488826205536, 'FCD/TestSF': 14.956038096153364, 'SNN/TestSF': 0.5066808877847355, 'Frag/TestSF': 0.9009869485990184, 'Scaf/TestSF': 0.061477780992255315, 'IntDiv': 0.8340582952953101, 'IntDiv2': 0.8241045208410038, 'Filters': 0.971021860701576, 'logP': 0.37805410639819875, 'SA': 0.11793262675715871, 'QED': 0.017577044149223703, 'weight': 21.17040719669965, 'Novelty': 0.926937794785085}
Epoch: 55:
	Train Loss: 0.357 --- Reconstruction Loss: 0.347 --- KL Loss: 18.924 --- Beta: 0.000532
	Validity: 0.46% --- Uniquene@1000: 0.97% --- Unique@10000: 0.85%

{'valid': 0.4023, 'unique@1000': 0.973, 'unique@10000': 0.8592, 'FCD/Test': 12.824316043860712, 'SNN/Test': 0.5500790897609581, 'Frag/Test': 0.9134996634267074, 'Scaf/Test': 0.3269750904282299, 'FCD/TestSF': 13.530435434958932, 'SNN/TestSF': 0.5039191925060937, 'Frag/TestSF': 0.905873564680678, 'Scaf/TestSF': 0.057431232808138666, 'IntDiv': 0.8428325646289183, 'IntDiv2': 0.8323575933156859, 'Filters': 0.9681000911425968, 'logP': 0.15485415864268218, 'SA': 0.07552815790151686, 'QED': 0.013249365727447546, 'weight': 27.632184549477724, 'Novelty': 0.9363019758183426}
Epoch: 56:
	Train Loss: 0.355 --- Reconstruction Loss: 0.344 --- KL Loss: 17.483 --- Beta: 0.000640
	Validity: 0.40% --- Uniquene@1000: 0.97% --- Unique@10000: 0.86%

{'valid': 0.5974999999999999, 'unique@1000': 0.962, 'unique@10000': 0.8391, 'FCD/Test': 13.72251065004761, 'SNN/Test': 0.5637239458288276, 'Frag/Test': 0.9069458872000473, 'Scaf/Test': 0.26581708724360165, 'FCD/TestSF': 14.206034668185374, 'SNN/TestSF': 0.5152504897300502, 'Frag/TestSF': 0.9003175210277774, 'Scaf/TestSF': 0.045412676414401054, 'IntDiv': 0.834396878573429, 'IntDiv2': 0.8238034075636865, 'Filters': 0.9681450488145049, 'logP': 0.19533936272397773, 'SA': 0.1310299317933095, 'QED': 0.014989561419797535, 'weight': 25.837171438871252, 'Novelty': 0.9304607508532423}
Epoch: 57:
	Train Loss: 0.354 --- Reconstruction Loss: 0.342 --- KL Loss: 16.344 --- Beta: 0.000748
	Validity: 0.60% --- Uniquene@1000: 0.96% --- Unique@10000: 0.84%

{'valid': 0.4344, 'unique@1000': 0.973, 'unique@10000': 0.838, 'FCD/Test': 14.218862595069325, 'SNN/Test': 0.5568046553358847, 'Frag/Test': 0.8880813445288096, 'Scaf/Test': 0.3092632496104717, 'FCD/TestSF': 14.551858226293454, 'SNN/TestSF': 0.5158808221394496, 'Frag/TestSF': 0.8863621097341732, 'Scaf/TestSF': 0.05222379028498936, 'IntDiv': 0.8413391390653298, 'IntDiv2': 0.8304822696886442, 'Filters': 0.9642418661755678, 'logP': 0.33117685273496456, 'SA': 0.12272235761862163, 'QED': 0.012983943543617416, 'weight': 21.263463902484514, 'Novelty': 0.9227864829148574}
Epoch: 58:
	Train Loss: 0.353 --- Reconstruction Loss: 0.340 --- KL Loss: 15.330 --- Beta: 0.000856
	Validity: 0.43% --- Uniquene@1000: 0.97% --- Unique@10000: 0.84%

{'valid': 0.5075333333333334, 'unique@1000': 0.971, 'unique@10000': 0.8637, 'FCD/Test': 13.90534844459782, 'SNN/Test': 0.5608451433091256, 'Frag/Test': 0.9099946619162717, 'Scaf/Test': 0.2906067051073161, 'FCD/TestSF': 14.443614565228586, 'SNN/TestSF': 0.5128745727762668, 'Frag/TestSF': 0.9036858702503221, 'Scaf/TestSF': 0.05277640431452457, 'IntDiv': 0.8363282880914159, 'IntDiv2': 0.8257360665964116, 'Filters': 0.9704452909496913, 'logP': 0.24493397312121942, 'SA': 0.10719194347479793, 'QED': 0.015252325836391047, 'weight': 21.086567082762254, 'Novelty': 0.9318326947637292}
Epoch: 59:
	Train Loss: 0.351 --- Reconstruction Loss: 0.337 --- KL Loss: 14.468 --- Beta: 0.000964
	Validity: 0.51% --- Uniquene@1000: 0.97% --- Unique@10000: 0.86%

{'valid': 0.6384666666666667, 'unique@1000': 0.975, 'unique@10000': 0.8739, 'FCD/Test': 14.050626112224421, 'SNN/Test': 0.5568427112308638, 'Frag/Test': 0.8956739142511261, 'Scaf/Test': 0.3376216028055925, 'FCD/TestSF': 14.435466628674405, 'SNN/TestSF': 0.5142668300361092, 'Frag/TestSF': 0.8921788706164202, 'Scaf/TestSF': 0.0685270992156023, 'IntDiv': 0.8369730749444305, 'IntDiv2': 0.8261683181138773, 'Filters': 0.969562493473948, 'logP': 0.21259236751962188, 'SA': 0.11480527389065728, 'QED': 0.01540996778897594, 'weight': 17.571733255559185, 'Novelty': 0.9303533636888347}
Epoch: 60:
	Train Loss: 0.348 --- Reconstruction Loss: 0.334 --- KL Loss: 14.169 --- Beta: 0.001000
	Validity: 0.64% --- Uniquene@1000: 0.97% --- Unique@10000: 0.87%

{'valid': 0.5110333333333333, 'unique@1000': 0.985, 'unique@10000': 0.8877, 'FCD/Test': 12.317563027991511, 'SNN/Test': 0.5483529239068735, 'Frag/Test': 0.910428178697807, 'Scaf/Test': 0.2738205872580012, 'FCD/TestSF': 12.825508839100898, 'SNN/TestSF': 0.5068468592774727, 'Frag/TestSF': 0.9058116731171574, 'Scaf/TestSF': 0.047706403419856436, 'IntDiv': 0.843101402381906, 'IntDiv2': 0.8329880836048653, 'Filters': 0.9552540604004958, 'logP': 0.180862500730652, 'SA': 0.04665578594239356, 'QED': 0.010521644146391942, 'weight': 23.621819023075403, 'Novelty': 0.9384920634920635}
Epoch: 61:
	Train Loss: 0.347 --- Reconstruction Loss: 0.333 --- KL Loss: 13.974 --- Beta: 0.001000
	Validity: 0.51% --- Uniquene@1000: 0.98% --- Unique@10000: 0.89%

{'valid': 0.49083333333333334, 'unique@1000': 0.971, 'unique@10000': 0.865, 'FCD/Test': 12.300025859750278, 'SNN/Test': 0.565268608865997, 'Frag/Test': 0.9010296344703858, 'Scaf/Test': 0.30814367551916266, 'FCD/TestSF': 12.73478328982101, 'SNN/TestSF': 0.5249994604656368, 'Frag/TestSF': 0.8962422742428955, 'Scaf/TestSF': 0.07488677105558339, 'IntDiv': 0.8396109355954102, 'IntDiv2': 0.8287088145884802, 'Filters': 0.9729711375212224, 'logP': 0.13619961694672952, 'SA': 0.10687237693888536, 'QED': 0.00956074389583506, 'weight': 26.44521916367742, 'Novelty': 0.9247259041073475}
Epoch: 62:
	Train Loss: 0.344 --- Reconstruction Loss: 0.330 --- KL Loss: 13.943 --- Beta: 0.001000
	Validity: 0.49% --- Uniquene@1000: 0.97% --- Unique@10000: 0.86%

{'valid': 0.48706666666666665, 'unique@1000': 0.983, 'unique@10000': 0.8573, 'FCD/Test': 12.795086785648557, 'SNN/Test': 0.5665932137834236, 'Frag/Test': 0.9045291351209943, 'Scaf/Test': 0.3308777223752658, 'FCD/TestSF': 13.209864993069772, 'SNN/TestSF': 0.5272034899464967, 'Frag/TestSF': 0.9009530680188121, 'Scaf/TestSF': 0.06232110333182972, 'IntDiv': 0.8345515490789939, 'IntDiv2': 0.82401215993705, 'Filters': 0.9763892690938955, 'logP': 0.2462001594535877, 'SA': 0.15504562513102607, 'QED': 0.01664287503256169, 'weight': 25.118035535105175, 'Novelty': 0.9245612575896199}
Epoch: 63:
	Train Loss: 0.342 --- Reconstruction Loss: 0.328 --- KL Loss: 13.881 --- Beta: 0.001000
	Validity: 0.49% --- Uniquene@1000: 0.98% --- Unique@10000: 0.86%

{'valid': 0.49539999999999995, 'unique@1000': 0.983, 'unique@10000': 0.8885, 'FCD/Test': 13.399236890103985, 'SNN/Test': 0.5472245505138532, 'Frag/Test': 0.8828092780280432, 'Scaf/Test': 0.2627052236964541, 'FCD/TestSF': 13.722852250178668, 'SNN/TestSF': 0.511065053863218, 'Frag/TestSF': 0.8805770881353027, 'Scaf/TestSF': 0.058750843293247645, 'IntDiv': 0.844973098704321, 'IntDiv2': 0.8344845615832325, 'Filters': 0.9697887229175077, 'logP': 0.23492712986151532, 'SA': 0.05407597845325854, 'QED': 0.01261512070127346, 'weight': 23.036428234974796, 'Novelty': 0.9351364100951333}
Epoch: 64:
	Train Loss: 0.340 --- Reconstruction Loss: 0.326 --- KL Loss: 13.864 --- Beta: 0.001000
	Validity: 0.50% --- Uniquene@1000: 0.98% --- Unique@10000: 0.89%

{'valid': 0.5481, 'unique@1000': 0.986, 'unique@10000': 0.8849, 'FCD/Test': 12.841956136225868, 'SNN/Test': 0.5533656840284745, 'Frag/Test': 0.9160106297473531, 'Scaf/Test': 0.3215323466445327, 'FCD/TestSF': 13.415612519627118, 'SNN/TestSF': 0.5103600947394218, 'Frag/TestSF': 0.9114635629187, 'Scaf/TestSF': 0.03892541633380997, 'IntDiv': 0.8422873070698333, 'IntDiv2': 0.8318634515544293, 'Filters': 0.9689229459344402, 'logP': 0.1992305877132198, 'SA': 0.07844249808626129, 'QED': 0.012577576144823568, 'weight': 21.377909995745505, 'Novelty': 0.93397583429229}
Epoch: 65:
	Train Loss: 0.337 --- Reconstruction Loss: 0.323 --- KL Loss: 13.791 --- Beta: 0.001000
	Validity: 0.55% --- Uniquene@1000: 0.99% --- Unique@10000: 0.88%

{'valid': 0.5802333333333334, 'unique@1000': 0.986, 'unique@10000': 0.9105, 'FCD/Test': 12.477364115624198, 'SNN/Test': 0.5540114317639113, 'Frag/Test': 0.8972870662372588, 'Scaf/Test': 0.352047539382468, 'FCD/TestSF': 13.048402569688122, 'SNN/TestSF': 0.5098330666557037, 'Frag/TestSF': 0.8926508469205339, 'Scaf/TestSF': 0.04889056618389098, 'IntDiv': 0.8435437843341685, 'IntDiv2': 0.8335927903451507, 'Filters': 0.9719078531625208, 'logP': 0.26714896739165533, 'SA': 0.10189296079177462, 'QED': 0.01156111808435274, 'weight': 21.7633747068667, 'Novelty': 0.9320343153554566}
Epoch: 66:
	Train Loss: 0.335 --- Reconstruction Loss: 0.321 --- KL Loss: 13.738 --- Beta: 0.001000
	Validity: 0.58% --- Uniquene@1000: 0.99% --- Unique@10000: 0.91%

{'valid': 0.5588, 'unique@1000': 0.988, 'unique@10000': 0.8835, 'FCD/Test': 13.31187877640464, 'SNN/Test': 0.5493587763987586, 'Frag/Test': 0.9044907952348523, 'Scaf/Test': 0.3093015936225949, 'FCD/TestSF': 13.920401981898436, 'SNN/TestSF': 0.5035451387493658, 'Frag/TestSF': 0.8985624955081212, 'Scaf/TestSF': 0.059912059876426116, 'IntDiv': 0.8426099302773773, 'IntDiv2': 0.8327344613674255, 'Filters': 0.9723812932474349, 'logP': 0.15571689355302057, 'SA': 0.09365539832966242, 'QED': 0.015073535434495711, 'weight': 25.207802141871998, 'Novelty': 0.935410442452696}
Epoch: 67:
	Train Loss: 0.317 --- Reconstruction Loss: 0.314 --- KL Loss: 25.932 --- Beta: 0.000100
	Validity: 0.56% --- Uniquene@1000: 0.99% --- Unique@10000: 0.88%

{'valid': 0.7271333333333334, 'unique@1000': 0.967, 'unique@10000': 0.8705, 'FCD/Test': 13.448267596231055, 'SNN/Test': 0.5560332793570618, 'Frag/Test': 0.9330127942338946, 'Scaf/Test': 0.29315234960326, 'FCD/TestSF': 13.985781765620118, 'SNN/TestSF': 0.5062658027862338, 'Frag/TestSF': 0.9254675342388077, 'Scaf/TestSF': 0.05496473210732111, 'IntDiv': 0.8374306765542274, 'IntDiv2': 0.8271997819581502, 'Filters': 0.9678646740625286, 'logP': 0.29398943015920187, 'SA': 0.084747776960572, 'QED': 0.01705189353766741, 'weight': 21.68518394896654, 'Novelty': 0.930411336125294}
Epoch: 68:
	Train Loss: 0.318 --- Reconstruction Loss: 0.312 --- KL Loss: 24.688 --- Beta: 0.000208
	Validity: 0.73% --- Uniquene@1000: 0.97% --- Unique@10000: 0.87%

{'valid': 0.4525666666666667, 'unique@1000': 0.981, 'unique@10000': 0.8799, 'FCD/Test': 12.792503664227894, 'SNN/Test': 0.5407444957709324, 'Frag/Test': 0.9169986197864787, 'Scaf/Test': 0.24722006870140223, 'FCD/TestSF': 13.082139660492118, 'SNN/TestSF': 0.5011259793967432, 'Frag/TestSF': 0.9120730907600954, 'Scaf/TestSF': 0.05933787224849829, 'IntDiv': 0.8492622587130337, 'IntDiv2': 0.8387362016318402, 'Filters': 0.9656035943139132, 'logP': 0.13005322490249932, 'SA': 0.027984065355979696, 'QED': 0.01098229961457525, 'weight': 25.12695545805627, 'Novelty': 0.9371374144947614}
Epoch: 69:
	Train Loss: 0.318 --- Reconstruction Loss: 0.311 --- KL Loss: 22.049 --- Beta: 0.000316
	Validity: 0.45% --- Uniquene@1000: 0.98% --- Unique@10000: 0.88%

{'valid': 0.5301333333333333, 'unique@1000': 0.98, 'unique@10000': 0.87, 'FCD/Test': 13.436659684049488, 'SNN/Test': 0.5523068959697316, 'Frag/Test': 0.9123197745395228, 'Scaf/Test': 0.2637355436712253, 'FCD/TestSF': 13.649713025458503, 'SNN/TestSF': 0.5124029585074116, 'Frag/TestSF': 0.908726731367935, 'Scaf/TestSF': 0.0635309346092977, 'IntDiv': 0.8457916029971367, 'IntDiv2': 0.8354184113439949, 'Filters': 0.974786217303823, 'logP': 0.19649545516275949, 'SA': 0.07988375451010844, 'QED': 0.011966664025000778, 'weight': 24.93296078872228, 'Novelty': 0.9261984223300971}
Epoch: 70:
	Train Loss: 0.319 --- Reconstruction Loss: 0.310 --- KL Loss: 20.086 --- Beta: 0.000424
	Validity: 0.53% --- Uniquene@1000: 0.98% --- Unique@10000: 0.87%

{'valid': 0.5447666666666666, 'unique@1000': 0.986, 'unique@10000': 0.8856, 'FCD/Test': 12.511750357084225, 'SNN/Test': 0.5450785397135671, 'Frag/Test': 0.9150448285233592, 'Scaf/Test': 0.3185157999531216, 'FCD/TestSF': 12.759341631118772, 'SNN/TestSF': 0.5053743988481589, 'Frag/TestSF': 0.9109064972672231, 'Scaf/TestSF': 0.06507131900033436, 'IntDiv': 0.8493292703406788, 'IntDiv2': 0.8393028671315146, 'Filters': 0.9695282383895246, 'logP': 0.18397046911337928, 'SA': 0.06034314335690225, 'QED': 0.010712316423999332, 'weight': 28.489055275121736, 'Novelty': 0.934257054196435}
Epoch: 71:
	Train Loss: 0.319 --- Reconstruction Loss: 0.309 --- KL Loss: 18.675 --- Beta: 0.000532
	Validity: 0.54% --- Uniquene@1000: 0.99% --- Unique@10000: 0.89%

{'valid': 0.655, 'unique@1000': 0.982, 'unique@10000': 0.9086, 'FCD/Test': 12.390025987013587, 'SNN/Test': 0.547990959026583, 'Frag/Test': 0.919912992788924, 'Scaf/Test': 0.3673892833457447, 'FCD/TestSF': 12.918636003778829, 'SNN/TestSF': 0.5047840313473124, 'Frag/TestSF': 0.9153453417065878, 'Scaf/TestSF': 0.07063060715179548, 'IntDiv': 0.8486629158448346, 'IntDiv2': 0.8387590361554184, 'Filters': 0.9677862595419847, 'logP': 0.30098147264904623, 'SA': 0.08637935212516067, 'QED': 0.012263567806573334, 'weight': 25.183940456586917, 'Novelty': 0.9304670912951167}
Epoch: 72:
	Train Loss: 0.319 --- Reconstruction Loss: 0.307 --- KL Loss: 17.289 --- Beta: 0.000640
	Validity: 0.66% --- Uniquene@1000: 0.98% --- Unique@10000: 0.91%

{'valid': 0.5355, 'unique@1000': 0.985, 'unique@10000': 0.9124, 'FCD/Test': 12.641149792978247, 'SNN/Test': 0.5410130169396826, 'Frag/Test': 0.9062863907832917, 'Scaf/Test': 0.33986228697613785, 'FCD/TestSF': 12.893996768464447, 'SNN/TestSF': 0.4995660373838453, 'Frag/TestSF': 0.902139322435961, 'Scaf/TestSF': 0.055250133137424995, 'IntDiv': 0.8504163174176341, 'IntDiv2': 0.8406059490231338, 'Filters': 0.969187675070028, 'logP': 0.23027827436259832, 'SA': 0.03288617600116947, 'QED': 0.01297074432823618, 'weight': 22.702191607465842, 'Novelty': 0.9389578163771712}
Epoch: 73:
	Train Loss: 0.319 --- Reconstruction Loss: 0.307 --- KL Loss: 16.323 --- Beta: 0.000748
	Validity: 0.54% --- Uniquene@1000: 0.98% --- Unique@10000: 0.91%

{'valid': 0.47063333333333335, 'unique@1000': 0.991, 'unique@10000': 0.9372, 'FCD/Test': 12.284096235976875, 'SNN/Test': 0.5239468859464439, 'Frag/Test': 0.8799288902560977, 'Scaf/Test': 0.29875898837556125, 'FCD/TestSF': 12.67177718278019, 'SNN/TestSF': 0.48663084676612056, 'Frag/TestSF': 0.8788892990253735, 'Scaf/TestSF': 0.058615454257972543, 'IntDiv': 0.8597802370189136, 'IntDiv2': 0.8503064359720984, 'Filters': 0.9672073092995255, 'logP': 0.12250279720001682, 'SA': 0.037383303559476035, 'QED': 0.012505454668360245, 'weight': 27.60195899564082, 'Novelty': 0.9433033310254635}
Epoch: 74:
	Train Loss: 0.318 --- Reconstruction Loss: 0.305 --- KL Loss: 15.325 --- Beta: 0.000856
	Validity: 0.47% --- Uniquene@1000: 0.99% --- Unique@10000: 0.94%

{'valid': 0.6395666666666666, 'unique@1000': 0.987, 'unique@10000': 0.9392, 'FCD/Test': 12.104497155237148, 'SNN/Test': 0.5278869452256001, 'Frag/Test': 0.8888233730870653, 'Scaf/Test': 0.3495813075959422, 'FCD/TestSF': 12.551572928161931, 'SNN/TestSF': 0.48696082087739734, 'Frag/TestSF': 0.8849123223337904, 'Scaf/TestSF': 0.0663583579756124, 'IntDiv': 0.8549485790123631, 'IntDiv2': 0.8455176676374851, 'Filters': 0.9663834888205556, 'logP': 0.260113062421552, 'SA': 0.029571415680375385, 'QED': 0.013731067161615342, 'weight': 25.442584280861904, 'Novelty': 0.9454870936074378}
Epoch: 75:
	Train Loss: 0.318 --- Reconstruction Loss: 0.304 --- KL Loss: 14.531 --- Beta: 0.000964
	Validity: 0.64% --- Uniquene@1000: 0.99% --- Unique@10000: 0.94%

{'valid': 0.4965666666666667, 'unique@1000': 0.981, 'unique@10000': 0.9141, 'FCD/Test': 13.056697459064289, 'SNN/Test': 0.5280521017783535, 'Frag/Test': 0.89819743482176, 'Scaf/Test': 0.3525836341411279, 'FCD/TestSF': 13.392455046068562, 'SNN/TestSF': 0.4889145693383201, 'Frag/TestSF': 0.8959757397188893, 'Scaf/TestSF': 0.04751163552469062, 'IntDiv': 0.854945194826754, 'IntDiv2': 0.8447224501017759, 'Filters': 0.9616701349264952, 'logP': 0.28258883154026376, 'SA': 0.019143471041415703, 'QED': 0.01194911451254488, 'weight': 23.06352481936675, 'Novelty': 0.9410033949453036}
Epoch: 76:
	Train Loss: 0.317 --- Reconstruction Loss: 0.303 --- KL Loss: 14.167 --- Beta: 0.001000
	Validity: 0.50% --- Uniquene@1000: 0.98% --- Unique@10000: 0.91%

{'valid': 0.6547666666666667, 'unique@1000': 0.994, 'unique@10000': 0.9453, 'FCD/Test': 12.806837188263671, 'SNN/Test': 0.5216947705803775, 'Frag/Test': 0.880831629836039, 'Scaf/Test': 0.3133065968638551, 'FCD/TestSF': 13.242623590115926, 'SNN/TestSF': 0.47912212974766766, 'Frag/TestSF': 0.878109325165001, 'Scaf/TestSF': 0.053340203477684534, 'IntDiv': 0.8549268974856391, 'IntDiv2': 0.845759366791324, 'Filters': 0.9653311612279183, 'logP': 0.19665053550378567, 'SA': 0.04763187435443042, 'QED': 0.012397157915907947, 'weight': 22.097907735563336, 'Novelty': 0.944907899893623}
Epoch: 77:
	Train Loss: 0.315 --- Reconstruction Loss: 0.301 --- KL Loss: 14.178 --- Beta: 0.001000
	Validity: 0.65% --- Uniquene@1000: 0.99% --- Unique@10000: 0.95%

{'valid': 0.5912666666666666, 'unique@1000': 0.993, 'unique@10000': 0.938, 'FCD/Test': 12.654751869152612, 'SNN/Test': 0.5264718950623078, 'Frag/Test': 0.8849695195132713, 'Scaf/Test': 0.34783256004233576, 'FCD/TestSF': 13.220525645630275, 'SNN/TestSF': 0.48471790393198044, 'Frag/TestSF': 0.8804179429891398, 'Scaf/TestSF': 0.06142127479474224, 'IntDiv': 0.8539063520621646, 'IntDiv2': 0.8443376805851561, 'Filters': 0.970177021084677, 'logP': 0.19498819530630918, 'SA': 0.02732597839812753, 'QED': 0.023437260432370932, 'weight': 23.757645641053717, 'Novelty': 0.9395977333582415}
Epoch: 78:
	Train Loss: 0.313 --- Reconstruction Loss: 0.299 --- KL Loss: 14.051 --- Beta: 0.001000
	Validity: 0.59% --- Uniquene@1000: 0.99% --- Unique@10000: 0.94%

{'valid': 0.5689333333333333, 'unique@1000': 0.99, 'unique@10000': 0.9208, 'FCD/Test': 11.853206583856064, 'SNN/Test': 0.5357822292845129, 'Frag/Test': 0.9109133706389845, 'Scaf/Test': 0.36569088299300334, 'FCD/TestSF': 12.217640815487286, 'SNN/TestSF': 0.4966783634488885, 'Frag/TestSF': 0.9071153263963819, 'Scaf/TestSF': 0.06639351631853363, 'IntDiv': 0.853773400921584, 'IntDiv2': 0.8440289272035421, 'Filters': 0.9673658307944691, 'logP': 0.21669183943810685, 'SA': 0.048917387693014555, 'QED': 0.014758565814276849, 'weight': 23.04516769127455, 'Novelty': 0.9373594390792432}
Epoch: 79:
	Train Loss: 0.312 --- Reconstruction Loss: 0.298 --- KL Loss: 14.047 --- Beta: 0.001000
	Validity: 0.57% --- Uniquene@1000: 0.99% --- Unique@10000: 0.92%

{'valid': 0.6678, 'unique@1000': 0.988, 'unique@10000': 0.9244, 'FCD/Test': 13.092397255061677, 'SNN/Test': 0.5297508058297642, 'Frag/Test': 0.883912565964912, 'Scaf/Test': 0.3320795685135125, 'FCD/TestSF': 13.400426423761445, 'SNN/TestSF': 0.49129630724246887, 'Frag/TestSF': 0.881674131393386, 'Scaf/TestSF': 0.06350069146857718, 'IntDiv': 0.8509885845419681, 'IntDiv2': 0.8414297197771541, 'Filters': 0.9614155934910652, 'logP': 0.1967937238106614, 'SA': 0.03162432565503234, 'QED': 0.018379307720448074, 'weight': 18.06054480228781, 'Novelty': 0.9402014030323602}
Epoch: 80:
	Train Loss: 0.311 --- Reconstruction Loss: 0.297 --- KL Loss: 14.087 --- Beta: 0.001000
	Validity: 0.67% --- Uniquene@1000: 0.99% --- Unique@10000: 0.92%

{'valid': 0.5833333333333333, 'unique@1000': 0.993, 'unique@10000': 0.9272, 'FCD/Test': 12.10865401970699, 'SNN/Test': 0.5354085783592292, 'Frag/Test': 0.8941395954108994, 'Scaf/Test': 0.3352500162774168, 'FCD/TestSF': 12.617841397620182, 'SNN/TestSF': 0.4971236971752984, 'Frag/TestSF': 0.8909689719938283, 'Scaf/TestSF': 0.07640778627703915, 'IntDiv': 0.8545169002551518, 'IntDiv2': 0.844764279362403, 'Filters': 0.9638285714285715, 'logP': 0.284356524225029, 'SA': 0.031228933021170475, 'QED': 0.015002709795435618, 'weight': 20.744252241122027, 'Novelty': 0.931932505571474}
Epoch: 81:
	Train Loss: 0.309 --- Reconstruction Loss: 0.295 --- KL Loss: 13.983 --- Beta: 0.001000
	Validity: 0.58% --- Uniquene@1000: 0.99% --- Unique@10000: 0.93%

{'valid': 0.7106, 'unique@1000': 0.989, 'unique@10000': 0.936, 'FCD/Test': 12.2522669426384, 'SNN/Test': 0.5390354474884661, 'Frag/Test': 0.8995687092936188, 'Scaf/Test': 0.4284472148909987, 'FCD/TestSF': 12.902323041195032, 'SNN/TestSF': 0.4976990433272283, 'Frag/TestSF': 0.893735589448521, 'Scaf/TestSF': 0.08991151513998241, 'IntDiv': 0.8463183942357524, 'IntDiv2': 0.8368243963473837, 'Filters': 0.9658973637301811, 'logP': 0.27273461238550417, 'SA': 0.04289269923624977, 'QED': 0.02354463714440995, 'weight': 15.819062618326619, 'Novelty': 0.9394674400210915}
Epoch: 82:
	Train Loss: 0.308 --- Reconstruction Loss: 0.294 --- KL Loss: 14.007 --- Beta: 0.001000
	Validity: 0.71% --- Uniquene@1000: 0.99% --- Unique@10000: 0.94%

{'valid': 0.6131333333333333, 'unique@1000': 0.992, 'unique@10000': 0.9403, 'FCD/Test': 12.632414974906709, 'SNN/Test': 0.5262594545211262, 'Frag/Test': 0.8827785014528365, 'Scaf/Test': 0.35516041641427165, 'FCD/TestSF': 13.21695571667368, 'SNN/TestSF': 0.48172044205988984, 'Frag/TestSF': 0.8778291337597646, 'Scaf/TestSF': 0.08002120758148024, 'IntDiv': 0.852593998775611, 'IntDiv2': 0.8433129278061939, 'Filters': 0.9673263020550179, 'logP': 0.31791641746128146, 'SA': 0.037348151566276924, 'QED': 0.018454464535612055, 'weight': 19.65228129698574, 'Novelty': 0.9390668106033345}
Epoch: 83:
	Train Loss: 0.307 --- Reconstruction Loss: 0.293 --- KL Loss: 13.986 --- Beta: 0.001000
	Validity: 0.61% --- Uniquene@1000: 0.99% --- Unique@10000: 0.94%

{'valid': 0.5883666666666667, 'unique@1000': 0.985, 'unique@10000': 0.925, 'FCD/Test': 14.203926639527658, 'SNN/Test': 0.5137826525944164, 'Frag/Test': 0.8458388832196828, 'Scaf/Test': 0.245852760680204, 'FCD/TestSF': 14.4529452009402, 'SNN/TestSF': 0.47587825711975895, 'Frag/TestSF': 0.8426004835423228, 'Scaf/TestSF': 0.07165457104032136, 'IntDiv': 0.8534061425686476, 'IntDiv2': 0.8438763188866298, 'Filters': 0.9643646252336978, 'logP': 0.2715189067475924, 'SA': 0.07924999411609314, 'QED': 0.01915281078748711, 'weight': 17.624096522080077, 'Novelty': 0.9489200794718964}
Epoch: 84:
	Train Loss: 0.290 --- Reconstruction Loss: 0.288 --- KL Loss: 25.435 --- Beta: 0.000100
	Validity: 0.59% --- Uniquene@1000: 0.98% --- Unique@10000: 0.93%

{'valid': 0.6815333333333333, 'unique@1000': 0.991, 'unique@10000': 0.9277, 'FCD/Test': 13.803616979977257, 'SNN/Test': 0.5214357055387687, 'Frag/Test': 0.8644500489931076, 'Scaf/Test': 0.3075141949622515, 'FCD/TestSF': 14.212200649906876, 'SNN/TestSF': 0.4820377718280827, 'Frag/TestSF': 0.8618232617667027, 'Scaf/TestSF': 0.06570540111333623, 'IntDiv': 0.8568062821779407, 'IntDiv2': 0.8472096519503584, 'Filters': 0.9640516482441553, 'logP': 0.2968040219732352, 'SA': 0.04737206500411377, 'QED': 0.014199065311804577, 'weight': 26.418719774070357, 'Novelty': 0.943081288599566}
Epoch: 85:
	Train Loss: 0.291 --- Reconstruction Loss: 0.286 --- KL Loss: 24.582 --- Beta: 0.000208
	Validity: 0.68% --- Uniquene@1000: 0.99% --- Unique@10000: 0.93%

{'valid': 0.6118, 'unique@1000': 0.994, 'unique@10000': 0.9286, 'FCD/Test': 13.034744933706918, 'SNN/Test': 0.5214226590772918, 'Frag/Test': 0.8895101589459428, 'Scaf/Test': 0.32799342117875585, 'FCD/TestSF': 13.405982587988476, 'SNN/TestSF': 0.48068253860044835, 'Frag/TestSF': 0.8843681104509116, 'Scaf/TestSF': 0.05480623845325294, 'IntDiv': 0.8561880331538321, 'IntDiv2': 0.8466467997267485, 'Filters': 0.9618066906396426, 'logP': 0.15328039809102, 'SA': 0.05576289484258826, 'QED': 0.019444135539518913, 'weight': 22.762401636076223, 'Novelty': 0.9402509947964494}
Epoch: 86:
	Train Loss: 0.292 --- Reconstruction Loss: 0.285 --- KL Loss: 22.051 --- Beta: 0.000316
	Validity: 0.61% --- Uniquene@1000: 0.99% --- Unique@10000: 0.93%

{'valid': 0.7422, 'unique@1000': 0.992, 'unique@10000': 0.9394, 'FCD/Test': 12.753421874227385, 'SNN/Test': 0.5189577494140188, 'Frag/Test': 0.892885621104699, 'Scaf/Test': 0.310189319244341, 'FCD/TestSF': 13.079217896105362, 'SNN/TestSF': 0.4817071628566006, 'Frag/TestSF': 0.8905420375342419, 'Scaf/TestSF': 0.08629014715034611, 'IntDiv': 0.8561273986415161, 'IntDiv2': 0.8468960263359236, 'Filters': 0.974310608102039, 'logP': 0.2605775230322119, 'SA': 0.0403423184971063, 'QED': 0.015559854451286936, 'weight': 23.949100910488145, 'Novelty': 0.9440584088620343}
Epoch: 87:
	Train Loss: 0.292 --- Reconstruction Loss: 0.284 --- KL Loss: 20.144 --- Beta: 0.000424
	Validity: 0.74% --- Uniquene@1000: 0.99% --- Unique@10000: 0.94%

{'valid': 0.5623333333333334, 'unique@1000': 0.995, 'unique@10000': 0.9357, 'FCD/Test': 13.142185880726416, 'SNN/Test': 0.5072046482154937, 'Frag/Test': 0.8734099132179544, 'Scaf/Test': 0.30766435810159654, 'FCD/TestSF': 13.576738907593096, 'SNN/TestSF': 0.4694708839164871, 'Frag/TestSF': 0.8706547187979891, 'Scaf/TestSF': 0.074764711489676, 'IntDiv': 0.8597725317933274, 'IntDiv2': 0.8503978581088103, 'Filters': 0.9615886188500297, 'logP': 0.3354393043612526, 'SA': 0.06760032178450796, 'QED': 0.014618284677893239, 'weight': 23.888734598633217, 'Novelty': 0.9508666753551414}
Epoch: 88:
	Train Loss: 0.293 --- Reconstruction Loss: 0.283 --- KL Loss: 18.666 --- Beta: 0.000532
	Validity: 0.56% --- Uniquene@1000: 0.99% --- Unique@10000: 0.94%

{'valid': 0.665, 'unique@1000': 0.996, 'unique@10000': 0.9509, 'FCD/Test': 13.890625493372944, 'SNN/Test': 0.5213010968391161, 'Frag/Test': 0.8585955050346866, 'Scaf/Test': 0.3255594825766578, 'FCD/TestSF': 14.253488695141499, 'SNN/TestSF': 0.4818058648847398, 'Frag/TestSF': 0.8561195866979138, 'Scaf/TestSF': 0.07764804878923925, 'IntDiv': 0.8575156875280545, 'IntDiv2': 0.8480338386413733, 'Filters': 0.9707769423558897, 'logP': 0.43499083634915664, 'SA': 0.025465438422789432, 'QED': 0.016158293980243855, 'weight': 19.2512692887711, 'Novelty': 0.9357252916574951}
Epoch: 89:
	Train Loss: 0.293 --- Reconstruction Loss: 0.282 --- KL Loss: 17.381 --- Beta: 0.000640
	Validity: 0.67% --- Uniquene@1000: 1.00% --- Unique@10000: 0.95%

{'valid': 0.6093666666666666, 'unique@1000': 0.995, 'unique@10000': 0.9378, 'FCD/Test': 11.910784438229896, 'SNN/Test': 0.531415320372472, 'Frag/Test': 0.8839142823676976, 'Scaf/Test': 0.3802959311585512, 'FCD/TestSF': 12.35311080858878, 'SNN/TestSF': 0.4947347327660082, 'Frag/TestSF': 0.881663274404447, 'Scaf/TestSF': 0.05777036375114364, 'IntDiv': 0.8541566920902368, 'IntDiv2': 0.8446884494904764, 'Filters': 0.9672884415513374, 'logP': 0.2961152530610087, 'SA': 0.017958328269797277, 'QED': 0.017398212109468406, 'weight': 22.120183585983483, 'Novelty': 0.9355635925256178}
Epoch: 90:
	Train Loss: 0.294 --- Reconstruction Loss: 0.282 --- KL Loss: 16.474 --- Beta: 0.000748
	Validity: 0.61% --- Uniquene@1000: 0.99% --- Unique@10000: 0.94%

{'valid': 0.7322333333333333, 'unique@1000': 0.99, 'unique@10000': 0.9417, 'FCD/Test': 12.254423264876259, 'SNN/Test': 0.5253992839252346, 'Frag/Test': 0.8763237988015647, 'Scaf/Test': 0.3461786768010746, 'FCD/TestSF': 12.487729127424608, 'SNN/TestSF': 0.491622308053854, 'Frag/TestSF': 0.8754646988832766, 'Scaf/TestSF': 0.07182403357700973, 'IntDiv': 0.8556210216670005, 'IntDiv2': 0.8463616928788993, 'Filters': 0.9585742249738244, 'logP': 0.37476951082731264, 'SA': 0.015545206368230854, 'QED': 0.014330177803001058, 'weight': 22.582739740637, 'Novelty': 0.9438594714994432}
Epoch: 91:
	Train Loss: 0.294 --- Reconstruction Loss: 0.281 --- KL Loss: 15.566 --- Beta: 0.000856
	Validity: 0.73% --- Uniquene@1000: 0.99% --- Unique@10000: 0.94%

{'valid': 0.5317333333333334, 'unique@1000': 0.995, 'unique@10000': 0.9447, 'FCD/Test': 13.249059672660138, 'SNN/Test': 0.5102490704794346, 'Frag/Test': 0.8793533105258492, 'Scaf/Test': 0.2897987024299009, 'FCD/TestSF': 13.497580110594804, 'SNN/TestSF': 0.47424534782524425, 'Frag/TestSF': 0.8770493764176699, 'Scaf/TestSF': 0.07164157229303147, 'IntDiv': 0.8603108706282279, 'IntDiv2': 0.8509531200646593, 'Filters': 0.9525451354062187, 'logP': 0.38046437303835384, 'SA': 0.08552706819172866, 'QED': 0.01672917641011754, 'weight': 18.966963303611212, 'Novelty': 0.9480448826929616}
Epoch: 92:
	Train Loss: 0.295 --- Reconstruction Loss: 0.281 --- KL Loss: 14.880 --- Beta: 0.000964
	Validity: 0.53% --- Uniquene@1000: 0.99% --- Unique@10000: 0.94%

{'valid': 0.7279333333333333, 'unique@1000': 0.996, 'unique@10000': 0.9578, 'FCD/Test': 13.199782621880466, 'SNN/Test': 0.5158944396326498, 'Frag/Test': 0.856971273641654, 'Scaf/Test': 0.3601800442833788, 'FCD/TestSF': 13.619918768051399, 'SNN/TestSF': 0.47803640171540224, 'Frag/TestSF': 0.8550760391913599, 'Scaf/TestSF': 0.0755550492487086, 'IntDiv': 0.8573220309482582, 'IntDiv2': 0.8480541556891117, 'Filters': 0.9650609030130964, 'logP': 0.4008716568996629, 'SA': 0.03939177490165849, 'QED': 0.017296995215351635, 'weight': 18.652432878061788, 'Novelty': 0.9501990049751243}
Epoch: 93:
	Train Loss: 0.294 --- Reconstruction Loss: 0.280 --- KL Loss: 14.488 --- Beta: 0.001000
	Validity: 0.73% --- Uniquene@1000: 1.00% --- Unique@10000: 0.96%

{'valid': 0.7791666666666667, 'unique@1000': 0.997, 'unique@10000': 0.9518, 'FCD/Test': 12.946362823035429, 'SNN/Test': 0.5219310653362682, 'Frag/Test': 0.8620632531269626, 'Scaf/Test': 0.35198100942782373, 'FCD/TestSF': 13.47268066065513, 'SNN/TestSF': 0.4839460689231036, 'Frag/TestSF': 0.8592594976299532, 'Scaf/TestSF': 0.09975785665053116, 'IntDiv': 0.8553564635645478, 'IntDiv2': 0.846062068218081, 'Filters': 0.9716791443850268, 'logP': 0.3848743298339283, 'SA': 0.02226816311403551, 'QED': 0.02085162251219579, 'weight': 16.523583861894263, 'Novelty': 0.9409352314509286}
Epoch: 94:
	Train Loss: 0.293 --- Reconstruction Loss: 0.279 --- KL Loss: 14.419 --- Beta: 0.001000
	Validity: 0.78% --- Uniquene@1000: 1.00% --- Unique@10000: 0.95%

{'valid': 0.7521, 'unique@1000': 0.994, 'unique@10000': 0.9634, 'FCD/Test': 13.218037747334918, 'SNN/Test': 0.5060309063248118, 'Frag/Test': 0.8627785293530856, 'Scaf/Test': 0.3260717769104413, 'FCD/TestSF': 13.645133010196034, 'SNN/TestSF': 0.4720178734915152, 'Frag/TestSF': 0.8621243828330152, 'Scaf/TestSF': 0.0787534284150746, 'IntDiv': 0.8586936274666931, 'IntDiv2': 0.8497766327998322, 'Filters': 0.9620174622169038, 'logP': 0.23043436564633585, 'SA': 0.09950800886889802, 'QED': 0.020397187216479404, 'weight': 18.58006628009975, 'Novelty': 0.9557471538131759}
Epoch: 95:
	Train Loss: 0.292 --- Reconstruction Loss: 0.277 --- KL Loss: 14.420 --- Beta: 0.001000
	Validity: 0.75% --- Uniquene@1000: 0.99% --- Unique@10000: 0.96%

{'valid': 0.5619333333333334, 'unique@1000': 0.99, 'unique@10000': 0.9454, 'FCD/Test': 12.827232884513826, 'SNN/Test': 0.5202681548758211, 'Frag/Test': 0.889014601993316, 'Scaf/Test': 0.36214102733986975, 'FCD/TestSF': 13.334781693094385, 'SNN/TestSF': 0.483318161633476, 'Frag/TestSF': 0.8864474252348373, 'Scaf/TestSF': 0.09432663720953094, 'IntDiv': 0.856036553282352, 'IntDiv2': 0.8466713139337134, 'Filters': 0.9675524973306442, 'logP': 0.3277374399982481, 'SA': 0.032014195358069146, 'QED': 0.013624855086084835, 'weight': 21.96324641413182, 'Novelty': 0.9448382523521073}
Epoch: 96:
	Train Loss: 0.291 --- Reconstruction Loss: 0.277 --- KL Loss: 14.354 --- Beta: 0.001000
	Validity: 0.56% --- Uniquene@1000: 0.99% --- Unique@10000: 0.95%

{'valid': 0.6707333333333334, 'unique@1000': 0.993, 'unique@10000': 0.9609, 'FCD/Test': 13.230355268890662, 'SNN/Test': 0.5115041045573665, 'Frag/Test': 0.8815281330570153, 'Scaf/Test': 0.3513552880178171, 'FCD/TestSF': 13.738514547024891, 'SNN/TestSF': 0.47375336312510696, 'Frag/TestSF': 0.8805046312202864, 'Scaf/TestSF': 0.06583777279999226, 'IntDiv': 0.855681233215685, 'IntDiv2': 0.8465622194893622, 'Filters': 0.963423118974257, 'logP': 0.39570354036357214, 'SA': 0.06030948223678499, 'QED': 0.01779691949992382, 'weight': 14.128208092221803, 'Novelty': 0.9459965746092913}
Epoch: 97:
	Train Loss: 0.289 --- Reconstruction Loss: 0.275 --- KL Loss: 14.338 --- Beta: 0.001000
	Validity: 0.67% --- Uniquene@1000: 0.99% --- Unique@10000: 0.96%

{'valid': 0.7536, 'unique@1000': 0.995, 'unique@10000': 0.9549, 'FCD/Test': 12.45999788734396, 'SNN/Test': 0.5200895457498872, 'Frag/Test': 0.886312956425214, 'Scaf/Test': 0.3553498639634527, 'FCD/TestSF': 12.900674765922133, 'SNN/TestSF': 0.4852043592732898, 'Frag/TestSF': 0.8848172728072539, 'Scaf/TestSF': 0.08007035199774704, 'IntDiv': 0.8562314099471091, 'IntDiv2': 0.8469647048389273, 'Filters': 0.9691702052370842, 'logP': 0.336046148466177, 'SA': 0.04117885777489877, 'QED': 0.015703930926898608, 'weight': 18.00714519327303, 'Novelty': 0.9455282982422252}
Epoch: 98:
	Train Loss: 0.289 --- Reconstruction Loss: 0.274 --- KL Loss: 14.316 --- Beta: 0.001000
	Validity: 0.75% --- Uniquene@1000: 0.99% --- Unique@10000: 0.95%

{'valid': 0.5857666666666667, 'unique@1000': 0.999, 'unique@10000': 0.9567, 'FCD/Test': 12.042310304994572, 'SNN/Test': 0.522675728477215, 'Frag/Test': 0.9040795443560576, 'Scaf/Test': 0.41639774054079925, 'FCD/TestSF': 12.51569210619283, 'SNN/TestSF': 0.4853943842704068, 'Frag/TestSF': 0.9020280127269694, 'Scaf/TestSF': 0.08157095073944065, 'IntDiv': 0.8572704979791215, 'IntDiv2': 0.8481140565646736, 'Filters': 0.9656290900813749, 'logP': 0.3096100958545267, 'SA': 0.05717285074907404, 'QED': 0.013392867147738689, 'weight': 20.225710567097128, 'Novelty': 0.9416152106131931}
Epoch: 99:
	Train Loss: 0.287 --- Reconstruction Loss: 0.273 --- KL Loss: 14.320 --- Beta: 0.001000
	Validity: 0.59% --- Uniquene@1000: 1.00% --- Unique@10000: 0.96%

{'valid': 0.6840666666666666, 'unique@1000': 0.998, 'unique@10000': 0.9574, 'FCD/Test': 11.997352377454888, 'SNN/Test': 0.5156975037425294, 'Frag/Test': 0.8828544117276753, 'Scaf/Test': 0.3350663717648379, 'FCD/TestSF': 12.664530591676979, 'SNN/TestSF': 0.47456872885675183, 'Frag/TestSF': 0.8796346974147985, 'Scaf/TestSF': 0.09208367901833248, 'IntDiv': 0.8564877737773868, 'IntDiv2': 0.847483681006917, 'Filters': 0.966962284377741, 'logP': 0.2517299762480539, 'SA': 0.06075369524626752, 'QED': 0.014524580511194093, 'weight': 17.747102236513598, 'Novelty': 0.947451309780041}
Epoch: 100:
	Train Loss: 0.286 --- Reconstruction Loss: 0.272 --- KL Loss: 14.289 --- Beta: 0.001000
	Validity: 0.68% --- Uniquene@1000: 1.00% --- Unique@10000: 0.96%

