2024-02-15 02:31:21.152640: E external/local_xla/xla/stream_executor/cuda/cuda_dnn.cc:9261] Unable to register cuDNN factory: Attempting to register factory for plugin cuDNN when one has already been registered
2024-02-15 02:31:21.152697: E external/local_xla/xla/stream_executor/cuda/cuda_fft.cc:607] Unable to register cuFFT factory: Attempting to register factory for plugin cuFFT when one has already been registered
2024-02-15 02:31:21.154233: E external/local_xla/xla/stream_executor/cuda/cuda_blas.cc:1515] Unable to register cuBLAS factory: Attempting to register factory for plugin cuBLAS when one has already been registered
2024-02-15 02:31:21.160319: I tensorflow/core/platform/cpu_feature_guard.cc:182] This TensorFlow binary is optimized to use available CPU instructions in performance-critical operations.
To enable the following instructions: AVX2 FMA, in other operations, rebuild TensorFlow with the appropriate compiler flags.
2024-02-15 02:31:21.977365: W tensorflow/compiler/tf2tensorrt/utils/py_utils.cc:38] TF-TRT Warning: Could not find TensorRT

Arguments:
	data_path: data/moses_train.txt
	max_len: 30
	batch: 128
	d_model: 512
	d_latent: 256
	d_ff: 1024
	e_heads: 1
	d_heads: 8
	n_layers: 6
	dropout: 0.5
	lr: 0.0005
	n_epochs: 100
	kl_type: cyclic
	kl_w_start: 0.0001
	kl_w_end: 0.001
	kl_cycle: 2
	kl_ratio: 0.5
	save_name: klcompare

Number of data: 88192

SMILES Vocab:
	 {'<START>': 0, '<END>': 1, '<PAD>': 2, 'C': 3, 'O': 4, 'c': 5, '1': 6, '(': 7, '=': 8, ')': 9, 'N': 10, 'n': 11, '2': 12, 'F': 13, 'Cl': 14, 'Br': 15, '#': 16, '3': 17, 'S': 18, 'o': 19, '-': 20, 's': 21, '[nH]': 22, '4': 23}

Graph Vocab:
	 {'C': 0, 'O': 1, 'N': 2, 'F': 3, 'Cl': 4, 'Br': 5, 'S': 6}


KL Annealer: [0.0001   0.000136 0.000172 0.000208 0.000244 0.00028  0.000316 0.000352
 0.000388 0.000424 0.00046  0.000496 0.000532 0.000568 0.000604 0.00064
 0.000676 0.000712 0.000748 0.000784 0.00082  0.000856 0.000892 0.000928
 0.000964 0.001    0.001    0.001    0.001    0.001    0.001    0.001
 0.001    0.001    0.001    0.001    0.001    0.001    0.001    0.001
 0.001    0.001    0.001    0.001    0.001    0.001    0.001    0.001
 0.001    0.001    0.0001   0.000136 0.000172 0.000208 0.000244 0.00028
 0.000316 0.000352 0.000388 0.000424 0.00046  0.000496 0.000532 0.000568
 0.000604 0.00064  0.000676 0.000712 0.000748 0.000784 0.00082  0.000856
 0.000892 0.000928 0.000964 0.001    0.001    0.001    0.001    0.001
 0.001    0.001    0.001    0.001    0.001    0.001    0.001    0.001
 0.001    0.001    0.001    0.001    0.001    0.001    0.001    0.001
 0.001    0.001    0.001    0.001   ]




#########################################################################
######################### START TRAINING ################################
#########################################################################




/home/80027464/graphvae/metrics.py:527: UserWarning: Can't compute unique@10000.gen contains only 6815 molecules
  warnings.warn(
{'valid': 0.22716666666666663, 'unique@1000': 0.77, 'unique@10000': 0.5008070432868672, 'FCD/Test': 18.74640368498234, 'SNN/Test': 0.583872209282719, 'Frag/Test': 0.8732942824041673, 'Scaf/Test': 0.30218925350597725, 'FCD/TestSF': 19.299464534472378, 'SNN/TestSF': 0.5372842618825238, 'Frag/TestSF': 0.8658445517308215, 'Scaf/TestSF': 0.02636832092394814, 'IntDiv': 0.7996477910287418, 'IntDiv2': 0.7838045329022508, 'Filters': 0.9319148936170213, 'logP': 0.2736499479348255, 'SA': 0.20945110721073126, 'QED': 0.03917723691770902, 'weight': 12.865704876708833, 'Novelty': 0.9317316144154703}
Epoch: 31:
	Train Loss: 0.463 --- Reconstruction Loss: 0.449 --- KL Loss: 14.176 --- Beta: 0.001000
	Validity: 0.23% --- Uniquene@1000: 0.77% --- Unique@10000: 0.50%

{'valid': 0.49829999999999997, 'unique@1000': 0.899, 'unique@10000': 0.599, 'FCD/Test': 20.40497191486221, 'SNN/Test': 0.5953450030734749, 'Frag/Test': 0.8522871163815827, 'Scaf/Test': 0.282587369991784, 'FCD/TestSF': 21.51009875686642, 'SNN/TestSF': 0.5216942228188969, 'Frag/TestSF': 0.8403816540822068, 'Scaf/TestSF': 0.04602687608150946, 'IntDiv': 0.7849747621021343, 'IntDiv2': 0.7716007960551121, 'Filters': 0.9841460967288782, 'logP': 0.16113563602152492, 'SA': 0.2813541528027551, 'QED': 0.06958335934043343, 'weight': 12.50706258563213, 'Novelty': 0.9373677001618728}
Epoch: 32:
	Train Loss: 0.458 --- Reconstruction Loss: 0.444 --- KL Loss: 13.663 --- Beta: 0.001000
	Validity: 0.50% --- Uniquene@1000: 0.90% --- Unique@10000: 0.60%

{'valid': 0.4842666666666666, 'unique@1000': 0.888, 'unique@10000': 0.6062, 'FCD/Test': 22.059525315518044, 'SNN/Test': 0.5877646889890409, 'Frag/Test': 0.8113228615145937, 'Scaf/Test': 0.21463712135419022, 'FCD/TestSF': 23.218319133573914, 'SNN/TestSF': 0.5081906978857379, 'Frag/TestSF': 0.7958027886645198, 'Scaf/TestSF': 0.0452742429584615, 'IntDiv': 0.7798358343781497, 'IntDiv2': 0.7660535967236983, 'Filters': 0.9896062775330396, 'logP': 0.1301385891504747, 'SA': 0.22223352741274022, 'QED': 0.0965139977959253, 'weight': 9.536859296530997, 'Novelty': 0.9457189419581297}
Epoch: 33:
	Train Loss: 0.453 --- Reconstruction Loss: 0.440 --- KL Loss: 13.166 --- Beta: 0.001000
	Validity: 0.48% --- Uniquene@1000: 0.89% --- Unique@10000: 0.61%

{'valid': 0.4430666666666667, 'unique@1000': 0.874, 'unique@10000': 0.6077, 'FCD/Test': 19.78286354336855, 'SNN/Test': 0.5851764625379506, 'Frag/Test': 0.8341812200582039, 'Scaf/Test': 0.22294710101132076, 'FCD/TestSF': 20.869898324041365, 'SNN/TestSF': 0.516115451763543, 'Frag/TestSF': 0.821334037517134, 'Scaf/TestSF': 0.059078975260955735, 'IntDiv': 0.794495016780518, 'IntDiv2': 0.7799474465196529, 'Filters': 0.977129100210653, 'logP': 0.17193110477111076, 'SA': 0.23082546562726106, 'QED': 0.06064357427010394, 'weight': 8.519714569197488, 'Novelty': 0.936663574930436}
Epoch: 34:
	Train Loss: 0.447 --- Reconstruction Loss: 0.435 --- KL Loss: 12.840 --- Beta: 0.001000
	Validity: 0.44% --- Uniquene@1000: 0.87% --- Unique@10000: 0.61%

/home/80027464/graphvae/metrics.py:527: UserWarning: Can't compute unique@10000.gen contains only 7721 molecules
  warnings.warn(
{'valid': 0.25736666666666663, 'unique@1000': 0.861, 'unique@10000': 0.644994171739412, 'FCD/Test': 18.074959671448106, 'SNN/Test': 0.5231087263975099, 'Frag/Test': 0.8439557135447879, 'Scaf/Test': 0.14898158196162026, 'FCD/TestSF': 18.26900288577518, 'SNN/TestSF': 0.49582247910235866, 'Frag/TestSF': 0.8350665245105846, 'Scaf/TestSF': 0.09250593447813349, 'IntDiv': 0.8229634552709804, 'IntDiv2': 0.8068135136451098, 'Filters': 0.7386348918533868, 'logP': 0.37984819644982104, 'SA': 0.17350321196522178, 'QED': 0.04786607424801675, 'weight': 5.983112194576473, 'Novelty': 0.9612449799196787}
Epoch: 35:
	Train Loss: 0.444 --- Reconstruction Loss: 0.431 --- KL Loss: 12.650 --- Beta: 0.001000
	Validity: 0.26% --- Uniquene@1000: 0.86% --- Unique@10000: 0.64%

{'valid': 0.38339999999999996, 'unique@1000': 0.92, 'unique@10000': 0.6559, 'FCD/Test': 16.666708550378786, 'SNN/Test': 0.5854116957139148, 'Frag/Test': 0.8715569057158211, 'Scaf/Test': 0.28066230915129853, 'FCD/TestSF': 17.515092143977604, 'SNN/TestSF': 0.5210229780824884, 'Frag/TestSF': 0.8611004257894045, 'Scaf/TestSF': 0.06127017216801445, 'IntDiv': 0.8094265749320769, 'IntDiv2': 0.7967895417486478, 'Filters': 0.9775691184141888, 'logP': 0.2557343026918997, 'SA': 0.2162725409993853, 'QED': 0.043333499413533184, 'weight': 12.289364355941652, 'Novelty': 0.9236130090188576}
Epoch: 36:
	Train Loss: 0.438 --- Reconstruction Loss: 0.426 --- KL Loss: 12.295 --- Beta: 0.001000
	Validity: 0.38% --- Uniquene@1000: 0.92% --- Unique@10000: 0.66%

{'valid': 0.33940000000000003, 'unique@1000': 0.941, 'unique@10000': 0.7238, 'FCD/Test': 16.692168145998153, 'SNN/Test': 0.5554595471564128, 'Frag/Test': 0.8715479860544039, 'Scaf/Test': 0.22155430662040032, 'FCD/TestSF': 17.510991060955504, 'SNN/TestSF': 0.4939092996033932, 'Frag/TestSF': 0.8604480476880523, 'Scaf/TestSF': 0.03621767509304308, 'IntDiv': 0.8262833526556493, 'IntDiv2': 0.8133950257968161, 'Filters': 0.9384207424867413, 'logP': 0.4954230765598779, 'SA': 0.143562977287247, 'QED': 0.037669780868031515, 'weight': 7.435581240041612, 'Novelty': 0.9510899182561308}
Epoch: 37:
	Train Loss: 0.434 --- Reconstruction Loss: 0.422 --- KL Loss: 12.194 --- Beta: 0.001000
	Validity: 0.34% --- Uniquene@1000: 0.94% --- Unique@10000: 0.72%

{'valid': 0.4326, 'unique@1000': 0.929, 'unique@10000': 0.7059, 'FCD/Test': 17.094476342266795, 'SNN/Test': 0.5847436396382424, 'Frag/Test': 0.8853486713639556, 'Scaf/Test': 0.22734175760402242, 'FCD/TestSF': 17.873382236728048, 'SNN/TestSF': 0.5223707710328905, 'Frag/TestSF': 0.8757289960422231, 'Scaf/TestSF': 0.03366843021296506, 'IntDiv': 0.8125890501098196, 'IntDiv2': 0.8001239583850959, 'Filters': 0.970026198181538, 'logP': 0.29763073774414206, 'SA': 0.2236069335583799, 'QED': 0.033973169070288814, 'weight': 10.420318915240639, 'Novelty': 0.9312442607897153}
Epoch: 38:
	Train Loss: 0.431 --- Reconstruction Loss: 0.419 --- KL Loss: 12.068 --- Beta: 0.001000
	Validity: 0.43% --- Uniquene@1000: 0.93% --- Unique@10000: 0.71%

{'valid': 0.37539999999999996, 'unique@1000': 0.921, 'unique@10000': 0.6989, 'FCD/Test': 16.132829965317555, 'SNN/Test': 0.5577176228057129, 'Frag/Test': 0.8423915007935406, 'Scaf/Test': 0.18072650847611027, 'FCD/TestSF': 16.86287161272925, 'SNN/TestSF': 0.5021073468329851, 'Frag/TestSF': 0.8323541634557587, 'Scaf/TestSF': 0.031626850652635596, 'IntDiv': 0.8164272769656389, 'IntDiv2': 0.8036474139656734, 'Filters': 0.909873912271355, 'logP': 0.35608913827659106, 'SA': 0.1008426152291337, 'QED': 0.0600976376538246, 'weight': 5.880367053427911, 'Novelty': 0.9495579823192928}
Epoch: 39:
	Train Loss: 0.427 --- Reconstruction Loss: 0.415 --- KL Loss: 11.918 --- Beta: 0.001000
	Validity: 0.38% --- Uniquene@1000: 0.92% --- Unique@10000: 0.70%

/home/80027464/graphvae/metrics.py:527: UserWarning: Can't compute unique@10000.gen contains only 9821 molecules
  warnings.warn(
{'valid': 0.3273666666666667, 'unique@1000': 0.915, 'unique@10000': 0.7310864474086142, 'FCD/Test': 15.222479155351202, 'SNN/Test': 0.5528639321726678, 'Frag/Test': 0.8703387384578826, 'Scaf/Test': 0.22326480618918787, 'FCD/TestSF': 15.944215112909248, 'SNN/TestSF': 0.49713082638264866, 'Frag/TestSF': 0.860575622884265, 'Scaf/TestSF': 0.021162961972237215, 'IntDiv': 0.8273990253513944, 'IntDiv2': 0.8141674222033363, 'Filters': 0.8811729966398534, 'logP': 0.3135138896195385, 'SA': 0.08119198162525301, 'QED': 0.06545733539625742, 'weight': 5.9841616552924535, 'Novelty': 0.9483286908077995}
Epoch: 40:
	Train Loss: 0.423 --- Reconstruction Loss: 0.411 --- KL Loss: 11.873 --- Beta: 0.001000
	Validity: 0.33% --- Uniquene@1000: 0.92% --- Unique@10000: 0.73%

{'valid': 0.3741, 'unique@1000': 0.948, 'unique@10000': 0.7461, 'FCD/Test': 16.47312070883882, 'SNN/Test': 0.5620060187259014, 'Frag/Test': 0.8599032318058462, 'Scaf/Test': 0.23335384760759637, 'FCD/TestSF': 17.39440309268057, 'SNN/TestSF': 0.49520583233975224, 'Frag/TestSF': 0.8491968094379688, 'Scaf/TestSF': 0.034484674728187836, 'IntDiv': 0.8183408333065898, 'IntDiv2': 0.8059564739256784, 'Filters': 0.9699723781520093, 'logP': 0.30005374804245016, 'SA': 0.13228938027148326, 'QED': 0.06683127131166963, 'weight': 6.057905963644768, 'Novelty': 0.9510030395136778}
Epoch: 41:
	Train Loss: 0.419 --- Reconstruction Loss: 0.407 --- KL Loss: 11.758 --- Beta: 0.001000
	Validity: 0.37% --- Uniquene@1000: 0.95% --- Unique@10000: 0.75%

{'valid': 0.44876666666666665, 'unique@1000': 0.955, 'unique@10000': 0.8021, 'FCD/Test': 15.606935882960329, 'SNN/Test': 0.5629541048407776, 'Frag/Test': 0.8804886992752046, 'Scaf/Test': 0.2496796000194632, 'FCD/TestSF': 16.46436886211589, 'SNN/TestSF': 0.49938828543228125, 'Frag/TestSF': 0.8683650625344588, 'Scaf/TestSF': 0.041557676118720965, 'IntDiv': 0.8210497433728818, 'IntDiv2': 0.8096601909453615, 'Filters': 0.9615241773750278, 'logP': 0.24606807004909376, 'SA': 0.14232090829626667, 'QED': 0.06348761110407737, 'weight': 9.87963027169004, 'Novelty': 0.9514395393474089}
Epoch: 42:
	Train Loss: 0.415 --- Reconstruction Loss: 0.404 --- KL Loss: 11.700 --- Beta: 0.001000
	Validity: 0.45% --- Uniquene@1000: 0.95% --- Unique@10000: 0.80%

{'valid': 0.35896666666666666, 'unique@1000': 0.958, 'unique@10000': 0.7788, 'FCD/Test': 14.499739755288793, 'SNN/Test': 0.5663670501577034, 'Frag/Test': 0.8849485193082948, 'Scaf/Test': 0.24152720837466835, 'FCD/TestSF': 15.31829090005403, 'SNN/TestSF': 0.5044802522006745, 'Frag/TestSF': 0.8760257410657846, 'Scaf/TestSF': 0.029010788084992467, 'IntDiv': 0.8241641080111133, 'IntDiv2': 0.8125168602828374, 'Filters': 0.9636920791159811, 'logP': 0.3067968138060675, 'SA': 0.11857571467423934, 'QED': 0.06048405418894286, 'weight': 9.371697842500966, 'Novelty': 0.9411551911250452}
Epoch: 43:
	Train Loss: 0.412 --- Reconstruction Loss: 0.400 --- KL Loss: 11.665 --- Beta: 0.001000
	Validity: 0.36% --- Uniquene@1000: 0.96% --- Unique@10000: 0.78%

{'valid': 0.4184, 'unique@1000': 0.962, 'unique@10000': 0.7957, 'FCD/Test': 14.432194042813563, 'SNN/Test': 0.5615461894944358, 'Frag/Test': 0.8791081292273782, 'Scaf/Test': 0.24700765871595665, 'FCD/TestSF': 15.36061883035753, 'SNN/TestSF': 0.5032781609960275, 'Frag/TestSF': 0.86899646469811, 'Scaf/TestSF': 0.041245756932440036, 'IntDiv': 0.8268600148780878, 'IntDiv2': 0.8149885524067709, 'Filters': 0.9670968769917144, 'logP': 0.18282481343130488, 'SA': 0.10983694118213119, 'QED': 0.05030970394934362, 'weight': 10.236857423459304, 'Novelty': 0.9358432181536874}
Epoch: 44:
	Train Loss: 0.408 --- Reconstruction Loss: 0.396 --- KL Loss: 11.675 --- Beta: 0.001000
	Validity: 0.42% --- Uniquene@1000: 0.96% --- Unique@10000: 0.80%

{'valid': 0.5328666666666666, 'unique@1000': 0.975, 'unique@10000': 0.8324, 'FCD/Test': 14.476569062886789, 'SNN/Test': 0.5588475862436624, 'Frag/Test': 0.8774283920036585, 'Scaf/Test': 0.25848075810400517, 'FCD/TestSF': 14.95672976787651, 'SNN/TestSF': 0.5087605597534989, 'Frag/TestSF': 0.8691474480256297, 'Scaf/TestSF': 0.040101672623934936, 'IntDiv': 0.8300181377946741, 'IntDiv2': 0.8192144880720629, 'Filters': 0.9667208807706743, 'logP': 0.22712701698108165, 'SA': 0.10304505506717734, 'QED': 0.0556918817521694, 'weight': 10.044693891367851, 'Novelty': 0.9438407234076307}
Epoch: 45:
	Train Loss: 0.405 --- Reconstruction Loss: 0.394 --- KL Loss: 11.801 --- Beta: 0.001000
	Validity: 0.53% --- Uniquene@1000: 0.97% --- Unique@10000: 0.83%

{'valid': 0.5293333333333333, 'unique@1000': 0.958, 'unique@10000': 0.8404, 'FCD/Test': 14.425534123830658, 'SNN/Test': 0.5507205404735332, 'Frag/Test': 0.8851739674892678, 'Scaf/Test': 0.24566180588282016, 'FCD/TestSF': 15.338245700863851, 'SNN/TestSF': 0.4904179996344019, 'Frag/TestSF': 0.8741151273658837, 'Scaf/TestSF': 0.03355704072204857, 'IntDiv': 0.8218442168683182, 'IntDiv2': 0.8104475859943129, 'Filters': 0.958375314861461, 'logP': 0.11703827601400076, 'SA': 0.061368972920938375, 'QED': 0.0790269110913872, 'weight': 9.28114228615137, 'Novelty': 0.9620675944333996}
Epoch: 46:
	Train Loss: 0.401 --- Reconstruction Loss: 0.389 --- KL Loss: 11.788 --- Beta: 0.001000
	Validity: 0.53% --- Uniquene@1000: 0.96% --- Unique@10000: 0.84%

{'valid': 0.4100666666666667, 'unique@1000': 0.966, 'unique@10000': 0.8287, 'FCD/Test': 14.742026700098556, 'SNN/Test': 0.5491566061961459, 'Frag/Test': 0.8779484853200946, 'Scaf/Test': 0.2425519712466786, 'FCD/TestSF': 15.64896000620255, 'SNN/TestSF': 0.4924056180253918, 'Frag/TestSF': 0.8671612510651626, 'Scaf/TestSF': 0.039613639904298004, 'IntDiv': 0.8249403818546264, 'IntDiv2': 0.8135639781660187, 'Filters': 0.9669159486262396, 'logP': 0.17200398908299572, 'SA': 0.07832001351903028, 'QED': 0.059225154748111186, 'weight': 12.546866884370978, 'Novelty': 0.9516259341547162}
Epoch: 47:
	Train Loss: 0.398 --- Reconstruction Loss: 0.386 --- KL Loss: 12.008 --- Beta: 0.001000
	Validity: 0.41% --- Uniquene@1000: 0.97% --- Unique@10000: 0.83%

{'valid': 0.5105999999999999, 'unique@1000': 0.972, 'unique@10000': 0.8491, 'FCD/Test': 15.287383336719017, 'SNN/Test': 0.5509836423000556, 'Frag/Test': 0.8756985158086157, 'Scaf/Test': 0.22006166897533708, 'FCD/TestSF': 16.06963166554958, 'SNN/TestSF': 0.4947611854999833, 'Frag/TestSF': 0.8644125549355891, 'Scaf/TestSF': 0.04285205540485881, 'IntDiv': 0.8234478324559495, 'IntDiv2': 0.8117908063255529, 'Filters': 0.9635069852461157, 'logP': 0.10388968124254516, 'SA': 0.07850457432355583, 'QED': 0.0638026244135169, 'weight': 12.620473585550597, 'Novelty': 0.952511710547569}
Epoch: 48:
	Train Loss: 0.393 --- Reconstruction Loss: 0.381 --- KL Loss: 11.978 --- Beta: 0.001000
	Validity: 0.51% --- Uniquene@1000: 0.97% --- Unique@10000: 0.85%

{'valid': 0.5358, 'unique@1000': 0.972, 'unique@10000': 0.8523, 'FCD/Test': 13.731905814188572, 'SNN/Test': 0.5489374082843744, 'Frag/Test': 0.8980169496172489, 'Scaf/Test': 0.20139922755122175, 'FCD/TestSF': 14.243101559280596, 'SNN/TestSF': 0.5054600805969355, 'Frag/TestSF': 0.8894373398764869, 'Scaf/TestSF': 0.04796559925476929, 'IntDiv': 0.8309044764013274, 'IntDiv2': 0.8200065868228696, 'Filters': 0.9555182281946, 'logP': 0.3070727287610373, 'SA': 0.06487983744751426, 'QED': 0.04618902291789532, 'weight': 14.183177699459895, 'Novelty': 0.9460667231681947}
Epoch: 49:
	Train Loss: 0.390 --- Reconstruction Loss: 0.378 --- KL Loss: 12.039 --- Beta: 0.001000
	Validity: 0.54% --- Uniquene@1000: 0.97% --- Unique@10000: 0.85%

{'valid': 0.5286333333333333, 'unique@1000': 0.976, 'unique@10000': 0.8595, 'FCD/Test': 14.057570102359136, 'SNN/Test': 0.5631063896247738, 'Frag/Test': 0.9072494579440099, 'Scaf/Test': 0.32854823086310336, 'FCD/TestSF': 14.798269698342281, 'SNN/TestSF': 0.5081983574321542, 'Frag/TestSF': 0.8989603069658909, 'Scaf/TestSF': 0.05280672396266062, 'IntDiv': 0.8301673749511514, 'IntDiv2': 0.8195414582751279, 'Filters': 0.9628602055615109, 'logP': 0.28564591712778886, 'SA': 0.11444827145800136, 'QED': 0.028133772749752456, 'weight': 15.818012756247441, 'Novelty': 0.9326893353941267}
Epoch: 50:
	Train Loss: 0.386 --- Reconstruction Loss: 0.374 --- KL Loss: 12.030 --- Beta: 0.001000
	Validity: 0.53% --- Uniquene@1000: 0.98% --- Unique@10000: 0.86%

{'valid': 0.6372666666666666, 'unique@1000': 0.984, 'unique@10000': 0.8421, 'FCD/Test': 14.326322682639955, 'SNN/Test': 0.5580014292361571, 'Frag/Test': 0.911693607973702, 'Scaf/Test': 0.21430359014551237, 'FCD/TestSF': 15.008388577074292, 'SNN/TestSF': 0.508682291091536, 'Frag/TestSF': 0.9034511145745613, 'Scaf/TestSF': 0.053119837076260557, 'IntDiv': 0.8274015009799014, 'IntDiv2': 0.8173703536248385, 'Filters': 0.9643791191547233, 'logP': 0.12728381377920406, 'SA': 0.09364010803698462, 'QED': 0.027604025590678333, 'weight': 18.034046000155787, 'Novelty': 0.9364161849710982}
Epoch: 51:
	Train Loss: 0.369 --- Reconstruction Loss: 0.367 --- KL Loss: 23.540 --- Beta: 0.000100
	Validity: 0.64% --- Uniquene@1000: 0.98% --- Unique@10000: 0.84%

{'valid': 0.5691333333333333, 'unique@1000': 0.954, 'unique@10000': 0.8274, 'FCD/Test': 14.285184414164988, 'SNN/Test': 0.5548973738688125, 'Frag/Test': 0.8974570177486917, 'Scaf/Test': 0.20029027152023227, 'FCD/TestSF': 14.985051240859242, 'SNN/TestSF': 0.5034589549759811, 'Frag/TestSF': 0.8882926054204299, 'Scaf/TestSF': 0.03377802593186363, 'IntDiv': 0.8305581423064032, 'IntDiv2': 0.8195640993115505, 'Filters': 0.9663816328921166, 'logP': 0.3259499864074744, 'SA': 0.07835966670457449, 'QED': 0.03244471947330234, 'weight': 22.69016935901578, 'Novelty': 0.9431171786120591}
Epoch: 52:
	Train Loss: 0.366 --- Reconstruction Loss: 0.363 --- KL Loss: 25.204 --- Beta: 0.000136
	Validity: 0.57% --- Uniquene@1000: 0.95% --- Unique@10000: 0.83%

{'valid': 0.6715333333333333, 'unique@1000': 0.962, 'unique@10000': 0.8238, 'FCD/Test': 14.680961078279559, 'SNN/Test': 0.5623615413651227, 'Frag/Test': 0.9148254773905387, 'Scaf/Test': 0.22707761102457713, 'FCD/TestSF': 15.29365651419058, 'SNN/TestSF': 0.5058870258139461, 'Frag/TestSF': 0.9074233975673637, 'Scaf/TestSF': 0.05397684919171708, 'IntDiv': 0.8310357716844647, 'IntDiv2': 0.8206663405606958, 'Filters': 0.9638141566564082, 'logP': 0.2629887621553805, 'SA': 0.09078792587620065, 'QED': 0.020582488004805322, 'weight': 21.690848559462026, 'Novelty': 0.933925376101796}
Epoch: 53:
	Train Loss: 0.364 --- Reconstruction Loss: 0.359 --- KL Loss: 24.435 --- Beta: 0.000172
	Validity: 0.67% --- Uniquene@1000: 0.96% --- Unique@10000: 0.82%

{'valid': 0.7315, 'unique@1000': 0.978, 'unique@10000': 0.8383, 'FCD/Test': 13.873901516578485, 'SNN/Test': 0.555840601017166, 'Frag/Test': 0.9260329120804822, 'Scaf/Test': 0.2309355374869939, 'FCD/TestSF': 14.479266683390918, 'SNN/TestSF': 0.5110147225147881, 'Frag/TestSF': 0.9183128685231239, 'Scaf/TestSF': 0.057539310173626346, 'IntDiv': 0.8302049835274231, 'IntDiv2': 0.8204644791450457, 'Filters': 0.9559808612440192, 'logP': 0.26898098843342433, 'SA': 0.06882333608748918, 'QED': 0.015232188046246917, 'weight': 20.279149892989803, 'Novelty': 0.9363746223564955}
Epoch: 54:
	Train Loss: 0.361 --- Reconstruction Loss: 0.356 --- KL Loss: 23.563 --- Beta: 0.000208
	Validity: 0.73% --- Uniquene@1000: 0.98% --- Unique@10000: 0.84%

{'valid': 0.7402333333333333, 'unique@1000': 0.974, 'unique@10000': 0.8142, 'FCD/Test': 14.576782922285624, 'SNN/Test': 0.5684166267744386, 'Frag/Test': 0.9277536218645477, 'Scaf/Test': 0.24416843288559753, 'FCD/TestSF': 15.015636949279681, 'SNN/TestSF': 0.5208648948004165, 'Frag/TestSF': 0.9214933217885233, 'Scaf/TestSF': 0.05601443975988585, 'IntDiv': 0.8264394994835575, 'IntDiv2': 0.8162368145268833, 'Filters': 0.9656414644031162, 'logP': 0.351914684219551, 'SA': 0.138622361732776, 'QED': 0.021438236007589935, 'weight': 19.844446334494403, 'Novelty': 0.9256363750078179}
Epoch: 55:
	Train Loss: 0.360 --- Reconstruction Loss: 0.354 --- KL Loss: 22.750 --- Beta: 0.000244
	Validity: 0.74% --- Uniquene@1000: 0.97% --- Unique@10000: 0.81%

{'valid': 0.6592, 'unique@1000': 0.976, 'unique@10000': 0.8296, 'FCD/Test': 14.323622838167424, 'SNN/Test': 0.5608160794233379, 'Frag/Test': 0.9122123121381511, 'Scaf/Test': 0.24804653457605497, 'FCD/TestSF': 14.94194617434868, 'SNN/TestSF': 0.5127515526063451, 'Frag/TestSF': 0.9050807089008808, 'Scaf/TestSF': 0.054106076015094984, 'IntDiv': 0.8316317038792529, 'IntDiv2': 0.8209878454527777, 'Filters': 0.9655137540453075, 'logP': 0.20056171921560648, 'SA': 0.09410789673746846, 'QED': 0.014777541494597573, 'weight': 21.89375535134668, 'Novelty': 0.9261355977894595}
Epoch: 56:
	Train Loss: 0.357 --- Reconstruction Loss: 0.351 --- KL Loss: 21.770 --- Beta: 0.000280
	Validity: 0.66% --- Uniquene@1000: 0.98% --- Unique@10000: 0.83%

{'valid': 0.6495, 'unique@1000': 0.971, 'unique@10000': 0.8282, 'FCD/Test': 14.217858434894865, 'SNN/Test': 0.5645828294836621, 'Frag/Test': 0.9250948508347253, 'Scaf/Test': 0.23503083009675618, 'FCD/TestSF': 14.731602881255569, 'SNN/TestSF': 0.5155668664848863, 'Frag/TestSF': 0.9174743931709461, 'Scaf/TestSF': 0.04851440121066464, 'IntDiv': 0.8310214982203982, 'IntDiv2': 0.8208044134889964, 'Filters': 0.9595073133179369, 'logP': 0.2778525183504811, 'SA': 0.09534690960091638, 'QED': 0.016274666055278057, 'weight': 24.532851329697188, 'Novelty': 0.9302011610638585}
Epoch: 57:
	Train Loss: 0.355 --- Reconstruction Loss: 0.348 --- KL Loss: 20.933 --- Beta: 0.000316
	Validity: 0.65% --- Uniquene@1000: 0.97% --- Unique@10000: 0.83%

{'valid': 0.5683, 'unique@1000': 0.97, 'unique@10000': 0.8383, 'FCD/Test': 13.40204862645379, 'SNN/Test': 0.5611973301444112, 'Frag/Test': 0.9227012673300443, 'Scaf/Test': 0.2751907114856357, 'FCD/TestSF': 14.024516640161053, 'SNN/TestSF': 0.5120637321221849, 'Frag/TestSF': 0.9162209924874216, 'Scaf/TestSF': 0.04762148144828504, 'IntDiv': 0.8341960307132709, 'IntDiv2': 0.8238694900807486, 'Filters': 0.9599976538213385, 'logP': 0.2999513626032434, 'SA': 0.11067283129030517, 'QED': 0.015172191321296402, 'weight': 22.095718621299035, 'Novelty': 0.9264639470118922}
Epoch: 58:
	Train Loss: 0.353 --- Reconstruction Loss: 0.346 --- KL Loss: 20.334 --- Beta: 0.000352
	Validity: 0.57% --- Uniquene@1000: 0.97% --- Unique@10000: 0.84%

{'valid': 0.6411, 'unique@1000': 0.98, 'unique@10000': 0.8561, 'FCD/Test': 13.630274483379239, 'SNN/Test': 0.5586937235717016, 'Frag/Test': 0.910119053212061, 'Scaf/Test': 0.23710819008508377, 'FCD/TestSF': 14.082754999765712, 'SNN/TestSF': 0.5150749991266179, 'Frag/TestSF': 0.9038537923582329, 'Scaf/TestSF': 0.05300918505527619, 'IntDiv': 0.8343945371776398, 'IntDiv2': 0.8242562230379237, 'Filters': 0.9623043726927676, 'logP': 0.24385145408391853, 'SA': 0.09649931487177354, 'QED': 0.016381965038660642, 'weight': 23.997773389218604, 'Novelty': 0.9360984322286168}
Epoch: 59:
	Train Loss: 0.351 --- Reconstruction Loss: 0.343 --- KL Loss: 19.620 --- Beta: 0.000388
	Validity: 0.64% --- Uniquene@1000: 0.98% --- Unique@10000: 0.86%

{'valid': 0.5931333333333333, 'unique@1000': 0.971, 'unique@10000': 0.8726, 'FCD/Test': 12.767562159642466, 'SNN/Test': 0.5524408931415697, 'Frag/Test': 0.9115889462793739, 'Scaf/Test': 0.32335888369302324, 'FCD/TestSF': 13.206100725923562, 'SNN/TestSF': 0.5096334304530339, 'Frag/TestSF': 0.9077523445582503, 'Scaf/TestSF': 0.06710882817597152, 'IntDiv': 0.8446981898055601, 'IntDiv2': 0.8345469933421714, 'Filters': 0.9594245251208272, 'logP': 0.2960849130882798, 'SA': 0.06914489213226034, 'QED': 0.013290075594349528, 'weight': 21.42845904746001, 'Novelty': 0.9281202801043527}
Epoch: 60:
	Train Loss: 0.349 --- Reconstruction Loss: 0.341 --- KL Loss: 19.024 --- Beta: 0.000424
	Validity: 0.59% --- Uniquene@1000: 0.97% --- Unique@10000: 0.87%

{'valid': 0.5749, 'unique@1000': 0.973, 'unique@10000': 0.8689, 'FCD/Test': 13.001106470824539, 'SNN/Test': 0.5485022008002596, 'Frag/Test': 0.9210303041503002, 'Scaf/Test': 0.23203386300515538, 'FCD/TestSF': 13.458762917377157, 'SNN/TestSF': 0.5056018542537013, 'Frag/TestSF': 0.9156403601540867, 'Scaf/TestSF': 0.05369825520556548, 'IntDiv': 0.8431065384220264, 'IntDiv2': 0.8329009519443757, 'Filters': 0.9593552501884386, 'logP': 0.17957133951980794, 'SA': 0.04919138919059012, 'QED': 0.013206357756805901, 'weight': 24.63053671900365, 'Novelty': 0.9363526826848111}
Epoch: 61:
	Train Loss: 0.347 --- Reconstruction Loss: 0.339 --- KL Loss: 18.399 --- Beta: 0.000460
	Validity: 0.57% --- Uniquene@1000: 0.97% --- Unique@10000: 0.87%

{'valid': 0.5172666666666667, 'unique@1000': 0.975, 'unique@10000': 0.8752, 'FCD/Test': 12.864366366408262, 'SNN/Test': 0.5420746692115537, 'Frag/Test': 0.9072199317077378, 'Scaf/Test': 0.19780723320419957, 'FCD/TestSF': 13.443387514196232, 'SNN/TestSF': 0.49451235995677995, 'Frag/TestSF': 0.8995983145196387, 'Scaf/TestSF': 0.04523470238838556, 'IntDiv': 0.8425226572988854, 'IntDiv2': 0.8325282544336596, 'Filters': 0.961979636551102, 'logP': 0.138657628775547, 'SA': 0.031182056088197414, 'QED': 0.013245295440566861, 'weight': 27.81537816746472, 'Novelty': 0.9358656970447161}
Epoch: 62:
	Train Loss: 0.345 --- Reconstruction Loss: 0.337 --- KL Loss: 17.934 --- Beta: 0.000496
	Validity: 0.52% --- Uniquene@1000: 0.97% --- Unique@10000: 0.88%

{'valid': 0.7306666666666667, 'unique@1000': 0.975, 'unique@10000': 0.8747, 'FCD/Test': 12.44656702781549, 'SNN/Test': 0.5497421990889703, 'Frag/Test': 0.8976246879981745, 'Scaf/Test': 0.27128825027643155, 'FCD/TestSF': 13.104481576760463, 'SNN/TestSF': 0.4995264796023495, 'Frag/TestSF': 0.8905069142080685, 'Scaf/TestSF': 0.059590049862669026, 'IntDiv': 0.8376505497514779, 'IntDiv2': 0.8277277111639987, 'Filters': 0.965647810218978, 'logP': 0.22723966591202968, 'SA': 0.060146153919441246, 'QED': 0.0154071066168206, 'weight': 19.724574933282785, 'Novelty': 0.9365383531533562}
Epoch: 63:
	Train Loss: 0.344 --- Reconstruction Loss: 0.334 --- KL Loss: 17.587 --- Beta: 0.000532
	Validity: 0.73% --- Uniquene@1000: 0.97% --- Unique@10000: 0.87%

{'valid': 0.7494333333333334, 'unique@1000': 0.985, 'unique@10000': 0.8815, 'FCD/Test': 13.519690417497458, 'SNN/Test': 0.5504075514825114, 'Frag/Test': 0.8944825970734619, 'Scaf/Test': 0.2502459995025288, 'FCD/TestSF': 13.939400072647047, 'SNN/TestSF': 0.5086291429703067, 'Frag/TestSF': 0.8911845735751253, 'Scaf/TestSF': 0.05861294529922856, 'IntDiv': 0.8428660026218567, 'IntDiv2': 0.8323642405329724, 'Filters': 0.9662856380376285, 'logP': 0.3085160644284233, 'SA': 0.07351646859765332, 'QED': 0.014215141335528654, 'weight': 18.293614130386285, 'Novelty': 0.9333735468304453}
Epoch: 64:
	Train Loss: 0.342 --- Reconstruction Loss: 0.333 --- KL Loss: 17.085 --- Beta: 0.000568
	Validity: 0.75% --- Uniquene@1000: 0.98% --- Unique@10000: 0.88%

{'valid': 0.7836666666666667, 'unique@1000': 0.981, 'unique@10000': 0.8925, 'FCD/Test': 13.286483499426936, 'SNN/Test': 0.5537132457868438, 'Frag/Test': 0.9108726992111574, 'Scaf/Test': 0.2723748535811725, 'FCD/TestSF': 13.831950799793148, 'SNN/TestSF': 0.5076214437476375, 'Frag/TestSF': 0.904686205285224, 'Scaf/TestSF': 0.0536696430659962, 'IntDiv': 0.8381959970991514, 'IntDiv2': 0.8282427048927384, 'Filters': 0.9688217779668227, 'logP': 0.2790683146026917, 'SA': 0.09979041652128126, 'QED': 0.01901553469753074, 'weight': 19.34965444119296, 'Novelty': 0.9337541077669397}
Epoch: 65:
	Train Loss: 0.339 --- Reconstruction Loss: 0.329 --- KL Loss: 16.696 --- Beta: 0.000604
	Validity: 0.78% --- Uniquene@1000: 0.98% --- Unique@10000: 0.89%

{'valid': 0.5972666666666666, 'unique@1000': 0.988, 'unique@10000': 0.9058, 'FCD/Test': 12.839921451843196, 'SNN/Test': 0.5375538276961066, 'Frag/Test': 0.8852302222947219, 'Scaf/Test': 0.2390097654669341, 'FCD/TestSF': 13.554462493185078, 'SNN/TestSF': 0.487125419808766, 'Frag/TestSF': 0.8768944496280644, 'Scaf/TestSF': 0.05029352472337578, 'IntDiv': 0.8441227276070695, 'IntDiv2': 0.8344816735910153, 'Filters': 0.9651746846746289, 'logP': 0.11395338925243469, 'SA': 0.02429457019435041, 'QED': 0.01777719673906921, 'weight': 23.687713092442593, 'Novelty': 0.9401842480861554}
Epoch: 66:
	Train Loss: 0.338 --- Reconstruction Loss: 0.328 --- KL Loss: 16.280 --- Beta: 0.000640
	Validity: 0.60% --- Uniquene@1000: 0.99% --- Unique@10000: 0.91%

{'valid': 0.702, 'unique@1000': 0.983, 'unique@10000': 0.9002, 'FCD/Test': 13.639504932692134, 'SNN/Test': 0.5487496313340926, 'Frag/Test': 0.8824536146708004, 'Scaf/Test': 0.26263426326694783, 'FCD/TestSF': 14.236502913189, 'SNN/TestSF': 0.5009899451889996, 'Frag/TestSF': 0.8767704661606514, 'Scaf/TestSF': 0.05443081365186808, 'IntDiv': 0.8407212234501471, 'IntDiv2': 0.8306049331493718, 'Filters': 0.964957264957265, 'logP': 0.2550850154271935, 'SA': 0.0791365224986419, 'QED': 0.03074422202568543, 'weight': 18.62558671356357, 'Novelty': 0.9339902038956601}
Epoch: 67:
	Train Loss: 0.337 --- Reconstruction Loss: 0.326 --- KL Loss: 15.909 --- Beta: 0.000676
	Validity: 0.70% --- Uniquene@1000: 0.98% --- Unique@10000: 0.90%

{'valid': 0.5309333333333333, 'unique@1000': 0.981, 'unique@10000': 0.8856, 'FCD/Test': 13.044669204158694, 'SNN/Test': 0.5448021417458428, 'Frag/Test': 0.9155733369894533, 'Scaf/Test': 0.21784528335889852, 'FCD/TestSF': 13.457698365645996, 'SNN/TestSF': 0.5009096134837581, 'Frag/TestSF': 0.9097695130639275, 'Scaf/TestSF': 0.06209979496960649, 'IntDiv': 0.8439571581277419, 'IntDiv2': 0.8337405738600456, 'Filters': 0.9591913611250628, 'logP': 0.22700604425401064, 'SA': 0.047484616095976574, 'QED': 0.013896088812969914, 'weight': 19.864005721824892, 'Novelty': 0.9296233256863761}
Epoch: 68:
	Train Loss: 0.335 --- Reconstruction Loss: 0.323 --- KL Loss: 15.682 --- Beta: 0.000712
	Validity: 0.53% --- Uniquene@1000: 0.98% --- Unique@10000: 0.89%

{'valid': 0.7272000000000001, 'unique@1000': 0.99, 'unique@10000': 0.9127, 'FCD/Test': 13.206900236364945, 'SNN/Test': 0.5416839727049275, 'Frag/Test': 0.8832328172733523, 'Scaf/Test': 0.28951493077380286, 'FCD/TestSF': 13.745870231571779, 'SNN/TestSF': 0.4975203132071762, 'Frag/TestSF': 0.8774316167865831, 'Scaf/TestSF': 0.05425796338708555, 'IntDiv': 0.8485318288804583, 'IntDiv2': 0.8383534185470457, 'Filters': 0.9652548588192152, 'logP': 0.18597704614458763, 'SA': 0.04565212389093906, 'QED': 0.02028397020239914, 'weight': 22.193909946474616, 'Novelty': 0.9354043920728441}
Epoch: 69:
	Train Loss: 0.333 --- Reconstruction Loss: 0.322 --- KL Loss: 15.281 --- Beta: 0.000748
	Validity: 0.73% --- Uniquene@1000: 0.99% --- Unique@10000: 0.91%

{'valid': 0.6817666666666666, 'unique@1000': 0.988, 'unique@10000': 0.9101, 'FCD/Test': 12.45800622835398, 'SNN/Test': 0.541324431701656, 'Frag/Test': 0.9062360389324874, 'Scaf/Test': 0.21840423431230827, 'FCD/TestSF': 13.035168673480783, 'SNN/TestSF': 0.5013811850043047, 'Frag/TestSF': 0.9001953485771588, 'Scaf/TestSF': 0.05536047157685664, 'IntDiv': 0.8482662400868828, 'IntDiv2': 0.8384558119397931, 'Filters': 0.951938590915758, 'logP': 0.13049760474596403, 'SA': 0.04759335485393994, 'QED': 0.01569742763740723, 'weight': 24.87433739013134, 'Novelty': 0.9384060046983327}
Epoch: 70:
	Train Loss: 0.332 --- Reconstruction Loss: 0.320 --- KL Loss: 15.066 --- Beta: 0.000784
	Validity: 0.68% --- Uniquene@1000: 0.99% --- Unique@10000: 0.91%

{'valid': 0.7553, 'unique@1000': 0.982, 'unique@10000': 0.9168, 'FCD/Test': 11.646416647082106, 'SNN/Test': 0.5548445679067519, 'Frag/Test': 0.9041408599013404, 'Scaf/Test': 0.2879912889465732, 'FCD/TestSF': 12.209076648378527, 'SNN/TestSF': 0.5108217452073425, 'Frag/TestSF': 0.8978601357694462, 'Scaf/TestSF': 0.07029656534907947, 'IntDiv': 0.8439566733802044, 'IntDiv2': 0.8342775586956823, 'Filters': 0.9657972549538815, 'logP': 0.2087961014627754, 'SA': 0.06522421075929447, 'QED': 0.014340677651722053, 'weight': 19.31402011701867, 'Novelty': 0.9247079409191498}
Epoch: 71:
	Train Loss: 0.331 --- Reconstruction Loss: 0.318 --- KL Loss: 14.861 --- Beta: 0.000820
	Validity: 0.76% --- Uniquene@1000: 0.98% --- Unique@10000: 0.92%

{'valid': 0.5509, 'unique@1000': 0.983, 'unique@10000': 0.917, 'FCD/Test': 12.858434824430688, 'SNN/Test': 0.5345640774953097, 'Frag/Test': 0.8932331458270385, 'Scaf/Test': 0.23643622166187062, 'FCD/TestSF': 13.449049544215413, 'SNN/TestSF': 0.48960619042618214, 'Frag/TestSF': 0.8882812856919876, 'Scaf/TestSF': 0.05143822144130894, 'IntDiv': 0.8461021920510517, 'IntDiv2': 0.8361749476513458, 'Filters': 0.9540751497549464, 'logP': 0.3336744485085677, 'SA': 0.033211350901913635, 'QED': 0.016189763799124807, 'weight': 19.801616972725647, 'Novelty': 0.9452712433989439}
Epoch: 72:
	Train Loss: 0.329 --- Reconstruction Loss: 0.317 --- KL Loss: 14.584 --- Beta: 0.000856
	Validity: 0.55% --- Uniquene@1000: 0.98% --- Unique@10000: 0.92%

{'valid': 0.6376999999999999, 'unique@1000': 0.98, 'unique@10000': 0.9036, 'FCD/Test': 12.765301363032847, 'SNN/Test': 0.53574145986939, 'Frag/Test': 0.899227120711455, 'Scaf/Test': 0.2671269940851617, 'FCD/TestSF': 13.14773463799753, 'SNN/TestSF': 0.4938510146511373, 'Frag/TestSF': 0.8956994477405178, 'Scaf/TestSF': 0.05137327558391025, 'IntDiv': 0.8513505266029963, 'IntDiv2': 0.8411417559533971, 'Filters': 0.9591762061575454, 'logP': 0.22376443519585953, 'SA': 0.029074414128058695, 'QED': 0.01484428311986681, 'weight': 20.24555952420721, 'Novelty': 0.9387104682520225}
Epoch: 73:
	Train Loss: 0.328 --- Reconstruction Loss: 0.315 --- KL Loss: 14.266 --- Beta: 0.000892
	Validity: 0.64% --- Uniquene@1000: 0.98% --- Unique@10000: 0.90%

{'valid': 0.7483333333333333, 'unique@1000': 0.992, 'unique@10000': 0.9361, 'FCD/Test': 11.754357123481228, 'SNN/Test': 0.5326947424492751, 'Frag/Test': 0.904405925235634, 'Scaf/Test': 0.26345180344699637, 'FCD/TestSF': 12.359445872557345, 'SNN/TestSF': 0.4953735333468707, 'Frag/TestSF': 0.9001699598071443, 'Scaf/TestSF': 0.07126006018877895, 'IntDiv': 0.8513241206388344, 'IntDiv2': 0.8417523532169509, 'Filters': 0.9591982182628063, 'logP': 0.14198369907610472, 'SA': 0.031723984649589816, 'QED': 0.016895337293267112, 'weight': 20.780740703974136, 'Novelty': 0.9416809605488851}
Epoch: 74:
	Train Loss: 0.327 --- Reconstruction Loss: 0.314 --- KL Loss: 14.079 --- Beta: 0.000928
	Validity: 0.75% --- Uniquene@1000: 0.99% --- Unique@10000: 0.94%

{'valid': 0.6998, 'unique@1000': 0.993, 'unique@10000': 0.9222, 'FCD/Test': 12.272122930751152, 'SNN/Test': 0.5395372534578694, 'Frag/Test': 0.9008689868105391, 'Scaf/Test': 0.2971731279143377, 'FCD/TestSF': 12.975983297838965, 'SNN/TestSF': 0.49808298364158154, 'Frag/TestSF': 0.8958676031388533, 'Scaf/TestSF': 0.058393087007517774, 'IntDiv': 0.8436549353237737, 'IntDiv2': 0.8339269693356467, 'Filters': 0.9682766504715633, 'logP': 0.301253878616724, 'SA': 0.06197411950194502, 'QED': 0.016989193467137297, 'weight': 18.98582277356336, 'Novelty': 0.9412375642287089}
Epoch: 75:
	Train Loss: 0.325 --- Reconstruction Loss: 0.312 --- KL Loss: 13.855 --- Beta: 0.000964
	Validity: 0.70% --- Uniquene@1000: 0.99% --- Unique@10000: 0.92%

{'valid': 0.7089333333333334, 'unique@1000': 0.99, 'unique@10000': 0.9252, 'FCD/Test': 12.20062706826144, 'SNN/Test': 0.531564253252942, 'Frag/Test': 0.8935717263149869, 'Scaf/Test': 0.27415675211410684, 'FCD/TestSF': 12.680705223233886, 'SNN/TestSF': 0.4916991291846887, 'Frag/TestSF': 0.8885616278245054, 'Scaf/TestSF': 0.05291721790958093, 'IntDiv': 0.850803560031873, 'IntDiv2': 0.8410490147835856, 'Filters': 0.966099304118864, 'logP': 0.2675153671637731, 'SA': 0.035475136613584125, 'QED': 0.013488730587347545, 'weight': 19.48596580030623, 'Novelty': 0.935324981261377}
Epoch: 76:
	Train Loss: 0.325 --- Reconstruction Loss: 0.311 --- KL Loss: 13.650 --- Beta: 0.001000
	Validity: 0.71% --- Uniquene@1000: 0.99% --- Unique@10000: 0.93%

{'valid': 0.7914, 'unique@1000': 0.987, 'unique@10000': 0.9307, 'FCD/Test': 11.502586780744167, 'SNN/Test': 0.5455976183960145, 'Frag/Test': 0.9143243438683112, 'Scaf/Test': 0.29858271212340237, 'FCD/TestSF': 12.206559736124817, 'SNN/TestSF': 0.502836666782205, 'Frag/TestSF': 0.9088535644002403, 'Scaf/TestSF': 0.05966353891461451, 'IntDiv': 0.8445201354832889, 'IntDiv2': 0.8349617439381458, 'Filters': 0.9596916856204195, 'logP': 0.16284963607389397, 'SA': 0.06007721136669232, 'QED': 0.01830506628092616, 'weight': 18.684437585296912, 'Novelty': 0.933011583011583}
Epoch: 77:
	Train Loss: 0.322 --- Reconstruction Loss: 0.309 --- KL Loss: 13.564 --- Beta: 0.001000
	Validity: 0.79% --- Uniquene@1000: 0.99% --- Unique@10000: 0.93%

{'valid': 0.4613333333333334, 'unique@1000': 0.987, 'unique@10000': 0.9246, 'FCD/Test': 12.488020396453337, 'SNN/Test': 0.5216258967693658, 'Frag/Test': 0.8885545865082092, 'Scaf/Test': 0.2414528138692429, 'FCD/TestSF': 13.211189199861714, 'SNN/TestSF': 0.47764548231992937, 'Frag/TestSF': 0.8842526920234447, 'Scaf/TestSF': 0.04048025162664903, 'IntDiv': 0.8537367875733191, 'IntDiv2': 0.8438279655236913, 'Filters': 0.9596820809248555, 'logP': 0.17731791555657342, 'SA': 0.06537306048435448, 'QED': 0.0219581476583147, 'weight': 20.77101402975866, 'Novelty': 0.9501153631951627}
Epoch: 78:
	Train Loss: 0.321 --- Reconstruction Loss: 0.307 --- KL Loss: 13.582 --- Beta: 0.001000
	Validity: 0.46% --- Uniquene@1000: 0.99% --- Unique@10000: 0.92%

{'valid': 0.6321, 'unique@1000': 0.987, 'unique@10000': 0.9119, 'FCD/Test': 12.068886364392384, 'SNN/Test': 0.5466394715970977, 'Frag/Test': 0.9014054695719174, 'Scaf/Test': 0.29556207241574906, 'FCD/TestSF': 12.721205393127917, 'SNN/TestSF': 0.5058350523036285, 'Frag/TestSF': 0.8950932263079531, 'Scaf/TestSF': 0.056310807467336854, 'IntDiv': 0.8461239699577049, 'IntDiv2': 0.8359415730109803, 'Filters': 0.9660391288298265, 'logP': 0.10822631910066377, 'SA': 0.05844116551168454, 'QED': 0.014873931698920932, 'weight': 18.925370881190464, 'Novelty': 0.9315151884093261}
Epoch: 79:
	Train Loss: 0.320 --- Reconstruction Loss: 0.306 --- KL Loss: 13.553 --- Beta: 0.001000
	Validity: 0.63% --- Uniquene@1000: 0.99% --- Unique@10000: 0.91%

{'valid': 0.739, 'unique@1000': 0.986, 'unique@10000': 0.9352, 'FCD/Test': 11.971883226449222, 'SNN/Test': 0.5356554343832685, 'Frag/Test': 0.9072307800359153, 'Scaf/Test': 0.30938686285498984, 'FCD/TestSF': 12.527458928456397, 'SNN/TestSF': 0.4962920762904334, 'Frag/TestSF': 0.9016808583866451, 'Scaf/TestSF': 0.05374376188250418, 'IntDiv': 0.8490044934390936, 'IntDiv2': 0.8394599839204955, 'Filters': 0.9620658547586829, 'logP': 0.19995589601387978, 'SA': 0.035294509440763296, 'QED': 0.017480954180445842, 'weight': 17.064660198029795, 'Novelty': 0.9382634364820847}
Epoch: 80:
	Train Loss: 0.318 --- Reconstruction Loss: 0.305 --- KL Loss: 13.541 --- Beta: 0.001000
	Validity: 0.74% --- Uniquene@1000: 0.99% --- Unique@10000: 0.94%

{'valid': 0.7090000000000001, 'unique@1000': 0.989, 'unique@10000': 0.9279, 'FCD/Test': 11.634203218055376, 'SNN/Test': 0.5425172494129783, 'Frag/Test': 0.9110660359142625, 'Scaf/Test': 0.3517788998895214, 'FCD/TestSF': 12.362789996387775, 'SNN/TestSF': 0.5011955193015797, 'Frag/TestSF': 0.9051194811353682, 'Scaf/TestSF': 0.0895201565403747, 'IntDiv': 0.8469134369425467, 'IntDiv2': 0.837215810065689, 'Filters': 0.9673718852844382, 'logP': 0.17836886482584874, 'SA': 0.06735523036738199, 'QED': 0.016888233315894313, 'weight': 18.34619205485415, 'Novelty': 0.9335117773019272}
Epoch: 81:
	Train Loss: 0.317 --- Reconstruction Loss: 0.303 --- KL Loss: 13.556 --- Beta: 0.001000
	Validity: 0.71% --- Uniquene@1000: 0.99% --- Unique@10000: 0.93%

{'valid': 0.7167666666666667, 'unique@1000': 0.99, 'unique@10000': 0.9359, 'FCD/Test': 12.595942494889812, 'SNN/Test': 0.5313650303790222, 'Frag/Test': 0.9035510636533218, 'Scaf/Test': 0.32567186728434705, 'FCD/TestSF': 13.31079602005505, 'SNN/TestSF': 0.48699237169808846, 'Frag/TestSF': 0.8983262496924999, 'Scaf/TestSF': 0.050077665334882004, 'IntDiv': 0.8470726345141921, 'IntDiv2': 0.8376113453212595, 'Filters': 0.9616332604752825, 'logP': 0.23273552648793752, 'SA': 0.036542321617239096, 'QED': 0.017758392658294004, 'weight': 13.787585065905269, 'Novelty': 0.9440357330530741}
Epoch: 82:
	Train Loss: 0.315 --- Reconstruction Loss: 0.301 --- KL Loss: 13.564 --- Beta: 0.001000
	Validity: 0.72% --- Uniquene@1000: 0.99% --- Unique@10000: 0.94%

{'valid': 0.6790666666666667, 'unique@1000': 0.998, 'unique@10000': 0.9385, 'FCD/Test': 12.494053221041867, 'SNN/Test': 0.5291713280407626, 'Frag/Test': 0.8923347901337262, 'Scaf/Test': 0.3244432677050715, 'FCD/TestSF': 13.164199535623567, 'SNN/TestSF': 0.48683082920475557, 'Frag/TestSF': 0.8885296405982472, 'Scaf/TestSF': 0.07871129109524633, 'IntDiv': 0.8516647201709279, 'IntDiv2': 0.8421302885686364, 'Filters': 0.9665226781857451, 'logP': 0.18386891960031845, 'SA': 0.039175229418424655, 'QED': 0.014355183912117412, 'weight': 17.601834360017595, 'Novelty': 0.9378552689112374}
Epoch: 83:
	Train Loss: 0.314 --- Reconstruction Loss: 0.300 --- KL Loss: 13.600 --- Beta: 0.001000
	Validity: 0.68% --- Uniquene@1000: 1.00% --- Unique@10000: 0.94%

{'valid': 0.6286, 'unique@1000': 0.991, 'unique@10000': 0.9172, 'FCD/Test': 12.784071867104757, 'SNN/Test': 0.53795066349993, 'Frag/Test': 0.8740828318208211, 'Scaf/Test': 0.2531864580958707, 'FCD/TestSF': 13.235570641525243, 'SNN/TestSF': 0.49907898497374137, 'Frag/TestSF': 0.8683663882908278, 'Scaf/TestSF': 0.06664944762819236, 'IntDiv': 0.8448949491902848, 'IntDiv2': 0.8351164367431815, 'Filters': 0.9638880050906777, 'logP': 0.190665719554309, 'SA': 0.06199107239820887, 'QED': 0.02798612324707569, 'weight': 17.692786094569044, 'Novelty': 0.9365648947816567}
Epoch: 84:
	Train Loss: 0.312 --- Reconstruction Loss: 0.299 --- KL Loss: 13.629 --- Beta: 0.001000
	Validity: 0.63% --- Uniquene@1000: 0.99% --- Unique@10000: 0.92%

{'valid': 0.6554333333333333, 'unique@1000': 0.987, 'unique@10000': 0.9291, 'FCD/Test': 12.581604716151006, 'SNN/Test': 0.5336077874810093, 'Frag/Test': 0.869781425914074, 'Scaf/Test': 0.29418347473728645, 'FCD/TestSF': 13.225409936140949, 'SNN/TestSF': 0.4948087835215797, 'Frag/TestSF': 0.865592058698475, 'Scaf/TestSF': 0.05182220859559705, 'IntDiv': 0.8494368715315199, 'IntDiv2': 0.8397278852644215, 'Filters': 0.9557544626964349, 'logP': 0.18492784137706153, 'SA': 0.043811410272825355, 'QED': 0.021388527589397664, 'weight': 17.47438406354223, 'Novelty': 0.937926291052903}
Epoch: 85:
	Train Loss: 0.311 --- Reconstruction Loss: 0.297 --- KL Loss: 13.518 --- Beta: 0.001000
	Validity: 0.66% --- Uniquene@1000: 0.99% --- Unique@10000: 0.93%

{'valid': 0.7365333333333333, 'unique@1000': 0.993, 'unique@10000': 0.9444, 'FCD/Test': 10.967621826167544, 'SNN/Test': 0.5319701308825584, 'Frag/Test': 0.9018700422273994, 'Scaf/Test': 0.3132224709025797, 'FCD/TestSF': 11.713527640741603, 'SNN/TestSF': 0.4911513238737952, 'Frag/TestSF': 0.8970344151366292, 'Scaf/TestSF': 0.05141580842697435, 'IntDiv': 0.8547479101178783, 'IntDiv2': 0.8452402279938951, 'Filters': 0.9700398262128892, 'logP': 0.09557887297662393, 'SA': 0.03997187461658213, 'QED': 0.020291628207323584, 'weight': 24.771084683094244, 'Novelty': 0.9366331658291457}
Epoch: 86:
	Train Loss: 0.309 --- Reconstruction Loss: 0.296 --- KL Loss: 13.546 --- Beta: 0.001000
	Validity: 0.74% --- Uniquene@1000: 0.99% --- Unique@10000: 0.94%

{'valid': 0.7539333333333333, 'unique@1000': 0.993, 'unique@10000': 0.9327, 'FCD/Test': 12.773670225478725, 'SNN/Test': 0.5302918952919305, 'Frag/Test': 0.8792252023134709, 'Scaf/Test': 0.3442257100606232, 'FCD/TestSF': 13.564082630543354, 'SNN/TestSF': 0.4908482327250895, 'Frag/TestSF': 0.8770030342270978, 'Scaf/TestSF': 0.07032764206590325, 'IntDiv': 0.8512121776010303, 'IntDiv2': 0.8415737210047165, 'Filters': 0.968388009549916, 'logP': 0.149890961764339, 'SA': 0.05091354346941561, 'QED': 0.011960154387095993, 'weight': 14.837741160641817, 'Novelty': 0.9369446257342237}
Epoch: 87:
	Train Loss: 0.309 --- Reconstruction Loss: 0.295 --- KL Loss: 13.572 --- Beta: 0.001000
	Validity: 0.75% --- Uniquene@1000: 0.99% --- Unique@10000: 0.93%

{'valid': 0.6935333333333333, 'unique@1000': 0.985, 'unique@10000': 0.937, 'FCD/Test': 11.60691430341511, 'SNN/Test': 0.5258181259468646, 'Frag/Test': 0.9049609193146427, 'Scaf/Test': 0.3412371967789589, 'FCD/TestSF': 12.318584693495396, 'SNN/TestSF': 0.48221602930574475, 'Frag/TestSF': 0.9002004909522233, 'Scaf/TestSF': 0.06192676428472521, 'IntDiv': 0.8554646393123972, 'IntDiv2': 0.84598024757079, 'Filters': 0.9578967605498414, 'logP': 0.23348261315270605, 'SA': 0.06211768105366009, 'QED': 0.01570720419461962, 'weight': 17.375036551246744, 'Novelty': 0.9373385012919897}
Epoch: 88:
	Train Loss: 0.307 --- Reconstruction Loss: 0.293 --- KL Loss: 13.599 --- Beta: 0.001000
	Validity: 0.69% --- Uniquene@1000: 0.98% --- Unique@10000: 0.94%

{'valid': 0.7435333333333334, 'unique@1000': 0.993, 'unique@10000': 0.9378, 'FCD/Test': 13.1718973058885, 'SNN/Test': 0.5297225778028108, 'Frag/Test': 0.8949519451695669, 'Scaf/Test': 0.3792889111667772, 'FCD/TestSF': 13.78165570883531, 'SNN/TestSF': 0.48989667548178173, 'Frag/TestSF': 0.8912063301705891, 'Scaf/TestSF': 0.06057786843357371, 'IntDiv': 0.8510195025444101, 'IntDiv2': 0.8414295447073459, 'Filters': 0.9724737738725007, 'logP': 0.3058514025491539, 'SA': 0.04494966847005787, 'QED': 0.01743241986335289, 'weight': 14.613879597287852, 'Novelty': 0.93891973750631}
Epoch: 89:
	Train Loss: 0.306 --- Reconstruction Loss: 0.293 --- KL Loss: 13.557 --- Beta: 0.001000
	Validity: 0.74% --- Uniquene@1000: 0.99% --- Unique@10000: 0.94%

{'valid': 0.6493333333333333, 'unique@1000': 0.99, 'unique@10000': 0.9312, 'FCD/Test': 12.013218261683448, 'SNN/Test': 0.5381912977230071, 'Frag/Test': 0.9029652463795225, 'Scaf/Test': 0.36402261338203545, 'FCD/TestSF': 12.63562932138116, 'SNN/TestSF': 0.49490582763812135, 'Frag/TestSF': 0.8984962287116649, 'Scaf/TestSF': 0.07107541771029502, 'IntDiv': 0.8502561681042373, 'IntDiv2': 0.8404177795829264, 'Filters': 0.96935318275154, 'logP': 0.2891608984571986, 'SA': 0.030456425866677805, 'QED': 0.01622383204475029, 'weight': 17.6101593328398, 'Novelty': 0.9324721757684101}
Epoch: 90:
	Train Loss: 0.305 --- Reconstruction Loss: 0.292 --- KL Loss: 13.659 --- Beta: 0.001000
	Validity: 0.65% --- Uniquene@1000: 0.99% --- Unique@10000: 0.93%

{'valid': 0.7591, 'unique@1000': 0.989, 'unique@10000': 0.9309, 'FCD/Test': 12.076393866062972, 'SNN/Test': 0.541285473080417, 'Frag/Test': 0.8971129001039062, 'Scaf/Test': 0.321333013227425, 'FCD/TestSF': 12.54807922506781, 'SNN/TestSF': 0.5048397063720851, 'Frag/TestSF': 0.8928197620738855, 'Scaf/TestSF': 0.07494911099309287, 'IntDiv': 0.8459111957787595, 'IntDiv2': 0.836578552582986, 'Filters': 0.9680762306239845, 'logP': 0.16643341361464725, 'SA': 0.04797358744989546, 'QED': 0.016133568441831107, 'weight': 17.216594302315908, 'Novelty': 0.9333300064873497}
Epoch: 91:
	Train Loss: 0.303 --- Reconstruction Loss: 0.290 --- KL Loss: 13.620 --- Beta: 0.001000
	Validity: 0.76% --- Uniquene@1000: 0.99% --- Unique@10000: 0.93%

{'valid': 0.7104333333333333, 'unique@1000': 0.991, 'unique@10000': 0.9377, 'FCD/Test': 13.063597567531787, 'SNN/Test': 0.5306975996686422, 'Frag/Test': 0.8791813993915808, 'Scaf/Test': 0.3041906783778925, 'FCD/TestSF': 13.534797382564356, 'SNN/TestSF': 0.49142870140988504, 'Frag/TestSF': 0.8754982674561385, 'Scaf/TestSF': 0.07005967029555527, 'IntDiv': 0.8504165761230106, 'IntDiv2': 0.8408318630746806, 'Filters': 0.960587434898888, 'logP': 0.35913195038249207, 'SA': 0.038715720344916604, 'QED': 0.028372800152987116, 'weight': 15.027100379553683, 'Novelty': 0.9389962200755985}
Epoch: 92:
	Train Loss: 0.303 --- Reconstruction Loss: 0.289 --- KL Loss: 13.613 --- Beta: 0.001000
	Validity: 0.71% --- Uniquene@1000: 0.99% --- Unique@10000: 0.94%

{'valid': 0.7703666666666666, 'unique@1000': 0.989, 'unique@10000': 0.9384, 'FCD/Test': 12.551590117305722, 'SNN/Test': 0.5364569603718528, 'Frag/Test': 0.8885940582476787, 'Scaf/Test': 0.37251643717230964, 'FCD/TestSF': 13.007927733718802, 'SNN/TestSF': 0.49901003752424905, 'Frag/TestSF': 0.8856029984688109, 'Scaf/TestSF': 0.07067960712970023, 'IntDiv': 0.8530738021266953, 'IntDiv2': 0.8435090728004027, 'Filters': 0.9687594651897364, 'logP': 0.2997411977366554, 'SA': 0.05320042232619495, 'QED': 0.01327684610162537, 'weight': 21.5715795162362, 'Novelty': 0.9342862718313982}
Epoch: 93:
	Train Loss: 0.301 --- Reconstruction Loss: 0.288 --- KL Loss: 13.660 --- Beta: 0.001000
	Validity: 0.77% --- Uniquene@1000: 0.99% --- Unique@10000: 0.94%

{'valid': 0.6177666666666667, 'unique@1000': 0.993, 'unique@10000': 0.9423, 'FCD/Test': 12.419398432960875, 'SNN/Test': 0.5230988341174637, 'Frag/Test': 0.9002254247597591, 'Scaf/Test': 0.3345744830520083, 'FCD/TestSF': 13.090870574735959, 'SNN/TestSF': 0.48442131582331377, 'Frag/TestSF': 0.8955558910392507, 'Scaf/TestSF': 0.05717840421301035, 'IntDiv': 0.8521686803923894, 'IntDiv2': 0.8430578832657866, 'Filters': 0.9618518318674796, 'logP': 0.10545517553625544, 'SA': 0.029568469150973564, 'QED': 0.01971957773775161, 'weight': 19.098235470947813, 'Novelty': 0.9401481481481482}
Epoch: 94:
	Train Loss: 0.300 --- Reconstruction Loss: 0.287 --- KL Loss: 13.643 --- Beta: 0.001000
	Validity: 0.62% --- Uniquene@1000: 0.99% --- Unique@10000: 0.94%

{'valid': 0.7041999999999999, 'unique@1000': 0.994, 'unique@10000': 0.9496, 'FCD/Test': 12.56022226393307, 'SNN/Test': 0.5263994995282081, 'Frag/Test': 0.8973175765205457, 'Scaf/Test': 0.340234070994321, 'FCD/TestSF': 13.19390589951665, 'SNN/TestSF': 0.48446632945324836, 'Frag/TestSF': 0.8944954470482166, 'Scaf/TestSF': 0.05947762688191793, 'IntDiv': 0.854491337936465, 'IntDiv2': 0.8453575746662569, 'Filters': 0.9683801950203541, 'logP': 0.3211774874257024, 'SA': 0.015350544801955591, 'QED': 0.01537488396375405, 'weight': 17.002941579635298, 'Novelty': 0.940678406316555}
Epoch: 95:
	Train Loss: 0.299 --- Reconstruction Loss: 0.285 --- KL Loss: 13.680 --- Beta: 0.001000
	Validity: 0.70% --- Uniquene@1000: 0.99% --- Unique@10000: 0.95%

{'valid': 0.6074999999999999, 'unique@1000': 0.993, 'unique@10000': 0.9388, 'FCD/Test': 12.158176329288523, 'SNN/Test': 0.5275028535613308, 'Frag/Test': 0.8814826961899567, 'Scaf/Test': 0.2828361148188805, 'FCD/TestSF': 12.756385657342605, 'SNN/TestSF': 0.48871121636634013, 'Frag/TestSF': 0.8765376338529256, 'Scaf/TestSF': 0.05286924498158807, 'IntDiv': 0.848640808656902, 'IntDiv2': 0.8392213471970342, 'Filters': 0.961042524005487, 'logP': 0.21028804989547276, 'SA': 0.02333504786755151, 'QED': 0.019148290764204764, 'weight': 16.950715391415216, 'Novelty': 0.9456416464891041}
Epoch: 96:
	Train Loss: 0.298 --- Reconstruction Loss: 0.285 --- KL Loss: 13.672 --- Beta: 0.001000
	Validity: 0.61% --- Uniquene@1000: 0.99% --- Unique@10000: 0.94%

{'valid': 0.6125, 'unique@1000': 0.991, 'unique@10000': 0.9442, 'FCD/Test': 13.123176333792728, 'SNN/Test': 0.5245693321536188, 'Frag/Test': 0.8826941471284714, 'Scaf/Test': 0.2611599409935973, 'FCD/TestSF': 13.577747141757754, 'SNN/TestSF': 0.4854793075014945, 'Frag/TestSF': 0.8797263497788832, 'Scaf/TestSF': 0.05429576473571884, 'IntDiv': 0.8496442896212136, 'IntDiv2': 0.8403045164026883, 'Filters': 0.9645714285714285, 'logP': 0.31111294214858504, 'SA': 0.023900238350455787, 'QED': 0.016208415677709684, 'weight': 14.28954085053264, 'Novelty': 0.9437616164038611}
Epoch: 97:
	Train Loss: 0.297 --- Reconstruction Loss: 0.283 --- KL Loss: 13.649 --- Beta: 0.001000
	Validity: 0.61% --- Uniquene@1000: 0.99% --- Unique@10000: 0.94%

{'valid': 0.6478999999999999, 'unique@1000': 0.988, 'unique@10000': 0.9355, 'FCD/Test': 11.971654261103225, 'SNN/Test': 0.5390885816196567, 'Frag/Test': 0.9029346551430205, 'Scaf/Test': 0.3306491081558892, 'FCD/TestSF': 12.382084685125264, 'SNN/TestSF': 0.5005767935571794, 'Frag/TestSF': 0.8987531031445749, 'Scaf/TestSF': 0.06785987718403508, 'IntDiv': 0.8475827477477067, 'IntDiv2': 0.8383351347883725, 'Filters': 0.9646550393579256, 'logP': 0.283341962663476, 'SA': 0.04355832188447002, 'QED': 0.01457814028265296, 'weight': 16.385568511833075, 'Novelty': 0.9331082627603571}
Epoch: 98:
	Train Loss: 0.296 --- Reconstruction Loss: 0.282 --- KL Loss: 13.724 --- Beta: 0.001000
	Validity: 0.65% --- Uniquene@1000: 0.99% --- Unique@10000: 0.94%

{'valid': 0.6912666666666667, 'unique@1000': 0.991, 'unique@10000': 0.9399, 'FCD/Test': 11.777690911291671, 'SNN/Test': 0.5359311752543694, 'Frag/Test': 0.9092723149834897, 'Scaf/Test': 0.32277587616444137, 'FCD/TestSF': 12.323143233240572, 'SNN/TestSF': 0.49924923793416964, 'Frag/TestSF': 0.9044465989806033, 'Scaf/TestSF': 0.07280667095149096, 'IntDiv': 0.8482207739804901, 'IntDiv2': 0.8389557273187811, 'Filters': 0.9630147555212654, 'logP': 0.17748057251242108, 'SA': 0.04388663548664364, 'QED': 0.015156893810019759, 'weight': 18.582915863527035, 'Novelty': 0.9342667171198443}
Epoch: 99:
	Train Loss: 0.294 --- Reconstruction Loss: 0.281 --- KL Loss: 13.714 --- Beta: 0.001000
	Validity: 0.69% --- Uniquene@1000: 0.99% --- Unique@10000: 0.94%

{'valid': 0.6201666666666666, 'unique@1000': 0.993, 'unique@10000': 0.9422, 'FCD/Test': 12.238883533972995, 'SNN/Test': 0.5215702767911633, 'Frag/Test': 0.8682886174448272, 'Scaf/Test': 0.2847199728416361, 'FCD/TestSF': 12.634533387510842, 'SNN/TestSF': 0.48459627894713203, 'Frag/TestSF': 0.8667724789213807, 'Scaf/TestSF': 0.059336122222217846, 'IntDiv': 0.8545287793061044, 'IntDiv2': 0.84545867226367, 'Filters': 0.9659231389411449, 'logP': 0.3584040851289939, 'SA': 0.01758822680789468, 'QED': 0.012635320661243104, 'weight': 17.694227055154215, 'Novelty': 0.9401218862789185}
Epoch: 100:
	Train Loss: 0.294 --- Reconstruction Loss: 0.280 --- KL Loss: 13.729 --- Beta: 0.001000
	Validity: 0.62% --- Uniquene@1000: 0.99% --- Unique@10000: 0.94%

