2024-02-15 07:52:59.474066: E external/local_xla/xla/stream_executor/cuda/cuda_dnn.cc:9261] Unable to register cuDNN factory: Attempting to register factory for plugin cuDNN when one has already been registered
2024-02-15 07:52:59.474121: E external/local_xla/xla/stream_executor/cuda/cuda_fft.cc:607] Unable to register cuFFT factory: Attempting to register factory for plugin cuFFT when one has already been registered
2024-02-15 07:52:59.475706: E external/local_xla/xla/stream_executor/cuda/cuda_blas.cc:1515] Unable to register cuBLAS factory: Attempting to register factory for plugin cuBLAS when one has already been registered
2024-02-15 07:52:59.481910: I tensorflow/core/platform/cpu_feature_guard.cc:182] This TensorFlow binary is optimized to use available CPU instructions in performance-critical operations.
To enable the following instructions: AVX2 FMA, in other operations, rebuild TensorFlow with the appropriate compiler flags.
2024-02-15 07:53:00.363237: W tensorflow/compiler/tf2tensorrt/utils/py_utils.cc:38] TF-TRT Warning: Could not find TensorRT

Arguments:
	data_path: data/moses_train.txt
	max_len: 30
	batch: 128
	d_model: 512
	d_latent: 256
	d_ff: 1024
	e_heads: 1
	d_heads: 8
	n_layers: 6
	dropout: 0.5
	lr: 0.0005
	n_epochs: 80
	kl_type: monotonic
	kl_w_start: 0.0001
	kl_w_end: 0.0005
	kl_cycle: 4
	kl_ratio: 0.9
	save_name: klcompare

Number of data: 88192

SMILES Vocab:
	 {'<START>': 0, '<END>': 1, '<PAD>': 2, 'C': 3, 'O': 4, 'c': 5, '1': 6, '(': 7, '=': 8, ')': 9, 'N': 10, 'n': 11, '2': 12, 'F': 13, 'Cl': 14, 'Br': 15, '#': 16, '3': 17, 'S': 18, 'o': 19, '-': 20, 's': 21, '[nH]': 22, '4': 23}

Graph Vocab:
	 {'C': 0, 'O': 1, 'N': 2, 'F': 3, 'Cl': 4, 'Br': 5, 'S': 6}


KL Annealer: [0.0001, 0.000105, 0.00011, 0.000115, 0.00012, 0.000125, 0.00013000000000000002, 0.000135, 0.00014000000000000001, 0.000145, 0.00015000000000000001, 0.000155, 0.00016, 0.000165, 0.00017, 0.00017500000000000003, 0.00018, 0.000185, 0.00019, 0.00019500000000000002, 0.0002, 0.000205, 0.00021, 0.00021500000000000002, 0.00022000000000000003, 0.000225, 0.00023, 0.00023500000000000002, 0.00024000000000000003, 0.000245, 0.00025, 0.000255, 0.00026000000000000003, 0.00026500000000000004, 0.00027, 0.000275, 0.00028000000000000003, 0.00028500000000000004, 0.00029, 0.000295, 0.00030000000000000003, 0.00030500000000000004, 0.00031, 0.000315, 0.00032, 0.00032500000000000004, 0.00033, 0.000335, 0.00034, 0.00034500000000000004, 0.00035, 0.000355, 0.00036, 0.00036500000000000004, 0.00037, 0.000375, 0.00038, 0.00038500000000000003, 0.00039, 0.000395, 0.0004, 0.00040500000000000003, 0.00041, 0.000415, 0.00042, 0.00042500000000000003, 0.00043000000000000004, 0.000435, 0.00044, 0.00044500000000000003, 0.00045000000000000004, 0.000455, 0.00046, 0.000465, 0.00047000000000000004, 0.000475, 0.00048, 0.000485, 0.0004900000000000001, 0.000495]




#########################################################################
######################### START TRAINING ################################
#########################################################################




{'valid': 0.6322666666666666, 'unique@1000': 0.815, 'unique@10000': 0.4754, 'FCD/Test': 23.196601713810367, 'SNN/Test': 0.6070695662574834, 'Frag/Test': 0.8618808266923308, 'Scaf/Test': 0.29104600695549965, 'FCD/TestSF': 24.39044418037618, 'SNN/TestSF': 0.5158512486244671, 'Frag/TestSF': 0.848832609071858, 'Scaf/TestSF': 0.020120904614093327, 'IntDiv': 0.7624330572022504, 'IntDiv2': 0.7475455790294239, 'Filters': 0.9875052720371151, 'logP': 0.589996531011711, 'SA': 0.25211566891611015, 'QED': 0.07285375249308329, 'weight': 5.501752869408776, 'Novelty': 0.9313494809688582}
Epoch: 31:
	Train Loss: 0.445 --- Reconstruction Loss: 0.435 --- KL Loss: 42.384 --- Beta: 0.000250
	Validity: 0.63% --- Uniquene@1000: 0.81% --- Unique@10000: 0.48%

{'valid': 0.5996, 'unique@1000': 0.824, 'unique@10000': 0.5166, 'FCD/Test': 22.68618868148615, 'SNN/Test': 0.6105370844801532, 'Frag/Test': 0.9027138453538625, 'Scaf/Test': 0.12377198539627576, 'FCD/TestSF': 23.62037885992902, 'SNN/TestSF': 0.5211284426362985, 'Frag/TestSF': 0.8925036802698423, 'Scaf/TestSF': 0.014801671155362128, 'IntDiv': 0.7731346842753372, 'IntDiv2': 0.7594139718060532, 'Filters': 0.9888258839226151, 'logP': 0.5343111189537811, 'SA': 0.256177645125098, 'QED': 0.026820974834430373, 'weight': 6.824553279659566, 'Novelty': 0.9293386825417368}
Epoch: 32:
	Train Loss: 0.438 --- Reconstruction Loss: 0.428 --- KL Loss: 40.233 --- Beta: 0.000255
	Validity: 0.60% --- Uniquene@1000: 0.82% --- Unique@10000: 0.52%

{'valid': 0.6332, 'unique@1000': 0.872, 'unique@10000': 0.5534, 'FCD/Test': 20.07579845283629, 'SNN/Test': 0.5962333435819861, 'Frag/Test': 0.9171900085456478, 'Scaf/Test': 0.18659073623163103, 'FCD/TestSF': 20.968610959368796, 'SNN/TestSF': 0.5241859650333873, 'Frag/TestSF': 0.908908382175854, 'Scaf/TestSF': 0.06051879957782136, 'IntDiv': 0.7902989838043064, 'IntDiv2': 0.7775712191772066, 'Filters': 0.9872078332280481, 'logP': 0.43377749545998995, 'SA': 0.21205797268055432, 'QED': 0.027993143910256067, 'weight': 9.172074058371114, 'Novelty': 0.939664038395612}
Epoch: 33:
	Train Loss: 0.434 --- Reconstruction Loss: 0.423 --- KL Loss: 39.023 --- Beta: 0.000260
	Validity: 0.63% --- Uniquene@1000: 0.87% --- Unique@10000: 0.55%

{'valid': 0.4566, 'unique@1000': 0.898, 'unique@10000': 0.608, 'FCD/Test': 19.40156980230909, 'SNN/Test': 0.5850047772764673, 'Frag/Test': 0.8939045619078447, 'Scaf/Test': 0.1804973550766764, 'FCD/TestSF': 20.4192290480144, 'SNN/TestSF': 0.5098561906602666, 'Frag/TestSF': 0.8838110334603839, 'Scaf/TestSF': 0.03248241006230901, 'IntDiv': 0.798010684294665, 'IntDiv2': 0.7850184270318974, 'Filters': 0.9821871806103081, 'logP': 0.5173992251287972, 'SA': 0.18021668340329852, 'QED': 0.027390195713816883, 'weight': 12.039662694294556, 'Novelty': 0.9323829453308919}
Epoch: 34:
	Train Loss: 0.428 --- Reconstruction Loss: 0.418 --- KL Loss: 37.772 --- Beta: 0.000265
	Validity: 0.46% --- Uniquene@1000: 0.90% --- Unique@10000: 0.61%

{'valid': 0.4630333333333333, 'unique@1000': 0.894, 'unique@10000': 0.5974, 'FCD/Test': 21.396599012783014, 'SNN/Test': 0.5798676791679661, 'Frag/Test': 0.8953498315701659, 'Scaf/Test': 0.1800551366269908, 'FCD/TestSF': 22.533672192723486, 'SNN/TestSF': 0.5082631204836433, 'Frag/TestSF': 0.8852169562428094, 'Scaf/TestSF': 0.02969251858842592, 'IntDiv': 0.788309361650571, 'IntDiv2': 0.7745852866476413, 'Filters': 0.9823626808725073, 'logP': 0.6536209497209938, 'SA': 0.19544964235008605, 'QED': 0.034367677823059835, 'weight': 10.272600766657927, 'Novelty': 0.9489434308964431}
Epoch: 35:
	Train Loss: 0.422 --- Reconstruction Loss: 0.412 --- KL Loss: 36.369 --- Beta: 0.000270
	Validity: 0.46% --- Uniquene@1000: 0.89% --- Unique@10000: 0.60%

{'valid': 0.4511666666666667, 'unique@1000': 0.88, 'unique@10000': 0.6117, 'FCD/Test': 16.731327475457704, 'SNN/Test': 0.5789870600133177, 'Frag/Test': 0.9386117529166998, 'Scaf/Test': 0.24488936949330398, 'FCD/TestSF': 17.641070795599987, 'SNN/TestSF': 0.5149861455415068, 'Frag/TestSF': 0.9306708222602368, 'Scaf/TestSF': 0.025520379570301066, 'IntDiv': 0.8124067177042157, 'IntDiv2': 0.8001351214180518, 'Filters': 0.9821943110454378, 'logP': 0.45113267216369946, 'SA': 0.1881197431734411, 'QED': 0.02521282961349461, 'weight': 18.457198586429914, 'Novelty': 0.9312100248009398}
Epoch: 36:
	Train Loss: 0.417 --- Reconstruction Loss: 0.407 --- KL Loss: 35.299 --- Beta: 0.000275
	Validity: 0.45% --- Uniquene@1000: 0.88% --- Unique@10000: 0.61%

{'valid': 0.48740000000000006, 'unique@1000': 0.874, 'unique@10000': 0.5961, 'FCD/Test': 18.744306351698583, 'SNN/Test': 0.5933811869510481, 'Frag/Test': 0.9268390742983107, 'Scaf/Test': 0.2624369523461867, 'FCD/TestSF': 19.590342381299145, 'SNN/TestSF': 0.5261250555845475, 'Frag/TestSF': 0.9200890015530943, 'Scaf/TestSF': 0.020928307572422367, 'IntDiv': 0.8046559415058774, 'IntDiv2': 0.7917044827768073, 'Filters': 0.98680071125701, 'logP': 0.5318290186353242, 'SA': 0.24165389394357922, 'QED': 0.023470538908051168, 'weight': 15.391072497790306, 'Novelty': 0.9291525848041057}
Epoch: 37:
	Train Loss: 0.412 --- Reconstruction Loss: 0.402 --- KL Loss: 33.986 --- Beta: 0.000280
	Validity: 0.49% --- Uniquene@1000: 0.87% --- Unique@10000: 0.60%

{'valid': 0.6096333333333334, 'unique@1000': 0.914, 'unique@10000': 0.6744, 'FCD/Test': 17.431297975373695, 'SNN/Test': 0.5923791207261927, 'Frag/Test': 0.9300547492591037, 'Scaf/Test': 0.273289107134578, 'FCD/TestSF': 18.189801950892345, 'SNN/TestSF': 0.5324811514307511, 'Frag/TestSF': 0.9223647532275361, 'Scaf/TestSF': 0.10031066596577498, 'IntDiv': 0.806994015494132, 'IntDiv2': 0.7955054715636126, 'Filters': 0.9860025151730548, 'logP': 0.49858009554588845, 'SA': 0.26606411510775113, 'QED': 0.020261716591400997, 'weight': 14.025467101667918, 'Novelty': 0.9217840982546864}
Epoch: 38:
	Train Loss: 0.407 --- Reconstruction Loss: 0.398 --- KL Loss: 33.047 --- Beta: 0.000285
	Validity: 0.61% --- Uniquene@1000: 0.91% --- Unique@10000: 0.67%

{'valid': 0.5463333333333333, 'unique@1000': 0.92, 'unique@10000': 0.6668, 'FCD/Test': 17.7683704688302, 'SNN/Test': 0.5889558229043107, 'Frag/Test': 0.9371102177665341, 'Scaf/Test': 0.2004958815045551, 'FCD/TestSF': 18.554937499591247, 'SNN/TestSF': 0.5314289895061897, 'Frag/TestSF': 0.929538806002643, 'Scaf/TestSF': 0.03130667784904195, 'IntDiv': 0.8050550809670978, 'IntDiv2': 0.7939050509236572, 'Filters': 0.9841976815131177, 'logP': 0.5537028622741706, 'SA': 0.2472256808322759, 'QED': 0.022483258657879118, 'weight': 19.027084203704714, 'Novelty': 0.9244245263801182}
Epoch: 39:
	Train Loss: 0.402 --- Reconstruction Loss: 0.392 --- KL Loss: 32.336 --- Beta: 0.000290
	Validity: 0.55% --- Uniquene@1000: 0.92% --- Unique@10000: 0.67%

{'valid': 0.51, 'unique@1000': 0.929, 'unique@10000': 0.7164, 'FCD/Test': 15.619848279520511, 'SNN/Test': 0.5814935158719035, 'Frag/Test': 0.9354634369591933, 'Scaf/Test': 0.23900807643317679, 'FCD/TestSF': 16.347815708048046, 'SNN/TestSF': 0.517093889244826, 'Frag/TestSF': 0.92747302195142, 'Scaf/TestSF': 0.026114822748972366, 'IntDiv': 0.8103896793604295, 'IntDiv2': 0.7988410968397159, 'Filters': 0.9783006535947713, 'logP': 0.5112734371921986, 'SA': 0.19731606567572124, 'QED': 0.025265288407145082, 'weight': 11.336098367389516, 'Novelty': 0.932542845755281}
Epoch: 40:
	Train Loss: 0.397 --- Reconstruction Loss: 0.388 --- KL Loss: 31.291 --- Beta: 0.000295
	Validity: 0.51% --- Uniquene@1000: 0.93% --- Unique@10000: 0.72%

{'valid': 0.47230000000000005, 'unique@1000': 0.954, 'unique@10000': 0.7759, 'FCD/Test': 15.40216676389057, 'SNN/Test': 0.5649475706013587, 'Frag/Test': 0.9352843777539904, 'Scaf/Test': 0.31516808288705656, 'FCD/TestSF': 16.303809174523565, 'SNN/TestSF': 0.5046925057067272, 'Frag/TestSF': 0.9274657975696443, 'Scaf/TestSF': 0.03734753243435196, 'IntDiv': 0.822674084199244, 'IntDiv2': 0.8125183757654434, 'Filters': 0.9803091255557909, 'logP': 0.40320010598194034, 'SA': 0.10982580664829068, 'QED': 0.013757082081715359, 'weight': 17.586698385639632, 'Novelty': 0.9380403458213257}
Epoch: 41:
	Train Loss: 0.392 --- Reconstruction Loss: 0.383 --- KL Loss: 30.558 --- Beta: 0.000300
	Validity: 0.47% --- Uniquene@1000: 0.95% --- Unique@10000: 0.78%

{'valid': 0.6071666666666666, 'unique@1000': 0.956, 'unique@10000': 0.7564, 'FCD/Test': 15.982826134663213, 'SNN/Test': 0.5807281432319008, 'Frag/Test': 0.9528630089174062, 'Scaf/Test': 0.23981518428321869, 'FCD/TestSF': 16.704193524377757, 'SNN/TestSF': 0.5231662982281767, 'Frag/TestSF': 0.9454706784503466, 'Scaf/TestSF': 0.05324145882693743, 'IntDiv': 0.8146337851885934, 'IntDiv2': 0.8045484701604064, 'Filters': 0.9754048860828987, 'logP': 0.452855316727747, 'SA': 0.22422797431208116, 'QED': 0.017318529511707682, 'weight': 17.32275268634075, 'Novelty': 0.9236665859759542}
Epoch: 42:
	Train Loss: 0.388 --- Reconstruction Loss: 0.379 --- KL Loss: 29.793 --- Beta: 0.000305
	Validity: 0.61% --- Uniquene@1000: 0.96% --- Unique@10000: 0.76%

{'valid': 0.5660666666666667, 'unique@1000': 0.952, 'unique@10000': 0.7517, 'FCD/Test': 15.692564511238437, 'SNN/Test': 0.5732967100871661, 'Frag/Test': 0.9292655731183708, 'Scaf/Test': 0.3441549548755912, 'FCD/TestSF': 16.468086053983136, 'SNN/TestSF': 0.5109963463295785, 'Frag/TestSF': 0.9208932763647452, 'Scaf/TestSF': 0.03917134902408692, 'IntDiv': 0.821573562946122, 'IntDiv2': 0.8105334513116539, 'Filters': 0.9837474973501354, 'logP': 0.570788883785028, 'SA': 0.18547051909166073, 'QED': 0.020117466603913524, 'weight': 14.850389470162716, 'Novelty': 0.9277720385674931}
Epoch: 43:
	Train Loss: 0.384 --- Reconstruction Loss: 0.375 --- KL Loss: 29.092 --- Beta: 0.000310
	Validity: 0.57% --- Uniquene@1000: 0.95% --- Unique@10000: 0.75%

{'valid': 0.47983333333333333, 'unique@1000': 0.953, 'unique@10000': 0.8045, 'FCD/Test': 14.893683186328772, 'SNN/Test': 0.560344312002817, 'Frag/Test': 0.9349312601343138, 'Scaf/Test': 0.35735492357158316, 'FCD/TestSF': 15.640212938684797, 'SNN/TestSF': 0.5000552526071859, 'Frag/TestSF': 0.9272399408469144, 'Scaf/TestSF': 0.0444154817157949, 'IntDiv': 0.8304062351748176, 'IntDiv2': 0.8198738631434631, 'Filters': 0.9701979854116013, 'logP': 0.38720477444796375, 'SA': 0.0926989287611631, 'QED': 0.019108300524451883, 'weight': 18.91992576869237, 'Novelty': 0.9243980009086779}
Epoch: 44:
	Train Loss: 0.380 --- Reconstruction Loss: 0.371 --- KL Loss: 28.450 --- Beta: 0.000315
	Validity: 0.48% --- Uniquene@1000: 0.95% --- Unique@10000: 0.80%

{'valid': 0.5746, 'unique@1000': 0.96, 'unique@10000': 0.7907, 'FCD/Test': 14.964079056864897, 'SNN/Test': 0.5792595719427392, 'Frag/Test': 0.9244247896152081, 'Scaf/Test': 0.3330448164696411, 'FCD/TestSF': 15.729701006239814, 'SNN/TestSF': 0.5167878492949166, 'Frag/TestSF': 0.9161015905726718, 'Scaf/TestSF': 0.04135791884315165, 'IntDiv': 0.8230210065617134, 'IntDiv2': 0.8125347557686509, 'Filters': 0.9809722705650308, 'logP': 0.34591963425488653, 'SA': 0.17968551139189182, 'QED': 0.013680777024181268, 'weight': 21.38125527040816, 'Novelty': 0.9222079794904663}
Epoch: 45:
	Train Loss: 0.376 --- Reconstruction Loss: 0.367 --- KL Loss: 27.979 --- Beta: 0.000320
	Validity: 0.57% --- Uniquene@1000: 0.96% --- Unique@10000: 0.79%

{'valid': 0.4746, 'unique@1000': 0.952, 'unique@10000': 0.8027, 'FCD/Test': 15.74321406326007, 'SNN/Test': 0.5540876163389261, 'Frag/Test': 0.9183718392476699, 'Scaf/Test': 0.2793860683917839, 'FCD/TestSF': 16.948130668224294, 'SNN/TestSF': 0.4876634822327663, 'Frag/TestSF': 0.9067432630848936, 'Scaf/TestSF': 0.0329342686310965, 'IntDiv': 0.8234133021673125, 'IntDiv2': 0.8129877447958677, 'Filters': 0.9757690686894227, 'logP': 0.29545438152351355, 'SA': 0.09163791431765592, 'QED': 0.010807711118321711, 'weight': 22.24098718476977, 'Novelty': 0.9370057016737171}
Epoch: 46:
	Train Loss: 0.373 --- Reconstruction Loss: 0.364 --- KL Loss: 27.591 --- Beta: 0.000325
	Validity: 0.47% --- Uniquene@1000: 0.95% --- Unique@10000: 0.80%

{'valid': 0.5197666666666667, 'unique@1000': 0.974, 'unique@10000': 0.8433, 'FCD/Test': 14.901570725371172, 'SNN/Test': 0.5384283215982937, 'Frag/Test': 0.9205766577196229, 'Scaf/Test': 0.2506640237003954, 'FCD/TestSF': 15.930304302807244, 'SNN/TestSF': 0.4774125685504071, 'Frag/TestSF': 0.910041366702588, 'Scaf/TestSF': 0.036999940091358874, 'IntDiv': 0.8306641811544265, 'IntDiv2': 0.8200093338933327, 'Filters': 0.9754376964022318, 'logP': 0.28336793214167155, 'SA': 0.05006827782429875, 'QED': 0.019965234748868646, 'weight': 27.63826714906441, 'Novelty': 0.9472962066182405}
Epoch: 47:
	Train Loss: 0.368 --- Reconstruction Loss: 0.359 --- KL Loss: 27.112 --- Beta: 0.000330
	Validity: 0.52% --- Uniquene@1000: 0.97% --- Unique@10000: 0.84%

slurmstepd: error: *** JOB 8257240 ON hpctpa3pc0017 CANCELLED AT 2024-02-15T10:04:48 ***
