2024-02-15 02:31:21.103967: E external/local_xla/xla/stream_executor/cuda/cuda_dnn.cc:9261] Unable to register cuDNN factory: Attempting to register factory for plugin cuDNN when one has already been registered
2024-02-15 02:31:21.104056: E external/local_xla/xla/stream_executor/cuda/cuda_fft.cc:607] Unable to register cuFFT factory: Attempting to register factory for plugin cuFFT when one has already been registered
2024-02-15 02:31:21.104718: E external/local_xla/xla/stream_executor/cuda/cuda_blas.cc:1515] Unable to register cuBLAS factory: Attempting to register factory for plugin cuBLAS when one has already been registered
2024-02-15 02:31:21.108639: I tensorflow/core/platform/cpu_feature_guard.cc:182] This TensorFlow binary is optimized to use available CPU instructions in performance-critical operations.
To enable the following instructions: AVX2 FMA, in other operations, rebuild TensorFlow with the appropriate compiler flags.
2024-02-15 02:31:21.940364: W tensorflow/compiler/tf2tensorrt/utils/py_utils.cc:38] TF-TRT Warning: Could not find TensorRT

Arguments:
	data_path: data/moses_train.txt
	max_len: 30
	batch: 128
	d_model: 512
	d_latent: 256
	d_ff: 1024
	e_heads: 1
	d_heads: 8
	n_layers: 6
	dropout: 0.5
	lr: 0.0005
	n_epochs: 100
	kl_type: cyclic
	kl_w_start: 0.0001
	kl_w_end: 0.0005
	kl_cycle: 2
	kl_ratio: 0.5
	save_name: klcompare

Number of data: 88192

SMILES Vocab:
	 {'<START>': 0, '<END>': 1, '<PAD>': 2, 'C': 3, 'O': 4, 'c': 5, '1': 6, '(': 7, '=': 8, ')': 9, 'N': 10, 'n': 11, '2': 12, 'F': 13, 'Cl': 14, 'Br': 15, '#': 16, '3': 17, 'S': 18, 'o': 19, '-': 20, 's': 21, '[nH]': 22, '4': 23}

Graph Vocab:
	 {'C': 0, 'O': 1, 'N': 2, 'F': 3, 'Cl': 4, 'Br': 5, 'S': 6}


KL Annealer: [0.0001   0.000116 0.000132 0.000148 0.000164 0.00018  0.000196 0.000212
 0.000228 0.000244 0.00026  0.000276 0.000292 0.000308 0.000324 0.00034
 0.000356 0.000372 0.000388 0.000404 0.00042  0.000436 0.000452 0.000468
 0.000484 0.0005   0.0005   0.0005   0.0005   0.0005   0.0005   0.0005
 0.0005   0.0005   0.0005   0.0005   0.0005   0.0005   0.0005   0.0005
 0.0005   0.0005   0.0005   0.0005   0.0005   0.0005   0.0005   0.0005
 0.0005   0.0005   0.0001   0.000116 0.000132 0.000148 0.000164 0.00018
 0.000196 0.000212 0.000228 0.000244 0.00026  0.000276 0.000292 0.000308
 0.000324 0.00034  0.000356 0.000372 0.000388 0.000404 0.00042  0.000436
 0.000452 0.000468 0.000484 0.0005   0.0005   0.0005   0.0005   0.0005
 0.0005   0.0005   0.0005   0.0005   0.0005   0.0005   0.0005   0.0005
 0.0005   0.0005   0.0005   0.0005   0.0005   0.0005   0.0005   0.0005
 0.0005   0.0005   0.0005   0.0005  ]




#########################################################################
######################### START TRAINING ################################
#########################################################################




{'valid': 0.3492666666666666, 'unique@1000': 0.807, 'unique@10000': 0.4772, 'FCD/Test': 19.507820923632153, 'SNN/Test': 0.6067576331420126, 'Frag/Test': 0.8751119572460503, 'Scaf/Test': 0.3070514222677073, 'FCD/TestSF': 20.51414181385119, 'SNN/TestSF': 0.53210307518918, 'Frag/TestSF': 0.864010187280871, 'Scaf/TestSF': 0.05434953412213317, 'IntDiv': 0.7882839934916883, 'IntDiv2': 0.773812621912187, 'Filters': 0.9828211490742508, 'logP': 0.39278662653123514, 'SA': 0.2284566554438095, 'QED': 0.04345384871582461, 'weight': 9.9447662042335, 'Novelty': 0.9254216622637675}
Epoch: 31:
	Train Loss: 0.454 --- Reconstruction Loss: 0.443 --- KL Loss: 22.720 --- Beta: 0.000500
	Validity: 0.35% --- Uniquene@1000: 0.81% --- Unique@10000: 0.48%

/home/80027464/graphvae/metrics.py:527: UserWarning: Can't compute unique@10000.gen contains only 5936 molecules
  warnings.warn(
{'valid': 0.19786666666666664, 'unique@1000': 0.748, 'unique@10000': 0.5149932614555256, 'FCD/Test': 20.017731705506414, 'SNN/Test': 0.56150016126366, 'Frag/Test': 0.8688898678565767, 'Scaf/Test': 0.1498779621095554, 'FCD/TestSF': 20.49792928287316, 'SNN/TestSF': 0.5101134048252696, 'Frag/TestSF': 0.8597853834534902, 'Scaf/TestSF': 0.020760398735758634, 'IntDiv': 0.7899927011731638, 'IntDiv2': 0.771782881430524, 'Filters': 0.9464285714285714, 'logP': 0.4093803664576205, 'SA': 0.11605516996395589, 'QED': 0.05661909186230804, 'weight': 6.404876471793355, 'Novelty': 0.9456983971213608}
Epoch: 32:
	Train Loss: 0.448 --- Reconstruction Loss: 0.438 --- KL Loss: 21.428 --- Beta: 0.000500
	Validity: 0.20% --- Uniquene@1000: 0.75% --- Unique@10000: 0.51%

{'valid': 0.5390333333333333, 'unique@1000': 0.896, 'unique@10000': 0.5925, 'FCD/Test': 21.222571072133185, 'SNN/Test': 0.597978382749804, 'Frag/Test': 0.8761397159369275, 'Scaf/Test': 0.35328537348306666, 'FCD/TestSF': 22.39302462370067, 'SNN/TestSF': 0.5141063805476728, 'Frag/TestSF': 0.8639642713632493, 'Scaf/TestSF': 0.07640439040083857, 'IntDiv': 0.7799496863635111, 'IntDiv2': 0.7669643397570625, 'Filters': 0.9872611464968153, 'logP': 0.34723911757210285, 'SA': 0.21173818331807026, 'QED': 0.06397608721721006, 'weight': 5.1794047272823915, 'Novelty': 0.9492276374086935}
Epoch: 33:
	Train Loss: 0.444 --- Reconstruction Loss: 0.434 --- KL Loss: 20.931 --- Beta: 0.000500
	Validity: 0.54% --- Uniquene@1000: 0.90% --- Unique@10000: 0.59%

/home/80027464/graphvae/metrics.py:527: UserWarning: Can't compute unique@10000.gen contains only 9563 molecules
  warnings.warn(
{'valid': 0.31876666666666664, 'unique@1000': 0.876, 'unique@10000': 0.6038899926801213, 'FCD/Test': 18.47597479104644, 'SNN/Test': 0.5683649033697582, 'Frag/Test': 0.8304415755870026, 'Scaf/Test': 0.22822982576456485, 'FCD/TestSF': 19.427343117308496, 'SNN/TestSF': 0.5056920174486303, 'Frag/TestSF': 0.8182362767943321, 'Scaf/TestSF': 0.050388623340230865, 'IntDiv': 0.7939055762552061, 'IntDiv2': 0.7801096349345391, 'Filters': 0.9720798912475165, 'logP': 0.4420079251297718, 'SA': 0.11267138452882541, 'QED': 0.0773022940462057, 'weight': 5.121492527447794, 'Novelty': 0.9487445887445888}
Epoch: 34:
	Train Loss: 0.439 --- Reconstruction Loss: 0.429 --- KL Loss: 20.320 --- Beta: 0.000500
	Validity: 0.32% --- Uniquene@1000: 0.88% --- Unique@10000: 0.60%

/home/80027464/graphvae/metrics.py:527: UserWarning: Can't compute unique@10000.gen contains only 6929 molecules
  warnings.warn(
{'valid': 0.23096666666666665, 'unique@1000': 0.847, 'unique@10000': 0.5922932602107086, 'FCD/Test': 18.448228085804928, 'SNN/Test': 0.5311372745542888, 'Frag/Test': 0.87413006502232, 'Scaf/Test': 0.142891013567632, 'FCD/TestSF': 18.906016615090948, 'SNN/TestSF': 0.48361174716227223, 'Frag/TestSF': 0.8655360826916314, 'Scaf/TestSF': 0.03429001794829567, 'IntDiv': 0.8143047584382751, 'IntDiv2': 0.7986630670062729, 'Filters': 0.8191658247943426, 'logP': 0.5351655952907146, 'SA': 0.09547881515204022, 'QED': 0.049478615400128864, 'weight': 5.220678364664027, 'Novelty': 0.9612573099415205}
Epoch: 35:
	Train Loss: 0.434 --- Reconstruction Loss: 0.424 --- KL Loss: 19.691 --- Beta: 0.000500
	Validity: 0.23% --- Uniquene@1000: 0.85% --- Unique@10000: 0.59%

{'valid': 0.45599999999999996, 'unique@1000': 0.906, 'unique@10000': 0.6536, 'FCD/Test': 17.49384228892363, 'SNN/Test': 0.588519464813347, 'Frag/Test': 0.8981555284278974, 'Scaf/Test': 0.29060686788557466, 'FCD/TestSF': 18.51516428079006, 'SNN/TestSF': 0.5152012280880185, 'Frag/TestSF': 0.885497490952172, 'Scaf/TestSF': 0.05104271608948385, 'IntDiv': 0.8013794169552019, 'IntDiv2': 0.7893661510133307, 'Filters': 0.9804093567251462, 'logP': 0.2689987980032918, 'SA': 0.17595871131899168, 'QED': 0.046141654857774994, 'weight': 8.375520176308797, 'Novelty': 0.9346709662008837}
Epoch: 36:
	Train Loss: 0.431 --- Reconstruction Loss: 0.421 --- KL Loss: 19.323 --- Beta: 0.000500
	Validity: 0.46% --- Uniquene@1000: 0.91% --- Unique@10000: 0.65%

{'valid': 0.46719999999999995, 'unique@1000': 0.927, 'unique@10000': 0.6909, 'FCD/Test': 18.13164944366624, 'SNN/Test': 0.5834242298765338, 'Frag/Test': 0.8834606856622773, 'Scaf/Test': 0.2261390056016711, 'FCD/TestSF': 19.136720162891592, 'SNN/TestSF': 0.505268652210029, 'Frag/TestSF': 0.8714957758059677, 'Scaf/TestSF': 0.023840812238892672, 'IntDiv': 0.8041606095502272, 'IntDiv2': 0.7918985944449073, 'Filters': 0.9779537671232876, 'logP': 0.34554908680105684, 'SA': 0.17956015471795805, 'QED': 0.04975062883457615, 'weight': 6.39012344623254, 'Novelty': 0.9392996108949416}
Epoch: 37:
	Train Loss: 0.426 --- Reconstruction Loss: 0.416 --- KL Loss: 18.904 --- Beta: 0.000500
	Validity: 0.47% --- Uniquene@1000: 0.93% --- Unique@10000: 0.69%

{'valid': 0.5025666666666666, 'unique@1000': 0.929, 'unique@10000': 0.7111, 'FCD/Test': 17.475185987751786, 'SNN/Test': 0.5797195712905858, 'Frag/Test': 0.8770546431121566, 'Scaf/Test': 0.23129033629836304, 'FCD/TestSF': 18.34698356654603, 'SNN/TestSF': 0.5085900618300685, 'Frag/TestSF': 0.8645106445617209, 'Scaf/TestSF': 0.04660821037319063, 'IntDiv': 0.8067715100519466, 'IntDiv2': 0.7946929831661722, 'Filters': 0.97632154937985, 'logP': 0.3361726087868835, 'SA': 0.1748448041335493, 'QED': 0.053366314444463034, 'weight': 5.404888280387713, 'Novelty': 0.9398344437714516}
Epoch: 38:
	Train Loss: 0.422 --- Reconstruction Loss: 0.413 --- KL Loss: 18.888 --- Beta: 0.000500
	Validity: 0.50% --- Uniquene@1000: 0.93% --- Unique@10000: 0.71%

/home/80027464/graphvae/metrics.py:527: UserWarning: Can't compute unique@10000.gen contains only 8943 molecules
  warnings.warn(
{'valid': 0.29810000000000003, 'unique@1000': 0.908, 'unique@10000': 0.6807558984680756, 'FCD/Test': 16.692414064779413, 'SNN/Test': 0.5374994011406102, 'Frag/Test': 0.8936934257174655, 'Scaf/Test': 0.19929375428772989, 'FCD/TestSF': 16.975644435278944, 'SNN/TestSF': 0.4921413028578783, 'Frag/TestSF': 0.8847220995730767, 'Scaf/TestSF': 0.024242605537205364, 'IntDiv': 0.8232544146859838, 'IntDiv2': 0.8112049583444929, 'Filters': 0.8478139326847814, 'logP': 0.3325466853902108, 'SA': 0.08574572899826322, 'QED': 0.027293431957638614, 'weight': 7.753097531521229, 'Novelty': 0.9459592641261498}
Epoch: 39:
	Train Loss: 0.418 --- Reconstruction Loss: 0.408 --- KL Loss: 18.872 --- Beta: 0.000500
	Validity: 0.30% --- Uniquene@1000: 0.91% --- Unique@10000: 0.68%

{'valid': 0.4375, 'unique@1000': 0.93, 'unique@10000': 0.7368, 'FCD/Test': 15.807887474984476, 'SNN/Test': 0.5814240531206131, 'Frag/Test': 0.9099591389421063, 'Scaf/Test': 0.24331728685235543, 'FCD/TestSF': 16.667794438566503, 'SNN/TestSF': 0.5091151324953351, 'Frag/TestSF': 0.8992819973344798, 'Scaf/TestSF': 0.02522175007844818, 'IntDiv': 0.8138942069320436, 'IntDiv2': 0.8018401733553151, 'Filters': 0.9820952380952381, 'logP': 0.36269041842434463, 'SA': 0.15101560497713373, 'QED': 0.04263329328867232, 'weight': 7.603725607917461, 'Novelty': 0.942752214301145}
Epoch: 40:
	Train Loss: 0.413 --- Reconstruction Loss: 0.403 --- KL Loss: 18.861 --- Beta: 0.000500
	Validity: 0.44% --- Uniquene@1000: 0.93% --- Unique@10000: 0.74%

{'valid': 0.49950000000000006, 'unique@1000': 0.954, 'unique@10000': 0.7689, 'FCD/Test': 18.21817925889654, 'SNN/Test': 0.5736617938285674, 'Frag/Test': 0.8788140913940408, 'Scaf/Test': 0.2002464778231522, 'FCD/TestSF': 19.449920012855934, 'SNN/TestSF': 0.4912338074044383, 'Frag/TestSF': 0.8645963204675191, 'Scaf/TestSF': 0.0213275255522154, 'IntDiv': 0.803470102270327, 'IntDiv2': 0.7922242795531201, 'Filters': 0.9710377043710378, 'logP': 0.1869965785184566, 'SA': 0.13796591517102264, 'QED': 0.06287053386755129, 'weight': 9.081414774486895, 'Novelty': 0.9493363245466442}
Epoch: 41:
	Train Loss: 0.408 --- Reconstruction Loss: 0.398 --- KL Loss: 18.728 --- Beta: 0.000500
	Validity: 0.50% --- Uniquene@1000: 0.95% --- Unique@10000: 0.77%

{'valid': 0.5386, 'unique@1000': 0.945, 'unique@10000': 0.8041, 'FCD/Test': 15.46119815020436, 'SNN/Test': 0.5647687270198959, 'Frag/Test': 0.9204710284403884, 'Scaf/Test': 0.2549517161554298, 'FCD/TestSF': 16.35279261334452, 'SNN/TestSF': 0.5050199907934744, 'Frag/TestSF': 0.910915072016727, 'Scaf/TestSF': 0.04455860130042577, 'IntDiv': 0.819381132070902, 'IntDiv2': 0.8090827953782963, 'Filters': 0.9717167966332467, 'logP': 0.3305724982111344, 'SA': 0.163522958249384, 'QED': 0.035353256939996525, 'weight': 12.214465206965384, 'Novelty': 0.9454770755885997}
Epoch: 42:
	Train Loss: 0.402 --- Reconstruction Loss: 0.393 --- KL Loss: 18.841 --- Beta: 0.000500
	Validity: 0.54% --- Uniquene@1000: 0.94% --- Unique@10000: 0.80%

{'valid': 0.5757666666666666, 'unique@1000': 0.957, 'unique@10000': 0.8033, 'FCD/Test': 16.288176106276687, 'SNN/Test': 0.5813424512791397, 'Frag/Test': 0.9004977031617724, 'Scaf/Test': 0.24323684230998932, 'FCD/TestSF': 17.339844843809608, 'SNN/TestSF': 0.5143240251702563, 'Frag/TestSF': 0.8895348240585143, 'Scaf/TestSF': 0.05968520342235406, 'IntDiv': 0.8141658819351909, 'IntDiv2': 0.8034458650672228, 'Filters': 0.9786950732356857, 'logP': 0.21107088655327017, 'SA': 0.1792004559646584, 'QED': 0.03517983274029162, 'weight': 14.6702851884469, 'Novelty': 0.927683349071451}
Epoch: 43:
	Train Loss: 0.397 --- Reconstruction Loss: 0.387 --- KL Loss: 18.756 --- Beta: 0.000500
	Validity: 0.58% --- Uniquene@1000: 0.96% --- Unique@10000: 0.80%

{'valid': 0.3727666666666667, 'unique@1000': 0.975, 'unique@10000': 0.8085, 'FCD/Test': 14.750412644914732, 'SNN/Test': 0.551705840073288, 'Frag/Test': 0.9026606844757202, 'Scaf/Test': 0.19937243269364013, 'FCD/TestSF': 15.780865302401907, 'SNN/TestSF': 0.48723849673385455, 'Frag/TestSF': 0.8924123293380108, 'Scaf/TestSF': 0.026923224629261555, 'IntDiv': 0.827229309860933, 'IntDiv2': 0.8165273626367493, 'Filters': 0.9602968791916302, 'logP': 0.17000038089290617, 'SA': 0.06024297359338421, 'QED': 0.02895852708765892, 'weight': 14.883745644071285, 'Novelty': 0.948465157965494}
Epoch: 44:
	Train Loss: 0.393 --- Reconstruction Loss: 0.383 --- KL Loss: 18.669 --- Beta: 0.000500
	Validity: 0.37% --- Uniquene@1000: 0.97% --- Unique@10000: 0.81%

{'valid': 0.4487, 'unique@1000': 0.973, 'unique@10000': 0.7985, 'FCD/Test': 15.576090005297196, 'SNN/Test': 0.5616477542857023, 'Frag/Test': 0.8962722166324081, 'Scaf/Test': 0.2219751745308871, 'FCD/TestSF': 16.536958630428366, 'SNN/TestSF': 0.5046530689715666, 'Frag/TestSF': 0.8864697099147615, 'Scaf/TestSF': 0.023377574852649574, 'IntDiv': 0.8255182618070647, 'IntDiv2': 0.8147734510964298, 'Filters': 0.9468835896292994, 'logP': 0.11928568888475484, 'SA': 0.08154353649033427, 'QED': 0.03730508508767487, 'weight': 20.465764068135858, 'Novelty': 0.9446605718731764}
Epoch: 45:
	Train Loss: 0.389 --- Reconstruction Loss: 0.380 --- KL Loss: 18.626 --- Beta: 0.000500
	Validity: 0.45% --- Uniquene@1000: 0.97% --- Unique@10000: 0.80%

{'valid': 0.35740000000000005, 'unique@1000': 0.96, 'unique@10000': 0.8102, 'FCD/Test': 14.982298499343933, 'SNN/Test': 0.5456945377971294, 'Frag/Test': 0.9034916715593473, 'Scaf/Test': 0.1887154068538185, 'FCD/TestSF': 15.908892725353269, 'SNN/TestSF': 0.4861022476158999, 'Frag/TestSF': 0.8941664943545431, 'Scaf/TestSF': 0.012390646756695878, 'IntDiv': 0.8320457257626055, 'IntDiv2': 0.8209103908282385, 'Filters': 0.9683827644096251, 'logP': 0.25099102626806524, 'SA': 0.039460651568722714, 'QED': 0.0252049953084096, 'weight': 16.297776017353947, 'Novelty': 0.9510749564206856}
Epoch: 46:
	Train Loss: 0.385 --- Reconstruction Loss: 0.375 --- KL Loss: 18.535 --- Beta: 0.000500
	Validity: 0.36% --- Uniquene@1000: 0.96% --- Unique@10000: 0.81%

{'valid': 0.3357, 'unique@1000': 0.972, 'unique@10000': 0.8214, 'FCD/Test': 16.37277339212966, 'SNN/Test': 0.5480007100689436, 'Frag/Test': 0.8857063923329456, 'Scaf/Test': 0.2066260993071386, 'FCD/TestSF': 17.301992717827865, 'SNN/TestSF': 0.48227049979549474, 'Frag/TestSF': 0.8751444878208463, 'Scaf/TestSF': 0.018650310735862763, 'IntDiv': 0.8215410803854695, 'IntDiv2': 0.8097235938127998, 'Filters': 0.9711051534107834, 'logP': 0.23178046458558768, 'SA': 0.06386077868946378, 'QED': 0.04771210854273635, 'weight': 14.28993981119731, 'Novelty': 0.9566005802707931}
Epoch: 47:
	Train Loss: 0.381 --- Reconstruction Loss: 0.372 --- KL Loss: 18.540 --- Beta: 0.000500
	Validity: 0.34% --- Uniquene@1000: 0.97% --- Unique@10000: 0.82%

{'valid': 0.5043, 'unique@1000': 0.965, 'unique@10000': 0.812, 'FCD/Test': 16.254922065231597, 'SNN/Test': 0.5707214860292, 'Frag/Test': 0.8892162240916891, 'Scaf/Test': 0.15634025202079682, 'FCD/TestSF': 17.031176015285737, 'SNN/TestSF': 0.5184572065431668, 'Frag/TestSF': 0.8789296587072288, 'Scaf/TestSF': 0.03597596744820808, 'IntDiv': 0.821722104004827, 'IntDiv2': 0.8103046936279634, 'Filters': 0.9688677374578624, 'logP': 0.13881348475545388, 'SA': 0.11153061947169508, 'QED': 0.03565322029867808, 'weight': 16.63046834747817, 'Novelty': 0.9292623941958887}
Epoch: 48:
	Train Loss: 0.378 --- Reconstruction Loss: 0.369 --- KL Loss: 18.522 --- Beta: 0.000500
	Validity: 0.50% --- Uniquene@1000: 0.96% --- Unique@10000: 0.81%

/home/80027464/graphvae/metrics.py:527: UserWarning: Can't compute unique@10000.gen contains only 8793 molecules
  warnings.warn(
{'valid': 0.2931, 'unique@1000': 0.97, 'unique@10000': 0.8663709769134539, 'FCD/Test': 13.684613805606581, 'SNN/Test': 0.5070505530899544, 'Frag/Test': 0.8879390547068873, 'Scaf/Test': 0.1261571941056998, 'FCD/TestSF': 14.479523130173689, 'SNN/TestSF': 0.4636257279028356, 'Frag/TestSF': 0.8776203327731164, 'Scaf/TestSF': 0.016185121666011493, 'IntDiv': 0.8448214855421003, 'IntDiv2': 0.8344103252191454, 'Filters': 0.9361992494029342, 'logP': 0.144331666560519, 'SA': 0.13247760968685846, 'QED': 0.03631048946601158, 'weight': 23.317840646680708, 'Novelty': 0.9696770805985823}
Epoch: 49:
	Train Loss: 0.375 --- Reconstruction Loss: 0.366 --- KL Loss: 18.653 --- Beta: 0.000500
	Validity: 0.29% --- Uniquene@1000: 0.97% --- Unique@10000: 0.87%

{'valid': 0.39570000000000005, 'unique@1000': 0.971, 'unique@10000': 0.814, 'FCD/Test': 15.395851350763692, 'SNN/Test': 0.5585849120661901, 'Frag/Test': 0.9169545901093273, 'Scaf/Test': 0.19256979385335138, 'FCD/TestSF': 16.352426000429006, 'SNN/TestSF': 0.49429564345943405, 'Frag/TestSF': 0.9063410929658753, 'Scaf/TestSF': 0.018447959139485937, 'IntDiv': 0.8247734058098815, 'IntDiv2': 0.8136153982035088, 'Filters': 0.9666413949962093, 'logP': 0.152686529227933, 'SA': 0.0955375690775283, 'QED': 0.017616733245803436, 'weight': 21.642371884060957, 'Novelty': 0.9421934662706831}
Epoch: 50:
	Train Loss: 0.371 --- Reconstruction Loss: 0.362 --- KL Loss: 18.573 --- Beta: 0.000500
	Validity: 0.40% --- Uniquene@1000: 0.97% --- Unique@10000: 0.81%

{'valid': 0.5761333333333334, 'unique@1000': 0.97, 'unique@10000': 0.8458, 'FCD/Test': 14.854338244275667, 'SNN/Test': 0.5567147015837284, 'Frag/Test': 0.9210466214779963, 'Scaf/Test': 0.26254380573605296, 'FCD/TestSF': 15.759868569717966, 'SNN/TestSF': 0.49900599595722267, 'Frag/TestSF': 0.9120638121766517, 'Scaf/TestSF': 0.039232039146049114, 'IntDiv': 0.8287128008399927, 'IntDiv2': 0.8186755806667051, 'Filters': 0.96783152048137, 'logP': 0.1541371342484189, 'SA': 0.09491579214954225, 'QED': 0.021979104567350936, 'weight': 19.63536467123487, 'Novelty': 0.941844283307698}
Epoch: 51:
	Train Loss: 0.359 --- Reconstruction Loss: 0.356 --- KL Loss: 29.075 --- Beta: 0.000100
	Validity: 0.58% --- Uniquene@1000: 0.97% --- Unique@10000: 0.85%

{'valid': 0.4527333333333333, 'unique@1000': 0.969, 'unique@10000': 0.8323, 'FCD/Test': 14.54833448786583, 'SNN/Test': 0.544506525333097, 'Frag/Test': 0.8962191007206687, 'Scaf/Test': 0.21042238993349593, 'FCD/TestSF': 15.579947852659558, 'SNN/TestSF': 0.48378936831742425, 'Frag/TestSF': 0.8849362489675229, 'Scaf/TestSF': 0.03093865088227621, 'IntDiv': 0.8308290102060487, 'IntDiv2': 0.8206847058571813, 'Filters': 0.9625239287292005, 'logP': 0.19828280993800337, 'SA': 0.03962763141456345, 'QED': 0.040278100505416595, 'weight': 19.560097615960377, 'Novelty': 0.9462522851919561}
Epoch: 52:
	Train Loss: 0.356 --- Reconstruction Loss: 0.353 --- KL Loss: 31.730 --- Beta: 0.000116
	Validity: 0.45% --- Uniquene@1000: 0.97% --- Unique@10000: 0.83%

{'valid': 0.5254, 'unique@1000': 0.959, 'unique@10000': 0.7882, 'FCD/Test': 14.969526157134823, 'SNN/Test': 0.5522736760621869, 'Frag/Test': 0.8929791843852927, 'Scaf/Test': 0.19926322704773614, 'FCD/TestSF': 15.53435302441467, 'SNN/TestSF': 0.49401562940293864, 'Frag/TestSF': 0.8843441162848779, 'Scaf/TestSF': 0.03488101370915575, 'IntDiv': 0.831503652961185, 'IntDiv2': 0.820733107037553, 'Filters': 0.9701814490546885, 'logP': 0.27014282470332146, 'SA': 0.07403015449534223, 'QED': 0.021005849247669375, 'weight': 24.202977450691005, 'Novelty': 0.935124395300622}
Epoch: 53:
	Train Loss: 0.353 --- Reconstruction Loss: 0.349 --- KL Loss: 31.470 --- Beta: 0.000132
	Validity: 0.53% --- Uniquene@1000: 0.96% --- Unique@10000: 0.79%

{'valid': 0.46040000000000003, 'unique@1000': 0.972, 'unique@10000': 0.8308, 'FCD/Test': 14.760941649288739, 'SNN/Test': 0.5337691322398417, 'Frag/Test': 0.9134430675086471, 'Scaf/Test': 0.17956156283917246, 'FCD/TestSF': 15.447305842061425, 'SNN/TestSF': 0.4808961985831826, 'Frag/TestSF': 0.9041610872399737, 'Scaf/TestSF': 0.029269600364040804, 'IntDiv': 0.8408825557187111, 'IntDiv2': 0.8301102076316761, 'Filters': 0.9627135823921228, 'logP': 0.19840189859877488, 'SA': 0.04978063821299408, 'QED': 0.015485692766287213, 'weight': 29.55002612353451, 'Novelty': 0.9518595602207945}
Epoch: 54:
	Train Loss: 0.350 --- Reconstruction Loss: 0.346 --- KL Loss: 31.004 --- Beta: 0.000148
	Validity: 0.46% --- Uniquene@1000: 0.97% --- Unique@10000: 0.83%

{'valid': 0.6177, 'unique@1000': 0.964, 'unique@10000': 0.824, 'FCD/Test': 14.507861497653082, 'SNN/Test': 0.5480625129382575, 'Frag/Test': 0.9239516236623692, 'Scaf/Test': 0.22497377439633026, 'FCD/TestSF': 15.281355617627774, 'SNN/TestSF': 0.49238568871745364, 'Frag/TestSF': 0.9144387521062325, 'Scaf/TestSF': 0.04973633642114561, 'IntDiv': 0.8304650994268108, 'IntDiv2': 0.8209133529583111, 'Filters': 0.9675138956343424, 'logP': 0.17280052396444442, 'SA': 0.059197102657749176, 'QED': 0.01774986725501434, 'weight': 25.25967697220511, 'Novelty': 0.9324362606232295}
Epoch: 55:
	Train Loss: 0.348 --- Reconstruction Loss: 0.343 --- KL Loss: 30.289 --- Beta: 0.000164
	Validity: 0.62% --- Uniquene@1000: 0.96% --- Unique@10000: 0.82%

{'valid': 0.4216333333333333, 'unique@1000': 0.97, 'unique@10000': 0.822, 'FCD/Test': 14.456463862483517, 'SNN/Test': 0.5435755181071297, 'Frag/Test': 0.9240570068612671, 'Scaf/Test': 0.21438843081813452, 'FCD/TestSF': 15.248054423874144, 'SNN/TestSF': 0.4904665941894832, 'Frag/TestSF': 0.9148479165342955, 'Scaf/TestSF': 0.041883043782138585, 'IntDiv': 0.8406539258798433, 'IntDiv2': 0.8300277791375826, 'Filters': 0.964661238042533, 'logP': 0.16275495305956533, 'SA': 0.04884029390624327, 'QED': 0.018942391398179017, 'weight': 29.57725227703062, 'Novelty': 0.9319418340092986}
Epoch: 56:
	Train Loss: 0.346 --- Reconstruction Loss: 0.340 --- KL Loss: 29.523 --- Beta: 0.000180
	Validity: 0.42% --- Uniquene@1000: 0.97% --- Unique@10000: 0.82%

{'valid': 0.5310666666666667, 'unique@1000': 0.959, 'unique@10000': 0.8053, 'FCD/Test': 14.349787181908347, 'SNN/Test': 0.55375499366412, 'Frag/Test': 0.9263680444741391, 'Scaf/Test': 0.21377099876025496, 'FCD/TestSF': 14.85486446240067, 'SNN/TestSF': 0.5003858821762587, 'Frag/TestSF': 0.9173867687925488, 'Scaf/TestSF': 0.04245012320915209, 'IntDiv': 0.8377851593386599, 'IntDiv2': 0.8268073843743758, 'Filters': 0.9730102937484308, 'logP': 0.22461854912978513, 'SA': 0.08487227430253412, 'QED': 0.014890647094718113, 'weight': 28.319528072623765, 'Novelty': 0.9328864614366104}
Epoch: 57:
	Train Loss: 0.343 --- Reconstruction Loss: 0.338 --- KL Loss: 28.686 --- Beta: 0.000196
	Validity: 0.53% --- Uniquene@1000: 0.96% --- Unique@10000: 0.81%

{'valid': 0.4428333333333333, 'unique@1000': 0.982, 'unique@10000': 0.8654, 'FCD/Test': 13.388071951653686, 'SNN/Test': 0.5387031159647255, 'Frag/Test': 0.9243670237246873, 'Scaf/Test': 0.22454600852068807, 'FCD/TestSF': 14.352463852279904, 'SNN/TestSF': 0.4790041210947963, 'Frag/TestSF': 0.9128403525176055, 'Scaf/TestSF': 0.022714211349271762, 'IntDiv': 0.8394762778729851, 'IntDiv2': 0.829327174399558, 'Filters': 0.963643206624012, 'logP': 0.14118123133679275, 'SA': 0.028654392468835183, 'QED': 0.029341011065189, 'weight': 28.626695306261098, 'Novelty': 0.9414765100671141}
Epoch: 58:
	Train Loss: 0.340 --- Reconstruction Loss: 0.334 --- KL Loss: 28.029 --- Beta: 0.000212
	Validity: 0.44% --- Uniquene@1000: 0.98% --- Unique@10000: 0.87%

{'valid': 0.4268666666666666, 'unique@1000': 0.969, 'unique@10000': 0.8484, 'FCD/Test': 13.735788619815665, 'SNN/Test': 0.5389751588124866, 'Frag/Test': 0.9316310109322111, 'Scaf/Test': 0.2276966727079135, 'FCD/TestSF': 14.42850793337901, 'SNN/TestSF': 0.48362380537077465, 'Frag/TestSF': 0.9220180785283824, 'Scaf/TestSF': 0.021766484680611597, 'IntDiv': 0.8383774524548846, 'IntDiv2': 0.8285505937089916, 'Filters': 0.9711853818522568, 'logP': 0.15143718566387074, 'SA': 0.044025914086938615, 'QED': 0.015938121569878984, 'weight': 24.692067720325216, 'Novelty': 0.9384542437174016}
Epoch: 59:
	Train Loss: 0.339 --- Reconstruction Loss: 0.332 --- KL Loss: 27.526 --- Beta: 0.000228
	Validity: 0.43% --- Uniquene@1000: 0.97% --- Unique@10000: 0.85%

{'valid': 0.6362, 'unique@1000': 0.974, 'unique@10000': 0.8783, 'FCD/Test': 13.073374266612475, 'SNN/Test': 0.5462659908317863, 'Frag/Test': 0.9365760632283764, 'Scaf/Test': 0.2775552482951966, 'FCD/TestSF': 13.809220206244532, 'SNN/TestSF': 0.49479310414232225, 'Frag/TestSF': 0.9278375995554647, 'Scaf/TestSF': 0.06716827745246079, 'IntDiv': 0.8430041028118007, 'IntDiv2': 0.8334121366390128, 'Filters': 0.9718117992245625, 'logP': 0.17467108915774565, 'SA': 0.06206404319030046, 'QED': 0.013217548129508407, 'weight': 28.523221792940728, 'Novelty': 0.9259567921020578}
Epoch: 60:
	Train Loss: 0.336 --- Reconstruction Loss: 0.329 --- KL Loss: 26.752 --- Beta: 0.000244
	Validity: 0.64% --- Uniquene@1000: 0.97% --- Unique@10000: 0.88%

{'valid': 0.42933333333333334, 'unique@1000': 0.988, 'unique@10000': 0.8781, 'FCD/Test': 13.272784485814164, 'SNN/Test': 0.520289900725395, 'Frag/Test': 0.9184973839668694, 'Scaf/Test': 0.2453241247594783, 'FCD/TestSF': 14.228315902985855, 'SNN/TestSF': 0.46620071037840216, 'Frag/TestSF': 0.906913832726501, 'Scaf/TestSF': 0.024832202106279455, 'IntDiv': 0.8482478315694746, 'IntDiv2': 0.8385038809740777, 'Filters': 0.9518633540372671, 'logP': 0.16248107350920085, 'SA': 0.10250224692598672, 'QED': 0.013306400691778972, 'weight': 28.983959981252095, 'Novelty': 0.9501763269735057}
Epoch: 61:
	Train Loss: 0.334 --- Reconstruction Loss: 0.328 --- KL Loss: 25.957 --- Beta: 0.000260
	Validity: 0.43% --- Uniquene@1000: 0.99% --- Unique@10000: 0.88%

/home/80027464/graphvae/metrics.py:527: UserWarning: Can't compute unique@10000.gen contains only 9527 molecules
  warnings.warn(
{'valid': 0.31756666666666666, 'unique@1000': 0.978, 'unique@10000': 0.8814946992757426, 'FCD/Test': 12.40018946177662, 'SNN/Test': 0.5236985149692736, 'Frag/Test': 0.9216713949774099, 'Scaf/Test': 0.278797161481696, 'FCD/TestSF': 13.31175360111122, 'SNN/TestSF': 0.4689541626645371, 'Frag/TestSF': 0.9098567226478824, 'Scaf/TestSF': 0.030971487591566982, 'IntDiv': 0.8462773972531377, 'IntDiv2': 0.8362368691858987, 'Filters': 0.9493019838354151, 'logP': 0.1847475258012249, 'SA': 0.10127154306006592, 'QED': 0.016216556792980855, 'weight': 29.642698042999292, 'Novelty': 0.9433198380566802}
Epoch: 62:
	Train Loss: 0.332 --- Reconstruction Loss: 0.325 --- KL Loss: 25.375 --- Beta: 0.000276
	Validity: 0.32% --- Uniquene@1000: 0.98% --- Unique@10000: 0.88%

{'valid': 0.3962333333333333, 'unique@1000': 0.979, 'unique@10000': 0.8939, 'FCD/Test': 11.759069317035902, 'SNN/Test': 0.5244342387775561, 'Frag/Test': 0.9132447102309708, 'Scaf/Test': 0.289379097486133, 'FCD/TestSF': 12.56714950224061, 'SNN/TestSF': 0.47517526239129143, 'Frag/TestSF': 0.9037888791394704, 'Scaf/TestSF': 0.05104190909007977, 'IntDiv': 0.8475904599637919, 'IntDiv2': 0.8379421223816083, 'Filters': 0.966938672499369, 'logP': 0.1329482083895599, 'SA': 0.07111646865422364, 'QED': 0.02200746956684302, 'weight': 25.78390403564052, 'Novelty': 0.9505016722408027}
Epoch: 63:
	Train Loss: 0.330 --- Reconstruction Loss: 0.323 --- KL Loss: 24.930 --- Beta: 0.000292
	Validity: 0.40% --- Uniquene@1000: 0.98% --- Unique@10000: 0.89%

{'valid': 0.4870333333333333, 'unique@1000': 0.99, 'unique@10000': 0.9039, 'FCD/Test': 12.986053101709416, 'SNN/Test': 0.530148809700113, 'Frag/Test': 0.9171241810284191, 'Scaf/Test': 0.23494619208702705, 'FCD/TestSF': 13.632598252456198, 'SNN/TestSF': 0.483202415590299, 'Frag/TestSF': 0.9085095573254698, 'Scaf/TestSF': 0.058406120095574776, 'IntDiv': 0.8501930532956985, 'IntDiv2': 0.8403359577567994, 'Filters': 0.9700910273081924, 'logP': 0.15456694544581803, 'SA': 0.05748062520427771, 'QED': 0.01486632863077509, 'weight': 30.35205827610546, 'Novelty': 0.940291453328082}
Epoch: 64:
	Train Loss: 0.328 --- Reconstruction Loss: 0.321 --- KL Loss: 24.317 --- Beta: 0.000308
	Validity: 0.49% --- Uniquene@1000: 0.99% --- Unique@10000: 0.90%

{'valid': 0.5667666666666666, 'unique@1000': 0.977, 'unique@10000': 0.8807, 'FCD/Test': 12.665141854136309, 'SNN/Test': 0.5499438977147568, 'Frag/Test': 0.9384145080344747, 'Scaf/Test': 0.268705244390785, 'FCD/TestSF': 13.281021684325317, 'SNN/TestSF': 0.49783893092298537, 'Frag/TestSF': 0.9303357166899676, 'Scaf/TestSF': 0.046971443408071245, 'IntDiv': 0.8429862233730818, 'IntDiv2': 0.8330484232386266, 'Filters': 0.9709463035934836, 'logP': 0.2087144862704529, 'SA': 0.05374212164555228, 'QED': 0.01360727868939427, 'weight': 27.703395841531833, 'Novelty': 0.9288958274198127}
Epoch: 65:
	Train Loss: 0.326 --- Reconstruction Loss: 0.318 --- KL Loss: 23.772 --- Beta: 0.000324
	Validity: 0.57% --- Uniquene@1000: 0.98% --- Unique@10000: 0.88%

{'valid': 0.5613, 'unique@1000': 0.989, 'unique@10000': 0.9146, 'FCD/Test': 13.581417995690899, 'SNN/Test': 0.5238833000004182, 'Frag/Test': 0.902118593482926, 'Scaf/Test': 0.2896107977586764, 'FCD/TestSF': 14.7372983564387, 'SNN/TestSF': 0.464428612062955, 'Frag/TestSF': 0.8893299008052459, 'Scaf/TestSF': 0.02864321750497678, 'IntDiv': 0.8460362481438723, 'IntDiv2': 0.8362846035222721, 'Filters': 0.965793693212186, 'logP': 0.16232224799583023, 'SA': 0.07057872258609474, 'QED': 0.023569127987343102, 'weight': 28.561035343944017, 'Novelty': 0.951366341991342}
Epoch: 66:
	Train Loss: 0.324 --- Reconstruction Loss: 0.316 --- KL Loss: 23.245 --- Beta: 0.000340
	Validity: 0.56% --- Uniquene@1000: 0.99% --- Unique@10000: 0.91%

{'valid': 0.5684, 'unique@1000': 0.986, 'unique@10000': 0.9167, 'FCD/Test': 12.748857804080316, 'SNN/Test': 0.5284042221035458, 'Frag/Test': 0.9166503443675048, 'Scaf/Test': 0.35705139140660114, 'FCD/TestSF': 13.693253634501637, 'SNN/TestSF': 0.4755469395418822, 'Frag/TestSF': 0.9069731970893087, 'Scaf/TestSF': 0.04707447148552957, 'IntDiv': 0.8468984100680391, 'IntDiv2': 0.8373491617853029, 'Filters': 0.9610602861834389, 'logP': 0.14998287771820862, 'SA': 0.02482918454127304, 'QED': 0.035386117615786694, 'weight': 24.583084231379445, 'Novelty': 0.9441370575294981}
Epoch: 67:
	Train Loss: 0.323 --- Reconstruction Loss: 0.315 --- KL Loss: 22.879 --- Beta: 0.000356
	Validity: 0.57% --- Uniquene@1000: 0.99% --- Unique@10000: 0.92%

{'valid': 0.5238333333333334, 'unique@1000': 0.983, 'unique@10000': 0.9072, 'FCD/Test': 12.410858487551181, 'SNN/Test': 0.5281073384487132, 'Frag/Test': 0.9259810628160984, 'Scaf/Test': 0.2913944284473856, 'FCD/TestSF': 13.045245236863181, 'SNN/TestSF': 0.4787811494095478, 'Frag/TestSF': 0.9174816414432555, 'Scaf/TestSF': 0.05315119114457301, 'IntDiv': 0.8511978402414232, 'IntDiv2': 0.8415323322239692, 'Filters': 0.958065542475342, 'logP': 0.26517019686351184, 'SA': 0.04068038578076634, 'QED': 0.011024813974653222, 'weight': 23.38096438352358, 'Novelty': 0.9363094372546168}
Epoch: 68:
	Train Loss: 0.321 --- Reconstruction Loss: 0.313 --- KL Loss: 22.450 --- Beta: 0.000372
	Validity: 0.52% --- Uniquene@1000: 0.98% --- Unique@10000: 0.91%

{'valid': 0.6816, 'unique@1000': 0.99, 'unique@10000': 0.9335, 'FCD/Test': 12.162252835249845, 'SNN/Test': 0.5300786482171682, 'Frag/Test': 0.9189029133895401, 'Scaf/Test': 0.36519035103345, 'FCD/TestSF': 12.949067811838546, 'SNN/TestSF': 0.47678134947102835, 'Frag/TestSF': 0.9093543064038583, 'Scaf/TestSF': 0.058187341617444543, 'IntDiv': 0.8508393397631857, 'IntDiv2': 0.8415478769046212, 'Filters': 0.9697769953051644, 'logP': 0.1287764657326578, 'SA': 0.022572492484124518, 'QED': 0.027199298647601424, 'weight': 27.926911716043353, 'Novelty': 0.9392381268314259}
Epoch: 69:
	Train Loss: 0.320 --- Reconstruction Loss: 0.311 --- KL Loss: 22.016 --- Beta: 0.000388
	Validity: 0.68% --- Uniquene@1000: 0.99% --- Unique@10000: 0.93%

{'valid': 0.5567666666666666, 'unique@1000': 0.987, 'unique@10000': 0.9203, 'FCD/Test': 13.059076335597673, 'SNN/Test': 0.5183220644707467, 'Frag/Test': 0.9128358176988469, 'Scaf/Test': 0.32239587897737, 'FCD/TestSF': 13.971319984522651, 'SNN/TestSF': 0.4658043237949127, 'Frag/TestSF': 0.9019815668923529, 'Scaf/TestSF': 0.057633428339958104, 'IntDiv': 0.8546677872089035, 'IntDiv2': 0.8447842986452984, 'Filters': 0.9607854876369515, 'logP': 0.12871605112963538, 'SA': 0.08055296515781671, 'QED': 0.021643503342142743, 'weight': 26.030335227251584, 'Novelty': 0.9503641758834637}
Epoch: 70:
	Train Loss: 0.318 --- Reconstruction Loss: 0.309 --- KL Loss: 21.753 --- Beta: 0.000404
	Validity: 0.56% --- Uniquene@1000: 0.99% --- Unique@10000: 0.92%

{'valid': 0.5413, 'unique@1000': 0.986, 'unique@10000': 0.9172, 'FCD/Test': 12.247432660047899, 'SNN/Test': 0.5358761965666904, 'Frag/Test': 0.922111961098912, 'Scaf/Test': 0.30551779479302843, 'FCD/TestSF': 12.946847787365726, 'SNN/TestSF': 0.48352244828247115, 'Frag/TestSF': 0.9136835868560473, 'Scaf/TestSF': 0.041009022278606144, 'IntDiv': 0.8520324158084522, 'IntDiv2': 0.8422547185959384, 'Filters': 0.9686557054005789, 'logP': 0.1779955446732173, 'SA': 0.01912395189697292, 'QED': 0.01594582773328315, 'weight': 27.46283135416892, 'Novelty': 0.9340369393139841}
Epoch: 71:
	Train Loss: 0.317 --- Reconstruction Loss: 0.308 --- KL Loss: 21.478 --- Beta: 0.000420
	Validity: 0.54% --- Uniquene@1000: 0.99% --- Unique@10000: 0.92%

{'valid': 0.5341, 'unique@1000': 0.978, 'unique@10000': 0.9184, 'FCD/Test': 13.35253021948958, 'SNN/Test': 0.5175144069549156, 'Frag/Test': 0.8951936355086879, 'Scaf/Test': 0.2654230076371614, 'FCD/TestSF': 14.184130226007689, 'SNN/TestSF': 0.46550777719212494, 'Frag/TestSF': 0.8858055687344016, 'Scaf/TestSF': 0.032105814642420016, 'IntDiv': 0.8520348906802104, 'IntDiv2': 0.8424331152322686, 'Filters': 0.9620545465892779, 'logP': 0.1673128457026812, 'SA': 0.04704125967472841, 'QED': 0.018062129424514954, 'weight': 27.533460198946006, 'Novelty': 0.9483363751228415}
Epoch: 72:
	Train Loss: 0.315 --- Reconstruction Loss: 0.306 --- KL Loss: 21.051 --- Beta: 0.000436
	Validity: 0.53% --- Uniquene@1000: 0.98% --- Unique@10000: 0.92%

{'valid': 0.3821, 'unique@1000': 0.987, 'unique@10000': 0.9075, 'FCD/Test': 13.101014709150434, 'SNN/Test': 0.5059583807614506, 'Frag/Test': 0.9093088072743161, 'Scaf/Test': 0.22976359804335544, 'FCD/TestSF': 13.708546565967552, 'SNN/TestSF': 0.459123474971262, 'Frag/TestSF': 0.9001467133428346, 'Scaf/TestSF': 0.026493416761630195, 'IntDiv': 0.8586361157142115, 'IntDiv2': 0.8487772791914653, 'Filters': 0.9601326005408706, 'logP': 0.14965679057397327, 'SA': 0.14287024431746817, 'QED': 0.018157091655147093, 'weight': 25.67677385916285, 'Novelty': 0.949142691078175}
Epoch: 73:
	Train Loss: 0.314 --- Reconstruction Loss: 0.305 --- KL Loss: 20.647 --- Beta: 0.000452
	Validity: 0.38% --- Uniquene@1000: 0.99% --- Unique@10000: 0.91%

{'valid': 0.4870333333333333, 'unique@1000': 0.987, 'unique@10000': 0.9305, 'FCD/Test': 12.354441790933151, 'SNN/Test': 0.5189261083295398, 'Frag/Test': 0.9007421133065835, 'Scaf/Test': 0.28922078545161845, 'FCD/TestSF': 13.120039875622993, 'SNN/TestSF': 0.4704570779391411, 'Frag/TestSF': 0.8925914111310347, 'Scaf/TestSF': 0.043069408334163506, 'IntDiv': 0.8531169649920904, 'IntDiv2': 0.8437563328714993, 'Filters': 0.9568133597974129, 'logP': 0.15274281467887676, 'SA': 0.07913136053001146, 'QED': 0.01689760525237547, 'weight': 23.055282274507114, 'Novelty': 0.9461648046787133}
Epoch: 74:
	Train Loss: 0.313 --- Reconstruction Loss: 0.303 --- KL Loss: 20.505 --- Beta: 0.000468
	Validity: 0.49% --- Uniquene@1000: 0.99% --- Unique@10000: 0.93%

{'valid': 0.5838666666666666, 'unique@1000': 0.993, 'unique@10000': 0.9351, 'FCD/Test': 12.210936597061135, 'SNN/Test': 0.5197332878440761, 'Frag/Test': 0.9284951497201017, 'Scaf/Test': 0.37059214500206994, 'FCD/TestSF': 13.02484934867865, 'SNN/TestSF': 0.4713822827432207, 'Frag/TestSF': 0.919848913434239, 'Scaf/TestSF': 0.05417314611890478, 'IntDiv': 0.8538261511420618, 'IntDiv2': 0.8443844691423416, 'Filters': 0.9657456040191824, 'logP': 0.1320090015874079, 'SA': 0.07287919433810748, 'QED': 0.009607211110142885, 'weight': 25.628406065944223, 'Novelty': 0.94278135657446}
Epoch: 75:
	Train Loss: 0.311 --- Reconstruction Loss: 0.301 --- KL Loss: 20.137 --- Beta: 0.000484
	Validity: 0.58% --- Uniquene@1000: 0.99% --- Unique@10000: 0.94%

{'valid': 0.5973999999999999, 'unique@1000': 0.997, 'unique@10000': 0.9457, 'FCD/Test': 11.628844288742428, 'SNN/Test': 0.51742780126524, 'Frag/Test': 0.929773678597481, 'Scaf/Test': 0.41980666465046323, 'FCD/TestSF': 12.519274341721655, 'SNN/TestSF': 0.4710896228507765, 'Frag/TestSF': 0.9216522517376032, 'Scaf/TestSF': 0.04808697414517227, 'IntDiv': 0.8554708515348652, 'IntDiv2': 0.8462124044468732, 'Filters': 0.9594911282222967, 'logP': 0.17810704141471598, 'SA': 0.10264782233558148, 'QED': 0.01841893621525309, 'weight': 20.886238583165433, 'Novelty': 0.9428220858895705}
Epoch: 76:
	Train Loss: 0.310 --- Reconstruction Loss: 0.300 --- KL Loss: 19.857 --- Beta: 0.000500
	Validity: 0.60% --- Uniquene@1000: 1.00% --- Unique@10000: 0.95%

{'valid': 0.6173666666666666, 'unique@1000': 0.992, 'unique@10000': 0.9504, 'FCD/Test': 12.328828254740515, 'SNN/Test': 0.5087038691879561, 'Frag/Test': 0.9107244982141874, 'Scaf/Test': 0.32083711713588503, 'FCD/TestSF': 13.258024706097842, 'SNN/TestSF': 0.458748214539374, 'Frag/TestSF': 0.9019734969020048, 'Scaf/TestSF': 0.04063920612026983, 'IntDiv': 0.8580074408609795, 'IntDiv2': 0.8489644455407037, 'Filters': 0.9447654014362076, 'logP': 0.16065772491405883, 'SA': 0.09464848845327872, 'QED': 0.01909103261747343, 'weight': 22.612220426168616, 'Novelty': 0.9442390092152374}
Epoch: 77:
	Train Loss: 0.309 --- Reconstruction Loss: 0.299 --- KL Loss: 19.807 --- Beta: 0.000500
	Validity: 0.62% --- Uniquene@1000: 0.99% --- Unique@10000: 0.95%

{'valid': 0.5672333333333333, 'unique@1000': 0.992, 'unique@10000': 0.9453, 'FCD/Test': 12.074021221448817, 'SNN/Test': 0.5177936914036555, 'Frag/Test': 0.9183601586688427, 'Scaf/Test': 0.3307063920548188, 'FCD/TestSF': 12.99356254733496, 'SNN/TestSF': 0.46918855654620295, 'Frag/TestSF': 0.909626399807259, 'Scaf/TestSF': 0.10671094633655209, 'IntDiv': 0.853375253539437, 'IntDiv2': 0.8443455136412844, 'Filters': 0.9661514955632603, 'logP': 0.11607958312931661, 'SA': 0.08491553138419204, 'QED': 0.019369247586122334, 'weight': 23.866408869637617, 'Novelty': 0.9429621036349575}
Epoch: 78:
	Train Loss: 0.307 --- Reconstruction Loss: 0.297 --- KL Loss: 19.818 --- Beta: 0.000500
	Validity: 0.57% --- Uniquene@1000: 0.99% --- Unique@10000: 0.95%

{'valid': 0.6748333333333334, 'unique@1000': 0.995, 'unique@10000': 0.9441, 'FCD/Test': 12.024631615648218, 'SNN/Test': 0.519067971495588, 'Frag/Test': 0.9250877232355497, 'Scaf/Test': 0.3995550239643473, 'FCD/TestSF': 13.109295466550321, 'SNN/TestSF': 0.46857970928256676, 'Frag/TestSF': 0.9140368671965686, 'Scaf/TestSF': 0.06409266898259691, 'IntDiv': 0.8500404921665482, 'IntDiv2': 0.8410483995145845, 'Filters': 0.956581872067177, 'logP': 0.11013422027193426, 'SA': 0.07398053717935027, 'QED': 0.01775103073763078, 'weight': 24.595404064681144, 'Novelty': 0.9397017860068818}
Epoch: 79:
	Train Loss: 0.305 --- Reconstruction Loss: 0.296 --- KL Loss: 19.727 --- Beta: 0.000500
	Validity: 0.67% --- Uniquene@1000: 0.99% --- Unique@10000: 0.94%

{'valid': 0.7022666666666666, 'unique@1000': 0.995, 'unique@10000': 0.9428, 'FCD/Test': 12.621438080313233, 'SNN/Test': 0.5165133946993409, 'Frag/Test': 0.9274881949253573, 'Scaf/Test': 0.35219046105119733, 'FCD/TestSF': 13.329239758180194, 'SNN/TestSF': 0.46952381121528336, 'Frag/TestSF': 0.9207841843030041, 'Scaf/TestSF': 0.051350633404668056, 'IntDiv': 0.8549506792095031, 'IntDiv2': 0.8457664420000489, 'Filters': 0.9653028289348775, 'logP': 0.12369474635607405, 'SA': 0.05787521561086613, 'QED': 0.015713537354359482, 'weight': 22.26247376065168, 'Novelty': 0.9434121621621622}
Epoch: 80:
	Train Loss: 0.306 --- Reconstruction Loss: 0.296 --- KL Loss: 19.746 --- Beta: 0.000500
	Validity: 0.70% --- Uniquene@1000: 0.99% --- Unique@10000: 0.94%

{'valid': 0.6612333333333333, 'unique@1000': 0.994, 'unique@10000': 0.9374, 'FCD/Test': 12.52520571554075, 'SNN/Test': 0.5246432746276083, 'Frag/Test': 0.919849129487147, 'Scaf/Test': 0.3331300810599789, 'FCD/TestSF': 13.507184845882378, 'SNN/TestSF': 0.470941708518738, 'Frag/TestSF': 0.9109557671107066, 'Scaf/TestSF': 0.044769872414732625, 'IntDiv': 0.8514538886144404, 'IntDiv2': 0.8419422223739415, 'Filters': 0.9679891112567425, 'logP': 0.10138773173684847, 'SA': 0.038967078042542874, 'QED': 0.021381843417246367, 'weight': 25.226432422691076, 'Novelty': 0.9362417989121292}
Epoch: 81:
	Train Loss: 0.304 --- Reconstruction Loss: 0.294 --- KL Loss: 19.630 --- Beta: 0.000500
	Validity: 0.66% --- Uniquene@1000: 0.99% --- Unique@10000: 0.94%

{'valid': 0.7122666666666666, 'unique@1000': 0.997, 'unique@10000': 0.9512, 'FCD/Test': 11.984761386400322, 'SNN/Test': 0.5110335800362991, 'Frag/Test': 0.9246605831253378, 'Scaf/Test': 0.29755317187517427, 'FCD/TestSF': 12.893100072725865, 'SNN/TestSF': 0.4617231529511481, 'Frag/TestSF': 0.9149274993388659, 'Scaf/TestSF': 0.050751764108094344, 'IntDiv': 0.8545386072972259, 'IntDiv2': 0.8457136271278978, 'Filters': 0.9654623736428304, 'logP': 0.11266865265525688, 'SA': 0.11365487075443524, 'QED': 0.017407544677205296, 'weight': 24.388025654884267, 'Novelty': 0.9429916585640449}
Epoch: 82:
	Train Loss: 0.303 --- Reconstruction Loss: 0.293 --- KL Loss: 19.702 --- Beta: 0.000500
	Validity: 0.71% --- Uniquene@1000: 1.00% --- Unique@10000: 0.95%

{'valid': 0.6850333333333334, 'unique@1000': 0.994, 'unique@10000': 0.9457, 'FCD/Test': 12.543033077916867, 'SNN/Test': 0.5183906890547981, 'Frag/Test': 0.902401139099098, 'Scaf/Test': 0.3573387819688304, 'FCD/TestSF': 13.494326411215596, 'SNN/TestSF': 0.4678977115275442, 'Frag/TestSF': 0.8930736348680357, 'Scaf/TestSF': 0.048403144426094946, 'IntDiv': 0.8533155796480684, 'IntDiv2': 0.8442141340611743, 'Filters': 0.9670575641088025, 'logP': 0.11451057916392939, 'SA': 0.06468817068171895, 'QED': 0.02343248438231509, 'weight': 28.410280271661264, 'Novelty': 0.9379695213565142}
Epoch: 83:
	Train Loss: 0.300 --- Reconstruction Loss: 0.291 --- KL Loss: 19.607 --- Beta: 0.000500
	Validity: 0.69% --- Uniquene@1000: 0.99% --- Unique@10000: 0.95%

{'valid': 0.6026333333333334, 'unique@1000': 0.991, 'unique@10000': 0.9512, 'FCD/Test': 12.322993294803908, 'SNN/Test': 0.4947294399683781, 'Frag/Test': 0.8923604281182571, 'Scaf/Test': 0.27074111908605636, 'FCD/TestSF': 12.931854531984378, 'SNN/TestSF': 0.4554604879266769, 'Frag/TestSF': 0.8855943451953254, 'Scaf/TestSF': 0.05609870443917564, 'IntDiv': 0.8619472366951875, 'IntDiv2': 0.8531168852647086, 'Filters': 0.9616129210686432, 'logP': 0.09505168256451418, 'SA': 0.15245367321906125, 'QED': 0.02144597128120359, 'weight': 25.352535089971955, 'Novelty': 0.9570493181954707}
Epoch: 84:
	Train Loss: 0.299 --- Reconstruction Loss: 0.289 --- KL Loss: 19.694 --- Beta: 0.000500
	Validity: 0.60% --- Uniquene@1000: 0.99% --- Unique@10000: 0.95%

{'valid': 0.5475333333333333, 'unique@1000': 0.993, 'unique@10000': 0.9465, 'FCD/Test': 13.023112190801946, 'SNN/Test': 0.5014598286655909, 'Frag/Test': 0.8839512082369182, 'Scaf/Test': 0.308993959288286, 'FCD/TestSF': 13.800079170739394, 'SNN/TestSF': 0.4539086808598275, 'Frag/TestSF': 0.8754226917323092, 'Scaf/TestSF': 0.038324095454555396, 'IntDiv': 0.8589351592997553, 'IntDiv2': 0.8497193789168859, 'Filters': 0.9503226591988311, 'logP': 0.1580646453635275, 'SA': 0.11433308830397806, 'QED': 0.02242995548492377, 'weight': 25.856776372871387, 'Novelty': 0.9567649381416162}
Epoch: 85:
	Train Loss: 0.298 --- Reconstruction Loss: 0.288 --- KL Loss: 19.771 --- Beta: 0.000500
	Validity: 0.55% --- Uniquene@1000: 0.99% --- Unique@10000: 0.95%

{'valid': 0.7202333333333333, 'unique@1000': 0.994, 'unique@10000': 0.9512, 'FCD/Test': 12.093582820632633, 'SNN/Test': 0.5174732646114509, 'Frag/Test': 0.9187409168864965, 'Scaf/Test': 0.346921848904999, 'FCD/TestSF': 12.923412140578634, 'SNN/TestSF': 0.46774513975214077, 'Frag/TestSF': 0.9091591036273342, 'Scaf/TestSF': 0.054603345175330276, 'IntDiv': 0.8573905063478428, 'IntDiv2': 0.8480586155840523, 'Filters': 0.9642245568565743, 'logP': 0.12356773814417572, 'SA': 0.04433198547998743, 'QED': 0.01927927815023979, 'weight': 28.79848081364061, 'Novelty': 0.9393707222392481}
Epoch: 86:
	Train Loss: 0.297 --- Reconstruction Loss: 0.287 --- KL Loss: 19.657 --- Beta: 0.000500
	Validity: 0.72% --- Uniquene@1000: 0.99% --- Unique@10000: 0.95%

{'valid': 0.6759666666666666, 'unique@1000': 0.994, 'unique@10000': 0.9568, 'FCD/Test': 11.805092910120209, 'SNN/Test': 0.49897300329391314, 'Frag/Test': 0.8986915613751425, 'Scaf/Test': 0.3210932360103136, 'FCD/TestSF': 12.552231302962575, 'SNN/TestSF': 0.45580841845659303, 'Frag/TestSF': 0.8918769591027632, 'Scaf/TestSF': 0.06615569769909169, 'IntDiv': 0.8600198436554364, 'IntDiv2': 0.8512984545901581, 'Filters': 0.9607475713792594, 'logP': 0.1306791039705744, 'SA': 0.14127151225730347, 'QED': 0.016479670188817745, 'weight': 23.442969199189836, 'Novelty': 0.9521415967060585}
Epoch: 87:
	Train Loss: 0.295 --- Reconstruction Loss: 0.285 --- KL Loss: 19.756 --- Beta: 0.000500
	Validity: 0.68% --- Uniquene@1000: 0.99% --- Unique@10000: 0.96%

{'valid': 0.6587000000000001, 'unique@1000': 0.993, 'unique@10000': 0.955, 'FCD/Test': 12.245272119794159, 'SNN/Test': 0.49803210793115926, 'Frag/Test': 0.8939560153794773, 'Scaf/Test': 0.3176772756124886, 'FCD/TestSF': 13.157887168295872, 'SNN/TestSF': 0.4520788576653187, 'Frag/TestSF': 0.8854022655248973, 'Scaf/TestSF': 0.04952107338873757, 'IntDiv': 0.8618906032768907, 'IntDiv2': 0.8527128194995237, 'Filters': 0.9541015130813219, 'logP': 0.1171366660256048, 'SA': 0.1540964578171533, 'QED': 0.024252584043959406, 'weight': 25.52160312072052, 'Novelty': 0.9570609123190386}
Epoch: 88:
	Train Loss: 0.294 --- Reconstruction Loss: 0.284 --- KL Loss: 19.793 --- Beta: 0.000500
	Validity: 0.66% --- Uniquene@1000: 0.99% --- Unique@10000: 0.95%

{'valid': 0.6547000000000001, 'unique@1000': 0.998, 'unique@10000': 0.9585, 'FCD/Test': 12.225003545321066, 'SNN/Test': 0.5051927768601753, 'Frag/Test': 0.8885556825151973, 'Scaf/Test': 0.3039281862573544, 'FCD/TestSF': 12.930485958398613, 'SNN/TestSF': 0.45972495532865515, 'Frag/TestSF': 0.8811180134361052, 'Scaf/TestSF': 0.049568784052684056, 'IntDiv': 0.8603267560338238, 'IntDiv2': 0.8514007596056833, 'Filters': 0.9634438165062879, 'logP': 0.09673548106801161, 'SA': 0.11333825086439017, 'QED': 0.02455715713652715, 'weight': 22.900540415533193, 'Novelty': 0.949904083310496}
Epoch: 89:
	Train Loss: 0.292 --- Reconstruction Loss: 0.283 --- KL Loss: 19.665 --- Beta: 0.000500
	Validity: 0.65% --- Uniquene@1000: 1.00% --- Unique@10000: 0.96%

{'valid': 0.6022000000000001, 'unique@1000': 0.994, 'unique@10000': 0.9563, 'FCD/Test': 12.028995724334393, 'SNN/Test': 0.5089699874635051, 'Frag/Test': 0.9001698340462435, 'Scaf/Test': 0.3195796536457177, 'FCD/TestSF': 12.740761892509255, 'SNN/TestSF': 0.4672345979058583, 'Frag/TestSF': 0.8936188355580252, 'Scaf/TestSF': 0.07820757187167426, 'IntDiv': 0.857264137738581, 'IntDiv2': 0.848307252041363, 'Filters': 0.9590944315288387, 'logP': 0.13132390555010198, 'SA': 0.09534025515603435, 'QED': 0.01780106474625492, 'weight': 22.82630607367591, 'Novelty': 0.948302561048243}
Epoch: 90:
	Train Loss: 0.292 --- Reconstruction Loss: 0.282 --- KL Loss: 19.810 --- Beta: 0.000500
	Validity: 0.60% --- Uniquene@1000: 0.99% --- Unique@10000: 0.96%

{'valid': 0.6528333333333334, 'unique@1000': 0.995, 'unique@10000': 0.953, 'FCD/Test': 12.012082371727814, 'SNN/Test': 0.5063712299098341, 'Frag/Test': 0.888334515400714, 'Scaf/Test': 0.3311256447223224, 'FCD/TestSF': 12.934251618556274, 'SNN/TestSF': 0.46096731701127297, 'Frag/TestSF': 0.8800485054722809, 'Scaf/TestSF': 0.09260318058646377, 'IntDiv': 0.8601754102794316, 'IntDiv2': 0.8510136002967497, 'Filters': 0.9577738064845545, 'logP': 0.16905566387137008, 'SA': 0.11089388176731088, 'QED': 0.019754223180344768, 'weight': 23.843973083975214, 'Novelty': 0.9502719502719502}
Epoch: 91:
	Train Loss: 0.290 --- Reconstruction Loss: 0.280 --- KL Loss: 19.847 --- Beta: 0.000500
	Validity: 0.65% --- Uniquene@1000: 0.99% --- Unique@10000: 0.95%

{'valid': 0.6730333333333334, 'unique@1000': 0.996, 'unique@10000': 0.9564, 'FCD/Test': 12.015610567219227, 'SNN/Test': 0.5072198898828223, 'Frag/Test': 0.893222575210014, 'Scaf/Test': 0.3222493567636596, 'FCD/TestSF': 12.677368257046894, 'SNN/TestSF': 0.4673629692613526, 'Frag/TestSF': 0.8869212683843787, 'Scaf/TestSF': 0.0599674602413377, 'IntDiv': 0.8604692725225249, 'IntDiv2': 0.8512991866509473, 'Filters': 0.9659749393294041, 'logP': 0.1043303687444273, 'SA': 0.1038448717730932, 'QED': 0.027807761512036313, 'weight': 25.246629083900025, 'Novelty': 0.9494448003416613}
Epoch: 92:
	Train Loss: 0.289 --- Reconstruction Loss: 0.280 --- KL Loss: 19.832 --- Beta: 0.000500
	Validity: 0.67% --- Uniquene@1000: 1.00% --- Unique@10000: 0.96%

{'valid': 0.7294, 'unique@1000': 0.996, 'unique@10000': 0.9572, 'FCD/Test': 13.072628763649412, 'SNN/Test': 0.5059032969162469, 'Frag/Test': 0.8927186181402141, 'Scaf/Test': 0.33309709109902697, 'FCD/TestSF': 13.925019079221293, 'SNN/TestSF': 0.4598826875168067, 'Frag/TestSF': 0.8865404709092521, 'Scaf/TestSF': 0.07439647977698927, 'IntDiv': 0.8580416824444611, 'IntDiv2': 0.8488240908933546, 'Filters': 0.9647655607348505, 'logP': 0.10042061097702355, 'SA': 0.08126016634149615, 'QED': 0.023473117216341873, 'weight': 24.73097353058532, 'Novelty': 0.9503194809054436}
Epoch: 93:
	Train Loss: 0.288 --- Reconstruction Loss: 0.278 --- KL Loss: 19.789 --- Beta: 0.000500
	Validity: 0.73% --- Uniquene@1000: 1.00% --- Unique@10000: 0.96%

{'valid': 0.7685333333333333, 'unique@1000': 0.996, 'unique@10000': 0.9607, 'FCD/Test': 12.260349996117426, 'SNN/Test': 0.5004562226374227, 'Frag/Test': 0.9183814162295633, 'Scaf/Test': 0.33663397002120343, 'FCD/TestSF': 13.120520996991488, 'SNN/TestSF': 0.4538275157149925, 'Frag/TestSF': 0.9112819363700004, 'Scaf/TestSF': 0.07868531836677395, 'IntDiv': 0.8590672820399371, 'IntDiv2': 0.8503761290944443, 'Filters': 0.9669500346981263, 'logP': 0.09734784576789574, 'SA': 0.12262077121121073, 'QED': 0.01934853544273045, 'weight': 20.357507892148206, 'Novelty': 0.9512389712783931}
Epoch: 94:
	Train Loss: 0.287 --- Reconstruction Loss: 0.277 --- KL Loss: 19.842 --- Beta: 0.000500
	Validity: 0.77% --- Uniquene@1000: 1.00% --- Unique@10000: 0.96%

{'valid': 0.6693333333333333, 'unique@1000': 0.997, 'unique@10000': 0.9613, 'FCD/Test': 12.604451299932002, 'SNN/Test': 0.49694669673375164, 'Frag/Test': 0.8964456306723769, 'Scaf/Test': 0.3357077076462718, 'FCD/TestSF': 13.43483463773623, 'SNN/TestSF': 0.45197962750773507, 'Frag/TestSF': 0.889309373032358, 'Scaf/TestSF': 0.056797235851632655, 'IntDiv': 0.8586437471405579, 'IntDiv2': 0.8499547796625385, 'Filters': 0.960707171314741, 'logP': 0.11194659170952194, 'SA': 0.15704377362647157, 'QED': 0.02631700446861202, 'weight': 21.724160230598127, 'Novelty': 0.9562456645856677}
Epoch: 95:
	Train Loss: 0.286 --- Reconstruction Loss: 0.276 --- KL Loss: 19.834 --- Beta: 0.000500
	Validity: 0.67% --- Uniquene@1000: 1.00% --- Unique@10000: 0.96%

{'valid': 0.5602333333333334, 'unique@1000': 0.996, 'unique@10000': 0.96, 'FCD/Test': 12.762555666472423, 'SNN/Test': 0.5006104704401995, 'Frag/Test': 0.8987237462274072, 'Scaf/Test': 0.3195411852920308, 'FCD/TestSF': 13.624107478081662, 'SNN/TestSF': 0.4545035759061211, 'Frag/TestSF': 0.8910742802566233, 'Scaf/TestSF': 0.06417453608857737, 'IntDiv': 0.8593545730729288, 'IntDiv2': 0.8503246884602611, 'Filters': 0.964360088058547, 'logP': 0.09718160442563739, 'SA': 0.13137494576423192, 'QED': 0.0190538070744578, 'weight': 23.21319662009678, 'Novelty': 0.9511931962427012}
Epoch: 96:
	Train Loss: 0.285 --- Reconstruction Loss: 0.275 --- KL Loss: 19.892 --- Beta: 0.000500
	Validity: 0.56% --- Uniquene@1000: 1.00% --- Unique@10000: 0.96%

{'valid': 0.6262, 'unique@1000': 0.998, 'unique@10000': 0.9566, 'FCD/Test': 13.1164947729279, 'SNN/Test': 0.49425293556353567, 'Frag/Test': 0.8771715118923832, 'Scaf/Test': 0.30600013308659646, 'FCD/TestSF': 13.762467879519505, 'SNN/TestSF': 0.44962281926262304, 'Frag/TestSF': 0.8733882573126815, 'Scaf/TestSF': 0.06932216806311087, 'IntDiv': 0.8608364999923299, 'IntDiv2': 0.8520039093036472, 'Filters': 0.9548600021292452, 'logP': 0.26098096824986144, 'SA': 0.128920285495064, 'QED': 0.013003976175295006, 'weight': 17.732330585801805, 'Novelty': 0.9533908045977012}
Epoch: 97:
	Train Loss: 0.283 --- Reconstruction Loss: 0.273 --- KL Loss: 19.918 --- Beta: 0.000500
	Validity: 0.63% --- Uniquene@1000: 1.00% --- Unique@10000: 0.96%

{'valid': 0.7731, 'unique@1000': 0.994, 'unique@10000': 0.9679, 'FCD/Test': 12.161452693307801, 'SNN/Test': 0.5029815831983587, 'Frag/Test': 0.9062792807831727, 'Scaf/Test': 0.3607189960842522, 'FCD/TestSF': 12.945190782100944, 'SNN/TestSF': 0.4603953973536287, 'Frag/TestSF': 0.900803716126302, 'Scaf/TestSF': 0.05225103817334975, 'IntDiv': 0.8633158586401318, 'IntDiv2': 0.8542003648762074, 'Filters': 0.9614538869486483, 'logP': 0.18851086234694625, 'SA': 0.11931362105329749, 'QED': 0.024410463530734824, 'weight': 22.890178839222056, 'Novelty': 0.9525903977035974}
Epoch: 98:
	Train Loss: 0.282 --- Reconstruction Loss: 0.272 --- KL Loss: 20.020 --- Beta: 0.000500
	Validity: 0.77% --- Uniquene@1000: 0.99% --- Unique@10000: 0.97%

{'valid': 0.7118333333333333, 'unique@1000': 0.991, 'unique@10000': 0.9602, 'FCD/Test': 11.910150662941916, 'SNN/Test': 0.503621490524039, 'Frag/Test': 0.9181307090278674, 'Scaf/Test': 0.3406021032024309, 'FCD/TestSF': 12.653994891574527, 'SNN/TestSF': 0.4615781922204744, 'Frag/TestSF': 0.9128091761810888, 'Scaf/TestSF': 0.06628123582818934, 'IntDiv': 0.8629299540922464, 'IntDiv2': 0.8539800818448431, 'Filters': 0.9656286583938187, 'logP': 0.11345262096965535, 'SA': 0.12198118847539585, 'QED': 0.0146200080763476, 'weight': 24.852652822867686, 'Novelty': 0.9451598242690501}
Epoch: 99:
	Train Loss: 0.281 --- Reconstruction Loss: 0.271 --- KL Loss: 19.919 --- Beta: 0.000500
	Validity: 0.71% --- Uniquene@1000: 0.99% --- Unique@10000: 0.96%

{'valid': 0.7641, 'unique@1000': 0.996, 'unique@10000': 0.9672, 'FCD/Test': 11.717055352016985, 'SNN/Test': 0.4957778353738269, 'Frag/Test': 0.9149636514274833, 'Scaf/Test': 0.3670514881703859, 'FCD/TestSF': 12.605585986382437, 'SNN/TestSF': 0.4548378573287008, 'Frag/TestSF': 0.9085166701178038, 'Scaf/TestSF': 0.06953594536332486, 'IntDiv': 0.8642167706328769, 'IntDiv2': 0.855328607340861, 'Filters': 0.9507481568730096, 'logP': 0.11662455234996945, 'SA': 0.15481783003610866, 'QED': 0.019098044827907515, 'weight': 21.796691464237473, 'Novelty': 0.950503355704698}
Epoch: 100:
	Train Loss: 0.280 --- Reconstruction Loss: 0.270 --- KL Loss: 20.078 --- Beta: 0.000500
	Validity: 0.76% --- Uniquene@1000: 1.00% --- Unique@10000: 0.97%

