2024-02-15 05:55:28.561321: E external/local_xla/xla/stream_executor/cuda/cuda_dnn.cc:9261] Unable to register cuDNN factory: Attempting to register factory for plugin cuDNN when one has already been registered
2024-02-15 05:55:28.561402: E external/local_xla/xla/stream_executor/cuda/cuda_fft.cc:607] Unable to register cuFFT factory: Attempting to register factory for plugin cuFFT when one has already been registered
2024-02-15 05:55:28.562158: E external/local_xla/xla/stream_executor/cuda/cuda_blas.cc:1515] Unable to register cuBLAS factory: Attempting to register factory for plugin cuBLAS when one has already been registered
2024-02-15 05:55:28.566322: I tensorflow/core/platform/cpu_feature_guard.cc:182] This TensorFlow binary is optimized to use available CPU instructions in performance-critical operations.
To enable the following instructions: AVX2 FMA, in other operations, rebuild TensorFlow with the appropriate compiler flags.
2024-02-15 05:55:29.418877: W tensorflow/compiler/tf2tensorrt/utils/py_utils.cc:38] TF-TRT Warning: Could not find TensorRT

Arguments:
	data_path: data/moses_train.txt
	max_len: 30
	batch: 128
	d_model: 512
	d_latent: 256
	d_ff: 1024
	e_heads: 1
	d_heads: 8
	n_layers: 8
	dropout: 0.5
	lr: 0.0005
	n_epochs: 60
	kl_type: cyclic
	kl_w_start: 0.0001
	kl_w_end: 0.001
	kl_cycle: 4
	kl_ratio: 1.0
	save_name: klcompare

Number of data: 88192

SMILES Vocab:
	 {'<START>': 0, '<END>': 1, '<PAD>': 2, 'C': 3, 'O': 4, 'c': 5, '1': 6, '(': 7, '=': 8, ')': 9, 'N': 10, 'n': 11, '2': 12, 'F': 13, 'Cl': 14, 'Br': 15, '#': 16, '3': 17, 'S': 18, 'o': 19, '-': 20, 's': 21, '[nH]': 22, '4': 23}

Graph Vocab:
	 {'C': 0, 'O': 1, 'N': 2, 'F': 3, 'Cl': 4, 'Br': 5, 'S': 6}


KL Annealer: [0.0001  0.00016 0.00022 0.00028 0.00034 0.0004  0.00046 0.00052 0.00058
 0.00064 0.0007  0.00076 0.00082 0.00088 0.00094 0.0001  0.00016 0.00022
 0.00028 0.00034 0.0004  0.00046 0.00052 0.00058 0.00064 0.0007  0.00076
 0.00082 0.00088 0.00094 0.0001  0.00016 0.00022 0.00028 0.00034 0.0004
 0.00046 0.00052 0.00058 0.00064 0.0007  0.00076 0.00082 0.00088 0.00094
 0.0001  0.00016 0.00022 0.00028 0.00034 0.0004  0.00046 0.00052 0.00058
 0.00064 0.0007  0.00076 0.00082 0.00088 0.00094]




#########################################################################
######################### START TRAINING ################################
#########################################################################




{'valid': 0.6948333333333334, 'unique@1000': 0.275, 'unique@10000': 0.1024, 'FCD/Test': 36.026893563901154, 'SNN/Test': 0.6060929117599646, 'Frag/Test': 0.799885764042856, 'Scaf/Test': 0.1630395821715852, 'FCD/TestSF': 37.110602284014554, 'SNN/TestSF': 0.5265561459532857, 'Frag/TestSF': 0.7901211660854113, 'Scaf/TestSF': 0.007604259140194691, 'IntDiv': 0.6199617362312029, 'IntDiv2': 0.5767715578429884, 'Filters': 0.9980331014631806, 'logP': 0.269933046525702, 'SA': 0.4095812292360823, 'QED': 0.1586626699983673, 'weight': 13.020264913817513, 'Novelty': 0.9191026512576479}
Epoch: 31:
	Train Loss: 0.536 --- Reconstruction Loss: 0.525 --- KL Loss: 108.009 --- Beta: 0.000100
	Validity: 0.69% --- Uniquene@1000: 0.28% --- Unique@10000: 0.10%

{'valid': 0.6829333333333334, 'unique@1000': 0.248, 'unique@10000': 0.0927, 'FCD/Test': 42.7562413880152, 'SNN/Test': 0.7429757903838056, 'Frag/Test': 0.8048122769669551, 'Scaf/Test': 0.20572117008464386, 'FCD/TestSF': 44.7208057179127, 'SNN/TestSF': 0.5245619681400161, 'Frag/TestSF': 0.7918318757478509, 'Scaf/TestSF': 0.03436366921347178, 'IntDiv': 0.6007304336401815, 'IntDiv2': 0.5661592369498877, 'Filters': 0.9971690745802421, 'logP': 0.32114553115673805, 'SA': 0.5969376045966035, 'QED': 0.0327931245462361, 'weight': 8.080054731318121, 'Novelty': 0.8691588785046729}
Epoch: 32:
	Train Loss: 0.523 --- Reconstruction Loss: 0.508 --- KL Loss: 94.738 --- Beta: 0.000160
	Validity: 0.68% --- Uniquene@1000: 0.25% --- Unique@10000: 0.09%

{'valid': 0.6771666666666667, 'unique@1000': 0.281, 'unique@10000': 0.0977, 'FCD/Test': 40.943673311377005, 'SNN/Test': 0.6115441635709487, 'Frag/Test': 0.7880096339237799, 'Scaf/Test': 0.09323671878350392, 'FCD/TestSF': 42.17411476651805, 'SNN/TestSF': 0.5115644669829112, 'Frag/TestSF': 0.7774930721393011, 'Scaf/TestSF': 0.013084566046039248, 'IntDiv': 0.5972191221564709, 'IntDiv2': 0.5626749033144077, 'Filters': 0.9977356633029781, 'logP': 0.34691080897767157, 'SA': 0.4333618444617328, 'QED': 0.12975344272746672, 'weight': 8.240867256757845, 'Novelty': 0.9442406456346295}
Epoch: 33:
	Train Loss: 0.516 --- Reconstruction Loss: 0.497 --- KL Loss: 87.136 --- Beta: 0.000220
	Validity: 0.68% --- Uniquene@1000: 0.28% --- Unique@10000: 0.10%

{'valid': 0.6326666666666667, 'unique@1000': 0.344, 'unique@10000': 0.1304, 'FCD/Test': 32.866196354737006, 'SNN/Test': 0.6829501111464706, 'Frag/Test': 0.8724387990633442, 'Scaf/Test': 0.1880329062353916, 'FCD/TestSF': 34.4523609232547, 'SNN/TestSF': 0.527932480363876, 'Frag/TestSF': 0.8596765977479117, 'Scaf/TestSF': 0.015420739922417326, 'IntDiv': 0.6737314786707072, 'IntDiv2': 0.6403477953087564, 'Filters': 0.9989989462592203, 'logP': 0.28676596698339546, 'SA': 0.5103942510393339, 'QED': 0.06757719524191401, 'weight': 5.6686337373926, 'Novelty': 0.867704280155642}
Epoch: 34:
	Train Loss: 0.509 --- Reconstruction Loss: 0.488 --- KL Loss: 75.813 --- Beta: 0.000280
	Validity: 0.63% --- Uniquene@1000: 0.34% --- Unique@10000: 0.13%

{'valid': 0.6853333333333333, 'unique@1000': 0.538, 'unique@10000': 0.2139, 'FCD/Test': 25.118909267168533, 'SNN/Test': 0.6063094976042843, 'Frag/Test': 0.8955651346225452, 'Scaf/Test': 0.17971284205485127, 'FCD/TestSF': 26.225144962129107, 'SNN/TestSF': 0.5387683604883776, 'Frag/TestSF': 0.8856620569325826, 'Scaf/TestSF': 0.008184303734946385, 'IntDiv': 0.777246622712656, 'IntDiv2': 0.7506244800787122, 'Filters': 0.9956225680933852, 'logP': 0.4460134947635657, 'SA': 0.3453118112264369, 'QED': 0.07875131895396323, 'weight': 9.950423544062055, 'Novelty': 0.90074602659747}
Epoch: 35:
	Train Loss: 0.500 --- Reconstruction Loss: 0.479 --- KL Loss: 60.988 --- Beta: 0.000340
	Validity: 0.69% --- Uniquene@1000: 0.54% --- Unique@10000: 0.21%

{'valid': 0.731, 'unique@1000': 0.537, 'unique@10000': 0.2305, 'FCD/Test': 26.801047519801543, 'SNN/Test': 0.6247622817795515, 'Frag/Test': 0.8693961403991065, 'Scaf/Test': 0.16537444000346668, 'FCD/TestSF': 28.252533088372104, 'SNN/TestSF': 0.5322082167706205, 'Frag/TestSF': 0.8554779318849508, 'Scaf/TestSF': 0.023783202482868027, 'IntDiv': 0.7606646095785854, 'IntDiv2': 0.7386186494615392, 'Filters': 0.9931600547195623, 'logP': 0.28221956602271875, 'SA': 0.3665086833870523, 'QED': 0.06891208750842594, 'weight': 8.150281678232648, 'Novelty': 0.9201543484713565}
Epoch: 36:
	Train Loss: 0.492 --- Reconstruction Loss: 0.472 --- KL Loss: 50.670 --- Beta: 0.000400
	Validity: 0.73% --- Uniquene@1000: 0.54% --- Unique@10000: 0.23%

{'valid': 0.7118666666666666, 'unique@1000': 0.58, 'unique@10000': 0.2551, 'FCD/Test': 25.446931357828745, 'SNN/Test': 0.6253140321171313, 'Frag/Test': 0.8574083678425605, 'Scaf/Test': 0.17551833304757225, 'FCD/TestSF': 26.867837302945333, 'SNN/TestSF': 0.5269630781023729, 'Frag/TestSF': 0.8451485619702177, 'Scaf/TestSF': 0.016360763892173336, 'IntDiv': 0.7583166778509529, 'IntDiv2': 0.7350172799779042, 'Filters': 0.9975182618467878, 'logP': 0.3202035976848801, 'SA': 0.4115711285318129, 'QED': 0.07451893022571035, 'weight': 9.275138574297035, 'Novelty': 0.9144597457627118}
Epoch: 37:
	Train Loss: 0.484 --- Reconstruction Loss: 0.465 --- KL Loss: 42.079 --- Beta: 0.000460
	Validity: 0.71% --- Uniquene@1000: 0.58% --- Unique@10000: 0.26%

{'valid': 0.6187333333333334, 'unique@1000': 0.587, 'unique@10000': 0.2708, 'FCD/Test': 23.5109120017091, 'SNN/Test': 0.6256287554229799, 'Frag/Test': 0.8607825831481919, 'Scaf/Test': 0.20224818705434355, 'FCD/TestSF': 25.04040567444693, 'SNN/TestSF': 0.5261210909326225, 'Frag/TestSF': 0.8482455138401575, 'Scaf/TestSF': 0.016617121929177525, 'IntDiv': 0.7670649819402515, 'IntDiv2': 0.744368858459358, 'Filters': 0.9976834392845598, 'logP': 0.34652046870858105, 'SA': 0.3784200218684403, 'QED': 0.0730607683821223, 'weight': 6.710288521294924, 'Novelty': 0.9158163265306123}
Epoch: 38:
	Train Loss: 0.476 --- Reconstruction Loss: 0.458 --- KL Loss: 35.097 --- Beta: 0.000520
	Validity: 0.62% --- Uniquene@1000: 0.59% --- Unique@10000: 0.27%

{'valid': 0.7082999999999999, 'unique@1000': 0.656, 'unique@10000': 0.3263, 'FCD/Test': 23.648520561774134, 'SNN/Test': 0.6427013311023022, 'Frag/Test': 0.8776751509453676, 'Scaf/Test': 0.3127998194177528, 'FCD/TestSF': 25.10322103839455, 'SNN/TestSF': 0.5375286965974612, 'Frag/TestSF': 0.8643253052215301, 'Scaf/TestSF': 0.035153676319700455, 'IntDiv': 0.7620777652661221, 'IntDiv2': 0.742608239479073, 'Filters': 0.9956703844886818, 'logP': 0.26184920365403425, 'SA': 0.42673308455775394, 'QED': 0.05164752861925934, 'weight': 5.723564889971397, 'Novelty': 0.8871473354231975}
Epoch: 39:
	Train Loss: 0.468 --- Reconstruction Loss: 0.450 --- KL Loss: 30.837 --- Beta: 0.000580
	Validity: 0.71% --- Uniquene@1000: 0.66% --- Unique@10000: 0.33%

{'valid': 0.7352666666666667, 'unique@1000': 0.768, 'unique@10000': 0.4128, 'FCD/Test': 21.356610328509085, 'SNN/Test': 0.5941735171365958, 'Frag/Test': 0.8320946318403658, 'Scaf/Test': 0.14656241145349758, 'FCD/TestSF': 22.916945631030885, 'SNN/TestSF': 0.5092089468080769, 'Frag/TestSF': 0.8181827901026214, 'Scaf/TestSF': 0.021501350203463998, 'IntDiv': 0.7855504847543904, 'IntDiv2': 0.7690468104202146, 'Filters': 0.9926557258137637, 'logP': 0.2984120075648827, 'SA': 0.26523332519106974, 'QED': 0.07874635297205947, 'weight': 6.991566361244198, 'Novelty': 0.9248888888888889}
Epoch: 40:
	Train Loss: 0.459 --- Reconstruction Loss: 0.442 --- KL Loss: 26.863 --- Beta: 0.000640
	Validity: 0.74% --- Uniquene@1000: 0.77% --- Unique@10000: 0.41%

{'valid': 0.7653333333333333, 'unique@1000': 0.793, 'unique@10000': 0.4441, 'FCD/Test': 20.451570596684938, 'SNN/Test': 0.6221994849655271, 'Frag/Test': 0.8811031025497787, 'Scaf/Test': 0.3711103251150726, 'FCD/TestSF': 21.968350772216354, 'SNN/TestSF': 0.5273725201638629, 'Frag/TestSF': 0.8676666795865422, 'Scaf/TestSF': 0.025377905729537464, 'IntDiv': 0.7892954862519381, 'IntDiv2': 0.7723835028402573, 'Filters': 0.990418118466899, 'logP': 0.3439759120689438, 'SA': 0.3637508864625876, 'QED': 0.03531803397278458, 'weight': 10.023145283936701, 'Novelty': 0.9003601440576231}
Epoch: 41:
	Train Loss: 0.452 --- Reconstruction Loss: 0.435 --- KL Loss: 24.459 --- Beta: 0.000700
	Validity: 0.77% --- Uniquene@1000: 0.79% --- Unique@10000: 0.44%

{'valid': 0.6220333333333333, 'unique@1000': 0.816, 'unique@10000': 0.5056, 'FCD/Test': 18.02093932985774, 'SNN/Test': 0.6153175279527645, 'Frag/Test': 0.9230747348835258, 'Scaf/Test': 0.30310198716118364, 'FCD/TestSF': 19.05640720878627, 'SNN/TestSF': 0.5426500697413746, 'Frag/TestSF': 0.91386485609064, 'Scaf/TestSF': 0.06402416010729339, 'IntDiv': 0.7958870236044615, 'IntDiv2': 0.7824104784705028, 'Filters': 0.9907293285461658, 'logP': 0.4176702924694232, 'SA': 0.3194501155346228, 'QED': 0.035335385553893664, 'weight': 7.9535183385399995, 'Novelty': 0.8972638100154878}
Epoch: 42:
	Train Loss: 0.444 --- Reconstruction Loss: 0.428 --- KL Loss: 21.697 --- Beta: 0.000760
	Validity: 0.62% --- Uniquene@1000: 0.82% --- Unique@10000: 0.51%

{'valid': 0.8651666666666666, 'unique@1000': 0.817, 'unique@10000': 0.5011, 'FCD/Test': 18.842012179473826, 'SNN/Test': 0.6164443555766506, 'Frag/Test': 0.9247659706817087, 'Scaf/Test': 0.18587614033526367, 'FCD/TestSF': 19.83027299389088, 'SNN/TestSF': 0.5465031400463572, 'Frag/TestSF': 0.916523062700559, 'Scaf/TestSF': 0.05838416250614664, 'IntDiv': 0.8019259863489789, 'IntDiv2': 0.7872083620208076, 'Filters': 0.9932190329416297, 'logP': 0.36569498039173615, 'SA': 0.3324948673366099, 'QED': 0.02773828654883154, 'weight': 10.187339606800556, 'Novelty': 0.880038083148207}
Epoch: 43:
	Train Loss: 0.438 --- Reconstruction Loss: 0.422 --- KL Loss: 19.710 --- Beta: 0.000820
	Validity: 0.87% --- Uniquene@1000: 0.82% --- Unique@10000: 0.50%

{'valid': 0.8149, 'unique@1000': 0.852, 'unique@10000': 0.5488, 'FCD/Test': 17.589371628851012, 'SNN/Test': 0.6222721769977271, 'Frag/Test': 0.912859491383353, 'Scaf/Test': 0.3022269711986403, 'FCD/TestSF': 18.50775262064142, 'SNN/TestSF': 0.5532519684901592, 'Frag/TestSF': 0.9043918419651242, 'Scaf/TestSF': 0.03709706262168, 'IntDiv': 0.7999421760637411, 'IntDiv2': 0.7857729345347754, 'Filters': 0.9887920808279135, 'logP': 0.5344994268039412, 'SA': 0.35791045427993784, 'QED': 0.026291861941781246, 'weight': 9.602079816058165, 'Novelty': 0.8857729138166894}
Epoch: 44:
	Train Loss: 0.432 --- Reconstruction Loss: 0.416 --- KL Loss: 18.145 --- Beta: 0.000880
	Validity: 0.81% --- Uniquene@1000: 0.85% --- Unique@10000: 0.55%

{'valid': 0.7832333333333333, 'unique@1000': 0.853, 'unique@10000': 0.5511, 'FCD/Test': 18.066053587840642, 'SNN/Test': 0.614887657867227, 'Frag/Test': 0.8922636094384852, 'Scaf/Test': 0.24958418272331462, 'FCD/TestSF': 19.138440299451233, 'SNN/TestSF': 0.5433333873274417, 'Frag/TestSF': 0.8817384531996997, 'Scaf/TestSF': 0.05361696647842884, 'IntDiv': 0.7945617791048424, 'IntDiv2': 0.7816157151756177, 'Filters': 0.9871472953994127, 'logP': 0.3514319565890463, 'SA': 0.31655029750939, 'QED': 0.03496935276529468, 'weight': 6.469191187290307, 'Novelty': 0.895326917352912}
Epoch: 45:
	Train Loss: 0.426 --- Reconstruction Loss: 0.411 --- KL Loss: 16.867 --- Beta: 0.000940
	Validity: 0.78% --- Uniquene@1000: 0.85% --- Unique@10000: 0.55%

{'valid': 0.7696333333333334, 'unique@1000': 0.762, 'unique@10000': 0.4475, 'FCD/Test': 18.443945686000575, 'SNN/Test': 0.6066554064712258, 'Frag/Test': 0.917557577178201, 'Scaf/Test': 0.2042366942565571, 'FCD/TestSF': 19.660796332434245, 'SNN/TestSF': 0.5349146262333369, 'Frag/TestSF': 0.9079232978314278, 'Scaf/TestSF': 0.05481542924271088, 'IntDiv': 0.8013560158266488, 'IntDiv2': 0.7875614747447001, 'Filters': 0.9898219931569145, 'logP': 0.3738331332581161, 'SA': 0.25058368872082826, 'QED': 0.01027496353074009, 'weight': 18.937559201818285, 'Novelty': 0.8909633086995981}
Epoch: 46:
	Train Loss: 0.404 --- Reconstruction Loss: 0.401 --- KL Loss: 37.774 --- Beta: 0.000100
	Validity: 0.77% --- Uniquene@1000: 0.76% --- Unique@10000: 0.45%

{'valid': 0.8152, 'unique@1000': 0.809, 'unique@10000': 0.4708, 'FCD/Test': 18.205975595913202, 'SNN/Test': 0.6057399235072335, 'Frag/Test': 0.938694135598629, 'Scaf/Test': 0.20140871311884012, 'FCD/TestSF': 19.222152424340344, 'SNN/TestSF': 0.5353727870787433, 'Frag/TestSF': 0.9299209927781333, 'Scaf/TestSF': 0.08529932938949614, 'IntDiv': 0.800072055175206, 'IntDiv2': 0.7880032192552221, 'Filters': 0.9836440955184822, 'logP': 0.4099357192701238, 'SA': 0.2622457565766955, 'QED': 0.020323996119711144, 'weight': 19.32953134498174, 'Novelty': 0.8868193142721557}
Epoch: 47:
	Train Loss: 0.401 --- Reconstruction Loss: 0.395 --- KL Loss: 35.478 --- Beta: 0.000160
	Validity: 0.82% --- Uniquene@1000: 0.81% --- Unique@10000: 0.47%

{'valid': 0.6786, 'unique@1000': 0.826, 'unique@10000': 0.5031, 'FCD/Test': 19.07117954331956, 'SNN/Test': 0.5913547110652417, 'Frag/Test': 0.8868308828608681, 'Scaf/Test': 0.1373250149088342, 'FCD/TestSF': 20.293157016051424, 'SNN/TestSF': 0.5140094131264978, 'Frag/TestSF': 0.8749521422773365, 'Scaf/TestSF': 0.03186926933450751, 'IntDiv': 0.8024346515130891, 'IntDiv2': 0.7884653022979091, 'Filters': 0.9799587385794283, 'logP': 0.3688905340654822, 'SA': 0.18253091994382678, 'QED': 0.024905750923990607, 'weight': 22.381086630966287, 'Novelty': 0.9075870646766169}
Epoch: 48:
	Train Loss: 0.398 --- Reconstruction Loss: 0.391 --- KL Loss: 32.987 --- Beta: 0.000220
	Validity: 0.68% --- Uniquene@1000: 0.83% --- Unique@10000: 0.50%

{'valid': 0.6779666666666666, 'unique@1000': 0.858, 'unique@10000': 0.5416, 'FCD/Test': 17.234411986023268, 'SNN/Test': 0.5909712662140736, 'Frag/Test': 0.90029522498419, 'Scaf/Test': 0.20217683912117423, 'FCD/TestSF': 18.382720012126043, 'SNN/TestSF': 0.5141436049348456, 'Frag/TestSF': 0.8892279492547094, 'Scaf/TestSF': 0.047870596915044694, 'IntDiv': 0.8120160053735298, 'IntDiv2': 0.7994643465211577, 'Filters': 0.9876591769506858, 'logP': 0.3300275449985414, 'SA': 0.2172635688948261, 'QED': 0.006462193224253393, 'weight': 27.555555135657215, 'Novelty': 0.8933013808056601}
Epoch: 49:
	Train Loss: 0.394 --- Reconstruction Loss: 0.386 --- KL Loss: 30.841 --- Beta: 0.000280
	Validity: 0.68% --- Uniquene@1000: 0.86% --- Unique@10000: 0.54%

{'valid': 0.7299666666666667, 'unique@1000': 0.877, 'unique@10000': 0.5857, 'FCD/Test': 17.007513951276742, 'SNN/Test': 0.5769568721189788, 'Frag/Test': 0.908285631761698, 'Scaf/Test': 0.25015352171002925, 'FCD/TestSF': 18.133962110621916, 'SNN/TestSF': 0.5044691376352349, 'Frag/TestSF': 0.8971826719203283, 'Scaf/TestSF': 0.0539970141967252, 'IntDiv': 0.8119542454793915, 'IntDiv2': 0.8000354948879188, 'Filters': 0.9721905109822366, 'logP': 0.41340135318808524, 'SA': 0.1746529437411505, 'QED': 0.00790889999164669, 'weight': 25.538794180933248, 'Novelty': 0.9074417243733541}
Epoch: 50:
	Train Loss: 0.391 --- Reconstruction Loss: 0.381 --- KL Loss: 28.413 --- Beta: 0.000340
	Validity: 0.73% --- Uniquene@1000: 0.88% --- Unique@10000: 0.59%

{'valid': 0.8005, 'unique@1000': 0.897, 'unique@10000': 0.6605, 'FCD/Test': 16.725673775742344, 'SNN/Test': 0.5840410248112138, 'Frag/Test': 0.8947637535256321, 'Scaf/Test': 0.2470218246542104, 'FCD/TestSF': 18.024457445528135, 'SNN/TestSF': 0.5053501883180792, 'Frag/TestSF': 0.8816808841574616, 'Scaf/TestSF': 0.05430622342327107, 'IntDiv': 0.8122964821711112, 'IntDiv2': 0.8004923829376758, 'Filters': 0.980928586300229, 'logP': 0.26574456877704056, 'SA': 0.17504520088271727, 'QED': 0.015347250170066797, 'weight': 23.26561405251908, 'Novelty': 0.9030891302673137}
Epoch: 51:
	Train Loss: 0.386 --- Reconstruction Loss: 0.375 --- KL Loss: 26.299 --- Beta: 0.000400
	Validity: 0.80% --- Uniquene@1000: 0.90% --- Unique@10000: 0.66%

{'valid': 0.8321000000000001, 'unique@1000': 0.919, 'unique@10000': 0.69, 'FCD/Test': 16.039177344797707, 'SNN/Test': 0.5882593893111338, 'Frag/Test': 0.8908641860903699, 'Scaf/Test': 0.21936053295304347, 'FCD/TestSF': 17.226096999469675, 'SNN/TestSF': 0.5142528275695314, 'Frag/TestSF': 0.8786155251062066, 'Scaf/TestSF': 0.045737525851764715, 'IntDiv': 0.8195355691461299, 'IntDiv2': 0.8080226471088862, 'Filters': 0.9820934983775989, 'logP': 0.3335931612778053, 'SA': 0.1986268387530422, 'QED': 0.019291547232232514, 'weight': 27.071230373070946, 'Novelty': 0.8959259790560895}
Epoch: 52:
	Train Loss: 0.381 --- Reconstruction Loss: 0.370 --- KL Loss: 24.229 --- Beta: 0.000460
	Validity: 0.83% --- Uniquene@1000: 0.92% --- Unique@10000: 0.69%

{'valid': 0.8204, 'unique@1000': 0.936, 'unique@10000': 0.6993, 'FCD/Test': 16.176299532577325, 'SNN/Test': 0.591450867128531, 'Frag/Test': 0.9044518947385728, 'Scaf/Test': 0.2188467797630652, 'FCD/TestSF': 17.361003501565776, 'SNN/TestSF': 0.5123545146198674, 'Frag/TestSF': 0.892064337117005, 'Scaf/TestSF': 0.06955841808543972, 'IntDiv': 0.8151006360564368, 'IntDiv2': 0.803047924448886, 'Filters': 0.984519746465139, 'logP': 0.33507253434983664, 'SA': 0.2312496169166801, 'QED': 0.02143028674144201, 'weight': 22.646524498768343, 'Novelty': 0.8942674242969143}
Epoch: 53:
	Train Loss: 0.377 --- Reconstruction Loss: 0.365 --- KL Loss: 22.489 --- Beta: 0.000520
	Validity: 0.82% --- Uniquene@1000: 0.94% --- Unique@10000: 0.70%

{'valid': 0.7982, 'unique@1000': 0.943, 'unique@10000': 0.7482, 'FCD/Test': 13.788257212265947, 'SNN/Test': 0.5864602689527284, 'Frag/Test': 0.9256915566287389, 'Scaf/Test': 0.2493714539251014, 'FCD/TestSF': 14.973747809670101, 'SNN/TestSF': 0.5124515494457574, 'Frag/TestSF': 0.9134252316667798, 'Scaf/TestSF': 0.04529978537670987, 'IntDiv': 0.8226141700593481, 'IntDiv2': 0.811834785962656, 'Filters': 0.9749853837801721, 'logP': 0.3545386715325605, 'SA': 0.19747963594777102, 'QED': 0.018343043723890975, 'weight': 22.08174529816538, 'Novelty': 0.9022231096911608}
Epoch: 54:
	Train Loss: 0.373 --- Reconstruction Loss: 0.360 --- KL Loss: 20.916 --- Beta: 0.000580
	Validity: 0.80% --- Uniquene@1000: 0.94% --- Unique@10000: 0.75%

{'valid': 0.8437, 'unique@1000': 0.936, 'unique@10000': 0.7381, 'FCD/Test': 14.893139939860184, 'SNN/Test': 0.5841839486915362, 'Frag/Test': 0.9068620234363532, 'Scaf/Test': 0.2907448503708405, 'FCD/TestSF': 16.114996104683783, 'SNN/TestSF': 0.515107306398142, 'Frag/TestSF': 0.8961633348596286, 'Scaf/TestSF': 0.05414999304405965, 'IntDiv': 0.8238606429680198, 'IntDiv2': 0.8129882402834997, 'Filters': 0.9796926237604203, 'logP': 0.3073862112688826, 'SA': 0.18972365439232802, 'QED': 0.011777732737046737, 'weight': 26.038174139521708, 'Novelty': 0.8918954248366013}
Epoch: 55:
	Train Loss: 0.369 --- Reconstruction Loss: 0.357 --- KL Loss: 19.810 --- Beta: 0.000640
	Validity: 0.84% --- Uniquene@1000: 0.94% --- Unique@10000: 0.74%

{'valid': 0.8426333333333333, 'unique@1000': 0.963, 'unique@10000': 0.7981, 'FCD/Test': 13.913539697848513, 'SNN/Test': 0.5809581205410936, 'Frag/Test': 0.9245729686688645, 'Scaf/Test': 0.26533323105102613, 'FCD/TestSF': 14.94626212969954, 'SNN/TestSF': 0.5119084974360281, 'Frag/TestSF': 0.9149714980993501, 'Scaf/TestSF': 0.05414988294902667, 'IntDiv': 0.8278019066995572, 'IntDiv2': 0.8174010746292376, 'Filters': 0.9827524822975593, 'logP': 0.31130252073151676, 'SA': 0.18738976435592317, 'QED': 0.011808027205630435, 'weight': 24.398106282807646, 'Novelty': 0.8983735080739528}
Epoch: 56:
	Train Loss: 0.367 --- Reconstruction Loss: 0.353 --- KL Loss: 18.764 --- Beta: 0.000700
	Validity: 0.84% --- Uniquene@1000: 0.96% --- Unique@10000: 0.80%

slurmstepd: error: *** JOB 8257218 ON hpctpa3pc0030 CANCELLED AT 2024-02-15T10:04:48 ***
