2024-02-15 02:31:21.036623: E external/local_xla/xla/stream_executor/cuda/cuda_dnn.cc:9261] Unable to register cuDNN factory: Attempting to register factory for plugin cuDNN when one has already been registered
2024-02-15 02:31:21.036679: E external/local_xla/xla/stream_executor/cuda/cuda_fft.cc:607] Unable to register cuFFT factory: Attempting to register factory for plugin cuFFT when one has already been registered
2024-02-15 02:31:21.037400: E external/local_xla/xla/stream_executor/cuda/cuda_blas.cc:1515] Unable to register cuBLAS factory: Attempting to register factory for plugin cuBLAS when one has already been registered
2024-02-15 02:31:21.041351: I tensorflow/core/platform/cpu_feature_guard.cc:182] This TensorFlow binary is optimized to use available CPU instructions in performance-critical operations.
To enable the following instructions: AVX2 FMA, in other operations, rebuild TensorFlow with the appropriate compiler flags.
2024-02-15 02:31:21.862703: W tensorflow/compiler/tf2tensorrt/utils/py_utils.cc:38] TF-TRT Warning: Could not find TensorRT

Arguments:
	data_path: data/moses_train.txt
	max_len: 30
	batch: 128
	d_model: 512
	d_latent: 256
	d_ff: 1024
	e_heads: 1
	d_heads: 8
	n_layers: 6
	dropout: 0.5
	lr: 0.0005
	n_epochs: 60
	kl_type: cyclic
	kl_w_start: 0.0001
	kl_w_end: 0.0005
	kl_cycle: 4
	kl_ratio: 0.5
	save_name: klcompare

Number of data: 88192

SMILES Vocab:
	 {'<START>': 0, '<END>': 1, '<PAD>': 2, 'C': 3, 'O': 4, 'c': 5, '1': 6, '(': 7, '=': 8, ')': 9, 'N': 10, 'n': 11, '2': 12, 'F': 13, 'Cl': 14, 'Br': 15, '#': 16, '3': 17, 'S': 18, 'o': 19, '-': 20, 's': 21, '[nH]': 22, '4': 23}

Graph Vocab:
	 {'C': 0, 'O': 1, 'N': 2, 'F': 3, 'Cl': 4, 'Br': 5, 'S': 6}


KL Annealer: [0.0001     0.00015333 0.00020667 0.00026    0.00031333 0.00036667
 0.00042    0.00047333 0.0005     0.0005     0.0005     0.0005
 0.0005     0.0005     0.0005     0.0001     0.00015333 0.00020667
 0.00026    0.00031333 0.00036667 0.00042    0.00047333 0.0005
 0.0005     0.0005     0.0005     0.0005     0.0005     0.0005
 0.0001     0.00015333 0.00020667 0.00026    0.00031333 0.00036667
 0.00042    0.00047333 0.0005     0.0005     0.0005     0.0005
 0.0005     0.0005     0.0005     0.0001     0.00015333 0.00020667
 0.00026    0.00031333 0.00036667 0.00042    0.00047333 0.0005
 0.0005     0.0005     0.0005     0.0005     0.0005     0.0005    ]




#########################################################################
######################### START TRAINING ################################
#########################################################################




{'valid': 0.7014, 'unique@1000': 0.791, 'unique@10000': 0.4344, 'FCD/Test': 24.902661211514655, 'SNN/Test': 0.5902771657509287, 'Frag/Test': 0.8434413640144682, 'Scaf/Test': 0.21603526994294253, 'FCD/TestSF': 26.24421658350461, 'SNN/TestSF': 0.4971428631683876, 'Frag/TestSF': 0.8300564093108578, 'Scaf/TestSF': 0.03632132593185822, 'IntDiv': 0.7564286339883014, 'IntDiv2': 0.7406961323843001, 'Filters': 0.9863606121091151, 'logP': 0.3073005838499686, 'SA': 0.15558562922620717, 'QED': 0.09583845541455362, 'weight': 6.439712275441074, 'Novelty': 0.9472711768050028}
Epoch: 31:
	Train Loss: 0.446 --- Reconstruction Loss: 0.442 --- KL Loss: 42.414 --- Beta: 0.000100
	Validity: 0.70% --- Uniquene@1000: 0.79% --- Unique@10000: 0.43%

{'valid': 0.6147333333333334, 'unique@1000': 0.762, 'unique@10000': 0.4317, 'FCD/Test': 24.391967555636754, 'SNN/Test': 0.604261419780794, 'Frag/Test': 0.8698140097404898, 'Scaf/Test': 0.15361985184851767, 'FCD/TestSF': 25.46101906509871, 'SNN/TestSF': 0.5081261126212424, 'Frag/TestSF': 0.8568313490132375, 'Scaf/TestSF': 0.024588784620573567, 'IntDiv': 0.7599927818582557, 'IntDiv2': 0.7433004984535028, 'Filters': 0.9886129487040451, 'logP': 0.5361229356093772, 'SA': 0.1791302325459996, 'QED': 0.06523020308755186, 'weight': 4.011386715650323, 'Novelty': 0.9512649386931553}
Epoch: 32:
	Train Loss: 0.442 --- Reconstruction Loss: 0.435 --- KL Loss: 42.094 --- Beta: 0.000153
	Validity: 0.61% --- Uniquene@1000: 0.76% --- Unique@10000: 0.43%

{'valid': 0.6209666666666667, 'unique@1000': 0.827, 'unique@10000': 0.5017, 'FCD/Test': 23.490562391357386, 'SNN/Test': 0.5982228123010328, 'Frag/Test': 0.8754505950253557, 'Scaf/Test': 0.23891193014647416, 'FCD/TestSF': 24.571428815738827, 'SNN/TestSF': 0.5155631171781293, 'Frag/TestSF': 0.8640894663226358, 'Scaf/TestSF': 0.07273032938947388, 'IntDiv': 0.7671226069804691, 'IntDiv2': 0.7529709709086261, 'Filters': 0.9888882924472596, 'logP': 0.4567505498042704, 'SA': 0.19592310256300133, 'QED': 0.06228704690760048, 'weight': 5.996312550440934, 'Novelty': 0.9469197985277025}
Epoch: 33:
	Train Loss: 0.438 --- Reconstruction Loss: 0.430 --- KL Loss: 38.858 --- Beta: 0.000207
	Validity: 0.62% --- Uniquene@1000: 0.83% --- Unique@10000: 0.50%

{'valid': 0.5945333333333334, 'unique@1000': 0.866, 'unique@10000': 0.5483, 'FCD/Test': 20.82396723846695, 'SNN/Test': 0.5802700670511634, 'Frag/Test': 0.853121289140454, 'Scaf/Test': 0.15502254423838635, 'FCD/TestSF': 21.836436930568063, 'SNN/TestSF': 0.4997995472487031, 'Frag/TestSF': 0.8412415087453722, 'Scaf/TestSF': 0.03088971872262547, 'IntDiv': 0.7871483198255624, 'IntDiv2': 0.7726963366827785, 'Filters': 0.9816662928907827, 'logP': 0.45772539356763936, 'SA': 0.1421763383489171, 'QED': 0.08665485857530861, 'weight': 5.518038050692388, 'Novelty': 0.947702834799609}
Epoch: 34:
	Train Loss: 0.433 --- Reconstruction Loss: 0.424 --- KL Loss: 34.792 --- Beta: 0.000260
	Validity: 0.59% --- Uniquene@1000: 0.87% --- Unique@10000: 0.55%

{'valid': 0.5727333333333333, 'unique@1000': 0.899, 'unique@10000': 0.6296, 'FCD/Test': 20.883509143217466, 'SNN/Test': 0.5946738856090418, 'Frag/Test': 0.8994790959627335, 'Scaf/Test': 0.35602710040397745, 'FCD/TestSF': 22.046117513765076, 'SNN/TestSF': 0.5116110879378468, 'Frag/TestSF': 0.8880469032186322, 'Scaf/TestSF': 0.03267826609857538, 'IntDiv': 0.7880698172066154, 'IntDiv2': 0.7744351535115003, 'Filters': 0.9859154929577465, 'logP': 0.4479803705904589, 'SA': 0.23892217118500683, 'QED': 0.05653478820368375, 'weight': 9.25642955025894, 'Novelty': 0.9455739093604405}
Epoch: 35:
	Train Loss: 0.428 --- Reconstruction Loss: 0.419 --- KL Loss: 31.463 --- Beta: 0.000313
	Validity: 0.57% --- Uniquene@1000: 0.90% --- Unique@10000: 0.63%

{'valid': 0.48729999999999996, 'unique@1000': 0.918, 'unique@10000': 0.664, 'FCD/Test': 17.31298711037747, 'SNN/Test': 0.5890270805363371, 'Frag/Test': 0.9237500043532072, 'Scaf/Test': 0.24281633417700432, 'FCD/TestSF': 18.321584488508023, 'SNN/TestSF': 0.5178372928400895, 'Frag/TestSF': 0.9126486087935682, 'Scaf/TestSF': 0.05751553104241214, 'IntDiv': 0.8023432766170938, 'IntDiv2': 0.7913865794763141, 'Filters': 0.9776318489636774, 'logP': 0.423775684550371, 'SA': 0.197411041672382, 'QED': 0.03583663778734856, 'weight': 10.749139537125542, 'Novelty': 0.9386043390740326}
Epoch: 36:
	Train Loss: 0.425 --- Reconstruction Loss: 0.414 --- KL Loss: 28.572 --- Beta: 0.000367
	Validity: 0.49% --- Uniquene@1000: 0.92% --- Unique@10000: 0.66%

{'valid': 0.5700000000000001, 'unique@1000': 0.935, 'unique@10000': 0.712, 'FCD/Test': 18.196202012120985, 'SNN/Test': 0.5805641255706374, 'Frag/Test': 0.9021977452665401, 'Scaf/Test': 0.38779606519347676, 'FCD/TestSF': 19.211956858632014, 'SNN/TestSF': 0.5100057403316275, 'Frag/TestSF': 0.8913783122018524, 'Scaf/TestSF': 0.03749705043149665, 'IntDiv': 0.8012725294615224, 'IntDiv2': 0.7898101052324586, 'Filters': 0.9759649122807017, 'logP': 0.4321919327021796, 'SA': 0.19400771879876552, 'QED': 0.05046030360940069, 'weight': 7.121287092008842, 'Novelty': 0.9425203326327333}
Epoch: 37:
	Train Loss: 0.420 --- Reconstruction Loss: 0.410 --- KL Loss: 26.008 --- Beta: 0.000420
	Validity: 0.57% --- Uniquene@1000: 0.94% --- Unique@10000: 0.71%

{'valid': 0.5486333333333333, 'unique@1000': 0.959, 'unique@10000': 0.7713, 'FCD/Test': 16.824705717097146, 'SNN/Test': 0.5780733360454157, 'Frag/Test': 0.8932554030272568, 'Scaf/Test': 0.30564062770030587, 'FCD/TestSF': 17.647265635354017, 'SNN/TestSF': 0.5135626894125882, 'Frag/TestSF': 0.8820993049016361, 'Scaf/TestSF': 0.08552958728370186, 'IntDiv': 0.8059857655850226, 'IntDiv2': 0.795333696341274, 'Filters': 0.9628166960325658, 'logP': 0.3575592620255354, 'SA': 0.16403433525215905, 'QED': 0.0383976016410078, 'weight': 6.451154362524004, 'Novelty': 0.9336225596529284}
Epoch: 38:
	Train Loss: 0.416 --- Reconstruction Loss: 0.405 --- KL Loss: 23.936 --- Beta: 0.000473
	Validity: 0.55% --- Uniquene@1000: 0.96% --- Unique@10000: 0.77%

{'valid': 0.5415333333333333, 'unique@1000': 0.944, 'unique@10000': 0.7603, 'FCD/Test': 16.660774768314532, 'SNN/Test': 0.5860549161577774, 'Frag/Test': 0.9092460651443819, 'Scaf/Test': 0.25809716697382745, 'FCD/TestSF': 17.737270252169452, 'SNN/TestSF': 0.5143037935232538, 'Frag/TestSF': 0.8974343898916489, 'Scaf/TestSF': 0.06022845819450906, 'IntDiv': 0.7990383645448406, 'IntDiv2': 0.7882579288730482, 'Filters': 0.9747014649759941, 'logP': 0.3295280990231379, 'SA': 0.2003403122490237, 'QED': 0.053547302262779234, 'weight': 9.990929506674162, 'Novelty': 0.9346822861199858}
Epoch: 39:
	Train Loss: 0.412 --- Reconstruction Loss: 0.401 --- KL Loss: 22.867 --- Beta: 0.000500
	Validity: 0.54% --- Uniquene@1000: 0.94% --- Unique@10000: 0.76%

{'valid': 0.43079999999999996, 'unique@1000': 0.953, 'unique@10000': 0.7839, 'FCD/Test': 15.495524543700391, 'SNN/Test': 0.5697653610760842, 'Frag/Test': 0.9280547419963568, 'Scaf/Test': 0.24136642477590364, 'FCD/TestSF': 16.094932499481885, 'SNN/TestSF': 0.5154310472941425, 'Frag/TestSF': 0.9194994127087945, 'Scaf/TestSF': 0.09564164252146257, 'IntDiv': 0.8182942910049259, 'IntDiv2': 0.8075136140458273, 'Filters': 0.967966573816156, 'logP': 0.28945899654769225, 'SA': 0.12411984635481249, 'QED': 0.037021092209660204, 'weight': 9.10630027325391, 'Novelty': 0.9370586429229352}
Epoch: 40:
	Train Loss: 0.407 --- Reconstruction Loss: 0.396 --- KL Loss: 22.041 --- Beta: 0.000500
	Validity: 0.43% --- Uniquene@1000: 0.95% --- Unique@10000: 0.78%

{'valid': 0.5129, 'unique@1000': 0.964, 'unique@10000': 0.811, 'FCD/Test': 15.747039620755565, 'SNN/Test': 0.5662237510783341, 'Frag/Test': 0.920198115533079, 'Scaf/Test': 0.2874502119758463, 'FCD/TestSF': 16.57912991184154, 'SNN/TestSF': 0.5077526924003826, 'Frag/TestSF': 0.9119142619402029, 'Scaf/TestSF': 0.043708269124886456, 'IntDiv': 0.8141951974054571, 'IntDiv2': 0.8036967717380268, 'Filters': 0.9691297848833431, 'logP': 0.3660618489160582, 'SA': 0.1308926788111682, 'QED': 0.030500925680659405, 'weight': 8.709714255986837, 'Novelty': 0.9448416751787538}
Epoch: 41:
	Train Loss: 0.402 --- Reconstruction Loss: 0.391 --- KL Loss: 21.554 --- Beta: 0.000500
	Validity: 0.51% --- Uniquene@1000: 0.96% --- Unique@10000: 0.81%

{'valid': 0.5085666666666666, 'unique@1000': 0.968, 'unique@10000': 0.8353, 'FCD/Test': 14.315071316693356, 'SNN/Test': 0.559810105718791, 'Frag/Test': 0.9294899957605898, 'Scaf/Test': 0.24237219564992873, 'FCD/TestSF': 15.12263097037134, 'SNN/TestSF': 0.5016502200728937, 'Frag/TestSF': 0.9197335860913075, 'Scaf/TestSF': 0.060241809615098285, 'IntDiv': 0.8204189540706172, 'IntDiv2': 0.8111373760921596, 'Filters': 0.9686045749492036, 'logP': 0.3631072408514343, 'SA': 0.11520202424906807, 'QED': 0.03446402941044684, 'weight': 12.67650807684779, 'Novelty': 0.943705305172127}
Epoch: 42:
	Train Loss: 0.398 --- Reconstruction Loss: 0.387 --- KL Loss: 21.346 --- Beta: 0.000500
	Validity: 0.51% --- Uniquene@1000: 0.97% --- Unique@10000: 0.84%

{'valid': 0.5457000000000001, 'unique@1000': 0.965, 'unique@10000': 0.8166, 'FCD/Test': 14.973001346387043, 'SNN/Test': 0.5648180182437718, 'Frag/Test': 0.9216376491200255, 'Scaf/Test': 0.2009804835462896, 'FCD/TestSF': 15.68505646166355, 'SNN/TestSF': 0.5074003889049012, 'Frag/TestSF': 0.9122811788762037, 'Scaf/TestSF': 0.05161798173217402, 'IntDiv': 0.8185337699247391, 'IntDiv2': 0.8083830903665412, 'Filters': 0.9786207317818093, 'logP': 0.33338415920075903, 'SA': 0.12087627189950444, 'QED': 0.02727195015627041, 'weight': 11.826879895584849, 'Novelty': 0.9384281929838645}
Epoch: 43:
	Train Loss: 0.394 --- Reconstruction Loss: 0.384 --- KL Loss: 21.249 --- Beta: 0.000500
	Validity: 0.55% --- Uniquene@1000: 0.96% --- Unique@10000: 0.82%

{'valid': 0.5401666666666667, 'unique@1000': 0.96, 'unique@10000': 0.8331, 'FCD/Test': 14.641661821998461, 'SNN/Test': 0.569442485718402, 'Frag/Test': 0.9365430812945239, 'Scaf/Test': 0.327007834280554, 'FCD/TestSF': 15.295253456715578, 'SNN/TestSF': 0.5131583140380807, 'Frag/TestSF': 0.9286317197178943, 'Scaf/TestSF': 0.040426800218183345, 'IntDiv': 0.825659099164365, 'IntDiv2': 0.8155013670931552, 'Filters': 0.9663684048133292, 'logP': 0.38057257167268016, 'SA': 0.1313267945273527, 'QED': 0.01754105810247767, 'weight': 16.781203251493288, 'Novelty': 0.9273226185809487}
Epoch: 44:
	Train Loss: 0.389 --- Reconstruction Loss: 0.379 --- KL Loss: 20.985 --- Beta: 0.000500
	Validity: 0.54% --- Uniquene@1000: 0.96% --- Unique@10000: 0.83%

{'valid': 0.5999666666666666, 'unique@1000': 0.966, 'unique@10000': 0.8223, 'FCD/Test': 14.684051297856954, 'SNN/Test': 0.5666650112860534, 'Frag/Test': 0.924124467073687, 'Scaf/Test': 0.2761368540020339, 'FCD/TestSF': 15.242507571229147, 'SNN/TestSF': 0.5078950273471711, 'Frag/TestSF': 0.9153480535596734, 'Scaf/TestSF': 0.05763475417581543, 'IntDiv': 0.8250750495864054, 'IntDiv2': 0.814981170627932, 'Filters': 0.9686093671870659, 'logP': 0.3714174020683609, 'SA': 0.11974478726305852, 'QED': 0.02259178605725848, 'weight': 13.534452861372422, 'Novelty': 0.9341960956350077}
Epoch: 45:
	Train Loss: 0.385 --- Reconstruction Loss: 0.374 --- KL Loss: 20.797 --- Beta: 0.000500
	Validity: 0.60% --- Uniquene@1000: 0.97% --- Unique@10000: 0.82%

{'valid': 0.6660666666666666, 'unique@1000': 0.967, 'unique@10000': 0.8209, 'FCD/Test': 15.280750538104321, 'SNN/Test': 0.5526687034438673, 'Frag/Test': 0.9280715279598029, 'Scaf/Test': 0.2616055156379071, 'FCD/TestSF': 16.160004621130007, 'SNN/TestSF': 0.4918574824610065, 'Frag/TestSF': 0.9182085745065526, 'Scaf/TestSF': 0.07687801174693165, 'IntDiv': 0.8258779734081118, 'IntDiv2': 0.815910186391773, 'Filters': 0.965268741867681, 'logP': 0.2168440144308939, 'SA': 0.07276129330344457, 'QED': 0.01638219116593522, 'weight': 22.034758528043128, 'Novelty': 0.9418983050847458}
Epoch: 46:
	Train Loss: 0.372 --- Reconstruction Loss: 0.369 --- KL Loss: 33.246 --- Beta: 0.000100
	Validity: 0.67% --- Uniquene@1000: 0.97% --- Unique@10000: 0.82%

{'valid': 0.6658, 'unique@1000': 0.957, 'unique@10000': 0.8168, 'FCD/Test': 16.154748659635416, 'SNN/Test': 0.558491342217312, 'Frag/Test': 0.9113976430542264, 'Scaf/Test': 0.23049493590522108, 'FCD/TestSF': 17.148966598186405, 'SNN/TestSF': 0.4909205829564833, 'Frag/TestSF': 0.9005471277057803, 'Scaf/TestSF': 0.06269998831226409, 'IntDiv': 0.8138128852848872, 'IntDiv2': 0.8032343596572752, 'Filters': 0.9809752678482027, 'logP': 0.3621206198188104, 'SA': 0.11325598630222339, 'QED': 0.03767546329227658, 'weight': 19.592435747641808, 'Novelty': 0.9385048783839495}
Epoch: 47:
	Train Loss: 0.369 --- Reconstruction Loss: 0.364 --- KL Loss: 32.976 --- Beta: 0.000153
	Validity: 0.67% --- Uniquene@1000: 0.96% --- Unique@10000: 0.82%

{'valid': 0.7173666666666667, 'unique@1000': 0.97, 'unique@10000': 0.8421, 'FCD/Test': 15.243066422361409, 'SNN/Test': 0.5649972677273764, 'Frag/Test': 0.9024452346889262, 'Scaf/Test': 0.2893032952912449, 'FCD/TestSF': 16.131893042513028, 'SNN/TestSF': 0.5017909654311202, 'Frag/TestSF': 0.8915089137724576, 'Scaf/TestSF': 0.051590525264727294, 'IntDiv': 0.8206577071796157, 'IntDiv2': 0.8102429354564035, 'Filters': 0.9694716788253334, 'logP': 0.3663951314798262, 'SA': 0.13753114654892498, 'QED': 0.03178710582112402, 'weight': 17.796599704033014, 'Novelty': 0.9295061728395062}
Epoch: 48:
	Train Loss: 0.367 --- Reconstruction Loss: 0.361 --- KL Loss: 30.645 --- Beta: 0.000207
	Validity: 0.72% --- Uniquene@1000: 0.97% --- Unique@10000: 0.84%

{'valid': 0.5129333333333334, 'unique@1000': 0.975, 'unique@10000': 0.8492, 'FCD/Test': 15.055135331895528, 'SNN/Test': 0.5274668160553858, 'Frag/Test': 0.9206824990361026, 'Scaf/Test': 0.2017414533761418, 'FCD/TestSF': 15.784012982749175, 'SNN/TestSF': 0.4697922002790437, 'Frag/TestSF': 0.9113599075294423, 'Scaf/TestSF': 0.03910229033239421, 'IntDiv': 0.8387994219696364, 'IntDiv2': 0.828380301450057, 'Filters': 0.9693267481154146, 'logP': 0.47461766895623686, 'SA': 0.014760357486988568, 'QED': 0.019666904686178786, 'weight': 23.350821987070624, 'Novelty': 0.9495087775809309}
Epoch: 49:
	Train Loss: 0.365 --- Reconstruction Loss: 0.358 --- KL Loss: 28.527 --- Beta: 0.000260
	Validity: 0.51% --- Uniquene@1000: 0.97% --- Unique@10000: 0.85%

{'valid': 0.5748, 'unique@1000': 0.971, 'unique@10000': 0.8189, 'FCD/Test': 14.737930014361943, 'SNN/Test': 0.5612388773845274, 'Frag/Test': 0.9363485574242352, 'Scaf/Test': 0.24542217032862879, 'FCD/TestSF': 15.50539898542921, 'SNN/TestSF': 0.49845912131908404, 'Frag/TestSF': 0.9259713245510951, 'Scaf/TestSF': 0.05875390198173014, 'IntDiv': 0.8267092819571968, 'IntDiv2': 0.816422457923321, 'Filters': 0.9693226629552308, 'logP': 0.2624476651971105, 'SA': 0.12850954419407154, 'QED': 0.011491235813237934, 'weight': 25.574342060331904, 'Novelty': 0.9273854158696151}
Epoch: 50:
	Train Loss: 0.362 --- Reconstruction Loss: 0.354 --- KL Loss: 26.436 --- Beta: 0.000313
	Validity: 0.57% --- Uniquene@1000: 0.97% --- Unique@10000: 0.82%

{'valid': 0.6450333333333333, 'unique@1000': 0.986, 'unique@10000': 0.8744, 'FCD/Test': 13.349492125663218, 'SNN/Test': 0.5600309077605838, 'Frag/Test': 0.9380670008644533, 'Scaf/Test': 0.2924121093935035, 'FCD/TestSF': 14.231958357629182, 'SNN/TestSF': 0.5005902100068939, 'Frag/TestSF': 0.9289755754499159, 'Scaf/TestSF': 0.0634122627857352, 'IntDiv': 0.8336936145894075, 'IntDiv2': 0.8241737183280335, 'Filters': 0.9723528499819131, 'logP': 0.1955351419449367, 'SA': 0.09314588331337526, 'QED': 0.009075884745192837, 'weight': 21.987865968649583, 'Novelty': 0.9269316375198728}
Epoch: 51:
	Train Loss: 0.361 --- Reconstruction Loss: 0.352 --- KL Loss: 24.702 --- Beta: 0.000367
	Validity: 0.65% --- Uniquene@1000: 0.99% --- Unique@10000: 0.87%

{'valid': 0.5280666666666667, 'unique@1000': 0.981, 'unique@10000': 0.8618, 'FCD/Test': 13.463307445224522, 'SNN/Test': 0.5469546484880986, 'Frag/Test': 0.9126837484549429, 'Scaf/Test': 0.2552310824449171, 'FCD/TestSF': 14.481954416230181, 'SNN/TestSF': 0.4822783824952319, 'Frag/TestSF': 0.9011870883659969, 'Scaf/TestSF': 0.029693745399472782, 'IntDiv': 0.8294347511819511, 'IntDiv2': 0.8198143345547582, 'Filters': 0.9721626057315995, 'logP': 0.16301830512813034, 'SA': 0.04710985132307006, 'QED': 0.031075797200097174, 'weight': 22.603227342389903, 'Novelty': 0.9367010626828892}
Epoch: 52:
	Train Loss: 0.359 --- Reconstruction Loss: 0.349 --- KL Loss: 23.258 --- Beta: 0.000420
	Validity: 0.53% --- Uniquene@1000: 0.98% --- Unique@10000: 0.86%

{'valid': 0.7259666666666666, 'unique@1000': 0.98, 'unique@10000': 0.8864, 'FCD/Test': 13.153499506363843, 'SNN/Test': 0.5570002928697086, 'Frag/Test': 0.9174238485928946, 'Scaf/Test': 0.29647829045347707, 'FCD/TestSF': 13.709699241511395, 'SNN/TestSF': 0.5010721012098116, 'Frag/TestSF': 0.9087199101995493, 'Scaf/TestSF': 0.055102696746128, 'IntDiv': 0.8351277005703349, 'IntDiv2': 0.8258160165944508, 'Filters': 0.966986546673401, 'logP': 0.3003208790604577, 'SA': 0.09858794804108445, 'QED': 0.017913808025077377, 'weight': 18.74679248056352, 'Novelty': 0.927843137254902}
Epoch: 53:
	Train Loss: 0.357 --- Reconstruction Loss: 0.347 --- KL Loss: 21.980 --- Beta: 0.000473
	Validity: 0.73% --- Uniquene@1000: 0.98% --- Unique@10000: 0.89%

{'valid': 0.6644333333333333, 'unique@1000': 0.99, 'unique@10000': 0.9226, 'FCD/Test': 12.388217994994093, 'SNN/Test': 0.5333518075185264, 'Frag/Test': 0.9272555269237707, 'Scaf/Test': 0.272779817008971, 'FCD/TestSF': 12.873295984788058, 'SNN/TestSF': 0.48875606420801687, 'Frag/TestSF': 0.9202817654858093, 'Scaf/TestSF': 0.06145764626944927, 'IntDiv': 0.8456073296492743, 'IntDiv2': 0.8365494965593337, 'Filters': 0.9551999197310992, 'logP': 0.18197155989561012, 'SA': 0.03166419388092363, 'QED': 0.01422756752900008, 'weight': 17.027965816930912, 'Novelty': 0.9462105505643861}
Epoch: 54:
	Train Loss: 0.354 --- Reconstruction Loss: 0.344 --- KL Loss: 21.098 --- Beta: 0.000500
	Validity: 0.66% --- Uniquene@1000: 0.99% --- Unique@10000: 0.92%

{'valid': 0.5898333333333333, 'unique@1000': 0.988, 'unique@10000': 0.9072, 'FCD/Test': 12.933686516517206, 'SNN/Test': 0.5336995380928234, 'Frag/Test': 0.923731527315693, 'Scaf/Test': 0.32304515523498756, 'FCD/TestSF': 13.659897482409619, 'SNN/TestSF': 0.4798725681365227, 'Frag/TestSF': 0.9156429599062281, 'Scaf/TestSF': 0.061773241272809476, 'IntDiv': 0.8421973643613889, 'IntDiv2': 0.8333256384575328, 'Filters': 0.9614015258547612, 'logP': 0.2978918998848751, 'SA': 0.009297540376024212, 'QED': 0.012760103831659094, 'weight': 21.604967736391586, 'Novelty': 0.9400861506330767}
Epoch: 55:
	Train Loss: 0.352 --- Reconstruction Loss: 0.341 --- KL Loss: 20.955 --- Beta: 0.000500
	Validity: 0.59% --- Uniquene@1000: 0.99% --- Unique@10000: 0.91%

{'valid': 0.5407, 'unique@1000': 0.99, 'unique@10000': 0.9152, 'FCD/Test': 13.021448565031974, 'SNN/Test': 0.5309807810844898, 'Frag/Test': 0.9148330269631195, 'Scaf/Test': 0.259041739139232, 'FCD/TestSF': 13.803295006685339, 'SNN/TestSF': 0.4767731016515679, 'Frag/TestSF': 0.9062340965687888, 'Scaf/TestSF': 0.046876364180767904, 'IntDiv': 0.846810682021126, 'IntDiv2': 0.8370991754174542, 'Filters': 0.9580173848714629, 'logP': 0.18040583959998646, 'SA': 0.01468658483226755, 'QED': 0.022155184202874698, 'weight': 23.880236646072934, 'Novelty': 0.9368568428421421}
Epoch: 56:
	Train Loss: 0.348 --- Reconstruction Loss: 0.338 --- KL Loss: 20.821 --- Beta: 0.000500
	Validity: 0.54% --- Uniquene@1000: 0.99% --- Unique@10000: 0.92%

{'valid': 0.6728333333333334, 'unique@1000': 0.988, 'unique@10000': 0.8983, 'FCD/Test': 13.164450534070212, 'SNN/Test': 0.5469353053529634, 'Frag/Test': 0.9078121867339255, 'Scaf/Test': 0.32132045697003697, 'FCD/TestSF': 13.973833867108418, 'SNN/TestSF': 0.4896890395166616, 'Frag/TestSF': 0.8977366919241565, 'Scaf/TestSF': 0.038992047631861815, 'IntDiv': 0.8410369280664604, 'IntDiv2': 0.8316029743046186, 'Filters': 0.9587317314837751, 'logP': 0.19620976981079033, 'SA': 0.07752410856028713, 'QED': 0.017784488623038726, 'weight': 25.96077895908829, 'Novelty': 0.9299269212635549}
Epoch: 57:
	Train Loss: 0.346 --- Reconstruction Loss: 0.336 --- KL Loss: 20.633 --- Beta: 0.000500
	Validity: 0.67% --- Uniquene@1000: 0.99% --- Unique@10000: 0.90%

{'valid': 0.4550333333333333, 'unique@1000': 0.987, 'unique@10000': 0.8866, 'FCD/Test': 12.315805407250046, 'SNN/Test': 0.539035876374412, 'Frag/Test': 0.8972181248272514, 'Scaf/Test': 0.3276936954883838, 'FCD/TestSF': 12.982449788293017, 'SNN/TestSF': 0.4886341230315731, 'Frag/TestSF': 0.888213832974425, 'Scaf/TestSF': 0.06657484676051928, 'IntDiv': 0.8435687605138121, 'IntDiv2': 0.8336922301451459, 'Filters': 0.9485019412497253, 'logP': 0.26348261361810876, 'SA': 0.02858610709046684, 'QED': 0.011856738076043531, 'weight': 22.4891115090996, 'Novelty': 0.9304531977975434}
Epoch: 58:
	Train Loss: 0.343 --- Reconstruction Loss: 0.333 --- KL Loss: 20.647 --- Beta: 0.000500
	Validity: 0.46% --- Uniquene@1000: 0.99% --- Unique@10000: 0.89%

{'valid': 0.6838333333333333, 'unique@1000': 0.982, 'unique@10000': 0.9094, 'FCD/Test': 12.767466096952248, 'SNN/Test': 0.5431410575709109, 'Frag/Test': 0.923214685812649, 'Scaf/Test': 0.326364552298972, 'FCD/TestSF': 13.31341941144187, 'SNN/TestSF': 0.4956366130383515, 'Frag/TestSF': 0.9159786068769864, 'Scaf/TestSF': 0.08108623855591357, 'IntDiv': 0.8415910040162097, 'IntDiv2': 0.8324926685977272, 'Filters': 0.9702169144528394, 'logP': 0.23161775427044365, 'SA': 0.06282611817009426, 'QED': 0.014396297286120194, 'weight': 21.341427670757216, 'Novelty': 0.9334784850741993}
Epoch: 59:
	Train Loss: 0.341 --- Reconstruction Loss: 0.331 --- KL Loss: 20.577 --- Beta: 0.000500
	Validity: 0.68% --- Uniquene@1000: 0.98% --- Unique@10000: 0.91%

{'valid': 0.5373333333333333, 'unique@1000': 0.989, 'unique@10000': 0.9199, 'FCD/Test': 12.500750446814678, 'SNN/Test': 0.517475192933794, 'Frag/Test': 0.9067091333435371, 'Scaf/Test': 0.2690595321868907, 'FCD/TestSF': 13.040898347278215, 'SNN/TestSF': 0.47326708836642745, 'Frag/TestSF': 0.8979124229601082, 'Scaf/TestSF': 0.04276839632287688, 'IntDiv': 0.8505402285739327, 'IntDiv2': 0.8415547401006671, 'Filters': 0.9586228287841191, 'logP': 0.14829859651000857, 'SA': 0.08033141531724779, 'QED': 0.01733217444092149, 'weight': 22.33746239083201, 'Novelty': 0.946541977807244}
Epoch: 60:
	Train Loss: 0.339 --- Reconstruction Loss: 0.329 --- KL Loss: 20.401 --- Beta: 0.000500
	Validity: 0.54% --- Uniquene@1000: 0.99% --- Unique@10000: 0.92%

