2024-02-15 02:31:21.026212: E external/local_xla/xla/stream_executor/cuda/cuda_dnn.cc:9261] Unable to register cuDNN factory: Attempting to register factory for plugin cuDNN when one has already been registered
2024-02-15 02:31:21.026296: E external/local_xla/xla/stream_executor/cuda/cuda_fft.cc:607] Unable to register cuFFT factory: Attempting to register factory for plugin cuFFT when one has already been registered
2024-02-15 02:31:21.028300: E external/local_xla/xla/stream_executor/cuda/cuda_blas.cc:1515] Unable to register cuBLAS factory: Attempting to register factory for plugin cuBLAS when one has already been registered
2024-02-15 02:31:21.035284: I tensorflow/core/platform/cpu_feature_guard.cc:182] This TensorFlow binary is optimized to use available CPU instructions in performance-critical operations.
To enable the following instructions: AVX2 FMA, in other operations, rebuild TensorFlow with the appropriate compiler flags.
2024-02-15 02:31:21.844411: W tensorflow/compiler/tf2tensorrt/utils/py_utils.cc:38] TF-TRT Warning: Could not find TensorRT

Arguments:
	data_path: data/moses_train.txt
	max_len: 30
	batch: 128
	d_model: 512
	d_latent: 256
	d_ff: 1024
	e_heads: 1
	d_heads: 8
	n_layers: 6
	dropout: 0.5
	lr: 0.0005
	n_epochs: 60
	kl_type: cyclic
	kl_w_start: 0.0001
	kl_w_end: 0.001
	kl_cycle: 2
	kl_ratio: 1.0
	save_name: klcompare

Number of data: 88192

SMILES Vocab:
	 {'<START>': 0, '<END>': 1, '<PAD>': 2, 'C': 3, 'O': 4, 'c': 5, '1': 6, '(': 7, '=': 8, ')': 9, 'N': 10, 'n': 11, '2': 12, 'F': 13, 'Cl': 14, 'Br': 15, '#': 16, '3': 17, 'S': 18, 'o': 19, '-': 20, 's': 21, '[nH]': 22, '4': 23}

Graph Vocab:
	 {'C': 0, 'O': 1, 'N': 2, 'F': 3, 'Cl': 4, 'Br': 5, 'S': 6}


KL Annealer: [0.0001  0.00013 0.00016 0.00019 0.00022 0.00025 0.00028 0.00031 0.00034
 0.00037 0.0004  0.00043 0.00046 0.00049 0.00052 0.00055 0.00058 0.00061
 0.00064 0.00067 0.0007  0.00073 0.00076 0.00079 0.00082 0.00085 0.00088
 0.00091 0.00094 0.00097 0.0001  0.00013 0.00016 0.00019 0.00022 0.00025
 0.00028 0.00031 0.00034 0.00037 0.0004  0.00043 0.00046 0.00049 0.00052
 0.00055 0.00058 0.00061 0.00064 0.00067 0.0007  0.00073 0.00076 0.00079
 0.00082 0.00085 0.00088 0.00091 0.00094 0.00097]




#########################################################################
######################### START TRAINING ################################
#########################################################################




{'valid': 0.5367999999999999, 'unique@1000': 0.772, 'unique@10000': 0.4271, 'FCD/Test': 22.586838575565302, 'SNN/Test': 0.6047822595571648, 'Frag/Test': 0.8554217126397682, 'Scaf/Test': 0.16849224718078037, 'FCD/TestSF': 23.83374102196862, 'SNN/TestSF': 0.5182428001909634, 'Frag/TestSF': 0.8418917207486641, 'Scaf/TestSF': 0.01460636243750546, 'IntDiv': 0.7823504637588727, 'IntDiv2': 0.7668852523676667, 'Filters': 0.9846000993541977, 'logP': 0.25627269682446385, 'SA': 0.2467428845663582, 'QED': 0.025181610678663185, 'weight': 13.398023132161383, 'Novelty': 0.9025985200481845}
Epoch: 31:
	Train Loss: 0.448 --- Reconstruction Loss: 0.445 --- KL Loss: 34.638 --- Beta: 0.000100
	Validity: 0.54% --- Uniquene@1000: 0.77% --- Unique@10000: 0.43%

{'valid': 0.6923, 'unique@1000': 0.838, 'unique@10000': 0.4916, 'FCD/Test': 22.603248845085986, 'SNN/Test': 0.5951481576033381, 'Frag/Test': 0.8718667036585551, 'Scaf/Test': 0.1669463065841491, 'FCD/TestSF': 23.758019833301944, 'SNN/TestSF': 0.5120984038124707, 'Frag/TestSF': 0.8605017976662901, 'Scaf/TestSF': 0.019488802850866516, 'IntDiv': 0.7809246100280129, 'IntDiv2': 0.7679198066021026, 'Filters': 0.9914295344022341, 'logP': 0.47268455744822413, 'SA': 0.23184349661213716, 'QED': 0.03465836440059817, 'weight': 5.06905008379292, 'Novelty': 0.9324530218384967}
Epoch: 32:
	Train Loss: 0.444 --- Reconstruction Loss: 0.439 --- KL Loss: 36.243 --- Beta: 0.000130
	Validity: 0.69% --- Uniquene@1000: 0.84% --- Unique@10000: 0.49%

{'valid': 0.6783333333333333, 'unique@1000': 0.809, 'unique@10000': 0.4849, 'FCD/Test': 23.851883471746177, 'SNN/Test': 0.58958961197873, 'Frag/Test': 0.8491519179312691, 'Scaf/Test': 0.19125749351091814, 'FCD/TestSF': 25.142272129531136, 'SNN/TestSF': 0.49810151435306677, 'Frag/TestSF': 0.8357374082858977, 'Scaf/TestSF': 0.016046891328503454, 'IntDiv': 0.7762904806482943, 'IntDiv2': 0.762878663724679, 'Filters': 0.988992628992629, 'logP': 0.33192581042573727, 'SA': 0.1806865434720449, 'QED': 0.05515319392670803, 'weight': 6.122674757937813, 'Novelty': 0.9392958840279575}
Epoch: 33:
	Train Loss: 0.441 --- Reconstruction Loss: 0.435 --- KL Loss: 35.433 --- Beta: 0.000160
	Validity: 0.68% --- Uniquene@1000: 0.81% --- Unique@10000: 0.48%

{'valid': 0.6472333333333333, 'unique@1000': 0.821, 'unique@10000': 0.4914, 'FCD/Test': 22.228836994084375, 'SNN/Test': 0.5853726524534852, 'Frag/Test': 0.8684753320741752, 'Scaf/Test': 0.059200309352174574, 'FCD/TestSF': 23.334299262514527, 'SNN/TestSF': 0.5006950823723021, 'Frag/TestSF': 0.8574774450064498, 'Scaf/TestSF': 0.006932917095890612, 'IntDiv': 0.7908208617252306, 'IntDiv2': 0.7752431231800714, 'Filters': 0.9880002060050471, 'logP': 0.4082805133841627, 'SA': 0.1676512699458919, 'QED': 0.029572509576947927, 'weight': 8.775167285109555, 'Novelty': 0.9307296477107798}
Epoch: 34:
	Train Loss: 0.436 --- Reconstruction Loss: 0.430 --- KL Loss: 33.900 --- Beta: 0.000190
	Validity: 0.65% --- Uniquene@1000: 0.82% --- Unique@10000: 0.49%

{'valid': 0.5019666666666667, 'unique@1000': 0.852, 'unique@10000': 0.5598, 'FCD/Test': 22.05369313875172, 'SNN/Test': 0.5838639376881319, 'Frag/Test': 0.874100862885152, 'Scaf/Test': 0.21841022522469, 'FCD/TestSF': 23.322762490316826, 'SNN/TestSF': 0.5002244445365124, 'Frag/TestSF': 0.8612767170487236, 'Scaf/TestSF': 0.02012403732404855, 'IntDiv': 0.7898318309632513, 'IntDiv2': 0.7761039918845942, 'Filters': 0.9813400624211435, 'logP': 0.40082787196517194, 'SA': 0.15619251846397267, 'QED': 0.04086465637496676, 'weight': 7.753720195470801, 'Novelty': 0.9376415722851432}
Epoch: 35:
	Train Loss: 0.432 --- Reconstruction Loss: 0.425 --- KL Loss: 32.084 --- Beta: 0.000220
	Validity: 0.50% --- Uniquene@1000: 0.85% --- Unique@10000: 0.56%

{'valid': 0.6754, 'unique@1000': 0.871, 'unique@10000': 0.5672, 'FCD/Test': 18.840179567010324, 'SNN/Test': 0.6002626097797407, 'Frag/Test': 0.9158436321780061, 'Scaf/Test': 0.27129471005283334, 'FCD/TestSF': 19.942729516039208, 'SNN/TestSF': 0.522343259940536, 'Frag/TestSF': 0.9049707818675696, 'Scaf/TestSF': 0.03572330214305641, 'IntDiv': 0.8006456236378058, 'IntDiv2': 0.7876316843408631, 'Filters': 0.980406672589083, 'logP': 0.43692693018217293, 'SA': 0.2247254572237879, 'QED': 0.026231888614434623, 'weight': 14.378431970954361, 'Novelty': 0.9217672413793103}
Epoch: 36:
	Train Loss: 0.428 --- Reconstruction Loss: 0.421 --- KL Loss: 30.465 --- Beta: 0.000250
	Validity: 0.68% --- Uniquene@1000: 0.87% --- Unique@10000: 0.57%

{'valid': 0.6729333333333334, 'unique@1000': 0.895, 'unique@10000': 0.6102, 'FCD/Test': 20.64521800845958, 'SNN/Test': 0.5979537320913231, 'Frag/Test': 0.895538509159459, 'Scaf/Test': 0.2778739079606174, 'FCD/TestSF': 21.74330880571356, 'SNN/TestSF': 0.5210593432078793, 'Frag/TestSF': 0.884913321118601, 'Scaf/TestSF': 0.020793651599191887, 'IntDiv': 0.7985489524930003, 'IntDiv2': 0.7856554215951851, 'Filters': 0.9784525460669705, 'logP': 0.38974998364067537, 'SA': 0.2417079367953595, 'QED': 0.02347692703612431, 'weight': 11.58044503827714, 'Novelty': 0.9210167510712894}
Epoch: 37:
	Train Loss: 0.423 --- Reconstruction Loss: 0.415 --- KL Loss: 28.638 --- Beta: 0.000280
	Validity: 0.67% --- Uniquene@1000: 0.90% --- Unique@10000: 0.61%

{'valid': 0.6987666666666666, 'unique@1000': 0.911, 'unique@10000': 0.6512, 'FCD/Test': 18.603733105024503, 'SNN/Test': 0.5913492545065395, 'Frag/Test': 0.8975191948584323, 'Scaf/Test': 0.20837948157866493, 'FCD/TestSF': 19.466582467825035, 'SNN/TestSF': 0.5214254570412213, 'Frag/TestSF': 0.8863803934867369, 'Scaf/TestSF': 0.047961763682011216, 'IntDiv': 0.8056968483258382, 'IntDiv2': 0.7936139495489437, 'Filters': 0.982588369985212, 'logP': 0.29974719954770024, 'SA': 0.20264198364134803, 'QED': 0.026528143627518333, 'weight': 15.583454699305792, 'Novelty': 0.9156059285091543}
Epoch: 38:
	Train Loss: 0.419 --- Reconstruction Loss: 0.411 --- KL Loss: 27.393 --- Beta: 0.000310
	Validity: 0.70% --- Uniquene@1000: 0.91% --- Unique@10000: 0.65%

{'valid': 0.5446, 'unique@1000': 0.912, 'unique@10000': 0.6631, 'FCD/Test': 17.157395662438702, 'SNN/Test': 0.5816637010781341, 'Frag/Test': 0.9175132438417594, 'Scaf/Test': 0.170455280395709, 'FCD/TestSF': 18.120102276616777, 'SNN/TestSF': 0.5092998677662879, 'Frag/TestSF': 0.9071594033326864, 'Scaf/TestSF': 0.020101768501788908, 'IntDiv': 0.8107017743066055, 'IntDiv2': 0.7999520501180921, 'Filters': 0.9681111519157791, 'logP': 0.3384133880534793, 'SA': 0.1645626524575686, 'QED': 0.020360632478030834, 'weight': 15.305988206284571, 'Novelty': 0.9174378704377665}
Epoch: 39:
	Train Loss: 0.414 --- Reconstruction Loss: 0.405 --- KL Loss: 26.315 --- Beta: 0.000340
	Validity: 0.54% --- Uniquene@1000: 0.91% --- Unique@10000: 0.66%

{'valid': 0.6065, 'unique@1000': 0.925, 'unique@10000': 0.7067, 'FCD/Test': 16.2659821034092, 'SNN/Test': 0.584514284852148, 'Frag/Test': 0.9018286916089754, 'Scaf/Test': 0.22203308412672362, 'FCD/TestSF': 17.010221234774235, 'SNN/TestSF': 0.5146475171061721, 'Frag/TestSF': 0.8933305678834507, 'Scaf/TestSF': 0.03102755690199932, 'IntDiv': 0.818007870350818, 'IntDiv2': 0.8058448043985748, 'Filters': 0.9744435284418796, 'logP': 0.32822270563917294, 'SA': 0.1478761725488101, 'QED': 0.026030579779931486, 'weight': 12.161775766920297, 'Novelty': 0.9261892223977533}
Epoch: 40:
	Train Loss: 0.408 --- Reconstruction Loss: 0.399 --- KL Loss: 24.843 --- Beta: 0.000370
	Validity: 0.61% --- Uniquene@1000: 0.93% --- Unique@10000: 0.71%

{'valid': 0.5194333333333334, 'unique@1000': 0.923, 'unique@10000': 0.7253, 'FCD/Test': 15.980062034049595, 'SNN/Test': 0.5732543248414749, 'Frag/Test': 0.9241623494612792, 'Scaf/Test': 0.1807222717424889, 'FCD/TestSF': 16.892954340211944, 'SNN/TestSF': 0.5027469398312427, 'Frag/TestSF': 0.9161086483702036, 'Scaf/TestSF': 0.016494072967447093, 'IntDiv': 0.8217285793799454, 'IntDiv2': 0.8106509262753261, 'Filters': 0.9757427966373612, 'logP': 0.34924357115907084, 'SA': 0.1363173125374788, 'QED': 0.027373917777736324, 'weight': 17.055810047431624, 'Novelty': 0.9367832706948058}
Epoch: 41:
	Train Loss: 0.405 --- Reconstruction Loss: 0.395 --- KL Loss: 23.447 --- Beta: 0.000400
	Validity: 0.52% --- Uniquene@1000: 0.92% --- Unique@10000: 0.73%

{'valid': 0.6159666666666667, 'unique@1000': 0.95, 'unique@10000': 0.7767, 'FCD/Test': 15.786956723291524, 'SNN/Test': 0.5754473992903657, 'Frag/Test': 0.9375634850137785, 'Scaf/Test': 0.2705114810909758, 'FCD/TestSF': 16.611416284137412, 'SNN/TestSF': 0.5142274658200261, 'Frag/TestSF': 0.9299072681065107, 'Scaf/TestSF': 0.038034717671169505, 'IntDiv': 0.8199980320407005, 'IntDiv2': 0.8099030382449632, 'Filters': 0.9725634504031604, 'logP': 0.39272467416006906, 'SA': 0.16764534391143016, 'QED': 0.02161086380341494, 'weight': 16.511680948253343, 'Novelty': 0.932108377452507}
Epoch: 42:
	Train Loss: 0.400 --- Reconstruction Loss: 0.390 --- KL Loss: 22.341 --- Beta: 0.000430
	Validity: 0.62% --- Uniquene@1000: 0.95% --- Unique@10000: 0.78%

/home/80027464/graphvae/metrics.py:527: UserWarning: Can't compute unique@10000.gen contains only 9631 molecules
  warnings.warn(
{'valid': 0.3210333333333333, 'unique@1000': 0.959, 'unique@10000': 0.7898452912470149, 'FCD/Test': 15.137410305658634, 'SNN/Test': 0.540344460602676, 'Frag/Test': 0.8946330924420991, 'Scaf/Test': 0.17198557308925788, 'FCD/TestSF': 15.960816641065648, 'SNN/TestSF': 0.4842704252799517, 'Frag/TestSF': 0.8865563351201903, 'Scaf/TestSF': 0.020868946162980517, 'IntDiv': 0.8325679253689809, 'IntDiv2': 0.8219994152932711, 'Filters': 0.9630360294881113, 'logP': 0.2808213480710065, 'SA': 0.020379351923418196, 'QED': 0.03198264601042296, 'weight': 13.541027345912331, 'Novelty': 0.954252662021822}
Epoch: 43:
	Train Loss: 0.396 --- Reconstruction Loss: 0.386 --- KL Loss: 21.464 --- Beta: 0.000460
	Validity: 0.32% --- Uniquene@1000: 0.96% --- Unique@10000: 0.79%

{'valid': 0.42879999999999996, 'unique@1000': 0.957, 'unique@10000': 0.7797, 'FCD/Test': 14.740352500393627, 'SNN/Test': 0.5648913315267983, 'Frag/Test': 0.9055591809636866, 'Scaf/Test': 0.21822615969634052, 'FCD/TestSF': 15.452292016958943, 'SNN/TestSF': 0.5113658155905388, 'Frag/TestSF': 0.898075526741043, 'Scaf/TestSF': 0.03729623343477173, 'IntDiv': 0.8299438937396981, 'IntDiv2': 0.8188331737521755, 'Filters': 0.9594216417910447, 'logP': 0.2596142597420207, 'SA': 0.09441483722299444, 'QED': 0.017719082151921008, 'weight': 18.238829828294875, 'Novelty': 0.9321140731556107}
Epoch: 44:
	Train Loss: 0.392 --- Reconstruction Loss: 0.382 --- KL Loss: 20.625 --- Beta: 0.000490
	Validity: 0.43% --- Uniquene@1000: 0.96% --- Unique@10000: 0.78%

{'valid': 0.6414666666666666, 'unique@1000': 0.968, 'unique@10000': 0.8107, 'FCD/Test': 14.895945126259036, 'SNN/Test': 0.5735074562719237, 'Frag/Test': 0.8961775017886149, 'Scaf/Test': 0.282587231476096, 'FCD/TestSF': 15.756134570473847, 'SNN/TestSF': 0.5137422209335721, 'Frag/TestSF': 0.8871978672369567, 'Scaf/TestSF': 0.05147881412425215, 'IntDiv': 0.8245493569183295, 'IntDiv2': 0.8145050852725881, 'Filters': 0.9743296611930992, 'logP': 0.285649972945997, 'SA': 0.15079185867529876, 'QED': 0.027586416800465415, 'weight': 18.730898216201957, 'Novelty': 0.9192825112107623}
Epoch: 45:
	Train Loss: 0.388 --- Reconstruction Loss: 0.378 --- KL Loss: 19.964 --- Beta: 0.000520
	Validity: 0.64% --- Uniquene@1000: 0.97% --- Unique@10000: 0.81%

{'valid': 0.5957, 'unique@1000': 0.968, 'unique@10000': 0.8397, 'FCD/Test': 14.321936681005923, 'SNN/Test': 0.551446318708118, 'Frag/Test': 0.9067662100407053, 'Scaf/Test': 0.25372663098604464, 'FCD/TestSF': 15.264020116340582, 'SNN/TestSF': 0.4933625450165495, 'Frag/TestSF': 0.898264283124183, 'Scaf/TestSF': 0.04847071394100966, 'IntDiv': 0.8314733869231731, 'IntDiv2': 0.821375676467588, 'Filters': 0.9664820099602708, 'logP': 0.2285539968029152, 'SA': 0.06169002895326158, 'QED': 0.019217731086417982, 'weight': 17.758462339806794, 'Novelty': 0.9430040711377758}
Epoch: 46:
	Train Loss: 0.385 --- Reconstruction Loss: 0.374 --- KL Loss: 19.326 --- Beta: 0.000550
	Validity: 0.60% --- Uniquene@1000: 0.97% --- Unique@10000: 0.84%

{'valid': 0.5149666666666667, 'unique@1000': 0.955, 'unique@10000': 0.7875, 'FCD/Test': 14.170633813284851, 'SNN/Test': 0.5606390316157721, 'Frag/Test': 0.9088568441686807, 'Scaf/Test': 0.20781621617688606, 'FCD/TestSF': 14.542420595470084, 'SNN/TestSF': 0.512572469253302, 'Frag/TestSF': 0.9048456672889016, 'Scaf/TestSF': 0.04736026967632656, 'IntDiv': 0.8352975083783553, 'IntDiv2': 0.8244116686079266, 'Filters': 0.9666645090297107, 'logP': 0.3389095193323495, 'SA': 0.08875893345539695, 'QED': 0.018446068809798644, 'weight': 21.02959772706492, 'Novelty': 0.9274334733893558}
Epoch: 47:
	Train Loss: 0.382 --- Reconstruction Loss: 0.371 --- KL Loss: 18.756 --- Beta: 0.000580
	Validity: 0.51% --- Uniquene@1000: 0.95% --- Unique@10000: 0.79%

{'valid': 0.4879, 'unique@1000': 0.959, 'unique@10000': 0.8442, 'FCD/Test': 14.284030585870099, 'SNN/Test': 0.5545386337764424, 'Frag/Test': 0.8901464470824695, 'Scaf/Test': 0.23119905188872014, 'FCD/TestSF': 15.023096459338731, 'SNN/TestSF': 0.5030537834663962, 'Frag/TestSF': 0.8814463680708432, 'Scaf/TestSF': 0.0495230258001369, 'IntDiv': 0.8304296387882452, 'IntDiv2': 0.8202387916293605, 'Filters': 0.967479674796748, 'logP': 0.2134320819978631, 'SA': 0.06845690325564277, 'QED': 0.030225632823990222, 'weight': 15.767319454832863, 'Novelty': 0.9389647614230315}
Epoch: 48:
	Train Loss: 0.378 --- Reconstruction Loss: 0.367 --- KL Loss: 18.343 --- Beta: 0.000610
	Validity: 0.49% --- Uniquene@1000: 0.96% --- Unique@10000: 0.84%

{'valid': 0.6001666666666667, 'unique@1000': 0.98, 'unique@10000': 0.8714, 'FCD/Test': 13.720603809049912, 'SNN/Test': 0.5404998273120858, 'Frag/Test': 0.916800883572495, 'Scaf/Test': 0.2464549824099862, 'FCD/TestSF': 14.304615174795586, 'SNN/TestSF': 0.49428884908743154, 'Frag/TestSF': 0.9106076608331269, 'Scaf/TestSF': 0.06636644530805014, 'IntDiv': 0.837902351207489, 'IntDiv2': 0.8283919689580104, 'Filters': 0.9621771730074979, 'logP': 0.2985907582461835, 'SA': 0.01781018345336557, 'QED': 0.017095025008344516, 'weight': 19.404320275195982, 'Novelty': 0.9435297319363178}
Epoch: 49:
	Train Loss: 0.376 --- Reconstruction Loss: 0.364 --- KL Loss: 17.800 --- Beta: 0.000640
	Validity: 0.60% --- Uniquene@1000: 0.98% --- Unique@10000: 0.87%

{'valid': 0.5978333333333333, 'unique@1000': 0.98, 'unique@10000': 0.8615, 'FCD/Test': 13.770150579921044, 'SNN/Test': 0.56051271047089, 'Frag/Test': 0.933699896616084, 'Scaf/Test': 0.2740286362951132, 'FCD/TestSF': 14.33249147157872, 'SNN/TestSF': 0.5101005119560554, 'Frag/TestSF': 0.9270921676668356, 'Scaf/TestSF': 0.055568703006058984, 'IntDiv': 0.8331321276474178, 'IntDiv2': 0.8232004356783413, 'Filters': 0.962698633955952, 'logP': 0.3571070813398343, 'SA': 0.10098265851828182, 'QED': 0.01923167576407127, 'weight': 18.678134607231517, 'Novelty': 0.9293119042649413}
Epoch: 50:
	Train Loss: 0.372 --- Reconstruction Loss: 0.361 --- KL Loss: 17.462 --- Beta: 0.000670
	Validity: 0.60% --- Uniquene@1000: 0.98% --- Unique@10000: 0.86%

{'valid': 0.5234666666666667, 'unique@1000': 0.971, 'unique@10000': 0.855, 'FCD/Test': 14.437142403233906, 'SNN/Test': 0.5468129813025876, 'Frag/Test': 0.9101536567433253, 'Scaf/Test': 0.24224081312457424, 'FCD/TestSF': 14.870263543246637, 'SNN/TestSF': 0.497657556384726, 'Frag/TestSF': 0.9039888325470206, 'Scaf/TestSF': 0.05003685131161617, 'IntDiv': 0.8425617513313064, 'IntDiv2': 0.8321568566625439, 'Filters': 0.9610927152317881, 'logP': 0.29819288328848687, 'SA': 0.06100014226496497, 'QED': 0.016945597256069003, 'weight': 16.741181680065, 'Novelty': 0.9386862454112317}
Epoch: 51:
	Train Loss: 0.370 --- Reconstruction Loss: 0.358 --- KL Loss: 17.065 --- Beta: 0.000700
	Validity: 0.52% --- Uniquene@1000: 0.97% --- Unique@10000: 0.85%

{'valid': 0.6572333333333333, 'unique@1000': 0.982, 'unique@10000': 0.8809, 'FCD/Test': 14.269363573968562, 'SNN/Test': 0.5575237435961299, 'Frag/Test': 0.8855018483636671, 'Scaf/Test': 0.28354425066895206, 'FCD/TestSF': 15.008450505514354, 'SNN/TestSF': 0.5028281051520251, 'Frag/TestSF': 0.8768480861697804, 'Scaf/TestSF': 0.05455591892191958, 'IntDiv': 0.82941497550848, 'IntDiv2': 0.8195711680561684, 'Filters': 0.9722574428158441, 'logP': 0.38214883323471127, 'SA': 0.09954449733786244, 'QED': 0.038971226617182025, 'weight': 12.472452252907289, 'Novelty': 0.9356116889549282}
Epoch: 52:
	Train Loss: 0.366 --- Reconstruction Loss: 0.354 --- KL Loss: 16.693 --- Beta: 0.000730
	Validity: 0.66% --- Uniquene@1000: 0.98% --- Unique@10000: 0.88%

{'valid': 0.6624333333333333, 'unique@1000': 0.985, 'unique@10000': 0.8807, 'FCD/Test': 13.540081696469997, 'SNN/Test': 0.5587082014491824, 'Frag/Test': 0.9015843603826929, 'Scaf/Test': 0.27800873440371476, 'FCD/TestSF': 14.110311758423137, 'SNN/TestSF': 0.5061162279658509, 'Frag/TestSF': 0.8935170734881309, 'Scaf/TestSF': 0.06488781430583757, 'IntDiv': 0.8377409746892719, 'IntDiv2': 0.8277735799548755, 'Filters': 0.9709656317616867, 'logP': 0.24349909199629638, 'SA': 0.11277328181304212, 'QED': 0.019333482066393695, 'weight': 18.686943712013704, 'Novelty': 0.9292300177077609}
Epoch: 53:
	Train Loss: 0.364 --- Reconstruction Loss: 0.352 --- KL Loss: 16.325 --- Beta: 0.000760
	Validity: 0.66% --- Uniquene@1000: 0.98% --- Unique@10000: 0.88%

{'valid': 0.7179666666666666, 'unique@1000': 0.993, 'unique@10000': 0.9038, 'FCD/Test': 13.198265380656139, 'SNN/Test': 0.5495208323685382, 'Frag/Test': 0.9189151872752792, 'Scaf/Test': 0.27347334840581417, 'FCD/TestSF': 13.636540627655009, 'SNN/TestSF': 0.5038427987815532, 'Frag/TestSF': 0.9128974225485519, 'Scaf/TestSF': 0.06347499079671937, 'IntDiv': 0.840465503707187, 'IntDiv2': 0.8308193494338617, 'Filters': 0.9610474023863689, 'logP': 0.24668639003987888, 'SA': 0.06899546165808337, 'QED': 0.017112120921907018, 'weight': 17.77270620991046, 'Novelty': 0.9358538191395961}
Epoch: 54:
	Train Loss: 0.361 --- Reconstruction Loss: 0.348 --- KL Loss: 15.961 --- Beta: 0.000790
	Validity: 0.72% --- Uniquene@1000: 0.99% --- Unique@10000: 0.90%

{'valid': 0.43066666666666664, 'unique@1000': 0.979, 'unique@10000': 0.8727, 'FCD/Test': 13.552537831861002, 'SNN/Test': 0.5368923697159294, 'Frag/Test': 0.9046791105135625, 'Scaf/Test': 0.25020346501752044, 'FCD/TestSF': 14.025411580690339, 'SNN/TestSF': 0.4922379401757529, 'Frag/TestSF': 0.8994372034308116, 'Scaf/TestSF': 0.04274438135095171, 'IntDiv': 0.8446193033197598, 'IntDiv2': 0.8345592428001285, 'Filters': 0.9600619195046439, 'logP': 0.2627631159824232, 'SA': 0.019651300154698088, 'QED': 0.014818188439643238, 'weight': 18.936752543058986, 'Novelty': 0.9443789129843027}
Epoch: 55:
	Train Loss: 0.359 --- Reconstruction Loss: 0.346 --- KL Loss: 15.761 --- Beta: 0.000820
	Validity: 0.43% --- Uniquene@1000: 0.98% --- Unique@10000: 0.87%

{'valid': 0.5457000000000001, 'unique@1000': 0.987, 'unique@10000': 0.8876, 'FCD/Test': 12.82261179312546, 'SNN/Test': 0.5561432351719647, 'Frag/Test': 0.925874997186776, 'Scaf/Test': 0.3414644169416865, 'FCD/TestSF': 13.23510709811778, 'SNN/TestSF': 0.5101410708208759, 'Frag/TestSF': 0.9213591168079938, 'Scaf/TestSF': 0.06574358101491995, 'IntDiv': 0.8447850030737545, 'IntDiv2': 0.8348630504420944, 'Filters': 0.9647547492517257, 'logP': 0.2885149077869585, 'SA': 0.0922957976812447, 'QED': 0.014531580702348827, 'weight': 24.75412179960596, 'Novelty': 0.9235650418229017}
Epoch: 56:
	Train Loss: 0.356 --- Reconstruction Loss: 0.343 --- KL Loss: 15.531 --- Beta: 0.000850
	Validity: 0.55% --- Uniquene@1000: 0.99% --- Unique@10000: 0.89%

{'valid': 0.6847333333333334, 'unique@1000': 0.983, 'unique@10000': 0.8997, 'FCD/Test': 13.280249996633145, 'SNN/Test': 0.5545313949913886, 'Frag/Test': 0.8934723718768088, 'Scaf/Test': 0.2939371961718962, 'FCD/TestSF': 13.815672399735199, 'SNN/TestSF': 0.507012435161183, 'Frag/TestSF': 0.8865343120429963, 'Scaf/TestSF': 0.054306447292563065, 'IntDiv': 0.8399841068426659, 'IntDiv2': 0.82995294165889, 'Filters': 0.9666536851328984, 'logP': 0.31598413720569757, 'SA': 0.10672449103991295, 'QED': 0.015485780190186954, 'weight': 19.44262933427082, 'Novelty': 0.9295619379170293}
Epoch: 57:
	Train Loss: 0.353 --- Reconstruction Loss: 0.340 --- KL Loss: 15.311 --- Beta: 0.000880
	Validity: 0.68% --- Uniquene@1000: 0.98% --- Unique@10000: 0.90%

{'valid': 0.43546666666666667, 'unique@1000': 0.986, 'unique@10000': 0.8922, 'FCD/Test': 13.41960611170041, 'SNN/Test': 0.5314354613133628, 'Frag/Test': 0.8780304851257144, 'Scaf/Test': 0.24462477761728274, 'FCD/TestSF': 13.720747545154154, 'SNN/TestSF': 0.49234952121763165, 'Frag/TestSF': 0.8742136870608941, 'Scaf/TestSF': 0.04780656728740884, 'IntDiv': 0.8501376235907507, 'IntDiv2': 0.8401427910725552, 'Filters': 0.9495560318432333, 'logP': 0.2708723204819485, 'SA': 0.018201409989821324, 'QED': 0.014295589366921156, 'weight': 19.736112333651576, 'Novelty': 0.9435072922157793}
Epoch: 58:
	Train Loss: 0.352 --- Reconstruction Loss: 0.338 --- KL Loss: 15.044 --- Beta: 0.000910
	Validity: 0.44% --- Uniquene@1000: 0.99% --- Unique@10000: 0.89%

{'valid': 0.6904333333333333, 'unique@1000': 0.993, 'unique@10000': 0.9316, 'FCD/Test': 13.502513533801476, 'SNN/Test': 0.5433517685775587, 'Frag/Test': 0.8973884418446225, 'Scaf/Test': 0.35297593888121637, 'FCD/TestSF': 14.074614710455094, 'SNN/TestSF': 0.49531162734676387, 'Frag/TestSF': 0.8926051090895863, 'Scaf/TestSF': 0.06292648201669704, 'IntDiv': 0.8447252516032739, 'IntDiv2': 0.8351529959357475, 'Filters': 0.9698257133201371, 'logP': 0.36007480057264085, 'SA': 0.08902734555222086, 'QED': 0.01786578684614063, 'weight': 16.37793060501751, 'Novelty': 0.9349683108294295}
Epoch: 59:
	Train Loss: 0.349 --- Reconstruction Loss: 0.336 --- KL Loss: 14.772 --- Beta: 0.000940
	Validity: 0.69% --- Uniquene@1000: 0.99% --- Unique@10000: 0.93%

{'valid': 0.5307666666666666, 'unique@1000': 0.984, 'unique@10000': 0.9021, 'FCD/Test': 13.375692229506356, 'SNN/Test': 0.5433733106924722, 'Frag/Test': 0.9043810250804295, 'Scaf/Test': 0.3744292864482677, 'FCD/TestSF': 13.717726197127618, 'SNN/TestSF': 0.5009676366567177, 'Frag/TestSF': 0.9002808071307337, 'Scaf/TestSF': 0.08164521579358741, 'IntDiv': 0.8475781125826624, 'IntDiv2': 0.8375547291716202, 'Filters': 0.9581737109841111, 'logP': 0.3350328743179734, 'SA': 0.06217083563684628, 'QED': 0.01499775487670296, 'weight': 17.697974463975502, 'Novelty': 0.9313569150478399}
Epoch: 60:
	Train Loss: 0.347 --- Reconstruction Loss: 0.333 --- KL Loss: 14.502 --- Beta: 0.000970
	Validity: 0.53% --- Uniquene@1000: 0.98% --- Unique@10000: 0.90%

