2024-02-15 07:13:31.455833: E external/local_xla/xla/stream_executor/cuda/cuda_dnn.cc:9261] Unable to register cuDNN factory: Attempting to register factory for plugin cuDNN when one has already been registered
2024-02-15 07:13:31.455910: E external/local_xla/xla/stream_executor/cuda/cuda_fft.cc:607] Unable to register cuFFT factory: Attempting to register factory for plugin cuFFT when one has already been registered
2024-02-15 07:13:31.457187: E external/local_xla/xla/stream_executor/cuda/cuda_blas.cc:1515] Unable to register cuBLAS factory: Attempting to register factory for plugin cuBLAS when one has already been registered
2024-02-15 07:13:31.462901: I tensorflow/core/platform/cpu_feature_guard.cc:182] This TensorFlow binary is optimized to use available CPU instructions in performance-critical operations.
To enable the following instructions: AVX2 FMA, in other operations, rebuild TensorFlow with the appropriate compiler flags.
2024-02-15 07:13:32.300604: W tensorflow/compiler/tf2tensorrt/utils/py_utils.cc:38] TF-TRT Warning: Could not find TensorRT

Arguments:
	data_path: data/moses_train.txt
	max_len: 30
	batch: 128
	d_model: 512
	d_latent: 256
	d_ff: 1024
	e_heads: 1
	d_heads: 8
	n_layers: 6
	dropout: 0.5
	lr: 0.0005
	n_epochs: 80
	kl_type: monotonic
	kl_w_start: 0.0001
	kl_w_end: 0.01
	kl_cycle: 4
	kl_ratio: 0.9
	save_name: klcompare

Number of data: 88192

SMILES Vocab:
	 {'<START>': 0, '<END>': 1, '<PAD>': 2, 'C': 3, 'O': 4, 'c': 5, '1': 6, '(': 7, '=': 8, ')': 9, 'N': 10, 'n': 11, '2': 12, 'F': 13, 'Cl': 14, 'Br': 15, '#': 16, '3': 17, 'S': 18, 'o': 19, '-': 20, 's': 21, '[nH]': 22, '4': 23}

Graph Vocab:
	 {'C': 0, 'O': 1, 'N': 2, 'F': 3, 'Cl': 4, 'Br': 5, 'S': 6}


KL Annealer: [0.0001, 0.00022375, 0.0003475, 0.00047125, 0.000595, 0.00071875, 0.0008425, 0.0009662500000000001, 0.00109, 0.00121375, 0.0013375, 0.00146125, 0.001585, 0.00170875, 0.0018325000000000001, 0.00195625, 0.00208, 0.00220375, 0.0023274999999999997, 0.00245125, 0.0025749999999999996, 0.0026987499999999998, 0.0028225, 0.0029462499999999997, 0.00307, 0.00319375, 0.0033174999999999997, 0.00344125, 0.003565, 0.0036887499999999998, 0.0038125, 0.00393625, 0.00406, 0.00418375, 0.0043075000000000006, 0.00443125, 0.004555, 0.004678750000000001, 0.0048025, 0.00492625, 0.00505, 0.00517375, 0.0052975, 0.00542125, 0.0055450000000000004, 0.00566875, 0.0057925, 0.0059162500000000005, 0.00604, 0.00616375, 0.0062875000000000006, 0.00641125, 0.006535, 0.006658750000000001, 0.0067825, 0.00690625, 0.007030000000000001, 0.00715375, 0.0072775, 0.00740125, 0.0075250000000000004, 0.00764875, 0.0077725, 0.00789625, 0.00802, 0.00814375, 0.008267499999999999, 0.00839125, 0.008515, 0.008638749999999999, 0.0087625, 0.00888625, 0.009009999999999999, 0.00913375, 0.0092575, 0.009381249999999999, 0.009505, 0.00962875, 0.009752499999999999, 0.00987625]




#########################################################################
######################### START TRAINING ################################
#########################################################################




{'valid': 0.47276666666666667, 'unique@1000': 0.882, 'unique@10000': 0.5996, 'FCD/Test': 19.690504524753223, 'SNN/Test': 0.5813123692418829, 'Frag/Test': 0.8256265233693714, 'Scaf/Test': 0.24037726405761406, 'FCD/TestSF': 21.027117227850255, 'SNN/TestSF': 0.5011247185133815, 'Frag/TestSF': 0.8124528493530262, 'Scaf/TestSF': 0.017178008488587526, 'IntDiv': 0.8017784816563182, 'IntDiv2': 0.7866102215728781, 'Filters': 0.9732073609250511, 'logP': 0.320896001332333, 'SA': 0.2370429070346961, 'QED': 0.06827731384039977, 'weight': 13.208912729176586, 'Novelty': 0.9558617170557469}
Epoch: 31:
	Train Loss: 0.489 --- Reconstruction Loss: 0.465 --- KL Loss: 6.153 --- Beta: 0.003812
	Validity: 0.47% --- Uniquene@1000: 0.88% --- Unique@10000: 0.60%

{'valid': 0.514, 'unique@1000': 0.891, 'unique@10000': 0.6346, 'FCD/Test': 18.650319781189246, 'SNN/Test': 0.5942105270893193, 'Frag/Test': 0.8560390469153716, 'Scaf/Test': 0.2918995100565489, 'FCD/TestSF': 19.761832736012494, 'SNN/TestSF': 0.5322847602480658, 'Frag/TestSF': 0.8469592530026664, 'Scaf/TestSF': 0.04290866826172013, 'IntDiv': 0.7997671889660618, 'IntDiv2': 0.7861323841035557, 'Filters': 0.9860570687418937, 'logP': 0.407148947228495, 'SA': 0.255615952842861, 'QED': 0.05730273951765731, 'weight': 13.709129983029356, 'Novelty': 0.9410166421374392}
Epoch: 32:
	Train Loss: 0.485 --- Reconstruction Loss: 0.461 --- KL Loss: 5.957 --- Beta: 0.003936
	Validity: 0.51% --- Uniquene@1000: 0.89% --- Unique@10000: 0.63%

{'valid': 0.46996666666666664, 'unique@1000': 0.89, 'unique@10000': 0.6664, 'FCD/Test': 18.279858582403534, 'SNN/Test': 0.5749450474396202, 'Frag/Test': 0.8315013229707542, 'Scaf/Test': 0.2922683237507153, 'FCD/TestSF': 19.442506138240134, 'SNN/TestSF': 0.5086700075392994, 'Frag/TestSF': 0.821568926510468, 'Scaf/TestSF': 0.024098169721163964, 'IntDiv': 0.8110289586921275, 'IntDiv2': 0.7982258124711272, 'Filters': 0.9824101000070927, 'logP': 0.36870000786700013, 'SA': 0.20835882545605003, 'QED': 0.07093514427177047, 'weight': 11.856519378022238, 'Novelty': 0.9501722158438576}
Epoch: 33:
	Train Loss: 0.479 --- Reconstruction Loss: 0.456 --- KL Loss: 5.678 --- Beta: 0.004060
	Validity: 0.47% --- Uniquene@1000: 0.89% --- Unique@10000: 0.67%

{'valid': 0.41169999999999995, 'unique@1000': 0.861, 'unique@10000': 0.6298, 'FCD/Test': 17.301969510197708, 'SNN/Test': 0.5701207472888403, 'Frag/Test': 0.7981539446809967, 'Scaf/Test': 0.21439183677337126, 'FCD/TestSF': 18.27913221900856, 'SNN/TestSF': 0.5030711662293001, 'Frag/TestSF': 0.7874555035647528, 'Scaf/TestSF': 0.016814630499197403, 'IntDiv': 0.8185522508228971, 'IntDiv2': 0.8033300110178537, 'Filters': 0.9708525625455429, 'logP': 0.2913277002677581, 'SA': 0.1524496203027621, 'QED': 0.06192179214862731, 'weight': 10.033405814350822, 'Novelty': 0.9484868863483524}
Epoch: 34:
	Train Loss: 0.475 --- Reconstruction Loss: 0.452 --- KL Loss: 5.474 --- Beta: 0.004184
	Validity: 0.41% --- Uniquene@1000: 0.86% --- Unique@10000: 0.63%

{'valid': 0.4235333333333333, 'unique@1000': 0.855, 'unique@10000': 0.6122, 'FCD/Test': 19.798669218657395, 'SNN/Test': 0.601755327159413, 'Frag/Test': 0.8464480480396968, 'Scaf/Test': 0.22883522062477457, 'FCD/TestSF': 20.93482880119405, 'SNN/TestSF': 0.5308382742560774, 'Frag/TestSF': 0.837833098674466, 'Scaf/TestSF': 0.017076187548008104, 'IntDiv': 0.802184473368947, 'IntDiv2': 0.7858295022308759, 'Filters': 0.9866991972296553, 'logP': 0.3397871686602655, 'SA': 0.2596258340049474, 'QED': 0.04143943469730526, 'weight': 15.200444309801927, 'Novelty': 0.9379244770442814}
Epoch: 35:
	Train Loss: 0.470 --- Reconstruction Loss: 0.447 --- KL Loss: 5.325 --- Beta: 0.004308
	Validity: 0.42% --- Uniquene@1000: 0.85% --- Unique@10000: 0.61%

{'valid': 0.5019, 'unique@1000': 0.904, 'unique@10000': 0.6657, 'FCD/Test': 16.242421827772063, 'SNN/Test': 0.5936357436339568, 'Frag/Test': 0.85245538016033, 'Scaf/Test': 0.4207453303218578, 'FCD/TestSF': 17.228012358441376, 'SNN/TestSF': 0.5324903309450149, 'Frag/TestSF': 0.8429908276520203, 'Scaf/TestSF': 0.04243877649840899, 'IntDiv': 0.8123821744336344, 'IntDiv2': 0.7996562694794456, 'Filters': 0.9807398552168427, 'logP': 0.27429379885444344, 'SA': 0.23839312625514752, 'QED': 0.04495917895040766, 'weight': 12.595169889365966, 'Novelty': 0.9358486462977058}
Epoch: 36:
	Train Loss: 0.466 --- Reconstruction Loss: 0.443 --- KL Loss: 5.184 --- Beta: 0.004431
	Validity: 0.50% --- Uniquene@1000: 0.90% --- Unique@10000: 0.67%

{'valid': 0.46296666666666664, 'unique@1000': 0.915, 'unique@10000': 0.6983, 'FCD/Test': 16.87675483983275, 'SNN/Test': 0.5826084752211655, 'Frag/Test': 0.8469827283107544, 'Scaf/Test': 0.2506493384607227, 'FCD/TestSF': 17.75887103662116, 'SNN/TestSF': 0.5232400576336542, 'Frag/TestSF': 0.8406505595836778, 'Scaf/TestSF': 0.0379610462394131, 'IntDiv': 0.8185517745885523, 'IntDiv2': 0.804274817268042, 'Filters': 0.976672186622507, 'logP': 0.514205796023308, 'SA': 0.212241757920328, 'QED': 0.030513004553424383, 'weight': 10.862795937511297, 'Novelty': 0.9472059958117491}
Epoch: 37:
	Train Loss: 0.462 --- Reconstruction Loss: 0.439 --- KL Loss: 5.064 --- Beta: 0.004555
	Validity: 0.46% --- Uniquene@1000: 0.92% --- Unique@10000: 0.70%

{'valid': 0.33720000000000006, 'unique@1000': 0.874, 'unique@10000': 0.6525, 'FCD/Test': 16.99229161750722, 'SNN/Test': 0.5937912237972975, 'Frag/Test': 0.8529320770802804, 'Scaf/Test': 0.21615662088672438, 'FCD/TestSF': 17.958084603875285, 'SNN/TestSF': 0.5239501805948782, 'Frag/TestSF': 0.8417604434069043, 'Scaf/TestSF': 0.03167319954567649, 'IntDiv': 0.8083491925787967, 'IntDiv2': 0.7941920580758893, 'Filters': 0.9769671807038355, 'logP': 0.19489586709654683, 'SA': 0.22956384066782035, 'QED': 0.07000072599376218, 'weight': 10.884807226954178, 'Novelty': 0.9405684754521964}
Epoch: 38:
	Train Loss: 0.459 --- Reconstruction Loss: 0.436 --- KL Loss: 4.974 --- Beta: 0.004679
	Validity: 0.34% --- Uniquene@1000: 0.87% --- Unique@10000: 0.65%

{'valid': 0.3554666666666667, 'unique@1000': 0.938, 'unique@10000': 0.7453, 'FCD/Test': 15.256916682694268, 'SNN/Test': 0.5689542951510865, 'Frag/Test': 0.8643135965780905, 'Scaf/Test': 0.20660641701172966, 'FCD/TestSF': 16.119038700606964, 'SNN/TestSF': 0.5145229858214235, 'Frag/TestSF': 0.8559602883364196, 'Scaf/TestSF': 0.029408506075188745, 'IntDiv': 0.8213443358596709, 'IntDiv2': 0.8096765559859919, 'Filters': 0.9627719429857464, 'logP': 0.3978611924933619, 'SA': 0.1490906282690674, 'QED': 0.054792394002860956, 'weight': 9.328464751639851, 'Novelty': 0.9433218960477824}
Epoch: 39:
	Train Loss: 0.455 --- Reconstruction Loss: 0.432 --- KL Loss: 4.879 --- Beta: 0.004803
	Validity: 0.36% --- Uniquene@1000: 0.94% --- Unique@10000: 0.75%

{'valid': 0.33420000000000005, 'unique@1000': 0.927, 'unique@10000': 0.7224, 'FCD/Test': 13.934795732995624, 'SNN/Test': 0.5714621572033888, 'Frag/Test': 0.8704664393187682, 'Scaf/Test': 0.23336825498051184, 'FCD/TestSF': 14.696346746649112, 'SNN/TestSF': 0.5124730573052683, 'Frag/TestSF': 0.8612869741227349, 'Scaf/TestSF': 0.020905756628370797, 'IntDiv': 0.8268024940344009, 'IntDiv2': 0.8134625493840253, 'Filters': 0.9775583482944344, 'logP': 0.2708018815004341, 'SA': 0.1321344489910155, 'QED': 0.06205081647959593, 'weight': 12.307670501680148, 'Novelty': 0.9490120215558934}
Epoch: 40:
	Train Loss: 0.453 --- Reconstruction Loss: 0.429 --- KL Loss: 4.793 --- Beta: 0.004926
	Validity: 0.33% --- Uniquene@1000: 0.93% --- Unique@10000: 0.72%

{'valid': 0.5195666666666667, 'unique@1000': 0.941, 'unique@10000': 0.7408, 'FCD/Test': 15.136253678074077, 'SNN/Test': 0.5773556160131045, 'Frag/Test': 0.8786109330943325, 'Scaf/Test': 0.3486728620189701, 'FCD/TestSF': 15.928066273803204, 'SNN/TestSF': 0.5263784763107415, 'Frag/TestSF': 0.8733208996216852, 'Scaf/TestSF': 0.03212095001481041, 'IntDiv': 0.8274386754928628, 'IntDiv2': 0.8151139809331562, 'Filters': 0.9782511066914736, 'logP': 0.3444807097296632, 'SA': 0.1936087885637546, 'QED': 0.04092025826892423, 'weight': 12.767263194289157, 'Novelty': 0.9357270756761851}
Epoch: 41:
	Train Loss: 0.449 --- Reconstruction Loss: 0.425 --- KL Loss: 4.704 --- Beta: 0.005050
	Validity: 0.52% --- Uniquene@1000: 0.94% --- Unique@10000: 0.74%

{'valid': 0.5538333333333334, 'unique@1000': 0.961, 'unique@10000': 0.8016, 'FCD/Test': 15.062746889128874, 'SNN/Test': 0.5736801458542296, 'Frag/Test': 0.9008186002128051, 'Scaf/Test': 0.3586717931830149, 'FCD/TestSF': 16.046186380143908, 'SNN/TestSF': 0.5115394141044094, 'Frag/TestSF': 0.8919456974919285, 'Scaf/TestSF': 0.03312292811638451, 'IntDiv': 0.8225532220912521, 'IntDiv2': 0.810966545606634, 'Filters': 0.9746012639181463, 'logP': 0.410515392575413, 'SA': 0.2066427384091187, 'QED': 0.060864337162616515, 'weight': 12.08293529905839, 'Novelty': 0.9442824748947198}
Epoch: 42:
	Train Loss: 0.446 --- Reconstruction Loss: 0.422 --- KL Loss: 4.626 --- Beta: 0.005174
	Validity: 0.55% --- Uniquene@1000: 0.96% --- Unique@10000: 0.80%

{'valid': 0.5981000000000001, 'unique@1000': 0.92, 'unique@10000': 0.7198, 'FCD/Test': 16.984500475862504, 'SNN/Test': 0.5929561504951018, 'Frag/Test': 0.8663820628941185, 'Scaf/Test': 0.2837903330653111, 'FCD/TestSF': 17.699378974347056, 'SNN/TestSF': 0.5470746698820597, 'Frag/TestSF': 0.8611443933418389, 'Scaf/TestSF': 0.026841172427709004, 'IntDiv': 0.8141241976160523, 'IntDiv2': 0.8010531996642796, 'Filters': 0.9689015214847015, 'logP': 0.3473041215321861, 'SA': 0.2758579460674778, 'QED': 0.04299911828808853, 'weight': 13.661030899236033, 'Novelty': 0.9318280128038757}
Epoch: 43:
	Train Loss: 0.444 --- Reconstruction Loss: 0.419 --- KL Loss: 4.559 --- Beta: 0.005298
	Validity: 0.60% --- Uniquene@1000: 0.92% --- Unique@10000: 0.72%

{'valid': 0.6137333333333334, 'unique@1000': 0.961, 'unique@10000': 0.7886, 'FCD/Test': 14.686806295720743, 'SNN/Test': 0.5690710978987565, 'Frag/Test': 0.8688384347232263, 'Scaf/Test': 0.2799937368802419, 'FCD/TestSF': 15.576792052603373, 'SNN/TestSF': 0.5195615599079609, 'Frag/TestSF': 0.8609340693788562, 'Scaf/TestSF': 0.04084560334770204, 'IntDiv': 0.8234525404911435, 'IntDiv2': 0.8110969976534876, 'Filters': 0.975776667390832, 'logP': 0.17551675212931941, 'SA': 0.16446834607472252, 'QED': 0.05393306172006124, 'weight': 11.73543928291528, 'Novelty': 0.9447266661611949}
Epoch: 44:
	Train Loss: 0.441 --- Reconstruction Loss: 0.417 --- KL Loss: 4.496 --- Beta: 0.005421
	Validity: 0.61% --- Uniquene@1000: 0.96% --- Unique@10000: 0.79%

{'valid': 0.5688333333333333, 'unique@1000': 0.96, 'unique@10000': 0.8162, 'FCD/Test': 14.4858089748177, 'SNN/Test': 0.5559001813675698, 'Frag/Test': 0.8571338549150367, 'Scaf/Test': 0.25350217999834834, 'FCD/TestSF': 15.284477907293862, 'SNN/TestSF': 0.5037610378287735, 'Frag/TestSF': 0.8494495358838208, 'Scaf/TestSF': 0.028269863754098568, 'IntDiv': 0.8361359633093697, 'IntDiv2': 0.8248544336931458, 'Filters': 0.96530911221799, 'logP': 0.21912262218174272, 'SA': 0.08275841157747568, 'QED': 0.055480617192569255, 'weight': 12.089922853594983, 'Novelty': 0.9537209302325581}
Epoch: 45:
	Train Loss: 0.438 --- Reconstruction Loss: 0.414 --- KL Loss: 4.447 --- Beta: 0.005545
	Validity: 0.57% --- Uniquene@1000: 0.96% --- Unique@10000: 0.82%

{'valid': 0.5898, 'unique@1000': 0.954, 'unique@10000': 0.7723, 'FCD/Test': 16.19292513718139, 'SNN/Test': 0.5659623876975339, 'Frag/Test': 0.8371994618775963, 'Scaf/Test': 0.23397143401451814, 'FCD/TestSF': 17.07386267678814, 'SNN/TestSF': 0.5082051832545972, 'Frag/TestSF': 0.8296628913584032, 'Scaf/TestSF': 0.01308266377402989, 'IntDiv': 0.827626839367843, 'IntDiv2': 0.8152256708883566, 'Filters': 0.9740024867186617, 'logP': 0.32934264788698725, 'SA': 0.1483224956161031, 'QED': 0.06216272263546334, 'weight': 15.3647081724327, 'Novelty': 0.9490763052208835}
Epoch: 46:
	Train Loss: 0.436 --- Reconstruction Loss: 0.411 --- KL Loss: 4.395 --- Beta: 0.005669
	Validity: 0.59% --- Uniquene@1000: 0.95% --- Unique@10000: 0.77%

{'valid': 0.5715, 'unique@1000': 0.958, 'unique@10000': 0.7934, 'FCD/Test': 15.916389564215862, 'SNN/Test': 0.556065015101544, 'Frag/Test': 0.8447449994041262, 'Scaf/Test': 0.26846909269506436, 'FCD/TestSF': 16.82738438557186, 'SNN/TestSF': 0.5027634670719456, 'Frag/TestSF': 0.8379714925666494, 'Scaf/TestSF': 0.03133684353693089, 'IntDiv': 0.8328148215007729, 'IntDiv2': 0.8202378808400126, 'Filters': 0.9724117818606007, 'logP': 0.3185825448145459, 'SA': 0.13097293979403662, 'QED': 0.0730041564938776, 'weight': 12.062386598089642, 'Novelty': 0.9532006028396922}
Epoch: 47:
	Train Loss: 0.434 --- Reconstruction Loss: 0.409 --- KL Loss: 4.351 --- Beta: 0.005792
	Validity: 0.57% --- Uniquene@1000: 0.96% --- Unique@10000: 0.79%

{'valid': 0.35750000000000004, 'unique@1000': 0.958, 'unique@10000': 0.791, 'FCD/Test': 17.32902127682243, 'SNN/Test': 0.5362933145133487, 'Frag/Test': 0.8090100616710116, 'Scaf/Test': 0.180415339570147, 'FCD/TestSF': 18.07213114848321, 'SNN/TestSF': 0.4967735710677567, 'Frag/TestSF': 0.8038796220464034, 'Scaf/TestSF': 0.014845301125592347, 'IntDiv': 0.8378004775935561, 'IntDiv2': 0.8250113137464108, 'Filters': 0.9517948717948718, 'logP': 0.13346304689037167, 'SA': 0.03985676228845928, 'QED': 0.07920094209627858, 'weight': 13.061679160816936, 'Novelty': 0.9606346176786353}
Epoch: 48:
	Train Loss: 0.431 --- Reconstruction Loss: 0.406 --- KL Loss: 4.292 --- Beta: 0.005916
	Validity: 0.36% --- Uniquene@1000: 0.96% --- Unique@10000: 0.79%

{'valid': 0.41359999999999997, 'unique@1000': 0.94, 'unique@10000': 0.779, 'FCD/Test': 15.52436068811177, 'SNN/Test': 0.5252629726570337, 'Frag/Test': 0.8041249709550067, 'Scaf/Test': 0.21287537186108163, 'FCD/TestSF': 16.03464040897414, 'SNN/TestSF': 0.4852625980389591, 'Frag/TestSF': 0.8028609510946139, 'Scaf/TestSF': 0.025508340421482534, 'IntDiv': 0.8536647001376881, 'IntDiv2': 0.8403986474227659, 'Filters': 0.9642166344294004, 'logP': 0.3134202642644478, 'SA': 0.06878769222601092, 'QED': 0.043023580345702125, 'weight': 16.54053709058844, 'Novelty': 0.9632032330107413}
Epoch: 49:
	Train Loss: 0.429 --- Reconstruction Loss: 0.404 --- KL Loss: 4.247 --- Beta: 0.006040
	Validity: 0.41% --- Uniquene@1000: 0.94% --- Unique@10000: 0.78%

{'valid': 0.5484333333333333, 'unique@1000': 0.969, 'unique@10000': 0.8201, 'FCD/Test': 15.837916333869309, 'SNN/Test': 0.546670930389792, 'Frag/Test': 0.851340138070578, 'Scaf/Test': 0.2770174494523798, 'FCD/TestSF': 16.614341926463823, 'SNN/TestSF': 0.4987125327289992, 'Frag/TestSF': 0.8468985162258483, 'Scaf/TestSF': 0.02769360200176796, 'IntDiv': 0.8440468793562433, 'IntDiv2': 0.8321583478716698, 'Filters': 0.9666930043153225, 'logP': 0.255210308738816, 'SA': 0.05617346473077941, 'QED': 0.024499215678872102, 'weight': 16.507838231276235, 'Novelty': 0.9449051188008292}
Epoch: 50:
	Train Loss: 0.427 --- Reconstruction Loss: 0.401 --- KL Loss: 4.208 --- Beta: 0.006164
	Validity: 0.55% --- Uniquene@1000: 0.97% --- Unique@10000: 0.82%

{'valid': 0.5782333333333334, 'unique@1000': 0.975, 'unique@10000': 0.8133, 'FCD/Test': 16.077983993534048, 'SNN/Test': 0.5412923475005768, 'Frag/Test': 0.8100586134046809, 'Scaf/Test': 0.24118409182502076, 'FCD/TestSF': 16.9032770694305, 'SNN/TestSF': 0.4930207299407555, 'Frag/TestSF': 0.8040144082974073, 'Scaf/TestSF': 0.022663052468497424, 'IntDiv': 0.8434649056013301, 'IntDiv2': 0.831712917220561, 'Filters': 0.9586672047039834, 'logP': 0.15350497581501715, 'SA': 0.027771838613975648, 'QED': 0.04329130991920259, 'weight': 19.108167556667933, 'Novelty': 0.9495388368015855}
Epoch: 51:
	Train Loss: 0.426 --- Reconstruction Loss: 0.400 --- KL Loss: 4.174 --- Beta: 0.006288
	Validity: 0.58% --- Uniquene@1000: 0.97% --- Unique@10000: 0.81%

{'valid': 0.5881000000000001, 'unique@1000': 0.96, 'unique@10000': 0.8241, 'FCD/Test': 15.178236527249354, 'SNN/Test': 0.5367250818222252, 'Frag/Test': 0.8143301316882464, 'Scaf/Test': 0.21772348626030258, 'FCD/TestSF': 15.913461136023273, 'SNN/TestSF': 0.4879315085381815, 'Frag/TestSF': 0.8068846744443797, 'Scaf/TestSF': 0.024768735299971922, 'IntDiv': 0.8463287333895775, 'IntDiv2': 0.8341321854560577, 'Filters': 0.9691095618658958, 'logP': 0.22832827142349432, 'SA': 0.05613231063839024, 'QED': 0.06496190437248943, 'weight': 16.184950036511232, 'Novelty': 0.9513585548234249}
Epoch: 52:
	Train Loss: 0.424 --- Reconstruction Loss: 0.397 --- KL Loss: 4.132 --- Beta: 0.006411
	Validity: 0.59% --- Uniquene@1000: 0.96% --- Unique@10000: 0.82%

{'valid': 0.6574666666666666, 'unique@1000': 0.957, 'unique@10000': 0.8113, 'FCD/Test': 15.62170825021856, 'SNN/Test': 0.5470622309705133, 'Frag/Test': 0.792348287277075, 'Scaf/Test': 0.2676651604160545, 'FCD/TestSF': 16.32304985923914, 'SNN/TestSF': 0.4962136530117352, 'Frag/TestSF': 0.7881677439541556, 'Scaf/TestSF': 0.04138918070446218, 'IntDiv': 0.8435407499115248, 'IntDiv2': 0.831979105660346, 'Filters': 0.966284729263841, 'logP': 0.21716300418544768, 'SA': 0.041736028296624934, 'QED': 0.041657405003422306, 'weight': 19.016843291368687, 'Novelty': 0.946308263440121}
Epoch: 53:
	Train Loss: 0.422 --- Reconstruction Loss: 0.395 --- KL Loss: 4.093 --- Beta: 0.006535
	Validity: 0.66% --- Uniquene@1000: 0.96% --- Unique@10000: 0.81%

{'valid': 0.6772333333333334, 'unique@1000': 0.963, 'unique@10000': 0.8259, 'FCD/Test': 14.246585544722542, 'SNN/Test': 0.5374658517203955, 'Frag/Test': 0.8398027462355186, 'Scaf/Test': 0.21529018022824242, 'FCD/TestSF': 15.001854403666762, 'SNN/TestSF': 0.494201749378392, 'Frag/TestSF': 0.8385166892795463, 'Scaf/TestSF': 0.03431776473908066, 'IntDiv': 0.8494653519149167, 'IntDiv2': 0.8377121900890897, 'Filters': 0.9682531869862676, 'logP': 0.20284283775869505, 'SA': 0.031010335527184935, 'QED': 0.030545647964079457, 'weight': 17.736574646238825, 'Novelty': 0.9510260276666885}
Epoch: 54:
	Train Loss: 0.420 --- Reconstruction Loss: 0.393 --- KL Loss: 4.060 --- Beta: 0.006659
	Validity: 0.68% --- Uniquene@1000: 0.96% --- Unique@10000: 0.83%

{'valid': 0.6357999999999999, 'unique@1000': 0.964, 'unique@10000': 0.8102, 'FCD/Test': 15.446054423506382, 'SNN/Test': 0.5423112723543182, 'Frag/Test': 0.8224434842152657, 'Scaf/Test': 0.25942229031949304, 'FCD/TestSF': 16.14415330764311, 'SNN/TestSF': 0.49158904570224865, 'Frag/TestSF': 0.8184443046692292, 'Scaf/TestSF': 0.04545708420485062, 'IntDiv': 0.8445666762423972, 'IntDiv2': 0.8335057659645502, 'Filters': 0.9602600398448149, 'logP': 0.29509425612760554, 'SA': 0.03985712580168368, 'QED': 0.02015950073879912, 'weight': 16.0836104715421, 'Novelty': 0.9492987377279103}
Epoch: 55:
	Train Loss: 0.419 --- Reconstruction Loss: 0.391 --- KL Loss: 4.034 --- Beta: 0.006783
	Validity: 0.64% --- Uniquene@1000: 0.96% --- Unique@10000: 0.81%

slurmstepd: error: *** JOB 8257233 ON hpctpa3pc0050 CANCELLED AT 2024-02-15T10:04:48 ***
