2024-02-15 02:31:21.366667: E external/local_xla/xla/stream_executor/cuda/cuda_dnn.cc:9261] Unable to register cuDNN factory: Attempting to register factory for plugin cuDNN when one has already been registered
2024-02-15 02:31:21.366720: E external/local_xla/xla/stream_executor/cuda/cuda_fft.cc:607] Unable to register cuFFT factory: Attempting to register factory for plugin cuFFT when one has already been registered
2024-02-15 02:31:21.367966: E external/local_xla/xla/stream_executor/cuda/cuda_blas.cc:1515] Unable to register cuBLAS factory: Attempting to register factory for plugin cuBLAS when one has already been registered
2024-02-15 02:31:21.373355: I tensorflow/core/platform/cpu_feature_guard.cc:182] This TensorFlow binary is optimized to use available CPU instructions in performance-critical operations.
To enable the following instructions: AVX2 FMA, in other operations, rebuild TensorFlow with the appropriate compiler flags.
2024-02-15 02:31:22.330112: W tensorflow/compiler/tf2tensorrt/utils/py_utils.cc:38] TF-TRT Warning: Could not find TensorRT

Arguments:
	data_path: data/moses_train.txt
	max_len: 30
	batch: 128
	d_model: 512
	d_latent: 256
	d_ff: 1024
	e_heads: 1
	d_heads: 8
	n_layers: 6
	dropout: 0.5
	lr: 0.0005
	n_epochs: 80
	kl_type: cyclic
	kl_w_start: 0.0001
	kl_w_end: 0.0005
	kl_cycle: 2
	kl_ratio: 0.5
	save_name: klcompare

Number of data: 88192

SMILES Vocab:
	 {'<START>': 0, '<END>': 1, '<PAD>': 2, 'C': 3, 'O': 4, 'c': 5, '1': 6, '(': 7, '=': 8, ')': 9, 'N': 10, 'n': 11, '2': 12, 'F': 13, 'Cl': 14, 'Br': 15, '#': 16, '3': 17, 'S': 18, 'o': 19, '-': 20, 's': 21, '[nH]': 22, '4': 23}

Graph Vocab:
	 {'C': 0, 'O': 1, 'N': 2, 'F': 3, 'Cl': 4, 'Br': 5, 'S': 6}


KL Annealer: [0.0001  0.00012 0.00014 0.00016 0.00018 0.0002  0.00022 0.00024 0.00026
 0.00028 0.0003  0.00032 0.00034 0.00036 0.00038 0.0004  0.00042 0.00044
 0.00046 0.00048 0.0005  0.0005  0.0005  0.0005  0.0005  0.0005  0.0005
 0.0005  0.0005  0.0005  0.0005  0.0005  0.0005  0.0005  0.0005  0.0005
 0.0005  0.0005  0.0005  0.0005  0.0001  0.00012 0.00014 0.00016 0.00018
 0.0002  0.00022 0.00024 0.00026 0.00028 0.0003  0.00032 0.00034 0.00036
 0.00038 0.0004  0.00042 0.00044 0.00046 0.00048 0.0005  0.0005  0.0005
 0.0005  0.0005  0.0005  0.0005  0.0005  0.0005  0.0005  0.0005  0.0005
 0.0005  0.0005  0.0005  0.0005  0.0005  0.0005  0.0005  0.0005 ]




#########################################################################
######################### START TRAINING ################################
#########################################################################




{'valid': 0.5921666666666667, 'unique@1000': 0.84, 'unique@10000': 0.5332, 'FCD/Test': 21.108137612673673, 'SNN/Test': 0.6145801215432847, 'Frag/Test': 0.8853415670346952, 'Scaf/Test': 0.3571838681432056, 'FCD/TestSF': 22.12186206123465, 'SNN/TestSF': 0.5376757079460169, 'Frag/TestSF': 0.8741616428015607, 'Scaf/TestSF': 0.02835992757640926, 'IntDiv': 0.7823717703958057, 'IntDiv2': 0.7689533210147836, 'Filters': 0.9860399662257248, 'logP': 0.3652591662897917, 'SA': 0.32998419880802743, 'QED': 0.05225842632246941, 'weight': 12.61101546226658, 'Novelty': 0.9249431387414708}
Epoch: 31:
	Train Loss: 0.456 --- Reconstruction Loss: 0.444 --- KL Loss: 23.514 --- Beta: 0.000500
	Validity: 0.59% --- Uniquene@1000: 0.84% --- Unique@10000: 0.53%

{'valid': 0.512, 'unique@1000': 0.865, 'unique@10000': 0.5569, 'FCD/Test': 22.732216832084823, 'SNN/Test': 0.5858754675321204, 'Frag/Test': 0.8669946789890826, 'Scaf/Test': 0.1826644043938893, 'FCD/TestSF': 23.605182165310595, 'SNN/TestSF': 0.5159309299012723, 'Frag/TestSF': 0.8572923593400775, 'Scaf/TestSF': 0.02781483093329984, 'IntDiv': 0.7749710882047011, 'IntDiv2': 0.7614805976805061, 'Filters': 0.9805989583333333, 'logP': 0.3745415087605658, 'SA': 0.21712418872983386, 'QED': 0.07403443325916677, 'weight': 4.963656631117133, 'Novelty': 0.9535723842654535}
Epoch: 32:
	Train Loss: 0.450 --- Reconstruction Loss: 0.439 --- KL Loss: 23.002 --- Beta: 0.000500
	Validity: 0.51% --- Uniquene@1000: 0.86% --- Unique@10000: 0.56%

{'valid': 0.5866333333333333, 'unique@1000': 0.876, 'unique@10000': 0.5777, 'FCD/Test': 24.323643318318133, 'SNN/Test': 0.58870649752654, 'Frag/Test': 0.8345666374867023, 'Scaf/Test': 0.2550647549083054, 'FCD/TestSF': 25.408124534168465, 'SNN/TestSF': 0.5148260020465971, 'Frag/TestSF': 0.8212820967532742, 'Scaf/TestSF': 0.09133406425856161, 'IntDiv': 0.7669593471038006, 'IntDiv2': 0.7530376026943111, 'Filters': 0.9858514688334564, 'logP': 0.24542007803864066, 'SA': 0.26663164044580256, 'QED': 0.09626347134794354, 'weight': 5.600596592794434, 'Novelty': 0.9485345026540503}
Epoch: 33:
	Train Loss: 0.445 --- Reconstruction Loss: 0.434 --- KL Loss: 22.460 --- Beta: 0.000500
	Validity: 0.59% --- Uniquene@1000: 0.88% --- Unique@10000: 0.58%

{'valid': 0.47609999999999997, 'unique@1000': 0.916, 'unique@10000': 0.6438, 'FCD/Test': 20.49674187694948, 'SNN/Test': 0.5837692755540446, 'Frag/Test': 0.8566103423522925, 'Scaf/Test': 0.23550539209656718, 'FCD/TestSF': 21.794752684405715, 'SNN/TestSF': 0.49816758773356584, 'Frag/TestSF': 0.8426646358463166, 'Scaf/TestSF': 0.020985530854585766, 'IntDiv': 0.7854969377310976, 'IntDiv2': 0.7725028104551845, 'Filters': 0.9750052509976895, 'logP': 0.34495133437195546, 'SA': 0.21590621068397012, 'QED': 0.08528956672347945, 'weight': 5.669334303497566, 'Novelty': 0.9462697188945558}
Epoch: 34:
	Train Loss: 0.440 --- Reconstruction Loss: 0.429 --- KL Loss: 22.005 --- Beta: 0.000500
	Validity: 0.48% --- Uniquene@1000: 0.92% --- Unique@10000: 0.64%

{'valid': 0.5300333333333334, 'unique@1000': 0.91, 'unique@10000': 0.6891, 'FCD/Test': 18.767054440773293, 'SNN/Test': 0.587590668351161, 'Frag/Test': 0.8916356845296074, 'Scaf/Test': 0.3190711357426014, 'FCD/TestSF': 19.81169356089771, 'SNN/TestSF': 0.5119929080026029, 'Frag/TestSF': 0.8812457522842932, 'Scaf/TestSF': 0.030587001887813936, 'IntDiv': 0.803442737800705, 'IntDiv2': 0.7909730636520379, 'Filters': 0.9774228035972581, 'logP': 0.44836516834246304, 'SA': 0.24455241496765368, 'QED': 0.052837938581850326, 'weight': 8.15911245656695, 'Novelty': 0.9465012205044752}
Epoch: 35:
	Train Loss: 0.433 --- Reconstruction Loss: 0.423 --- KL Loss: 21.879 --- Beta: 0.000500
	Validity: 0.53% --- Uniquene@1000: 0.91% --- Unique@10000: 0.69%

{'valid': 0.47286666666666666, 'unique@1000': 0.918, 'unique@10000': 0.684, 'FCD/Test': 16.409728608512758, 'SNN/Test': 0.5903353788117235, 'Frag/Test': 0.9165893046776479, 'Scaf/Test': 0.29177086847683087, 'FCD/TestSF': 17.30323318727642, 'SNN/TestSF': 0.5311595634325559, 'Frag/TestSF': 0.9067194645972256, 'Scaf/TestSF': 0.04782240541478888, 'IntDiv': 0.8072947900737553, 'IntDiv2': 0.7960647648376512, 'Filters': 0.9703933455519527, 'logP': 0.3484412764211272, 'SA': 0.2486536953976745, 'QED': 0.046749785892289814, 'weight': 12.903162453669927, 'Novelty': 0.9375831485587584}
Epoch: 36:
	Train Loss: 0.428 --- Reconstruction Loss: 0.417 --- KL Loss: 21.577 --- Beta: 0.000500
	Validity: 0.47% --- Uniquene@1000: 0.92% --- Unique@10000: 0.68%

{'valid': 0.45409999999999995, 'unique@1000': 0.895, 'unique@10000': 0.6514, 'FCD/Test': 18.554944957084672, 'SNN/Test': 0.5982645779513389, 'Frag/Test': 0.9028149147955778, 'Scaf/Test': 0.2425766188166888, 'FCD/TestSF': 19.274633295246765, 'SNN/TestSF': 0.5256981608985428, 'Frag/TestSF': 0.895748390669037, 'Scaf/TestSF': 0.023699273786799258, 'IntDiv': 0.8040341363839363, 'IntDiv2': 0.7914913736667224, 'Filters': 0.9638846069147765, 'logP': 0.6099688793730347, 'SA': 0.26759811443818365, 'QED': 0.02798624226457226, 'weight': 7.992204601930899, 'Novelty': 0.935030623273688}
Epoch: 37:
	Train Loss: 0.423 --- Reconstruction Loss: 0.412 --- KL Loss: 21.385 --- Beta: 0.000500
	Validity: 0.45% --- Uniquene@1000: 0.90% --- Unique@10000: 0.65%

{'valid': 0.5820333333333334, 'unique@1000': 0.933, 'unique@10000': 0.7002, 'FCD/Test': 16.70182474406122, 'SNN/Test': 0.5930132244325682, 'Frag/Test': 0.916109602440957, 'Scaf/Test': 0.28973786281133673, 'FCD/TestSF': 17.3198816274125, 'SNN/TestSF': 0.5352070448318166, 'Frag/TestSF': 0.9097113401425762, 'Scaf/TestSF': 0.03630666218659917, 'IntDiv': 0.810639283455919, 'IntDiv2': 0.7988312860249076, 'Filters': 0.9763472882423687, 'logP': 0.42917038436718874, 'SA': 0.264422338288771, 'QED': 0.02987589150099752, 'weight': 9.420574012615225, 'Novelty': 0.9316451050555097}
Epoch: 38:
	Train Loss: 0.417 --- Reconstruction Loss: 0.407 --- KL Loss: 20.725 --- Beta: 0.000500
	Validity: 0.58% --- Uniquene@1000: 0.93% --- Unique@10000: 0.70%

{'valid': 0.5538333333333334, 'unique@1000': 0.93, 'unique@10000': 0.7295, 'FCD/Test': 15.98098721065989, 'SNN/Test': 0.5835360109671534, 'Frag/Test': 0.8985535196099248, 'Scaf/Test': 0.22068894491914326, 'FCD/TestSF': 16.788564272540782, 'SNN/TestSF': 0.520588468292769, 'Frag/TestSF': 0.8896289390414681, 'Scaf/TestSF': 0.044769015078622965, 'IntDiv': 0.8074344215735484, 'IntDiv2': 0.7961214610929952, 'Filters': 0.9783930183569064, 'logP': 0.4687941431020454, 'SA': 0.22303923664090294, 'QED': 0.047053841024129954, 'weight': 9.332770026622509, 'Novelty': 0.940092584188073}
Epoch: 39:
	Train Loss: 0.412 --- Reconstruction Loss: 0.402 --- KL Loss: 20.642 --- Beta: 0.000500
	Validity: 0.55% --- Uniquene@1000: 0.93% --- Unique@10000: 0.73%

{'valid': 0.4996666666666667, 'unique@1000': 0.97, 'unique@10000': 0.8034, 'FCD/Test': 15.751575142169898, 'SNN/Test': 0.5664723518035506, 'Frag/Test': 0.9071076247005587, 'Scaf/Test': 0.2685699105902142, 'FCD/TestSF': 16.366534829477857, 'SNN/TestSF': 0.5089781505533502, 'Frag/TestSF': 0.8992169942213502, 'Scaf/TestSF': 0.03510370768376092, 'IntDiv': 0.8192507027796634, 'IntDiv2': 0.8077735176616059, 'Filters': 0.9684456304202802, 'logP': 0.5058509619546983, 'SA': 0.1634511813230371, 'QED': 0.042841986310563046, 'weight': 5.992885618051936, 'Novelty': 0.9539259650048361}
Epoch: 40:
	Train Loss: 0.408 --- Reconstruction Loss: 0.398 --- KL Loss: 20.387 --- Beta: 0.000500
	Validity: 0.50% --- Uniquene@1000: 0.97% --- Unique@10000: 0.80%

{'valid': 0.5317000000000001, 'unique@1000': 0.931, 'unique@10000': 0.6984, 'FCD/Test': 15.9997812565733, 'SNN/Test': 0.5794597113039432, 'Frag/Test': 0.9184100330256045, 'Scaf/Test': 0.2567693375610842, 'FCD/TestSF': 16.922980209629962, 'SNN/TestSF': 0.510940763162607, 'Frag/TestSF': 0.9095368076023382, 'Scaf/TestSF': 0.04237844243502176, 'IntDiv': 0.8094951402423758, 'IntDiv2': 0.7989352457960051, 'Filters': 0.9719766785781456, 'logP': 0.40776464481615937, 'SA': 0.1721229546582645, 'QED': 0.03494216132288036, 'weight': 11.266774634588144, 'Novelty': 0.9427559752139274}
Epoch: 41:
	Train Loss: 0.394 --- Reconstruction Loss: 0.391 --- KL Loss: 32.778 --- Beta: 0.000100
	Validity: 0.53% --- Uniquene@1000: 0.93% --- Unique@10000: 0.70%

{'valid': 0.5407666666666666, 'unique@1000': 0.926, 'unique@10000': 0.7024, 'FCD/Test': 15.85741253418535, 'SNN/Test': 0.5671313341071145, 'Frag/Test': 0.9107274597449974, 'Scaf/Test': 0.20955031740640995, 'FCD/TestSF': 16.607959563412336, 'SNN/TestSF': 0.5107765656160028, 'Frag/TestSF': 0.9019705172025568, 'Scaf/TestSF': 0.04794991766150858, 'IntDiv': 0.8114318093356363, 'IntDiv2': 0.8012614175671813, 'Filters': 0.96412500770511, 'logP': 0.38583678683315914, 'SA': 0.1540958914074112, 'QED': 0.027366357634675917, 'weight': 17.189942139144534, 'Novelty': 0.9413134154622175}
Epoch: 42:
	Train Loss: 0.390 --- Reconstruction Loss: 0.386 --- KL Loss: 34.960 --- Beta: 0.000120
	Validity: 0.54% --- Uniquene@1000: 0.93% --- Unique@10000: 0.70%

{'valid': 0.44353333333333333, 'unique@1000': 0.938, 'unique@10000': 0.7346, 'FCD/Test': 15.861768196975284, 'SNN/Test': 0.5619504427394257, 'Frag/Test': 0.9135445285444284, 'Scaf/Test': 0.20555595936287108, 'FCD/TestSF': 16.710658109084427, 'SNN/TestSF': 0.49885255044588517, 'Frag/TestSF': 0.9062406304171436, 'Scaf/TestSF': 0.03246894337418216, 'IntDiv': 0.8149480163499829, 'IntDiv2': 0.804379507347827, 'Filters': 0.9643769727942282, 'logP': 0.5109124975963841, 'SA': 0.10899139098743221, 'QED': 0.02972639021601182, 'weight': 10.825669120251979, 'Novelty': 0.9448955288513586}
Epoch: 43:
	Train Loss: 0.387 --- Reconstruction Loss: 0.382 --- KL Loss: 34.828 --- Beta: 0.000140
	Validity: 0.44% --- Uniquene@1000: 0.94% --- Unique@10000: 0.73%

{'valid': 0.4168666666666667, 'unique@1000': 0.942, 'unique@10000': 0.7129, 'FCD/Test': 16.211426214795054, 'SNN/Test': 0.5521884857881418, 'Frag/Test': 0.9259383752006474, 'Scaf/Test': 0.17263988223508986, 'FCD/TestSF': 17.101056296461508, 'SNN/TestSF': 0.49206887747137407, 'Frag/TestSF': 0.9191163430851658, 'Scaf/TestSF': 0.030087049097029528, 'IntDiv': 0.8226350226412997, 'IntDiv2': 0.8117479932037794, 'Filters': 0.9649768111306573, 'logP': 0.39709151934515596, 'SA': 0.09951001387047345, 'QED': 0.019784725935510592, 'weight': 18.418838127259917, 'Novelty': 0.9425703280028015}
Epoch: 44:
	Train Loss: 0.383 --- Reconstruction Loss: 0.378 --- KL Loss: 34.059 --- Beta: 0.000160
	Validity: 0.42% --- Uniquene@1000: 0.94% --- Unique@10000: 0.71%

{'valid': 0.5061333333333333, 'unique@1000': 0.951, 'unique@10000': 0.7562, 'FCD/Test': 15.863787831973148, 'SNN/Test': 0.5666274022334525, 'Frag/Test': 0.8978035121027439, 'Scaf/Test': 0.26282019142292334, 'FCD/TestSF': 16.915546921266092, 'SNN/TestSF': 0.5001083377815461, 'Frag/TestSF': 0.8886371902725585, 'Scaf/TestSF': 0.02830341345918619, 'IntDiv': 0.8204543902143712, 'IntDiv2': 0.8098697541164278, 'Filters': 0.961340885142255, 'logP': 0.2554164749487739, 'SA': 0.13386408075299988, 'QED': 0.03597700946828751, 'weight': 22.187666729559112, 'Novelty': 0.9306699101796407}
Epoch: 45:
	Train Loss: 0.379 --- Reconstruction Loss: 0.373 --- KL Loss: 33.082 --- Beta: 0.000180
	Validity: 0.51% --- Uniquene@1000: 0.95% --- Unique@10000: 0.76%

{'valid': 0.4096666666666666, 'unique@1000': 0.936, 'unique@10000': 0.7101, 'FCD/Test': 15.66845306728625, 'SNN/Test': 0.5540264382667421, 'Frag/Test': 0.9178358200513014, 'Scaf/Test': 0.139589361122195, 'FCD/TestSF': 16.5995220537213, 'SNN/TestSF': 0.48860725425941565, 'Frag/TestSF': 0.9096512680946475, 'Scaf/TestSF': 0.01850336958949661, 'IntDiv': 0.8272218381643717, 'IntDiv2': 0.8156329061879859, 'Filters': 0.9629780309194467, 'logP': 0.2360346399866013, 'SA': 0.05629201358216086, 'QED': 0.015320993030323134, 'weight': 21.37463661048168, 'Novelty': 0.9347877638131373}
Epoch: 46:
	Train Loss: 0.377 --- Reconstruction Loss: 0.370 --- KL Loss: 31.939 --- Beta: 0.000200
	Validity: 0.41% --- Uniquene@1000: 0.94% --- Unique@10000: 0.71%

{'valid': 0.5282666666666667, 'unique@1000': 0.949, 'unique@10000': 0.7662, 'FCD/Test': 17.424022165626056, 'SNN/Test': 0.5462909215973791, 'Frag/Test': 0.8910384113164241, 'Scaf/Test': 0.18173882543501807, 'FCD/TestSF': 18.447347937720366, 'SNN/TestSF': 0.48177449631794783, 'Frag/TestSF': 0.8784166028109686, 'Scaf/TestSF': 0.03868854076606221, 'IntDiv': 0.8183395773501989, 'IntDiv2': 0.8072015755443652, 'Filters': 0.9671882887430591, 'logP': 0.2913128611897953, 'SA': 0.07705837222625446, 'QED': 0.02926506650842057, 'weight': 23.597733753303917, 'Novelty': 0.9481303845812239}
Epoch: 47:
	Train Loss: 0.372 --- Reconstruction Loss: 0.365 --- KL Loss: 30.721 --- Beta: 0.000220
	Validity: 0.53% --- Uniquene@1000: 0.95% --- Unique@10000: 0.77%

{'valid': 0.6143333333333334, 'unique@1000': 0.956, 'unique@10000': 0.7911, 'FCD/Test': 16.30030009287738, 'SNN/Test': 0.561643382117791, 'Frag/Test': 0.9028203339027773, 'Scaf/Test': 0.2016137791871515, 'FCD/TestSF': 17.17200323465832, 'SNN/TestSF': 0.5026809163250098, 'Frag/TestSF': 0.891061238279109, 'Scaf/TestSF': 0.056223471382738976, 'IntDiv': 0.8164075214784996, 'IntDiv2': 0.805841760752291, 'Filters': 0.9641345632121541, 'logP': 0.2531091537462382, 'SA': 0.10529200882928973, 'QED': 0.028549813974257335, 'weight': 22.235731770572542, 'Novelty': 0.9320285237445001}
Epoch: 48:
	Train Loss: 0.369 --- Reconstruction Loss: 0.362 --- KL Loss: 29.410 --- Beta: 0.000240
	Validity: 0.61% --- Uniquene@1000: 0.96% --- Unique@10000: 0.79%

{'valid': 0.41636666666666666, 'unique@1000': 0.949, 'unique@10000': 0.8111, 'FCD/Test': 15.221604357406413, 'SNN/Test': 0.5180884480485923, 'Frag/Test': 0.919122246238899, 'Scaf/Test': 0.1575960670887665, 'FCD/TestSF': 15.789219620942958, 'SNN/TestSF': 0.47369915010639746, 'Frag/TestSF': 0.914270756787955, 'Scaf/TestSF': 0.03735578810684914, 'IntDiv': 0.8416154617309097, 'IntDiv2': 0.8313728445301316, 'Filters': 0.946681610759747, 'logP': 0.31682748505060176, 'SA': 0.07293220892992204, 'QED': 0.0166415443658942, 'weight': 25.101106242297497, 'Novelty': 0.9541293734743694}
Epoch: 49:
	Train Loss: 0.366 --- Reconstruction Loss: 0.359 --- KL Loss: 28.418 --- Beta: 0.000260
	Validity: 0.42% --- Uniquene@1000: 0.95% --- Unique@10000: 0.81%

{'valid': 0.5408333333333333, 'unique@1000': 0.958, 'unique@10000': 0.785, 'FCD/Test': 15.659364832337069, 'SNN/Test': 0.5675189722750698, 'Frag/Test': 0.9307492614078894, 'Scaf/Test': 0.24191415186291865, 'FCD/TestSF': 16.505214941942214, 'SNN/TestSF': 0.5092594066303574, 'Frag/TestSF': 0.9218047592769163, 'Scaf/TestSF': 0.04620706600185631, 'IntDiv': 0.8264733932200556, 'IntDiv2': 0.8157289141460713, 'Filters': 0.9675808936825886, 'logP': 0.329377284621043, 'SA': 0.16772948198754153, 'QED': 0.014340376216930129, 'weight': 26.643299425940718, 'Novelty': 0.9162201241813388}
Epoch: 50:
	Train Loss: 0.363 --- Reconstruction Loss: 0.355 --- KL Loss: 27.550 --- Beta: 0.000280
	Validity: 0.54% --- Uniquene@1000: 0.96% --- Unique@10000: 0.79%

{'valid': 0.4349666666666666, 'unique@1000': 0.967, 'unique@10000': 0.8109, 'FCD/Test': 14.387125620211997, 'SNN/Test': 0.5305304420888264, 'Frag/Test': 0.9271919799542834, 'Scaf/Test': 0.21167685427999428, 'FCD/TestSF': 14.987424009554928, 'SNN/TestSF': 0.48377643954969474, 'Frag/TestSF': 0.9197693463924232, 'Scaf/TestSF': 0.05336609929407865, 'IntDiv': 0.843727638345233, 'IntDiv2': 0.8334819690308843, 'Filters': 0.9628324009502643, 'logP': 0.16829687534507096, 'SA': 0.012320297281054488, 'QED': 0.010663888602748355, 'weight': 28.381751495485766, 'Novelty': 0.9458825827879261}
Epoch: 51:
	Train Loss: 0.359 --- Reconstruction Loss: 0.351 --- KL Loss: 26.525 --- Beta: 0.000300
	Validity: 0.43% --- Uniquene@1000: 0.97% --- Unique@10000: 0.81%

{'valid': 0.4572666666666667, 'unique@1000': 0.975, 'unique@10000': 0.848, 'FCD/Test': 14.150296198424655, 'SNN/Test': 0.5297935482824417, 'Frag/Test': 0.929656170841908, 'Scaf/Test': 0.18223928286002622, 'FCD/TestSF': 15.112506789529824, 'SNN/TestSF': 0.4734965298177637, 'Frag/TestSF': 0.9204389661004182, 'Scaf/TestSF': 0.03522185253825916, 'IntDiv': 0.835148643190843, 'IntDiv2': 0.8254816785539948, 'Filters': 0.9377460271176556, 'logP': 0.178273318326138, 'SA': 0.02438842333534834, 'QED': 0.018701801555691764, 'weight': 23.0247844309356, 'Novelty': 0.952768583952053}
Epoch: 52:
	Train Loss: 0.357 --- Reconstruction Loss: 0.349 --- KL Loss: 25.730 --- Beta: 0.000320
	Validity: 0.46% --- Uniquene@1000: 0.97% --- Unique@10000: 0.85%

{'valid': 0.5663666666666667, 'unique@1000': 0.965, 'unique@10000': 0.8529, 'FCD/Test': 14.534306167616847, 'SNN/Test': 0.5440535295561073, 'Frag/Test': 0.9179472542235965, 'Scaf/Test': 0.20978468994072352, 'FCD/TestSF': 15.207044734314863, 'SNN/TestSF': 0.4883443038711328, 'Frag/TestSF': 0.9111187532235826, 'Scaf/TestSF': 0.05953890872736556, 'IntDiv': 0.8370434798296337, 'IntDiv2': 0.8272386841036546, 'Filters': 0.9627449826378671, 'logP': 0.20311937744714692, 'SA': 0.056980359013408206, 'QED': 0.014369098073516893, 'weight': 26.474506192362945, 'Novelty': 0.9373529411764706}
Epoch: 53:
	Train Loss: 0.355 --- Reconstruction Loss: 0.346 --- KL Loss: 24.872 --- Beta: 0.000340
	Validity: 0.57% --- Uniquene@1000: 0.96% --- Unique@10000: 0.85%

{'valid': 0.3917666666666667, 'unique@1000': 0.983, 'unique@10000': 0.8589, 'FCD/Test': 13.802349388094875, 'SNN/Test': 0.5171961886920007, 'Frag/Test': 0.9310168272818525, 'Scaf/Test': 0.23966589978541675, 'FCD/TestSF': 14.556143182307537, 'SNN/TestSF': 0.46869514825257264, 'Frag/TestSF': 0.9230446863013753, 'Scaf/TestSF': 0.032883617692692546, 'IntDiv': 0.8491667609881265, 'IntDiv2': 0.8388330683014626, 'Filters': 0.9476729345698971, 'logP': 0.1652279859855138, 'SA': 0.09345740746438552, 'QED': 0.00922841978261923, 'weight': 27.644954168296934, 'Novelty': 0.9566051064688667}
Epoch: 54:
	Train Loss: 0.351 --- Reconstruction Loss: 0.342 --- KL Loss: 24.139 --- Beta: 0.000360
	Validity: 0.39% --- Uniquene@1000: 0.98% --- Unique@10000: 0.86%

{'valid': 0.4492333333333334, 'unique@1000': 0.969, 'unique@10000': 0.8585, 'FCD/Test': 14.341037155272986, 'SNN/Test': 0.5269662576075291, 'Frag/Test': 0.9343781773277394, 'Scaf/Test': 0.25202351309477755, 'FCD/TestSF': 15.272715875128704, 'SNN/TestSF': 0.47299327917765766, 'Frag/TestSF': 0.9263216933659361, 'Scaf/TestSF': 0.057066022005953565, 'IntDiv': 0.8436418466155255, 'IntDiv2': 0.8337511715086203, 'Filters': 0.9560733100838466, 'logP': 0.17678761956792133, 'SA': 0.025256886198302228, 'QED': 0.007666030755423797, 'weight': 32.640090686542806, 'Novelty': 0.9455082319255548}
Epoch: 55:
	Train Loss: 0.350 --- Reconstruction Loss: 0.341 --- KL Loss: 23.611 --- Beta: 0.000380
	Validity: 0.45% --- Uniquene@1000: 0.97% --- Unique@10000: 0.86%

{'valid': 0.5034666666666667, 'unique@1000': 0.977, 'unique@10000': 0.873, 'FCD/Test': 13.219705184925282, 'SNN/Test': 0.527596662041013, 'Frag/Test': 0.924898800090115, 'Scaf/Test': 0.23806063005901112, 'FCD/TestSF': 13.769173547830135, 'SNN/TestSF': 0.4801505063798563, 'Frag/TestSF': 0.9199885648312308, 'Scaf/TestSF': 0.0431258408718288, 'IntDiv': 0.8496482851391844, 'IntDiv2': 0.8401353625798775, 'Filters': 0.9574947033898306, 'logP': 0.14815972087806872, 'SA': 0.03521136882631888, 'QED': 0.014150671176813451, 'weight': 30.978440087052704, 'Novelty': 0.9386658235852039}
Epoch: 56:
	Train Loss: 0.347 --- Reconstruction Loss: 0.338 --- KL Loss: 22.976 --- Beta: 0.000400
	Validity: 0.50% --- Uniquene@1000: 0.98% --- Unique@10000: 0.87%

{'valid': 0.6140666666666666, 'unique@1000': 0.972, 'unique@10000': 0.8515, 'FCD/Test': 13.869242937983557, 'SNN/Test': 0.5542408974863279, 'Frag/Test': 0.9147007086464659, 'Scaf/Test': 0.2832048909078334, 'FCD/TestSF': 14.703815130693656, 'SNN/TestSF': 0.49756419669338087, 'Frag/TestSF': 0.9049056125252037, 'Scaf/TestSF': 0.0569964743070307, 'IntDiv': 0.8357064757446858, 'IntDiv2': 0.825732908133681, 'Filters': 0.9577678862229942, 'logP': 0.15976975678029606, 'SA': 0.08241547886760422, 'QED': 0.014313203350362746, 'weight': 27.39086371996023, 'Novelty': 0.930110459566344}
Epoch: 57:
	Train Loss: 0.345 --- Reconstruction Loss: 0.335 --- KL Loss: 22.352 --- Beta: 0.000420
	Validity: 0.61% --- Uniquene@1000: 0.97% --- Unique@10000: 0.85%

{'valid': 0.37206666666666666, 'unique@1000': 0.978, 'unique@10000': 0.8628, 'FCD/Test': 13.577515484388492, 'SNN/Test': 0.5276618931516591, 'Frag/Test': 0.8965725318320125, 'Scaf/Test': 0.26924515635457147, 'FCD/TestSF': 14.403027986734116, 'SNN/TestSF': 0.47782069493784013, 'Frag/TestSF': 0.8874411736314235, 'Scaf/TestSF': 0.051027035036010804, 'IntDiv': 0.8454922424235792, 'IntDiv2': 0.8350730724898048, 'Filters': 0.937735172908081, 'logP': 0.15620797664253983, 'SA': 0.060637242507319666, 'QED': 0.012306213813220002, 'weight': 28.455594708659387, 'Novelty': 0.9423803526448362}
Epoch: 58:
	Train Loss: 0.342 --- Reconstruction Loss: 0.332 --- KL Loss: 21.750 --- Beta: 0.000440
	Validity: 0.37% --- Uniquene@1000: 0.98% --- Unique@10000: 0.86%

{'valid': 0.6706666666666667, 'unique@1000': 0.99, 'unique@10000': 0.8783, 'FCD/Test': 13.515624874462745, 'SNN/Test': 0.5521691524988377, 'Frag/Test': 0.9439870574238095, 'Scaf/Test': 0.32724389124195885, 'FCD/TestSF': 14.341874799361769, 'SNN/TestSF': 0.49687406805753115, 'Frag/TestSF': 0.9358940442512498, 'Scaf/TestSF': 0.048875276620785835, 'IntDiv': 0.8369393670292968, 'IntDiv2': 0.8272842407881992, 'Filters': 0.9669980119284294, 'logP': 0.1920204784797299, 'SA': 0.09466680566106853, 'QED': 0.010800702942591375, 'weight': 29.636037701357004, 'Novelty': 0.928936480895595}
Epoch: 59:
	Train Loss: 0.340 --- Reconstruction Loss: 0.331 --- KL Loss: 21.266 --- Beta: 0.000460
	Validity: 0.67% --- Uniquene@1000: 0.99% --- Unique@10000: 0.88%

{'valid': 0.34406666666666663, 'unique@1000': 0.99, 'unique@10000': 0.8844, 'FCD/Test': 12.323379429459976, 'SNN/Test': 0.5202193760151227, 'Frag/Test': 0.917237550946692, 'Scaf/Test': 0.2717867748207774, 'FCD/TestSF': 12.872534756840679, 'SNN/TestSF': 0.47893857254760946, 'Frag/TestSF': 0.9123385090071876, 'Scaf/TestSF': 0.0631797727076876, 'IntDiv': 0.8565818681839166, 'IntDiv2': 0.8462507363945675, 'Filters': 0.9496221662468514, 'logP': 0.11858055038579338, 'SA': 0.10487836791938035, 'QED': 0.008648815545796947, 'weight': 28.055000189058703, 'Novelty': 0.9470911086717893}
Epoch: 60:
	Train Loss: 0.338 --- Reconstruction Loss: 0.328 --- KL Loss: 20.852 --- Beta: 0.000480
	Validity: 0.34% --- Uniquene@1000: 0.99% --- Unique@10000: 0.88%

{'valid': 0.5805333333333333, 'unique@1000': 0.985, 'unique@10000': 0.8914, 'FCD/Test': 12.737846106905693, 'SNN/Test': 0.5339702156106704, 'Frag/Test': 0.9192548532214032, 'Scaf/Test': 0.24331084614439968, 'FCD/TestSF': 13.254038148970267, 'SNN/TestSF': 0.48998681161780255, 'Frag/TestSF': 0.9141571453558198, 'Scaf/TestSF': 0.06391395030266178, 'IntDiv': 0.8481141103442245, 'IntDiv2': 0.8384753472462141, 'Filters': 0.9596348185576481, 'logP': 0.14429941506621832, 'SA': 0.017755655324524854, 'QED': 0.009626618950714422, 'weight': 29.783564486105206, 'Novelty': 0.9380327425246922}
Epoch: 61:
	Train Loss: 0.337 --- Reconstruction Loss: 0.327 --- KL Loss: 20.380 --- Beta: 0.000500
	Validity: 0.58% --- Uniquene@1000: 0.98% --- Unique@10000: 0.89%

{'valid': 0.4639333333333333, 'unique@1000': 0.983, 'unique@10000': 0.8802, 'FCD/Test': 11.627536483401371, 'SNN/Test': 0.5417970844680575, 'Frag/Test': 0.9330711346605451, 'Scaf/Test': 0.277789971645216, 'FCD/TestSF': 12.106924211480518, 'SNN/TestSF': 0.4974658778696109, 'Frag/TestSF': 0.9275890226850934, 'Scaf/TestSF': 0.05380454090603615, 'IntDiv': 0.8503351340596622, 'IntDiv2': 0.8398858960069684, 'Filters': 0.9594050869377784, 'logP': 0.16906012062398995, 'SA': 0.0470496031267067, 'QED': 0.01175533276795552, 'weight': 31.12511551267892, 'Novelty': 0.928529238038984}
Epoch: 62:
	Train Loss: 0.334 --- Reconstruction Loss: 0.324 --- KL Loss: 20.177 --- Beta: 0.000500
	Validity: 0.46% --- Uniquene@1000: 0.98% --- Unique@10000: 0.88%

{'valid': 0.7284333333333333, 'unique@1000': 0.984, 'unique@10000': 0.9061, 'FCD/Test': 12.238178485327794, 'SNN/Test': 0.5500988481414677, 'Frag/Test': 0.9194496563082506, 'Scaf/Test': 0.3493349589604946, 'FCD/TestSF': 12.852324403683056, 'SNN/TestSF': 0.5063574697744087, 'Frag/TestSF': 0.913904023219293, 'Scaf/TestSF': 0.09166892725816977, 'IntDiv': 0.8440176208632839, 'IntDiv2': 0.8343392330986161, 'Filters': 0.9666407358257447, 'logP': 0.18765986150903632, 'SA': 0.06742181912549536, 'QED': 0.014206953975459145, 'weight': 25.071419854048244, 'Novelty': 0.924998642263618}
Epoch: 63:
	Train Loss: 0.332 --- Reconstruction Loss: 0.322 --- KL Loss: 20.143 --- Beta: 0.000500
	Validity: 0.73% --- Uniquene@1000: 0.98% --- Unique@10000: 0.91%

{'valid': 0.5997333333333333, 'unique@1000': 0.987, 'unique@10000': 0.9029, 'FCD/Test': 13.230144371637984, 'SNN/Test': 0.5405985665167634, 'Frag/Test': 0.9095115741833012, 'Scaf/Test': 0.29274088375055984, 'FCD/TestSF': 13.87424373840257, 'SNN/TestSF': 0.49349142743706065, 'Frag/TestSF': 0.9039331087984572, 'Scaf/TestSF': 0.04458382103084291, 'IntDiv': 0.8493083026055052, 'IntDiv2': 0.8394018315384429, 'Filters': 0.9703201422854602, 'logP': 0.16924988533217097, 'SA': 0.05567076921081402, 'QED': 0.01016711622541033, 'weight': 31.458573042094873, 'Novelty': 0.9302371026576342}
Epoch: 64:
	Train Loss: 0.330 --- Reconstruction Loss: 0.320 --- KL Loss: 20.066 --- Beta: 0.000500
	Validity: 0.60% --- Uniquene@1000: 0.99% --- Unique@10000: 0.90%

{'valid': 0.5993999999999999, 'unique@1000': 0.982, 'unique@10000': 0.902, 'FCD/Test': 12.732602311437958, 'SNN/Test': 0.5417753709839602, 'Frag/Test': 0.9307077559444409, 'Scaf/Test': 0.24883696545079315, 'FCD/TestSF': 13.40185999212207, 'SNN/TestSF': 0.4943596283016355, 'Frag/TestSF': 0.9239876733017017, 'Scaf/TestSF': 0.0733071674398833, 'IntDiv': 0.84441031442951, 'IntDiv2': 0.8346976821827806, 'Filters': 0.9642420197975754, 'logP': 0.22103094960143738, 'SA': 0.05506522334756673, 'QED': 0.013662234298952457, 'weight': 24.636442878269726, 'Novelty': 0.9346750032564803}
Epoch: 65:
	Train Loss: 0.328 --- Reconstruction Loss: 0.318 --- KL Loss: 20.085 --- Beta: 0.000500
	Validity: 0.60% --- Uniquene@1000: 0.98% --- Unique@10000: 0.90%

{'valid': 0.4803666666666667, 'unique@1000': 0.983, 'unique@10000': 0.9001, 'FCD/Test': 12.789875544646577, 'SNN/Test': 0.5191907361940807, 'Frag/Test': 0.8922206971397478, 'Scaf/Test': 0.23698658948829143, 'FCD/TestSF': 13.511279942125029, 'SNN/TestSF': 0.4724917706559942, 'Frag/TestSF': 0.8843862916419236, 'Scaf/TestSF': 0.04943464253232044, 'IntDiv': 0.8513505611064686, 'IntDiv2': 0.8417387436654815, 'Filters': 0.9644715842065089, 'logP': 0.1324034908040054, 'SA': 0.05951269543565002, 'QED': 0.008647592664580988, 'weight': 27.229605579380554, 'Novelty': 0.9441712926249008}
Epoch: 66:
	Train Loss: 0.326 --- Reconstruction Loss: 0.316 --- KL Loss: 20.035 --- Beta: 0.000500
	Validity: 0.48% --- Uniquene@1000: 0.98% --- Unique@10000: 0.90%

{'valid': 0.5622666666666667, 'unique@1000': 0.993, 'unique@10000': 0.9199, 'FCD/Test': 12.632100857834295, 'SNN/Test': 0.529726052192544, 'Frag/Test': 0.913935620792246, 'Scaf/Test': 0.2712025232589076, 'FCD/TestSF': 13.405306076141677, 'SNN/TestSF': 0.48152000464999, 'Frag/TestSF': 0.9072818459890225, 'Scaf/TestSF': 0.06114360659375706, 'IntDiv': 0.8494935685918298, 'IntDiv2': 0.8396673309742274, 'Filters': 0.9579084657339341, 'logP': 0.12865558924452375, 'SA': 0.04311107479918512, 'QED': 0.032368547537851414, 'weight': 26.325261593433638, 'Novelty': 0.9466800804828974}
Epoch: 67:
	Train Loss: 0.324 --- Reconstruction Loss: 0.314 --- KL Loss: 19.933 --- Beta: 0.000500
	Validity: 0.56% --- Uniquene@1000: 0.99% --- Unique@10000: 0.92%

{'valid': 0.719, 'unique@1000': 0.986, 'unique@10000': 0.9239, 'FCD/Test': 12.523052460813176, 'SNN/Test': 0.5329378179573714, 'Frag/Test': 0.926039837707821, 'Scaf/Test': 0.3625638683756698, 'FCD/TestSF': 13.276808955946393, 'SNN/TestSF': 0.4846233726653115, 'Frag/TestSF': 0.9182277545990261, 'Scaf/TestSF': 0.07531992888559746, 'IntDiv': 0.8446879371488472, 'IntDiv2': 0.8352064308920023, 'Filters': 0.9574408901251739, 'logP': 0.1553607069424792, 'SA': 0.034669905030156205, 'QED': 0.012533439582580025, 'weight': 23.64724861062471, 'Novelty': 0.9394714407502132}
Epoch: 68:
	Train Loss: 0.322 --- Reconstruction Loss: 0.313 --- KL Loss: 19.947 --- Beta: 0.000500
	Validity: 0.72% --- Uniquene@1000: 0.99% --- Unique@10000: 0.92%

{'valid': 0.5689, 'unique@1000': 0.99, 'unique@10000': 0.9347, 'FCD/Test': 12.998701603373249, 'SNN/Test': 0.5097561034042107, 'Frag/Test': 0.8860080458583114, 'Scaf/Test': 0.3076930907618869, 'FCD/TestSF': 13.699552968356826, 'SNN/TestSF': 0.4638976532003963, 'Frag/TestSF': 0.8786735822081885, 'Scaf/TestSF': 0.05438712219482078, 'IntDiv': 0.8567936962970537, 'IntDiv2': 0.8474859442251228, 'Filters': 0.9619733989570516, 'logP': 0.12337554528053667, 'SA': 0.09797563851361979, 'QED': 0.02253814789207291, 'weight': 27.104141680194886, 'Novelty': 0.9516453560070098}
Epoch: 69:
	Train Loss: 0.320 --- Reconstruction Loss: 0.310 --- KL Loss: 19.954 --- Beta: 0.000500
	Validity: 0.57% --- Uniquene@1000: 0.99% --- Unique@10000: 0.93%

{'valid': 0.7287333333333333, 'unique@1000': 0.991, 'unique@10000': 0.9405, 'FCD/Test': 12.754604709483587, 'SNN/Test': 0.5269244859604602, 'Frag/Test': 0.9075300735678998, 'Scaf/Test': 0.31173094636192666, 'FCD/TestSF': 13.445563891117786, 'SNN/TestSF': 0.47975181167472064, 'Frag/TestSF': 0.90107875073111, 'Scaf/TestSF': 0.07279966342438138, 'IntDiv': 0.8512255657403515, 'IntDiv2': 0.84182179802913, 'Filters': 0.9617143902662153, 'logP': 0.17890152325941475, 'SA': 0.01442208977809717, 'QED': 0.017232381505422795, 'weight': 22.422042279281094, 'Novelty': 0.9392658280057744}
Epoch: 70:
	Train Loss: 0.319 --- Reconstruction Loss: 0.309 --- KL Loss: 19.813 --- Beta: 0.000500
	Validity: 0.73% --- Uniquene@1000: 0.99% --- Unique@10000: 0.94%

{'valid': 0.6294666666666666, 'unique@1000': 0.991, 'unique@10000': 0.9258, 'FCD/Test': 14.132543225164596, 'SNN/Test': 0.514969567317114, 'Frag/Test': 0.8489519112386172, 'Scaf/Test': 0.3054490831587793, 'FCD/TestSF': 14.646632775704951, 'SNN/TestSF': 0.47417011894514516, 'Frag/TestSF': 0.8464101393351297, 'Scaf/TestSF': 0.07602097519942519, 'IntDiv': 0.8578004137836142, 'IntDiv2': 0.8481871247630647, 'Filters': 0.967432747299301, 'logP': 0.2717243697593468, 'SA': 0.03463048657323126, 'QED': 0.017332995158031134, 'weight': 28.066897180293928, 'Novelty': 0.9388695964555143}
Epoch: 71:
	Train Loss: 0.317 --- Reconstruction Loss: 0.307 --- KL Loss: 20.023 --- Beta: 0.000500
	Validity: 0.63% --- Uniquene@1000: 0.99% --- Unique@10000: 0.93%

{'valid': 0.6632666666666667, 'unique@1000': 0.988, 'unique@10000': 0.9126, 'FCD/Test': 12.869322232017566, 'SNN/Test': 0.5402643836091866, 'Frag/Test': 0.910279207069826, 'Scaf/Test': 0.31271352935589514, 'FCD/TestSF': 13.619055063356, 'SNN/TestSF': 0.4907906752730125, 'Frag/TestSF': 0.9038387711586086, 'Scaf/TestSF': 0.04693645993293205, 'IntDiv': 0.8469362422622303, 'IntDiv2': 0.8370664503656908, 'Filters': 0.9591416222735953, 'logP': 0.19063786241964836, 'SA': 0.05927700975315413, 'QED': 0.013848860968501093, 'weight': 26.627272406513733, 'Novelty': 0.9264258999532492}
Epoch: 72:
	Train Loss: 0.315 --- Reconstruction Loss: 0.306 --- KL Loss: 19.868 --- Beta: 0.000500
	Validity: 0.66% --- Uniquene@1000: 0.99% --- Unique@10000: 0.91%

{'valid': 0.5050666666666667, 'unique@1000': 0.989, 'unique@10000': 0.9105, 'FCD/Test': 13.20155126998425, 'SNN/Test': 0.5228432636283172, 'Frag/Test': 0.9077030885240351, 'Scaf/Test': 0.25964356168998437, 'FCD/TestSF': 13.641713730636624, 'SNN/TestSF': 0.48047645206916234, 'Frag/TestSF': 0.90317979980544, 'Scaf/TestSF': 0.04639280918665889, 'IntDiv': 0.8563385989127595, 'IntDiv2': 0.8460402629575848, 'Filters': 0.9590813093980992, 'logP': 0.1701404020836599, 'SA': 0.0517510372739726, 'QED': 0.012551748898469578, 'weight': 26.853427317882108, 'Novelty': 0.939275514805351}
Epoch: 73:
	Train Loss: 0.313 --- Reconstruction Loss: 0.303 --- KL Loss: 19.924 --- Beta: 0.000500
	Validity: 0.51% --- Uniquene@1000: 0.99% --- Unique@10000: 0.91%

{'valid': 0.6622, 'unique@1000': 0.992, 'unique@10000': 0.9215, 'FCD/Test': 13.597385113606947, 'SNN/Test': 0.5198129524641751, 'Frag/Test': 0.8937496284605283, 'Scaf/Test': 0.2944442459707969, 'FCD/TestSF': 14.243357037707753, 'SNN/TestSF': 0.4767014865050812, 'Frag/TestSF': 0.8872481024391066, 'Scaf/TestSF': 0.06482982406664684, 'IntDiv': 0.8538785481732655, 'IntDiv2': 0.8442350533894348, 'Filters': 0.9642102083962549, 'logP': 0.12494936272465536, 'SA': 0.031434912462765925, 'QED': 0.014464385316177554, 'weight': 29.78624361101924, 'Novelty': 0.9467963386727689}
Epoch: 74:
	Train Loss: 0.312 --- Reconstruction Loss: 0.302 --- KL Loss: 19.828 --- Beta: 0.000500
	Validity: 0.66% --- Uniquene@1000: 0.99% --- Unique@10000: 0.92%

{'valid': 0.6689, 'unique@1000': 0.991, 'unique@10000': 0.95, 'FCD/Test': 12.240003076891412, 'SNN/Test': 0.5174781246750428, 'Frag/Test': 0.9061540833550469, 'Scaf/Test': 0.3490230580386904, 'FCD/TestSF': 13.05005263903751, 'SNN/TestSF': 0.47406354135905476, 'Frag/TestSF': 0.90026441583965, 'Scaf/TestSF': 0.07030011000725722, 'IntDiv': 0.8540889413723747, 'IntDiv2': 0.8448894914804127, 'Filters': 0.9648676932276873, 'logP': 0.12488037835557929, 'SA': 0.04688351599054494, 'QED': 0.02155705280902843, 'weight': 30.622350575213563, 'Novelty': 0.9469767441860465}
Epoch: 75:
	Train Loss: 0.310 --- Reconstruction Loss: 0.300 --- KL Loss: 19.924 --- Beta: 0.000500
	Validity: 0.67% --- Uniquene@1000: 0.99% --- Unique@10000: 0.95%

{'valid': 0.5601333333333334, 'unique@1000': 0.992, 'unique@10000': 0.9323, 'FCD/Test': 12.757147613807874, 'SNN/Test': 0.5186966557008713, 'Frag/Test': 0.8894278396111089, 'Scaf/Test': 0.2882838017280889, 'FCD/TestSF': 13.303997128603342, 'SNN/TestSF': 0.47840009367333314, 'Frag/TestSF': 0.8845628806356443, 'Scaf/TestSF': 0.05782378329265869, 'IntDiv': 0.8565412814605307, 'IntDiv2': 0.8470793070065141, 'Filters': 0.962330397524399, 'logP': 0.26189595299501706, 'SA': 0.060834973880107994, 'QED': 0.011445640557283565, 'weight': 24.526331611596937, 'Novelty': 0.9399947306020288}
Epoch: 76:
	Train Loss: 0.309 --- Reconstruction Loss: 0.299 --- KL Loss: 19.956 --- Beta: 0.000500
	Validity: 0.56% --- Uniquene@1000: 0.99% --- Unique@10000: 0.93%

{'valid': 0.5402666666666667, 'unique@1000': 0.996, 'unique@10000': 0.9456, 'FCD/Test': 12.578321533087149, 'SNN/Test': 0.49767009381605687, 'Frag/Test': 0.8814889400320844, 'Scaf/Test': 0.2469919056584613, 'FCD/TestSF': 13.254936669829611, 'SNN/TestSF': 0.4542923038181833, 'Frag/TestSF': 0.8753118037661931, 'Scaf/TestSF': 0.042388491348473556, 'IntDiv': 0.8596616812065786, 'IntDiv2': 0.8505476445316555, 'Filters': 0.9536648568608095, 'logP': 0.14230918034683546, 'SA': 0.1555323948262172, 'QED': 0.020300379432733395, 'weight': 22.561378968234894, 'Novelty': 0.9573370839193625}
Epoch: 77:
	Train Loss: 0.307 --- Reconstruction Loss: 0.297 --- KL Loss: 19.970 --- Beta: 0.000500
	Validity: 0.54% --- Uniquene@1000: 1.00% --- Unique@10000: 0.95%

{'valid': 0.6560666666666667, 'unique@1000': 0.994, 'unique@10000': 0.9405, 'FCD/Test': 13.488393298852415, 'SNN/Test': 0.5146502299585752, 'Frag/Test': 0.879687241379368, 'Scaf/Test': 0.3058700113901873, 'FCD/TestSF': 13.96439447215721, 'SNN/TestSF': 0.4723612639608997, 'Frag/TestSF': 0.8757280572663674, 'Scaf/TestSF': 0.06725762505797139, 'IntDiv': 0.8572581799536902, 'IntDiv2': 0.8479042877769655, 'Filters': 0.9658063204958846, 'logP': 0.28183184607451445, 'SA': 0.030184181470855876, 'QED': 0.014537545815098477, 'weight': 24.801407065932874, 'Novelty': 0.9428007889546351}
Epoch: 78:
	Train Loss: 0.305 --- Reconstruction Loss: 0.295 --- KL Loss: 19.965 --- Beta: 0.000500
	Validity: 0.66% --- Uniquene@1000: 0.99% --- Unique@10000: 0.94%

{'valid': 0.5638000000000001, 'unique@1000': 0.991, 'unique@10000': 0.9451, 'FCD/Test': 12.608657119322764, 'SNN/Test': 0.5090875391644325, 'Frag/Test': 0.9056431218488483, 'Scaf/Test': 0.33289169523381434, 'FCD/TestSF': 13.248450781599175, 'SNN/TestSF': 0.46611640787183134, 'Frag/TestSF': 0.899362760526224, 'Scaf/TestSF': 0.07157304777386309, 'IntDiv': 0.8591038672810629, 'IntDiv2': 0.8499465719702752, 'Filters': 0.9466122738559773, 'logP': 0.2409699942100906, 'SA': 0.11140563500685426, 'QED': 0.013497305734150152, 'weight': 24.378815610695142, 'Novelty': 0.9453900709219858}
Epoch: 79:
	Train Loss: 0.304 --- Reconstruction Loss: 0.294 --- KL Loss: 20.021 --- Beta: 0.000500
	Validity: 0.56% --- Uniquene@1000: 0.99% --- Unique@10000: 0.95%

{'valid': 0.6463, 'unique@1000': 0.995, 'unique@10000': 0.9421, 'FCD/Test': 13.6456202205175, 'SNN/Test': 0.5097146306594815, 'Frag/Test': 0.8804072618906673, 'Scaf/Test': 0.3055117125149406, 'FCD/TestSF': 14.16795174187839, 'SNN/TestSF': 0.4670749672202588, 'Frag/TestSF': 0.8758384797794981, 'Scaf/TestSF': 0.062144459354283144, 'IntDiv': 0.8569568834479745, 'IntDiv2': 0.8479110591266127, 'Filters': 0.954355562432307, 'logP': 0.39655196897403594, 'SA': 0.08613150362118657, 'QED': 0.013997326218546867, 'weight': 22.083265637826706, 'Novelty': 0.9487194048497927}
Epoch: 80:
	Train Loss: 0.302 --- Reconstruction Loss: 0.292 --- KL Loss: 20.038 --- Beta: 0.000500
	Validity: 0.65% --- Uniquene@1000: 0.99% --- Unique@10000: 0.94%

