2024-02-15 02:31:21.345919: E external/local_xla/xla/stream_executor/cuda/cuda_dnn.cc:9261] Unable to register cuDNN factory: Attempting to register factory for plugin cuDNN when one has already been registered
2024-02-15 02:31:21.345994: E external/local_xla/xla/stream_executor/cuda/cuda_fft.cc:607] Unable to register cuFFT factory: Attempting to register factory for plugin cuFFT when one has already been registered
2024-02-15 02:31:21.347507: E external/local_xla/xla/stream_executor/cuda/cuda_blas.cc:1515] Unable to register cuBLAS factory: Attempting to register factory for plugin cuBLAS when one has already been registered
2024-02-15 02:31:21.353548: I tensorflow/core/platform/cpu_feature_guard.cc:182] This TensorFlow binary is optimized to use available CPU instructions in performance-critical operations.
To enable the following instructions: AVX2 FMA, in other operations, rebuild TensorFlow with the appropriate compiler flags.
2024-02-15 02:31:22.196083: W tensorflow/compiler/tf2tensorrt/utils/py_utils.cc:38] TF-TRT Warning: Could not find TensorRT

Arguments:
	data_path: data/moses_train.txt
	max_len: 30
	batch: 128
	d_model: 512
	d_latent: 256
	d_ff: 1024
	e_heads: 1
	d_heads: 8
	n_layers: 8
	dropout: 0.5
	lr: 0.0005
	n_epochs: 80
	kl_type: monotonic
	kl_w_start: 0.0001
	kl_w_end: 0.001
	kl_cycle: 4
	kl_ratio: 0.9
	save_name: klcompare

Number of data: 88192

SMILES Vocab:
	 {'<START>': 0, '<END>': 1, '<PAD>': 2, 'C': 3, 'O': 4, 'c': 5, '1': 6, '(': 7, '=': 8, ')': 9, 'N': 10, 'n': 11, '2': 12, 'F': 13, 'Cl': 14, 'Br': 15, '#': 16, '3': 17, 'S': 18, 'o': 19, '-': 20, 's': 21, '[nH]': 22, '4': 23}

Graph Vocab:
	 {'C': 0, 'O': 1, 'N': 2, 'F': 3, 'Cl': 4, 'Br': 5, 'S': 6}


KL Annealer: [0.0001, 0.00011125000000000001, 0.0001225, 0.00013375, 0.000145, 0.00015625, 0.0001675, 0.00017874999999999998, 0.00019, 0.00020124999999999999, 0.00021250000000000002, 0.00022375, 0.00023499999999999997, 0.00024625, 0.00025749999999999997, 0.00026875, 0.00028, 0.00029125, 0.0003025, 0.00031375, 0.000325, 0.00033624999999999996, 0.0003475, 0.00035874999999999997, 0.00036999999999999994, 0.00038124999999999997, 0.00039249999999999995, 0.00040375, 0.00041499999999999995, 0.00042625, 0.00043749999999999995, 0.00044875, 0.00045999999999999996, 0.00047124999999999993, 0.00048249999999999996, 0.0004937499999999999, 0.000505, 0.00051625, 0.0005275, 0.00053875, 0.00055, 0.00056125, 0.0005725, 0.00058375, 0.000595, 0.00060625, 0.0006175, 0.00062875, 0.0006399999999999999, 0.00065125, 0.0006625, 0.00067375, 0.000685, 0.00069625, 0.0007075, 0.00071875, 0.00073, 0.0007412499999999999, 0.0007525, 0.00076375, 0.000775, 0.00078625, 0.0007975, 0.00080875, 0.00082, 0.00083125, 0.0008424999999999999, 0.00085375, 0.000865, 0.00087625, 0.0008874999999999999, 0.00089875, 0.00091, 0.00092125, 0.0009325, 0.0009437499999999999, 0.000955, 0.00096625, 0.0009774999999999999, 0.0009887499999999998]




#########################################################################
######################### START TRAINING ################################
#########################################################################




{'valid': 0.577, 'unique@1000': 0.413, 'unique@10000': 0.1552, 'FCD/Test': 30.607688781619082, 'SNN/Test': 0.6218773020770355, 'Frag/Test': 0.8315782356299376, 'Scaf/Test': 0.14315045552641215, 'FCD/TestSF': 31.830930233458616, 'SNN/TestSF': 0.5681224361122309, 'Frag/TestSF': 0.8214629534840374, 'Scaf/TestSF': 0.06649555416332165, 'IntDiv': 0.6657572693668448, 'IntDiv2': 0.6415487675190028, 'Filters': 0.98578856152513, 'logP': 0.35432438446004333, 'SA': 0.5173977694783458, 'QED': 0.1256306173769113, 'weight': 13.540641762071765, 'Novelty': 0.9196003805899143}
Epoch: 31:
	Train Loss: 0.519 --- Reconstruction Loss: 0.487 --- KL Loss: 72.365 --- Beta: 0.000437
	Validity: 0.58% --- Uniquene@1000: 0.41% --- Unique@10000: 0.16%

{'valid': 0.7803, 'unique@1000': 0.284, 'unique@10000': 0.1098, 'FCD/Test': 36.44808553084336, 'SNN/Test': 0.682055916242676, 'Frag/Test': 0.8221938411580932, 'Scaf/Test': 0.17311539583183322, 'FCD/TestSF': 37.87279746797053, 'SNN/TestSF': 0.5509158345532542, 'Frag/TestSF': 0.8112851503333726, 'Scaf/TestSF': 0.009397893255348011, 'IntDiv': 0.5785015433047613, 'IntDiv2': 0.5537460143687463, 'Filters': 0.994959203725063, 'logP': 0.43668450971014783, 'SA': 0.555168336719325, 'QED': 0.15470720799527526, 'weight': 11.085903402234841, 'Novelty': 0.9206815511163338}
Epoch: 32:
	Train Loss: 0.509 --- Reconstruction Loss: 0.480 --- KL Loss: 65.146 --- Beta: 0.000449
	Validity: 0.78% --- Uniquene@1000: 0.28% --- Unique@10000: 0.11%

{'valid': 0.8098666666666667, 'unique@1000': 0.467, 'unique@10000': 0.1953, 'FCD/Test': 30.11443436527083, 'SNN/Test': 0.6128830910391386, 'Frag/Test': 0.8104326131386826, 'Scaf/Test': 0.15264769696313685, 'FCD/TestSF': 31.500849870376186, 'SNN/TestSF': 0.5457490363652313, 'Frag/TestSF': 0.7994215549931711, 'Scaf/TestSF': 0.01706899466538503, 'IntDiv': 0.6908071502869793, 'IntDiv2': 0.6660782179959867, 'Filters': 0.9739463286137636, 'logP': 0.20589958248068807, 'SA': 0.4494440530134023, 'QED': 0.1216178520293347, 'weight': 11.550135999573426, 'Novelty': 0.9277541680287675}
Epoch: 33:
	Train Loss: 0.499 --- Reconstruction Loss: 0.473 --- KL Loss: 55.269 --- Beta: 0.000460
	Validity: 0.81% --- Uniquene@1000: 0.47% --- Unique@10000: 0.20%

{'valid': 0.7357, 'unique@1000': 0.52, 'unique@10000': 0.2279, 'FCD/Test': 24.48219116771304, 'SNN/Test': 0.6481903987409176, 'Frag/Test': 0.906893937014501, 'Scaf/Test': 0.14876421131090867, 'FCD/TestSF': 25.57264675918909, 'SNN/TestSF': 0.5464772528987614, 'Frag/TestSF': 0.8947500344152307, 'Scaf/TestSF': 0.018974317708215782, 'IntDiv': 0.7545553493351753, 'IntDiv2': 0.7241215470321171, 'Filters': 0.9960581758869105, 'logP': 0.3508923667263154, 'SA': 0.4412858324687229, 'QED': 0.07136174372858842, 'weight': 12.310859101823912, 'Novelty': 0.8968481375358166}
Epoch: 34:
	Train Loss: 0.490 --- Reconstruction Loss: 0.467 --- KL Loss: 49.218 --- Beta: 0.000471
	Validity: 0.74% --- Uniquene@1000: 0.52% --- Unique@10000: 0.23%

{'valid': 0.7248666666666667, 'unique@1000': 0.559, 'unique@10000': 0.2556, 'FCD/Test': 24.913877300097823, 'SNN/Test': 0.6414159279411569, 'Frag/Test': 0.8631456476379346, 'Scaf/Test': 0.26068811110081, 'FCD/TestSF': 26.04378368895739, 'SNN/TestSF': 0.5443693428510774, 'Frag/TestSF': 0.8519914263031988, 'Scaf/TestSF': 0.008170944838025718, 'IntDiv': 0.7680533938357169, 'IntDiv2': 0.7408330564135173, 'Filters': 0.9938839326772739, 'logP': 0.4128612244662456, 'SA': 0.4241975375251218, 'QED': 0.050604921372464, 'weight': 14.998349183744391, 'Novelty': 0.9104439312291507}
Epoch: 35:
	Train Loss: 0.479 --- Reconstruction Loss: 0.459 --- KL Loss: 43.130 --- Beta: 0.000482
	Validity: 0.72% --- Uniquene@1000: 0.56% --- Unique@10000: 0.26%

{'valid': 0.6974333333333333, 'unique@1000': 0.62, 'unique@10000': 0.2728, 'FCD/Test': 22.715816023497666, 'SNN/Test': 0.6314022024907465, 'Frag/Test': 0.8722797642156307, 'Scaf/Test': 0.08039716912068684, 'FCD/TestSF': 23.804375057023293, 'SNN/TestSF': 0.5428047772290938, 'Frag/TestSF': 0.859768577233694, 'Scaf/TestSF': 0.006881309690675574, 'IntDiv': 0.7746150040982965, 'IntDiv2': 0.7487915420442177, 'Filters': 0.9884337810065478, 'logP': 0.38022128837844044, 'SA': 0.38901600590671226, 'QED': 0.04981385541578304, 'weight': 11.618867332024283, 'Novelty': 0.9006195786864932}
Epoch: 36:
	Train Loss: 0.470 --- Reconstruction Loss: 0.451 --- KL Loss: 38.251 --- Beta: 0.000494
	Validity: 0.70% --- Uniquene@1000: 0.62% --- Unique@10000: 0.27%

{'valid': 0.5067333333333333, 'unique@1000': 0.649, 'unique@10000': 0.302, 'FCD/Test': 25.20017835429983, 'SNN/Test': 0.6223700643663986, 'Frag/Test': 0.8599821671851859, 'Scaf/Test': 0.11134906504918529, 'FCD/TestSF': 26.70283123362705, 'SNN/TestSF': 0.5249366120372442, 'Frag/TestSF': 0.8465977674547576, 'Scaf/TestSF': 0.029394970951009403, 'IntDiv': 0.7559170237493698, 'IntDiv2': 0.7350492627488143, 'Filters': 0.9853966583344297, 'logP': 0.340525378419742, 'SA': 0.3875138917077511, 'QED': 0.08194825703106086, 'weight': 7.7854938121206665, 'Novelty': 0.9149544863459038}
Epoch: 37:
	Train Loss: 0.460 --- Reconstruction Loss: 0.443 --- KL Loss: 34.086 --- Beta: 0.000505
	Validity: 0.51% --- Uniquene@1000: 0.65% --- Unique@10000: 0.30%

{'valid': 0.6492, 'unique@1000': 0.639, 'unique@10000': 0.2929, 'FCD/Test': 23.03859674838509, 'SNN/Test': 0.6467289502100672, 'Frag/Test': 0.8946554689410268, 'Scaf/Test': 0.18336872278219574, 'FCD/TestSF': 24.205738814855387, 'SNN/TestSF': 0.563117226834022, 'Frag/TestSF': 0.8843233061280572, 'Scaf/TestSF': 0.029527295463766867, 'IntDiv': 0.7770728217862953, 'IntDiv2': 0.7560271503545279, 'Filters': 0.992657629903471, 'logP': 0.5684166974331754, 'SA': 0.42031485388453244, 'QED': 0.027666352549865377, 'weight': 8.966897774012251, 'Novelty': 0.8955954323001631}
Epoch: 38:
	Train Loss: 0.452 --- Reconstruction Loss: 0.436 --- KL Loss: 31.667 --- Beta: 0.000516
	Validity: 0.65% --- Uniquene@1000: 0.64% --- Unique@10000: 0.29%

{'valid': 0.7839666666666667, 'unique@1000': 0.755, 'unique@10000': 0.3821, 'FCD/Test': 20.47370878784544, 'SNN/Test': 0.6436504409818951, 'Frag/Test': 0.8995943112621987, 'Scaf/Test': 0.30895198063474894, 'FCD/TestSF': 21.682304140360287, 'SNN/TestSF': 0.5643807627354771, 'Frag/TestSF': 0.8868028902210672, 'Scaf/TestSF': 0.03498442341817132, 'IntDiv': 0.7801291405432464, 'IntDiv2': 0.7637146149910259, 'Filters': 0.9905608231642502, 'logP': 0.35432552099916087, 'SA': 0.42674253024086056, 'QED': 0.02632995863576922, 'weight': 18.398749755925675, 'Novelty': 0.8599087045490319}
Epoch: 39:
	Train Loss: 0.444 --- Reconstruction Loss: 0.428 --- KL Loss: 29.461 --- Beta: 0.000527
	Validity: 0.78% --- Uniquene@1000: 0.76% --- Unique@10000: 0.38%

{'valid': 0.6220666666666667, 'unique@1000': 0.769, 'unique@10000': 0.4008, 'FCD/Test': 25.104531436752076, 'SNN/Test': 0.619522222664793, 'Frag/Test': 0.8307892923279503, 'Scaf/Test': 0.12116679076003223, 'FCD/TestSF': 26.710108914464826, 'SNN/TestSF': 0.5195973708414403, 'Frag/TestSF': 0.8147948284462422, 'Scaf/TestSF': 0.01019249899552288, 'IntDiv': 0.7599660148169817, 'IntDiv2': 0.7435509705587467, 'Filters': 0.9888543564462544, 'logP': 0.19835206109154657, 'SA': 0.29953965111598596, 'QED': 0.06994472598932819, 'weight': 11.623122549885077, 'Novelty': 0.8979145644130508}
Epoch: 40:
	Train Loss: 0.436 --- Reconstruction Loss: 0.421 --- KL Loss: 27.889 --- Beta: 0.000539
	Validity: 0.62% --- Uniquene@1000: 0.77% --- Unique@10000: 0.40%

{'valid': 0.7837000000000001, 'unique@1000': 0.794, 'unique@10000': 0.4399, 'FCD/Test': 20.374269158658826, 'SNN/Test': 0.6399548012646168, 'Frag/Test': 0.9202979708194908, 'Scaf/Test': 0.21454477722720044, 'FCD/TestSF': 21.4550294293215, 'SNN/TestSF': 0.5593818553879982, 'Frag/TestSF': 0.9080637548174735, 'Scaf/TestSF': 0.0480726364669517, 'IntDiv': 0.7800062651272387, 'IntDiv2': 0.7639695667071315, 'Filters': 0.9895368125558249, 'logP': 0.3716464585020742, 'SA': 0.3996745304851008, 'QED': 0.027842582041835005, 'weight': 13.118840606468819, 'Novelty': 0.8675990066657954}
Epoch: 41:
	Train Loss: 0.429 --- Reconstruction Loss: 0.414 --- KL Loss: 26.269 --- Beta: 0.000550
	Validity: 0.78% --- Uniquene@1000: 0.79% --- Unique@10000: 0.44%

{'valid': 0.798, 'unique@1000': 0.873, 'unique@10000': 0.546, 'FCD/Test': 18.33215144879975, 'SNN/Test': 0.6265332113954557, 'Frag/Test': 0.9249275569598766, 'Scaf/Test': 0.35195164915661037, 'FCD/TestSF': 19.293143893020684, 'SNN/TestSF': 0.546630084503414, 'Frag/TestSF': 0.9146045855941617, 'Scaf/TestSF': 0.04595030045251958, 'IntDiv': 0.7909417897650389, 'IntDiv2': 0.7782610332130887, 'Filters': 0.990016708437761, 'logP': 0.4240435621525768, 'SA': 0.3369923608635733, 'QED': 0.0251261949994728, 'weight': 10.047095207000726, 'Novelty': 0.8926940639269406}
Epoch: 42:
	Train Loss: 0.422 --- Reconstruction Loss: 0.408 --- KL Loss: 25.387 --- Beta: 0.000561
	Validity: 0.80% --- Uniquene@1000: 0.87% --- Unique@10000: 0.55%

{'valid': 0.6878, 'unique@1000': 0.85, 'unique@10000': 0.5077, 'FCD/Test': 20.51966580893835, 'SNN/Test': 0.6241237083914853, 'Frag/Test': 0.8943076540343965, 'Scaf/Test': 0.25060302144150326, 'FCD/TestSF': 21.660104919263283, 'SNN/TestSF': 0.5382815608064183, 'Frag/TestSF': 0.8828525970652368, 'Scaf/TestSF': 0.03439168583107488, 'IntDiv': 0.7883489312232057, 'IntDiv2': 0.7732607024708632, 'Filters': 0.9901618687602985, 'logP': 0.4221980175986294, 'SA': 0.3344861838513419, 'QED': 0.035664820643773465, 'weight': 10.604917265617562, 'Novelty': 0.8925962006819289}
Epoch: 43:
	Train Loss: 0.416 --- Reconstruction Loss: 0.402 --- KL Loss: 24.043 --- Beta: 0.000572
	Validity: 0.69% --- Uniquene@1000: 0.85% --- Unique@10000: 0.51%

{'valid': 0.7381, 'unique@1000': 0.876, 'unique@10000': 0.5721, 'FCD/Test': 19.09308464303757, 'SNN/Test': 0.6273512134022039, 'Frag/Test': 0.9012450917247935, 'Scaf/Test': 0.33324509287009674, 'FCD/TestSF': 20.19300151465609, 'SNN/TestSF': 0.5408722977581071, 'Frag/TestSF': 0.8890141392793446, 'Scaf/TestSF': 0.04307167303255066, 'IntDiv': 0.7875280723195079, 'IntDiv2': 0.7742351906871865, 'Filters': 0.9926387571693086, 'logP': 0.4401046386103518, 'SA': 0.34379614943778997, 'QED': 0.03555005201416198, 'weight': 10.545887361249477, 'Novelty': 0.8989547038327527}
Epoch: 44:
	Train Loss: 0.410 --- Reconstruction Loss: 0.397 --- KL Loss: 23.256 --- Beta: 0.000584
	Validity: 0.74% --- Uniquene@1000: 0.88% --- Unique@10000: 0.57%

{'valid': 0.7771666666666667, 'unique@1000': 0.849, 'unique@10000': 0.5477, 'FCD/Test': 17.046711082977204, 'SNN/Test': 0.6318564371351466, 'Frag/Test': 0.9241543507432993, 'Scaf/Test': 0.26570076871345005, 'FCD/TestSF': 17.9060069847104, 'SNN/TestSF': 0.5537815138400431, 'Frag/TestSF': 0.9132088540627848, 'Scaf/TestSF': 0.04630932323700243, 'IntDiv': 0.7906524946782694, 'IntDiv2': 0.7781157684998273, 'Filters': 0.990821359639717, 'logP': 0.3155379024311912, 'SA': 0.3325228720751699, 'QED': 0.02528977588316078, 'weight': 14.428973096281009, 'Novelty': 0.8754914809960681}
Epoch: 45:
	Train Loss: 0.403 --- Reconstruction Loss: 0.390 --- KL Loss: 22.633 --- Beta: 0.000595
	Validity: 0.78% --- Uniquene@1000: 0.85% --- Unique@10000: 0.55%

{'valid': 0.7254666666666667, 'unique@1000': 0.851, 'unique@10000': 0.5693, 'FCD/Test': 19.084173232562534, 'SNN/Test': 0.6358296271564877, 'Frag/Test': 0.9252277934823947, 'Scaf/Test': 0.2565500262917443, 'FCD/TestSF': 19.957535491270264, 'SNN/TestSF': 0.5610211294612022, 'Frag/TestSF': 0.91641743872937, 'Scaf/TestSF': 0.04686348939143603, 'IntDiv': 0.7879808072209161, 'IntDiv2': 0.7753883539500477, 'Filters': 0.9932457268884396, 'logP': 0.39726591564593733, 'SA': 0.34702158444172254, 'QED': 0.017693975816152164, 'weight': 13.628028028862452, 'Novelty': 0.8739648555847304}
Epoch: 46:
	Train Loss: 0.398 --- Reconstruction Loss: 0.384 --- KL Loss: 22.122 --- Beta: 0.000606
	Validity: 0.73% --- Uniquene@1000: 0.85% --- Unique@10000: 0.57%

{'valid': 0.8463666666666667, 'unique@1000': 0.878, 'unique@10000': 0.6017, 'FCD/Test': 17.493671109598232, 'SNN/Test': 0.63293056759217, 'Frag/Test': 0.9306928089730491, 'Scaf/Test': 0.27940776353065766, 'FCD/TestSF': 18.350881152128586, 'SNN/TestSF': 0.5573921316421017, 'Frag/TestSF': 0.9221136988939951, 'Scaf/TestSF': 0.033213130335017715, 'IntDiv': 0.7980358427776542, 'IntDiv2': 0.7859611492123644, 'Filters': 0.984364538616045, 'logP': 0.44629534837804496, 'SA': 0.34553359607225376, 'QED': 0.02385803173655593, 'weight': 14.266860287740693, 'Novelty': 0.8717048955837042}
Epoch: 47:
	Train Loss: 0.391 --- Reconstruction Loss: 0.378 --- KL Loss: 21.382 --- Beta: 0.000617
	Validity: 0.85% --- Uniquene@1000: 0.88% --- Unique@10000: 0.60%

{'valid': 0.8318666666666666, 'unique@1000': 0.912, 'unique@10000': 0.6613, 'FCD/Test': 16.546294731006327, 'SNN/Test': 0.6076742984804707, 'Frag/Test': 0.8924060790145869, 'Scaf/Test': 0.35844573349735454, 'FCD/TestSF': 17.69490292557164, 'SNN/TestSF': 0.5287382231989738, 'Frag/TestSF': 0.8798663710535275, 'Scaf/TestSF': 0.05385089605589888, 'IntDiv': 0.7990314370204271, 'IntDiv2': 0.7866662462222458, 'Filters': 0.9828097451514666, 'logP': 0.35988362350648784, 'SA': 0.20913188124966797, 'QED': 0.04194042972233629, 'weight': 14.099023303317663, 'Novelty': 0.8983985496298534}
Epoch: 48:
	Train Loss: 0.386 --- Reconstruction Loss: 0.373 --- KL Loss: 20.679 --- Beta: 0.000629
	Validity: 0.83% --- Uniquene@1000: 0.91% --- Unique@10000: 0.66%

{'valid': 0.8776, 'unique@1000': 0.916, 'unique@10000': 0.6591, 'FCD/Test': 17.125224313186862, 'SNN/Test': 0.6245898577712637, 'Frag/Test': 0.9094308535380868, 'Scaf/Test': 0.3112886872265139, 'FCD/TestSF': 17.968420033140482, 'SNN/TestSF': 0.5497237725194122, 'Frag/TestSF': 0.900334466475442, 'Scaf/TestSF': 0.03307755198057383, 'IntDiv': 0.8057062868242839, 'IntDiv2': 0.7933523048323919, 'Filters': 0.9890230932847159, 'logP': 0.4210220355837999, 'SA': 0.3400135071861217, 'QED': 0.014460290400098065, 'weight': 18.240889708361433, 'Novelty': 0.8762743955723856}
Epoch: 49:
	Train Loss: 0.382 --- Reconstruction Loss: 0.369 --- KL Loss: 20.379 --- Beta: 0.000640
	Validity: 0.88% --- Uniquene@1000: 0.92% --- Unique@10000: 0.66%

{'valid': 0.7961333333333334, 'unique@1000': 0.917, 'unique@10000': 0.6805, 'FCD/Test': 16.12402810088443, 'SNN/Test': 0.6154700215126657, 'Frag/Test': 0.922060859882338, 'Scaf/Test': 0.30801101368198136, 'FCD/TestSF': 16.722670035872312, 'SNN/TestSF': 0.5493846282517665, 'Frag/TestSF': 0.9136960971293304, 'Scaf/TestSF': 0.05247734285265304, 'IntDiv': 0.8077628384523852, 'IntDiv2': 0.7957394883405848, 'Filters': 0.9853458382180539, 'logP': 0.4769760193186674, 'SA': 0.2661317589318213, 'QED': 0.020317397929030534, 'weight': 12.214308979081068, 'Novelty': 0.8836902545003104}
Epoch: 50:
	Train Loss: 0.377 --- Reconstruction Loss: 0.364 --- KL Loss: 19.738 --- Beta: 0.000651
	Validity: 0.80% --- Uniquene@1000: 0.92% --- Unique@10000: 0.68%

{'valid': 0.7884333333333333, 'unique@1000': 0.934, 'unique@10000': 0.7304, 'FCD/Test': 14.210729695036981, 'SNN/Test': 0.6004863527845954, 'Frag/Test': 0.9179970180343083, 'Scaf/Test': 0.2606808733939876, 'FCD/TestSF': 15.062434709548171, 'SNN/TestSF': 0.5327041215949878, 'Frag/TestSF': 0.9085921509855861, 'Scaf/TestSF': 0.03593714513807722, 'IntDiv': 0.8219221927866641, 'IntDiv2': 0.8105630995264522, 'Filters': 0.9827083245254302, 'logP': 0.3835007626540408, 'SA': 0.2120940670949507, 'QED': 0.01644042627580293, 'weight': 17.400590793239683, 'Novelty': 0.8924112778790855}
Epoch: 51:
	Train Loss: 0.373 --- Reconstruction Loss: 0.360 --- KL Loss: 19.411 --- Beta: 0.000663
	Validity: 0.79% --- Uniquene@1000: 0.93% --- Unique@10000: 0.73%

{'valid': 0.8912666666666667, 'unique@1000': 0.955, 'unique@10000': 0.7637, 'FCD/Test': 14.598163271355347, 'SNN/Test': 0.6051394044138015, 'Frag/Test': 0.9200561830406198, 'Scaf/Test': 0.28859609499387984, 'FCD/TestSF': 15.238803435251981, 'SNN/TestSF': 0.5390857958516773, 'Frag/TestSF': 0.9120691043804243, 'Scaf/TestSF': 0.054127401688319976, 'IntDiv': 0.8269352507600283, 'IntDiv2': 0.8158271642955641, 'Filters': 0.98612461665046, 'logP': 0.3624679298116488, 'SA': 0.2526996671002708, 'QED': 0.015007743902047344, 'weight': 18.099428504298093, 'Novelty': 0.881879914224446}
Epoch: 52:
	Train Loss: 0.368 --- Reconstruction Loss: 0.356 --- KL Loss: 18.726 --- Beta: 0.000674
	Validity: 0.89% --- Uniquene@1000: 0.95% --- Unique@10000: 0.76%

{'valid': 0.9119666666666667, 'unique@1000': 0.948, 'unique@10000': 0.744, 'FCD/Test': 16.253754207208416, 'SNN/Test': 0.6091514020959965, 'Frag/Test': 0.9109103011270054, 'Scaf/Test': 0.2892931657802179, 'FCD/TestSF': 17.076136465102252, 'SNN/TestSF': 0.5389283949075515, 'Frag/TestSF': 0.9008060070629565, 'Scaf/TestSF': 0.05295747298050546, 'IntDiv': 0.8157834841537306, 'IntDiv2': 0.8045279848237366, 'Filters': 0.9859643992835996, 'logP': 0.2938228096918423, 'SA': 0.2630559699111952, 'QED': 0.013510028874045659, 'weight': 18.573827281874454, 'Novelty': 0.8740574069569448}
Epoch: 53:
	Train Loss: 0.364 --- Reconstruction Loss: 0.352 --- KL Loss: 18.488 --- Beta: 0.000685
	Validity: 0.91% --- Uniquene@1000: 0.95% --- Unique@10000: 0.74%

{'valid': 0.8435333333333334, 'unique@1000': 0.975, 'unique@10000': 0.8031, 'FCD/Test': 14.104052014987495, 'SNN/Test': 0.5972545658054441, 'Frag/Test': 0.936183109736023, 'Scaf/Test': 0.3488970714094255, 'FCD/TestSF': 14.934021830457212, 'SNN/TestSF': 0.5300068969573417, 'Frag/TestSF': 0.9278958766206125, 'Scaf/TestSF': 0.05272610289922752, 'IntDiv': 0.8208080470548336, 'IntDiv2': 0.8103958315379558, 'Filters': 0.9782660238678574, 'logP': 0.39472899310910126, 'SA': 0.23339398160265884, 'QED': 0.018693288467063796, 'weight': 13.65040316425923, 'Novelty': 0.8903933699077857}
Epoch: 54:
	Train Loss: 0.361 --- Reconstruction Loss: 0.349 --- KL Loss: 18.063 --- Beta: 0.000696
	Validity: 0.84% --- Uniquene@1000: 0.97% --- Unique@10000: 0.80%

{'valid': 0.9370333333333334, 'unique@1000': 0.952, 'unique@10000': 0.7505, 'FCD/Test': 14.691057966676368, 'SNN/Test': 0.6107212924492075, 'Frag/Test': 0.9310811705378305, 'Scaf/Test': 0.2775947790981703, 'FCD/TestSF': 15.288485557885139, 'SNN/TestSF': 0.5505058774375079, 'Frag/TestSF': 0.9240343583515555, 'Scaf/TestSF': 0.06083020564606623, 'IntDiv': 0.8183839643360329, 'IntDiv2': 0.80767016718018, 'Filters': 0.9855572551670164, 'logP': 0.3142744967305077, 'SA': 0.27820303755607867, 'QED': 0.019907205045060283, 'weight': 19.581160881628332, 'Novelty': 0.8644296879590997}
Epoch: 55:
	Train Loss: 0.358 --- Reconstruction Loss: 0.345 --- KL Loss: 17.805 --- Beta: 0.000708
	Validity: 0.94% --- Uniquene@1000: 0.95% --- Unique@10000: 0.75%

{'valid': 0.8836333333333334, 'unique@1000': 0.96, 'unique@10000': 0.8046, 'FCD/Test': 13.695942081339822, 'SNN/Test': 0.595305212768148, 'Frag/Test': 0.928192748836734, 'Scaf/Test': 0.27929965783592126, 'FCD/TestSF': 14.34328836232904, 'SNN/TestSF': 0.5331413433995096, 'Frag/TestSF': 0.9210210181177756, 'Scaf/TestSF': 0.05327489940377439, 'IntDiv': 0.8284088161907375, 'IntDiv2': 0.8180358903304986, 'Filters': 0.9810253121581349, 'logP': 0.2812007794067569, 'SA': 0.21187858797071007, 'QED': 0.015153869436871345, 'weight': 22.464984174538582, 'Novelty': 0.885595567867036}
Epoch: 56:
	Train Loss: 0.353 --- Reconstruction Loss: 0.341 --- KL Loss: 17.516 --- Beta: 0.000719
	Validity: 0.88% --- Uniquene@1000: 0.96% --- Unique@10000: 0.80%

{'valid': 0.8672333333333333, 'unique@1000': 0.951, 'unique@10000': 0.7904, 'FCD/Test': 14.567361045628935, 'SNN/Test': 0.5953534257358347, 'Frag/Test': 0.940506062444804, 'Scaf/Test': 0.29150804000650465, 'FCD/TestSF': 15.10237999783326, 'SNN/TestSF': 0.5411177068403491, 'Frag/TestSF': 0.9354551487668593, 'Scaf/TestSF': 0.06649711240839673, 'IntDiv': 0.8247638933171955, 'IntDiv2': 0.8139112281346021, 'Filters': 0.9828957989007188, 'logP': 0.44277954998568786, 'SA': 0.22758618986806428, 'QED': 0.02241803660906768, 'weight': 19.91422135572354, 'Novelty': 0.8918950034538338}
Epoch: 57:
	Train Loss: 0.350 --- Reconstruction Loss: 0.338 --- KL Loss: 17.292 --- Beta: 0.000730
	Validity: 0.87% --- Uniquene@1000: 0.95% --- Unique@10000: 0.79%

{'valid': 0.8675333333333333, 'unique@1000': 0.964, 'unique@10000': 0.8031, 'FCD/Test': 13.775221738995626, 'SNN/Test': 0.5964285783577888, 'Frag/Test': 0.922970002408246, 'Scaf/Test': 0.2788629311616351, 'FCD/TestSF': 14.384174835695575, 'SNN/TestSF': 0.5358391162828223, 'Frag/TestSF': 0.9154502227720066, 'Scaf/TestSF': 0.05259023597266821, 'IntDiv': 0.8245985295621453, 'IntDiv2': 0.8140886068312522, 'Filters': 0.9797125950972105, 'logP': 0.37319266207129265, 'SA': 0.23010785742081524, 'QED': 0.018778190515989866, 'weight': 19.444977317940374, 'Novelty': 0.890217998882057}
Epoch: 58:
	Train Loss: 0.346 --- Reconstruction Loss: 0.333 --- KL Loss: 17.044 --- Beta: 0.000741
	Validity: 0.87% --- Uniquene@1000: 0.96% --- Unique@10000: 0.80%

{'valid': 0.8708333333333333, 'unique@1000': 0.959, 'unique@10000': 0.8085, 'FCD/Test': 13.751197637845294, 'SNN/Test': 0.5973273984872554, 'Frag/Test': 0.9398012610534072, 'Scaf/Test': 0.3494147355188961, 'FCD/TestSF': 14.291371770039582, 'SNN/TestSF': 0.5397069365333712, 'Frag/TestSF': 0.932245125851153, 'Scaf/TestSF': 0.06410238077345476, 'IntDiv': 0.8247651096892232, 'IntDiv2': 0.814234237193934, 'Filters': 0.9811674641148326, 'logP': 0.3028495360888183, 'SA': 0.24119280923773548, 'QED': 0.020342793411090153, 'weight': 21.729182681496543, 'Novelty': 0.883760402978537}
Epoch: 59:
	Train Loss: 0.343 --- Reconstruction Loss: 0.330 --- KL Loss: 16.893 --- Beta: 0.000753
	Validity: 0.87% --- Uniquene@1000: 0.96% --- Unique@10000: 0.81%

{'valid': 0.8984, 'unique@1000': 0.968, 'unique@10000': 0.844, 'FCD/Test': 12.750289648885328, 'SNN/Test': 0.5921323585715703, 'Frag/Test': 0.9159415686471873, 'Scaf/Test': 0.39088721848518304, 'FCD/TestSF': 13.385075083824432, 'SNN/TestSF': 0.5372030746029194, 'Frag/TestSF': 0.9084195326920449, 'Scaf/TestSF': 0.07972811037804128, 'IntDiv': 0.8314237356933843, 'IntDiv2': 0.8212087218725358, 'Filters': 0.9860121697833185, 'logP': 0.2691671016745342, 'SA': 0.22749122773610037, 'QED': 0.010862118070148329, 'weight': 22.002226080892875, 'Novelty': 0.880678624354847}
Epoch: 60:
	Train Loss: 0.339 --- Reconstruction Loss: 0.326 --- KL Loss: 16.735 --- Beta: 0.000764
	Validity: 0.90% --- Uniquene@1000: 0.97% --- Unique@10000: 0.84%

{'valid': 0.8818, 'unique@1000': 0.975, 'unique@10000': 0.8525, 'FCD/Test': 12.691904618591138, 'SNN/Test': 0.5883205005240169, 'Frag/Test': 0.9240590942214844, 'Scaf/Test': 0.3264138781384248, 'FCD/TestSF': 13.367756188429006, 'SNN/TestSF': 0.5277442746576948, 'Frag/TestSF': 0.9174169646063317, 'Scaf/TestSF': 0.04695282388521582, 'IntDiv': 0.8327791268181188, 'IntDiv2': 0.8227355008881025, 'Filters': 0.9717623043774098, 'logP': 0.32926496244407955, 'SA': 0.2021256514807699, 'QED': 0.018582194079334615, 'weight': 22.848045120654575, 'Novelty': 0.8863427109974424}
Epoch: 61:
	Train Loss: 0.336 --- Reconstruction Loss: 0.323 --- KL Loss: 16.548 --- Beta: 0.000775
	Validity: 0.88% --- Uniquene@1000: 0.97% --- Unique@10000: 0.85%

{'valid': 0.8915333333333333, 'unique@1000': 0.978, 'unique@10000': 0.8675, 'FCD/Test': 13.227417160588203, 'SNN/Test': 0.5842608834826393, 'Frag/Test': 0.9192361359271328, 'Scaf/Test': 0.35082619553589245, 'FCD/TestSF': 14.00856467373422, 'SNN/TestSF': 0.5236939432807443, 'Frag/TestSF': 0.9116000827067148, 'Scaf/TestSF': 0.06720038872967393, 'IntDiv': 0.8319009706115749, 'IntDiv2': 0.8218467846736651, 'Filters': 0.9814925596350856, 'logP': 0.31512292417967186, 'SA': 0.21519963403673417, 'QED': 0.013291558861849588, 'weight': 25.30973726751012, 'Novelty': 0.8941882190972563}
Epoch: 62:
	Train Loss: 0.332 --- Reconstruction Loss: 0.320 --- KL Loss: 16.349 --- Beta: 0.000786
	Validity: 0.89% --- Uniquene@1000: 0.98% --- Unique@10000: 0.87%

{'valid': 0.8719, 'unique@1000': 0.971, 'unique@10000': 0.8549, 'FCD/Test': 12.845312280829503, 'SNN/Test': 0.5892461129226474, 'Frag/Test': 0.930572892627539, 'Scaf/Test': 0.35922527955017625, 'FCD/TestSF': 13.464028445637723, 'SNN/TestSF': 0.5315776288728127, 'Frag/TestSF': 0.9231045445859365, 'Scaf/TestSF': 0.07769804979212347, 'IntDiv': 0.8341248296354101, 'IntDiv2': 0.8240491988081584, 'Filters': 0.9830255763275605, 'logP': 0.2911924379924304, 'SA': 0.21739782502152125, 'QED': 0.015334289914047252, 'weight': 23.761715098138886, 'Novelty': 0.8852517618220815}
Epoch: 63:
	Train Loss: 0.329 --- Reconstruction Loss: 0.316 --- KL Loss: 16.305 --- Beta: 0.000798
	Validity: 0.87% --- Uniquene@1000: 0.97% --- Unique@10000: 0.85%

{'valid': 0.9051666666666667, 'unique@1000': 0.982, 'unique@10000': 0.8758, 'FCD/Test': 12.318397450884902, 'SNN/Test': 0.5809236224959555, 'Frag/Test': 0.9249176497312941, 'Scaf/Test': 0.34514113058027895, 'FCD/TestSF': 13.000852572675996, 'SNN/TestSF': 0.5209243883800823, 'Frag/TestSF': 0.91588063072511, 'Scaf/TestSF': 0.0679165046986191, 'IntDiv': 0.8365371362163379, 'IntDiv2': 0.8267451873996505, 'Filters': 0.9761001657153379, 'logP': 0.263098781998081, 'SA': 0.17639031435315125, 'QED': 0.012335195535003571, 'weight': 22.470377287057694, 'Novelty': 0.892024598369643}
Epoch: 64:
	Train Loss: 0.327 --- Reconstruction Loss: 0.314 --- KL Loss: 16.074 --- Beta: 0.000809
	Validity: 0.91% --- Uniquene@1000: 0.98% --- Unique@10000: 0.88%

{'valid': 0.8876333333333333, 'unique@1000': 0.976, 'unique@10000': 0.86, 'FCD/Test': 12.939220206657865, 'SNN/Test': 0.5862703202566869, 'Frag/Test': 0.9396024173980507, 'Scaf/Test': 0.3491168935760094, 'FCD/TestSF': 13.470805502871698, 'SNN/TestSF': 0.5298474097229285, 'Frag/TestSF': 0.9325857431741484, 'Scaf/TestSF': 0.07402810429219353, 'IntDiv': 0.8333873916974063, 'IntDiv2': 0.8232104889356984, 'Filters': 0.9783318937999925, 'logP': 0.3172834615058673, 'SA': 0.18994122608684746, 'QED': 0.01950867299883763, 'weight': 22.22861908531028, 'Novelty': 0.8850032288510258}
Epoch: 65:
	Train Loss: 0.324 --- Reconstruction Loss: 0.311 --- KL Loss: 16.000 --- Beta: 0.000820
	Validity: 0.89% --- Uniquene@1000: 0.98% --- Unique@10000: 0.86%

{'valid': 0.8675666666666667, 'unique@1000': 0.978, 'unique@10000': 0.8715, 'FCD/Test': 12.791833884152084, 'SNN/Test': 0.5832511396511044, 'Frag/Test': 0.9329506625245173, 'Scaf/Test': 0.40048870232763767, 'FCD/TestSF': 13.617657574733805, 'SNN/TestSF': 0.5216621985341179, 'Frag/TestSF': 0.9243497489216204, 'Scaf/TestSF': 0.06764667488537868, 'IntDiv': 0.8309926420593736, 'IntDiv2': 0.8213946200931082, 'Filters': 0.976485956890921, 'logP': 0.28102770633681134, 'SA': 0.1943018122945438, 'QED': 0.011511945197901498, 'weight': 23.79646289552115, 'Novelty': 0.8913011299156264}
Epoch: 66:
	Train Loss: 0.322 --- Reconstruction Loss: 0.308 --- KL Loss: 15.844 --- Beta: 0.000831
	Validity: 0.87% --- Uniquene@1000: 0.98% --- Unique@10000: 0.87%

{'valid': 0.8890333333333333, 'unique@1000': 0.981, 'unique@10000': 0.8903, 'FCD/Test': 11.898549261058562, 'SNN/Test': 0.5725561397359742, 'Frag/Test': 0.9272599411931052, 'Scaf/Test': 0.3563582100471252, 'FCD/TestSF': 12.55770341724049, 'SNN/TestSF': 0.5190882350310696, 'Frag/TestSF': 0.920066231434677, 'Scaf/TestSF': 0.06049156618583962, 'IntDiv': 0.8409329917169323, 'IntDiv2': 0.8313419952760901, 'Filters': 0.9806906377713621, 'logP': 0.23591857173346137, 'SA': 0.15606482666217797, 'QED': 0.011386590912320438, 'weight': 25.44015602260233, 'Novelty': 0.8986274417951}
Epoch: 67:
	Train Loss: 0.319 --- Reconstruction Loss: 0.306 --- KL Loss: 15.732 --- Beta: 0.000842
	Validity: 0.89% --- Uniquene@1000: 0.98% --- Unique@10000: 0.89%

{'valid': 0.8997333333333333, 'unique@1000': 0.98, 'unique@10000': 0.8825, 'FCD/Test': 12.628963227237463, 'SNN/Test': 0.5811486918502391, 'Frag/Test': 0.9158030920691417, 'Scaf/Test': 0.3284109809316421, 'FCD/TestSF': 13.386189030666088, 'SNN/TestSF': 0.5204400774654582, 'Frag/TestSF': 0.9073305248676825, 'Scaf/TestSF': 0.0653329296311036, 'IntDiv': 0.8340515741932266, 'IntDiv2': 0.8247012458337031, 'Filters': 0.9815500889152341, 'logP': 0.2691014042303863, 'SA': 0.1804251909526948, 'QED': 0.014005448926232811, 'weight': 23.9842807458759, 'Novelty': 0.8960940820856752}
Epoch: 68:
	Train Loss: 0.316 --- Reconstruction Loss: 0.303 --- KL Loss: 15.584 --- Beta: 0.000854
	Validity: 0.90% --- Uniquene@1000: 0.98% --- Unique@10000: 0.88%

{'valid': 0.9166, 'unique@1000': 0.987, 'unique@10000': 0.8922, 'FCD/Test': 12.785874781181832, 'SNN/Test': 0.5794033043363439, 'Frag/Test': 0.9311745899198547, 'Scaf/Test': 0.36190636447714675, 'FCD/TestSF': 13.279620631285368, 'SNN/TestSF': 0.5271991958966454, 'Frag/TestSF': 0.9255852542703391, 'Scaf/TestSF': 0.07660904751408826, 'IntDiv': 0.8378848587082448, 'IntDiv2': 0.8284608956482511, 'Filters': 0.9803258418794094, 'logP': 0.2820962311493137, 'SA': 0.1993141452015497, 'QED': 0.014236097487606266, 'weight': 25.367920230619045, 'Novelty': 0.8876116326997939}
Epoch: 69:
	Train Loss: 0.314 --- Reconstruction Loss: 0.301 --- KL Loss: 15.448 --- Beta: 0.000865
	Validity: 0.92% --- Uniquene@1000: 0.99% --- Unique@10000: 0.89%

{'valid': 0.9082333333333333, 'unique@1000': 0.984, 'unique@10000': 0.895, 'FCD/Test': 11.79320491295259, 'SNN/Test': 0.5775191861618356, 'Frag/Test': 0.9342212809831129, 'Scaf/Test': 0.4147198172427773, 'FCD/TestSF': 12.33318812227131, 'SNN/TestSF': 0.5275234671141216, 'Frag/TestSF': 0.9276611169600124, 'Scaf/TestSF': 0.07432097728155806, 'IntDiv': 0.8400284361678909, 'IntDiv2': 0.8305579954796511, 'Filters': 0.981172239145594, 'logP': 0.23828235915870016, 'SA': 0.1808841226807719, 'QED': 0.016137588649882472, 'weight': 27.769682185783996, 'Novelty': 0.8961187214611872}
Epoch: 70:
	Train Loss: 0.312 --- Reconstruction Loss: 0.298 --- KL Loss: 15.446 --- Beta: 0.000876
	Validity: 0.91% --- Uniquene@1000: 0.98% --- Unique@10000: 0.90%

{'valid': 0.8322666666666667, 'unique@1000': 0.987, 'unique@10000': 0.9086, 'FCD/Test': 11.913847952951215, 'SNN/Test': 0.5677427664334691, 'Frag/Test': 0.9248207097516757, 'Scaf/Test': 0.39171052279193863, 'FCD/TestSF': 12.542172186263613, 'SNN/TestSF': 0.5116023625325065, 'Frag/TestSF': 0.9167716302474608, 'Scaf/TestSF': 0.07854175354036452, 'IntDiv': 0.8416048241633424, 'IntDiv2': 0.8322488838287164, 'Filters': 0.9777314963152836, 'logP': 0.17047619885011597, 'SA': 0.1261844775256209, 'QED': 0.011416306714561812, 'weight': 23.505800092683476, 'Novelty': 0.903495624425857}
Epoch: 71:
	Train Loss: 0.310 --- Reconstruction Loss: 0.297 --- KL Loss: 15.292 --- Beta: 0.000887
	Validity: 0.83% --- Uniquene@1000: 0.99% --- Unique@10000: 0.91%

{'valid': 0.8905333333333333, 'unique@1000': 0.985, 'unique@10000': 0.8913, 'FCD/Test': 11.498485656444743, 'SNN/Test': 0.5815888118968786, 'Frag/Test': 0.9383882465377549, 'Scaf/Test': 0.40149920415846685, 'FCD/TestSF': 11.916596085610962, 'SNN/TestSF': 0.5301373798569166, 'Frag/TestSF': 0.9321477780849522, 'Scaf/TestSF': 0.07612189468021835, 'IntDiv': 0.8409854094117379, 'IntDiv2': 0.831697714022265, 'Filters': 0.9793756550381794, 'logP': 0.2242859191177739, 'SA': 0.182851784018699, 'QED': 0.014641757671899208, 'weight': 26.97213849532735, 'Novelty': 0.8861468654505047}
Epoch: 72:
	Train Loss: 0.308 --- Reconstruction Loss: 0.294 --- KL Loss: 15.236 --- Beta: 0.000899
	Validity: 0.89% --- Uniquene@1000: 0.98% --- Unique@10000: 0.89%

{'valid': 0.8692333333333333, 'unique@1000': 0.984, 'unique@10000': 0.9041, 'FCD/Test': 12.358423843898052, 'SNN/Test': 0.574388377081307, 'Frag/Test': 0.9296666302772391, 'Scaf/Test': 0.3816230576646311, 'FCD/TestSF': 12.929503585323275, 'SNN/TestSF': 0.5243660549512098, 'Frag/TestSF': 0.9234822697245088, 'Scaf/TestSF': 0.08683983327147526, 'IntDiv': 0.8397547386475239, 'IntDiv2': 0.8304227177233635, 'Filters': 0.9831268934309928, 'logP': 0.30647676564380166, 'SA': 0.1724614172928014, 'QED': 0.014194485928904054, 'weight': 22.706378456917918, 'Novelty': 0.891368283460156}
Epoch: 73:
	Train Loss: 0.306 --- Reconstruction Loss: 0.292 --- KL Loss: 15.136 --- Beta: 0.000910
	Validity: 0.87% --- Uniquene@1000: 0.98% --- Unique@10000: 0.90%

{'valid': 0.904, 'unique@1000': 0.991, 'unique@10000': 0.9092, 'FCD/Test': 12.05212797361159, 'SNN/Test': 0.5686388897761746, 'Frag/Test': 0.9326572163923892, 'Scaf/Test': 0.3639578541698383, 'FCD/TestSF': 12.654510746492988, 'SNN/TestSF': 0.5173640917794323, 'Frag/TestSF': 0.9251390104273205, 'Scaf/TestSF': 0.07711119073461936, 'IntDiv': 0.8419500138450784, 'IntDiv2': 0.8327382295059158, 'Filters': 0.9820427728613569, 'logP': 0.3336792212526132, 'SA': 0.16012966846553162, 'QED': 0.010815522770970832, 'weight': 24.335687709337297, 'Novelty': 0.8961586788727338}
Epoch: 74:
	Train Loss: 0.304 --- Reconstruction Loss: 0.290 --- KL Loss: 14.999 --- Beta: 0.000921
	Validity: 0.90% --- Uniquene@1000: 0.99% --- Unique@10000: 0.91%

{'valid': 0.8547333333333333, 'unique@1000': 0.984, 'unique@10000': 0.9107, 'FCD/Test': 12.112270766037526, 'SNN/Test': 0.5724338823582934, 'Frag/Test': 0.924262922404329, 'Scaf/Test': 0.35984277872873816, 'FCD/TestSF': 12.683589509483426, 'SNN/TestSF': 0.5179394459565896, 'Frag/TestSF': 0.9162429327760493, 'Scaf/TestSF': 0.1020072289649655, 'IntDiv': 0.840829757257314, 'IntDiv2': 0.8314505489553856, 'Filters': 0.9803447468996178, 'logP': 0.22869664751137475, 'SA': 0.15745260611830283, 'QED': 0.011076506518800128, 'weight': 22.928731994133255, 'Novelty': 0.8966827757706564}
Epoch: 75:
	Train Loss: 0.302 --- Reconstruction Loss: 0.288 --- KL Loss: 15.043 --- Beta: 0.000932
	Validity: 0.85% --- Uniquene@1000: 0.98% --- Unique@10000: 0.91%

{'valid': 0.8751, 'unique@1000': 0.985, 'unique@10000': 0.9122, 'FCD/Test': 12.20839619779305, 'SNN/Test': 0.5654327275520034, 'Frag/Test': 0.9157158334015549, 'Scaf/Test': 0.37046684970306143, 'FCD/TestSF': 12.766980427836444, 'SNN/TestSF': 0.5110175201422926, 'Frag/TestSF': 0.9096012412807751, 'Scaf/TestSF': 0.07904927120687522, 'IntDiv': 0.8430470356462684, 'IntDiv2': 0.8337780909268638, 'Filters': 0.9800022854530911, 'logP': 0.3206644171149973, 'SA': 0.14881320634083187, 'QED': 0.013429702353118063, 'weight': 21.103568890507326, 'Novelty': 0.9017049329393044}
Epoch: 76:
	Train Loss: 0.301 --- Reconstruction Loss: 0.287 --- KL Loss: 14.898 --- Beta: 0.000944
	Validity: 0.88% --- Uniquene@1000: 0.98% --- Unique@10000: 0.91%

{'valid': 0.8039000000000001, 'unique@1000': 0.979, 'unique@10000': 0.9109, 'FCD/Test': 11.931020937041268, 'SNN/Test': 0.5728755465994013, 'Frag/Test': 0.9257013790459346, 'Scaf/Test': 0.4325485156521248, 'FCD/TestSF': 12.549688421839704, 'SNN/TestSF': 0.5200901133034831, 'Frag/TestSF': 0.9184149058735446, 'Scaf/TestSF': 0.07943209735283374, 'IntDiv': 0.8384796874909515, 'IntDiv2': 0.82922463592767, 'Filters': 0.9812994982792221, 'logP': 0.25648005576417016, 'SA': 0.17026387267907214, 'QED': 0.012453285767424301, 'weight': 23.679757631665122, 'Novelty': 0.8893227879387049}
Epoch: 77:
	Train Loss: 0.299 --- Reconstruction Loss: 0.284 --- KL Loss: 14.840 --- Beta: 0.000955
	Validity: 0.80% --- Uniquene@1000: 0.98% --- Unique@10000: 0.91%

{'valid': 0.8833, 'unique@1000': 0.99, 'unique@10000': 0.9083, 'FCD/Test': 12.114011763773703, 'SNN/Test': 0.5658578028815743, 'Frag/Test': 0.9241543843766425, 'Scaf/Test': 0.3858053663932631, 'FCD/TestSF': 12.599105799042576, 'SNN/TestSF': 0.5199892338501821, 'Frag/TestSF': 0.9184396524958476, 'Scaf/TestSF': 0.069982508062721, 'IntDiv': 0.8426111571679138, 'IntDiv2': 0.8332687947946058, 'Filters': 0.9730933242763878, 'logP': 0.27123193091198866, 'SA': 0.13369128304980865, 'QED': 0.014376155950783672, 'weight': 24.62996084176473, 'Novelty': 0.9016096123328043}
Epoch: 78:
	Train Loss: 0.297 --- Reconstruction Loss: 0.283 --- KL Loss: 14.895 --- Beta: 0.000966
	Validity: 0.88% --- Uniquene@1000: 0.99% --- Unique@10000: 0.91%

{'valid': 0.8897333333333334, 'unique@1000': 0.988, 'unique@10000': 0.9068, 'FCD/Test': 12.431274267201161, 'SNN/Test': 0.5642175619639361, 'Frag/Test': 0.9325293812564301, 'Scaf/Test': 0.4293329645237942, 'FCD/TestSF': 12.79917777069889, 'SNN/TestSF': 0.5185998023353505, 'Frag/TestSF': 0.9272987836258814, 'Scaf/TestSF': 0.08356337091581312, 'IntDiv': 0.8430105761561129, 'IntDiv2': 0.8336159667691246, 'Filters': 0.97516109695789, 'logP': 0.19250987562491628, 'SA': 0.13416265990659723, 'QED': 0.014024670163422502, 'weight': 22.192033841925166, 'Novelty': 0.9047942107643601}
Epoch: 79:
	Train Loss: 0.295 --- Reconstruction Loss: 0.281 --- KL Loss: 14.808 --- Beta: 0.000977
	Validity: 0.89% --- Uniquene@1000: 0.99% --- Unique@10000: 0.91%

slurmstepd: error: *** JOB 8257206 ON hpctpa3pc0063 CANCELLED AT 2024-02-15T10:04:48 ***
