2024-02-15 02:31:21.155883: E external/local_xla/xla/stream_executor/cuda/cuda_dnn.cc:9261] Unable to register cuDNN factory: Attempting to register factory for plugin cuDNN when one has already been registered
2024-02-15 02:31:21.155950: E external/local_xla/xla/stream_executor/cuda/cuda_fft.cc:607] Unable to register cuFFT factory: Attempting to register factory for plugin cuFFT when one has already been registered
2024-02-15 02:31:21.156715: E external/local_xla/xla/stream_executor/cuda/cuda_blas.cc:1515] Unable to register cuBLAS factory: Attempting to register factory for plugin cuBLAS when one has already been registered
2024-02-15 02:31:21.160808: I tensorflow/core/platform/cpu_feature_guard.cc:182] This TensorFlow binary is optimized to use available CPU instructions in performance-critical operations.
To enable the following instructions: AVX2 FMA, in other operations, rebuild TensorFlow with the appropriate compiler flags.
2024-02-15 02:31:22.022271: W tensorflow/compiler/tf2tensorrt/utils/py_utils.cc:38] TF-TRT Warning: Could not find TensorRT

Arguments:
	data_path: data/moses_train.txt
	max_len: 30
	batch: 128
	d_model: 512
	d_latent: 256
	d_ff: 1024
	e_heads: 1
	d_heads: 8
	n_layers: 6
	dropout: 0.5
	lr: 0.0005
	n_epochs: 60
	kl_type: monotonic
	kl_w_start: 0.0001
	kl_w_end: 0.0005
	kl_cycle: 4
	kl_ratio: 0.9
	save_name: klcompare

Number of data: 88192

SMILES Vocab:
	 {'<START>': 0, '<END>': 1, '<PAD>': 2, 'C': 3, 'O': 4, 'c': 5, '1': 6, '(': 7, '=': 8, ')': 9, 'N': 10, 'n': 11, '2': 12, 'F': 13, 'Cl': 14, 'Br': 15, '#': 16, '3': 17, 'S': 18, 'o': 19, '-': 20, 's': 21, '[nH]': 22, '4': 23}

Graph Vocab:
	 {'C': 0, 'O': 1, 'N': 2, 'F': 3, 'Cl': 4, 'Br': 5, 'S': 6}


KL Annealer: [0.0001, 0.00010666666666666667, 0.00011333333333333334, 0.00012, 0.00012666666666666666, 0.00013333333333333334, 0.00014, 0.00014666666666666666, 0.00015333333333333334, 0.00016, 0.0001666666666666667, 0.00017333333333333334, 0.00017999999999999998, 0.0001866666666666667, 0.00019333333333333333, 0.0002, 0.00020666666666666668, 0.00021333333333333333, 0.00022, 0.00022666666666666668, 0.00023333333333333333, 0.00023999999999999998, 0.0002466666666666667, 0.00025333333333333333, 0.00026, 0.0002666666666666667, 0.00027333333333333333, 0.00028000000000000003, 0.0002866666666666667, 0.0002933333333333333, 0.00030000000000000003, 0.0003066666666666667, 0.0003133333333333333, 0.00032, 0.0003266666666666667, 0.0003333333333333333, 0.00034, 0.00034666666666666667, 0.0003533333333333333, 0.00035999999999999997, 0.00036666666666666667, 0.0003733333333333333, 0.00037999999999999997, 0.00038666666666666667, 0.0003933333333333333, 0.00039999999999999996, 0.00040666666666666667, 0.0004133333333333333, 0.00041999999999999996, 0.00042666666666666667, 0.0004333333333333333, 0.00044, 0.00044666666666666666, 0.0004533333333333333, 0.00046, 0.00046666666666666666, 0.0004733333333333333, 0.00048, 0.00048666666666666666, 0.0004933333333333334]




#########################################################################
######################### START TRAINING ################################
#########################################################################




{'valid': 0.5971333333333333, 'unique@1000': 0.752, 'unique@10000': 0.4269, 'FCD/Test': 22.976656152071733, 'SNN/Test': 0.6153041707813254, 'Frag/Test': 0.8808408680120734, 'Scaf/Test': 0.18489149355900947, 'FCD/TestSF': 24.148444522090003, 'SNN/TestSF': 0.5213024082947246, 'Frag/TestSF': 0.8680920971173071, 'Scaf/TestSF': 0.04094502048649218, 'IntDiv': 0.7591671338489789, 'IntDiv2': 0.7430686955586877, 'Filters': 0.9850396338059618, 'logP': 0.44876091235799137, 'SA': 0.2533241603083189, 'QED': 0.06264733819749081, 'weight': 7.904339830812887, 'Novelty': 0.9367108838101327}
Epoch: 31:
	Train Loss: 0.443 --- Reconstruction Loss: 0.432 --- KL Loss: 37.054 --- Beta: 0.000300
	Validity: 0.60% --- Uniquene@1000: 0.75% --- Unique@10000: 0.43%

{'valid': 0.5398000000000001, 'unique@1000': 0.799, 'unique@10000': 0.4811, 'FCD/Test': 22.82810067593315, 'SNN/Test': 0.612676779752096, 'Frag/Test': 0.8794891313693767, 'Scaf/Test': 0.1385073697837763, 'FCD/TestSF': 23.94191019012579, 'SNN/TestSF': 0.5141393979193547, 'Frag/TestSF': 0.8683116449428793, 'Scaf/TestSF': 0.02729459074345275, 'IntDiv': 0.7649838172365262, 'IntDiv2': 0.7494815034571802, 'Filters': 0.9850561936519698, 'logP': 0.46228007771186785, 'SA': 0.19737129264896452, 'QED': 0.05511358416683722, 'weight': 4.640149212039417, 'Novelty': 0.9398383717449865}
Epoch: 32:
	Train Loss: 0.437 --- Reconstruction Loss: 0.426 --- KL Loss: 35.734 --- Beta: 0.000307
	Validity: 0.54% --- Uniquene@1000: 0.80% --- Unique@10000: 0.48%

{'valid': 0.5753333333333333, 'unique@1000': 0.876, 'unique@10000': 0.5604, 'FCD/Test': 20.991249260499117, 'SNN/Test': 0.5941409484303081, 'Frag/Test': 0.8719087200132346, 'Scaf/Test': 0.23158039372726502, 'FCD/TestSF': 22.15228781541488, 'SNN/TestSF': 0.5035482463233717, 'Frag/TestSF': 0.8592589477393353, 'Scaf/TestSF': 0.04779719565120444, 'IntDiv': 0.7737734696920172, 'IntDiv2': 0.7600650115417223, 'Filters': 0.9829663962920047, 'logP': 0.4248658785140721, 'SA': 0.17096293279605404, 'QED': 0.0790152182142764, 'weight': 6.207374086785464, 'Novelty': 0.9497091614154144}
Epoch: 33:
	Train Loss: 0.432 --- Reconstruction Loss: 0.421 --- KL Loss: 34.324 --- Beta: 0.000313
	Validity: 0.58% --- Uniquene@1000: 0.88% --- Unique@10000: 0.56%

{'valid': 0.5241333333333333, 'unique@1000': 0.883, 'unique@10000': 0.5747, 'FCD/Test': 22.264292898379253, 'SNN/Test': 0.5930911380275459, 'Frag/Test': 0.862138303660113, 'Scaf/Test': 0.12887477378997103, 'FCD/TestSF': 23.43923550676069, 'SNN/TestSF': 0.4982899629040184, 'Frag/TestSF': 0.8492223106891652, 'Scaf/TestSF': 0.0375286864817006, 'IntDiv': 0.7704062519518106, 'IntDiv2': 0.7563696859926561, 'Filters': 0.9773594505214958, 'logP': 0.3366766873721391, 'SA': 0.16442658091250092, 'QED': 0.0876702943396713, 'weight': 6.603378467143723, 'Novelty': 0.9443465122135483}
Epoch: 34:
	Train Loss: 0.425 --- Reconstruction Loss: 0.415 --- KL Loss: 32.991 --- Beta: 0.000320
	Validity: 0.52% --- Uniquene@1000: 0.88% --- Unique@10000: 0.57%

{'valid': 0.4302666666666667, 'unique@1000': 0.899, 'unique@10000': 0.635, 'FCD/Test': 18.408968382704522, 'SNN/Test': 0.5764595189140166, 'Frag/Test': 0.8959088302494719, 'Scaf/Test': 0.3111301553469529, 'FCD/TestSF': 19.47580570999289, 'SNN/TestSF': 0.49881953663193557, 'Frag/TestSF': 0.8838632750092331, 'Scaf/TestSF': 0.038300042414868396, 'IntDiv': 0.7990373804510118, 'IntDiv2': 0.7864718189869021, 'Filters': 0.9644406569569259, 'logP': 0.4561922909450218, 'SA': 0.1341774171336128, 'QED': 0.05083175217664894, 'weight': 7.840224936627725, 'Novelty': 0.9425213123223973}
Epoch: 35:
	Train Loss: 0.420 --- Reconstruction Loss: 0.410 --- KL Loss: 31.620 --- Beta: 0.000327
	Validity: 0.43% --- Uniquene@1000: 0.90% --- Unique@10000: 0.64%

{'valid': 0.4474, 'unique@1000': 0.898, 'unique@10000': 0.6329, 'FCD/Test': 16.88706676081587, 'SNN/Test': 0.583530135972323, 'Frag/Test': 0.9229329839024907, 'Scaf/Test': 0.17394283973870717, 'FCD/TestSF': 17.863497087334153, 'SNN/TestSF': 0.5098124035330043, 'Frag/TestSF': 0.912348063277967, 'Scaf/TestSF': 0.05601011581129134, 'IntDiv': 0.8056474017601398, 'IntDiv2': 0.7944574514583143, 'Filters': 0.9752644911339592, 'logP': 0.21971305310317896, 'SA': 0.15331520004554364, 'QED': 0.031186072676524956, 'weight': 16.65785324204332, 'Novelty': 0.92520035618878}
Epoch: 36:
	Train Loss: 0.415 --- Reconstruction Loss: 0.405 --- KL Loss: 30.769 --- Beta: 0.000333
	Validity: 0.45% --- Uniquene@1000: 0.90% --- Unique@10000: 0.63%

{'valid': 0.49360000000000004, 'unique@1000': 0.903, 'unique@10000': 0.6655, 'FCD/Test': 16.69207911574599, 'SNN/Test': 0.5824365102153156, 'Frag/Test': 0.9357456905726752, 'Scaf/Test': 0.24430829755336592, 'FCD/TestSF': 17.47606744872644, 'SNN/TestSF': 0.5127447301915358, 'Frag/TestSF': 0.9289920565012946, 'Scaf/TestSF': 0.025223928715656374, 'IntDiv': 0.814779625229181, 'IntDiv2': 0.8034059672580014, 'Filters': 0.975148568341437, 'logP': 0.4423805611159639, 'SA': 0.1745748508073682, 'QED': 0.023289514161251995, 'weight': 13.460520302693615, 'Novelty': 0.9264169705004972}
Epoch: 37:
	Train Loss: 0.410 --- Reconstruction Loss: 0.400 --- KL Loss: 29.722 --- Beta: 0.000340
	Validity: 0.49% --- Uniquene@1000: 0.90% --- Unique@10000: 0.67%

{'valid': 0.5257333333333334, 'unique@1000': 0.918, 'unique@10000': 0.7095, 'FCD/Test': 15.69962534643981, 'SNN/Test': 0.5933126183040109, 'Frag/Test': 0.9386977409196818, 'Scaf/Test': 0.3060571221646843, 'FCD/TestSF': 16.22522576388328, 'SNN/TestSF': 0.5370400576409866, 'Frag/TestSF': 0.9305488896862442, 'Scaf/TestSF': 0.09781701908249008, 'IntDiv': 0.8127676704938942, 'IntDiv2': 0.8021682977287853, 'Filters': 0.9809155465381689, 'logP': 0.44994924413899756, 'SA': 0.265214104471036, 'QED': 0.025025249539873482, 'weight': 14.48344260479143, 'Novelty': 0.9166177334116266}
Epoch: 38:
	Train Loss: 0.405 --- Reconstruction Loss: 0.395 --- KL Loss: 29.040 --- Beta: 0.000347
	Validity: 0.53% --- Uniquene@1000: 0.92% --- Unique@10000: 0.71%

{'valid': 0.48983333333333334, 'unique@1000': 0.923, 'unique@10000': 0.7016, 'FCD/Test': 15.592542381000428, 'SNN/Test': 0.5796688268230497, 'Frag/Test': 0.9280392149543227, 'Scaf/Test': 0.20584623319210527, 'FCD/TestSF': 16.421323683045557, 'SNN/TestSF': 0.5189987465004079, 'Frag/TestSF': 0.9194923094529208, 'Scaf/TestSF': 0.047184422539729876, 'IntDiv': 0.8073851114178383, 'IntDiv2': 0.7974123431593481, 'Filters': 0.9627084042191222, 'logP': 0.32574590359680256, 'SA': 0.19673238877401972, 'QED': 0.027012327847990097, 'weight': 14.161474431333783, 'Novelty': 0.9187624960538777}
Epoch: 39:
	Train Loss: 0.400 --- Reconstruction Loss: 0.390 --- KL Loss: 28.318 --- Beta: 0.000353
	Validity: 0.49% --- Uniquene@1000: 0.92% --- Unique@10000: 0.70%

/home/80027464/graphvae/metrics.py:527: UserWarning: Can't compute unique@10000.gen contains only 9071 molecules
  warnings.warn(
{'valid': 0.3023666666666667, 'unique@1000': 0.937, 'unique@10000': 0.7442398853489142, 'FCD/Test': 15.211207779730259, 'SNN/Test': 0.5701842418566991, 'Frag/Test': 0.9329403172144698, 'Scaf/Test': 0.1940074707028887, 'FCD/TestSF': 15.636539601585461, 'SNN/TestSF': 0.5099387379399525, 'Frag/TestSF': 0.9271458452175899, 'Scaf/TestSF': 0.03271357871865577, 'IntDiv': 0.8218416966641431, 'IntDiv2': 0.8109042193718725, 'Filters': 0.9609745342299636, 'logP': 0.3851253494680217, 'SA': 0.08941683304603204, 'QED': 0.03314946366657236, 'weight': 8.245911019990158, 'Novelty': 0.9357132276699748}
Epoch: 40:
	Train Loss: 0.396 --- Reconstruction Loss: 0.386 --- KL Loss: 27.533 --- Beta: 0.000360
	Validity: 0.30% --- Uniquene@1000: 0.94% --- Unique@10000: 0.74%

{'valid': 0.3665666666666667, 'unique@1000': 0.955, 'unique@10000': 0.7862, 'FCD/Test': 15.01825444631551, 'SNN/Test': 0.5608690294437195, 'Frag/Test': 0.9039958189468444, 'Scaf/Test': 0.20482264219365542, 'FCD/TestSF': 16.00590535738081, 'SNN/TestSF': 0.49262404127604226, 'Frag/TestSF': 0.8951046489908155, 'Scaf/TestSF': 0.038331000379495994, 'IntDiv': 0.8192194445890404, 'IntDiv2': 0.8090229936177136, 'Filters': 0.9657179230699282, 'logP': 0.37508219729640063, 'SA': 0.09029872242732617, 'QED': 0.038915351559089865, 'weight': 12.599264225755235, 'Novelty': 0.9373386528983807}
Epoch: 41:
	Train Loss: 0.391 --- Reconstruction Loss: 0.381 --- KL Loss: 26.868 --- Beta: 0.000367
	Validity: 0.37% --- Uniquene@1000: 0.95% --- Unique@10000: 0.79%

{'valid': 0.5478666666666667, 'unique@1000': 0.971, 'unique@10000': 0.7988, 'FCD/Test': 14.999503501162351, 'SNN/Test': 0.5747900959489611, 'Frag/Test': 0.9422446521431077, 'Scaf/Test': 0.21598576082973375, 'FCD/TestSF': 15.883253567676526, 'SNN/TestSF': 0.5141245655889536, 'Frag/TestSF': 0.9331089090109355, 'Scaf/TestSF': 0.06473989132935021, 'IntDiv': 0.8153930666082605, 'IntDiv2': 0.8062856342164235, 'Filters': 0.9807130688732052, 'logP': 0.27692436208669285, 'SA': 0.1777738855006713, 'QED': 0.023604981131700314, 'weight': 23.3550217929096, 'Novelty': 0.9248616085965483}
Epoch: 42:
	Train Loss: 0.386 --- Reconstruction Loss: 0.376 --- KL Loss: 26.137 --- Beta: 0.000373
	Validity: 0.55% --- Uniquene@1000: 0.97% --- Unique@10000: 0.80%

{'valid': 0.5655333333333333, 'unique@1000': 0.958, 'unique@10000': 0.7747, 'FCD/Test': 15.413247638643114, 'SNN/Test': 0.5789580534610927, 'Frag/Test': 0.9350914375661271, 'Scaf/Test': 0.2655674135935455, 'FCD/TestSF': 16.36202202925672, 'SNN/TestSF': 0.5147791498527414, 'Frag/TestSF': 0.9270769758844695, 'Scaf/TestSF': 0.039844466270671286, 'IntDiv': 0.8197239542748667, 'IntDiv2': 0.8093002678091173, 'Filters': 0.9820228692679477, 'logP': 0.28376035402988503, 'SA': 0.1752211198267223, 'QED': 0.014068132573826378, 'weight': 22.627894500856854, 'Novelty': 0.9211004626569729}
Epoch: 43:
	Train Loss: 0.383 --- Reconstruction Loss: 0.373 --- KL Loss: 25.659 --- Beta: 0.000380
	Validity: 0.57% --- Uniquene@1000: 0.96% --- Unique@10000: 0.77%

{'valid': 0.5795333333333333, 'unique@1000': 0.96, 'unique@10000': 0.8039, 'FCD/Test': 14.392678358204748, 'SNN/Test': 0.5721875073217446, 'Frag/Test': 0.9365768693116175, 'Scaf/Test': 0.305262826495599, 'FCD/TestSF': 15.325558976549509, 'SNN/TestSF': 0.5075360186458882, 'Frag/TestSF': 0.92815552027816, 'Scaf/TestSF': 0.035471174109752535, 'IntDiv': 0.8258557053360228, 'IntDiv2': 0.8155791538074532, 'Filters': 0.9785459565167376, 'logP': 0.2586955843286996, 'SA': 0.1370442623071124, 'QED': 0.0148678696658617, 'weight': 21.86489244308212, 'Novelty': 0.9224204809930179}
Epoch: 44:
	Train Loss: 0.378 --- Reconstruction Loss: 0.368 --- KL Loss: 25.104 --- Beta: 0.000387
	Validity: 0.58% --- Uniquene@1000: 0.96% --- Unique@10000: 0.80%

{'valid': 0.5687, 'unique@1000': 0.96, 'unique@10000': 0.8082, 'FCD/Test': 13.153507171344465, 'SNN/Test': 0.5704308991392433, 'Frag/Test': 0.9357961062150664, 'Scaf/Test': 0.2865980330722755, 'FCD/TestSF': 13.855234223808928, 'SNN/TestSF': 0.5136286618028518, 'Frag/TestSF': 0.9283685621425697, 'Scaf/TestSF': 0.06044953225374461, 'IntDiv': 0.8316192190273546, 'IntDiv2': 0.821747694095812, 'Filters': 0.9667076959146592, 'logP': 0.30198699908328597, 'SA': 0.1411978769583991, 'QED': 0.017886886537413195, 'weight': 21.01378694595654, 'Novelty': 0.9229619137551149}
Epoch: 45:
	Train Loss: 0.374 --- Reconstruction Loss: 0.365 --- KL Loss: 24.789 --- Beta: 0.000393
	Validity: 0.57% --- Uniquene@1000: 0.96% --- Unique@10000: 0.81%

{'valid': 0.5577, 'unique@1000': 0.966, 'unique@10000': 0.8198, 'FCD/Test': 14.388137717223692, 'SNN/Test': 0.5556334283470744, 'Frag/Test': 0.9237800694151412, 'Scaf/Test': 0.2216441797997729, 'FCD/TestSF': 15.287724267948427, 'SNN/TestSF': 0.49173992048670906, 'Frag/TestSF': 0.9161067574639573, 'Scaf/TestSF': 0.04378537272688576, 'IntDiv': 0.8280090929983506, 'IntDiv2': 0.8180535929483853, 'Filters': 0.9775267467575159, 'logP': 0.2688588006800527, 'SA': 0.08860075088222046, 'QED': 0.018197513337829953, 'weight': 21.329129915835352, 'Novelty': 0.9357114856918856}
Epoch: 46:
	Train Loss: 0.372 --- Reconstruction Loss: 0.362 --- KL Loss: 24.485 --- Beta: 0.000400
	Validity: 0.56% --- Uniquene@1000: 0.97% --- Unique@10000: 0.82%

{'valid': 0.5646333333333333, 'unique@1000': 0.976, 'unique@10000': 0.8522, 'FCD/Test': 14.13902183769001, 'SNN/Test': 0.5488004824988387, 'Frag/Test': 0.9349196992388176, 'Scaf/Test': 0.21097865406036098, 'FCD/TestSF': 15.065443601147173, 'SNN/TestSF': 0.48588602281185395, 'Frag/TestSF': 0.9267875396747114, 'Scaf/TestSF': 0.0472551490299602, 'IntDiv': 0.8293737339867606, 'IntDiv2': 0.81929389619339, 'Filters': 0.9753822539701281, 'logP': 0.3841723653141026, 'SA': 0.0866070042923721, 'QED': 0.01645935227686216, 'weight': 19.93977920902492, 'Novelty': 0.9438210541857375}
Epoch: 47:
	Train Loss: 0.367 --- Reconstruction Loss: 0.357 --- KL Loss: 23.912 --- Beta: 0.000407
	Validity: 0.56% --- Uniquene@1000: 0.98% --- Unique@10000: 0.85%

{'valid': 0.5089666666666667, 'unique@1000': 0.973, 'unique@10000': 0.8556, 'FCD/Test': 14.267355734573584, 'SNN/Test': 0.5690676523670793, 'Frag/Test': 0.9094585440542493, 'Scaf/Test': 0.2797421944366836, 'FCD/TestSF': 15.219234759566163, 'SNN/TestSF': 0.5057828758511861, 'Frag/TestSF': 0.8995036888419407, 'Scaf/TestSF': 0.03553575161528211, 'IntDiv': 0.8233740401540844, 'IntDiv2': 0.8129802240571551, 'Filters': 0.9671884209836924, 'logP': 0.31075429062370463, 'SA': 0.13950650172632217, 'QED': 0.017786473913912443, 'weight': 15.447908797860599, 'Novelty': 0.9308271882013466}
Epoch: 48:
	Train Loss: 0.363 --- Reconstruction Loss: 0.354 --- KL Loss: 23.537 --- Beta: 0.000413
	Validity: 0.51% --- Uniquene@1000: 0.97% --- Unique@10000: 0.86%

{'valid': 0.6012, 'unique@1000': 0.965, 'unique@10000': 0.8627, 'FCD/Test': 13.895977406969322, 'SNN/Test': 0.5558848395608209, 'Frag/Test': 0.9430391702242077, 'Scaf/Test': 0.23175187966747557, 'FCD/TestSF': 14.648999305345995, 'SNN/TestSF': 0.49525872203460497, 'Frag/TestSF': 0.9345598777373686, 'Scaf/TestSF': 0.04134826984226525, 'IntDiv': 0.8308198042654558, 'IntDiv2': 0.8211923506243248, 'Filters': 0.9783765801729873, 'logP': 0.2899827158957817, 'SA': 0.0694012121585333, 'QED': 0.012883544045732536, 'weight': 21.195529448543624, 'Novelty': 0.9348814773980154}
Epoch: 49:
	Train Loss: 0.360 --- Reconstruction Loss: 0.351 --- KL Loss: 23.281 --- Beta: 0.000420
	Validity: 0.60% --- Uniquene@1000: 0.96% --- Unique@10000: 0.86%

{'valid': 0.6231, 'unique@1000': 0.974, 'unique@10000': 0.8708, 'FCD/Test': 14.206085680504017, 'SNN/Test': 0.5694980222889465, 'Frag/Test': 0.9378753450540516, 'Scaf/Test': 0.31420812518910335, 'FCD/TestSF': 15.054045465578376, 'SNN/TestSF': 0.5049724517755726, 'Frag/TestSF': 0.9297980717738142, 'Scaf/TestSF': 0.03516553289349067, 'IntDiv': 0.8282248712701333, 'IntDiv2': 0.8183084572379595, 'Filters': 0.9717541325629915, 'logP': 0.23745834780174344, 'SA': 0.13468343873633526, 'QED': 0.015485105456466305, 'weight': 19.627504943963643, 'Novelty': 0.913976351800186}
Epoch: 50:
	Train Loss: 0.357 --- Reconstruction Loss: 0.347 --- KL Loss: 22.939 --- Beta: 0.000427
	Validity: 0.62% --- Uniquene@1000: 0.97% --- Unique@10000: 0.87%

{'valid': 0.6555333333333333, 'unique@1000': 0.98, 'unique@10000': 0.8713, 'FCD/Test': 13.89315453952345, 'SNN/Test': 0.557052069800432, 'Frag/Test': 0.9299482406615313, 'Scaf/Test': 0.25177974647233503, 'FCD/TestSF': 14.570982109564568, 'SNN/TestSF': 0.5004645489435842, 'Frag/TestSF': 0.921884505649321, 'Scaf/TestSF': 0.06150517914879006, 'IntDiv': 0.8338144630219515, 'IntDiv2': 0.8243972255812184, 'Filters': 0.9694396420217635, 'logP': 0.18420787525384416, 'SA': 0.09282862739571901, 'QED': 0.015375353842004238, 'weight': 20.738127849888073, 'Novelty': 0.92519510183364}
Epoch: 51:
	Train Loss: 0.355 --- Reconstruction Loss: 0.345 --- KL Loss: 22.647 --- Beta: 0.000433
	Validity: 0.66% --- Uniquene@1000: 0.98% --- Unique@10000: 0.87%

{'valid': 0.45020000000000004, 'unique@1000': 0.98, 'unique@10000': 0.8675, 'FCD/Test': 13.705014802083625, 'SNN/Test': 0.542615277076207, 'Frag/Test': 0.9132339853412137, 'Scaf/Test': 0.24607849672597604, 'FCD/TestSF': 14.559615306993756, 'SNN/TestSF': 0.48382433144631926, 'Frag/TestSF': 0.9022856052724264, 'Scaf/TestSF': 0.019962531400650296, 'IntDiv': 0.836007177721226, 'IntDiv2': 0.8260421353479686, 'Filters': 0.9625351695542722, 'logP': 0.27401324649297804, 'SA': 0.057768696285471335, 'QED': 0.026401059960425285, 'weight': 22.712876591391225, 'Novelty': 0.9412646617867537}
Epoch: 52:
	Train Loss: 0.352 --- Reconstruction Loss: 0.342 --- KL Loss: 22.460 --- Beta: 0.000440
	Validity: 0.45% --- Uniquene@1000: 0.98% --- Unique@10000: 0.87%

{'valid': 0.5172666666666667, 'unique@1000': 0.983, 'unique@10000': 0.873, 'FCD/Test': 14.411291140198252, 'SNN/Test': 0.5421997250626345, 'Frag/Test': 0.9067383265463332, 'Scaf/Test': 0.24188525171316455, 'FCD/TestSF': 15.152205966754892, 'SNN/TestSF': 0.48301221127630833, 'Frag/TestSF': 0.8983327945819763, 'Scaf/TestSF': 0.02800495636098932, 'IntDiv': 0.8406243832771888, 'IntDiv2': 0.8306140482158854, 'Filters': 0.974287923701508, 'logP': 0.25012840544579384, 'SA': 0.04914648295643623, 'QED': 0.014656466753529263, 'weight': 23.995196722770267, 'Novelty': 0.942615968403934}
Epoch: 53:
	Train Loss: 0.349 --- Reconstruction Loss: 0.339 --- KL Loss: 22.083 --- Beta: 0.000447
	Validity: 0.52% --- Uniquene@1000: 0.98% --- Unique@10000: 0.87%

{'valid': 0.5487666666666666, 'unique@1000': 0.976, 'unique@10000': 0.8772, 'FCD/Test': 13.839951306227135, 'SNN/Test': 0.5360438256355188, 'Frag/Test': 0.9244293520289812, 'Scaf/Test': 0.25787500785795703, 'FCD/TestSF': 14.4243755766515, 'SNN/TestSF': 0.4850501312475944, 'Frag/TestSF': 0.9176175081428399, 'Scaf/TestSF': 0.03738106412714093, 'IntDiv': 0.8460417043755208, 'IntDiv2': 0.8361644542918476, 'Filters': 0.9510417299398651, 'logP': 0.2379002627373805, 'SA': 0.009304945221180033, 'QED': 0.01584624822292642, 'weight': 22.556444862407414, 'Novelty': 0.9395257776810964}
Epoch: 54:
	Train Loss: 0.347 --- Reconstruction Loss: 0.337 --- KL Loss: 21.861 --- Beta: 0.000453
	Validity: 0.55% --- Uniquene@1000: 0.98% --- Unique@10000: 0.88%

{'valid': 0.5731999999999999, 'unique@1000': 0.981, 'unique@10000': 0.8809, 'FCD/Test': 13.820164987622043, 'SNN/Test': 0.5475176754809447, 'Frag/Test': 0.9331964291406873, 'Scaf/Test': 0.2595366053009531, 'FCD/TestSF': 14.427113941593802, 'SNN/TestSF': 0.4913931931042968, 'Frag/TestSF': 0.9275797690700156, 'Scaf/TestSF': 0.05085821805918256, 'IntDiv': 0.8399260701623137, 'IntDiv2': 0.8306395157660945, 'Filters': 0.9574319609211445, 'logP': 0.2698453545489289, 'SA': 0.07079663886517977, 'QED': 0.015188396767901936, 'weight': 24.283284525876045, 'Novelty': 0.9257007059481372}
Epoch: 55:
	Train Loss: 0.344 --- Reconstruction Loss: 0.334 --- KL Loss: 21.605 --- Beta: 0.000460
	Validity: 0.57% --- Uniquene@1000: 0.98% --- Unique@10000: 0.88%

{'valid': 0.5085, 'unique@1000': 0.979, 'unique@10000': 0.8854, 'FCD/Test': 12.950724003282374, 'SNN/Test': 0.5365168033340493, 'Frag/Test': 0.936517995524964, 'Scaf/Test': 0.2645291762769837, 'FCD/TestSF': 13.614655025150071, 'SNN/TestSF': 0.48493759564320327, 'Frag/TestSF': 0.929849454929926, 'Scaf/TestSF': 0.05311068449568501, 'IntDiv': 0.8481452745359699, 'IntDiv2': 0.8386460859112544, 'Filters': 0.9597509013438217, 'logP': 0.15283726129026162, 'SA': 0.02391915392736185, 'QED': 0.013269659517094428, 'weight': 29.407850323425066, 'Novelty': 0.9354714659283188}
Epoch: 56:
	Train Loss: 0.342 --- Reconstruction Loss: 0.332 --- KL Loss: 21.509 --- Beta: 0.000467
	Validity: 0.51% --- Uniquene@1000: 0.98% --- Unique@10000: 0.89%

{'valid': 0.6601666666666667, 'unique@1000': 0.981, 'unique@10000': 0.8888, 'FCD/Test': 13.762007657930887, 'SNN/Test': 0.5562036554226819, 'Frag/Test': 0.922517732875359, 'Scaf/Test': 0.31036456131460033, 'FCD/TestSF': 14.320600183195062, 'SNN/TestSF': 0.49987415112244665, 'Frag/TestSF': 0.9158237186765671, 'Scaf/TestSF': 0.04512914381941613, 'IntDiv': 0.8387627836309356, 'IntDiv2': 0.8293776312469425, 'Filters': 0.9601110830598334, 'logP': 0.3352586115319615, 'SA': 0.11076085024201361, 'QED': 0.016449756292412597, 'weight': 24.12826354949848, 'Novelty': 0.921435086652478}
Epoch: 57:
	Train Loss: 0.340 --- Reconstruction Loss: 0.330 --- KL Loss: 21.230 --- Beta: 0.000473
	Validity: 0.66% --- Uniquene@1000: 0.98% --- Unique@10000: 0.89%

{'valid': 0.6221333333333333, 'unique@1000': 0.992, 'unique@10000': 0.9099, 'FCD/Test': 13.261317675864412, 'SNN/Test': 0.541371584325818, 'Frag/Test': 0.9275501846037336, 'Scaf/Test': 0.3064736154673393, 'FCD/TestSF': 13.84201951355476, 'SNN/TestSF': 0.4926994357376243, 'Frag/TestSF': 0.9217276845119589, 'Scaf/TestSF': 0.05351823044281789, 'IntDiv': 0.8448695783352541, 'IntDiv2': 0.8353608325070607, 'Filters': 0.9555293613373339, 'logP': 0.24900191345135858, 'SA': 0.04525310349063753, 'QED': 0.01468677957963482, 'weight': 21.396628447333843, 'Novelty': 0.9344508381285964}
Epoch: 58:
	Train Loss: 0.337 --- Reconstruction Loss: 0.327 --- KL Loss: 21.022 --- Beta: 0.000480
	Validity: 0.62% --- Uniquene@1000: 0.99% --- Unique@10000: 0.91%

{'valid': 0.7541, 'unique@1000': 0.988, 'unique@10000': 0.9126, 'FCD/Test': 13.222646003547702, 'SNN/Test': 0.5459414759245496, 'Frag/Test': 0.9258285475950067, 'Scaf/Test': 0.2988310217860295, 'FCD/TestSF': 13.831425025203075, 'SNN/TestSF': 0.4961705716419129, 'Frag/TestSF': 0.919172101770051, 'Scaf/TestSF': 0.06383510961620953, 'IntDiv': 0.8409611507458803, 'IntDiv2': 0.8318917466514156, 'Filters': 0.9698094859214074, 'logP': 0.1673641600732317, 'SA': 0.05579513955545414, 'QED': 0.01655523926985195, 'weight': 22.574339778809616, 'Novelty': 0.9354872221067941}
Epoch: 59:
	Train Loss: 0.335 --- Reconstruction Loss: 0.325 --- KL Loss: 20.835 --- Beta: 0.000487
	Validity: 0.75% --- Uniquene@1000: 0.99% --- Unique@10000: 0.91%

{'valid': 0.6516333333333333, 'unique@1000': 0.986, 'unique@10000': 0.9226, 'FCD/Test': 13.248204601532791, 'SNN/Test': 0.5308424266412244, 'Frag/Test': 0.9035592777852912, 'Scaf/Test': 0.28205004122397015, 'FCD/TestSF': 13.883637027583532, 'SNN/TestSF': 0.480056120644226, 'Frag/TestSF': 0.8962309393834065, 'Scaf/TestSF': 0.047093199379866, 'IntDiv': 0.8474195422033522, 'IntDiv2': 0.8381971412948475, 'Filters': 0.9626067829556499, 'logP': 0.24399707843636506, 'SA': 0.027650103563781475, 'QED': 0.016459282381569296, 'weight': 20.96858140474892, 'Novelty': 0.9394276350441856}
Epoch: 60:
	Train Loss: 0.333 --- Reconstruction Loss: 0.323 --- KL Loss: 20.644 --- Beta: 0.000493
	Validity: 0.65% --- Uniquene@1000: 0.99% --- Unique@10000: 0.92%

